[2025-11-07T11:40:29.596725] [DEBUG] Timer set: 30 seconds
[2025-11-07T11:40:29.596711] [INFO] Transaction completed
[2025-11-07T11:40:29.596707] [INFO] Database query executed
[2025-11-07T11:40:29.596723] [DEBUG] Variable value: x=42
[2025-11-07T11:40:29.596722] [ERROR] Disk read failed
[2025-11-07T11:40:29.596714] [INFO] Connection established
[2025-11-07T11:40:29.596710] [INFO] Service initialized
[2025-11-07T11:40:29.596715] [INFO] Database query executed
[2025-11-07T11:40:29.596716] [INFO] Session started
[2025-11-07T11:40:29.596708] [INFO] Health check passed
[2025-11-07T11:40:29.596718] [WARN] Connection retry attempt
[2025-11-07T11:40:29.596733] [DEBUG] Connection pool status checked
[2025-11-07T11:40:29.596720] [WARN] Queue size growing
[2025-11-07T11:40:29.596732] [DEBUG] Timer set: 30 seconds
[2025-11-07T11:40:29.596721] [ERROR] Invalid input data
[2025-11-07T11:40:29.596726] [DEBUG] Timer set: 30 seconds
[2025-11-07T11:40:29.596717] [INFO] Connection established
[2025-11-07T11:40:29.596730] [DEBUG] Buffer size: 4096 bytes
[2025-11-07T11:40:29.596713] [INFO] Session started
[2025-11-07T11:40:29.596727] [DEBUG] Cache key generated
[2025-11-07T11:40:29.596701] [INFO] Transaction completed
[2025-11-07T11:40:29.596712] [INFO] Health check passed
[2025-11-07T11:40:29.596705] [INFO] Session started
[2025-11-07T11:40:29.596706] [INFO] Health check passed
[2025-11-07T11:40:29.596724] [DEBUG] Memory allocation: 2048 bytes
[2025-11-07T11:40:29.596731] [DEBUG] Timer set: 30 seconds
[2025-11-07T11:40:29.596709] [INFO] Health check passed
[2025-11-07T11:40:29.596702] [INFO] Configuration loaded
[2025-11-07T11:40:29.596719] [WARN] Timeout warning
[2025-11-07T11:40:29.596729] [DEBUG] HTTP request headers parsed
[2025-11-07T11:40:29.596703] [INFO] Session started
[2025-11-07T11:40:29.596728] [DEBUG] Variable value: x=42
