[2025-11-07T11:40:29.884335] [INFO] Database query executed
[2025-11-07T11:40:29.884346] [INFO] Configuration loaded
[2025-11-07T11:40:29.884336] [INFO] Cache hit
[2025-11-07T11:40:29.884333] [INFO] User logged in
[2025-11-07T11:40:29.884337] [INFO] Service initialized
[2025-11-07T11:40:29.884348] [WARN] Connection retry attempt
[2025-11-07T11:40:29.884354] [DEBUG] HTTP request headers parsed
[2025-11-07T11:40:29.884353] [DEBUG] Memory allocation: 2048 bytes
[2025-11-07T11:40:29.884342] [INFO] Request processed successfully
[2025-11-07T11:40:29.884330] [INFO] Request processed successfully
[2025-11-07T11:40:29.884345] [INFO] Connection established
[2025-11-07T11:40:29.884343] [INFO] Transaction completed
[2025-11-07T11:40:29.884349] [WARN] Queue size growing
[2025-11-07T11:40:29.884352] [ERROR] Database connection lost
[2025-11-07T11:40:29.884359] [DEBUG] Memory allocation: 2048 bytes
[2025-11-07T11:40:29.884355] [DEBUG] Entering function process_data()
[2025-11-07T11:40:29.884340] [INFO] Cache hit
[2025-11-07T11:40:29.884329] [INFO] Session started
[2025-11-07T11:40:29.884332] [INFO] Transaction completed
[2025-11-07T11:40:29.884347] [WARN] Disk space low
[2025-11-07T11:40:29.884331] [INFO] User logged in
[2025-11-07T11:40:29.884334] [INFO] Session started
[2025-11-07T11:40:29.884341] [INFO] Session started
[2025-11-07T11:40:29.884358] [DEBUG] Loop iteration: 15
[2025-11-07T11:40:29.884356] [DEBUG] Connection pool status checked
[2025-11-07T11:40:29.884357] [DEBUG] Memory allocation: 2048 bytes
[2025-11-07T11:40:29.884351] [WARN] Rate limit approaching
[2025-11-07T11:40:29.884339] [INFO] Cache hit
[2025-11-07T11:40:29.884344] [INFO] Configuration loaded
[2025-11-07T11:40:29.884350] [WARN] Resource threshold approaching
[2025-11-07T11:40:29.884338] [INFO] Configuration loaded
