[2025-11-07T11:40:29.504909] [ERROR] Service unavailable
[2025-11-07T11:40:29.504896] [INFO] Service initialized
[2025-11-07T11:40:29.504906] [INFO] Session started
[2025-11-07T11:40:29.504901] [INFO] Transaction completed
[2025-11-07T11:40:29.504902] [INFO] Request processed successfully
[2025-11-07T11:40:29.504885] [INFO] Cache hit
[2025-11-07T11:40:29.504915] [DEBUG] HTTP request headers parsed
[2025-11-07T11:40:29.504912] [DEBUG] Entering function process_data()
[2025-11-07T11:40:29.504903] [INFO] Request processed successfully
[2025-11-07T11:40:29.504900] [INFO] User logged in
[2025-11-07T11:40:29.504887] [INFO] Request processed successfully
[2025-11-07T11:40:29.504911] [DEBUG] Buffer size: 4096 bytes
[2025-11-07T11:40:29.504914] [DEBUG] Entering function process_data()
[2025-11-07T11:40:29.504897] [INFO] Request processed successfully
[2025-11-07T11:40:29.504899] [INFO] Service initialized
[2025-11-07T11:40:29.504913] [DEBUG] Memory allocation: 2048 bytes
[2025-11-07T11:40:29.504892] [INFO] User logged in
[2025-11-07T11:40:29.504889] [INFO] Request processed successfully
[2025-11-07T11:40:29.504893] [INFO] Session started
[2025-11-07T11:40:29.504904] [INFO] Health check passed
[2025-11-07T11:40:29.504905] [INFO] User logged in
[2025-11-07T11:40:29.504898] [INFO] Request processed successfully
[2025-11-07T11:40:29.504908] [WARN] Cache miss
[2025-11-07T11:40:29.504890] [INFO] Configuration loaded
[2025-11-07T11:40:29.504916] [DEBUG] HTTP request headers parsed
[2025-11-07T11:40:29.504894] [INFO] Transaction completed
[2025-11-07T11:40:29.504916] [DEBUG] Thread pool size: 8
[2025-11-07T11:40:29.504907] [WARN] Slow query performance
