[2025-11-07T11:40:30.347098] [DEBUG] Entering function process_data()
[2025-11-07T11:40:30.347080] [INFO] User logged in
[2025-11-07T11:40:30.347097] [ERROR] File not found
[2025-11-07T11:40:30.347090] [INFO] Health check passed
[2025-11-07T11:40:30.347096] [ERROR] Authentication failed
[2025-11-07T11:40:30.347088] [INFO] Session started
[2025-11-07T11:40:30.347079] [INFO] Cache hit
[2025-11-07T11:40:30.347093] [WARN] Deprecated API usage
[2025-11-07T11:40:30.347100] [DEBUG] Entering function process_data()
[2025-11-07T11:40:30.347104] [DEBUG] Memory allocation: 2048 bytes
[2025-11-07T11:40:30.347094] [WARN] Resource threshold approaching
[2025-11-07T11:40:30.347083] [INFO] Database query executed
[2025-11-07T11:40:30.347091] [INFO] Health check passed
[2025-11-07T11:40:30.347084] [INFO] Configuration loaded
[2025-11-07T11:40:30.347102] [DEBUG] Thread pool size: 8
[2025-11-07T11:40:30.347085] [INFO] Service initialized
[2025-11-07T11:40:30.347081] [INFO] Cache hit
[2025-11-07T11:40:30.347103] [DEBUG] Timer set: 30 seconds
[2025-11-07T11:40:30.347108] [DEBUG] Connection pool status checked
[2025-11-07T11:40:30.347101] [DEBUG] HTTP request headers parsed
[2025-11-07T11:40:30.347086] [INFO] Configuration loaded
[2025-11-07T11:40:30.347082] [INFO] Cache hit
[2025-11-07T11:40:30.347106] [DEBUG] Memory allocation: 2048 bytes
[2025-11-07T11:40:30.347105] [DEBUG] Cache key generated
[2025-11-07T11:40:30.347089] [INFO] Request processed successfully
[2025-11-07T11:40:30.347092] [WARN] Timeout warning
[2025-11-07T11:40:30.347107] [DEBUG] Buffer size: 4096 bytes
[2025-11-07T11:40:30.347099] [DEBUG] HTTP request headers parsed
[2025-11-07T11:40:30.347087] [INFO] Database query executed
