[2025-11-07T11:40:30.123241] [DEBUG] Connection pool status checked
[2025-11-07T11:40:30.123217] [INFO] Cache hit
[2025-11-07T11:40:30.123227] [INFO] Database query executed
[2025-11-07T11:40:30.123216] [INFO] Configuration loaded
[2025-11-07T11:40:30.123228] [INFO] Cache hit
[2025-11-07T11:40:30.123230] [INFO] User logged in
[2025-11-07T11:40:30.123219] [INFO] User logged in
[2025-11-07T11:40:30.123226] [INFO] Health check passed
[2025-11-07T11:40:30.123243] [DEBUG] Entering function process_data()
[2025-11-07T11:40:30.123229] [INFO] Request processed successfully
[2025-11-07T11:40:30.123231] [WARN] Connection retry attempt
[2025-11-07T11:40:30.123223] [INFO] Request processed successfully
[2025-11-07T11:40:30.123221] [INFO] Request processed successfully
[2025-11-07T11:40:30.123236] [DEBUG] Entering function process_data()
[2025-11-07T11:40:30.123220] [INFO] Database query executed
[2025-11-07T11:40:30.123225] [INFO] Cache hit
[2025-11-07T11:40:30.123235] [DEBUG] Variable value: x=42
[2025-11-07T11:40:30.123242] [DEBUG] Entering function process_data()
[2025-11-07T11:40:30.123240] [DEBUG] Memory allocation: 2048 bytes
[2025-11-07T11:40:30.123222] [INFO] Configuration loaded
[2025-11-07T11:40:30.123233] [ERROR] Network timeout
[2025-11-07T11:40:30.123236] [DEBUG] Thread pool size: 8
[2025-11-07T11:40:30.123238] [DEBUG] Loop iteration: 15
[2025-11-07T11:40:30.123239] [DEBUG] HTTP request headers parsed
[2025-11-07T11:40:30.123224] [INFO] User logged in
[2025-11-07T11:40:30.123218] [INFO] Service initialized
[2025-11-07T11:40:30.123240] [DEBUG] Thread pool size: 8
[2025-11-07T11:40:30.123232] [WARN] Slow query performance
