[2025-11-07T11:40:29.941657] [DEBUG] Connection pool status checked
[2025-11-07T11:40:29.941643] [WARN] Resource threshold approaching
[2025-11-07T11:40:29.941640] [INFO] Request processed successfully
[2025-11-07T11:40:29.941639] [INFO] Transaction completed
[2025-11-07T11:40:29.941637] [INFO] Request processed successfully
[2025-11-07T11:40:29.941645] [WARN] Disk space low
[2025-11-07T11:40:29.941647] [ERROR] Invalid input data
[2025-11-07T11:40:29.941651] [DEBUG] Connection pool status checked
[2025-11-07T11:40:29.941659] [DEBUG] Connection pool status checked
[2025-11-07T11:40:29.941635] [INFO] User logged in
[2025-11-07T11:40:29.941627] [INFO] Configuration loaded
[2025-11-07T11:40:29.941652] [DEBUG] Memory allocation: 2048 bytes
[2025-11-07T11:40:29.941638] [INFO] Service initialized
[2025-11-07T11:40:29.941642] [WARN] High memory usage detected
[2025-11-07T11:40:29.941630] [INFO] Service initialized
[2025-11-07T11:40:29.941633] [INFO] Service initialized
[2025-11-07T11:40:29.941628] [INFO] Request processed successfully
[2025-11-07T11:40:29.941653] [DEBUG] Entering function process_data()
[2025-11-07T11:40:29.941649] [DEBUG] Connection pool status checked
[2025-11-07T11:40:29.941629] [INFO] Database query executed
[2025-11-07T11:40:29.941636] [INFO] Service initialized
[2025-11-07T11:40:29.941632] [INFO] User logged in
[2025-11-07T11:40:29.941648] [ERROR] Memory allocation error
[2025-11-07T11:40:29.941655] [DEBUG] Thread pool size: 8
[2025-11-07T11:40:29.941656] [DEBUG] Cache key generated
[2025-11-07T11:40:29.941650] [DEBUG] Variable value: x=42
[2025-11-07T11:40:29.941641] [INFO] Transaction completed
[2025-11-07T11:40:29.941634] [INFO] Health check passed
[2025-11-07T11:40:29.941658] [DEBUG] Memory allocation: 2048 bytes
[2025-11-07T11:40:29.941640] [INFO] Transaction completed
[2025-11-07T11:40:29.941644] [WARN] Timeout warning
[2025-11-07T11:40:29.941654] [DEBUG] Buffer size: 4096 bytes
