[2025-11-07T11:40:29.522526] [WARN] Slow query performance
[2025-11-07T11:40:29.522527] [WARN] High memory usage detected
[2025-11-07T11:40:29.522515] [INFO] Connection established
[2025-11-07T11:40:29.522520] [INFO] Cache hit
[2025-11-07T11:40:29.522511] [INFO] Request processed successfully
[2025-11-07T11:40:29.522517] [INFO] Connection established
[2025-11-07T11:40:29.522533] [DEBUG] Entering function process_data()
[2025-11-07T11:40:29.522516] [INFO] Connection established
[2025-11-07T11:40:29.522536] [DEBUG] Loop iteration: 15
[2025-11-07T11:40:29.522537] [DEBUG] Entering function process_data()
[2025-11-07T11:40:29.522509] [INFO] Database query executed
[2025-11-07T11:40:29.522514] [INFO] Transaction completed
[2025-11-07T11:40:29.522518] [INFO] Request processed successfully
[2025-11-07T11:40:29.522524] [INFO] Database query executed
[2025-11-07T11:40:29.522534] [DEBUG] Timer set: 30 seconds
[2025-11-07T11:40:29.522521] [INFO] Request processed successfully
[2025-11-07T11:40:29.522529] [ERROR] Disk read failed
[2025-11-07T11:40:29.522530] [DEBUG] Connection pool status checked
[2025-11-07T11:40:29.522522] [INFO] Cache hit
[2025-11-07T11:40:29.522528] [WARN] Timeout warning
[2025-11-07T11:40:29.522523] [INFO] Request processed successfully
[2025-11-07T11:40:29.522519] [INFO] Service initialized
[2025-11-07T11:40:29.522513] [INFO] Service initialized
[2025-11-07T11:40:29.522535] [DEBUG] Cache key generated
[2025-11-07T11:40:29.522525] [WARN] Queue size growing
[2025-11-07T11:40:29.522532] [DEBUG] Entering function process_data()
[2025-11-07T11:40:29.522512] [INFO] Session started
[2025-11-07T11:40:29.522531] [DEBUG] Loop iteration: 15
[2025-11-07T11:40:29.522538] [DEBUG] Entering function process_data()
