[2025-11-07T11:40:29.944869] [INFO] Configuration loaded
[2025-11-07T11:40:29.944866] [INFO] Connection established
[2025-11-07T11:40:29.944864] [INFO] Service initialized
[2025-11-07T11:40:29.944858] [INFO] Connection established
[2025-11-07T11:40:29.944873] [INFO] Transaction completed
[2025-11-07T11:40:29.944877] [WARN] Slow query performance
[2025-11-07T11:40:29.944873] [INFO] Transaction completed
[2025-11-07T11:40:29.944879] [WARN] Cache miss
[2025-11-07T11:40:29.944881] [ERROR] Invalid input data
[2025-11-07T11:40:29.944890] [DEBUG] Cache key generated
[2025-11-07T11:40:29.944879] [WARN] Slow query performance
[2025-11-07T11:40:29.944885] [DEBUG] Thread pool size: 8
[2025-11-07T11:40:29.944870] [INFO] User logged in
[2025-11-07T11:40:29.944871] [INFO] User logged in
[2025-11-07T11:40:29.944867] [INFO] Connection established
[2025-11-07T11:40:29.944872] [INFO] Configuration loaded
[2025-11-07T11:40:29.944878] [WARN] Rate limit approaching
[2025-11-07T11:40:29.944868] [INFO] Health check passed
[2025-11-07T11:40:29.944863] [INFO] Health check passed
[2025-11-07T11:40:29.944865] [INFO] Health check passed
[2025-11-07T11:40:29.944860] [INFO] User logged in
[2025-11-07T11:40:29.944887] [DEBUG] Variable value: x=42
[2025-11-07T11:40:29.944886] [DEBUG] Thread pool size: 8
[2025-11-07T11:40:29.944889] [DEBUG] Timer set: 30 seconds
[2025-11-07T11:40:29.944862] [INFO] Request processed successfully
[2025-11-07T11:40:29.944861] [INFO] Configuration loaded
[2025-11-07T11:40:29.944884] [DEBUG] Thread pool size: 8
[2025-11-07T11:40:29.944883] [DEBUG] HTTP request headers parsed
[2025-11-07T11:40:29.944888] [DEBUG] Buffer size: 4096 bytes
[2025-11-07T11:40:29.944876] [WARN] Queue size growing
[2025-11-07T11:40:29.944882] [DEBUG] Entering function process_data()
[2025-11-07T11:40:29.944874] [INFO] Request processed successfully
