[2025-11-07T11:40:29.826379] [DEBUG] Thread pool size: 8
[2025-11-07T11:40:29.826362] [INFO] Connection established
[2025-11-07T11:40:29.826375] [ERROR] Request failed
[2025-11-07T11:40:29.826376] [ERROR] Database connection lost
[2025-11-07T11:40:29.826358] [INFO] User logged in
[2025-11-07T11:40:29.826361] [INFO] User logged in
[2025-11-07T11:40:29.826359] [INFO] Health check passed
[2025-11-07T11:40:29.826360] [INFO] Health check passed
[2025-11-07T11:40:29.826377] [DEBUG] Connection pool status checked
[2025-11-07T11:40:29.826373] [WARN] Timeout warning
[2025-11-07T11:40:29.826374] [ERROR] Request failed
[2025-11-07T11:40:29.826369] [INFO] Configuration loaded
[2025-11-07T11:40:29.826368] [INFO] Request processed successfully
[2025-11-07T11:40:29.826380] [DEBUG] Variable value: x=42
[2025-11-07T11:40:29.826381] [DEBUG] HTTP request headers parsed
[2025-11-07T11:40:29.826372] [WARN] Deprecated API usage
[2025-11-07T11:40:29.826365] [INFO] Request processed successfully
[2025-11-07T11:40:29.826383] [DEBUG] Timer set: 30 seconds
[2025-11-07T11:40:29.826382] [DEBUG] Loop iteration: 15
[2025-11-07T11:40:29.826366] [INFO] Configuration loaded
[2025-11-07T11:40:29.826363] [INFO] Health check passed
[2025-11-07T11:40:29.826371] [WARN] Connection retry attempt
[2025-11-07T11:40:29.826364] [INFO] User logged in
[2025-11-07T11:40:29.826357] [INFO] Health check passed
[2025-11-07T11:40:29.826378] [DEBUG] Entering function process_data()
[2025-11-07T11:40:29.826370] [WARN] High memory usage detected
[2025-11-07T11:40:29.826367] [INFO] Connection established
