[2025-11-07T11:40:29.614261] [INFO] Request processed successfully
[2025-11-07T11:40:29.614268] [INFO] Health check passed
[2025-11-07T11:40:29.614267] [INFO] Database query executed
[2025-11-07T11:40:29.614289] [DEBUG] HTTP request headers parsed
[2025-11-07T11:40:29.614288] [DEBUG] Thread pool size: 8
[2025-11-07T11:40:29.614276] [WARN] Cache miss
[2025-11-07T11:40:29.614258] [INFO] Connection established
[2025-11-07T11:40:29.614259] [INFO] Service initialized
[2025-11-07T11:40:29.614266] [INFO] Request processed successfully
[2025-11-07T11:40:29.614260] [INFO] User logged in
[2025-11-07T11:40:29.614263] [INFO] Health check passed
[2025-11-07T11:40:29.614290] [DEBUG] HTTP request headers parsed
[2025-11-07T11:40:29.614275] [WARN] Deprecated API usage
[2025-11-07T11:40:29.614292] [DEBUG] Cache key generated
[2025-11-07T11:40:29.614293] [DEBUG] Timer set: 30 seconds
[2025-11-07T11:40:29.614290] [DEBUG] Entering function process_data()
[2025-11-07T11:40:29.614269] [INFO] Transaction completed
[2025-11-07T11:40:29.614262] [INFO] Transaction completed
[2025-11-07T11:40:29.614274] [WARN] Disk space low
[2025-11-07T11:40:29.614279] [WARN] Connection retry attempt
[2025-11-07T11:40:29.614278] [WARN] Cache miss
[2025-11-07T11:40:29.614272] [WARN] Slow query performance
[2025-11-07T11:40:29.614277] [WARN] Deprecated API usage
[2025-11-07T11:40:29.614265] [INFO] Transaction completed
[2025-11-07T11:40:29.614264] [INFO] Database query executed
[2025-11-07T11:40:29.614286] [DEBUG] Loop iteration: 15
[2025-11-07T11:40:29.614293] [DEBUG] Timer set: 30 seconds
[2025-11-07T11:40:29.614256] [INFO] Configuration loaded
[2025-11-07T11:40:29.614271] [INFO] User logged in
[2025-11-07T11:40:29.614280] [ERROR] Request failed
[2025-11-07T11:40:29.614284] [DEBUG] Connection pool status checked
[2025-11-07T11:40:29.614282] [ERROR] Service unavailable
[2025-11-07T11:40:29.614270] [INFO] Cache hit
[2025-11-07T11:40:29.614273] [WARN] Deprecated API usage
[2025-11-07T11:40:29.614287] [DEBUG] Connection pool status checked
[2025-11-07T11:40:29.614281] [ERROR] Service unavailable
[2025-11-07T11:40:29.614285] [DEBUG] Thread pool size: 8
