[2025-11-07T11:40:29.689372] [INFO] Connection established
[2025-11-07T11:40:29.689373] [INFO] Configuration loaded
[2025-11-07T11:40:29.689375] [INFO] Transaction completed
[2025-11-07T11:40:29.689385] [ERROR] Invalid input data
[2025-11-07T11:40:29.689387] [DEBUG] Timer set: 30 seconds
[2025-11-07T11:40:29.689383] [WARN] Slow query performance
[2025-11-07T11:40:29.689367] [INFO] User logged in
[2025-11-07T11:40:29.689388] [DEBUG] Thread pool size: 8
[2025-11-07T11:40:29.689390] [DEBUG] Loop iteration: 15
[2025-11-07T11:40:29.689379] [INFO] User logged in
[2025-11-07T11:40:29.689376] [INFO] Service initialized
[2025-11-07T11:40:29.689392] [DEBUG] Timer set: 30 seconds
[2025-11-07T11:40:29.689369] [INFO] User logged in
[2025-11-07T11:40:29.689365] [INFO] Service initialized
[2025-11-07T11:40:29.689368] [INFO] Health check passed
[2025-11-07T11:40:29.689366] [INFO] Configuration loaded
[2025-11-07T11:40:29.689380] [WARN] High memory usage detected
[2025-11-07T11:40:29.689374] [INFO] Connection established
[2025-11-07T11:40:29.689378] [INFO] Database query executed
[2025-11-07T11:40:29.689381] [WARN] Resource threshold approaching
[2025-11-07T11:40:29.689382] [WARN] Connection retry attempt
[2025-11-07T11:40:29.689371] [INFO] Connection established
[2025-11-07T11:40:29.689377] [INFO] Database query executed
[2025-11-07T11:40:29.689386] [ERROR] Permission denied
[2025-11-07T11:40:29.689363] [INFO] Database query executed
[2025-11-07T11:40:29.689391] [DEBUG] Entering function process_data()
[2025-11-07T11:40:29.689384] [WARN] Queue size growing
[2025-11-07T11:40:29.689389] [DEBUG] Connection pool status checked
[2025-11-07T11:40:29.689370] [INFO] Configuration loaded
