[2025-11-07T11:40:29.898914] [INFO] Configuration loaded
[2025-11-07T11:40:29.898926] [WARN] Connection retry attempt
[2025-11-07T11:40:29.898912] [INFO] Session started
[2025-11-07T11:40:29.898911] [INFO] Transaction completed
[2025-11-07T11:40:29.898922] [INFO] Database query executed
[2025-11-07T11:40:29.898928] [ERROR] Database connection lost
[2025-11-07T11:40:29.898937] [DEBUG] Variable value: x=42
[2025-11-07T11:40:29.898913] [INFO] Health check passed
[2025-11-07T11:40:29.898931] [DEBUG] Thread pool size: 8
[2025-11-07T11:40:29.898919] [INFO] Database query executed
[2025-11-07T11:40:29.898930] [DEBUG] Buffer size: 4096 bytes
[2025-11-07T11:40:29.898917] [INFO] Transaction completed
[2025-11-07T11:40:29.898915] [INFO] Request processed successfully
[2025-11-07T11:40:29.898933] [DEBUG] Variable value: x=42
[2025-11-07T11:40:29.898925] [WARN] Resource threshold approaching
[2025-11-07T11:40:29.898932] [DEBUG] Entering function process_data()
[2025-11-07T11:40:29.898917] [INFO] Service initialized
[2025-11-07T11:40:29.898916] [INFO] Health check passed
[2025-11-07T11:40:29.898918] [INFO] Session started
[2025-11-07T11:40:29.898936] [DEBUG] Variable value: x=42
[2025-11-07T11:40:29.898921] [INFO] Request processed successfully
[2025-11-07T11:40:29.898927] [ERROR] Invalid input data
[2025-11-07T11:40:29.898923] [INFO] Configuration loaded
[2025-11-07T11:40:29.898909] [INFO] Configuration loaded
[2025-11-07T11:40:29.898920] [INFO] Request processed successfully
[2025-11-07T11:40:29.898924] [WARN] Slow query performance
[2025-11-07T11:40:29.898929] [DEBUG] HTTP request headers parsed
[2025-11-07T11:40:29.898934] [DEBUG] Cache key generated
[2025-11-07T11:40:29.898935] [DEBUG] Buffer size: 4096 bytes
