[2025-11-07T11:40:29.938562] [DEBUG] HTTP request headers parsed
[2025-11-07T11:40:29.938538] [INFO] Health check passed
[2025-11-07T11:40:29.938541] [INFO] Connection established
[2025-11-07T11:40:29.938548] [WARN] Resource threshold approaching
[2025-11-07T11:40:29.938560] [DEBUG] Variable value: x=42
[2025-11-07T11:40:29.938559] [DEBUG] Memory allocation: 2048 bytes
[2025-11-07T11:40:29.938551] [ERROR] Invalid input data
[2025-11-07T11:40:29.938530] [INFO] Transaction completed
[2025-11-07T11:40:29.938550] [ERROR] Disk read failed
[2025-11-07T11:40:29.938536] [INFO] Service initialized
[2025-11-07T11:40:29.938554] [DEBUG] Entering function process_data()
[2025-11-07T11:40:29.938547] [WARN] Rate limit approaching
[2025-11-07T11:40:29.938553] [DEBUG] Thread pool size: 8
[2025-11-07T11:40:29.938542] [INFO] User logged in
[2025-11-07T11:40:29.938555] [DEBUG] HTTP request headers parsed
[2025-11-07T11:40:29.938539] [INFO] Session started
[2025-11-07T11:40:29.938532] [INFO] Request processed successfully
[2025-11-07T11:40:29.938543] [INFO] Transaction completed
[2025-11-07T11:40:29.938552] [DEBUG] Cache key generated
[2025-11-07T11:40:29.938561] [DEBUG] Connection pool status checked
[2025-11-07T11:40:29.938557] [DEBUG] Entering function process_data()
[2025-11-07T11:40:29.938549] [WARN] Slow query performance
[2025-11-07T11:40:29.938534] [INFO] Cache hit
[2025-11-07T11:40:29.938556] [DEBUG] Entering function process_data()
[2025-11-07T11:40:29.938544] [INFO] Transaction completed
[2025-11-07T11:40:29.938531] [INFO] Configuration loaded
[2025-11-07T11:40:29.938528] [INFO] User logged in
[2025-11-07T11:40:29.938540] [INFO] Cache hit
[2025-11-07T11:40:29.938546] [WARN] Cache miss
[2025-11-07T11:40:29.938558] [DEBUG] Memory allocation: 2048 bytes
[2025-11-07T11:40:29.938545] [WARN] Timeout warning
[2025-11-07T11:40:29.938537] [INFO] Session started
[2025-11-07T11:40:29.938533] [INFO] Transaction completed
[2025-11-07T11:40:29.938535] [INFO] Database query executed
