[2025-11-07T11:40:30.346089] [INFO] Service initialized
[2025-11-07T11:40:30.346114] [DEBUG] Connection pool status checked
[2025-11-07T11:40:30.346105] [WARN] Cache miss
[2025-11-07T11:40:30.346091] [INFO] Transaction completed
[2025-11-07T11:40:30.346116] [DEBUG] Connection pool status checked
[2025-11-07T11:40:30.346093] [INFO] Request processed successfully
[2025-11-07T11:40:30.346086] [INFO] Health check passed
[2025-11-07T11:40:30.346108] [ERROR] Service unavailable
[2025-11-07T11:40:30.346101] [INFO] Database query executed
[2025-11-07T11:40:30.346104] [WARN] Slow query performance
[2025-11-07T11:40:30.346102] [INFO] Connection established
[2025-11-07T11:40:30.346113] [DEBUG] Connection pool status checked
[2025-11-07T11:40:30.346095] [INFO] Cache hit
[2025-11-07T11:40:30.346098] [INFO] Health check passed
[2025-11-07T11:40:30.346094] [INFO] Request processed successfully
[2025-11-07T11:40:30.346088] [INFO] Connection established
[2025-11-07T11:40:30.346090] [INFO] Transaction completed
[2025-11-07T11:40:30.346112] [DEBUG] Variable value: x=42
[2025-11-07T11:40:30.346096] [INFO] User logged in
[2025-11-07T11:40:30.346097] [INFO] Transaction completed
[2025-11-07T11:40:30.346106] [WARN] Connection retry attempt
[2025-11-07T11:40:30.346103] [WARN] Disk space low
[2025-11-07T11:40:30.346117] [DEBUG] Loop iteration: 15
[2025-11-07T11:40:30.346115] [DEBUG] Loop iteration: 15
[2025-11-07T11:40:30.346111] [DEBUG] Thread pool size: 8
[2025-11-07T11:40:30.346100] [INFO] Cache hit
[2025-11-07T11:40:30.346109] [DEBUG] Memory allocation: 2048 bytes
[2025-11-07T11:40:30.346092] [INFO] User logged in
[2025-11-07T11:40:30.346110] [DEBUG] Variable value: x=42
[2025-11-07T11:40:30.346099] [INFO] Database query executed
[2025-11-07T11:40:30.346107] [WARN] Cache miss
