[2025-11-07T11:40:29.807475] [INFO] Session started
[2025-11-07T11:40:29.807488] [ERROR] Disk read failed
[2025-11-07T11:40:29.807476] [INFO] Service initialized
[2025-11-07T11:40:29.807482] [INFO] Health check passed
[2025-11-07T11:40:29.807490] [DEBUG] Loop iteration: 15
[2025-11-07T11:40:29.807483] [INFO] Service initialized
[2025-11-07T11:40:29.807493] [DEBUG] Buffer size: 4096 bytes
[2025-11-07T11:40:29.807487] [WARN] Resource threshold approaching
[2025-11-07T11:40:29.807477] [INFO] Transaction completed
[2025-11-07T11:40:29.807469] [INFO] Transaction completed
[2025-11-07T11:40:29.807472] [INFO] Request processed successfully
[2025-11-07T11:40:29.807481] [INFO] Session started
[2025-11-07T11:40:29.807471] [INFO] Health check passed
[2025-11-07T11:40:29.807495] [DEBUG] Entering function process_data()
[2025-11-07T11:40:29.807491] [DEBUG] HTTP request headers parsed
[2025-11-07T11:40:29.807480] [INFO] Request processed successfully
[2025-11-07T11:40:29.807473] [INFO] Health check passed
[2025-11-07T11:40:29.807479] [INFO] Configuration loaded
[2025-11-07T11:40:29.807470] [INFO] Cache hit
[2025-11-07T11:40:29.807478] [INFO] Request processed successfully
[2025-11-07T11:40:29.807485] [WARN] Cache miss
[2025-11-07T11:40:29.807492] [DEBUG] Variable value: x=42
[2025-11-07T11:40:29.807494] [DEBUG] Connection pool status checked
[2025-11-07T11:40:29.807489] [ERROR] File not found
[2025-11-07T11:40:29.807484] [WARN] Deprecated API usage
[2025-11-07T11:40:29.807474] [INFO] Request processed successfully
[2025-11-07T11:40:29.807486] [WARN] Cache miss
