[2025-11-07T11:40:30.078570] [WARN] Rate limit approaching
[2025-11-07T11:40:30.078560] [INFO] User logged in
[2025-11-07T11:40:30.078568] [WARN] Disk space low
[2025-11-07T11:40:30.078582] [DEBUG] Connection pool status checked
[2025-11-07T11:40:30.078571] [WARN] Timeout warning
[2025-11-07T11:40:30.078558] [INFO] Session started
[2025-11-07T11:40:30.078565] [INFO] Health check passed
[2025-11-07T11:40:30.078579] [DEBUG] Buffer size: 4096 bytes
[2025-11-07T11:40:30.078552] [INFO] Request processed successfully
[2025-11-07T11:40:30.078555] [INFO] Health check passed
[2025-11-07T11:40:30.078554] [INFO] Cache hit
[2025-11-07T11:40:30.078575] [DEBUG] Thread pool size: 8
[2025-11-07T11:40:30.078581] [DEBUG] Loop iteration: 15
[2025-11-07T11:40:30.078564] [INFO] Configuration loaded
[2025-11-07T11:40:30.078566] [WARN] Resource threshold approaching
[2025-11-07T11:40:30.078553] [INFO] Transaction completed
[2025-11-07T11:40:30.078573] [ERROR] Request failed
[2025-11-07T11:40:30.078556] [INFO] Transaction completed
[2025-11-07T11:40:30.078574] [DEBUG] Timer set: 30 seconds
[2025-11-07T11:40:30.078561] [INFO] User logged in
[2025-11-07T11:40:30.078569] [WARN] Rate limit approaching
[2025-11-07T11:40:30.078572] [WARN] High memory usage detected
[2025-11-07T11:40:30.078562] [INFO] Database query executed
[2025-11-07T11:40:30.078567] [WARN] Slow query performance
[2025-11-07T11:40:30.078580] [DEBUG] HTTP request headers parsed
[2025-11-07T11:40:30.078577] [DEBUG] Variable value: x=42
[2025-11-07T11:40:30.078563] [INFO] Database query executed
[2025-11-07T11:40:30.078578] [DEBUG] Memory allocation: 2048 bytes
[2025-11-07T11:40:30.078580] [DEBUG] Entering function process_data()
[2025-11-07T11:40:30.078557] [INFO] Connection established
[2025-11-07T11:40:30.078559] [INFO] Request processed successfully
[2025-11-07T11:40:30.078563] [INFO] User logged in
