[2025-11-07T11:40:30.355107] [DEBUG] Cache key generated
[2025-11-07T11:40:30.355098] [WARN] Resource threshold approaching
[2025-11-07T11:40:30.355111] [DEBUG] Loop iteration: 15
[2025-11-07T11:40:30.355086] [INFO] Request processed successfully
[2025-11-07T11:40:30.355089] [INFO] Health check passed
[2025-11-07T11:40:30.355103] [DEBUG] Buffer size: 4096 bytes
[2025-11-07T11:40:30.355109] [DEBUG] Buffer size: 4096 bytes
[2025-11-07T11:40:30.355093] [INFO] Service initialized
[2025-11-07T11:40:30.355115] [DEBUG] Entering function process_data()
[2025-11-07T11:40:30.355094] [INFO] Session started
[2025-11-07T11:40:30.355101] [ERROR] Permission denied
[2025-11-07T11:40:30.355099] [WARN] Rate limit approaching
[2025-11-07T11:40:30.355084] [INFO] Service initialized
[2025-11-07T11:40:30.355087] [INFO] Transaction completed
[2025-11-07T11:40:30.355105] [DEBUG] Thread pool size: 8
[2025-11-07T11:40:30.355090] [INFO] Configuration loaded
[2025-11-07T11:40:30.355097] [WARN] High memory usage detected
[2025-11-07T11:40:30.355091] [INFO] Request processed successfully
[2025-11-07T11:40:30.355106] [DEBUG] Entering function process_data()
[2025-11-07T11:40:30.355110] [DEBUG] Buffer size: 4096 bytes
[2025-11-07T11:40:30.355112] [DEBUG] Thread pool size: 8
[2025-11-07T11:40:30.355092] [INFO] Health check passed
[2025-11-07T11:40:30.355088] [INFO] Transaction completed
[2025-11-07T11:40:30.355113] [DEBUG] Cache key generated
[2025-11-07T11:40:30.355095] [INFO] Request processed successfully
[2025-11-07T11:40:30.355102] [ERROR] Network timeout
