[2025-11-07T11:40:29.683679] [INFO] Cache hit
[2025-11-07T11:40:29.683698] [DEBUG] Variable value: x=42
[2025-11-07T11:40:29.683699] [DEBUG] Connection pool status checked
[2025-11-07T11:40:29.683688] [WARN] High memory usage detected
[2025-11-07T11:40:29.683686] [INFO] Connection established
[2025-11-07T11:40:29.683671] [INFO] Health check passed
[2025-11-07T11:40:29.683676] [INFO] Cache hit
[2025-11-07T11:40:29.683678] [INFO] Health check passed
[2025-11-07T11:40:29.683689] [WARN] Slow query performance
[2025-11-07T11:40:29.683672] [INFO] Connection established
[2025-11-07T11:40:29.683669] [INFO] Session started
[2025-11-07T11:40:29.683691] [WARN] High memory usage detected
[2025-11-07T11:40:29.683673] [INFO] Health check passed
[2025-11-07T11:40:29.683683] [INFO] Configuration loaded
[2025-11-07T11:40:29.683675] [INFO] Request processed successfully
[2025-11-07T11:40:29.683693] [ERROR] Disk read failed
[2025-11-07T11:40:29.683701] [DEBUG] Loop iteration: 15
[2025-11-07T11:40:29.683682] [INFO] Database query executed
[2025-11-07T11:40:29.683696] [DEBUG] Cache key generated
[2025-11-07T11:40:29.683680] [INFO] Service initialized
[2025-11-07T11:40:29.683692] [ERROR] Network timeout
[2025-11-07T11:40:29.683684] [INFO] Health check passed
[2025-11-07T11:40:29.683690] [WARN] Rate limit approaching
[2025-11-07T11:40:29.683697] [DEBUG] Entering function process_data()
[2025-11-07T11:40:29.683674] [INFO] Service initialized
[2025-11-07T11:40:29.683695] [DEBUG] Loop iteration: 15
[2025-11-07T11:40:29.683700] [DEBUG] Loop iteration: 15
[2025-11-07T11:40:29.683687] [INFO] Health check passed
[2025-11-07T11:40:29.683681] [INFO] User logged in
[2025-11-07T11:40:29.683677] [INFO] Health check passed
[2025-11-07T11:40:29.683685] [INFO] User logged in
