[2025-11-07T11:40:29.727567] [INFO] Transaction completed
[2025-11-07T11:40:29.727571] [WARN] Deprecated API usage
[2025-11-07T11:40:29.727559] [INFO] User logged in
[2025-11-07T11:40:29.727562] [INFO] Session started
[2025-11-07T11:40:29.727586] [DEBUG] Loop iteration: 15
[2025-11-07T11:40:29.727558] [INFO] Configuration loaded
[2025-11-07T11:40:29.727570] [WARN] Rate limit approaching
[2025-11-07T11:40:29.727578] [ERROR] Service unavailable
[2025-11-07T11:40:29.727574] [WARN] Connection retry attempt
[2025-11-07T11:40:29.727569] [WARN] Timeout warning
[2025-11-07T11:40:29.727579] [DEBUG] Connection pool status checked
[2025-11-07T11:40:29.727585] [DEBUG] Loop iteration: 15
[2025-11-07T11:40:29.727560] [INFO] Session started
[2025-11-07T11:40:29.727561] [INFO] Session started
[2025-11-07T11:40:29.727556] [INFO] Health check passed
[2025-11-07T11:40:29.727554] [INFO] Database query executed
[2025-11-07T11:40:29.727557] [INFO] Service initialized
[2025-11-07T11:40:29.727552] [INFO] Cache hit
[2025-11-07T11:40:29.727582] [DEBUG] Variable value: x=42
[2025-11-07T11:40:29.727563] [INFO] Request processed successfully
[2025-11-07T11:40:29.727577] [ERROR] Memory allocation error
[2025-11-07T11:40:29.727576] [WARN] Queue size growing
[2025-11-07T11:40:29.727583] [DEBUG] Buffer size: 4096 bytes
[2025-11-07T11:40:29.727584] [DEBUG] Connection pool status checked
[2025-11-07T11:40:29.727581] [DEBUG] Thread pool size: 8
[2025-11-07T11:40:29.727564] [INFO] Transaction completed
[2025-11-07T11:40:29.727580] [DEBUG] Variable value: x=42
[2025-11-07T11:40:29.727587] [DEBUG] Connection pool status checked
[2025-11-07T11:40:29.727553] [INFO] Transaction completed
[2025-11-07T11:40:29.727555] [INFO] Transaction completed
[2025-11-07T11:40:29.727572] [WARN] Slow query performance
[2025-11-07T11:40:29.727573] [WARN] Cache miss
[2025-11-07T11:40:29.727565] [INFO] Configuration loaded
[2025-11-07T11:40:29.727566] [INFO] Configuration loaded
[2025-11-07T11:40:29.727575] [WARN] Timeout warning
[2025-11-07T11:40:29.727568] [WARN] Deprecated API usage
