[2025-11-07T11:40:29.604804] [INFO] Database query executed
[2025-11-07T11:40:29.604797] [INFO] Request processed successfully
[2025-11-07T11:40:29.604789] [INFO] Transaction completed
[2025-11-07T11:40:29.604801] [INFO] Transaction completed
[2025-11-07T11:40:29.604805] [WARN] Deprecated API usage
[2025-11-07T11:40:29.604807] [WARN] Slow query performance
[2025-11-07T11:40:29.604812] [DEBUG] Connection pool status checked
[2025-11-07T11:40:29.604794] [INFO] Configuration loaded
[2025-11-07T11:40:29.604796] [INFO] Cache hit
[2025-11-07T11:40:29.604810] [ERROR] Permission denied
[2025-11-07T11:40:29.604818] [DEBUG] Connection pool status checked
[2025-11-07T11:40:29.604795] [INFO] Cache hit
[2025-11-07T11:40:29.604800] [INFO] Configuration loaded
[2025-11-07T11:40:29.604816] [DEBUG] Timer set: 30 seconds
[2025-11-07T11:40:29.604813] [DEBUG] Memory allocation: 2048 bytes
[2025-11-07T11:40:29.604808] [WARN] Rate limit approaching
[2025-11-07T11:40:29.604814] [DEBUG] Variable value: x=42
[2025-11-07T11:40:29.604803] [INFO] Configuration loaded
[2025-11-07T11:40:29.604802] [INFO] Database query executed
[2025-11-07T11:40:29.604815] [DEBUG] Thread pool size: 8
[2025-11-07T11:40:29.604793] [INFO] Request processed successfully
[2025-11-07T11:40:29.604806] [WARN] Rate limit approaching
[2025-11-07T11:40:29.604791] [INFO] Service initialized
[2025-11-07T11:40:29.604790] [INFO] User logged in
[2025-11-07T11:40:29.604809] [ERROR] Service unavailable
[2025-11-07T11:40:29.604817] [DEBUG] Entering function process_data()
[2025-11-07T11:40:29.604792] [INFO] Cache hit
[2025-11-07T11:40:29.604799] [INFO] Request processed successfully
[2025-11-07T11:40:29.604811] [DEBUG] Loop iteration: 15
[2025-11-07T11:40:29.604819] [DEBUG] Entering function process_data()
[2025-11-07T11:40:29.604798] [INFO] Configuration loaded
