[2025-11-07T11:40:30.305976] [DEBUG] Connection pool status checked
[2025-11-07T11:40:30.305972] [DEBUG] Cache key generated
[2025-11-07T11:40:30.305978] [DEBUG] Cache key generated
[2025-11-07T11:40:30.305952] [INFO] Session started
[2025-11-07T11:40:30.305974] [DEBUG] Connection pool status checked
[2025-11-07T11:40:30.305953] [INFO] Configuration loaded
[2025-11-07T11:40:30.305954] [INFO] Request processed successfully
[2025-11-07T11:40:30.305975] [DEBUG] Memory allocation: 2048 bytes
[2025-11-07T11:40:30.305965] [WARN] Disk space low
[2025-11-07T11:40:30.305973] [DEBUG] Entering function process_data()
[2025-11-07T11:40:30.305963] [INFO] Request processed successfully
[2025-11-07T11:40:30.305961] [INFO] Cache hit
[2025-11-07T11:40:30.305951] [INFO] Configuration loaded
[2025-11-07T11:40:30.305958] [INFO] Connection established
[2025-11-07T11:40:30.305957] [INFO] Service initialized
[2025-11-07T11:40:30.305970] [DEBUG] Timer set: 30 seconds
[2025-11-07T11:40:30.305955] [INFO] Database query executed
[2025-11-07T11:40:30.305959] [INFO] Request processed successfully
[2025-11-07T11:40:30.305968] [WARN] Slow query performance
[2025-11-07T11:40:30.305966] [WARN] Deprecated API usage
[2025-11-07T11:40:30.305962] [INFO] Cache hit
[2025-11-07T11:40:30.305964] [INFO] Request processed successfully
[2025-11-07T11:40:30.305967] [WARN] Resource threshold approaching
[2025-11-07T11:40:30.305971] [DEBUG] Buffer size: 4096 bytes
[2025-11-07T11:40:30.305960] [INFO] Request processed successfully
[2025-11-07T11:40:30.305969] [ERROR] Request failed
[2025-11-07T11:40:30.305956] [INFO] Service initialized
[2025-11-07T11:40:30.305950] [INFO] Service initialized
[2025-11-07T11:40:30.305977] [DEBUG] Connection pool status checked
