[2025-11-07T11:40:29.304477] [INFO] Session started
[2025-11-07T11:40:29.304497] [DEBUG] Variable value: x=42
[2025-11-07T11:40:29.304496] [DEBUG] HTTP request headers parsed
[2025-11-07T11:40:29.304483] [INFO] Database query executed
[2025-11-07T11:40:29.304495] [DEBUG] Timer set: 30 seconds
[2025-11-07T11:40:29.304499] [DEBUG] Thread pool size: 8
[2025-11-07T11:40:29.304479] [INFO] Configuration loaded
[2025-11-07T11:40:29.304482] [INFO] Request processed successfully
[2025-11-07T11:40:29.304494] [DEBUG] HTTP request headers parsed
[2025-11-07T11:40:29.304490] [ERROR] Authentication failed
[2025-11-07T11:40:29.304469] [INFO] Transaction completed
[2025-11-07T11:40:29.304471] [INFO] Service initialized
[2025-11-07T11:40:29.304480] [INFO] Cache hit
[2025-11-07T11:40:29.304473] [INFO] Connection established
[2025-11-07T11:40:29.304470] [INFO] Request processed successfully
[2025-11-07T11:40:29.304476] [INFO] Session started
[2025-11-07T11:40:29.304478] [INFO] Service initialized
[2025-11-07T11:40:29.304492] [DEBUG] HTTP request headers parsed
[2025-11-07T11:40:29.304486] [WARN] Deprecated API usage
[2025-11-07T11:40:29.304488] [WARN] Timeout warning
[2025-11-07T11:40:29.304482] [INFO] Configuration loaded
[2025-11-07T11:40:29.304475] [INFO] Health check passed
[2025-11-07T11:40:29.304498] [DEBUG] Cache key generated
[2025-11-07T11:40:29.304491] [ERROR] Memory allocation error
[2025-11-07T11:40:29.304467] [INFO] User logged in
[2025-11-07T11:40:29.304481] [INFO] User logged in
[2025-11-07T11:40:29.304500] [DEBUG] Connection pool status checked
[2025-11-07T11:40:29.304493] [DEBUG] Connection pool status checked
[2025-11-07T11:40:29.304487] [WARN] Slow query performance
[2025-11-07T11:40:29.304472] [INFO] Health check passed
[2025-11-07T11:40:29.304489] [WARN] Connection retry attempt
[2025-11-07T11:40:29.304474] [INFO] Health check passed
[2025-11-07T11:40:29.304485] [WARN] Resource threshold approaching
