[2025-11-07T11:40:30.066809] [INFO] Configuration loaded
[2025-11-07T11:40:30.066799] [INFO] Connection established
[2025-11-07T11:40:30.066812] [INFO] Database query executed
[2025-11-07T11:40:30.066831] [DEBUG] Connection pool status checked
[2025-11-07T11:40:30.066816] [WARN] Resource threshold approaching
[2025-11-07T11:40:30.066814] [WARN] Connection retry attempt
[2025-11-07T11:40:30.066819] [WARN] Cache miss
[2025-11-07T11:40:30.066832] [DEBUG] Variable value: x=42
[2025-11-07T11:40:30.066810] [INFO] Configuration loaded
[2025-11-07T11:40:30.066823] [DEBUG] Cache key generated
[2025-11-07T11:40:30.066806] [INFO] Request processed successfully
[2025-11-07T11:40:30.066822] [ERROR] Disk read failed
[2025-11-07T11:40:30.066813] [WARN] Disk space low
[2025-11-07T11:40:30.066835] [DEBUG] Loop iteration: 15
[2025-11-07T11:40:30.066834] [DEBUG] Entering function process_data()
[2025-11-07T11:40:30.066808] [INFO] Transaction completed
[2025-11-07T11:40:30.066828] [DEBUG] Connection pool status checked
[2025-11-07T11:40:30.066830] [DEBUG] Timer set: 30 seconds
[2025-11-07T11:40:30.066807] [INFO] User logged in
[2025-11-07T11:40:30.066825] [DEBUG] HTTP request headers parsed
[2025-11-07T11:40:30.066817] [WARN] Queue size growing
[2025-11-07T11:40:30.066829] [DEBUG] Memory allocation: 2048 bytes
[2025-11-07T11:40:30.066815] [WARN] Connection retry attempt
[2025-11-07T11:40:30.066811] [INFO] Request processed successfully
[2025-11-07T11:40:30.066833] [DEBUG] Variable value: x=42
[2025-11-07T11:40:30.066824] [DEBUG] Thread pool size: 8
[2025-11-07T11:40:30.066802] [INFO] Connection established
[2025-11-07T11:40:30.066827] [DEBUG] Entering function process_data()
[2025-11-07T11:40:30.066818] [WARN] Resource threshold approaching
[2025-11-07T11:40:30.066801] [INFO] User logged in
[2025-11-07T11:40:30.066804] [INFO] Database query executed
[2025-11-07T11:40:30.066820] [WARN] Connection retry attempt
[2025-11-07T11:40:30.066826] [DEBUG] Buffer size: 4096 bytes
[2025-11-07T11:40:30.066800] [INFO] Configuration loaded
[2025-11-07T11:40:30.066805] [INFO] Session started
