[2025-11-07T11:40:30.140932] [WARN] High memory usage detected
[2025-11-07T11:40:30.140945] [DEBUG] Buffer size: 4096 bytes
[2025-11-07T11:40:30.140939] [DEBUG] Entering function process_data()
[2025-11-07T11:40:30.140917] [INFO] Transaction completed
[2025-11-07T11:40:30.140936] [ERROR] Authentication failed
[2025-11-07T11:40:30.140910] [INFO] Database query executed
[2025-11-07T11:40:30.140919] [INFO] Cache hit
[2025-11-07T11:40:30.140933] [WARN] Queue size growing
[2025-11-07T11:40:30.140915] [INFO] User logged in
[2025-11-07T11:40:30.140911] [INFO] Database query executed
[2025-11-07T11:40:30.140925] [INFO] Connection established
[2025-11-07T11:40:30.140926] [WARN] Resource threshold approaching
[2025-11-07T11:40:30.140909] [INFO] Connection established
[2025-11-07T11:40:30.140935] [ERROR] Network timeout
[2025-11-07T11:40:30.140922] [INFO] Connection established
[2025-11-07T11:40:30.140937] [DEBUG] HTTP request headers parsed
[2025-11-07T11:40:30.140923] [INFO] Database query executed
[2025-11-07T11:40:30.140924] [INFO] Configuration loaded
[2025-11-07T11:40:30.140934] [WARN] Slow query performance
[2025-11-07T11:40:30.140907] [INFO] Health check passed
[2025-11-07T11:40:30.140914] [INFO] User logged in
[2025-11-07T11:40:30.140940] [DEBUG] Variable value: x=42
[2025-11-07T11:40:30.140927] [WARN] Queue size growing
[2025-11-07T11:40:30.140938] [DEBUG] Cache key generated
[2025-11-07T11:40:30.140918] [INFO] Session started
[2025-11-07T11:40:30.140944] [DEBUG] Thread pool size: 8
[2025-11-07T11:40:30.140928] [WARN] Rate limit approaching
[2025-11-07T11:40:30.140942] [DEBUG] Loop iteration: 15
[2025-11-07T11:40:30.140913] [INFO] Connection established
[2025-11-07T11:40:30.140943] [DEBUG] HTTP request headers parsed
[2025-11-07T11:40:30.140921] [INFO] User logged in
[2025-11-07T11:40:30.140916] [INFO] Cache hit
[2025-11-07T11:40:30.140930] [WARN] Disk space low
[2025-11-07T11:40:30.140941] [DEBUG] Cache key generated
[2025-11-07T11:40:30.140929] [WARN] Deprecated API usage
[2025-11-07T11:40:30.140920] [INFO] Transaction completed
[2025-11-07T11:40:30.140912] [INFO] Cache hit
