[2025-11-07T11:40:29.618154] [DEBUG] Timer set: 30 seconds
[2025-11-07T11:40:29.618148] [WARN] Resource threshold approaching
[2025-11-07T11:40:29.618145] [INFO] Transaction completed
[2025-11-07T11:40:29.618151] [WARN] Deprecated API usage
[2025-11-07T11:40:29.618150] [WARN] High memory usage detected
[2025-11-07T11:40:29.618143] [INFO] User logged in
[2025-11-07T11:40:29.618155] [DEBUG] Entering function process_data()
[2025-11-07T11:40:29.618137] [INFO] User logged in
[2025-11-07T11:40:29.618157] [DEBUG] Buffer size: 4096 bytes
[2025-11-07T11:40:29.618161] [DEBUG] Variable value: x=42
[2025-11-07T11:40:29.618147] [INFO] Request processed successfully
[2025-11-07T11:40:29.618159] [DEBUG] Buffer size: 4096 bytes
[2025-11-07T11:40:29.618140] [INFO] Health check passed
[2025-11-07T11:40:29.618144] [INFO] User logged in
[2025-11-07T11:40:29.618146] [INFO] User logged in
[2025-11-07T11:40:29.618133] [INFO] Health check passed
[2025-11-07T11:40:29.618134] [INFO] Transaction completed
[2025-11-07T11:40:29.618156] [DEBUG] Cache key generated
[2025-11-07T11:40:29.618141] [INFO] Request processed successfully
[2025-11-07T11:40:29.618135] [INFO] Configuration loaded
[2025-11-07T11:40:29.618138] [INFO] Configuration loaded
[2025-11-07T11:40:29.618152] [ERROR] Network timeout
[2025-11-07T11:40:29.618139] [INFO] Cache hit
[2025-11-07T11:40:29.618160] [DEBUG] Cache key generated
[2025-11-07T11:40:29.618161] [DEBUG] Memory allocation: 2048 bytes
[2025-11-07T11:40:29.618158] [DEBUG] Timer set: 30 seconds
[2025-11-07T11:40:29.618136] [INFO] Configuration loaded
[2025-11-07T11:40:29.618149] [WARN] Queue size growing
[2025-11-07T11:40:29.618142] [INFO] Session started
