[2025-11-07T11:40:29.989348] [DEBUG] Memory allocation: 2048 bytes
[2025-11-07T11:40:29.989346] [DEBUG] HTTP request headers parsed
[2025-11-07T11:40:29.989344] [DEBUG] Loop iteration: 15
[2025-11-07T11:40:29.989323] [INFO] Health check passed
[2025-11-07T11:40:29.989328] [INFO] Configuration loaded
[2025-11-07T11:40:29.989338] [WARN] Cache miss
[2025-11-07T11:40:29.989351] [DEBUG] Cache key generated
[2025-11-07T11:40:29.989331] [INFO] Service initialized
[2025-11-07T11:40:29.989352] [DEBUG] Cache key generated
[2025-11-07T11:40:29.989350] [DEBUG] Memory allocation: 2048 bytes
[2025-11-07T11:40:29.989335] [WARN] Deprecated API usage
[2025-11-07T11:40:29.989327] [INFO] Connection established
[2025-11-07T11:40:29.989342] [ERROR] Memory allocation error
[2025-11-07T11:40:29.989330] [INFO] Service initialized
[2025-11-07T11:40:29.989334] [WARN] Connection retry attempt
[2025-11-07T11:40:29.989332] [INFO] Request processed successfully
[2025-11-07T11:40:29.989339] [WARN] Timeout warning
[2025-11-07T11:40:29.989325] [INFO] Transaction completed
[2025-11-07T11:40:29.989337] [WARN] Rate limit approaching
[2025-11-07T11:40:29.989324] [INFO] Session started
[2025-11-07T11:40:29.989329] [INFO] Request processed successfully
[2025-11-07T11:40:29.989347] [DEBUG] Buffer size: 4096 bytes
[2025-11-07T11:40:29.989333] [INFO] Transaction completed
[2025-11-07T11:40:29.989342] [ERROR] Permission denied
[2025-11-07T11:40:29.989349] [DEBUG] Cache key generated
[2025-11-07T11:40:29.989336] [WARN] High memory usage detected
[2025-11-07T11:40:29.989353] [DEBUG] Memory allocation: 2048 bytes
[2025-11-07T11:40:29.989345] [DEBUG] Memory allocation: 2048 bytes
[2025-11-07T11:40:29.989340] [WARN] Slow query performance
[2025-11-07T11:40:29.989326] [INFO] User logged in
[2025-11-07T11:40:29.989354] [DEBUG] Variable value: x=42
