[2025-11-07T11:40:29.584583] [ERROR] Authentication failed
[2025-11-07T11:40:29.584591] [DEBUG] Timer set: 30 seconds
[2025-11-07T11:40:29.584592] [DEBUG] Memory allocation: 2048 bytes
[2025-11-07T11:40:29.584584] [ERROR] Permission denied
[2025-11-07T11:40:29.584570] [INFO] Database query executed
[2025-11-07T11:40:29.584572] [INFO] Session started
[2025-11-07T11:40:29.584587] [DEBUG] Connection pool status checked
[2025-11-07T11:40:29.584590] [DEBUG] Thread pool size: 8
[2025-11-07T11:40:29.584586] [DEBUG] Cache key generated
[2025-11-07T11:40:29.584565] [INFO] Transaction completed
[2025-11-07T11:40:29.584573] [INFO] Session started
[2025-11-07T11:40:29.584579] [WARN] Cache miss
[2025-11-07T11:40:29.584578] [WARN] Cache miss
[2025-11-07T11:40:29.584567] [INFO] Request processed successfully
[2025-11-07T11:40:29.584575] [WARN] Timeout warning
[2025-11-07T11:40:29.584561] [INFO] Configuration loaded
[2025-11-07T11:40:29.584562] [INFO] Session started
[2025-11-07T11:40:29.584574] [INFO] Cache hit
[2025-11-07T11:40:29.584558] [INFO] Transaction completed
[2025-11-07T11:40:29.584589] [DEBUG] Entering function process_data()
[2025-11-07T11:40:29.584560] [INFO] Configuration loaded
[2025-11-07T11:40:29.584569] [INFO] Health check passed
[2025-11-07T11:40:29.584577] [WARN] Queue size growing
[2025-11-07T11:40:29.584581] [WARN] Rate limit approaching
[2025-11-07T11:40:29.584564] [INFO] User logged in
[2025-11-07T11:40:29.584588] [DEBUG] Timer set: 30 seconds
[2025-11-07T11:40:29.584576] [WARN] Slow query performance
[2025-11-07T11:40:29.584580] [WARN] Resource threshold approaching
[2025-11-07T11:40:29.584585] [DEBUG] Variable value: x=42
[2025-11-07T11:40:29.584582] [WARN] Resource threshold approaching
[2025-11-07T11:40:29.584563] [INFO] Request processed successfully
[2025-11-07T11:40:29.584568] [INFO] Health check passed
[2025-11-07T11:40:29.584566] [INFO] User logged in
[2025-11-07T11:40:29.584571] [INFO] Connection established
