[2025-11-07T11:40:30.261986] [WARN] Disk space low
[2025-11-07T11:40:30.261987] [WARN] Disk space low
[2025-11-07T11:40:30.261972] [INFO] Request processed successfully
[2025-11-07T11:40:30.261967] [INFO] Cache hit
[2025-11-07T11:40:30.261994] [DEBUG] Loop iteration: 15
[2025-11-07T11:40:30.262000] [DEBUG] Buffer size: 4096 bytes
[2025-11-07T11:40:30.261970] [INFO] Session started
[2025-11-07T11:40:30.261978] [INFO] Transaction completed
[2025-11-07T11:40:30.261990] [ERROR] Memory allocation error
[2025-11-07T11:40:30.261979] [INFO] Configuration loaded
[2025-11-07T11:40:30.262002] [DEBUG] Thread pool size: 8
[2025-11-07T11:40:30.262001] [DEBUG] Memory allocation: 2048 bytes
[2025-11-07T11:40:30.261974] [INFO] Health check passed
[2025-11-07T11:40:30.261969] [INFO] Configuration loaded
[2025-11-07T11:40:30.261983] [WARN] High memory usage detected
[2025-11-07T11:40:30.261976] [INFO] Database query executed
[2025-11-07T11:40:30.261999] [DEBUG] Timer set: 30 seconds
[2025-11-07T11:40:30.261997] [DEBUG] Memory allocation: 2048 bytes
[2025-11-07T11:40:30.261985] [WARN] Resource threshold approaching
[2025-11-07T11:40:30.261995] [DEBUG] Connection pool status checked
[2025-11-07T11:40:30.261973] [INFO] Service initialized
[2025-11-07T11:40:30.261976] [INFO] Service initialized
[2025-11-07T11:40:30.261998] [DEBUG] HTTP request headers parsed
[2025-11-07T11:40:30.261993] [DEBUG] Timer set: 30 seconds
[2025-11-07T11:40:30.261975] [INFO] Health check passed
[2025-11-07T11:40:30.261980] [INFO] Cache hit
[2025-11-07T11:40:30.261971] [INFO] Configuration loaded
[2025-11-07T11:40:30.261991] [DEBUG] Loop iteration: 15
[2025-11-07T11:40:30.261989] [ERROR] Database connection lost
[2025-11-07T11:40:30.261982] [INFO] Session started
