[2025-11-07T11:40:29.715546] [ERROR] Service unavailable
[2025-11-07T11:40:29.715539] [INFO] User logged in
[2025-11-07T11:40:29.715537] [INFO] User logged in
[2025-11-07T11:40:29.715548] [DEBUG] Timer set: 30 seconds
[2025-11-07T11:40:29.715549] [DEBUG] Connection pool status checked
[2025-11-07T11:40:29.715544] [WARN] Disk space low
[2025-11-07T11:40:29.715540] [INFO] Database query executed
[2025-11-07T11:40:29.715542] [WARN] Resource threshold approaching
[2025-11-07T11:40:29.715552] [DEBUG] Timer set: 30 seconds
[2025-11-07T11:40:29.715526] [INFO] Connection established
[2025-11-07T11:40:29.715527] [INFO] Configuration loaded
[2025-11-07T11:40:29.715553] [DEBUG] Buffer size: 4096 bytes
[2025-11-07T11:40:29.715536] [INFO] Health check passed
[2025-11-07T11:40:29.715530] [INFO] Health check passed
[2025-11-07T11:40:29.715543] [WARN] Slow query performance
[2025-11-07T11:40:29.715551] [DEBUG] Timer set: 30 seconds
[2025-11-07T11:40:29.715528] [INFO] Database query executed
[2025-11-07T11:40:29.715531] [INFO] User logged in
[2025-11-07T11:40:29.715547] [DEBUG] Thread pool size: 8
[2025-11-07T11:40:29.715538] [INFO] Transaction completed
[2025-11-07T11:40:29.715532] [INFO] Transaction completed
[2025-11-07T11:40:29.715541] [INFO] Health check passed
[2025-11-07T11:40:29.715552] [DEBUG] Connection pool status checked
[2025-11-07T11:40:29.715534] [INFO] Transaction completed
[2025-11-07T11:40:29.715537] [INFO] Session started
[2025-11-07T11:40:29.715550] [DEBUG] Buffer size: 4096 bytes
[2025-11-07T11:40:29.715533] [INFO] Connection established
[2025-11-07T11:40:29.715535] [INFO] User logged in
