[2025-11-07T11:40:29.821374] [DEBUG] Loop iteration: 15
[2025-11-07T11:40:29.821358] [INFO] Cache hit
[2025-11-07T11:40:29.821363] [WARN] Rate limit approaching
[2025-11-07T11:40:29.821350] [INFO] Transaction completed
[2025-11-07T11:40:29.821352] [INFO] Connection established
[2025-11-07T11:40:29.821373] [DEBUG] Loop iteration: 15
[2025-11-07T11:40:29.821364] [WARN] Queue size growing
[2025-11-07T11:40:29.821347] [INFO] Transaction completed
[2025-11-07T11:40:29.821348] [INFO] Service initialized
[2025-11-07T11:40:29.821357] [INFO] Configuration loaded
[2025-11-07T11:40:29.821359] [INFO] Connection established
[2025-11-07T11:40:29.821356] [INFO] Session started
[2025-11-07T11:40:29.821353] [INFO] Health check passed
[2025-11-07T11:40:29.821345] [INFO] Database query executed
[2025-11-07T11:40:29.821368] [ERROR] Network timeout
[2025-11-07T11:40:29.821370] [DEBUG] Connection pool status checked
[2025-11-07T11:40:29.821355] [INFO] Session started
[2025-11-07T11:40:29.821369] [DEBUG] Connection pool status checked
[2025-11-07T11:40:29.821354] [INFO] Transaction completed
[2025-11-07T11:40:29.821371] [DEBUG] Connection pool status checked
[2025-11-07T11:40:29.821366] [WARN] Queue size growing
[2025-11-07T11:40:29.821372] [DEBUG] Connection pool status checked
[2025-11-07T11:40:29.821351] [INFO] Database query executed
[2025-11-07T11:40:29.821360] [INFO] Transaction completed
[2025-11-07T11:40:29.821361] [INFO] Connection established
[2025-11-07T11:40:29.821362] [WARN] Slow query performance
[2025-11-07T11:40:29.821365] [WARN] Rate limit approaching
[2025-11-07T11:40:29.821346] [INFO] User logged in
[2025-11-07T11:40:29.821359] [INFO] Transaction completed
