[2025-11-07T11:40:29.735946] [INFO] Health check passed
[2025-11-07T11:40:29.735931] [INFO] Health check passed
[2025-11-07T11:40:29.735945] [INFO] Request processed successfully
[2025-11-07T11:40:29.735941] [INFO] Session started
[2025-11-07T11:40:29.735956] [DEBUG] Timer set: 30 seconds
[2025-11-07T11:40:29.735963] [DEBUG] HTTP request headers parsed
[2025-11-07T11:40:29.735948] [WARN] Rate limit approaching
[2025-11-07T11:40:29.735933] [INFO] Database query executed
[2025-11-07T11:40:29.735951] [WARN] Queue size growing
[2025-11-07T11:40:29.735936] [INFO] Configuration loaded
[2025-11-07T11:40:29.735951] [WARN] Timeout warning
[2025-11-07T11:40:29.735934] [INFO] Connection established
[2025-11-07T11:40:29.735950] [WARN] Slow query performance
[2025-11-07T11:40:29.735959] [DEBUG] Thread pool size: 8
[2025-11-07T11:40:29.735960] [DEBUG] Cache key generated
[2025-11-07T11:40:29.735939] [INFO] Health check passed
[2025-11-07T11:40:29.735940] [INFO] User logged in
[2025-11-07T11:40:29.735935] [INFO] Health check passed
[2025-11-07T11:40:29.735937] [INFO] Connection established
[2025-11-07T11:40:29.735961] [DEBUG] Connection pool status checked
[2025-11-07T11:40:29.735954] [ERROR] Request failed
[2025-11-07T11:40:29.735958] [DEBUG] Entering function process_data()
[2025-11-07T11:40:29.735962] [DEBUG] Thread pool size: 8
[2025-11-07T11:40:29.735943] [INFO] Service initialized
[2025-11-07T11:40:29.735944] [INFO] Cache hit
[2025-11-07T11:40:29.735957] [DEBUG] Entering function process_data()
[2025-11-07T11:40:29.735942] [INFO] Configuration loaded
[2025-11-07T11:40:29.735947] [WARN] Timeout warning
[2025-11-07T11:40:29.735953] [WARN] High memory usage detected
[2025-11-07T11:40:29.735955] [ERROR] Invalid input data
[2025-11-07T11:40:29.735938] [INFO] User logged in
