[2025-11-07T11:40:29.831269] [INFO] Database query executed
[2025-11-07T11:40:29.831294] [DEBUG] Buffer size: 4096 bytes
[2025-11-07T11:40:29.831275] [INFO] Health check passed
[2025-11-07T11:40:29.831273] [INFO] Request processed successfully
[2025-11-07T11:40:29.831291] [DEBUG] Variable value: x=42
[2025-11-07T11:40:29.831277] [INFO] Service initialized
[2025-11-07T11:40:29.831288] [DEBUG] Entering function process_data()
[2025-11-07T11:40:29.831290] [DEBUG] Connection pool status checked
[2025-11-07T11:40:29.831297] [DEBUG] HTTP request headers parsed
[2025-11-07T11:40:29.831270] [INFO] Service initialized
[2025-11-07T11:40:29.831284] [WARN] Timeout warning
[2025-11-07T11:40:29.831286] [ERROR] Network timeout
[2025-11-07T11:40:29.831292] [DEBUG] Loop iteration: 15
[2025-11-07T11:40:29.831296] [DEBUG] Variable value: x=42
[2025-11-07T11:40:29.831276] [INFO] Service initialized
[2025-11-07T11:40:29.831271] [INFO] Configuration loaded
[2025-11-07T11:40:29.831274] [INFO] User logged in
[2025-11-07T11:40:29.831295] [DEBUG] Cache key generated
[2025-11-07T11:40:29.831279] [INFO] Cache hit
[2025-11-07T11:40:29.831285] [WARN] Slow query performance
[2025-11-07T11:40:29.831272] [INFO] User logged in
[2025-11-07T11:40:29.831278] [INFO] Session started
[2025-11-07T11:40:29.831281] [INFO] Transaction completed
[2025-11-07T11:40:29.831280] [INFO] Transaction completed
[2025-11-07T11:40:29.831289] [DEBUG] Entering function process_data()
[2025-11-07T11:40:29.831293] [DEBUG] Buffer size: 4096 bytes
[2025-11-07T11:40:29.831267] [INFO] Transaction completed
[2025-11-07T11:40:29.831283] [WARN] Resource threshold approaching
[2025-11-07T11:40:29.831282] [WARN] Slow query performance
[2025-11-07T11:40:29.831287] [ERROR] Database connection lost
