[2025-11-07T11:40:29.914462] [INFO] Database query executed
[2025-11-07T11:40:29.914497] [ERROR] Authentication failed
[2025-11-07T11:40:29.914505] [DEBUG] Timer set: 30 seconds
[2025-11-07T11:40:29.914495] [ERROR] Service unavailable
[2025-11-07T11:40:29.914494] [WARN] Deprecated API usage
[2025-11-07T11:40:29.914493] [WARN] Resource threshold approaching
[2025-11-07T11:40:29.914504] [DEBUG] Cache key generated
[2025-11-07T11:40:29.914502] [DEBUG] Buffer size: 4096 bytes
[2025-11-07T11:40:29.914461] [INFO] Transaction completed
[2025-11-07T11:40:29.914489] [INFO] Service initialized
[2025-11-07T11:40:29.914500] [DEBUG] Timer set: 30 seconds
[2025-11-07T11:40:29.914460] [INFO] Transaction completed
[2025-11-07T11:40:29.914464] [INFO] Service initialized
[2025-11-07T11:40:29.914465] [INFO] User logged in
[2025-11-07T11:40:29.914488] [INFO] Health check passed
[2025-11-07T11:40:29.914492] [WARN] Deprecated API usage
[2025-11-07T11:40:29.914499] [DEBUG] HTTP request headers parsed
[2025-11-07T11:40:29.914498] [DEBUG] Cache key generated
[2025-11-07T11:40:29.914491] [WARN] Slow query performance
[2025-11-07T11:40:29.914501] [DEBUG] Thread pool size: 8
[2025-11-07T11:40:29.914503] [DEBUG] Thread pool size: 8
[2025-11-07T11:40:29.914463] [INFO] Session started
[2025-11-07T11:40:29.914506] [DEBUG] Cache key generated
[2025-11-07T11:40:29.914458] [INFO] Database query executed
