[2025-11-07T11:40:29.671053] [DEBUG] Connection pool status checked
[2025-11-07T11:40:29.671034] [INFO] Session started
[2025-11-07T11:40:29.671026] [INFO] Connection established
[2025-11-07T11:40:29.671045] [WARN] Disk space low
[2025-11-07T11:40:29.671044] [WARN] Rate limit approaching
[2025-11-07T11:40:29.671035] [INFO] Session started
[2025-11-07T11:40:29.671040] [WARN] Rate limit approaching
[2025-11-07T11:40:29.671052] [DEBUG] Memory allocation: 2048 bytes
[2025-11-07T11:40:29.671038] [INFO] Transaction completed
[2025-11-07T11:40:29.671027] [INFO] Request processed successfully
[2025-11-07T11:40:29.671030] [INFO] Configuration loaded
[2025-11-07T11:40:29.671033] [INFO] Configuration loaded
[2025-11-07T11:40:29.671056] [DEBUG] Entering function process_data()
[2025-11-07T11:40:29.671028] [INFO] Session started
[2025-11-07T11:40:29.671051] [DEBUG] HTTP request headers parsed
[2025-11-07T11:40:29.671036] [INFO] Cache hit
[2025-11-07T11:40:29.671057] [DEBUG] Timer set: 30 seconds
[2025-11-07T11:40:29.671025] [INFO] Service initialized
[2025-11-07T11:40:29.671037] [INFO] User logged in
[2025-11-07T11:40:29.671046] [WARN] Queue size growing
[2025-11-07T11:40:29.671048] [ERROR] Memory allocation error
[2025-11-07T11:40:29.671032] [INFO] Configuration loaded
[2025-11-07T11:40:29.671055] [DEBUG] Cache key generated
[2025-11-07T11:40:29.671043] [WARN] Connection retry attempt
[2025-11-07T11:40:29.671050] [ERROR] Database connection lost
[2025-11-07T11:40:29.671054] [DEBUG] Memory allocation: 2048 bytes
[2025-11-07T11:40:29.671039] [INFO] Service initialized
[2025-11-07T11:40:29.671042] [WARN] Connection retry attempt
[2025-11-07T11:40:29.671049] [ERROR] Invalid input data
[2025-11-07T11:40:29.671041] [WARN] Slow query performance
[2025-11-07T11:40:29.671047] [WARN] High memory usage detected
[2025-11-07T11:40:29.671036] [INFO] Cache hit
[2025-11-07T11:40:29.671031] [INFO] Configuration loaded
