[2025-11-07T11:40:30.047173] [INFO] Cache hit
[2025-11-07T11:40:30.047181] [DEBUG] Connection pool status checked
[2025-11-07T11:40:30.047183] [DEBUG] HTTP request headers parsed
[2025-11-07T11:40:30.047182] [DEBUG] Entering function process_data()
[2025-11-07T11:40:30.047158] [INFO] Database query executed
[2025-11-07T11:40:30.047172] [INFO] User logged in
[2025-11-07T11:40:30.047163] [INFO] User logged in
[2025-11-07T11:40:30.047160] [INFO] Health check passed
[2025-11-07T11:40:30.047165] [INFO] Health check passed
[2025-11-07T11:40:30.047179] [DEBUG] Cache key generated
[2025-11-07T11:40:30.047166] [INFO] Request processed successfully
[2025-11-07T11:40:30.047162] [INFO] Cache hit
[2025-11-07T11:40:30.047168] [INFO] Session started
[2025-11-07T11:40:30.047175] [WARN] Deprecated API usage
[2025-11-07T11:40:30.047174] [WARN] Resource threshold approaching
[2025-11-07T11:40:30.047167] [INFO] User logged in
[2025-11-07T11:40:30.047164] [INFO] Request processed successfully
[2025-11-07T11:40:30.047171] [INFO] Configuration loaded
[2025-11-07T11:40:30.047169] [INFO] Service initialized
[2025-11-07T11:40:30.047161] [INFO] Connection established
[2025-11-07T11:40:30.047177] [ERROR] Request failed
[2025-11-07T11:40:30.047176] [ERROR] Disk read failed
[2025-11-07T11:40:30.047180] [DEBUG] HTTP request headers parsed
[2025-11-07T11:40:30.047170] [INFO] Service initialized
[2025-11-07T11:40:30.047178] [DEBUG] Timer set: 30 seconds
