[2025-11-07T11:40:30.065899] [INFO] Cache hit
[2025-11-07T11:40:30.065932] [DEBUG] HTTP request headers parsed
[2025-11-07T11:40:30.065901] [INFO] Service initialized
[2025-11-07T11:40:30.065896] [INFO] Database query executed
[2025-11-07T11:40:30.065929] [DEBUG] Thread pool size: 8
[2025-11-07T11:40:30.065921] [WARN] Rate limit approaching
[2025-11-07T11:40:30.065919] [WARN] Disk space low
[2025-11-07T11:40:30.065904] [INFO] Connection established
[2025-11-07T11:40:30.065902] [INFO] Transaction completed
[2025-11-07T11:40:30.065933] [DEBUG] Connection pool status checked
[2025-11-07T11:40:30.065922] [WARN] Timeout warning
[2025-11-07T11:40:30.065934] [DEBUG] Cache key generated
[2025-11-07T11:40:30.065926] [ERROR] File not found
[2025-11-07T11:40:30.065914] [INFO] Database query executed
[2025-11-07T11:40:30.065923] [WARN] Cache miss
[2025-11-07T11:40:30.065919] [WARN] High memory usage detected
[2025-11-07T11:40:30.065935] [DEBUG] Cache key generated
[2025-11-07T11:40:30.065911] [INFO] Health check passed
[2025-11-07T11:40:30.065918] [WARN] Slow query performance
[2025-11-07T11:40:30.065906] [INFO] Configuration loaded
[2025-11-07T11:40:30.065912] [INFO] Transaction completed
[2025-11-07T11:40:30.065931] [DEBUG] Buffer size: 4096 bytes
[2025-11-07T11:40:30.065909] [INFO] Request processed successfully
[2025-11-07T11:40:30.065898] [INFO] Connection established
[2025-11-07T11:40:30.065900] [INFO] Service initialized
[2025-11-07T11:40:30.065927] [DEBUG] Thread pool size: 8
[2025-11-07T11:40:30.065903] [INFO] Health check passed
[2025-11-07T11:40:30.065916] [WARN] Rate limit approaching
[2025-11-07T11:40:30.065930] [DEBUG] Cache key generated
[2025-11-07T11:40:30.065928] [DEBUG] Timer set: 30 seconds
[2025-11-07T11:40:30.065908] [INFO] Service initialized
[2025-11-07T11:40:30.065907] [INFO] Request processed successfully
[2025-11-07T11:40:30.065920] [WARN] Resource threshold approaching
[2025-11-07T11:40:30.065924] [ERROR] File not found
[2025-11-07T11:40:30.065913] [INFO] Session started
[2025-11-07T11:40:30.065910] [INFO] Configuration loaded
[2025-11-07T11:40:30.065915] [INFO] Health check passed
[2025-11-07T11:40:30.065905] [INFO] Transaction completed
