[2025-11-07T11:40:30.180957] [INFO] Cache hit
[2025-11-07T11:40:30.180969] [ERROR] Database connection lost
[2025-11-07T11:40:30.180976] [DEBUG] Loop iteration: 15
[2025-11-07T11:40:30.180972] [DEBUG] Loop iteration: 15
[2025-11-07T11:40:30.180966] [WARN] Slow query performance
[2025-11-07T11:40:30.180979] [DEBUG] Cache key generated
[2025-11-07T11:40:30.180974] [DEBUG] Loop iteration: 15
[2025-11-07T11:40:30.180970] [ERROR] Network timeout
[2025-11-07T11:40:30.180967] [WARN] Rate limit approaching
[2025-11-07T11:40:30.180949] [INFO] Transaction completed
[2025-11-07T11:40:30.180955] [INFO] Service initialized
[2025-11-07T11:40:30.180965] [WARN] Slow query performance
[2025-11-07T11:40:30.180963] [INFO] Configuration loaded
[2025-11-07T11:40:30.180978] [DEBUG] Memory allocation: 2048 bytes
[2025-11-07T11:40:30.180961] [INFO] Configuration loaded
[2025-11-07T11:40:30.180959] [INFO] Cache hit
[2025-11-07T11:40:30.180973] [DEBUG] Memory allocation: 2048 bytes
[2025-11-07T11:40:30.180954] [INFO] Request processed successfully
[2025-11-07T11:40:30.180964] [WARN] Slow query performance
[2025-11-07T11:40:30.180951] [INFO] Connection established
[2025-11-07T11:40:30.180977] [DEBUG] Loop iteration: 15
[2025-11-07T11:40:30.180968] [WARN] Disk space low
[2025-11-07T11:40:30.180958] [INFO] Session started
[2025-11-07T11:40:30.180960] [INFO] User logged in
[2025-11-07T11:40:30.180962] [INFO] Service initialized
[2025-11-07T11:40:30.180952] [INFO] Request processed successfully
[2025-11-07T11:40:30.180975] [DEBUG] Variable value: x=42
[2025-11-07T11:40:30.180953] [INFO] User logged in
[2025-11-07T11:40:30.180956] [INFO] Health check passed
