[2025-11-07T11:40:29.479659] [DEBUG] Loop iteration: 15
[2025-11-07T11:40:29.479669] [DEBUG] Timer set: 30 seconds
[2025-11-07T11:40:29.479639] [INFO] Database query executed
[2025-11-07T11:40:29.479643] [INFO] Health check passed
[2025-11-07T11:40:29.479662] [DEBUG] HTTP request headers parsed
[2025-11-07T11:40:29.479663] [DEBUG] Memory allocation: 2048 bytes
[2025-11-07T11:40:29.479653] [WARN] Resource threshold approaching
[2025-11-07T11:40:29.479666] [DEBUG] Timer set: 30 seconds
[2025-11-07T11:40:29.479660] [DEBUG] Timer set: 30 seconds
[2025-11-07T11:40:29.479645] [INFO] Database query executed
[2025-11-07T11:40:29.479637] [INFO] Transaction completed
[2025-11-07T11:40:29.479641] [INFO] Request processed successfully
[2025-11-07T11:40:29.479640] [INFO] Session started
[2025-11-07T11:40:29.479655] [ERROR] Request failed
[2025-11-07T11:40:29.479636] [INFO] Configuration loaded
[2025-11-07T11:40:29.479665] [DEBUG] Variable value: x=42
[2025-11-07T11:40:29.479646] [INFO] Connection established
[2025-11-07T11:40:29.479650] [INFO] Cache hit
[2025-11-07T11:40:29.479638] [INFO] Transaction completed
[2025-11-07T11:40:29.479667] [DEBUG] Buffer size: 4096 bytes
[2025-11-07T11:40:29.479661] [DEBUG] Entering function process_data()
[2025-11-07T11:40:29.479647] [INFO] Connection established
[2025-11-07T11:40:29.479642] [INFO] Connection established
[2025-11-07T11:40:29.479668] [DEBUG] Connection pool status checked
[2025-11-07T11:40:29.479651] [INFO] Database query executed
[2025-11-07T11:40:29.479649] [INFO] Transaction completed
[2025-11-07T11:40:29.479664] [DEBUG] Buffer size: 4096 bytes
[2025-11-07T11:40:29.479656] [ERROR] Permission denied
[2025-11-07T11:40:29.479652] [INFO] Transaction completed
[2025-11-07T11:40:29.479657] [DEBUG] Buffer size: 4096 bytes
[2025-11-07T11:40:29.479648] [INFO] Transaction completed
[2025-11-07T11:40:29.479644] [INFO] Session started
[2025-11-07T11:40:29.479654] [WARN] Deprecated API usage
