[2025-11-07T11:40:29.345364] [INFO] Cache hit
[2025-11-07T11:40:29.345365] [INFO] Connection established
[2025-11-07T11:40:29.345362] [INFO] Configuration loaded
[2025-11-07T11:40:29.345370] [ERROR] Database connection lost
[2025-11-07T11:40:29.345351] [INFO] Transaction completed
[2025-11-07T11:40:29.345354] [INFO] User logged in
[2025-11-07T11:40:29.345372] [DEBUG] Buffer size: 4096 bytes
[2025-11-07T11:40:29.345355] [INFO] Configuration loaded
[2025-11-07T11:40:29.345361] [INFO] Database query executed
[2025-11-07T11:40:29.345366] [WARN] Disk space low
[2025-11-07T11:40:29.345380] [DEBUG] Loop iteration: 15
[2025-11-07T11:40:29.345371] [ERROR] Network timeout
[2025-11-07T11:40:29.345357] [INFO] Configuration loaded
[2025-11-07T11:40:29.345367] [WARN] Timeout warning
[2025-11-07T11:40:29.345364] [INFO] Transaction completed
[2025-11-07T11:40:29.345379] [DEBUG] Thread pool size: 8
[2025-11-07T11:40:29.345356] [INFO] Transaction completed
[2025-11-07T11:40:29.345358] [INFO] Health check passed
[2025-11-07T11:40:29.345363] [INFO] Service initialized
[2025-11-07T11:40:29.345359] [INFO] Session started
[2025-11-07T11:40:29.345375] [DEBUG] Cache key generated
[2025-11-07T11:40:29.345373] [DEBUG] HTTP request headers parsed
[2025-11-07T11:40:29.345353] [INFO] Request processed successfully
[2025-11-07T11:40:29.345374] [DEBUG] Connection pool status checked
[2025-11-07T11:40:29.345360] [INFO] Request processed successfully
[2025-11-07T11:40:29.345369] [WARN] Rate limit approaching
[2025-11-07T11:40:29.345377] [DEBUG] Loop iteration: 15
[2025-11-07T11:40:29.345376] [DEBUG] Variable value: x=42
[2025-11-07T11:40:29.345378] [DEBUG] Thread pool size: 8
