[2025-11-07T11:40:29.606798] [DEBUG] Thread pool size: 8
[2025-11-07T11:40:29.606783] [INFO] Session started
[2025-11-07T11:40:29.606788] [WARN] Rate limit approaching
[2025-11-07T11:40:29.606799] [DEBUG] Cache key generated
[2025-11-07T11:40:29.606794] [DEBUG] Timer set: 30 seconds
[2025-11-07T11:40:29.606801] [DEBUG] Buffer size: 4096 bytes
[2025-11-07T11:40:29.606781] [INFO] Request processed successfully
[2025-11-07T11:40:29.606777] [INFO] Connection established
[2025-11-07T11:40:29.606776] [INFO] Service initialized
[2025-11-07T11:40:29.606793] [ERROR] Request failed
[2025-11-07T11:40:29.606782] [INFO] Configuration loaded
[2025-11-07T11:40:29.606791] [ERROR] Memory allocation error
[2025-11-07T11:40:29.606787] [WARN] Timeout warning
[2025-11-07T11:40:29.606790] [WARN] Disk space low
[2025-11-07T11:40:29.606800] [DEBUG] Buffer size: 4096 bytes
[2025-11-07T11:40:29.606797] [DEBUG] HTTP request headers parsed
[2025-11-07T11:40:29.606789] [WARN] Cache miss
[2025-11-07T11:40:29.606784] [INFO] Connection established
[2025-11-07T11:40:29.606785] [INFO] Health check passed
[2025-11-07T11:40:29.606779] [INFO] User logged in
[2025-11-07T11:40:29.606792] [ERROR] Disk read failed
[2025-11-07T11:40:29.606786] [INFO] Session started
[2025-11-07T11:40:29.606778] [INFO] Session started
[2025-11-07T11:40:29.606795] [DEBUG] HTTP request headers parsed
