[2025-11-07T11:40:30.169703] [ERROR] Network timeout
[2025-11-07T11:40:30.169701] [WARN] Timeout warning
[2025-11-07T11:40:30.169689] [INFO] Configuration loaded
[2025-11-07T11:40:30.169688] [INFO] Transaction completed
[2025-11-07T11:40:30.169698] [INFO] Configuration loaded
[2025-11-07T11:40:30.169699] [INFO] Session started
[2025-11-07T11:40:30.169694] [INFO] Connection established
[2025-11-07T11:40:30.169690] [INFO] Health check passed
[2025-11-07T11:40:30.169704] [DEBUG] Cache key generated
[2025-11-07T11:40:30.169691] [INFO] User logged in
[2025-11-07T11:40:30.169695] [INFO] Health check passed
[2025-11-07T11:40:30.169693] [INFO] Service initialized
[2025-11-07T11:40:30.169708] [DEBUG] Loop iteration: 15
[2025-11-07T11:40:30.169705] [DEBUG] HTTP request headers parsed
[2025-11-07T11:40:30.169697] [INFO] Database query executed
[2025-11-07T11:40:30.169709] [DEBUG] Variable value: x=42
[2025-11-07T11:40:30.169710] [DEBUG] Buffer size: 4096 bytes
[2025-11-07T11:40:30.169687] [INFO] Health check passed
[2025-11-07T11:40:30.169685] [INFO] Database query executed
[2025-11-07T11:40:30.169700] [WARN] Cache miss
[2025-11-07T11:40:30.169696] [INFO] Session started
[2025-11-07T11:40:30.169702] [ERROR] File not found
[2025-11-07T11:40:30.169707] [DEBUG] Timer set: 30 seconds
[2025-11-07T11:40:30.169706] [DEBUG] Cache key generated
[2025-11-07T11:40:30.169686] [INFO] Health check passed
[2025-11-07T11:40:30.169692] [INFO] Session started
[2025-11-07T11:40:30.169711] [DEBUG] Variable value: x=42
