[2025-11-07T11:40:29.969610] [INFO] Connection established
[2025-11-07T11:40:29.969615] [WARN] High memory usage detected
[2025-11-07T11:40:29.969620] [DEBUG] Memory allocation: 2048 bytes
[2025-11-07T11:40:29.969601] [INFO] Service initialized
[2025-11-07T11:40:29.969622] [DEBUG] Loop iteration: 15
[2025-11-07T11:40:29.969625] [DEBUG] Timer set: 30 seconds
[2025-11-07T11:40:29.969627] [DEBUG] Connection pool status checked
[2025-11-07T11:40:29.969616] [WARN] Disk space low
[2025-11-07T11:40:29.969600] [INFO] Service initialized
[2025-11-07T11:40:29.969607] [INFO] Database query executed
[2025-11-07T11:40:29.969617] [WARN] Disk space low
[2025-11-07T11:40:29.969614] [INFO] User logged in
[2025-11-07T11:40:29.969605] [INFO] Configuration loaded
[2025-11-07T11:40:29.969612] [INFO] User logged in
[2025-11-07T11:40:29.969613] [INFO] Connection established
[2025-11-07T11:40:29.969628] [DEBUG] Memory allocation: 2048 bytes
[2025-11-07T11:40:29.969604] [INFO] User logged in
[2025-11-07T11:40:29.969598] [INFO] User logged in
[2025-11-07T11:40:29.969618] [ERROR] File not found
[2025-11-07T11:40:29.969602] [INFO] Health check passed
[2025-11-07T11:40:29.969611] [INFO] Cache hit
[2025-11-07T11:40:29.969624] [DEBUG] Loop iteration: 15
[2025-11-07T11:40:29.969606] [INFO] Configuration loaded
[2025-11-07T11:40:29.969609] [INFO] Database query executed
[2025-11-07T11:40:29.969626] [DEBUG] Memory allocation: 2048 bytes
[2025-11-07T11:40:29.969619] [ERROR] Network timeout
[2025-11-07T11:40:29.969621] [DEBUG] Thread pool size: 8
[2025-11-07T11:40:29.969608] [INFO] Database query executed
[2025-11-07T11:40:29.969623] [DEBUG] Timer set: 30 seconds
[2025-11-07T11:40:29.969603] [INFO] Transaction completed
