[2025-11-07T11:40:29.725770] [INFO] Connection established
[2025-11-07T11:40:29.725767] [INFO] Session started
[2025-11-07T11:40:29.725783] [WARN] Rate limit approaching
[2025-11-07T11:40:29.725773] [INFO] Connection established
[2025-11-07T11:40:29.725780] [INFO] Service initialized
[2025-11-07T11:40:29.725781] [INFO] Transaction completed
[2025-11-07T11:40:29.725778] [INFO] Configuration loaded
[2025-11-07T11:40:29.725775] [INFO] Transaction completed
[2025-11-07T11:40:29.725794] [DEBUG] Connection pool status checked
[2025-11-07T11:40:29.725787] [ERROR] Request failed
[2025-11-07T11:40:29.725779] [INFO] Connection established
[2025-11-07T11:40:29.725786] [ERROR] File not found
[2025-11-07T11:40:29.725788] [DEBUG] Cache key generated
[2025-11-07T11:40:29.725782] [INFO] Service initialized
[2025-11-07T11:40:29.725777] [INFO] Cache hit
[2025-11-07T11:40:29.725793] [DEBUG] Buffer size: 4096 bytes
[2025-11-07T11:40:29.725771] [INFO] Configuration loaded
[2025-11-07T11:40:29.725785] [ERROR] Permission denied
[2025-11-07T11:40:29.725784] [WARN] Slow query performance
[2025-11-07T11:40:29.725774] [INFO] Service initialized
[2025-11-07T11:40:29.725790] [DEBUG] Variable value: x=42
[2025-11-07T11:40:29.725796] [DEBUG] Memory allocation: 2048 bytes
[2025-11-07T11:40:29.725789] [DEBUG] Entering function process_data()
[2025-11-07T11:40:29.725795] [DEBUG] Timer set: 30 seconds
[2025-11-07T11:40:29.725772] [INFO] Transaction completed
[2025-11-07T11:40:29.725768] [INFO] Cache hit
[2025-11-07T11:40:29.725776] [INFO] User logged in
[2025-11-07T11:40:29.725792] [DEBUG] Connection pool status checked
[2025-11-07T11:40:29.725769] [INFO] Connection established
[2025-11-07T11:40:29.725791] [DEBUG] Cache key generated
