[2025-11-07T11:40:30.000037] [DEBUG] Loop iteration: 15
[2025-11-07T11:40:30.000005] [INFO] Configuration loaded
[2025-11-07T11:40:30.000026] [WARN] Cache miss
[2025-11-07T11:40:30.000015] [INFO] Health check passed
[2025-11-07T11:40:30.000016] [INFO] Configuration loaded
[2025-11-07T11:40:30.000035] [DEBUG] Variable value: x=42
[2025-11-07T11:40:30.000034] [DEBUG] Cache key generated
[2025-11-07T11:40:30.000030] [DEBUG] Memory allocation: 2048 bytes
[2025-11-07T11:40:30.000012] [INFO] User logged in
[2025-11-07T11:40:30.000024] [WARN] Queue size growing
[2025-11-07T11:40:30.000028] [ERROR] Disk read failed
[2025-11-07T11:40:30.000033] [DEBUG] Memory allocation: 2048 bytes
[2025-11-07T11:40:30.000017] [INFO] Connection established
[2025-11-07T11:40:30.000027] [ERROR] Permission denied
[2025-11-07T11:40:30.000038] [DEBUG] Memory allocation: 2048 bytes
[2025-11-07T11:40:30.000032] [DEBUG] Connection pool status checked
[2025-11-07T11:40:30.000018] [INFO] Connection established
[2025-11-07T11:40:30.000021] [INFO] Configuration loaded
[2025-11-07T11:40:30.000008] [INFO] Transaction completed
[2025-11-07T11:40:30.000011] [INFO] Configuration loaded
[2025-11-07T11:40:30.000014] [INFO] User logged in
[2025-11-07T11:40:30.000031] [DEBUG] Buffer size: 4096 bytes
[2025-11-07T11:40:30.000013] [INFO] Configuration loaded
[2025-11-07T11:40:30.000020] [INFO] Cache hit
[2025-11-07T11:40:30.000009] [INFO] Service initialized
[2025-11-07T11:40:30.000022] [WARN] Cache miss
[2025-11-07T11:40:30.000025] [WARN] Resource threshold approaching
[2025-11-07T11:40:30.000019] [INFO] Session started
[2025-11-07T11:40:30.000036] [DEBUG] Variable value: x=42
