[2025-11-07T11:40:30.196669] [INFO] Request processed successfully
[2025-11-07T11:40:30.196676] [WARN] Deprecated API usage
[2025-11-07T11:40:30.196688] [DEBUG] Timer set: 30 seconds
[2025-11-07T11:40:30.196677] [WARN] Resource threshold approaching
[2025-11-07T11:40:30.196690] [DEBUG] Cache key generated
[2025-11-07T11:40:30.196659] [INFO] User logged in
[2025-11-07T11:40:30.196689] [DEBUG] Memory allocation: 2048 bytes
[2025-11-07T11:40:30.196664] [INFO] Request processed successfully
[2025-11-07T11:40:30.196662] [INFO] Database query executed
[2025-11-07T11:40:30.196667] [INFO] Request processed successfully
[2025-11-07T11:40:30.196665] [INFO] Service initialized
[2025-11-07T11:40:30.196682] [DEBUG] Entering function process_data()
[2025-11-07T11:40:30.196670] [INFO] Configuration loaded
[2025-11-07T11:40:30.196679] [ERROR] Network timeout
[2025-11-07T11:40:30.196674] [INFO] Session started
[2025-11-07T11:40:30.196684] [DEBUG] Connection pool status checked
[2025-11-07T11:40:30.196681] [DEBUG] HTTP request headers parsed
[2025-11-07T11:40:30.196685] [DEBUG] Memory allocation: 2048 bytes
[2025-11-07T11:40:30.196691] [DEBUG] Variable value: x=42
[2025-11-07T11:40:30.196668] [INFO] User logged in
[2025-11-07T11:40:30.196663] [INFO] Cache hit
[2025-11-07T11:40:30.196686] [DEBUG] Loop iteration: 15
[2025-11-07T11:40:30.196660] [INFO] Database query executed
[2025-11-07T11:40:30.196673] [INFO] Connection established
[2025-11-07T11:40:30.196680] [DEBUG] Connection pool status checked
[2025-11-07T11:40:30.196656] [INFO] Connection established
[2025-11-07T11:40:30.196661] [INFO] Session started
[2025-11-07T11:40:30.196675] [WARN] Cache miss
[2025-11-07T11:40:30.196666] [INFO] User logged in
[2025-11-07T11:40:30.196658] [INFO] Database query executed
[2025-11-07T11:40:30.196671] [INFO] Transaction completed
[2025-11-07T11:40:30.196687] [DEBUG] Variable value: x=42
[2025-11-07T11:40:30.196657] [INFO] Connection established
[2025-11-07T11:40:30.196683] [DEBUG] Entering function process_data()
[2025-11-07T11:40:30.196678] [WARN] Cache miss
[2025-11-07T11:40:30.196672] [INFO] Connection established
