[2025-11-07T11:40:29.718538] [INFO] User logged in
[2025-11-07T11:40:29.718541] [INFO] Request processed successfully
[2025-11-07T11:40:29.718532] [INFO] User logged in
[2025-11-07T11:40:29.718535] [INFO] Transaction completed
[2025-11-07T11:40:29.718546] [WARN] Rate limit approaching
[2025-11-07T11:40:29.718549] [ERROR] File not found
[2025-11-07T11:40:29.718555] [DEBUG] Buffer size: 4096 bytes
[2025-11-07T11:40:29.718547] [WARN] Deprecated API usage
[2025-11-07T11:40:29.718542] [INFO] Service initialized
[2025-11-07T11:40:29.718557] [DEBUG] Thread pool size: 8
[2025-11-07T11:40:29.718536] [INFO] Request processed successfully
[2025-11-07T11:40:29.718534] [INFO] Request processed successfully
[2025-11-07T11:40:29.718548] [ERROR] Service unavailable
[2025-11-07T11:40:29.718529] [INFO] Connection established
[2025-11-07T11:40:29.718528] [INFO] Service initialized
[2025-11-07T11:40:29.718539] [INFO] Service initialized
[2025-11-07T11:40:29.718552] [DEBUG] Timer set: 30 seconds
[2025-11-07T11:40:29.718540] [INFO] Service initialized
[2025-11-07T11:40:29.718537] [INFO] Health check passed
[2025-11-07T11:40:29.718531] [INFO] User logged in
[2025-11-07T11:40:29.718553] [DEBUG] Cache key generated
[2025-11-07T11:40:29.718554] [DEBUG] Thread pool size: 8
[2025-11-07T11:40:29.718543] [INFO] Database query executed
[2025-11-07T11:40:29.718558] [DEBUG] Connection pool status checked
[2025-11-07T11:40:29.718556] [DEBUG] Thread pool size: 8
[2025-11-07T11:40:29.718530] [INFO] Request processed successfully
[2025-11-07T11:40:29.718545] [WARN] Queue size growing
[2025-11-07T11:40:29.718551] [DEBUG] Cache key generated
[2025-11-07T11:40:29.718544] [WARN] Deprecated API usage
[2025-11-07T11:40:29.718540] [INFO] Cache hit
