[2025-11-07T11:40:30.098062] [INFO] Configuration loaded
[2025-11-07T11:40:30.098061] [INFO] Service initialized
[2025-11-07T11:40:30.098065] [WARN] Rate limit approaching
[2025-11-07T11:40:30.098051] [INFO] Configuration loaded
[2025-11-07T11:40:30.098076] [DEBUG] Thread pool size: 8
[2025-11-07T11:40:30.098057] [INFO] Database query executed
[2025-11-07T11:40:30.098067] [WARN] Deprecated API usage
[2025-11-07T11:40:30.098073] [DEBUG] Connection pool status checked
[2025-11-07T11:40:30.098058] [INFO] Connection established
[2025-11-07T11:40:30.098070] [ERROR] Authentication failed
[2025-11-07T11:40:30.098071] [DEBUG] Memory allocation: 2048 bytes
[2025-11-07T11:40:30.098063] [INFO] Database query executed
[2025-11-07T11:40:30.098056] [INFO] Health check passed
[2025-11-07T11:40:30.098052] [INFO] Session started
[2025-11-07T11:40:30.098053] [INFO] Service initialized
[2025-11-07T11:40:30.098075] [DEBUG] Loop iteration: 15
[2025-11-07T11:40:30.098060] [INFO] Session started
[2025-11-07T11:40:30.098055] [INFO] Request processed successfully
[2025-11-07T11:40:30.098069] [WARN] Rate limit approaching
[2025-11-07T11:40:30.098054] [INFO] Session started
[2025-11-07T11:40:30.098074] [DEBUG] Memory allocation: 2048 bytes
[2025-11-07T11:40:30.098064] [INFO] Health check passed
[2025-11-07T11:40:30.098066] [WARN] Deprecated API usage
[2025-11-07T11:40:30.098068] [WARN] Cache miss
[2025-11-07T11:40:30.098059] [INFO] Service initialized
[2025-11-07T11:40:30.098072] [DEBUG] Memory allocation: 2048 bytes
