[2025-11-07T11:40:29.539383] [DEBUG] Thread pool size: 8
[2025-11-07T11:40:29.539368] [INFO] Health check passed
[2025-11-07T11:40:29.539367] [INFO] Health check passed
[2025-11-07T11:40:29.539381] [DEBUG] Memory allocation: 2048 bytes
[2025-11-07T11:40:29.539385] [DEBUG] HTTP request headers parsed
[2025-11-07T11:40:29.539365] [INFO] Connection established
[2025-11-07T11:40:29.539370] [INFO] User logged in
[2025-11-07T11:40:29.539363] [INFO] User logged in
[2025-11-07T11:40:29.539377] [ERROR] Network timeout
[2025-11-07T11:40:29.539376] [ERROR] Service unavailable
[2025-11-07T11:40:29.539373] [WARN] Connection retry attempt
[2025-11-07T11:40:29.539380] [DEBUG] Cache key generated
[2025-11-07T11:40:29.539372] [WARN] Disk space low
[2025-11-07T11:40:29.539364] [INFO] Cache hit
[2025-11-07T11:40:29.539374] [WARN] Disk space low
[2025-11-07T11:40:29.539360] [INFO] Request processed successfully
[2025-11-07T11:40:29.539362] [INFO] Cache hit
[2025-11-07T11:40:29.539371] [WARN] Cache miss
[2025-11-07T11:40:29.539378] [DEBUG] Connection pool status checked
[2025-11-07T11:40:29.539379] [DEBUG] Cache key generated
[2025-11-07T11:40:29.539369] [INFO] Request processed successfully
[2025-11-07T11:40:29.539366] [INFO] Transaction completed
[2025-11-07T11:40:29.539382] [DEBUG] Cache key generated
[2025-11-07T11:40:29.539384] [DEBUG] HTTP request headers parsed
