[2025-11-07T11:40:29.651154] [DEBUG] Cache key generated
[2025-11-07T11:40:29.651136] [INFO] Service initialized
[2025-11-07T11:40:29.651157] [DEBUG] HTTP request headers parsed
[2025-11-07T11:40:29.651153] [ERROR] Database connection lost
[2025-11-07T11:40:29.651129] [INFO] Connection established
[2025-11-07T11:40:29.651162] [DEBUG] Variable value: x=42
[2025-11-07T11:40:29.651133] [INFO] Service initialized
[2025-11-07T11:40:29.651143] [INFO] Database query executed
[2025-11-07T11:40:29.651155] [DEBUG] Variable value: x=42
[2025-11-07T11:40:29.651140] [INFO] Configuration loaded
[2025-11-07T11:40:29.651158] [DEBUG] Cache key generated
[2025-11-07T11:40:29.651134] [INFO] Health check passed
[2025-11-07T11:40:29.651132] [INFO] User logged in
[2025-11-07T11:40:29.651136] [INFO] Health check passed
[2025-11-07T11:40:29.651149] [WARN] Queue size growing
[2025-11-07T11:40:29.651146] [INFO] Request processed successfully
[2025-11-07T11:40:29.651130] [INFO] Configuration loaded
[2025-11-07T11:40:29.651150] [WARN] Disk space low
[2025-11-07T11:40:29.651145] [INFO] Request processed successfully
[2025-11-07T11:40:29.651139] [INFO] Request processed successfully
[2025-11-07T11:40:29.651131] [INFO] Database query executed
[2025-11-07T11:40:29.651161] [DEBUG] Cache key generated
[2025-11-07T11:40:29.651159] [DEBUG] Loop iteration: 15
[2025-11-07T11:40:29.651148] [WARN] Disk space low
[2025-11-07T11:40:29.651160] [DEBUG] Thread pool size: 8
[2025-11-07T11:40:29.651152] [WARN] Timeout warning
[2025-11-07T11:40:29.651156] [DEBUG] Variable value: x=42
[2025-11-07T11:40:29.651138] [INFO] User logged in
[2025-11-07T11:40:29.651142] [INFO] Request processed successfully
[2025-11-07T11:40:29.651147] [INFO] Service initialized
[2025-11-07T11:40:29.651144] [INFO] Database query executed
[2025-11-07T11:40:29.651137] [INFO] Session started
[2025-11-07T11:40:29.651151] [WARN] Rate limit approaching
