[2025-11-07T11:40:29.448843] [WARN] Connection retry attempt
[2025-11-07T11:40:29.448839] [INFO] Service initialized
[2025-11-07T11:40:29.448833] [INFO] Session started
[2025-11-07T11:40:29.448846] [WARN] High memory usage detected
[2025-11-07T11:40:29.448854] [DEBUG] Timer set: 30 seconds
[2025-11-07T11:40:29.448842] [WARN] Timeout warning
[2025-11-07T11:40:29.448844] [WARN] Connection retry attempt
[2025-11-07T11:40:29.448831] [INFO] User logged in
[2025-11-07T11:40:29.448832] [INFO] Health check passed
[2025-11-07T11:40:29.448849] [DEBUG] Thread pool size: 8
[2025-11-07T11:40:29.448862] [DEBUG] Thread pool size: 8
[2025-11-07T11:40:29.448845] [WARN] Cache miss
[2025-11-07T11:40:29.448834] [INFO] Request processed successfully
[2025-11-07T11:40:29.448856] [DEBUG] Connection pool status checked
[2025-11-07T11:40:29.448857] [DEBUG] Variable value: x=42
[2025-11-07T11:40:29.448858] [DEBUG] Buffer size: 4096 bytes
[2025-11-07T11:40:29.448859] [DEBUG] Variable value: x=42
[2025-11-07T11:40:29.448835] [INFO] Service initialized
[2025-11-07T11:40:29.448852] [DEBUG] Memory allocation: 2048 bytes
[2025-11-07T11:40:29.448838] [INFO] Health check passed
[2025-11-07T11:40:29.448826] [INFO] Database query executed
[2025-11-07T11:40:29.448861] [DEBUG] Variable value: x=42
[2025-11-07T11:40:29.448830] [INFO] Cache hit
[2025-11-07T11:40:29.448841] [INFO] Cache hit
[2025-11-07T11:40:29.448836] [INFO] Request processed successfully
[2025-11-07T11:40:29.448847] [ERROR] Service unavailable
[2025-11-07T11:40:29.448840] [INFO] User logged in
[2025-11-07T11:40:29.448860] [DEBUG] Entering function process_data()
[2025-11-07T11:40:29.448848] [ERROR] Permission denied
[2025-11-07T11:40:29.448855] [DEBUG] Thread pool size: 8
[2025-11-07T11:40:29.448828] [INFO] Transaction completed
[2025-11-07T11:40:29.448829] [INFO] Database query executed
[2025-11-07T11:40:29.448850] [DEBUG] Entering function process_data()
[2025-11-07T11:40:29.448837] [INFO] Request processed successfully
[2025-11-07T11:40:29.448853] [DEBUG] Connection pool status checked
