[2025-11-07T11:40:30.209494] [INFO] Health check passed
[2025-11-07T11:40:30.209504] [DEBUG] Memory allocation: 2048 bytes
[2025-11-07T11:40:30.209508] [DEBUG] Connection pool status checked
[2025-11-07T11:40:30.209491] [INFO] Database query executed
[2025-11-07T11:40:30.209496] [WARN] Connection retry attempt
[2025-11-07T11:40:30.209498] [WARN] Connection retry attempt
[2025-11-07T11:40:30.209506] [DEBUG] HTTP request headers parsed
[2025-11-07T11:40:30.209507] [DEBUG] Memory allocation: 2048 bytes
[2025-11-07T11:40:30.209480] [INFO] Service initialized
[2025-11-07T11:40:30.209502] [DEBUG] Cache key generated
[2025-11-07T11:40:30.209490] [INFO] Health check passed
[2025-11-07T11:40:30.209487] [INFO] Connection established
[2025-11-07T11:40:30.209489] [INFO] Configuration loaded
[2025-11-07T11:40:30.209495] [WARN] Disk space low
[2025-11-07T11:40:30.209483] [INFO] Session started
[2025-11-07T11:40:30.209488] [INFO] Database query executed
[2025-11-07T11:40:30.209497] [WARN] Timeout warning
[2025-11-07T11:40:30.209503] [DEBUG] Entering function process_data()
[2025-11-07T11:40:30.209499] [ERROR] Network timeout
[2025-11-07T11:40:30.209484] [INFO] Service initialized
[2025-11-07T11:40:30.209501] [DEBUG] Connection pool status checked
[2025-11-07T11:40:30.209482] [INFO] Health check passed
[2025-11-07T11:40:30.209500] [DEBUG] Loop iteration: 15
[2025-11-07T11:40:30.209479] [INFO] Health check passed
[2025-11-07T11:40:30.209477] [INFO] User logged in
[2025-11-07T11:40:30.209492] [INFO] Health check passed
[2025-11-07T11:40:30.209493] [INFO] User logged in
[2025-11-07T11:40:30.209485] [INFO] Transaction completed
[2025-11-07T11:40:30.209486] [INFO] Service initialized
[2025-11-07T11:40:30.209481] [INFO] Database query executed
[2025-11-07T11:40:30.209505] [DEBUG] HTTP request headers parsed
