[2025-11-07T11:40:29.399618] [INFO] Transaction completed
[2025-11-07T11:40:29.399612] [INFO] User logged in
[2025-11-07T11:40:29.399625] [INFO] User logged in
[2025-11-07T11:40:29.399630] [ERROR] Disk read failed
[2025-11-07T11:40:29.399617] [INFO] Transaction completed
[2025-11-07T11:40:29.399632] [ERROR] Authentication failed
[2025-11-07T11:40:29.399641] [DEBUG] Connection pool status checked
[2025-11-07T11:40:29.399614] [INFO] Service initialized
[2025-11-07T11:40:29.399639] [DEBUG] Connection pool status checked
[2025-11-07T11:40:29.399615] [INFO] User logged in
[2025-11-07T11:40:29.399621] [INFO] Database query executed
[2025-11-07T11:40:29.399624] [INFO] Request processed successfully
[2025-11-07T11:40:29.399631] [ERROR] Request failed
[2025-11-07T11:40:29.399627] [INFO] Health check passed
[2025-11-07T11:40:29.399623] [INFO] Configuration loaded
[2025-11-07T11:40:29.399629] [WARN] Resource threshold approaching
[2025-11-07T11:40:29.399628] [WARN] Slow query performance
[2025-11-07T11:40:29.399636] [DEBUG] Cache key generated
[2025-11-07T11:40:29.399619] [INFO] Database query executed
[2025-11-07T11:40:29.399637] [DEBUG] Loop iteration: 15
[2025-11-07T11:40:29.399618] [INFO] User logged in
[2025-11-07T11:40:29.399638] [DEBUG] Entering function process_data()
[2025-11-07T11:40:29.399626] [INFO] User logged in
[2025-11-07T11:40:29.399633] [DEBUG] HTTP request headers parsed
[2025-11-07T11:40:29.399620] [INFO] Connection established
[2025-11-07T11:40:29.399634] [DEBUG] Memory allocation: 2048 bytes
[2025-11-07T11:40:29.399640] [DEBUG] Cache key generated
[2025-11-07T11:40:29.399613] [INFO] Session started
[2025-11-07T11:40:29.399635] [DEBUG] Thread pool size: 8
