[2025-11-07T11:40:29.632940] [INFO] Request processed successfully
[2025-11-07T11:40:29.632958] [DEBUG] Cache key generated
[2025-11-07T11:40:29.632948] [INFO] Connection established
[2025-11-07T11:40:29.632951] [WARN] Timeout warning
[2025-11-07T11:40:29.632949] [INFO] Cache hit
[2025-11-07T11:40:29.632935] [INFO] Database query executed
[2025-11-07T11:40:29.632937] [INFO] Service initialized
[2025-11-07T11:40:29.632938] [INFO] Request processed successfully
[2025-11-07T11:40:29.632954] [WARN] Connection retry attempt
[2025-11-07T11:40:29.632955] [ERROR] Network timeout
[2025-11-07T11:40:29.632953] [WARN] Timeout warning
[2025-11-07T11:40:29.632946] [INFO] Request processed successfully
[2025-11-07T11:40:29.632952] [WARN] Connection retry attempt
[2025-11-07T11:40:29.632950] [INFO] Database query executed
[2025-11-07T11:40:29.632939] [INFO] Service initialized
[2025-11-07T11:40:29.632942] [INFO] Database query executed
[2025-11-07T11:40:29.632956] [ERROR] Database connection lost
[2025-11-07T11:40:29.632959] [DEBUG] Cache key generated
[2025-11-07T11:40:29.632957] [DEBUG] Thread pool size: 8
[2025-11-07T11:40:29.632945] [INFO] Transaction completed
[2025-11-07T11:40:29.632941] [INFO] Request processed successfully
[2025-11-07T11:40:29.632947] [INFO] Cache hit
[2025-11-07T11:40:29.632944] [INFO] Health check passed
[2025-11-07T11:40:29.632943] [INFO] Transaction completed
