[2025-11-07T11:40:30.017421] [INFO] Service initialized
[2025-11-07T11:40:30.017433] [DEBUG] Timer set: 30 seconds
[2025-11-07T11:40:30.017426] [INFO] Transaction completed
[2025-11-07T11:40:30.017434] [DEBUG] Connection pool status checked
[2025-11-07T11:40:30.017429] [ERROR] Request failed
[2025-11-07T11:40:30.017427] [WARN] Timeout warning
[2025-11-07T11:40:30.017436] [DEBUG] Timer set: 30 seconds
[2025-11-07T11:40:30.017418] [INFO] Session started
[2025-11-07T11:40:30.017413] [INFO] Database query executed
[2025-11-07T11:40:30.017414] [INFO] User logged in
[2025-11-07T11:40:30.017412] [INFO] Cache hit
[2025-11-07T11:40:30.017437] [DEBUG] Connection pool status checked
[2025-11-07T11:40:30.017424] [INFO] Connection established
[2025-11-07T11:40:30.017430] [ERROR] Permission denied
[2025-11-07T11:40:30.017419] [INFO] Configuration loaded
[2025-11-07T11:40:30.017421] [INFO] Configuration loaded
[2025-11-07T11:40:30.017432] [DEBUG] Buffer size: 4096 bytes
[2025-11-07T11:40:30.017439] [DEBUG] Timer set: 30 seconds
[2025-11-07T11:40:30.017422] [INFO] Cache hit
[2025-11-07T11:40:30.017416] [INFO] Cache hit
[2025-11-07T11:40:30.017417] [INFO] Connection established
[2025-11-07T11:40:30.017420] [INFO] Connection established
[2025-11-07T11:40:30.017425] [INFO] Service initialized
[2025-11-07T11:40:30.017431] [DEBUG] Entering function process_data()
[2025-11-07T11:40:30.017424] [INFO] Service initialized
[2025-11-07T11:40:30.017438] [DEBUG] Thread pool size: 8
[2025-11-07T11:40:30.017435] [DEBUG] Thread pool size: 8
