[2025-11-07T11:40:29.394694] [INFO] User logged in
[2025-11-07T11:40:29.394692] [INFO] Request processed successfully
[2025-11-07T11:40:29.394701] [WARN] Deprecated API usage
[2025-11-07T11:40:29.394687] [INFO] Service initialized
[2025-11-07T11:40:29.394700] [WARN] Connection retry attempt
[2025-11-07T11:40:29.394713] [DEBUG] HTTP request headers parsed
[2025-11-07T11:40:29.394705] [ERROR] Database connection lost
[2025-11-07T11:40:29.394698] [INFO] User logged in
[2025-11-07T11:40:29.394689] [INFO] Connection established
[2025-11-07T11:40:29.394702] [WARN] Deprecated API usage
[2025-11-07T11:40:29.394683] [INFO] Service initialized
[2025-11-07T11:40:29.394699] [INFO] Configuration loaded
[2025-11-07T11:40:29.394686] [INFO] Cache hit
[2025-11-07T11:40:29.394696] [INFO] Session started
[2025-11-07T11:40:29.394703] [WARN] Deprecated API usage
[2025-11-07T11:40:29.394714] [DEBUG] Entering function process_data()
[2025-11-07T11:40:29.394710] [DEBUG] HTTP request headers parsed
[2025-11-07T11:40:29.394711] [DEBUG] Connection pool status checked
[2025-11-07T11:40:29.394691] [INFO] Database query executed
[2025-11-07T11:40:29.394716] [DEBUG] Loop iteration: 15
[2025-11-07T11:40:29.394697] [INFO] Configuration loaded
[2025-11-07T11:40:29.394693] [INFO] Database query executed
[2025-11-07T11:40:29.394685] [INFO] Request processed successfully
[2025-11-07T11:40:29.394688] [INFO] Configuration loaded
[2025-11-07T11:40:29.394706] [ERROR] Request failed
[2025-11-07T11:40:29.394695] [INFO] Connection established
[2025-11-07T11:40:29.394718] [DEBUG] Entering function process_data()
[2025-11-07T11:40:29.394720] [DEBUG] Thread pool size: 8
[2025-11-07T11:40:29.394704] [WARN] Disk space low
[2025-11-07T11:40:29.394715] [DEBUG] Variable value: x=42
[2025-11-07T11:40:29.394712] [DEBUG] Buffer size: 4096 bytes
[2025-11-07T11:40:29.394709] [DEBUG] Thread pool size: 8
[2025-11-07T11:40:29.394707] [ERROR] Request failed
[2025-11-07T11:40:29.394708] [ERROR] File not found
[2025-11-07T11:40:29.394719] [DEBUG] Cache key generated
[2025-11-07T11:40:29.394690] [INFO] Database query executed
