[2025-11-07T11:40:30.236102] [DEBUG] Cache key generated
[2025-11-07T11:40:30.236079] [INFO] Connection established
[2025-11-07T11:40:30.236098] [WARN] Cache miss
[2025-11-07T11:40:30.236081] [INFO] Health check passed
[2025-11-07T11:40:30.236092] [INFO] User logged in
[2025-11-07T11:40:30.236082] [INFO] Session started
[2025-11-07T11:40:30.236105] [DEBUG] Cache key generated
[2025-11-07T11:40:30.236089] [INFO] Request processed successfully
[2025-11-07T11:40:30.236106] [DEBUG] Timer set: 30 seconds
[2025-11-07T11:40:30.236093] [INFO] Database query executed
[2025-11-07T11:40:30.236084] [INFO] Service initialized
[2025-11-07T11:40:30.236095] [WARN] Timeout warning
[2025-11-07T11:40:30.236100] [DEBUG] Timer set: 30 seconds
[2025-11-07T11:40:30.236087] [INFO] Database query executed
[2025-11-07T11:40:30.236104] [DEBUG] Memory allocation: 2048 bytes
[2025-11-07T11:40:30.236108] [DEBUG] Loop iteration: 15
[2025-11-07T11:40:30.236096] [WARN] Disk space low
[2025-11-07T11:40:30.236084] [INFO] Session started
[2025-11-07T11:40:30.236109] [DEBUG] Buffer size: 4096 bytes
[2025-11-07T11:40:30.236085] [INFO] Transaction completed
[2025-11-07T11:40:30.236080] [INFO] Cache hit
[2025-11-07T11:40:30.236103] [DEBUG] Buffer size: 4096 bytes
[2025-11-07T11:40:30.236088] [INFO] Session started
[2025-11-07T11:40:30.236097] [WARN] Slow query performance
[2025-11-07T11:40:30.236099] [ERROR] Database connection lost
[2025-11-07T11:40:30.236107] [DEBUG] HTTP request headers parsed
[2025-11-07T11:40:30.236082] [INFO] Service initialized
[2025-11-07T11:40:30.236101] [DEBUG] Variable value: x=42
[2025-11-07T11:40:30.236077] [INFO] Configuration loaded
[2025-11-07T11:40:30.236086] [INFO] Cache hit
[2025-11-07T11:40:30.236090] [INFO] Connection established
[2025-11-07T11:40:30.236094] [INFO] Configuration loaded
[2025-11-07T11:40:30.236091] [INFO] Service initialized
