[2025-11-07T11:40:29.760469] [INFO] Cache hit
[2025-11-07T11:40:29.760498] [DEBUG] HTTP request headers parsed
[2025-11-07T11:40:29.760473] [INFO] Service initialized
[2025-11-07T11:40:29.760494] [DEBUG] HTTP request headers parsed
[2025-11-07T11:40:29.760489] [ERROR] Database connection lost
[2025-11-07T11:40:29.760480] [INFO] Request processed successfully
[2025-11-07T11:40:29.760482] [INFO] Cache hit
[2025-11-07T11:40:29.760471] [INFO] Request processed successfully
[2025-11-07T11:40:29.760496] [DEBUG] Thread pool size: 8
[2025-11-07T11:40:29.760476] [INFO] Configuration loaded
[2025-11-07T11:40:29.760475] [INFO] Database query executed
[2025-11-07T11:40:29.760495] [DEBUG] Timer set: 30 seconds
[2025-11-07T11:40:29.760486] [WARN] Disk space low
[2025-11-07T11:40:29.760481] [INFO] User logged in
[2025-11-07T11:40:29.760468] [INFO] Transaction completed
[2025-11-07T11:40:29.760488] [WARN] High memory usage detected
[2025-11-07T11:40:29.760497] [DEBUG] Buffer size: 4096 bytes
[2025-11-07T11:40:29.760490] [ERROR] Invalid input data
[2025-11-07T11:40:29.760491] [DEBUG] HTTP request headers parsed
[2025-11-07T11:40:29.760472] [INFO] Cache hit
[2025-11-07T11:40:29.760470] [INFO] Health check passed
[2025-11-07T11:40:29.760485] [WARN] Slow query performance
[2025-11-07T11:40:29.760479] [INFO] Database query executed
[2025-11-07T11:40:29.760487] [WARN] Slow query performance
[2025-11-07T11:40:29.760474] [INFO] Service initialized
[2025-11-07T11:40:29.760493] [DEBUG] Entering function process_data()
[2025-11-07T11:40:29.760482] [INFO] Database query executed
[2025-11-07T11:40:29.760492] [DEBUG] Entering function process_data()
[2025-11-07T11:40:29.760483] [INFO] Request processed successfully
[2025-11-07T11:40:29.760499] [DEBUG] Memory allocation: 2048 bytes
[2025-11-07T11:40:29.760478] [INFO] Configuration loaded
