[2025-11-07T11:40:29.987202] [INFO] Configuration loaded
[2025-11-07T11:40:29.987211] [INFO] Session started
[2025-11-07T11:40:29.987208] [INFO] Request processed successfully
[2025-11-07T11:40:29.987199] [INFO] Service initialized
[2025-11-07T11:40:29.987197] [INFO] Session started
[2025-11-07T11:40:29.987196] [INFO] Request processed successfully
[2025-11-07T11:40:29.987201] [INFO] Database query executed
[2025-11-07T11:40:29.987215] [DEBUG] Cache key generated
[2025-11-07T11:40:29.987209] [INFO] Request processed successfully
[2025-11-07T11:40:29.987218] [DEBUG] HTTP request headers parsed
[2025-11-07T11:40:29.987220] [DEBUG] Timer set: 30 seconds
[2025-11-07T11:40:29.987219] [DEBUG] Timer set: 30 seconds
[2025-11-07T11:40:29.987206] [INFO] Request processed successfully
[2025-11-07T11:40:29.987213] [WARN] Resource threshold approaching
[2025-11-07T11:40:29.987216] [DEBUG] Buffer size: 4096 bytes
[2025-11-07T11:40:29.987222] [DEBUG] Buffer size: 4096 bytes
[2025-11-07T11:40:29.987205] [INFO] Request processed successfully
[2025-11-07T11:40:29.987210] [INFO] Session started
[2025-11-07T11:40:29.987223] [DEBUG] Entering function process_data()
[2025-11-07T11:40:29.987207] [INFO] Cache hit
[2025-11-07T11:40:29.987204] [INFO] Session started
[2025-11-07T11:40:29.987198] [INFO] Database query executed
[2025-11-07T11:40:29.987214] [ERROR] Network timeout
[2025-11-07T11:40:29.987203] [INFO] User logged in
[2025-11-07T11:40:29.987221] [DEBUG] Memory allocation: 2048 bytes
[2025-11-07T11:40:29.987217] [DEBUG] Cache key generated
[2025-11-07T11:40:29.987212] [WARN] Queue size growing
[2025-11-07T11:40:29.987200] [INFO] Transaction completed
