[2025-11-07T11:40:29.779037] [ERROR] Disk read failed
[2025-11-07T11:40:29.779044] [DEBUG] Entering function process_data()
[2025-11-07T11:40:29.779034] [WARN] Timeout warning
[2025-11-07T11:40:29.779019] [INFO] Transaction completed
[2025-11-07T11:40:29.779028] [INFO] Session started
[2025-11-07T11:40:29.779030] [INFO] Cache hit
[2025-11-07T11:40:29.779032] [INFO] Cache hit
[2025-11-07T11:40:29.779039] [DEBUG] Connection pool status checked
[2025-11-07T11:40:29.779036] [ERROR] Memory allocation error
[2025-11-07T11:40:29.779017] [INFO] User logged in
[2025-11-07T11:40:29.779025] [INFO] Health check passed
[2025-11-07T11:40:29.779041] [DEBUG] Entering function process_data()
[2025-11-07T11:40:29.779043] [DEBUG] Loop iteration: 15
[2025-11-07T11:40:29.779023] [INFO] Configuration loaded
[2025-11-07T11:40:29.779027] [INFO] Transaction completed
[2025-11-07T11:40:29.779045] [DEBUG] Entering function process_data()
[2025-11-07T11:40:29.779046] [DEBUG] HTTP request headers parsed
[2025-11-07T11:40:29.779047] [DEBUG] Connection pool status checked
[2025-11-07T11:40:29.779021] [INFO] Connection established
[2025-11-07T11:40:29.779031] [INFO] Service initialized
[2025-11-07T11:40:29.779029] [INFO] Connection established
[2025-11-07T11:40:29.779042] [DEBUG] Loop iteration: 15
[2025-11-07T11:40:29.779026] [INFO] Cache hit
[2025-11-07T11:40:29.779024] [INFO] Cache hit
[2025-11-07T11:40:29.779035] [ERROR] Permission denied
[2025-11-07T11:40:29.779038] [DEBUG] Timer set: 30 seconds
[2025-11-07T11:40:29.779022] [INFO] Session started
[2025-11-07T11:40:29.779020] [INFO] Session started
[2025-11-07T11:40:29.779033] [INFO] Session started
