[2025-11-07T11:40:29.774075] [WARN] Slow query performance
[2025-11-07T11:40:29.774059] [INFO] Transaction completed
[2025-11-07T11:40:29.774054] [INFO] Connection established
[2025-11-07T11:40:29.774058] [INFO] Service initialized
[2025-11-07T11:40:29.774052] [INFO] Connection established
[2025-11-07T11:40:29.774062] [INFO] Database query executed
[2025-11-07T11:40:29.774055] [INFO] Configuration loaded
[2025-11-07T11:40:29.774072] [WARN] Queue size growing
[2025-11-07T11:40:29.774079] [ERROR] Database connection lost
[2025-11-07T11:40:29.774083] [DEBUG] Timer set: 30 seconds
[2025-11-07T11:40:29.774067] [INFO] User logged in
[2025-11-07T11:40:29.774068] [INFO] Database query executed
[2025-11-07T11:40:29.774069] [INFO] Session started
[2025-11-07T11:40:29.774078] [ERROR] Request failed
[2025-11-07T11:40:29.774080] [DEBUG] Memory allocation: 2048 bytes
[2025-11-07T11:40:29.774066] [INFO] Configuration loaded
[2025-11-07T11:40:29.774077] [WARN] High memory usage detected
[2025-11-07T11:40:29.774073] [WARN] Connection retry attempt
[2025-11-07T11:40:29.774056] [INFO] Cache hit
[2025-11-07T11:40:29.774071] [INFO] Connection established
[2025-11-07T11:40:29.774061] [INFO] Health check passed
[2025-11-07T11:40:29.774065] [INFO] User logged in
[2025-11-07T11:40:29.774081] [DEBUG] Loop iteration: 15
[2025-11-07T11:40:29.774085] [DEBUG] Variable value: x=42
[2025-11-07T11:40:29.774076] [WARN] Disk space low
[2025-11-07T11:40:29.774064] [INFO] Session started
[2025-11-07T11:40:29.774082] [DEBUG] Memory allocation: 2048 bytes
[2025-11-07T11:40:29.774086] [DEBUG] Buffer size: 4096 bytes
[2025-11-07T11:40:29.774063] [INFO] Session started
[2025-11-07T11:40:29.774074] [WARN] Connection retry attempt
[2025-11-07T11:40:29.774084] [DEBUG] Buffer size: 4096 bytes
[2025-11-07T11:40:29.774057] [INFO] Configuration loaded
[2025-11-07T11:40:29.774060] [INFO] Cache hit
