[2025-11-07T11:40:29.407584] [INFO] Service initialized
[2025-11-07T11:40:29.407577] [INFO] Transaction completed
[2025-11-07T11:40:29.407596] [DEBUG] Timer set: 30 seconds
[2025-11-07T11:40:29.407593] [ERROR] Memory allocation error
[2025-11-07T11:40:29.407583] [INFO] User logged in
[2025-11-07T11:40:29.407594] [ERROR] Request failed
[2025-11-07T11:40:29.407598] [DEBUG] HTTP request headers parsed
[2025-11-07T11:40:29.407576] [INFO] Configuration loaded
[2025-11-07T11:40:29.407586] [INFO] Health check passed
[2025-11-07T11:40:29.407590] [WARN] Timeout warning
[2025-11-07T11:40:29.407601] [DEBUG] Thread pool size: 8
[2025-11-07T11:40:29.407591] [WARN] Slow query performance
[2025-11-07T11:40:29.407580] [INFO] Service initialized
[2025-11-07T11:40:29.407587] [INFO] User logged in
[2025-11-07T11:40:29.407597] [DEBUG] Cache key generated
[2025-11-07T11:40:29.407575] [INFO] Cache hit
[2025-11-07T11:40:29.407588] [WARN] Disk space low
[2025-11-07T11:40:29.407599] [DEBUG] Loop iteration: 15
[2025-11-07T11:40:29.407595] [DEBUG] Connection pool status checked
[2025-11-07T11:40:29.407589] [WARN] Queue size growing
[2025-11-07T11:40:29.407581] [INFO] Database query executed
[2025-11-07T11:40:29.407600] [DEBUG] Thread pool size: 8
[2025-11-07T11:40:29.407579] [INFO] Health check passed
[2025-11-07T11:40:29.407574] [INFO] Service initialized
[2025-11-07T11:40:29.407585] [INFO] Session started
[2025-11-07T11:40:29.407578] [INFO] Configuration loaded
[2025-11-07T11:40:29.407592] [WARN] Slow query performance
[2025-11-07T11:40:29.407602] [DEBUG] Buffer size: 4096 bytes
[2025-11-07T11:40:29.407572] [INFO] Session started
[2025-11-07T11:40:29.407603] [DEBUG] Buffer size: 4096 bytes
[2025-11-07T11:40:29.407582] [INFO] Service initialized
