[2025-11-07T11:40:29.735042] [INFO] Session started
[2025-11-07T11:40:29.735041] [INFO] User logged in
[2025-11-07T11:40:29.735052] [INFO] Configuration loaded
[2025-11-07T11:40:29.735050] [INFO] Cache hit
[2025-11-07T11:40:29.735067] [DEBUG] Buffer size: 4096 bytes
[2025-11-07T11:40:29.735060] [DEBUG] Connection pool status checked
[2025-11-07T11:40:29.735037] [INFO] Configuration loaded
[2025-11-07T11:40:29.735061] [DEBUG] Memory allocation: 2048 bytes
[2025-11-07T11:40:29.735054] [WARN] Connection retry attempt
[2025-11-07T11:40:29.735064] [DEBUG] HTTP request headers parsed
[2025-11-07T11:40:29.735044] [INFO] User logged in
[2025-11-07T11:40:29.735047] [INFO] Configuration loaded
[2025-11-07T11:40:29.735062] [DEBUG] Cache key generated
[2025-11-07T11:40:29.735040] [INFO] Health check passed
[2025-11-07T11:40:29.735065] [DEBUG] Timer set: 30 seconds
[2025-11-07T11:40:29.735056] [WARN] Timeout warning
[2025-11-07T11:40:29.735039] [INFO] Service initialized
[2025-11-07T11:40:29.735053] [WARN] Deprecated API usage
[2025-11-07T11:40:29.735066] [DEBUG] Memory allocation: 2048 bytes
[2025-11-07T11:40:29.735055] [WARN] Deprecated API usage
[2025-11-07T11:40:29.735068] [DEBUG] Thread pool size: 8
[2025-11-07T11:40:29.735045] [INFO] Transaction completed
[2025-11-07T11:40:29.735063] [DEBUG] HTTP request headers parsed
[2025-11-07T11:40:29.735043] [INFO] Connection established
[2025-11-07T11:40:29.735046] [INFO] Configuration loaded
[2025-11-07T11:40:29.735048] [INFO] Cache hit
[2025-11-07T11:40:29.735058] [ERROR] Service unavailable
[2025-11-07T11:40:29.735051] [INFO] Cache hit
[2025-11-07T11:40:29.735049] [INFO] Transaction completed
[2025-11-07T11:40:29.735059] [ERROR] Service unavailable
