[2025-11-07T11:40:30.041160] [DEBUG] HTTP request headers parsed
[2025-11-07T11:40:30.041124] [INFO] Transaction completed
[2025-11-07T11:40:30.041157] [DEBUG] Thread pool size: 8
[2025-11-07T11:40:30.041154] [DEBUG] Timer set: 30 seconds
[2025-11-07T11:40:30.041134] [INFO] Session started
[2025-11-07T11:40:30.041120] [INFO] Connection established
[2025-11-07T11:40:30.041129] [INFO] Cache hit
[2025-11-07T11:40:30.041122] [INFO] Service initialized
[2025-11-07T11:40:30.041150] [ERROR] Disk read failed
[2025-11-07T11:40:30.041145] [WARN] Resource threshold approaching
[2025-11-07T11:40:30.041132] [INFO] Transaction completed
[2025-11-07T11:40:30.041159] [DEBUG] Cache key generated
[2025-11-07T11:40:30.041158] [DEBUG] Cache key generated
[2025-11-07T11:40:30.041152] [DEBUG] HTTP request headers parsed
[2025-11-07T11:40:30.041149] [ERROR] Authentication failed
[2025-11-07T11:40:30.041146] [WARN] Disk space low
[2025-11-07T11:40:30.041136] [INFO] Database query executed
[2025-11-07T11:40:30.041151] [DEBUG] Entering function process_data()
[2025-11-07T11:40:30.041128] [INFO] Health check passed
[2025-11-07T11:40:30.041137] [INFO] Transaction completed
[2025-11-07T11:40:30.041138] [INFO] Health check passed
[2025-11-07T11:40:30.041126] [INFO] Service initialized
[2025-11-07T11:40:30.041148] [WARN] Deprecated API usage
[2025-11-07T11:40:30.041127] [INFO] User logged in
[2025-11-07T11:40:30.041133] [INFO] User logged in
[2025-11-07T11:40:30.041123] [INFO] Configuration loaded
[2025-11-07T11:40:30.041125] [INFO] Health check passed
[2025-11-07T11:40:30.041142] [WARN] Resource threshold approaching
[2025-11-07T11:40:30.041153] [DEBUG] Cache key generated
[2025-11-07T11:40:30.041140] [INFO] Request processed successfully
[2025-11-07T11:40:30.041156] [DEBUG] Thread pool size: 8
[2025-11-07T11:40:30.041130] [INFO] User logged in
[2025-11-07T11:40:30.041144] [WARN] Deprecated API usage
[2025-11-07T11:40:30.041141] [WARN] Resource threshold approaching
[2025-11-07T11:40:30.041155] [DEBUG] Buffer size: 4096 bytes
