[2025-11-07T11:40:29.382894] [INFO] Request processed successfully
[2025-11-07T11:40:29.382907] [DEBUG] Memory allocation: 2048 bytes
[2025-11-07T11:40:29.382900] [WARN] Slow query performance
[2025-11-07T11:40:29.382901] [WARN] Queue size growing
[2025-11-07T11:40:29.382886] [INFO] Health check passed
[2025-11-07T11:40:29.382887] [INFO] Health check passed
[2025-11-07T11:40:29.382893] [INFO] Configuration loaded
[2025-11-07T11:40:29.382890] [INFO] Connection established
[2025-11-07T11:40:29.382885] [INFO] Health check passed
[2025-11-07T11:40:29.382902] [WARN] Queue size growing
[2025-11-07T11:40:29.382910] [DEBUG] Connection pool status checked
[2025-11-07T11:40:29.382888] [INFO] Service initialized
[2025-11-07T11:40:29.382895] [INFO] Connection established
[2025-11-07T11:40:29.382908] [DEBUG] Cache key generated
[2025-11-07T11:40:29.382905] [ERROR] Request failed
[2025-11-07T11:40:29.382897] [INFO] Health check passed
[2025-11-07T11:40:29.382909] [DEBUG] Cache key generated
[2025-11-07T11:40:29.382895] [INFO] Database query executed
[2025-11-07T11:40:29.382892] [INFO] Connection established
[2025-11-07T11:40:29.382896] [INFO] Transaction completed
[2025-11-07T11:40:29.382884] [INFO] Cache hit
[2025-11-07T11:40:29.382899] [INFO] Database query executed
[2025-11-07T11:40:29.382903] [WARN] Queue size growing
[2025-11-07T11:40:29.382891] [INFO] User logged in
[2025-11-07T11:40:29.382904] [ERROR] Permission denied
[2025-11-07T11:40:29.382906] [DEBUG] Thread pool size: 8
