[2025-11-07T11:40:29.586716] [INFO] Request processed successfully
[2025-11-07T11:40:29.586731] [DEBUG] HTTP request headers parsed
[2025-11-07T11:40:29.586728] [DEBUG] Loop iteration: 15
[2025-11-07T11:40:29.586711] [INFO] Configuration loaded
[2025-11-07T11:40:29.586733] [DEBUG] Memory allocation: 2048 bytes
[2025-11-07T11:40:29.586709] [INFO] Database query executed
[2025-11-07T11:40:29.586719] [INFO] Request processed successfully
[2025-11-07T11:40:29.586718] [INFO] Service initialized
[2025-11-07T11:40:29.586704] [INFO] Session started
[2025-11-07T11:40:29.586708] [INFO] Cache hit
[2025-11-07T11:40:29.586724] [WARN] Disk space low
[2025-11-07T11:40:29.586712] [INFO] User logged in
[2025-11-07T11:40:29.586732] [DEBUG] Loop iteration: 15
[2025-11-07T11:40:29.586713] [INFO] Database query executed
[2025-11-07T11:40:29.586725] [WARN] Cache miss
[2025-11-07T11:40:29.586715] [INFO] Service initialized
[2025-11-07T11:40:29.586705] [INFO] Configuration loaded
[2025-11-07T11:40:29.586730] [DEBUG] HTTP request headers parsed
[2025-11-07T11:40:29.586723] [WARN] Queue size growing
[2025-11-07T11:40:29.586710] [INFO] Cache hit
[2025-11-07T11:40:29.586707] [INFO] Cache hit
[2025-11-07T11:40:29.586720] [INFO] Service initialized
[2025-11-07T11:40:29.586722] [WARN] Connection retry attempt
[2025-11-07T11:40:29.586717] [INFO] Request processed successfully
[2025-11-07T11:40:29.586727] [ERROR] Service unavailable
[2025-11-07T11:40:29.586726] [ERROR] Permission denied
[2025-11-07T11:40:29.586729] [DEBUG] Cache key generated
[2025-11-07T11:40:29.586714] [INFO] Request processed successfully
[2025-11-07T11:40:29.586721] [INFO] User logged in
