[2025-11-07T11:40:30.190836] [DEBUG] Buffer size: 4096 bytes
[2025-11-07T11:40:30.190815] [INFO] Database query executed
[2025-11-07T11:40:30.190834] [ERROR] Invalid input data
[2025-11-07T11:40:30.190842] [DEBUG] HTTP request headers parsed
[2025-11-07T11:40:30.190833] [ERROR] File not found
[2025-11-07T11:40:30.190830] [WARN] Slow query performance
[2025-11-07T11:40:30.190829] [WARN] Resource threshold approaching
[2025-11-07T11:40:30.190811] [INFO] Request processed successfully
[2025-11-07T11:40:30.190831] [WARN] Timeout warning
[2025-11-07T11:40:30.190817] [INFO] Configuration loaded
[2025-11-07T11:40:30.190824] [INFO] Configuration loaded
[2025-11-07T11:40:30.190823] [INFO] Transaction completed
[2025-11-07T11:40:30.190812] [INFO] Service initialized
[2025-11-07T11:40:30.190844] [DEBUG] Loop iteration: 15
[2025-11-07T11:40:30.190820] [INFO] Request processed successfully
[2025-11-07T11:40:30.190839] [DEBUG] Entering function process_data()
[2025-11-07T11:40:30.190835] [DEBUG] Thread pool size: 8
[2025-11-07T11:40:30.190826] [INFO] Connection established
[2025-11-07T11:40:30.190821] [INFO] User logged in
[2025-11-07T11:40:30.190822] [INFO] Session started
[2025-11-07T11:40:30.190832] [WARN] Disk space low
[2025-11-07T11:40:30.190819] [INFO] Configuration loaded
[2025-11-07T11:40:30.190847] [DEBUG] Entering function process_data()
[2025-11-07T11:40:30.190843] [DEBUG] Memory allocation: 2048 bytes
[2025-11-07T11:40:30.190838] [DEBUG] Buffer size: 4096 bytes
[2025-11-07T11:40:30.190846] [DEBUG] Loop iteration: 15
[2025-11-07T11:40:30.190845] [DEBUG] Timer set: 30 seconds
[2025-11-07T11:40:30.190840] [DEBUG] Entering function process_data()
[2025-11-07T11:40:30.190818] [INFO] Session started
[2025-11-07T11:40:30.190813] [INFO] Cache hit
[2025-11-07T11:40:30.190841] [DEBUG] HTTP request headers parsed
[2025-11-07T11:40:30.190816] [INFO] Health check passed
[2025-11-07T11:40:30.190827] [INFO] Health check passed
[2025-11-07T11:40:30.190837] [DEBUG] Buffer size: 4096 bytes
[2025-11-07T11:40:30.190814] [INFO] Service initialized
[2025-11-07T11:40:30.190825] [INFO] Cache hit
[2025-11-07T11:40:30.190828] [WARN] Rate limit approaching
