[2025-11-07T11:40:29.988316] [INFO] Transaction completed
[2025-11-07T11:40:29.988332] [DEBUG] Cache key generated
[2025-11-07T11:40:29.988338] [DEBUG] Buffer size: 4096 bytes
[2025-11-07T11:40:29.988330] [ERROR] Service unavailable
[2025-11-07T11:40:29.988321] [INFO] Database query executed
[2025-11-07T11:40:29.988324] [INFO] Service initialized
[2025-11-07T11:40:29.988336] [DEBUG] Loop iteration: 15
[2025-11-07T11:40:29.988335] [DEBUG] Entering function process_data()
[2025-11-07T11:40:29.988318] [INFO] Connection established
[2025-11-07T11:40:29.988317] [INFO] Health check passed
[2025-11-07T11:40:29.988331] [DEBUG] HTTP request headers parsed
[2025-11-07T11:40:29.988323] [INFO] User logged in
[2025-11-07T11:40:29.988320] [INFO] Configuration loaded
[2025-11-07T11:40:29.988333] [DEBUG] Entering function process_data()
[2025-11-07T11:40:29.988311] [INFO] Connection established
[2025-11-07T11:40:29.988337] [DEBUG] Buffer size: 4096 bytes
[2025-11-07T11:40:29.988339] [DEBUG] Buffer size: 4096 bytes
[2025-11-07T11:40:29.988329] [ERROR] Database connection lost
[2025-11-07T11:40:29.988319] [INFO] Health check passed
[2025-11-07T11:40:29.988315] [INFO] Transaction completed
[2025-11-07T11:40:29.988327] [WARN] Queue size growing
[2025-11-07T11:40:29.988326] [WARN] Disk space low
[2025-11-07T11:40:29.988312] [INFO] Transaction completed
[2025-11-07T11:40:29.988314] [INFO] User logged in
[2025-11-07T11:40:29.988334] [DEBUG] Memory allocation: 2048 bytes
[2025-11-07T11:40:29.988309] [INFO] Connection established
[2025-11-07T11:40:29.988328] [WARN] Timeout warning
[2025-11-07T11:40:29.988322] [INFO] Session started
[2025-11-07T11:40:29.988313] [INFO] Request processed successfully
[2025-11-07T11:40:29.988325] [WARN] Timeout warning
