[2025-11-07T11:40:29.295099] [INFO] Service initialized
[2025-11-07T11:40:29.295116] [ERROR] File not found
[2025-11-07T11:40:29.295125] [DEBUG] Loop iteration: 15
[2025-11-07T11:40:29.295118] [DEBUG] Buffer size: 4096 bytes
[2025-11-07T11:40:29.295119] [DEBUG] Buffer size: 4096 bytes
[2025-11-07T11:40:29.295122] [DEBUG] Buffer size: 4096 bytes
[2025-11-07T11:40:29.295114] [WARN] High memory usage detected
[2025-11-07T11:40:29.295096] [INFO] Connection established
[2025-11-07T11:40:29.295102] [INFO] Health check passed
[2025-11-07T11:40:29.295106] [INFO] Configuration loaded
[2025-11-07T11:40:29.295115] [WARN] Disk space low
[2025-11-07T11:40:29.295105] [INFO] Transaction completed
[2025-11-07T11:40:29.295104] [INFO] Transaction completed
[2025-11-07T11:40:29.295100] [INFO] User logged in
[2025-11-07T11:40:29.295120] [DEBUG] Loop iteration: 15
[2025-11-07T11:40:29.295109] [INFO] Connection established
[2025-11-07T11:40:29.295123] [DEBUG] Cache key generated
[2025-11-07T11:40:29.295102] [INFO] Database query executed
[2025-11-07T11:40:29.295121] [DEBUG] Thread pool size: 8
[2025-11-07T11:40:29.295124] [DEBUG] Loop iteration: 15
[2025-11-07T11:40:29.295126] [DEBUG] Variable value: x=42
[2025-11-07T11:40:29.295106] [INFO] Cache hit
[2025-11-07T11:40:29.295112] [WARN] Slow query performance
[2025-11-07T11:40:29.295110] [INFO] Cache hit
[2025-11-07T11:40:29.295098] [INFO] Health check passed
[2025-11-07T11:40:29.295101] [INFO] Connection established
[2025-11-07T11:40:29.295107] [INFO] Session started
[2025-11-07T11:40:29.295108] [INFO] Connection established
[2025-11-07T11:40:29.295117] [ERROR] Invalid input data
[2025-11-07T11:40:29.295113] [WARN] Rate limit approaching
