[2025-11-07T11:40:29.986105] [WARN] Connection retry attempt
[2025-11-07T11:40:29.986092] [INFO] Session started
[2025-11-07T11:40:29.986109] [DEBUG] Timer set: 30 seconds
[2025-11-07T11:40:29.986089] [INFO] Health check passed
[2025-11-07T11:40:29.986107] [ERROR] Database connection lost
[2025-11-07T11:40:29.986091] [INFO] Cache hit
[2025-11-07T11:40:29.986095] [INFO] Service initialized
[2025-11-07T11:40:29.986090] [INFO] User logged in
[2025-11-07T11:40:29.986099] [INFO] Session started
[2025-11-07T11:40:29.986104] [WARN] Resource threshold approaching
[2025-11-07T11:40:29.986085] [INFO] Service initialized
[2025-11-07T11:40:29.986101] [WARN] Queue size growing
[2025-11-07T11:40:29.986099] [INFO] Database query executed
[2025-11-07T11:40:29.986103] [WARN] Queue size growing
[2025-11-07T11:40:29.986096] [INFO] Database query executed
[2025-11-07T11:40:29.986106] [ERROR] Network timeout
[2025-11-07T11:40:29.986110] [DEBUG] Variable value: x=42
[2025-11-07T11:40:29.986111] [DEBUG] Connection pool status checked
[2025-11-07T11:40:29.986102] [WARN] Resource threshold approaching
[2025-11-07T11:40:29.986097] [INFO] Configuration loaded
[2025-11-07T11:40:29.986086] [INFO] Request processed successfully
[2025-11-07T11:40:29.986094] [INFO] Request processed successfully
[2025-11-07T11:40:29.986093] [INFO] Health check passed
[2025-11-07T11:40:29.986088] [INFO] Health check passed
[2025-11-07T11:40:29.986108] [DEBUG] Thread pool size: 8
[2025-11-07T11:40:29.986087] [INFO] Session started
