[2025-11-07T11:40:29.631966] [INFO] Configuration loaded
[2025-11-07T11:40:29.631965] [INFO] Database query executed
[2025-11-07T11:40:29.631968] [INFO] Configuration loaded
[2025-11-07T11:40:29.631971] [INFO] Service initialized
[2025-11-07T11:40:29.631976] [INFO] Cache hit
[2025-11-07T11:40:29.631962] [INFO] Transaction completed
[2025-11-07T11:40:29.631987] [DEBUG] Connection pool status checked
[2025-11-07T11:40:29.631967] [INFO] Database query executed
[2025-11-07T11:40:29.631989] [DEBUG] Timer set: 30 seconds
[2025-11-07T11:40:29.631990] [DEBUG] HTTP request headers parsed
[2025-11-07T11:40:29.631979] [WARN] Connection retry attempt
[2025-11-07T11:40:29.631977] [WARN] High memory usage detected
[2025-11-07T11:40:29.631982] [ERROR] Memory allocation error
[2025-11-07T11:40:29.631981] [ERROR] Network timeout
[2025-11-07T11:40:29.631986] [DEBUG] Connection pool status checked
[2025-11-07T11:40:29.631961] [INFO] Service initialized
[2025-11-07T11:40:29.631988] [DEBUG] Thread pool size: 8
[2025-11-07T11:40:29.631984] [DEBUG] Cache key generated
[2025-11-07T11:40:29.631969] [INFO] Transaction completed
[2025-11-07T11:40:29.631970] [INFO] Configuration loaded
[2025-11-07T11:40:29.631974] [INFO] Database query executed
[2025-11-07T11:40:29.631985] [DEBUG] Connection pool status checked
[2025-11-07T11:40:29.631964] [INFO] Service initialized
[2025-11-07T11:40:29.631978] [WARN] Disk space low
[2025-11-07T11:40:29.631991] [DEBUG] HTTP request headers parsed
[2025-11-07T11:40:29.631983] [DEBUG] Loop iteration: 15
[2025-11-07T11:40:29.631972] [INFO] Configuration loaded
[2025-11-07T11:40:29.631975] [INFO] Database query executed
[2025-11-07T11:40:29.631973] [INFO] User logged in
