[2025-11-07T11:40:30.131778] [INFO] Health check passed
[2025-11-07T11:40:30.131784] [WARN] Cache miss
[2025-11-07T11:40:30.131774] [INFO] Health check passed
[2025-11-07T11:40:30.131788] [ERROR] Authentication failed
[2025-11-07T11:40:30.131795] [DEBUG] HTTP request headers parsed
[2025-11-07T11:40:30.131785] [WARN] Deprecated API usage
[2025-11-07T11:40:30.131767] [INFO] Request processed successfully
[2025-11-07T11:40:30.131794] [DEBUG] Memory allocation: 2048 bytes
[2025-11-07T11:40:30.131769] [INFO] Service initialized
[2025-11-07T11:40:30.131791] [DEBUG] Variable value: x=42
[2025-11-07T11:40:30.131790] [DEBUG] Loop iteration: 15
[2025-11-07T11:40:30.131772] [INFO] Configuration loaded
[2025-11-07T11:40:30.131783] [WARN] Cache miss
[2025-11-07T11:40:30.131786] [WARN] High memory usage detected
[2025-11-07T11:40:30.131768] [INFO] Configuration loaded
[2025-11-07T11:40:30.131789] [DEBUG] Loop iteration: 15
[2025-11-07T11:40:30.131766] [INFO] Database query executed
[2025-11-07T11:40:30.131775] [INFO] Database query executed
[2025-11-07T11:40:30.131770] [INFO] Session started
[2025-11-07T11:40:30.131773] [INFO] Connection established
[2025-11-07T11:40:30.131777] [INFO] User logged in
[2025-11-07T11:40:30.131787] [WARN] Slow query performance
[2025-11-07T11:40:30.131779] [INFO] Health check passed
[2025-11-07T11:40:30.131776] [INFO] Database query executed
[2025-11-07T11:40:30.131793] [DEBUG] Cache key generated
[2025-11-07T11:40:30.131764] [INFO] Service initialized
[2025-11-07T11:40:30.131782] [WARN] Queue size growing
[2025-11-07T11:40:30.131792] [DEBUG] Variable value: x=42
[2025-11-07T11:40:30.131781] [WARN] Deprecated API usage
[2025-11-07T11:40:30.131796] [DEBUG] Timer set: 30 seconds
[2025-11-07T11:40:30.131771] [INFO] Connection established
