[2025-11-07T11:40:29.538982] [DEBUG] Timer set: 30 seconds
[2025-11-07T11:40:29.538986] [DEBUG] Memory allocation: 2048 bytes
[2025-11-07T11:40:29.538966] [INFO] Session started
[2025-11-07T11:40:29.538988] [DEBUG] HTTP request headers parsed
[2025-11-07T11:40:29.538972] [INFO] User logged in
[2025-11-07T11:40:29.538975] [INFO] Request processed successfully
[2025-11-07T11:40:29.538985] [DEBUG] Buffer size: 4096 bytes
[2025-11-07T11:40:29.538981] [DEBUG] Buffer size: 4096 bytes
[2025-11-07T11:40:29.538978] [WARN] Slow query performance
[2025-11-07T11:40:29.538988] [DEBUG] Entering function process_data()
[2025-11-07T11:40:29.538967] [INFO] Health check passed
[2025-11-07T11:40:29.538976] [INFO] Connection established
[2025-11-07T11:40:29.538979] [ERROR] Service unavailable
[2025-11-07T11:40:29.538970] [INFO] Database query executed
[2025-11-07T11:40:29.538968] [INFO] Database query executed
[2025-11-07T11:40:29.538981] [DEBUG] Variable value: x=42
[2025-11-07T11:40:29.538973] [INFO] Transaction completed
[2025-11-07T11:40:29.538983] [DEBUG] Buffer size: 4096 bytes
[2025-11-07T11:40:29.538977] [WARN] Resource threshold approaching
[2025-11-07T11:40:29.538971] [INFO] Database query executed
[2025-11-07T11:40:29.538984] [DEBUG] Memory allocation: 2048 bytes
[2025-11-07T11:40:29.538964] [INFO] Database query executed
[2025-11-07T11:40:29.538974] [INFO] Database query executed
[2025-11-07T11:40:29.538969] [INFO] Health check passed
