[2025-11-07T11:40:29.658924] [DEBUG] Variable value: x=42
[2025-11-07T11:40:29.658911] [INFO] Health check passed
[2025-11-07T11:40:29.658910] [INFO] Configuration loaded
[2025-11-07T11:40:29.658923] [DEBUG] Variable value: x=42
[2025-11-07T11:40:29.658907] [INFO] Cache hit
[2025-11-07T11:40:29.658900] [INFO] Transaction completed
[2025-11-07T11:40:29.658921] [DEBUG] Timer set: 30 seconds
[2025-11-07T11:40:29.658925] [DEBUG] Connection pool status checked
[2025-11-07T11:40:29.658919] [ERROR] Authentication failed
[2025-11-07T11:40:29.658922] [DEBUG] Connection pool status checked
[2025-11-07T11:40:29.658913] [INFO] Service initialized
[2025-11-07T11:40:29.658906] [INFO] Service initialized
[2025-11-07T11:40:29.658909] [INFO] Session started
[2025-11-07T11:40:29.658917] [WARN] Disk space low
[2025-11-07T11:40:29.658920] [DEBUG] Buffer size: 4096 bytes
[2025-11-07T11:40:29.658915] [INFO] Transaction completed
[2025-11-07T11:40:29.658912] [INFO] Service initialized
[2025-11-07T11:40:29.658908] [INFO] Database query executed
[2025-11-07T11:40:29.658916] [WARN] Cache miss
[2025-11-07T11:40:29.658914] [INFO] Configuration loaded
[2025-11-07T11:40:29.658905] [INFO] User logged in
[2025-11-07T11:40:29.658902] [INFO] Service initialized
[2025-11-07T11:40:29.658899] [INFO] Cache hit
[2025-11-07T11:40:29.658904] [INFO] Configuration loaded
[2025-11-07T11:40:29.658903] [INFO] Session started
