[2025-11-07T11:40:30.036426] [WARN] Queue size growing
[2025-11-07T11:40:30.036436] [DEBUG] HTTP request headers parsed
[2025-11-07T11:40:30.036417] [INFO] Session started
[2025-11-07T11:40:30.036421] [INFO] Configuration loaded
[2025-11-07T11:40:30.036437] [DEBUG] Thread pool size: 8
[2025-11-07T11:40:30.036415] [INFO] Transaction completed
[2025-11-07T11:40:30.036422] [INFO] Health check passed
[2025-11-07T11:40:30.036412] [INFO] Configuration loaded
[2025-11-07T11:40:30.036439] [DEBUG] Cache key generated
[2025-11-07T11:40:30.036419] [INFO] Request processed successfully
[2025-11-07T11:40:30.036433] [DEBUG] Cache key generated
[2025-11-07T11:40:30.036411] [INFO] User logged in
[2025-11-07T11:40:30.036423] [INFO] Cache hit
[2025-11-07T11:40:30.036413] [INFO] Session started
[2025-11-07T11:40:30.036435] [DEBUG] Memory allocation: 2048 bytes
[2025-11-07T11:40:30.036425] [INFO] Transaction completed
[2025-11-07T11:40:30.036431] [DEBUG] Loop iteration: 15
[2025-11-07T11:40:30.036427] [WARN] Cache miss
[2025-11-07T11:40:30.036418] [INFO] Request processed successfully
[2025-11-07T11:40:30.036432] [DEBUG] Loop iteration: 15
[2025-11-07T11:40:30.036428] [WARN] High memory usage detected
[2025-11-07T11:40:30.036414] [INFO] Transaction completed
[2025-11-07T11:40:30.036409] [INFO] Service initialized
[2025-11-07T11:40:30.036420] [INFO] Request processed successfully
[2025-11-07T11:40:30.036424] [INFO] Cache hit
[2025-11-07T11:40:30.036416] [INFO] Request processed successfully
[2025-11-07T11:40:30.036430] [ERROR] Authentication failed
[2025-11-07T11:40:30.036434] [DEBUG] Memory allocation: 2048 bytes
[2025-11-07T11:40:30.036438] [DEBUG] Memory allocation: 2048 bytes
