[2025-11-07T11:40:30.181659] [DEBUG] Timer set: 30 seconds
[2025-11-07T11:40:30.181660] [DEBUG] Connection pool status checked
[2025-11-07T11:40:30.181638] [INFO] User logged in
[2025-11-07T11:40:30.181656] [DEBUG] Connection pool status checked
[2025-11-07T11:40:30.181639] [INFO] Service initialized
[2025-11-07T11:40:30.181637] [INFO] Session started
[2025-11-07T11:40:30.181642] [INFO] Connection established
[2025-11-07T11:40:30.181652] [ERROR] Authentication failed
[2025-11-07T11:40:30.181645] [INFO] Session started
[2025-11-07T11:40:30.181649] [WARN] Connection retry attempt
[2025-11-07T11:40:30.181636] [INFO] Configuration loaded
[2025-11-07T11:40:30.181644] [INFO] Session started
[2025-11-07T11:40:30.181640] [INFO] User logged in
[2025-11-07T11:40:30.181650] [WARN] Rate limit approaching
[2025-11-07T11:40:30.181658] [DEBUG] Connection pool status checked
[2025-11-07T11:40:30.181653] [ERROR] Authentication failed
[2025-11-07T11:40:30.181655] [DEBUG] Timer set: 30 seconds
[2025-11-07T11:40:30.181651] [WARN] Connection retry attempt
[2025-11-07T11:40:30.181661] [DEBUG] Timer set: 30 seconds
[2025-11-07T11:40:30.181643] [INFO] Cache hit
[2025-11-07T11:40:30.181654] [DEBUG] Entering function process_data()
[2025-11-07T11:40:30.181646] [INFO] Connection established
[2025-11-07T11:40:30.181657] [DEBUG] Memory allocation: 2048 bytes
[2025-11-07T11:40:30.181647] [INFO] Health check passed
[2025-11-07T11:40:30.181641] [INFO] Service initialized
[2025-11-07T11:40:30.181649] [WARN] Rate limit approaching
