[2025-11-07T11:40:30.004393] [ERROR] Permission denied
[2025-11-07T11:40:30.004391] [WARN] Cache miss
[2025-11-07T11:40:30.004379] [INFO] Request processed successfully
[2025-11-07T11:40:30.004374] [INFO] Health check passed
[2025-11-07T11:40:30.004404] [DEBUG] Thread pool size: 8
[2025-11-07T11:40:30.004383] [INFO] User logged in
[2025-11-07T11:40:30.004387] [INFO] Database query executed
[2025-11-07T11:40:30.004405] [DEBUG] HTTP request headers parsed
[2025-11-07T11:40:30.004386] [INFO] User logged in
[2025-11-07T11:40:30.004402] [DEBUG] Connection pool status checked
[2025-11-07T11:40:30.004396] [DEBUG] Memory allocation: 2048 bytes
[2025-11-07T11:40:30.004388] [WARN] Slow query performance
[2025-11-07T11:40:30.004389] [WARN] Connection retry attempt
[2025-11-07T11:40:30.004381] [INFO] Request processed successfully
[2025-11-07T11:40:30.004376] [INFO] Transaction completed
[2025-11-07T11:40:30.004401] [DEBUG] Connection pool status checked
[2025-11-07T11:40:30.004397] [DEBUG] Thread pool size: 8
[2025-11-07T11:40:30.004380] [INFO] Database query executed
[2025-11-07T11:40:30.004384] [INFO] Health check passed
[2025-11-07T11:40:30.004398] [DEBUG] Cache key generated
[2025-11-07T11:40:30.004403] [DEBUG] Thread pool size: 8
[2025-11-07T11:40:30.004392] [WARN] Slow query performance
[2025-11-07T11:40:30.004378] [INFO] Service initialized
[2025-11-07T11:40:30.004382] [INFO] Session started
[2025-11-07T11:40:30.004406] [DEBUG] Timer set: 30 seconds
[2025-11-07T11:40:30.004395] [DEBUG] Timer set: 30 seconds
[2025-11-07T11:40:30.004390] [WARN] Timeout warning
[2025-11-07T11:40:30.004385] [INFO] Configuration loaded
[2025-11-07T11:40:30.004400] [DEBUG] Cache key generated
[2025-11-07T11:40:30.004373] [INFO] Session started
[2025-11-07T11:40:30.004394] [ERROR] Disk read failed
[2025-11-07T11:40:30.004377] [INFO] Health check passed
[2025-11-07T11:40:30.004399] [DEBUG] Connection pool status checked
