[2025-11-07T11:40:29.772870] [INFO] Health check passed
[2025-11-07T11:40:29.772893] [ERROR] Memory allocation error
[2025-11-07T11:40:29.772888] [WARN] Deprecated API usage
[2025-11-07T11:40:29.772875] [INFO] Session started
[2025-11-07T11:40:29.772892] [ERROR] Network timeout
[2025-11-07T11:40:29.772885] [WARN] Rate limit approaching
[2025-11-07T11:40:29.772895] [DEBUG] Connection pool status checked
[2025-11-07T11:40:29.772894] [DEBUG] Loop iteration: 15
[2025-11-07T11:40:29.772889] [WARN] Timeout warning
[2025-11-07T11:40:29.772877] [INFO] User logged in
[2025-11-07T11:40:29.772891] [WARN] Resource threshold approaching
[2025-11-07T11:40:29.772873] [INFO] Cache hit
[2025-11-07T11:40:29.772882] [INFO] Health check passed
[2025-11-07T11:40:29.772878] [INFO] Request processed successfully
[2025-11-07T11:40:29.772890] [WARN] Disk space low
[2025-11-07T11:40:29.772887] [WARN] Rate limit approaching
[2025-11-07T11:40:29.772897] [DEBUG] Timer set: 30 seconds
[2025-11-07T11:40:29.772881] [INFO] Database query executed
[2025-11-07T11:40:29.772871] [INFO] Health check passed
[2025-11-07T11:40:29.772874] [INFO] Transaction completed
[2025-11-07T11:40:29.772896] [DEBUG] Timer set: 30 seconds
[2025-11-07T11:40:29.772880] [INFO] User logged in
[2025-11-07T11:40:29.772898] [DEBUG] Loop iteration: 15
[2025-11-07T11:40:29.772899] [DEBUG] Loop iteration: 15
[2025-11-07T11:40:29.772879] [INFO] Transaction completed
[2025-11-07T11:40:29.772883] [WARN] Connection retry attempt
[2025-11-07T11:40:29.772900] [DEBUG] Loop iteration: 15
[2025-11-07T11:40:29.772876] [INFO] Transaction completed
[2025-11-07T11:40:29.772902] [DEBUG] Connection pool status checked
[2025-11-07T11:40:29.772872] [INFO] Service initialized
[2025-11-07T11:40:29.772884] [WARN] Connection retry attempt
[2025-11-07T11:40:29.772901] [DEBUG] Cache key generated
