[2025-11-07T11:40:29.823726] [INFO] Connection established
[2025-11-07T11:40:29.823741] [WARN] Disk space low
[2025-11-07T11:40:29.823733] [INFO] Health check passed
[2025-11-07T11:40:29.823746] [DEBUG] Cache key generated
[2025-11-07T11:40:29.823730] [INFO] Transaction completed
[2025-11-07T11:40:29.823739] [WARN] Slow query performance
[2025-11-07T11:40:29.823727] [INFO] Session started
[2025-11-07T11:40:29.823722] [INFO] Service initialized
[2025-11-07T11:40:29.823748] [DEBUG] Loop iteration: 15
[2025-11-07T11:40:29.823749] [DEBUG] Connection pool status checked
[2025-11-07T11:40:29.823738] [WARN] Cache miss
[2025-11-07T11:40:29.823748] [DEBUG] Variable value: x=42
[2025-11-07T11:40:29.823737] [WARN] Slow query performance
[2025-11-07T11:40:29.823725] [INFO] Database query executed
[2025-11-07T11:40:29.823751] [DEBUG] Entering function process_data()
[2025-11-07T11:40:29.823742] [ERROR] Memory allocation error
[2025-11-07T11:40:29.823750] [DEBUG] Variable value: x=42
[2025-11-07T11:40:29.823732] [INFO] Connection established
[2025-11-07T11:40:29.823724] [INFO] User logged in
[2025-11-07T11:40:29.823729] [INFO] Transaction completed
[2025-11-07T11:40:29.823743] [ERROR] Database connection lost
[2025-11-07T11:40:29.823718] [INFO] Session started
[2025-11-07T11:40:29.823728] [INFO] Connection established
[2025-11-07T11:40:29.823740] [WARN] Disk space low
[2025-11-07T11:40:29.823735] [WARN] Resource threshold approaching
[2025-11-07T11:40:29.823720] [INFO] Service initialized
[2025-11-07T11:40:29.823736] [WARN] Cache miss
[2025-11-07T11:40:29.823744] [DEBUG] Cache key generated
[2025-11-07T11:40:29.823721] [INFO] Configuration loaded
[2025-11-07T11:40:29.823723] [INFO] Connection established
[2025-11-07T11:40:29.823745] [DEBUG] HTTP request headers parsed
[2025-11-07T11:40:29.823734] [WARN] Slow query performance
[2025-11-07T11:40:29.823731] [INFO] Transaction completed
