[2025-11-07T11:40:29.547950] [WARN] Queue size growing
[2025-11-07T11:40:29.547946] [INFO] Request processed successfully
[2025-11-07T11:40:29.547935] [INFO] Database query executed
[2025-11-07T11:40:29.547937] [INFO] Connection established
[2025-11-07T11:40:29.547939] [INFO] Service initialized
[2025-11-07T11:40:29.547957] [DEBUG] Buffer size: 4096 bytes
[2025-11-07T11:40:29.547956] [DEBUG] Connection pool status checked
[2025-11-07T11:40:29.547949] [WARN] High memory usage detected
[2025-11-07T11:40:29.547953] [DEBUG] Buffer size: 4096 bytes
[2025-11-07T11:40:29.547951] [ERROR] Authentication failed
[2025-11-07T11:40:29.547943] [INFO] Health check passed
[2025-11-07T11:40:29.547955] [DEBUG] Buffer size: 4096 bytes
[2025-11-07T11:40:29.547954] [DEBUG] Memory allocation: 2048 bytes
[2025-11-07T11:40:29.547947] [WARN] Cache miss
[2025-11-07T11:40:29.547960] [DEBUG] Timer set: 30 seconds
[2025-11-07T11:40:29.547942] [INFO] Service initialized
[2025-11-07T11:40:29.547948] [WARN] Slow query performance
[2025-11-07T11:40:29.547956] [DEBUG] Memory allocation: 2048 bytes
[2025-11-07T11:40:29.547941] [INFO] Request processed successfully
[2025-11-07T11:40:29.547940] [INFO] User logged in
[2025-11-07T11:40:29.547938] [INFO] Configuration loaded
[2025-11-07T11:40:29.547945] [INFO] Connection established
[2025-11-07T11:40:29.547958] [DEBUG] Timer set: 30 seconds
[2025-11-07T11:40:29.547959] [DEBUG] HTTP request headers parsed
[2025-11-07T11:40:29.547944] [INFO] Service initialized
