[2025-11-07T11:40:29.883718] [WARN] Deprecated API usage
[2025-11-07T11:40:29.883716] [INFO] Service initialized
[2025-11-07T11:40:29.883714] [INFO] Connection established
[2025-11-07T11:40:29.883711] [INFO] Service initialized
[2025-11-07T11:40:29.883720] [WARN] High memory usage detected
[2025-11-07T11:40:29.883728] [DEBUG] Connection pool status checked
[2025-11-07T11:40:29.883726] [DEBUG] Buffer size: 4096 bytes
[2025-11-07T11:40:29.883725] [DEBUG] Loop iteration: 15
[2025-11-07T11:40:29.883692] [INFO] Session started
[2025-11-07T11:40:29.883727] [DEBUG] Thread pool size: 8
[2025-11-07T11:40:29.883723] [DEBUG] Memory allocation: 2048 bytes
[2025-11-07T11:40:29.883721] [WARN] Deprecated API usage
[2025-11-07T11:40:29.883730] [DEBUG] Entering function process_data()
[2025-11-07T11:40:29.883712] [INFO] User logged in
[2025-11-07T11:40:29.883708] [INFO] Request processed successfully
[2025-11-07T11:40:29.883709] [INFO] Database query executed
[2025-11-07T11:40:29.883690] [INFO] Cache hit
[2025-11-07T11:40:29.883715] [INFO] Session started
[2025-11-07T11:40:29.883691] [INFO] Configuration loaded
[2025-11-07T11:40:29.883686] [INFO] Transaction completed
[2025-11-07T11:40:29.883717] [WARN] Rate limit approaching
[2025-11-07T11:40:29.883731] [DEBUG] Variable value: x=42
[2025-11-07T11:40:29.883688] [INFO] Session started
[2025-11-07T11:40:29.883729] [DEBUG] Entering function process_data()
[2025-11-07T11:40:29.883713] [INFO] Service initialized
[2025-11-07T11:40:29.883722] [ERROR] Database connection lost
[2025-11-07T11:40:29.883710] [INFO] Service initialized
[2025-11-07T11:40:29.883719] [WARN] Resource threshold approaching
[2025-11-07T11:40:29.883724] [DEBUG] Connection pool status checked
[2025-11-07T11:40:29.883687] [INFO] Request processed successfully
