[2025-11-07T11:40:29.300347] [DEBUG] Buffer size: 4096 bytes
[2025-11-07T11:40:29.300336] [WARN] Deprecated API usage
[2025-11-07T11:40:29.300337] [WARN] Resource threshold approaching
[2025-11-07T11:40:29.300327] [INFO] Transaction completed
[2025-11-07T11:40:29.300328] [INFO] Service initialized
[2025-11-07T11:40:29.300345] [DEBUG] HTTP request headers parsed
[2025-11-07T11:40:29.300326] [INFO] Connection established
[2025-11-07T11:40:29.300333] [INFO] Cache hit
[2025-11-07T11:40:29.300322] [INFO] Transaction completed
[2025-11-07T11:40:29.300335] [WARN] Queue size growing
[2025-11-07T11:40:29.300342] [DEBUG] Timer set: 30 seconds
[2025-11-07T11:40:29.300346] [DEBUG] Entering function process_data()
[2025-11-07T11:40:29.300323] [INFO] Connection established
[2025-11-07T11:40:29.300331] [INFO] Service initialized
[2025-11-07T11:40:29.300325] [INFO] Connection established
[2025-11-07T11:40:29.300348] [DEBUG] Memory allocation: 2048 bytes
[2025-11-07T11:40:29.300339] [DEBUG] Variable value: x=42
[2025-11-07T11:40:29.300341] [DEBUG] Variable value: x=42
[2025-11-07T11:40:29.300329] [INFO] User logged in
[2025-11-07T11:40:29.300334] [WARN] Rate limit approaching
[2025-11-07T11:40:29.300330] [INFO] Connection established
[2025-11-07T11:40:29.300324] [INFO] Service initialized
[2025-11-07T11:40:29.300349] [DEBUG] Buffer size: 4096 bytes
[2025-11-07T11:40:29.300332] [INFO] Cache hit
[2025-11-07T11:40:29.300350] [DEBUG] HTTP request headers parsed
[2025-11-07T11:40:29.300338] [ERROR] Disk read failed
[2025-11-07T11:40:29.300340] [DEBUG] Timer set: 30 seconds
[2025-11-07T11:40:29.300344] [DEBUG] HTTP request headers parsed
