[2025-11-07T11:40:29.444435] [INFO] Request processed successfully
[2025-11-07T11:40:29.444440] [INFO] User logged in
[2025-11-07T11:40:29.444436] [INFO] Connection established
[2025-11-07T11:40:29.444458] [DEBUG] HTTP request headers parsed
[2025-11-07T11:40:29.444456] [ERROR] Request failed
[2025-11-07T11:40:29.444455] [ERROR] File not found
[2025-11-07T11:40:29.444437] [INFO] User logged in
[2025-11-07T11:40:29.444451] [WARN] Slow query performance
[2025-11-07T11:40:29.444448] [INFO] Session started
[2025-11-07T11:40:29.444450] [WARN] Resource threshold approaching
[2025-11-07T11:40:29.444460] [DEBUG] Connection pool status checked
[2025-11-07T11:40:29.444439] [INFO] Health check passed
[2025-11-07T11:40:29.444453] [WARN] Rate limit approaching
[2025-11-07T11:40:29.444444] [INFO] Transaction completed
[2025-11-07T11:40:29.444447] [INFO] User logged in
[2025-11-07T11:40:29.444443] [INFO] Configuration loaded
[2025-11-07T11:40:29.444457] [DEBUG] Entering function process_data()
[2025-11-07T11:40:29.444442] [INFO] Configuration loaded
[2025-11-07T11:40:29.444466] [DEBUG] HTTP request headers parsed
[2025-11-07T11:40:29.444461] [DEBUG] Buffer size: 4096 bytes
[2025-11-07T11:40:29.444459] [DEBUG] Loop iteration: 15
[2025-11-07T11:40:29.444463] [DEBUG] Thread pool size: 8
[2025-11-07T11:40:29.444441] [INFO] Connection established
[2025-11-07T11:40:29.444454] [WARN] Timeout warning
[2025-11-07T11:40:29.444464] [DEBUG] Loop iteration: 15
[2025-11-07T11:40:29.444438] [INFO] Request processed successfully
[2025-11-07T11:40:29.444462] [DEBUG] Cache key generated
[2025-11-07T11:40:29.444449] [WARN] High memory usage detected
[2025-11-07T11:40:29.444445] [INFO] Session started
[2025-11-07T11:40:29.444433] [INFO] Configuration loaded
[2025-11-07T11:40:29.444452] [WARN] Disk space low
[2025-11-07T11:40:29.444446] [INFO] User logged in
[2025-11-07T11:40:29.444434] [INFO] Connection established
