[2025-11-07T11:40:30.347785] [DEBUG] Cache key generated
[2025-11-07T11:40:30.347766] [INFO] Database query executed
[2025-11-07T11:40:30.347782] [DEBUG] Timer set: 30 seconds
[2025-11-07T11:40:30.347770] [WARN] Deprecated API usage
[2025-11-07T11:40:30.347775] [ERROR] Network timeout
[2025-11-07T11:40:30.347768] [INFO] Transaction completed
[2025-11-07T11:40:30.347771] [WARN] High memory usage detected
[2025-11-07T11:40:30.347783] [DEBUG] Loop iteration: 15
[2025-11-07T11:40:30.347781] [DEBUG] Connection pool status checked
[2025-11-07T11:40:30.347777] [DEBUG] Memory allocation: 2048 bytes
[2025-11-07T11:40:30.347779] [DEBUG] Loop iteration: 15
[2025-11-07T11:40:30.347762] [INFO] Database query executed
[2025-11-07T11:40:30.347784] [DEBUG] Variable value: x=42
[2025-11-07T11:40:30.347773] [WARN] Connection retry attempt
[2025-11-07T11:40:30.347760] [INFO] Database query executed
[2025-11-07T11:40:30.347778] [DEBUG] Thread pool size: 8
[2025-11-07T11:40:30.347780] [DEBUG] Cache key generated
[2025-11-07T11:40:30.347774] [ERROR] Invalid input data
[2025-11-07T11:40:30.347765] [INFO] Health check passed
[2025-11-07T11:40:30.347767] [INFO] Cache hit
[2025-11-07T11:40:30.347764] [INFO] User logged in
[2025-11-07T11:40:30.347772] [WARN] Slow query performance
[2025-11-07T11:40:30.347759] [INFO] Cache hit
[2025-11-07T11:40:30.347761] [INFO] User logged in
[2025-11-07T11:40:30.347763] [INFO] Configuration loaded
[2025-11-07T11:40:30.347769] [INFO] User logged in
