[2025-11-07T11:40:29.585671] [DEBUG] Variable value: x=42
[2025-11-07T11:40:29.585652] [INFO] Database query executed
[2025-11-07T11:40:29.585659] [INFO] Transaction completed
[2025-11-07T11:40:29.585650] [INFO] Database query executed
[2025-11-07T11:40:29.585646] [INFO] User logged in
[2025-11-07T11:40:29.585673] [DEBUG] Cache key generated
[2025-11-07T11:40:29.585645] [INFO] Service initialized
[2025-11-07T11:40:29.585660] [INFO] Configuration loaded
[2025-11-07T11:40:29.585667] [ERROR] Database connection lost
[2025-11-07T11:40:29.585656] [INFO] Service initialized
[2025-11-07T11:40:29.585663] [WARN] Deprecated API usage
[2025-11-07T11:40:29.585649] [INFO] Service initialized
[2025-11-07T11:40:29.585661] [WARN] Queue size growing
[2025-11-07T11:40:29.585672] [DEBUG] Entering function process_data()
[2025-11-07T11:40:29.585675] [DEBUG] HTTP request headers parsed
[2025-11-07T11:40:29.585655] [INFO] Connection established
[2025-11-07T11:40:29.585651] [INFO] Request processed successfully
[2025-11-07T11:40:29.585670] [DEBUG] Timer set: 30 seconds
[2025-11-07T11:40:29.585647] [INFO] Configuration loaded
[2025-11-07T11:40:29.585653] [INFO] Cache hit
[2025-11-07T11:40:29.585666] [WARN] Queue size growing
[2025-11-07T11:40:29.585664] [WARN] Deprecated API usage
[2025-11-07T11:40:29.585669] [DEBUG] Timer set: 30 seconds
[2025-11-07T11:40:29.585665] [WARN] Resource threshold approaching
[2025-11-07T11:40:29.585658] [INFO] Service initialized
[2025-11-07T11:40:29.585662] [WARN] Disk space low
[2025-11-07T11:40:29.585648] [INFO] Session started
[2025-11-07T11:40:29.585668] [DEBUG] Timer set: 30 seconds
[2025-11-07T11:40:29.585674] [DEBUG] HTTP request headers parsed
[2025-11-07T11:40:29.585657] [INFO] Health check passed
[2025-11-07T11:40:29.585654] [INFO] Request processed successfully
