[2025-11-07T11:40:29.310553] [INFO] Request processed successfully
[2025-11-07T11:40:29.310549] [INFO] Connection established
[2025-11-07T11:40:29.310546] [INFO] Session started
[2025-11-07T11:40:29.310563] [DEBUG] Timer set: 30 seconds
[2025-11-07T11:40:29.310558] [ERROR] Memory allocation error
[2025-11-07T11:40:29.310562] [DEBUG] Variable value: x=42
[2025-11-07T11:40:29.310559] [DEBUG] Timer set: 30 seconds
[2025-11-07T11:40:29.310543] [INFO] Session started
[2025-11-07T11:40:29.310564] [DEBUG] Thread pool size: 8
[2025-11-07T11:40:29.310556] [WARN] Connection retry attempt
[2025-11-07T11:40:29.310560] [DEBUG] Variable value: x=42
[2025-11-07T11:40:29.310554] [WARN] Timeout warning
[2025-11-07T11:40:29.310540] [INFO] Service initialized
[2025-11-07T11:40:29.310561] [DEBUG] Connection pool status checked
[2025-11-07T11:40:29.310557] [ERROR] Permission denied
[2025-11-07T11:40:29.310547] [INFO] Service initialized
[2025-11-07T11:40:29.310552] [INFO] User logged in
[2025-11-07T11:40:29.310545] [INFO] Transaction completed
[2025-11-07T11:40:29.310551] [INFO] Cache hit
[2025-11-07T11:40:29.310550] [INFO] Cache hit
[2025-11-07T11:40:29.310555] [WARN] High memory usage detected
[2025-11-07T11:40:29.310544] [INFO] Cache hit
[2025-11-07T11:40:29.310548] [INFO] Cache hit
[2025-11-07T11:40:29.310542] [INFO] Request processed successfully
[2025-11-07T11:40:29.310541] [INFO] Request processed successfully
