[2025-11-07T11:40:30.116000] [INFO] Session started
[2025-11-07T11:40:30.116043] [WARN] Disk space low
[2025-11-07T11:40:30.116048] [DEBUG] HTTP request headers parsed
[2025-11-07T11:40:30.116026] [INFO] Cache hit
[2025-11-07T11:40:30.116021] [INFO] Service initialized
[2025-11-07T11:40:30.116052] [DEBUG] Variable value: x=42
[2025-11-07T11:40:30.116025] [INFO] Session started
[2025-11-07T11:40:30.116022] [INFO] Cache hit
[2025-11-07T11:40:30.116054] [DEBUG] Memory allocation: 2048 bytes
[2025-11-07T11:40:30.116056] [DEBUG] Buffer size: 4096 bytes
[2025-11-07T11:40:30.116004] [INFO] Request processed successfully
[2025-11-07T11:40:30.116041] [WARN] Connection retry attempt
[2025-11-07T11:40:30.116045] [ERROR] Permission denied
[2025-11-07T11:40:30.116044] [WARN] Cache miss
[2025-11-07T11:40:30.116051] [DEBUG] Connection pool status checked
[2025-11-07T11:40:30.116001] [INFO] Configuration loaded
[2025-11-07T11:40:30.116003] [INFO] Transaction completed
[2025-11-07T11:40:30.116024] [INFO] Transaction completed
[2025-11-07T11:40:30.116039] [WARN] Slow query performance
[2025-11-07T11:40:30.116023] [INFO] Transaction completed
[2025-11-07T11:40:30.115998] [INFO] Session started
[2025-11-07T11:40:30.116050] [DEBUG] HTTP request headers parsed
[2025-11-07T11:40:30.116055] [DEBUG] Connection pool status checked
[2025-11-07T11:40:30.116040] [WARN] Cache miss
[2025-11-07T11:40:30.116057] [DEBUG] Loop iteration: 15
[2025-11-07T11:40:30.116002] [INFO] Transaction completed
[2025-11-07T11:40:30.115999] [INFO] Request processed successfully
[2025-11-07T11:40:30.116005] [INFO] Cache hit
[2025-11-07T11:40:30.116049] [DEBUG] Thread pool size: 8
[2025-11-07T11:40:30.116047] [DEBUG] Cache key generated
[2025-11-07T11:40:30.116046] [ERROR] Memory allocation error
[2025-11-07T11:40:30.116006] [INFO] Configuration loaded
[2025-11-07T11:40:30.116053] [DEBUG] Buffer size: 4096 bytes
