[2025-11-07T11:40:30.070635] [INFO] Health check passed
[2025-11-07T11:40:30.070653] [DEBUG] Variable value: x=42
[2025-11-07T11:40:30.070641] [INFO] Configuration loaded
[2025-11-07T11:40:30.070637] [INFO] User logged in
[2025-11-07T11:40:30.070650] [DEBUG] Variable value: x=42
[2025-11-07T11:40:30.070652] [DEBUG] Thread pool size: 8
[2025-11-07T11:40:30.070648] [DEBUG] Memory allocation: 2048 bytes
[2025-11-07T11:40:30.070643] [INFO] User logged in
[2025-11-07T11:40:30.070632] [INFO] Service initialized
[2025-11-07T11:40:30.070644] [WARN] Timeout warning
[2025-11-07T11:40:30.070645] [ERROR] Permission denied
[2025-11-07T11:40:30.070633] [INFO] Cache hit
[2025-11-07T11:40:30.070636] [INFO] User logged in
[2025-11-07T11:40:30.070654] [DEBUG] Cache key generated
[2025-11-07T11:40:30.070655] [DEBUG] Connection pool status checked
[2025-11-07T11:40:30.070639] [INFO] Transaction completed
[2025-11-07T11:40:30.070649] [DEBUG] Entering function process_data()
[2025-11-07T11:40:30.070647] [ERROR] Authentication failed
[2025-11-07T11:40:30.070631] [INFO] Connection established
[2025-11-07T11:40:30.070628] [INFO] Connection established
[2025-11-07T11:40:30.070651] [DEBUG] Memory allocation: 2048 bytes
[2025-11-07T11:40:30.070646] [ERROR] Invalid input data
[2025-11-07T11:40:30.070640] [INFO] Configuration loaded
[2025-11-07T11:40:30.070638] [INFO] Configuration loaded
[2025-11-07T11:40:30.070630] [INFO] Service initialized
[2025-11-07T11:40:30.070642] [INFO] Configuration loaded
[2025-11-07T11:40:30.070634] [INFO] Health check passed
[2025-11-07T11:40:30.070656] [DEBUG] Thread pool size: 8
