[2025-11-07T11:40:29.588010] [INFO] Service initialized
[2025-11-07T11:40:29.588027] [DEBUG] HTTP request headers parsed
[2025-11-07T11:40:29.588023] [DEBUG] Cache key generated
[2025-11-07T11:40:29.588025] [DEBUG] Connection pool status checked
[2025-11-07T11:40:29.588002] [INFO] Service initialized
[2025-11-07T11:40:29.588019] [ERROR] Service unavailable
[2025-11-07T11:40:29.588016] [INFO] Connection established
[2025-11-07T11:40:29.588021] [ERROR] Permission denied
[2025-11-07T11:40:29.588005] [INFO] Configuration loaded
[2025-11-07T11:40:29.588013] [INFO] Health check passed
[2025-11-07T11:40:29.588014] [INFO] Session started
[2025-11-07T11:40:29.588017] [WARN] Timeout warning
[2025-11-07T11:40:29.588009] [INFO] Configuration loaded
[2025-11-07T11:40:29.588012] [INFO] Health check passed
[2025-11-07T11:40:29.588004] [INFO] Cache hit
[2025-11-07T11:40:29.588015] [INFO] Service initialized
[2025-11-07T11:40:29.588000] [INFO] Service initialized
[2025-11-07T11:40:29.588026] [DEBUG] Loop iteration: 15
[2025-11-07T11:40:29.588020] [ERROR] Service unavailable
[2025-11-07T11:40:29.588022] [DEBUG] Thread pool size: 8
[2025-11-07T11:40:29.588018] [WARN] Disk space low
[2025-11-07T11:40:29.588007] [INFO] Cache hit
[2025-11-07T11:40:29.588011] [INFO] Connection established
[2025-11-07T11:40:29.588008] [INFO] Database query executed
[2025-11-07T11:40:29.588003] [INFO] Session started
[2025-11-07T11:40:29.588006] [INFO] Database query executed
[2025-11-07T11:40:29.588024] [DEBUG] Memory allocation: 2048 bytes
