[2025-11-07T11:40:29.483147] [INFO] Transaction completed
[2025-11-07T11:40:29.483164] [ERROR] Request failed
[2025-11-07T11:40:29.483168] [DEBUG] HTTP request headers parsed
[2025-11-07T11:40:29.483170] [DEBUG] Buffer size: 4096 bytes
[2025-11-07T11:40:29.483150] [INFO] Connection established
[2025-11-07T11:40:29.483160] [WARN] Timeout warning
[2025-11-07T11:40:29.483149] [INFO] Health check passed
[2025-11-07T11:40:29.483173] [DEBUG] Timer set: 30 seconds
[2025-11-07T11:40:29.483152] [INFO] Request processed successfully
[2025-11-07T11:40:29.483158] [WARN] Deprecated API usage
[2025-11-07T11:40:29.483166] [DEBUG] Entering function process_data()
[2025-11-07T11:40:29.483167] [DEBUG] Memory allocation: 2048 bytes
[2025-11-07T11:40:29.483171] [DEBUG] Variable value: x=42
[2025-11-07T11:40:29.483144] [INFO] Database query executed
[2025-11-07T11:40:29.483165] [DEBUG] Buffer size: 4096 bytes
[2025-11-07T11:40:29.483161] [WARN] High memory usage detected
[2025-11-07T11:40:29.483146] [INFO] Cache hit
[2025-11-07T11:40:29.483163] [ERROR] Request failed
[2025-11-07T11:40:29.483154] [INFO] Request processed successfully
[2025-11-07T11:40:29.483151] [INFO] Session started
[2025-11-07T11:40:29.483172] [DEBUG] Thread pool size: 8
[2025-11-07T11:40:29.483155] [INFO] Health check passed
[2025-11-07T11:40:29.483160] [WARN] Resource threshold approaching
[2025-11-07T11:40:29.483148] [INFO] Configuration loaded
[2025-11-07T11:40:29.483159] [WARN] Disk space low
[2025-11-07T11:40:29.483153] [INFO] Configuration loaded
[2025-11-07T11:40:29.483157] [INFO] Health check passed
[2025-11-07T11:40:29.483169] [DEBUG] Entering function process_data()
[2025-11-07T11:40:29.483155] [INFO] User logged in
