[2025-11-07T11:40:29.462596] [DEBUG] Connection pool status checked
[2025-11-07T11:40:29.462576] [INFO] Request processed successfully
[2025-11-07T11:40:29.462586] [WARN] Slow query performance
[2025-11-07T11:40:29.462578] [INFO] Connection established
[2025-11-07T11:40:29.462579] [INFO] Transaction completed
[2025-11-07T11:40:29.462584] [INFO] Service initialized
[2025-11-07T11:40:29.462580] [INFO] Transaction completed
[2025-11-07T11:40:29.462598] [DEBUG] Buffer size: 4096 bytes
[2025-11-07T11:40:29.462591] [ERROR] Disk read failed
[2025-11-07T11:40:29.462595] [DEBUG] Variable value: x=42
[2025-11-07T11:40:29.462583] [INFO] Cache hit
[2025-11-07T11:40:29.462589] [WARN] Deprecated API usage
[2025-11-07T11:40:29.462593] [ERROR] Service unavailable
[2025-11-07T11:40:29.462575] [INFO] User logged in
[2025-11-07T11:40:29.462582] [INFO] Configuration loaded
[2025-11-07T11:40:29.462599] [DEBUG] Thread pool size: 8
[2025-11-07T11:40:29.462585] [INFO] Configuration loaded
[2025-11-07T11:40:29.462581] [INFO] Cache hit
[2025-11-07T11:40:29.462594] [DEBUG] Variable value: x=42
[2025-11-07T11:40:29.462577] [INFO] Transaction completed
[2025-11-07T11:40:29.462592] [ERROR] Request failed
[2025-11-07T11:40:29.462602] [DEBUG] Memory allocation: 2048 bytes
[2025-11-07T11:40:29.462588] [WARN] Deprecated API usage
[2025-11-07T11:40:29.462601] [DEBUG] Thread pool size: 8
[2025-11-07T11:40:29.462587] [WARN] Deprecated API usage
[2025-11-07T11:40:29.462590] [ERROR] Service unavailable
[2025-11-07T11:40:29.462573] [INFO] Request processed successfully
[2025-11-07T11:40:29.462600] [DEBUG] Entering function process_data()
[2025-11-07T11:40:29.462597] [DEBUG] Connection pool status checked
[2025-11-07T11:40:29.462574] [INFO] Service initialized
