[2025-11-07T11:40:30.301725] [INFO] Configuration loaded
[2025-11-07T11:40:30.301878] [DEBUG] Connection pool status checked
[2025-11-07T11:40:30.301880] [DEBUG] Connection pool status checked
[2025-11-07T11:40:30.301734] [INFO] Configuration loaded
[2025-11-07T11:40:30.301850] [WARN] Connection retry attempt
[2025-11-07T11:40:30.301843] [INFO] Cache hit
[2025-11-07T11:40:30.301837] [INFO] Health check passed
[2025-11-07T11:40:30.301879] [DEBUG] Variable value: x=42
[2025-11-07T11:40:30.301846] [INFO] Cache hit
[2025-11-07T11:40:30.301731] [INFO] User logged in
[2025-11-07T11:40:30.301870] [ERROR] File not found
[2025-11-07T11:40:30.301733] [INFO] User logged in
[2025-11-07T11:40:30.301875] [DEBUG] Buffer size: 4096 bytes
[2025-11-07T11:40:30.301727] [INFO] Request processed successfully
[2025-11-07T11:40:30.301867] [WARN] Timeout warning
[2025-11-07T11:40:30.301728] [INFO] Session started
[2025-11-07T11:40:30.301729] [INFO] Session started
[2025-11-07T11:40:30.301726] [INFO] Cache hit
[2025-11-07T11:40:30.301855] [WARN] Cache miss
[2025-11-07T11:40:30.301722] [INFO] Health check passed
[2025-11-07T11:40:30.301876] [DEBUG] Timer set: 30 seconds
[2025-11-07T11:40:30.301881] [DEBUG] Thread pool size: 8
[2025-11-07T11:40:30.301840] [INFO] Cache hit
[2025-11-07T11:40:30.301730] [INFO] Connection established
[2025-11-07T11:40:30.301853] [WARN] Rate limit approaching
[2025-11-07T11:40:30.301871] [ERROR] File not found
[2025-11-07T11:40:30.301735] [INFO] Transaction completed
[2025-11-07T11:40:30.301829] [INFO] Cache hit
[2025-11-07T11:40:30.301877] [DEBUG] Variable value: x=42
[2025-11-07T11:40:30.301874] [DEBUG] Memory allocation: 2048 bytes
[2025-11-07T11:40:30.301723] [INFO] Cache hit
[2025-11-07T11:40:30.301872] [DEBUG] Connection pool status checked
[2025-11-07T11:40:30.301732] [INFO] Connection established
