[2025-11-07T11:40:29.713773] [ERROR] Permission denied
[2025-11-07T11:40:29.713758] [INFO] Request processed successfully
[2025-11-07T11:40:29.713782] [DEBUG] Loop iteration: 15
[2025-11-07T11:40:29.713780] [DEBUG] Cache key generated
[2025-11-07T11:40:29.713756] [INFO] Service initialized
[2025-11-07T11:40:29.713781] [DEBUG] Memory allocation: 2048 bytes
[2025-11-07T11:40:29.713768] [WARN] Disk space low
[2025-11-07T11:40:29.713762] [INFO] Database query executed
[2025-11-07T11:40:29.713777] [DEBUG] Loop iteration: 15
[2025-11-07T11:40:29.713771] [WARN] Resource threshold approaching
[2025-11-07T11:40:29.713774] [DEBUG] Connection pool status checked
[2025-11-07T11:40:29.713753] [INFO] Configuration loaded
[2025-11-07T11:40:29.713778] [DEBUG] Entering function process_data()
[2025-11-07T11:40:29.713766] [INFO] Request processed successfully
[2025-11-07T11:40:29.713775] [DEBUG] Timer set: 30 seconds
[2025-11-07T11:40:29.713779] [DEBUG] Cache key generated
[2025-11-07T11:40:29.713763] [INFO] Health check passed
[2025-11-07T11:40:29.713770] [WARN] Timeout warning
[2025-11-07T11:40:29.713757] [INFO] Health check passed
[2025-11-07T11:40:29.713759] [INFO] Cache hit
[2025-11-07T11:40:29.713783] [DEBUG] Variable value: x=42
[2025-11-07T11:40:29.713765] [INFO] Configuration loaded
[2025-11-07T11:40:29.713772] [ERROR] File not found
[2025-11-07T11:40:29.713767] [INFO] Database query executed
[2025-11-07T11:40:29.713769] [WARN] Resource threshold approaching
[2025-11-07T11:40:29.713754] [INFO] Database query executed
[2025-11-07T11:40:29.713764] [INFO] Configuration loaded
[2025-11-07T11:40:29.713760] [INFO] User logged in
