[2025-11-07T11:40:29.298547] [INFO] Transaction completed
[2025-11-07T11:40:29.298549] [INFO] Database query executed
[2025-11-07T11:40:29.298570] [DEBUG] HTTP request headers parsed
[2025-11-07T11:40:29.298557] [WARN] Resource threshold approaching
[2025-11-07T11:40:29.298552] [INFO] Session started
[2025-11-07T11:40:29.298560] [ERROR] Permission denied
[2025-11-07T11:40:29.298545] [INFO] User logged in
[2025-11-07T11:40:29.298567] [DEBUG] Connection pool status checked
[2025-11-07T11:40:29.298569] [DEBUG] Entering function process_data()
[2025-11-07T11:40:29.298548] [INFO] User logged in
[2025-11-07T11:40:29.298555] [INFO] Database query executed
[2025-11-07T11:40:29.298565] [DEBUG] Timer set: 30 seconds
[2025-11-07T11:40:29.298554] [INFO] User logged in
[2025-11-07T11:40:29.298543] [INFO] Cache hit
[2025-11-07T11:40:29.298563] [DEBUG] Buffer size: 4096 bytes
[2025-11-07T11:40:29.298541] [INFO] Transaction completed
[2025-11-07T11:40:29.298542] [INFO] Service initialized
[2025-11-07T11:40:29.298550] [INFO] Connection established
[2025-11-07T11:40:29.298551] [INFO] User logged in
[2025-11-07T11:40:29.298561] [ERROR] Invalid input data
[2025-11-07T11:40:29.298548] [INFO] Session started
[2025-11-07T11:40:29.298553] [INFO] Database query executed
[2025-11-07T11:40:29.298568] [DEBUG] Memory allocation: 2048 bytes
[2025-11-07T11:40:29.298556] [WARN] High memory usage detected
[2025-11-07T11:40:29.298566] [DEBUG] Variable value: x=42
[2025-11-07T11:40:29.298559] [ERROR] Memory allocation error
[2025-11-07T11:40:29.298564] [DEBUG] Buffer size: 4096 bytes
[2025-11-07T11:40:29.298562] [DEBUG] HTTP request headers parsed
[2025-11-07T11:40:29.298544] [INFO] Cache hit
