[2025-11-07T11:40:30.074776] [DEBUG] Connection pool status checked
[2025-11-07T11:40:30.074763] [INFO] Transaction completed
[2025-11-07T11:40:30.074781] [DEBUG] HTTP request headers parsed
[2025-11-07T11:40:30.074753] [INFO] Service initialized
[2025-11-07T11:40:30.074752] [INFO] Connection established
[2025-11-07T11:40:30.074755] [INFO] Connection established
[2025-11-07T11:40:30.074758] [INFO] Database query executed
[2025-11-07T11:40:30.074772] [ERROR] Disk read failed
[2025-11-07T11:40:30.074762] [INFO] User logged in
[2025-11-07T11:40:30.074761] [INFO] Configuration loaded
[2025-11-07T11:40:30.074769] [WARN] Cache miss
[2025-11-07T11:40:30.074780] [DEBUG] Cache key generated
[2025-11-07T11:40:30.074783] [DEBUG] Memory allocation: 2048 bytes
[2025-11-07T11:40:30.074759] [INFO] Connection established
[2025-11-07T11:40:30.074784] [DEBUG] Entering function process_data()
[2025-11-07T11:40:30.074767] [WARN] Deprecated API usage
[2025-11-07T11:40:30.074774] [DEBUG] Buffer size: 4096 bytes
[2025-11-07T11:40:30.074760] [INFO] Transaction completed
[2025-11-07T11:40:30.074757] [INFO] Service initialized
[2025-11-07T11:40:30.074768] [WARN] Rate limit approaching
[2025-11-07T11:40:30.074770] [WARN] Resource threshold approaching
[2025-11-07T11:40:30.074765] [INFO] Configuration loaded
[2025-11-07T11:40:30.074764] [INFO] Cache hit
[2025-11-07T11:40:30.074778] [DEBUG] HTTP request headers parsed
[2025-11-07T11:40:30.074782] [DEBUG] Memory allocation: 2048 bytes
[2025-11-07T11:40:30.074771] [WARN] Cache miss
[2025-11-07T11:40:30.074756] [INFO] User logged in
[2025-11-07T11:40:30.074754] [INFO] Transaction completed
[2025-11-07T11:40:30.074779] [DEBUG] Entering function process_data()
[2025-11-07T11:40:30.074773] [ERROR] Invalid input data
[2025-11-07T11:40:30.074785] [DEBUG] Timer set: 30 seconds
[2025-11-07T11:40:30.074777] [DEBUG] Loop iteration: 15
[2025-11-07T11:40:30.074775] [DEBUG] Timer set: 30 seconds
