[2025-11-07T11:40:29.463848] [DEBUG] Timer set: 30 seconds
[2025-11-07T11:40:29.463836] [WARN] Deprecated API usage
[2025-11-07T11:40:29.463852] [DEBUG] Buffer size: 4096 bytes
[2025-11-07T11:40:29.463835] [WARN] Cache miss
[2025-11-07T11:40:29.463850] [DEBUG] Entering function process_data()
[2025-11-07T11:40:29.463840] [WARN] Cache miss
[2025-11-07T11:40:29.463845] [DEBUG] Timer set: 30 seconds
[2025-11-07T11:40:29.463851] [DEBUG] Buffer size: 4096 bytes
[2025-11-07T11:40:29.463818] [INFO] Service initialized
[2025-11-07T11:40:29.463823] [INFO] Transaction completed
[2025-11-07T11:40:29.463847] [DEBUG] Loop iteration: 15
[2025-11-07T11:40:29.463827] [INFO] Cache hit
[2025-11-07T11:40:29.463838] [WARN] Disk space low
[2025-11-07T11:40:29.463841] [WARN] Slow query performance
[2025-11-07T11:40:29.463828] [INFO] Cache hit
[2025-11-07T11:40:29.463837] [WARN] Queue size growing
[2025-11-07T11:40:29.463843] [ERROR] Memory allocation error
[2025-11-07T11:40:29.463833] [INFO] Database query executed
[2025-11-07T11:40:29.463849] [DEBUG] Timer set: 30 seconds
[2025-11-07T11:40:29.463827] [INFO] Request processed successfully
[2025-11-07T11:40:29.463830] [INFO] Connection established
[2025-11-07T11:40:29.463824] [INFO] Session started
[2025-11-07T11:40:29.463825] [INFO] Configuration loaded
[2025-11-07T11:40:29.463834] [WARN] Resource threshold approaching
[2025-11-07T11:40:29.463850] [DEBUG] Timer set: 30 seconds
[2025-11-07T11:40:29.463820] [INFO] User logged in
[2025-11-07T11:40:29.463829] [INFO] Database query executed
[2025-11-07T11:40:29.463846] [DEBUG] Connection pool status checked
[2025-11-07T11:40:29.463832] [INFO] Configuration loaded
[2025-11-07T11:40:29.463822] [INFO] Health check passed
[2025-11-07T11:40:29.463842] [WARN] High memory usage detected
[2025-11-07T11:40:29.463831] [INFO] Cache hit
[2025-11-07T11:40:29.463826] [INFO] Transaction completed
[2025-11-07T11:40:29.463839] [WARN] Disk space low
[2025-11-07T11:40:29.463844] [ERROR] Network timeout
[2025-11-07T11:40:29.463821] [INFO] Service initialized
