[2025-11-07T11:40:29.792492] [INFO] Session started
[2025-11-07T11:40:29.792495] [INFO] Configuration loaded
[2025-11-07T11:40:29.792509] [ERROR] Permission denied
[2025-11-07T11:40:29.792496] [INFO] Database query executed
[2025-11-07T11:40:29.792495] [INFO] Service initialized
[2025-11-07T11:40:29.792503] [WARN] Connection retry attempt
[2025-11-07T11:40:29.792497] [INFO] Configuration loaded
[2025-11-07T11:40:29.792514] [DEBUG] Variable value: x=42
[2025-11-07T11:40:29.792498] [INFO] Session started
[2025-11-07T11:40:29.792504] [WARN] Cache miss
[2025-11-07T11:40:29.792505] [WARN] Deprecated API usage
[2025-11-07T11:40:29.792517] [DEBUG] Entering function process_data()
[2025-11-07T11:40:29.792512] [DEBUG] Loop iteration: 15
[2025-11-07T11:40:29.792510] [DEBUG] Buffer size: 4096 bytes
[2025-11-07T11:40:29.792490] [INFO] Connection established
[2025-11-07T11:40:29.792487] [INFO] Transaction completed
[2025-11-07T11:40:29.792489] [INFO] Health check passed
[2025-11-07T11:40:29.792506] [WARN] Connection retry attempt
[2025-11-07T11:40:29.792501] [INFO] Database query executed
[2025-11-07T11:40:29.792506] [WARN] Rate limit approaching
[2025-11-07T11:40:29.792500] [INFO] User logged in
[2025-11-07T11:40:29.792515] [DEBUG] Timer set: 30 seconds
[2025-11-07T11:40:29.792499] [INFO] Request processed successfully
[2025-11-07T11:40:29.792494] [INFO] User logged in
[2025-11-07T11:40:29.792516] [DEBUG] Variable value: x=42
[2025-11-07T11:40:29.792491] [INFO] User logged in
[2025-11-07T11:40:29.792508] [ERROR] Invalid input data
[2025-11-07T11:40:29.792511] [DEBUG] Variable value: x=42
[2025-11-07T11:40:29.792493] [INFO] Service initialized
[2025-11-07T11:40:29.792513] [DEBUG] Variable value: x=42
