[2025-11-07T11:40:29.628298] [INFO] Transaction completed
[2025-11-07T11:40:29.628310] [DEBUG] Entering function process_data()
[2025-11-07T11:40:29.628316] [DEBUG] Buffer size: 4096 bytes
[2025-11-07T11:40:29.628317] [DEBUG] Timer set: 30 seconds
[2025-11-07T11:40:29.628292] [INFO] User logged in
[2025-11-07T11:40:29.628301] [INFO] Session started
[2025-11-07T11:40:29.628294] [INFO] Health check passed
[2025-11-07T11:40:29.628311] [DEBUG] Cache key generated
[2025-11-07T11:40:29.628291] [INFO] Configuration loaded
[2025-11-07T11:40:29.628302] [INFO] Configuration loaded
[2025-11-07T11:40:29.628299] [INFO] User logged in
[2025-11-07T11:40:29.628313] [DEBUG] Connection pool status checked
[2025-11-07T11:40:29.628319] [DEBUG] Connection pool status checked
[2025-11-07T11:40:29.628306] [WARN] Timeout warning
[2025-11-07T11:40:29.628296] [INFO] User logged in
[2025-11-07T11:40:29.628303] [WARN] Resource threshold approaching
[2025-11-07T11:40:29.628287] [INFO] Request processed successfully
[2025-11-07T11:40:29.628293] [INFO] Transaction completed
[2025-11-07T11:40:29.628290] [INFO] Session started
[2025-11-07T11:40:29.628314] [DEBUG] Memory allocation: 2048 bytes
[2025-11-07T11:40:29.628315] [DEBUG] Loop iteration: 15
[2025-11-07T11:40:29.628289] [INFO] Session started
[2025-11-07T11:40:29.628312] [DEBUG] Cache key generated
[2025-11-07T11:40:29.628288] [INFO] Service initialized
[2025-11-07T11:40:29.628285] [INFO] Service initialized
[2025-11-07T11:40:29.628318] [DEBUG] Connection pool status checked
[2025-11-07T11:40:29.628309] [ERROR] Permission denied
[2025-11-07T11:40:29.628295] [INFO] Cache hit
[2025-11-07T11:40:29.628307] [ERROR] Network timeout
[2025-11-07T11:40:29.628305] [WARN] Timeout warning
[2025-11-07T11:40:29.628308] [ERROR] Database connection lost
[2025-11-07T11:40:29.628304] [WARN] Resource threshold approaching
[2025-11-07T11:40:29.628297] [INFO] Configuration loaded
[2025-11-07T11:40:29.628300] [INFO] Service initialized
