[2025-11-07T11:40:29.575935] [INFO] Cache hit
[2025-11-07T11:40:29.575938] [INFO] Transaction completed
[2025-11-07T11:40:29.575932] [INFO] Connection established
[2025-11-07T11:40:29.575936] [INFO] Cache hit
[2025-11-07T11:40:29.575955] [DEBUG] Cache key generated
[2025-11-07T11:40:29.575926] [INFO] Cache hit
[2025-11-07T11:40:29.575952] [DEBUG] Timer set: 30 seconds
[2025-11-07T11:40:29.575940] [INFO] User logged in
[2025-11-07T11:40:29.575943] [WARN] Timeout warning
[2025-11-07T11:40:29.575945] [ERROR] File not found
[2025-11-07T11:40:29.575944] [WARN] Rate limit approaching
[2025-11-07T11:40:29.575948] [DEBUG] Memory allocation: 2048 bytes
[2025-11-07T11:40:29.575956] [DEBUG] Loop iteration: 15
[2025-11-07T11:40:29.575949] [DEBUG] Cache key generated
[2025-11-07T11:40:29.575929] [INFO] Session started
[2025-11-07T11:40:29.575927] [INFO] Service initialized
[2025-11-07T11:40:29.575925] [INFO] Configuration loaded
[2025-11-07T11:40:29.575930] [INFO] Connection established
[2025-11-07T11:40:29.575951] [DEBUG] Thread pool size: 8
[2025-11-07T11:40:29.575947] [DEBUG] Connection pool status checked
[2025-11-07T11:40:29.575931] [INFO] Request processed successfully
[2025-11-07T11:40:29.575934] [INFO] Cache hit
[2025-11-07T11:40:29.575957] [DEBUG] Timer set: 30 seconds
[2025-11-07T11:40:29.575953] [DEBUG] Cache key generated
[2025-11-07T11:40:29.575928] [INFO] Health check passed
[2025-11-07T11:40:29.575941] [WARN] Rate limit approaching
[2025-11-07T11:40:29.575946] [DEBUG] Buffer size: 4096 bytes
[2025-11-07T11:40:29.575942] [WARN] Resource threshold approaching
[2025-11-07T11:40:29.575922] [INFO] Database query executed
[2025-11-07T11:40:29.575937] [INFO] Cache hit
[2025-11-07T11:40:29.575950] [DEBUG] Timer set: 30 seconds
[2025-11-07T11:40:29.575939] [INFO] Connection established
[2025-11-07T11:40:29.575923] [INFO] User logged in
[2025-11-07T11:40:29.575954] [DEBUG] HTTP request headers parsed
[2025-11-07T11:40:29.575933] [INFO] Transaction completed
