[2025-11-07T11:40:29.352433] [DEBUG] Thread pool size: 8
[2025-11-07T11:40:29.352415] [INFO] Cache hit
[2025-11-07T11:40:29.352419] [INFO] Health check passed
[2025-11-07T11:40:29.352420] [INFO] Service initialized
[2025-11-07T11:40:29.352406] [INFO] Database query executed
[2025-11-07T11:40:29.352428] [DEBUG] Variable value: x=42
[2025-11-07T11:40:29.352411] [INFO] Cache hit
[2025-11-07T11:40:29.352418] [INFO] Connection established
[2025-11-07T11:40:29.352424] [ERROR] Permission denied
[2025-11-07T11:40:29.352416] [INFO] Database query executed
[2025-11-07T11:40:29.352414] [INFO] Request processed successfully
[2025-11-07T11:40:29.352428] [DEBUG] HTTP request headers parsed
[2025-11-07T11:40:29.352410] [INFO] Session started
[2025-11-07T11:40:29.352427] [DEBUG] Loop iteration: 15
[2025-11-07T11:40:29.352430] [DEBUG] Buffer size: 4096 bytes
[2025-11-07T11:40:29.352420] [INFO] Database query executed
[2025-11-07T11:40:29.352429] [DEBUG] Buffer size: 4096 bytes
[2025-11-07T11:40:29.352432] [DEBUG] Entering function process_data()
[2025-11-07T11:40:29.352426] [DEBUG] Loop iteration: 15
[2025-11-07T11:40:29.352413] [INFO] Session started
[2025-11-07T11:40:29.352409] [INFO] Connection established
[2025-11-07T11:40:29.352422] [WARN] Resource threshold approaching
[2025-11-07T11:40:29.352408] [INFO] Cache hit
[2025-11-07T11:40:29.352417] [INFO] Service initialized
[2025-11-07T11:40:29.352412] [INFO] Connection established
[2025-11-07T11:40:29.352425] [ERROR] Permission denied
[2025-11-07T11:40:29.352431] [DEBUG] Memory allocation: 2048 bytes
[2025-11-07T11:40:29.352422] [WARN] Connection retry attempt
