[2025-11-07T11:40:29.852165] [INFO] Cache hit
[2025-11-07T11:40:29.852158] [INFO] Health check passed
[2025-11-07T11:40:29.852176] [WARN] Cache miss
[2025-11-07T11:40:29.852168] [INFO] User logged in
[2025-11-07T11:40:29.852169] [INFO] Configuration loaded
[2025-11-07T11:40:29.852163] [INFO] Connection established
[2025-11-07T11:40:29.852161] [INFO] Cache hit
[2025-11-07T11:40:29.852164] [INFO] Configuration loaded
[2025-11-07T11:40:29.852183] [DEBUG] Entering function process_data()
[2025-11-07T11:40:29.852182] [ERROR] Request failed
[2025-11-07T11:40:29.852159] [INFO] Request processed successfully
[2025-11-07T11:40:29.852167] [INFO] Configuration loaded
[2025-11-07T11:40:29.852178] [WARN] Cache miss
[2025-11-07T11:40:29.852187] [DEBUG] Entering function process_data()
[2025-11-07T11:40:29.852186] [DEBUG] Timer set: 30 seconds
[2025-11-07T11:40:29.852171] [INFO] Database query executed
[2025-11-07T11:40:29.852177] [WARN] Deprecated API usage
[2025-11-07T11:40:29.852181] [ERROR] Network timeout
[2025-11-07T11:40:29.852166] [INFO] Health check passed
[2025-11-07T11:40:29.852188] [DEBUG] Thread pool size: 8
[2025-11-07T11:40:29.852170] [INFO] Database query executed
[2025-11-07T11:40:29.852189] [DEBUG] Thread pool size: 8
[2025-11-07T11:40:29.852185] [DEBUG] Buffer size: 4096 bytes
[2025-11-07T11:40:29.852180] [WARN] Disk space low
[2025-11-07T11:40:29.852160] [INFO] Configuration loaded
[2025-11-07T11:40:29.852174] [WARN] Rate limit approaching
[2025-11-07T11:40:29.852156] [INFO] Session started
[2025-11-07T11:40:29.852175] [WARN] Disk space low
[2025-11-07T11:40:29.852172] [INFO] User logged in
[2025-11-07T11:40:29.852190] [DEBUG] Memory allocation: 2048 bytes
[2025-11-07T11:40:29.852173] [INFO] Database query executed
[2025-11-07T11:40:29.852184] [DEBUG] Entering function process_data()
