[2025-11-07T11:40:29.372595] [INFO] Service initialized
[2025-11-07T11:40:29.372603] [INFO] Configuration loaded
[2025-11-07T11:40:29.372612] [DEBUG] Memory allocation: 2048 bytes
[2025-11-07T11:40:29.372598] [INFO] User logged in
[2025-11-07T11:40:29.372611] [DEBUG] HTTP request headers parsed
[2025-11-07T11:40:29.372602] [INFO] Configuration loaded
[2025-11-07T11:40:29.372618] [DEBUG] Entering function process_data()
[2025-11-07T11:40:29.372594] [INFO] User logged in
[2025-11-07T11:40:29.372608] [WARN] Cache miss
[2025-11-07T11:40:29.372609] [ERROR] Network timeout
[2025-11-07T11:40:29.372617] [DEBUG] Memory allocation: 2048 bytes
[2025-11-07T11:40:29.372592] [INFO] Request processed successfully
[2025-11-07T11:40:29.372614] [DEBUG] Connection pool status checked
[2025-11-07T11:40:29.372619] [DEBUG] Cache key generated
[2025-11-07T11:40:29.372596] [INFO] Transaction completed
[2025-11-07T11:40:29.372607] [WARN] Connection retry attempt
[2025-11-07T11:40:29.372590] [INFO] Service initialized
[2025-11-07T11:40:29.372606] [WARN] Rate limit approaching
[2025-11-07T11:40:29.372597] [INFO] Cache hit
[2025-11-07T11:40:29.372601] [INFO] Cache hit
[2025-11-07T11:40:29.372613] [DEBUG] Entering function process_data()
[2025-11-07T11:40:29.372616] [DEBUG] Timer set: 30 seconds
[2025-11-07T11:40:29.372615] [DEBUG] Buffer size: 4096 bytes
[2025-11-07T11:40:29.372605] [WARN] Resource threshold approaching
[2025-11-07T11:40:29.372600] [INFO] Database query executed
[2025-11-07T11:40:29.372599] [INFO] User logged in
[2025-11-07T11:40:29.372610] [DEBUG] Loop iteration: 15
[2025-11-07T11:40:29.372593] [INFO] Request processed successfully
