[2025-11-07T11:40:29.723859] [INFO] Connection established
[2025-11-07T11:40:29.723884] [DEBUG] Buffer size: 4096 bytes
[2025-11-07T11:40:29.723878] [DEBUG] Memory allocation: 2048 bytes
[2025-11-07T11:40:29.723868] [INFO] Session started
[2025-11-07T11:40:29.723874] [WARN] Timeout warning
[2025-11-07T11:40:29.723873] [WARN] Disk space low
[2025-11-07T11:40:29.723875] [WARN] Queue size growing
[2025-11-07T11:40:29.723879] [DEBUG] Cache key generated
[2025-11-07T11:40:29.723862] [INFO] Cache hit
[2025-11-07T11:40:29.723877] [ERROR] Permission denied
[2025-11-07T11:40:29.723882] [DEBUG] Connection pool status checked
[2025-11-07T11:40:29.723872] [WARN] Queue size growing
[2025-11-07T11:40:29.723883] [DEBUG] Timer set: 30 seconds
[2025-11-07T11:40:29.723881] [DEBUG] Loop iteration: 15
[2025-11-07T11:40:29.723871] [INFO] Configuration loaded
[2025-11-07T11:40:29.723861] [INFO] Transaction completed
[2025-11-07T11:40:29.723867] [INFO] Configuration loaded
[2025-11-07T11:40:29.723870] [INFO] User logged in
[2025-11-07T11:40:29.723858] [INFO] Transaction completed
[2025-11-07T11:40:29.723865] [INFO] Database query executed
[2025-11-07T11:40:29.723866] [INFO] User logged in
[2025-11-07T11:40:29.723860] [INFO] Configuration loaded
[2025-11-07T11:40:29.723863] [INFO] Service initialized
[2025-11-07T11:40:29.723869] [INFO] Session started
[2025-11-07T11:40:29.723880] [DEBUG] Timer set: 30 seconds
[2025-11-07T11:40:29.723864] [INFO] Database query executed
[2025-11-07T11:40:29.723856] [INFO] Session started
[2025-11-07T11:40:29.723876] [ERROR] File not found
