[2025-11-07T11:40:30.053531] [WARN] Disk space low
[2025-11-07T11:40:30.053535] [WARN] Queue size growing
[2025-11-07T11:40:30.053522] [INFO] Connection established
[2025-11-07T11:40:30.053545] [DEBUG] Buffer size: 4096 bytes
[2025-11-07T11:40:30.053530] [INFO] Transaction completed
[2025-11-07T11:40:30.053526] [INFO] Request processed successfully
[2025-11-07T11:40:30.053523] [INFO] Database query executed
[2025-11-07T11:40:30.053527] [INFO] Transaction completed
[2025-11-07T11:40:30.053529] [INFO] Cache hit
[2025-11-07T11:40:30.053521] [INFO] Database query executed
[2025-11-07T11:40:30.053528] [INFO] Transaction completed
[2025-11-07T11:40:30.053547] [DEBUG] Cache key generated
[2025-11-07T11:40:30.053534] [WARN] Disk space low
[2025-11-07T11:40:30.053522] [INFO] User logged in
[2025-11-07T11:40:30.053520] [INFO] Cache hit
[2025-11-07T11:40:30.053539] [ERROR] Invalid input data
[2025-11-07T11:40:30.053532] [WARN] Rate limit approaching
[2025-11-07T11:40:30.053516] [INFO] Session started
[2025-11-07T11:40:30.053533] [WARN] Queue size growing
[2025-11-07T11:40:30.053543] [DEBUG] Variable value: x=42
[2025-11-07T11:40:30.053525] [INFO] Connection established
[2025-11-07T11:40:30.053540] [ERROR] Disk read failed
[2025-11-07T11:40:30.053546] [DEBUG] Timer set: 30 seconds
[2025-11-07T11:40:30.053524] [INFO] Service initialized
[2025-11-07T11:40:30.053518] [INFO] Request processed successfully
[2025-11-07T11:40:30.053537] [WARN] Queue size growing
[2025-11-07T11:40:30.053544] [DEBUG] Memory allocation: 2048 bytes
[2025-11-07T11:40:30.053548] [DEBUG] Memory allocation: 2048 bytes
[2025-11-07T11:40:30.053519] [INFO] Session started
[2025-11-07T11:40:30.053541] [DEBUG] Memory allocation: 2048 bytes
[2025-11-07T11:40:30.053542] [DEBUG] Loop iteration: 15
[2025-11-07T11:40:30.053538] [ERROR] Authentication failed
[2025-11-07T11:40:30.053536] [WARN] Resource threshold approaching
