[2025-11-07T11:40:30.174268] [INFO] Configuration loaded
[2025-11-07T11:40:30.174265] [INFO] Cache hit
[2025-11-07T11:40:30.174276] [WARN] Deprecated API usage
[2025-11-07T11:40:30.174273] [WARN] Deprecated API usage
[2025-11-07T11:40:30.174260] [INFO] Configuration loaded
[2025-11-07T11:40:30.174274] [WARN] Resource threshold approaching
[2025-11-07T11:40:30.174279] [DEBUG] Entering function process_data()
[2025-11-07T11:40:30.174281] [DEBUG] Variable value: x=42
[2025-11-07T11:40:30.174266] [INFO] Service initialized
[2025-11-07T11:40:30.174272] [INFO] Request processed successfully
[2025-11-07T11:40:30.174280] [DEBUG] Loop iteration: 15
[2025-11-07T11:40:30.174262] [INFO] Session started
[2025-11-07T11:40:30.174264] [INFO] Configuration loaded
[2025-11-07T11:40:30.174258] [INFO] Cache hit
[2025-11-07T11:40:30.174278] [DEBUG] Memory allocation: 2048 bytes
[2025-11-07T11:40:30.174282] [DEBUG] Timer set: 30 seconds
[2025-11-07T11:40:30.174267] [INFO] Request processed successfully
[2025-11-07T11:40:30.174277] [ERROR] Request failed
[2025-11-07T11:40:30.174271] [INFO] Transaction completed
[2025-11-07T11:40:30.174275] [WARN] High memory usage detected
[2025-11-07T11:40:30.174261] [INFO] Health check passed
[2025-11-07T11:40:30.174264] [INFO] Transaction completed
[2025-11-07T11:40:30.174269] [INFO] Cache hit
[2025-11-07T11:40:30.174263] [INFO] Configuration loaded
[2025-11-07T11:40:30.174270] [INFO] User logged in
