[2025-11-07T11:40:29.652189] [INFO] Session started
[2025-11-07T11:40:29.652204] [WARN] Deprecated API usage
[2025-11-07T11:40:29.652185] [INFO] Service initialized
[2025-11-07T11:40:29.652192] [INFO] Transaction completed
[2025-11-07T11:40:29.652212] [DEBUG] Timer set: 30 seconds
[2025-11-07T11:40:29.652183] [INFO] Service initialized
[2025-11-07T11:40:29.652206] [ERROR] Service unavailable
[2025-11-07T11:40:29.652203] [WARN] Queue size growing
[2025-11-07T11:40:29.652210] [DEBUG] Cache key generated
[2025-11-07T11:40:29.652214] [DEBUG] Connection pool status checked
[2025-11-07T11:40:29.652187] [INFO] Connection established
[2025-11-07T11:40:29.652190] [INFO] User logged in
[2025-11-07T11:40:29.652207] [ERROR] Memory allocation error
[2025-11-07T11:40:29.652200] [INFO] Session started
[2025-11-07T11:40:29.652218] [DEBUG] Cache key generated
[2025-11-07T11:40:29.652215] [DEBUG] Variable value: x=42
[2025-11-07T11:40:29.652194] [INFO] Database query executed
[2025-11-07T11:40:29.652197] [INFO] Configuration loaded
[2025-11-07T11:40:29.652196] [INFO] Transaction completed
[2025-11-07T11:40:29.652184] [INFO] Cache hit
[2025-11-07T11:40:29.652211] [DEBUG] HTTP request headers parsed
[2025-11-07T11:40:29.652186] [INFO] Transaction completed
[2025-11-07T11:40:29.652216] [DEBUG] Memory allocation: 2048 bytes
[2025-11-07T11:40:29.652219] [DEBUG] HTTP request headers parsed
[2025-11-07T11:40:29.652217] [DEBUG] Buffer size: 4096 bytes
[2025-11-07T11:40:29.652213] [DEBUG] Buffer size: 4096 bytes
[2025-11-07T11:40:29.652191] [INFO] Connection established
[2025-11-07T11:40:29.652198] [INFO] Session started
[2025-11-07T11:40:29.652202] [WARN] Queue size growing
[2025-11-07T11:40:29.652205] [WARN] Deprecated API usage
[2025-11-07T11:40:29.652195] [INFO] Database query executed
[2025-11-07T11:40:29.652208] [DEBUG] HTTP request headers parsed
[2025-11-07T11:40:29.652209] [DEBUG] Timer set: 30 seconds
[2025-11-07T11:40:29.652188] [INFO] Cache hit
[2025-11-07T11:40:29.652201] [WARN] Timeout warning
[2025-11-07T11:40:29.652193] [INFO] Database query executed
[2025-11-07T11:40:29.652199] [INFO] Service initialized
