[2025-11-07T11:40:29.867010] [ERROR] Authentication failed
[2025-11-07T11:40:29.866998] [INFO] Request processed successfully
[2025-11-07T11:40:29.866994] [INFO] User logged in
[2025-11-07T11:40:29.866987] [INFO] Session started
[2025-11-07T11:40:29.867020] [DEBUG] Buffer size: 4096 bytes
[2025-11-07T11:40:29.867002] [INFO] User logged in
[2025-11-07T11:40:29.867008] [WARN] Rate limit approaching
[2025-11-07T11:40:29.866999] [INFO] Health check passed
[2025-11-07T11:40:29.867003] [WARN] Connection retry attempt
[2025-11-07T11:40:29.867005] [WARN] Connection retry attempt
[2025-11-07T11:40:29.866997] [INFO] Connection established
[2025-11-07T11:40:29.867005] [WARN] Slow query performance
[2025-11-07T11:40:29.867001] [INFO] Cache hit
[2025-11-07T11:40:29.866990] [INFO] User logged in
[2025-11-07T11:40:29.867018] [DEBUG] Connection pool status checked
[2025-11-07T11:40:29.867022] [DEBUG] Connection pool status checked
[2025-11-07T11:40:29.866996] [INFO] Request processed successfully
[2025-11-07T11:40:29.866989] [INFO] Health check passed
[2025-11-07T11:40:29.867011] [DEBUG] Buffer size: 4096 bytes
[2025-11-07T11:40:29.866991] [INFO] User logged in
[2025-11-07T11:40:29.867019] [DEBUG] Cache key generated
[2025-11-07T11:40:29.867012] [DEBUG] Cache key generated
[2025-11-07T11:40:29.867007] [WARN] Deprecated API usage
[2025-11-07T11:40:29.867017] [DEBUG] Memory allocation: 2048 bytes
[2025-11-07T11:40:29.867013] [DEBUG] Variable value: x=42
[2025-11-07T11:40:29.866988] [INFO] Cache hit
[2025-11-07T11:40:29.867016] [DEBUG] Variable value: x=42
[2025-11-07T11:40:29.867006] [WARN] Deprecated API usage
[2025-11-07T11:40:29.867000] [INFO] Session started
[2025-11-07T11:40:29.867002] [INFO] Transaction completed
[2025-11-07T11:40:29.866995] [INFO] Transaction completed
[2025-11-07T11:40:29.866993] [INFO] Health check passed
[2025-11-07T11:40:29.867015] [DEBUG] Cache key generated
[2025-11-07T11:40:29.867021] [DEBUG] Connection pool status checked
[2025-11-07T11:40:29.867014] [DEBUG] Memory allocation: 2048 bytes
[2025-11-07T11:40:29.867009] [ERROR] Memory allocation error
