[2025-11-07T11:40:29.675728] [INFO] Service initialized
[2025-11-07T11:40:29.675735] [INFO] Session started
[2025-11-07T11:40:29.675732] [INFO] Request processed successfully
[2025-11-07T11:40:29.675729] [INFO] Health check passed
[2025-11-07T11:40:29.675722] [INFO] Request processed successfully
[2025-11-07T11:40:29.675724] [INFO] Session started
[2025-11-07T11:40:29.675740] [ERROR] Disk read failed
[2025-11-07T11:40:29.675738] [ERROR] Database connection lost
[2025-11-07T11:40:29.675725] [INFO] Connection established
[2025-11-07T11:40:29.675742] [DEBUG] Cache key generated
[2025-11-07T11:40:29.675734] [INFO] Configuration loaded
[2025-11-07T11:40:29.675739] [ERROR] Database connection lost
[2025-11-07T11:40:29.675721] [INFO] User logged in
[2025-11-07T11:40:29.675736] [WARN] Cache miss
[2025-11-07T11:40:29.675737] [WARN] Disk space low
[2025-11-07T11:40:29.675745] [DEBUG] Cache key generated
[2025-11-07T11:40:29.675744] [DEBUG] Memory allocation: 2048 bytes
[2025-11-07T11:40:29.675726] [INFO] Cache hit
[2025-11-07T11:40:29.675731] [INFO] Request processed successfully
[2025-11-07T11:40:29.675727] [INFO] Cache hit
[2025-11-07T11:40:29.675733] [INFO] User logged in
[2025-11-07T11:40:29.675730] [INFO] Service initialized
[2025-11-07T11:40:29.675746] [DEBUG] Memory allocation: 2048 bytes
[2025-11-07T11:40:29.675743] [DEBUG] Memory allocation: 2048 bytes
