[2025-11-07T11:40:29.767194] [INFO] Service initialized
[2025-11-07T11:40:29.767214] [ERROR] Database connection lost
[2025-11-07T11:40:29.767217] [DEBUG] Memory allocation: 2048 bytes
[2025-11-07T11:40:29.767206] [WARN] Rate limit approaching
[2025-11-07T11:40:29.767215] [DEBUG] Timer set: 30 seconds
[2025-11-07T11:40:29.767209] [WARN] Timeout warning
[2025-11-07T11:40:29.767223] [DEBUG] Loop iteration: 15
[2025-11-07T11:40:29.767213] [ERROR] Service unavailable
[2025-11-07T11:40:29.767193] [INFO] Configuration loaded
[2025-11-07T11:40:29.767197] [INFO] Request processed successfully
[2025-11-07T11:40:29.767211] [WARN] Disk space low
[2025-11-07T11:40:29.767210] [WARN] Cache miss
[2025-11-07T11:40:29.767204] [WARN] Deprecated API usage
[2025-11-07T11:40:29.767203] [WARN] Slow query performance
[2025-11-07T11:40:29.767200] [INFO] Cache hit
[2025-11-07T11:40:29.767202] [INFO] Cache hit
[2025-11-07T11:40:29.767221] [DEBUG] Timer set: 30 seconds
[2025-11-07T11:40:29.767190] [INFO] Connection established
[2025-11-07T11:40:29.767218] [DEBUG] Loop iteration: 15
[2025-11-07T11:40:29.767219] [DEBUG] Loop iteration: 15
[2025-11-07T11:40:29.767201] [INFO] Database query executed
[2025-11-07T11:40:29.767195] [INFO] Connection established
[2025-11-07T11:40:29.767208] [WARN] Disk space low
[2025-11-07T11:40:29.767216] [DEBUG] Entering function process_data()
[2025-11-07T11:40:29.767192] [INFO] Database query executed
[2025-11-07T11:40:29.767207] [WARN] Connection retry attempt
[2025-11-07T11:40:29.767220] [DEBUG] Thread pool size: 8
[2025-11-07T11:40:29.767189] [INFO] Database query executed
[2025-11-07T11:40:29.767222] [DEBUG] Thread pool size: 8
[2025-11-07T11:40:29.767191] [INFO] Session started
[2025-11-07T11:40:29.767196] [INFO] User logged in
[2025-11-07T11:40:29.767199] [INFO] Health check passed
[2025-11-07T11:40:29.767188] [INFO] Configuration loaded
[2025-11-07T11:40:29.767187] [INFO] Configuration loaded
[2025-11-07T11:40:29.767198] [INFO] Transaction completed
[2025-11-07T11:40:29.767205] [WARN] Deprecated API usage
