[2025-11-07T11:40:30.194168] [INFO] Transaction completed
[2025-11-07T11:40:30.194163] [INFO] User logged in
[2025-11-07T11:40:30.194179] [ERROR] Permission denied
[2025-11-07T11:40:30.194186] [DEBUG] Loop iteration: 15
[2025-11-07T11:40:30.194178] [ERROR] Service unavailable
[2025-11-07T11:40:30.194185] [DEBUG] Thread pool size: 8
[2025-11-07T11:40:30.194167] [INFO] User logged in
[2025-11-07T11:40:30.194174] [WARN] High memory usage detected
[2025-11-07T11:40:30.194180] [DEBUG] Buffer size: 4096 bytes
[2025-11-07T11:40:30.194166] [INFO] Session started
[2025-11-07T11:40:30.194172] [INFO] User logged in
[2025-11-07T11:40:30.194188] [DEBUG] Cache key generated
[2025-11-07T11:40:30.194176] [WARN] Cache miss
[2025-11-07T11:40:30.194184] [DEBUG] Cache key generated
[2025-11-07T11:40:30.194173] [WARN] Rate limit approaching
[2025-11-07T11:40:30.194182] [DEBUG] Variable value: x=42
[2025-11-07T11:40:30.194161] [INFO] Cache hit
[2025-11-07T11:40:30.194175] [WARN] Queue size growing
[2025-11-07T11:40:30.194170] [INFO] User logged in
[2025-11-07T11:40:30.194171] [INFO] Connection established
[2025-11-07T11:40:30.194181] [DEBUG] HTTP request headers parsed
[2025-11-07T11:40:30.194164] [INFO] Service initialized
[2025-11-07T11:40:30.194169] [INFO] User logged in
[2025-11-07T11:40:30.194183] [DEBUG] HTTP request headers parsed
[2025-11-07T11:40:30.194187] [DEBUG] Thread pool size: 8
[2025-11-07T11:40:30.194165] [INFO] User logged in
[2025-11-07T11:40:30.194177] [WARN] Timeout warning
[2025-11-07T11:40:30.194160] [INFO] Session started
