[2025-11-07T11:40:29.637661] [INFO] Cache hit
[2025-11-07T11:40:29.637668] [WARN] Queue size growing
[2025-11-07T11:40:29.637655] [INFO] Transaction completed
[2025-11-07T11:40:29.637660] [INFO] Connection established
[2025-11-07T11:40:29.637666] [WARN] Slow query performance
[2025-11-07T11:40:29.637676] [DEBUG] Cache key generated
[2025-11-07T11:40:29.637674] [DEBUG] HTTP request headers parsed
[2025-11-07T11:40:29.637663] [INFO] Configuration loaded
[2025-11-07T11:40:29.637679] [DEBUG] Loop iteration: 15
[2025-11-07T11:40:29.637671] [ERROR] Invalid input data
[2025-11-07T11:40:29.637678] [DEBUG] Entering function process_data()
[2025-11-07T11:40:29.637651] [INFO] Service initialized
[2025-11-07T11:40:29.637667] [WARN] Timeout warning
[2025-11-07T11:40:29.637662] [INFO] User logged in
[2025-11-07T11:40:29.637673] [DEBUG] HTTP request headers parsed
[2025-11-07T11:40:29.637654] [INFO] Health check passed
[2025-11-07T11:40:29.637653] [INFO] Request processed successfully
[2025-11-07T11:40:29.637649] [INFO] Session started
[2025-11-07T11:40:29.637657] [INFO] Transaction completed
[2025-11-07T11:40:29.637646] [INFO] Transaction completed
[2025-11-07T11:40:29.637658] [INFO] Transaction completed
[2025-11-07T11:40:29.637665] [INFO] User logged in
[2025-11-07T11:40:29.637659] [INFO] Health check passed
[2025-11-07T11:40:29.637664] [INFO] Health check passed
[2025-11-07T11:40:29.637672] [DEBUG] Buffer size: 4096 bytes
[2025-11-07T11:40:29.637669] [WARN] Rate limit approaching
[2025-11-07T11:40:29.637650] [INFO] Connection established
[2025-11-07T11:40:29.637648] [INFO] Configuration loaded
[2025-11-07T11:40:29.637670] [WARN] High memory usage detected
[2025-11-07T11:40:29.637680] [DEBUG] Connection pool status checked
[2025-11-07T11:40:29.637656] [INFO] Configuration loaded
[2025-11-07T11:40:29.637652] [INFO] Health check passed
[2025-11-07T11:40:29.637675] [DEBUG] Memory allocation: 2048 bytes
[2025-11-07T11:40:29.637677] [DEBUG] Thread pool size: 8
