[2025-11-07T11:40:30.010830] [INFO] Session started
[2025-11-07T11:40:30.010840] [INFO] User logged in
[2025-11-07T11:40:30.010849] [WARN] Rate limit approaching
[2025-11-07T11:40:30.010829] [INFO] Session started
[2025-11-07T11:40:30.010854] [DEBUG] Cache key generated
[2025-11-07T11:40:30.010848] [WARN] Resource threshold approaching
[2025-11-07T11:40:30.010860] [DEBUG] Memory allocation: 2048 bytes
[2025-11-07T11:40:30.010837] [INFO] Configuration loaded
[2025-11-07T11:40:30.010833] [INFO] Configuration loaded
[2025-11-07T11:40:30.010856] [DEBUG] Loop iteration: 15
[2025-11-07T11:40:30.010859] [DEBUG] Loop iteration: 15
[2025-11-07T11:40:30.010828] [INFO] Service initialized
[2025-11-07T11:40:30.010842] [INFO] Session started
[2025-11-07T11:40:30.010852] [ERROR] Invalid input data
[2025-11-07T11:40:30.010827] [INFO] Transaction completed
[2025-11-07T11:40:30.010861] [DEBUG] Memory allocation: 2048 bytes
[2025-11-07T11:40:30.010850] [WARN] Cache miss
[2025-11-07T11:40:30.010846] [WARN] Rate limit approaching
[2025-11-07T11:40:30.010857] [DEBUG] Cache key generated
[2025-11-07T11:40:30.010845] [WARN] Resource threshold approaching
[2025-11-07T11:40:30.010853] [DEBUG] HTTP request headers parsed
[2025-11-07T11:40:30.010835] [INFO] User logged in
[2025-11-07T11:40:30.010843] [INFO] Transaction completed
[2025-11-07T11:40:30.010834] [INFO] Configuration loaded
[2025-11-07T11:40:30.010832] [INFO] Transaction completed
[2025-11-07T11:40:30.010838] [INFO] Cache hit
[2025-11-07T11:40:30.010839] [INFO] Request processed successfully
[2025-11-07T11:40:30.010858] [DEBUG] Buffer size: 4096 bytes
[2025-11-07T11:40:30.010831] [INFO] Configuration loaded
[2025-11-07T11:40:30.010862] [DEBUG] Loop iteration: 15
