[2025-11-07T11:40:29.306088] [WARN] Resource threshold approaching
[2025-11-07T11:40:29.306087] [WARN] Timeout warning
[2025-11-07T11:40:29.306082] [INFO] Connection established
[2025-11-07T11:40:29.306086] [WARN] Deprecated API usage
[2025-11-07T11:40:29.306074] [INFO] Service initialized
[2025-11-07T11:40:29.306093] [DEBUG] Connection pool status checked
[2025-11-07T11:40:29.306097] [DEBUG] Cache key generated
[2025-11-07T11:40:29.306092] [DEBUG] Variable value: x=42
[2025-11-07T11:40:29.306083] [INFO] Connection established
[2025-11-07T11:40:29.306081] [INFO] Connection established
[2025-11-07T11:40:29.306091] [ERROR] Permission denied
[2025-11-07T11:40:29.306095] [DEBUG] Cache key generated
[2025-11-07T11:40:29.306076] [INFO] User logged in
[2025-11-07T11:40:29.306071] [INFO] Session started
[2025-11-07T11:40:29.306073] [INFO] Health check passed
[2025-11-07T11:40:29.306078] [INFO] Database query executed
[2025-11-07T11:40:29.306096] [DEBUG] Thread pool size: 8
[2025-11-07T11:40:29.306075] [INFO] Transaction completed
[2025-11-07T11:40:29.306085] [INFO] User logged in
[2025-11-07T11:40:29.306080] [INFO] Session started
[2025-11-07T11:40:29.306100] [DEBUG] HTTP request headers parsed
[2025-11-07T11:40:29.306079] [INFO] Connection established
[2025-11-07T11:40:29.306090] [ERROR] Request failed
[2025-11-07T11:40:29.306094] [DEBUG] Thread pool size: 8
[2025-11-07T11:40:29.306098] [DEBUG] Loop iteration: 15
[2025-11-07T11:40:29.306070] [INFO] Service initialized
[2025-11-07T11:40:29.306084] [INFO] Transaction completed
[2025-11-07T11:40:29.306099] [DEBUG] Loop iteration: 15
[2025-11-07T11:40:29.306077] [INFO] Cache hit
