[2025-11-07T11:40:29.804027] [INFO] Connection established
[2025-11-07T11:40:29.804049] [ERROR] Disk read failed
[2025-11-07T11:40:29.804057] [DEBUG] HTTP request headers parsed
[2025-11-07T11:40:29.804042] [INFO] User logged in
[2025-11-07T11:40:29.804045] [WARN] Connection retry attempt
[2025-11-07T11:40:29.804048] [ERROR] Permission denied
[2025-11-07T11:40:29.804032] [INFO] Session started
[2025-11-07T11:40:29.804050] [ERROR] Network timeout
[2025-11-07T11:40:29.804030] [INFO] User logged in
[2025-11-07T11:40:29.804036] [INFO] Transaction completed
[2025-11-07T11:40:29.804060] [DEBUG] Variable value: x=42
[2025-11-07T11:40:29.804033] [INFO] Database query executed
[2025-11-07T11:40:29.804058] [DEBUG] Timer set: 30 seconds
[2025-11-07T11:40:29.804051] [DEBUG] Variable value: x=42
[2025-11-07T11:40:29.804035] [INFO] Transaction completed
[2025-11-07T11:40:29.804044] [WARN] Disk space low
[2025-11-07T11:40:29.804046] [WARN] Rate limit approaching
[2025-11-07T11:40:29.804041] [INFO] Configuration loaded
[2025-11-07T11:40:29.804061] [DEBUG] Memory allocation: 2048 bytes
[2025-11-07T11:40:29.804029] [INFO] Health check passed
[2025-11-07T11:40:29.804054] [DEBUG] Loop iteration: 15
[2025-11-07T11:40:29.804043] [WARN] High memory usage detected
[2025-11-07T11:40:29.804038] [INFO] Transaction completed
[2025-11-07T11:40:29.804039] [INFO] Health check passed
[2025-11-07T11:40:29.804034] [INFO] Cache hit
[2025-11-07T11:40:29.804037] [INFO] Connection established
[2025-11-07T11:40:29.804053] [DEBUG] Connection pool status checked
[2025-11-07T11:40:29.804040] [INFO] Connection established
[2025-11-07T11:40:29.804059] [DEBUG] Timer set: 30 seconds
[2025-11-07T11:40:29.804055] [DEBUG] Thread pool size: 8
[2025-11-07T11:40:29.804056] [DEBUG] Loop iteration: 15
[2025-11-07T11:40:29.804052] [DEBUG] Thread pool size: 8
[2025-11-07T11:40:29.804031] [INFO] Transaction completed
[2025-11-07T11:40:29.804057] [DEBUG] Connection pool status checked
