[2025-11-07T11:40:29.421459] [INFO] Health check passed
[2025-11-07T11:40:29.421455] [INFO] Transaction completed
[2025-11-07T11:40:29.421475] [DEBUG] Thread pool size: 8
[2025-11-07T11:40:29.421473] [DEBUG] Memory allocation: 2048 bytes
[2025-11-07T11:40:29.421450] [INFO] Transaction completed
[2025-11-07T11:40:29.421453] [INFO] Cache hit
[2025-11-07T11:40:29.421467] [ERROR] Authentication failed
[2025-11-07T11:40:29.421462] [WARN] Slow query performance
[2025-11-07T11:40:29.421447] [INFO] User logged in
[2025-11-07T11:40:29.421469] [DEBUG] Memory allocation: 2048 bytes
[2025-11-07T11:40:29.421456] [INFO] Service initialized
[2025-11-07T11:40:29.421465] [WARN] Deprecated API usage
[2025-11-07T11:40:29.421454] [INFO] User logged in
[2025-11-07T11:40:29.421466] [WARN] Connection retry attempt
[2025-11-07T11:40:29.421452] [INFO] Database query executed
[2025-11-07T11:40:29.421472] [DEBUG] Loop iteration: 15
[2025-11-07T11:40:29.421457] [INFO] Configuration loaded
[2025-11-07T11:40:29.421463] [WARN] Connection retry attempt
[2025-11-07T11:40:29.421452] [INFO] Transaction completed
[2025-11-07T11:40:29.421474] [DEBUG] Memory allocation: 2048 bytes
[2025-11-07T11:40:29.421471] [DEBUG] Buffer size: 4096 bytes
[2025-11-07T11:40:29.421451] [INFO] Session started
[2025-11-07T11:40:29.421458] [INFO] Session started
[2025-11-07T11:40:29.421461] [INFO] Connection established
[2025-11-07T11:40:29.421449] [INFO] User logged in
[2025-11-07T11:40:29.421470] [DEBUG] Entering function process_data()
[2025-11-07T11:40:29.421464] [WARN] Slow query performance
[2025-11-07T11:40:29.421460] [INFO] Session started
[2025-11-07T11:40:29.421468] [DEBUG] Variable value: x=42
