[2025-11-07T11:40:30.034302] [INFO] User logged in
[2025-11-07T11:40:30.034309] [INFO] Transaction completed
[2025-11-07T11:40:30.034324] [ERROR] Disk read failed
[2025-11-07T11:40:30.034318] [WARN] Queue size growing
[2025-11-07T11:40:30.034313] [INFO] Health check passed
[2025-11-07T11:40:30.034319] [WARN] Connection retry attempt
[2025-11-07T11:40:30.034307] [INFO] User logged in
[2025-11-07T11:40:30.034323] [ERROR] Permission denied
[2025-11-07T11:40:30.034311] [INFO] Database query executed
[2025-11-07T11:40:30.034332] [DEBUG] HTTP request headers parsed
[2025-11-07T11:40:30.034308] [INFO] Session started
[2025-11-07T11:40:30.034315] [INFO] User logged in
[2025-11-07T11:40:30.034328] [DEBUG] Memory allocation: 2048 bytes
[2025-11-07T11:40:30.034320] [WARN] Cache miss
[2025-11-07T11:40:30.034331] [DEBUG] Connection pool status checked
[2025-11-07T11:40:30.034330] [DEBUG] Entering function process_data()
[2025-11-07T11:40:30.034306] [INFO] User logged in
[2025-11-07T11:40:30.034314] [INFO] Database query executed
[2025-11-07T11:40:30.034305] [INFO] Connection established
[2025-11-07T11:40:30.034329] [DEBUG] Buffer size: 4096 bytes
[2025-11-07T11:40:30.034321] [WARN] Timeout warning
[2025-11-07T11:40:30.034316] [WARN] Resource threshold approaching
[2025-11-07T11:40:30.034310] [INFO] Session started
[2025-11-07T11:40:30.034317] [WARN] Queue size growing
[2025-11-07T11:40:30.034312] [INFO] Connection established
[2025-11-07T11:40:30.034304] [INFO] Transaction completed
[2025-11-07T11:40:30.034327] [DEBUG] Buffer size: 4096 bytes
[2025-11-07T11:40:30.034325] [DEBUG] Thread pool size: 8
[2025-11-07T11:40:30.034326] [DEBUG] Loop iteration: 15
[2025-11-07T11:40:30.034333] [DEBUG] Memory allocation: 2048 bytes
