[2025-11-07T11:40:30.206920] [INFO] Transaction completed
[2025-11-07T11:40:30.206909] [INFO] Connection established
[2025-11-07T11:40:30.206935] [DEBUG] HTTP request headers parsed
[2025-11-07T11:40:30.206934] [DEBUG] HTTP request headers parsed
[2025-11-07T11:40:30.206937] [DEBUG] Cache key generated
[2025-11-07T11:40:30.206938] [DEBUG] Connection pool status checked
[2025-11-07T11:40:30.206924] [WARN] Cache miss
[2025-11-07T11:40:30.206941] [DEBUG] Variable value: x=42
[2025-11-07T11:40:30.206929] [WARN] Deprecated API usage
[2025-11-07T11:40:30.206912] [INFO] Transaction completed
[2025-11-07T11:40:30.206915] [INFO] Transaction completed
[2025-11-07T11:40:30.206933] [DEBUG] Cache key generated
[2025-11-07T11:40:30.206940] [DEBUG] Loop iteration: 15
[2025-11-07T11:40:30.206923] [INFO] User logged in
[2025-11-07T11:40:30.206913] [INFO] Cache hit
[2025-11-07T11:40:30.206918] [INFO] Configuration loaded
[2025-11-07T11:40:30.206908] [INFO] Transaction completed
[2025-11-07T11:40:30.206922] [INFO] Health check passed
[2025-11-07T11:40:30.206932] [DEBUG] Variable value: x=42
[2025-11-07T11:40:30.206939] [DEBUG] Variable value: x=42
[2025-11-07T11:40:30.206930] [ERROR] Database connection lost
[2025-11-07T11:40:30.206916] [INFO] Configuration loaded
[2025-11-07T11:40:30.206926] [WARN] Resource threshold approaching
[2025-11-07T11:40:30.206917] [INFO] Configuration loaded
[2025-11-07T11:40:30.206921] [INFO] Database query executed
[2025-11-07T11:40:30.206927] [WARN] Disk space low
[2025-11-07T11:40:30.206914] [INFO] Transaction completed
[2025-11-07T11:40:30.206925] [WARN] Connection retry attempt
[2025-11-07T11:40:30.206928] [WARN] Slow query performance
[2025-11-07T11:40:30.206919] [INFO] User logged in
[2025-11-07T11:40:30.206931] [DEBUG] HTTP request headers parsed
[2025-11-07T11:40:30.206936] [DEBUG] Variable value: x=42
[2025-11-07T11:40:30.206911] [INFO] Service initialized
