[2025-11-07T11:40:29.774552] [INFO] Service initialized
[2025-11-07T11:40:29.774586] [DEBUG] Buffer size: 4096 bytes
[2025-11-07T11:40:29.774555] [INFO] Request processed successfully
[2025-11-07T11:40:29.774561] [INFO] Session started
[2025-11-07T11:40:29.774580] [DEBUG] Cache key generated
[2025-11-07T11:40:29.774558] [INFO] Health check passed
[2025-11-07T11:40:29.774570] [WARN] Queue size growing
[2025-11-07T11:40:29.774583] [DEBUG] Cache key generated
[2025-11-07T11:40:29.774559] [INFO] Database query executed
[2025-11-07T11:40:29.774553] [INFO] Session started
[2025-11-07T11:40:29.774557] [INFO] Service initialized
[2025-11-07T11:40:29.774560] [INFO] Database query executed
[2025-11-07T11:40:29.774564] [INFO] Configuration loaded
[2025-11-07T11:40:29.774584] [DEBUG] Timer set: 30 seconds
[2025-11-07T11:40:29.774563] [INFO] Session started
[2025-11-07T11:40:29.774574] [ERROR] Invalid input data
[2025-11-07T11:40:29.774562] [INFO] Health check passed
[2025-11-07T11:40:29.774547] [INFO] User logged in
[2025-11-07T11:40:29.774554] [INFO] Database query executed
[2025-11-07T11:40:29.774556] [INFO] Session started
[2025-11-07T11:40:29.774576] [ERROR] Request failed
[2025-11-07T11:40:29.774571] [WARN] Resource threshold approaching
[2025-11-07T11:40:29.774577] [DEBUG] Timer set: 30 seconds
[2025-11-07T11:40:29.774566] [INFO] Transaction completed
[2025-11-07T11:40:29.774578] [DEBUG] Cache key generated
[2025-11-07T11:40:29.774569] [WARN] Connection retry attempt
[2025-11-07T11:40:29.774581] [DEBUG] Cache key generated
[2025-11-07T11:40:29.774550] [INFO] Service initialized
[2025-11-07T11:40:29.774568] [INFO] Request processed successfully
[2025-11-07T11:40:29.774575] [ERROR] Invalid input data
[2025-11-07T11:40:29.774567] [INFO] Database query executed
[2025-11-07T11:40:29.774582] [DEBUG] Thread pool size: 8
[2025-11-07T11:40:29.774548] [INFO] Database query executed
[2025-11-07T11:40:29.774573] [WARN] Queue size growing
[2025-11-07T11:40:29.774579] [DEBUG] Memory allocation: 2048 bytes
[2025-11-07T11:40:29.774549] [INFO] User logged in
[2025-11-07T11:40:29.774565] [INFO] Connection established
[2025-11-07T11:40:29.774551] [INFO] Session started
[2025-11-07T11:40:29.774587] [DEBUG] Variable value: x=42
