[2025-11-07T11:40:29.399827] [ERROR] Request failed
[2025-11-07T11:40:29.399819] [INFO] Health check passed
[2025-11-07T11:40:29.399813] [INFO] Database query executed
[2025-11-07T11:40:29.399812] [INFO] Health check passed
[2025-11-07T11:40:29.399823] [WARN] Connection retry attempt
[2025-11-07T11:40:29.399820] [INFO] Database query executed
[2025-11-07T11:40:29.399835] [DEBUG] Variable value: x=42
[2025-11-07T11:40:29.399833] [DEBUG] Buffer size: 4096 bytes
[2025-11-07T11:40:29.399831] [DEBUG] Connection pool status checked
[2025-11-07T11:40:29.399824] [WARN] Resource threshold approaching
[2025-11-07T11:40:29.399828] [ERROR] Database connection lost
[2025-11-07T11:40:29.399825] [WARN] Disk space low
[2025-11-07T11:40:29.399818] [INFO] Request processed successfully
[2025-11-07T11:40:29.399822] [WARN] Deprecated API usage
[2025-11-07T11:40:29.399816] [INFO] Connection established
[2025-11-07T11:40:29.399815] [INFO] Database query executed
[2025-11-07T11:40:29.399826] [WARN] Rate limit approaching
[2025-11-07T11:40:29.399835] [DEBUG] Memory allocation: 2048 bytes
[2025-11-07T11:40:29.399817] [INFO] Service initialized
[2025-11-07T11:40:29.399810] [INFO] Transaction completed
[2025-11-07T11:40:29.399811] [INFO] Cache hit
[2025-11-07T11:40:29.399836] [DEBUG] Buffer size: 4096 bytes
[2025-11-07T11:40:29.399814] [INFO] Connection established
[2025-11-07T11:40:29.399830] [DEBUG] Timer set: 30 seconds
[2025-11-07T11:40:29.399838] [DEBUG] Thread pool size: 8
[2025-11-07T11:40:29.399833] [DEBUG] HTTP request headers parsed
[2025-11-07T11:40:29.399829] [ERROR] Invalid input data
[2025-11-07T11:40:29.399837] [DEBUG] Loop iteration: 15
[2025-11-07T11:40:29.399808] [INFO] Connection established
[2025-11-07T11:40:29.399821] [INFO] Session started
