[2025-11-07T11:40:29.955377] [INFO] Configuration loaded
[2025-11-07T11:40:29.955392] [INFO] User logged in
[2025-11-07T11:40:29.955393] [INFO] Connection established
[2025-11-07T11:40:29.955404] [DEBUG] Cache key generated
[2025-11-07T11:40:29.955395] [WARN] Timeout warning
[2025-11-07T11:40:29.955390] [INFO] User logged in
[2025-11-07T11:40:29.955399] [ERROR] File not found
[2025-11-07T11:40:29.955380] [INFO] Connection established
[2025-11-07T11:40:29.955388] [INFO] Cache hit
[2025-11-07T11:40:29.955400] [ERROR] Disk read failed
[2025-11-07T11:40:29.955397] [ERROR] Disk read failed
[2025-11-07T11:40:29.955402] [DEBUG] Thread pool size: 8
[2025-11-07T11:40:29.955374] [INFO] Service initialized
[2025-11-07T11:40:29.955375] [INFO] Database query executed
[2025-11-07T11:40:29.955394] [WARN] Connection retry attempt
[2025-11-07T11:40:29.955406] [DEBUG] Timer set: 30 seconds
[2025-11-07T11:40:29.955389] [INFO] Connection established
[2025-11-07T11:40:29.955408] [DEBUG] Loop iteration: 15
[2025-11-07T11:40:29.955391] [INFO] Service initialized
[2025-11-07T11:40:29.955396] [WARN] Disk space low
[2025-11-07T11:40:29.955407] [DEBUG] Loop iteration: 15
[2025-11-07T11:40:29.955403] [DEBUG] Memory allocation: 2048 bytes
[2025-11-07T11:40:29.955405] [DEBUG] Cache key generated
[2025-11-07T11:40:29.955379] [INFO] Health check passed
[2025-11-07T11:40:29.955378] [INFO] Cache hit
[2025-11-07T11:40:29.955409] [DEBUG] Variable value: x=42
[2025-11-07T11:40:29.955401] [DEBUG] Cache key generated
