[2025-11-07T11:40:30.242141] [INFO] Request processed successfully
[2025-11-07T11:40:30.242148] [INFO] Database query executed
[2025-11-07T11:40:30.242152] [WARN] Disk space low
[2025-11-07T11:40:30.242148] [INFO] Session started
[2025-11-07T11:40:30.242143] [INFO] User logged in
[2025-11-07T11:40:30.242147] [INFO] Health check passed
[2025-11-07T11:40:30.242156] [DEBUG] Thread pool size: 8
[2025-11-07T11:40:30.242150] [WARN] Queue size growing
[2025-11-07T11:40:30.242153] [WARN] Resource threshold approaching
[2025-11-07T11:40:30.242160] [DEBUG] Variable value: x=42
[2025-11-07T11:40:30.242154] [ERROR] Invalid input data
[2025-11-07T11:40:30.242137] [INFO] Connection established
[2025-11-07T11:40:30.242136] [INFO] Service initialized
[2025-11-07T11:40:30.242135] [INFO] User logged in
[2025-11-07T11:40:30.242157] [DEBUG] Variable value: x=42
[2025-11-07T11:40:30.242158] [DEBUG] Variable value: x=42
[2025-11-07T11:40:30.242155] [DEBUG] Buffer size: 4096 bytes
[2025-11-07T11:40:30.242146] [INFO] Session started
[2025-11-07T11:40:30.242138] [INFO] User logged in
[2025-11-07T11:40:30.242149] [INFO] User logged in
[2025-11-07T11:40:30.242145] [INFO] Request processed successfully
[2025-11-07T11:40:30.242151] [WARN] Cache miss
[2025-11-07T11:40:30.242144] [INFO] Connection established
[2025-11-07T11:40:30.242159] [DEBUG] Cache key generated
[2025-11-07T11:40:30.242139] [INFO] Request processed successfully
[2025-11-07T11:40:30.242140] [INFO] Cache hit
[2025-11-07T11:40:30.242142] [INFO] Request processed successfully
