[2025-11-07T11:40:29.353983] [INFO] Session started
[2025-11-07T11:40:29.354007] [DEBUG] Loop iteration: 15
[2025-11-07T11:40:29.353990] [INFO] Connection established
[2025-11-07T11:40:29.353982] [INFO] Configuration loaded
[2025-11-07T11:40:29.354003] [DEBUG] HTTP request headers parsed
[2025-11-07T11:40:29.353981] [INFO] User logged in
[2025-11-07T11:40:29.353989] [INFO] Configuration loaded
[2025-11-07T11:40:29.353980] [INFO] Session started
[2025-11-07T11:40:29.353991] [INFO] Cache hit
[2025-11-07T11:40:29.354000] [DEBUG] Connection pool status checked
[2025-11-07T11:40:29.354001] [DEBUG] HTTP request headers parsed
[2025-11-07T11:40:29.353998] [ERROR] Disk read failed
[2025-11-07T11:40:29.353995] [WARN] High memory usage detected
[2025-11-07T11:40:29.354006] [DEBUG] Connection pool status checked
[2025-11-07T11:40:29.353993] [WARN] Deprecated API usage
[2025-11-07T11:40:29.353984] [INFO] Cache hit
[2025-11-07T11:40:29.354009] [DEBUG] Timer set: 30 seconds
[2025-11-07T11:40:29.354002] [DEBUG] Thread pool size: 8
[2025-11-07T11:40:29.353992] [WARN] Queue size growing
[2025-11-07T11:40:29.353978] [INFO] Configuration loaded
[2025-11-07T11:40:29.353999] [DEBUG] Entering function process_data()
[2025-11-07T11:40:29.353994] [WARN] Slow query performance
[2025-11-07T11:40:29.354008] [DEBUG] Cache key generated
[2025-11-07T11:40:29.354005] [DEBUG] Connection pool status checked
[2025-11-07T11:40:29.353976] [INFO] Request processed successfully
[2025-11-07T11:40:29.354004] [DEBUG] Connection pool status checked
[2025-11-07T11:40:29.353996] [WARN] Cache miss
[2025-11-07T11:40:29.353988] [INFO] Request processed successfully
[2025-11-07T11:40:29.353986] [INFO] Transaction completed
[2025-11-07T11:40:29.354006] [DEBUG] Entering function process_data()
[2025-11-07T11:40:29.353987] [INFO] Transaction completed
[2025-11-07T11:40:29.353997] [ERROR] File not found
[2025-11-07T11:40:29.353979] [INFO] User logged in
[2025-11-07T11:40:29.353985] [INFO] Cache hit
