[2025-11-07T11:40:30.271961] [DEBUG] Buffer size: 4096 bytes
[2025-11-07T11:40:30.271943] [INFO] Health check passed
[2025-11-07T11:40:30.271957] [DEBUG] Entering function process_data()
[2025-11-07T11:40:30.271927] [INFO] Database query executed
[2025-11-07T11:40:30.271925] [INFO] Configuration loaded
[2025-11-07T11:40:30.271945] [WARN] Resource threshold approaching
[2025-11-07T11:40:30.271954] [ERROR] Service unavailable
[2025-11-07T11:40:30.271930] [INFO] Request processed successfully
[2025-11-07T11:40:30.271958] [DEBUG] Thread pool size: 8
[2025-11-07T11:40:30.271952] [WARN] Timeout warning
[2025-11-07T11:40:30.271934] [INFO] Service initialized
[2025-11-07T11:40:30.271923] [INFO] Session started
[2025-11-07T11:40:30.271924] [INFO] Service initialized
[2025-11-07T11:40:30.271963] [DEBUG] Variable value: x=42
[2025-11-07T11:40:30.271935] [INFO] Health check passed
[2025-11-07T11:40:30.271926] [INFO] Health check passed
[2025-11-07T11:40:30.271956] [DEBUG] HTTP request headers parsed
[2025-11-07T11:40:30.271942] [INFO] User logged in
[2025-11-07T11:40:30.271930] [INFO] Connection established
[2025-11-07T11:40:30.271936] [INFO] User logged in
[2025-11-07T11:40:30.271962] [DEBUG] Loop iteration: 15
[2025-11-07T11:40:30.271946] [WARN] High memory usage detected
[2025-11-07T11:40:30.271932] [INFO] User logged in
[2025-11-07T11:40:30.271949] [WARN] Disk space low
[2025-11-07T11:40:30.271929] [INFO] Connection established
[2025-11-07T11:40:30.271939] [INFO] Cache hit
[2025-11-07T11:40:30.271941] [INFO] Request processed successfully
[2025-11-07T11:40:30.271950] [WARN] Resource threshold approaching
[2025-11-07T11:40:30.271948] [WARN] Connection retry attempt
[2025-11-07T11:40:30.271951] [WARN] Cache miss
[2025-11-07T11:40:30.271960] [DEBUG] Thread pool size: 8
[2025-11-07T11:40:30.271933] [INFO] Health check passed
[2025-11-07T11:40:30.271938] [INFO] Request processed successfully
