[2025-11-07T11:40:29.324277] [ERROR] Memory allocation error
[2025-11-07T11:40:29.324271] [WARN] Disk space low
[2025-11-07T11:40:29.324286] [DEBUG] Memory allocation: 2048 bytes
[2025-11-07T11:40:29.324284] [DEBUG] Timer set: 30 seconds
[2025-11-07T11:40:29.324263] [INFO] Health check passed
[2025-11-07T11:40:29.324269] [INFO] Transaction completed
[2025-11-07T11:40:29.324278] [ERROR] File not found
[2025-11-07T11:40:29.324280] [DEBUG] Timer set: 30 seconds
[2025-11-07T11:40:29.324261] [INFO] Database query executed
[2025-11-07T11:40:29.324265] [INFO] Service initialized
[2025-11-07T11:40:29.324272] [WARN] Disk space low
[2025-11-07T11:40:29.324258] [INFO] Configuration loaded
[2025-11-07T11:40:29.324287] [DEBUG] Timer set: 30 seconds
[2025-11-07T11:40:29.324275] [WARN] Slow query performance
[2025-11-07T11:40:29.324259] [INFO] Configuration loaded
[2025-11-07T11:40:29.324288] [DEBUG] Timer set: 30 seconds
[2025-11-07T11:40:29.324289] [DEBUG] Entering function process_data()
[2025-11-07T11:40:29.324276] [WARN] High memory usage detected
[2025-11-07T11:40:29.324282] [DEBUG] Loop iteration: 15
[2025-11-07T11:40:29.324262] [INFO] Database query executed
[2025-11-07T11:40:29.324273] [WARN] Timeout warning
[2025-11-07T11:40:29.324257] [INFO] User logged in
[2025-11-07T11:40:29.324279] [ERROR] Permission denied
[2025-11-07T11:40:29.324267] [INFO] Cache hit
[2025-11-07T11:40:29.324289] [DEBUG] Connection pool status checked
[2025-11-07T11:40:29.324256] [INFO] Session started
[2025-11-07T11:40:29.324264] [INFO] Transaction completed
[2025-11-07T11:40:29.324266] [INFO] Session started
[2025-11-07T11:40:29.324285] [DEBUG] Connection pool status checked
[2025-11-07T11:40:29.324270] [WARN] Timeout warning
[2025-11-07T11:40:29.324260] [INFO] Session started
[2025-11-07T11:40:29.324268] [INFO] Cache hit
[2025-11-07T11:40:29.324281] [DEBUG] Buffer size: 4096 bytes
[2025-11-07T11:40:29.324283] [DEBUG] Timer set: 30 seconds
[2025-11-07T11:40:29.324274] [WARN] High memory usage detected
