[2025-11-07T11:40:30.092575] [DEBUG] Timer set: 30 seconds
[2025-11-07T11:40:30.092562] [INFO] Configuration loaded
[2025-11-07T11:40:30.092556] [INFO] Cache hit
[2025-11-07T11:40:30.092568] [WARN] Timeout warning
[2025-11-07T11:40:30.092578] [DEBUG] Buffer size: 4096 bytes
[2025-11-07T11:40:30.092558] [INFO] Session started
[2025-11-07T11:40:30.092580] [DEBUG] Variable value: x=42
[2025-11-07T11:40:30.092561] [INFO] Cache hit
[2025-11-07T11:40:30.092572] [ERROR] Permission denied
[2025-11-07T11:40:30.092560] [INFO] Configuration loaded
[2025-11-07T11:40:30.092573] [DEBUG] HTTP request headers parsed
[2025-11-07T11:40:30.092581] [DEBUG] Timer set: 30 seconds
[2025-11-07T11:40:30.092570] [WARN] Deprecated API usage
[2025-11-07T11:40:30.092577] [DEBUG] Buffer size: 4096 bytes
[2025-11-07T11:40:30.092569] [WARN] High memory usage detected
[2025-11-07T11:40:30.092564] [WARN] Rate limit approaching
[2025-11-07T11:40:30.092565] [WARN] High memory usage detected
[2025-11-07T11:40:30.092559] [INFO] Request processed successfully
[2025-11-07T11:40:30.092571] [ERROR] Authentication failed
[2025-11-07T11:40:30.092576] [DEBUG] Loop iteration: 15
[2025-11-07T11:40:30.092555] [INFO] Database query executed
[2025-11-07T11:40:30.092563] [INFO] Request processed successfully
[2025-11-07T11:40:30.092579] [DEBUG] Cache key generated
[2025-11-07T11:40:30.092551] [INFO] Session started
[2025-11-07T11:40:30.092554] [INFO] Request processed successfully
[2025-11-07T11:40:30.092574] [DEBUG] Timer set: 30 seconds
[2025-11-07T11:40:30.092552] [INFO] Health check passed
[2025-11-07T11:40:30.092550] [INFO] Session started
[2025-11-07T11:40:30.092553] [INFO] Database query executed
[2025-11-07T11:40:30.092567] [WARN] Rate limit approaching
[2025-11-07T11:40:30.092549] [INFO] Configuration loaded
[2025-11-07T11:40:30.092548] [INFO] User logged in
[2025-11-07T11:40:30.092566] [WARN] Cache miss
