[2025-11-07T11:40:29.879613] [INFO] User logged in
[2025-11-07T11:40:29.879605] [INFO] Health check passed
[2025-11-07T11:40:29.879606] [INFO] Request processed successfully
[2025-11-07T11:40:29.879632] [DEBUG] Entering function process_data()
[2025-11-07T11:40:29.879618] [WARN] Cache miss
[2025-11-07T11:40:29.879619] [WARN] High memory usage detected
[2025-11-07T11:40:29.879608] [INFO] Configuration loaded
[2025-11-07T11:40:29.879604] [INFO] Transaction completed
[2025-11-07T11:40:29.879607] [INFO] Request processed successfully
[2025-11-07T11:40:29.879614] [INFO] Health check passed
[2025-11-07T11:40:29.879601] [INFO] Database query executed
[2025-11-07T11:40:29.879611] [INFO] Configuration loaded
[2025-11-07T11:40:29.879615] [INFO] Session started
[2025-11-07T11:40:29.879627] [DEBUG] Variable value: x=42
[2025-11-07T11:40:29.879631] [DEBUG] Memory allocation: 2048 bytes
[2025-11-07T11:40:29.879625] [ERROR] Service unavailable
[2025-11-07T11:40:29.879634] [DEBUG] Entering function process_data()
[2025-11-07T11:40:29.879610] [INFO] Health check passed
[2025-11-07T11:40:29.879617] [INFO] Transaction completed
[2025-11-07T11:40:29.879622] [WARN] High memory usage detected
[2025-11-07T11:40:29.879629] [DEBUG] Thread pool size: 8
[2025-11-07T11:40:29.879616] [INFO] Service initialized
[2025-11-07T11:40:29.879630] [DEBUG] Memory allocation: 2048 bytes
[2025-11-07T11:40:29.879612] [INFO] Transaction completed
[2025-11-07T11:40:29.879628] [DEBUG] Cache key generated
[2025-11-07T11:40:29.879623] [WARN] Connection retry attempt
[2025-11-07T11:40:29.879609] [INFO] Request processed successfully
[2025-11-07T11:40:29.879620] [WARN] Disk space low
[2025-11-07T11:40:29.879621] [WARN] Deprecated API usage
[2025-11-07T11:40:29.879633] [DEBUG] Variable value: x=42
[2025-11-07T11:40:29.879626] [DEBUG] Connection pool status checked
[2025-11-07T11:40:29.879603] [INFO] Request processed successfully
