[2025-11-07T11:40:30.122625] [INFO] Transaction completed
[2025-11-07T11:40:30.122612] [INFO] Configuration loaded
[2025-11-07T11:40:30.122640] [DEBUG] Loop iteration: 15
[2025-11-07T11:40:30.122639] [DEBUG] Buffer size: 4096 bytes
[2025-11-07T11:40:30.122631] [WARN] High memory usage detected
[2025-11-07T11:40:30.122613] [INFO] User logged in
[2025-11-07T11:40:30.122614] [INFO] Database query executed
[2025-11-07T11:40:30.122638] [DEBUG] Loop iteration: 15
[2025-11-07T11:40:30.122636] [DEBUG] HTTP request headers parsed
[2025-11-07T11:40:30.122618] [INFO] Transaction completed
[2025-11-07T11:40:30.122634] [ERROR] Service unavailable
[2025-11-07T11:40:30.122623] [INFO] Service initialized
[2025-11-07T11:40:30.122617] [INFO] Service initialized
[2025-11-07T11:40:30.122635] [DEBUG] Thread pool size: 8
[2025-11-07T11:40:30.122643] [DEBUG] Variable value: x=42
[2025-11-07T11:40:30.122641] [DEBUG] Memory allocation: 2048 bytes
[2025-11-07T11:40:30.122622] [INFO] User logged in
[2025-11-07T11:40:30.122615] [INFO] Configuration loaded
[2025-11-07T11:40:30.122620] [INFO] Connection established
[2025-11-07T11:40:30.122632] [ERROR] Invalid input data
[2025-11-07T11:40:30.122642] [DEBUG] Variable value: x=42
[2025-11-07T11:40:30.122621] [INFO] Database query executed
[2025-11-07T11:40:30.122629] [WARN] Timeout warning
[2025-11-07T11:40:30.122626] [WARN] High memory usage detected
[2025-11-07T11:40:30.122616] [INFO] Cache hit
[2025-11-07T11:40:30.122624] [INFO] User logged in
[2025-11-07T11:40:30.122628] [WARN] Timeout warning
[2025-11-07T11:40:30.122620] [INFO] Service initialized
[2025-11-07T11:40:30.122637] [DEBUG] Cache key generated
[2025-11-07T11:40:30.122633] [ERROR] Service unavailable
[2025-11-07T11:40:30.122630] [WARN] Deprecated API usage
