[2025-11-07T11:40:29.467995] [WARN] Slow query performance
[2025-11-07T11:40:29.467993] [WARN] Deprecated API usage
[2025-11-07T11:40:29.467985] [INFO] Database query executed
[2025-11-07T11:40:29.468000] [DEBUG] Memory allocation: 2048 bytes
[2025-11-07T11:40:29.467994] [WARN] Queue size growing
[2025-11-07T11:40:29.468004] [DEBUG] Loop iteration: 15
[2025-11-07T11:40:29.467980] [INFO] Connection established
[2025-11-07T11:40:29.467986] [INFO] Transaction completed
[2025-11-07T11:40:29.467990] [INFO] Health check passed
[2025-11-07T11:40:29.467996] [WARN] Connection retry attempt
[2025-11-07T11:40:29.467992] [INFO] User logged in
[2025-11-07T11:40:29.467987] [INFO] User logged in
[2025-11-07T11:40:29.467997] [ERROR] Permission denied
[2025-11-07T11:40:29.468003] [DEBUG] Loop iteration: 15
[2025-11-07T11:40:29.467989] [INFO] Request processed successfully
[2025-11-07T11:40:29.467979] [INFO] Cache hit
[2025-11-07T11:40:29.468001] [DEBUG] HTTP request headers parsed
[2025-11-07T11:40:29.467991] [INFO] Request processed successfully
[2025-11-07T11:40:29.467998] [DEBUG] Buffer size: 4096 bytes
[2025-11-07T11:40:29.467984] [INFO] Health check passed
[2025-11-07T11:40:29.468005] [DEBUG] Cache key generated
[2025-11-07T11:40:29.467981] [INFO] Service initialized
[2025-11-07T11:40:29.468002] [DEBUG] Cache key generated
[2025-11-07T11:40:29.467983] [INFO] Session started
[2025-11-07T11:40:29.467988] [INFO] Configuration loaded
[2025-11-07T11:40:29.467999] [DEBUG] Connection pool status checked
