[2025-11-07T11:40:30.079796] [INFO] Request processed successfully
[2025-11-07T11:40:30.079799] [INFO] Configuration loaded
[2025-11-07T11:40:30.079803] [INFO] Service initialized
[2025-11-07T11:40:30.079801] [INFO] Health check passed
[2025-11-07T11:40:30.079795] [INFO] Session started
[2025-11-07T11:40:30.079820] [DEBUG] HTTP request headers parsed
[2025-11-07T11:40:30.079797] [INFO] Cache hit
[2025-11-07T11:40:30.079798] [INFO] Transaction completed
[2025-11-07T11:40:30.079810] [ERROR] Service unavailable
[2025-11-07T11:40:30.079814] [DEBUG] HTTP request headers parsed
[2025-11-07T11:40:30.079809] [WARN] Cache miss
[2025-11-07T11:40:30.079808] [WARN] Rate limit approaching
[2025-11-07T11:40:30.079802] [INFO] Configuration loaded
[2025-11-07T11:40:30.079816] [DEBUG] Cache key generated
[2025-11-07T11:40:30.079818] [DEBUG] Memory allocation: 2048 bytes
[2025-11-07T11:40:30.079811] [ERROR] Request failed
[2025-11-07T11:40:30.079806] [WARN] Timeout warning
[2025-11-07T11:40:30.079804] [INFO] Request processed successfully
[2025-11-07T11:40:30.079817] [DEBUG] Loop iteration: 15
[2025-11-07T11:40:30.079821] [DEBUG] Variable value: x=42
[2025-11-07T11:40:30.079805] [WARN] Deprecated API usage
[2025-11-07T11:40:30.079812] [ERROR] Disk read failed
[2025-11-07T11:40:30.079819] [DEBUG] Connection pool status checked
[2025-11-07T11:40:30.079815] [DEBUG] Memory allocation: 2048 bytes
[2025-11-07T11:40:30.079813] [DEBUG] Buffer size: 4096 bytes
[2025-11-07T11:40:30.079800] [INFO] Cache hit
[2025-11-07T11:40:30.079807] [WARN] Timeout warning
