[2025-11-07T11:40:29.692899] [INFO] Session started
[2025-11-07T11:40:29.692915] [DEBUG] Memory allocation: 2048 bytes
[2025-11-07T11:40:29.692908] [WARN] Deprecated API usage
[2025-11-07T11:40:29.692895] [INFO] User logged in
[2025-11-07T11:40:29.692916] [DEBUG] HTTP request headers parsed
[2025-11-07T11:40:29.692905] [WARN] Rate limit approaching
[2025-11-07T11:40:29.692913] [DEBUG] Timer set: 30 seconds
[2025-11-07T11:40:29.692892] [INFO] Database query executed
[2025-11-07T11:40:29.692898] [INFO] Health check passed
[2025-11-07T11:40:29.692917] [DEBUG] Thread pool size: 8
[2025-11-07T11:40:29.692889] [INFO] Database query executed
[2025-11-07T11:40:29.692914] [DEBUG] Entering function process_data()
[2025-11-07T11:40:29.692911] [DEBUG] Connection pool status checked
[2025-11-07T11:40:29.692912] [DEBUG] Timer set: 30 seconds
[2025-11-07T11:40:29.692896] [INFO] Configuration loaded
[2025-11-07T11:40:29.692910] [ERROR] Disk read failed
[2025-11-07T11:40:29.692909] [ERROR] Request failed
[2025-11-07T11:40:29.692900] [INFO] Session started
[2025-11-07T11:40:29.692893] [INFO] Cache hit
[2025-11-07T11:40:29.692903] [INFO] Session started
[2025-11-07T11:40:29.692891] [INFO] Database query executed
[2025-11-07T11:40:29.692918] [DEBUG] Variable value: x=42
[2025-11-07T11:40:29.692907] [WARN] Rate limit approaching
[2025-11-07T11:40:29.692906] [WARN] Timeout warning
[2025-11-07T11:40:29.692904] [INFO] Transaction completed
[2025-11-07T11:40:29.692919] [DEBUG] Buffer size: 4096 bytes
[2025-11-07T11:40:29.692901] [INFO] Session started
[2025-11-07T11:40:29.692902] [INFO] User logged in
[2025-11-07T11:40:29.692894] [INFO] Health check passed
[2025-11-07T11:40:29.692897] [INFO] Configuration loaded
