[2025-11-07T11:40:29.630786] [INFO] Database query executed
[2025-11-07T11:40:29.630796] [WARN] Rate limit approaching
[2025-11-07T11:40:29.630791] [INFO] Cache hit
[2025-11-07T11:40:29.630800] [DEBUG] Variable value: x=42
[2025-11-07T11:40:29.630789] [INFO] Database query executed
[2025-11-07T11:40:29.630805] [DEBUG] Thread pool size: 8
[2025-11-07T11:40:29.630790] [INFO] Transaction completed
[2025-11-07T11:40:29.630798] [ERROR] Network timeout
[2025-11-07T11:40:29.630780] [INFO] Session started
[2025-11-07T11:40:29.630788] [INFO] Request processed successfully
[2025-11-07T11:40:29.630799] [DEBUG] Variable value: x=42
[2025-11-07T11:40:29.630803] [DEBUG] Memory allocation: 2048 bytes
[2025-11-07T11:40:29.630797] [ERROR] Service unavailable
[2025-11-07T11:40:29.630801] [DEBUG] Buffer size: 4096 bytes
[2025-11-07T11:40:29.630794] [INFO] Database query executed
[2025-11-07T11:40:29.630802] [DEBUG] Cache key generated
[2025-11-07T11:40:29.630792] [INFO] Configuration loaded
[2025-11-07T11:40:29.630804] [DEBUG] Variable value: x=42
[2025-11-07T11:40:29.630795] [WARN] Resource threshold approaching
[2025-11-07T11:40:29.630782] [INFO] Transaction completed
[2025-11-07T11:40:29.630793] [INFO] Connection established
[2025-11-07T11:40:29.630783] [INFO] User logged in
[2025-11-07T11:40:29.630781] [INFO] Connection established
[2025-11-07T11:40:29.630787] [INFO] Connection established
[2025-11-07T11:40:29.630785] [INFO] Transaction completed
[2025-11-07T11:40:29.630784] [INFO] Service initialized
