[2025-11-07T11:40:30.209980] [INFO] Configuration loaded
[2025-11-07T11:40:30.209984] [INFO] Cache hit
[2025-11-07T11:40:30.209989] [WARN] Resource threshold approaching
[2025-11-07T11:40:30.209972] [INFO] Service initialized
[2025-11-07T11:40:30.210003] [DEBUG] Buffer size: 4096 bytes
[2025-11-07T11:40:30.209976] [INFO] Service initialized
[2025-11-07T11:40:30.209970] [INFO] Cache hit
[2025-11-07T11:40:30.209973] [INFO] Health check passed
[2025-11-07T11:40:30.209991] [WARN] Rate limit approaching
[2025-11-07T11:40:30.209996] [DEBUG] Connection pool status checked
[2025-11-07T11:40:30.209977] [INFO] Database query executed
[2025-11-07T11:40:30.209985] [INFO] Health check passed
[2025-11-07T11:40:30.209987] [WARN] Timeout warning
[2025-11-07T11:40:30.209993] [DEBUG] Memory allocation: 2048 bytes
[2025-11-07T11:40:30.209998] [DEBUG] Memory allocation: 2048 bytes
[2025-11-07T11:40:30.209982] [INFO] Connection established
[2025-11-07T11:40:30.209994] [DEBUG] Loop iteration: 15
[2025-11-07T11:40:30.209975] [INFO] Cache hit
[2025-11-07T11:40:30.209990] [WARN] Timeout warning
[2025-11-07T11:40:30.209995] [DEBUG] Entering function process_data()
[2025-11-07T11:40:30.210002] [DEBUG] Cache key generated
[2025-11-07T11:40:30.210001] [DEBUG] Entering function process_data()
[2025-11-07T11:40:30.209992] [ERROR] Database connection lost
[2025-11-07T11:40:30.209985] [INFO] Session started
[2025-11-07T11:40:30.209981] [INFO] Transaction completed
[2025-11-07T11:40:30.209988] [WARN] Slow query performance
[2025-11-07T11:40:30.209983] [INFO] Database query executed
[2025-11-07T11:40:30.209978] [INFO] Service initialized
[2025-11-07T11:40:30.209974] [INFO] Transaction completed
[2025-11-07T11:40:30.209999] [DEBUG] Connection pool status checked
[2025-11-07T11:40:30.210000] [DEBUG] Loop iteration: 15
[2025-11-07T11:40:30.209997] [DEBUG] Cache key generated
