[2025-11-07T11:40:29.514312] [INFO] Request processed successfully
[2025-11-07T11:40:29.514318] [WARN] Slow query performance
[2025-11-07T11:40:29.514323] [DEBUG] HTTP request headers parsed
[2025-11-07T11:40:29.514303] [INFO] Cache hit
[2025-11-07T11:40:29.514306] [INFO] Service initialized
[2025-11-07T11:40:29.514315] [WARN] Slow query performance
[2025-11-07T11:40:29.514310] [INFO] Transaction completed
[2025-11-07T11:40:29.514313] [INFO] Configuration loaded
[2025-11-07T11:40:29.514328] [DEBUG] Buffer size: 4096 bytes
[2025-11-07T11:40:29.514314] [INFO] User logged in
[2025-11-07T11:40:29.514304] [INFO] Connection established
[2025-11-07T11:40:29.514309] [INFO] Service initialized
[2025-11-07T11:40:29.514305] [INFO] Connection established
[2025-11-07T11:40:29.514316] [WARN] Connection retry attempt
[2025-11-07T11:40:29.514299] [INFO] Configuration loaded
[2025-11-07T11:40:29.514325] [DEBUG] Entering function process_data()
[2025-11-07T11:40:29.514320] [ERROR] Service unavailable
[2025-11-07T11:40:29.514328] [DEBUG] Timer set: 30 seconds
[2025-11-07T11:40:29.514311] [INFO] Transaction completed
[2025-11-07T11:40:29.514303] [INFO] Session started
[2025-11-07T11:40:29.514319] [WARN] Deprecated API usage
[2025-11-07T11:40:29.514307] [INFO] Health check passed
[2025-11-07T11:40:29.514308] [INFO] User logged in
[2025-11-07T11:40:29.514326] [DEBUG] Connection pool status checked
[2025-11-07T11:40:29.514327] [DEBUG] Timer set: 30 seconds
[2025-11-07T11:40:29.514324] [DEBUG] Loop iteration: 15
[2025-11-07T11:40:29.514301] [INFO] Configuration loaded
[2025-11-07T11:40:29.514322] [DEBUG] Loop iteration: 15
[2025-11-07T11:40:29.514321] [ERROR] Database connection lost
[2025-11-07T11:40:29.514317] [WARN] Resource threshold approaching
[2025-11-07T11:40:29.514302] [INFO] Cache hit
[2025-11-07T11:40:29.514300] [INFO] User logged in
[2025-11-07T11:40:29.514297] [INFO] Transaction completed
