[2025-11-07T11:40:29.572908] [DEBUG] Connection pool status checked
[2025-11-07T11:40:29.572883] [INFO] Configuration loaded
[2025-11-07T11:40:29.572906] [DEBUG] Cache key generated
[2025-11-07T11:40:29.572894] [WARN] Disk space low
[2025-11-07T11:40:29.572897] [ERROR] Network timeout
[2025-11-07T11:40:29.572895] [WARN] Resource threshold approaching
[2025-11-07T11:40:29.572902] [DEBUG] Memory allocation: 2048 bytes
[2025-11-07T11:40:29.572875] [INFO] Connection established
[2025-11-07T11:40:29.572876] [INFO] Database query executed
[2025-11-07T11:40:29.572890] [WARN] Queue size growing
[2025-11-07T11:40:29.572903] [DEBUG] Connection pool status checked
[2025-11-07T11:40:29.572891] [WARN] High memory usage detected
[2025-11-07T11:40:29.572905] [DEBUG] Memory allocation: 2048 bytes
[2025-11-07T11:40:29.572872] [INFO] Configuration loaded
[2025-11-07T11:40:29.572900] [DEBUG] Memory allocation: 2048 bytes
[2025-11-07T11:40:29.572899] [DEBUG] Loop iteration: 15
[2025-11-07T11:40:29.572880] [INFO] Session started
[2025-11-07T11:40:29.572884] [INFO] Transaction completed
[2025-11-07T11:40:29.572896] [ERROR] Network timeout
[2025-11-07T11:40:29.572882] [INFO] Request processed successfully
[2025-11-07T11:40:29.572881] [INFO] Transaction completed
[2025-11-07T11:40:29.572885] [INFO] Health check passed
[2025-11-07T11:40:29.572877] [INFO] Transaction completed
[2025-11-07T11:40:29.572879] [INFO] Configuration loaded
[2025-11-07T11:40:29.572904] [DEBUG] HTTP request headers parsed
[2025-11-07T11:40:29.572898] [DEBUG] HTTP request headers parsed
[2025-11-07T11:40:29.572901] [DEBUG] Entering function process_data()
[2025-11-07T11:40:29.572888] [INFO] Configuration loaded
[2025-11-07T11:40:29.572889] [INFO] Database query executed
[2025-11-07T11:40:29.572887] [INFO] Health check passed
[2025-11-07T11:40:29.572909] [DEBUG] Connection pool status checked
[2025-11-07T11:40:29.572874] [INFO] Request processed successfully
[2025-11-07T11:40:29.572886] [INFO] Health check passed
[2025-11-07T11:40:29.572907] [DEBUG] Entering function process_data()
[2025-11-07T11:40:29.572893] [WARN] Slow query performance
[2025-11-07T11:40:29.572878] [INFO] Service initialized
