[2025-11-07T11:40:29.729842] [INFO] Transaction completed
[2025-11-07T11:40:29.729837] [INFO] Configuration loaded
[2025-11-07T11:40:29.729851] [DEBUG] Loop iteration: 15
[2025-11-07T11:40:29.729841] [INFO] Connection established
[2025-11-07T11:40:29.729853] [DEBUG] Thread pool size: 8
[2025-11-07T11:40:29.729833] [INFO] Connection established
[2025-11-07T11:40:29.729842] [INFO] Transaction completed
[2025-11-07T11:40:29.729831] [INFO] Connection established
[2025-11-07T11:40:29.729849] [ERROR] Network timeout
[2025-11-07T11:40:29.729847] [WARN] Timeout warning
[2025-11-07T11:40:29.729832] [INFO] Configuration loaded
[2025-11-07T11:40:29.729856] [DEBUG] HTTP request headers parsed
[2025-11-07T11:40:29.729834] [INFO] User logged in
[2025-11-07T11:40:29.729848] [WARN] Slow query performance
[2025-11-07T11:40:29.729838] [INFO] Request processed successfully
[2025-11-07T11:40:29.729858] [DEBUG] Variable value: x=42
[2025-11-07T11:40:29.729850] [ERROR] Invalid input data
[2025-11-07T11:40:29.729836] [INFO] Service initialized
[2025-11-07T11:40:29.729854] [DEBUG] Timer set: 30 seconds
[2025-11-07T11:40:29.729859] [DEBUG] Timer set: 30 seconds
[2025-11-07T11:40:29.729835] [INFO] Health check passed
[2025-11-07T11:40:29.729852] [DEBUG] Cache key generated
[2025-11-07T11:40:29.729843] [INFO] Session started
[2025-11-07T11:40:29.729829] [INFO] Request processed successfully
[2025-11-07T11:40:29.729860] [DEBUG] Variable value: x=42
[2025-11-07T11:40:29.729846] [WARN] Rate limit approaching
[2025-11-07T11:40:29.729840] [INFO] Request processed successfully
[2025-11-07T11:40:29.729857] [DEBUG] Entering function process_data()
[2025-11-07T11:40:29.729844] [INFO] Database query executed
[2025-11-07T11:40:29.729845] [WARN] Cache miss
[2025-11-07T11:40:29.729839] [INFO] Database query executed
