[2025-11-07T11:40:30.052532] [INFO] Cache hit
[2025-11-07T11:40:30.052536] [WARN] Deprecated API usage
[2025-11-07T11:40:30.052545] [WARN] High memory usage detected
[2025-11-07T11:40:30.052519] [INFO] Cache hit
[2025-11-07T11:40:30.052540] [WARN] Queue size growing
[2025-11-07T11:40:30.052556] [DEBUG] Memory allocation: 2048 bytes
[2025-11-07T11:40:30.052529] [INFO] Transaction completed
[2025-11-07T11:40:30.052523] [INFO] User logged in
[2025-11-07T11:40:30.052524] [INFO] Database query executed
[2025-11-07T11:40:30.052552] [DEBUG] Timer set: 30 seconds
[2025-11-07T11:40:30.052553] [DEBUG] Loop iteration: 15
[2025-11-07T11:40:30.052535] [WARN] Resource threshold approaching
[2025-11-07T11:40:30.052514] [INFO] Cache hit
[2025-11-07T11:40:30.052528] [INFO] Health check passed
[2025-11-07T11:40:30.052530] [INFO] Service initialized
[2025-11-07T11:40:30.052543] [WARN] Disk space low
[2025-11-07T11:40:30.052526] [INFO] Connection established
[2025-11-07T11:40:30.052541] [WARN] Deprecated API usage
[2025-11-07T11:40:30.052527] [INFO] Health check passed
[2025-11-07T11:40:30.052517] [INFO] Session started
[2025-11-07T11:40:30.052520] [INFO] Health check passed
[2025-11-07T11:40:30.052539] [WARN] Slow query performance
[2025-11-07T11:40:30.052513] [INFO] Health check passed
[2025-11-07T11:40:30.052548] [ERROR] Request failed
[2025-11-07T11:40:30.052547] [ERROR] Disk read failed
[2025-11-07T11:40:30.052523] [INFO] User logged in
[2025-11-07T11:40:30.052516] [INFO] Request processed successfully
[2025-11-07T11:40:30.052533] [WARN] Resource threshold approaching
[2025-11-07T11:40:30.052534] [WARN] Deprecated API usage
[2025-11-07T11:40:30.052525] [INFO] Connection established
[2025-11-07T11:40:30.052522] [INFO] Configuration loaded
[2025-11-07T11:40:30.052550] [DEBUG] Memory allocation: 2048 bytes
[2025-11-07T11:40:30.052519] [INFO] Service initialized
[2025-11-07T11:40:30.052538] [WARN] Timeout warning
[2025-11-07T11:40:30.052537] [WARN] Slow query performance
[2025-11-07T11:40:30.052551] [DEBUG] Cache key generated
[2025-11-07T11:40:30.052531] [INFO] Database query executed
[2025-11-07T11:40:30.052549] [ERROR] Invalid input data
[2025-11-07T11:40:30.052542] [WARN] Cache miss
[2025-11-07T11:40:30.052515] [INFO] Database query executed
[2025-11-07T11:40:30.052546] [WARN] Connection retry attempt
[2025-11-07T11:40:30.052544] [WARN] Resource threshold approaching
[2025-11-07T11:40:30.052555] [DEBUG] Variable value: x=42
