[2025-11-07T11:40:29.721218] [INFO] Session started
[2025-11-07T11:40:29.721216] [INFO] Service initialized
[2025-11-07T11:40:29.721224] [INFO] Service initialized
[2025-11-07T11:40:29.721223] [INFO] Health check passed
[2025-11-07T11:40:29.721232] [WARN] Timeout warning
[2025-11-07T11:40:29.721217] [INFO] User logged in
[2025-11-07T11:40:29.721229] [WARN] Deprecated API usage
[2025-11-07T11:40:29.721241] [DEBUG] Thread pool size: 8
[2025-11-07T11:40:29.721226] [INFO] Session started
[2025-11-07T11:40:29.721238] [DEBUG] Memory allocation: 2048 bytes
[2025-11-07T11:40:29.721224] [INFO] Connection established
[2025-11-07T11:40:29.721214] [INFO] Database query executed
[2025-11-07T11:40:29.721242] [DEBUG] Cache key generated
[2025-11-07T11:40:29.721219] [INFO] Configuration loaded
[2025-11-07T11:40:29.721243] [DEBUG] Connection pool status checked
[2025-11-07T11:40:29.721240] [DEBUG] Variable value: x=42
[2025-11-07T11:40:29.721236] [ERROR] File not found
[2025-11-07T11:40:29.721244] [DEBUG] Cache key generated
[2025-11-07T11:40:29.721221] [INFO] Configuration loaded
[2025-11-07T11:40:29.721227] [INFO] Health check passed
[2025-11-07T11:40:29.721235] [ERROR] Service unavailable
[2025-11-07T11:40:29.721239] [DEBUG] Entering function process_data()
[2025-11-07T11:40:29.721215] [INFO] Cache hit
[2025-11-07T11:40:29.721232] [WARN] Disk space low
[2025-11-07T11:40:29.721228] [INFO] Transaction completed
[2025-11-07T11:40:29.721222] [INFO] Cache hit
[2025-11-07T11:40:29.721230] [WARN] Resource threshold approaching
[2025-11-07T11:40:29.721233] [WARN] Cache miss
[2025-11-07T11:40:29.721245] [DEBUG] Cache key generated
[2025-11-07T11:40:29.721225] [INFO] Service initialized
[2025-11-07T11:40:29.721237] [ERROR] Disk read failed
