[2025-11-07T11:40:29.314126] [INFO] Session started
[2025-11-07T11:40:29.314122] [INFO] Configuration loaded
[2025-11-07T11:40:29.314146] [DEBUG] Variable value: x=42
[2025-11-07T11:40:29.314128] [WARN] Resource threshold approaching
[2025-11-07T11:40:29.314117] [INFO] Request processed successfully
[2025-11-07T11:40:29.314137] [DEBUG] Connection pool status checked
[2025-11-07T11:40:29.314131] [WARN] Rate limit approaching
[2025-11-07T11:40:29.314133] [ERROR] Memory allocation error
[2025-11-07T11:40:29.314121] [INFO] Database query executed
[2025-11-07T11:40:29.314112] [INFO] Connection established
[2025-11-07T11:40:29.314140] [DEBUG] HTTP request headers parsed
[2025-11-07T11:40:29.314118] [INFO] Transaction completed
[2025-11-07T11:40:29.314144] [DEBUG] Timer set: 30 seconds
[2025-11-07T11:40:29.314132] [ERROR] Network timeout
[2025-11-07T11:40:29.314142] [DEBUG] Loop iteration: 15
[2025-11-07T11:40:29.314147] [DEBUG] Buffer size: 4096 bytes
[2025-11-07T11:40:29.314119] [INFO] Database query executed
[2025-11-07T11:40:29.314120] [INFO] Service initialized
[2025-11-07T11:40:29.314125] [INFO] Service initialized
[2025-11-07T11:40:29.314114] [INFO] Database query executed
[2025-11-07T11:40:29.314115] [INFO] Health check passed
[2025-11-07T11:40:29.314135] [ERROR] Invalid input data
[2025-11-07T11:40:29.314143] [DEBUG] Loop iteration: 15
[2025-11-07T11:40:29.314141] [DEBUG] Variable value: x=42
[2025-11-07T11:40:29.314139] [DEBUG] HTTP request headers parsed
[2025-11-07T11:40:29.314129] [WARN] Cache miss
[2025-11-07T11:40:29.314111] [INFO] Configuration loaded
[2025-11-07T11:40:29.314124] [INFO] Session started
[2025-11-07T11:40:29.314145] [DEBUG] HTTP request headers parsed
[2025-11-07T11:40:29.314113] [INFO] Health check passed
[2025-11-07T11:40:29.314148] [DEBUG] Cache key generated
[2025-11-07T11:40:29.314116] [INFO] Database query executed
[2025-11-07T11:40:29.314136] [DEBUG] Memory allocation: 2048 bytes
