[2025-11-07T11:40:29.312930] [INFO] Configuration loaded
[2025-11-07T11:40:29.312956] [DEBUG] Variable value: x=42
[2025-11-07T11:40:29.312929] [INFO] Transaction completed
[2025-11-07T11:40:29.312952] [DEBUG] Memory allocation: 2048 bytes
[2025-11-07T11:40:29.312951] [DEBUG] Timer set: 30 seconds
[2025-11-07T11:40:29.312935] [INFO] Request processed successfully
[2025-11-07T11:40:29.312947] [DEBUG] Entering function process_data()
[2025-11-07T11:40:29.312934] [INFO] Cache hit
[2025-11-07T11:40:29.312954] [DEBUG] Cache key generated
[2025-11-07T11:40:29.312941] [INFO] Request processed successfully
[2025-11-07T11:40:29.312955] [DEBUG] Cache key generated
[2025-11-07T11:40:29.312938] [INFO] Request processed successfully
[2025-11-07T11:40:29.312937] [INFO] Database query executed
[2025-11-07T11:40:29.312927] [INFO] Health check passed
[2025-11-07T11:40:29.312939] [INFO] Request processed successfully
[2025-11-07T11:40:29.312933] [INFO] Health check passed
[2025-11-07T11:40:29.312948] [DEBUG] Buffer size: 4096 bytes
[2025-11-07T11:40:29.312953] [DEBUG] HTTP request headers parsed
[2025-11-07T11:40:29.312946] [DEBUG] Memory allocation: 2048 bytes
[2025-11-07T11:40:29.312931] [INFO] Connection established
[2025-11-07T11:40:29.312945] [ERROR] Authentication failed
[2025-11-07T11:40:29.312942] [WARN] Connection retry attempt
[2025-11-07T11:40:29.312936] [INFO] Health check passed
[2025-11-07T11:40:29.312932] [INFO] User logged in
[2025-11-07T11:40:29.312944] [ERROR] File not found
[2025-11-07T11:40:29.312943] [WARN] Disk space low
[2025-11-07T11:40:29.312950] [DEBUG] Timer set: 30 seconds
[2025-11-07T11:40:29.312928] [INFO] Cache hit
[2025-11-07T11:40:29.312949] [DEBUG] Connection pool status checked
[2025-11-07T11:40:29.312940] [INFO] Health check passed
