[2025-11-07T11:40:29.848987] [WARN] Disk space low
[2025-11-07T11:40:29.848976] [INFO] Cache hit
[2025-11-07T11:40:29.848979] [INFO] Health check passed
[2025-11-07T11:40:29.848981] [INFO] Session started
[2025-11-07T11:40:29.848994] [DEBUG] Cache key generated
[2025-11-07T11:40:29.848990] [ERROR] File not found
[2025-11-07T11:40:29.848975] [INFO] Health check passed
[2025-11-07T11:40:29.849000] [DEBUG] HTTP request headers parsed
[2025-11-07T11:40:29.848988] [WARN] Resource threshold approaching
[2025-11-07T11:40:29.848989] [WARN] Queue size growing
[2025-11-07T11:40:29.848991] [ERROR] Memory allocation error
[2025-11-07T11:40:29.848974] [INFO] Database query executed
[2025-11-07T11:40:29.848977] [INFO] Configuration loaded
[2025-11-07T11:40:29.848999] [DEBUG] Loop iteration: 15
[2025-11-07T11:40:29.848998] [DEBUG] Variable value: x=42
[2025-11-07T11:40:29.848969] [INFO] Database query executed
[2025-11-07T11:40:29.848970] [INFO] Service initialized
[2025-11-07T11:40:29.848995] [DEBUG] Variable value: x=42
[2025-11-07T11:40:29.848973] [INFO] Connection established
[2025-11-07T11:40:29.848983] [INFO] Health check passed
[2025-11-07T11:40:29.848968] [INFO] Request processed successfully
[2025-11-07T11:40:29.848997] [DEBUG] Buffer size: 4096 bytes
[2025-11-07T11:40:29.848971] [INFO] Cache hit
[2025-11-07T11:40:29.848993] [DEBUG] Buffer size: 4096 bytes
[2025-11-07T11:40:29.848972] [INFO] Service initialized
[2025-11-07T11:40:29.848986] [WARN] Timeout warning
[2025-11-07T11:40:29.848996] [DEBUG] HTTP request headers parsed
[2025-11-07T11:40:29.848984] [WARN] Queue size growing
[2025-11-07T11:40:29.848992] [DEBUG] Thread pool size: 8
[2025-11-07T11:40:29.848982] [INFO] Connection established
[2025-11-07T11:40:29.848985] [WARN] Rate limit approaching
[2025-11-07T11:40:29.848980] [INFO] Service initialized
