[2025-11-07T11:40:29.498073] [WARN] Disk space low
[2025-11-07T11:40:29.498066] [INFO] Transaction completed
[2025-11-07T11:40:29.498088] [DEBUG] Thread pool size: 8
[2025-11-07T11:40:29.498086] [DEBUG] HTTP request headers parsed
[2025-11-07T11:40:29.498064] [INFO] Request processed successfully
[2025-11-07T11:40:29.498072] [INFO] Connection established
[2025-11-07T11:40:29.498068] [INFO] Database query executed
[2025-11-07T11:40:29.498087] [DEBUG] Timer set: 30 seconds
[2025-11-07T11:40:29.498065] [INFO] Configuration loaded
[2025-11-07T11:40:29.498077] [WARN] Disk space low
[2025-11-07T11:40:29.498076] [WARN] Deprecated API usage
[2025-11-07T11:40:29.498062] [INFO] Transaction completed
[2025-11-07T11:40:29.498075] [WARN] Slow query performance
[2025-11-07T11:40:29.498059] [INFO] Transaction completed
[2025-11-07T11:40:29.498085] [DEBUG] Memory allocation: 2048 bytes
[2025-11-07T11:40:29.498079] [WARN] Queue size growing
[2025-11-07T11:40:29.498069] [INFO] Session started
[2025-11-07T11:40:29.498060] [INFO] Connection established
[2025-11-07T11:40:29.498056] [INFO] Cache hit
[2025-11-07T11:40:29.498074] [WARN] High memory usage detected
[2025-11-07T11:40:29.498089] [DEBUG] Loop iteration: 15
[2025-11-07T11:40:29.498067] [INFO] Connection established
[2025-11-07T11:40:29.498082] [DEBUG] Variable value: x=42
[2025-11-07T11:40:29.498063] [INFO] Request processed successfully
[2025-11-07T11:40:29.498088] [DEBUG] Cache key generated
[2025-11-07T11:40:29.498080] [ERROR] Database connection lost
[2025-11-07T11:40:29.498071] [INFO] Connection established
[2025-11-07T11:40:29.498078] [WARN] Resource threshold approaching
[2025-11-07T11:40:29.498084] [DEBUG] Memory allocation: 2048 bytes
[2025-11-07T11:40:29.498070] [INFO] Connection established
[2025-11-07T11:40:29.498058] [INFO] Configuration loaded
[2025-11-07T11:40:29.498057] [INFO] Transaction completed
[2025-11-07T11:40:29.498083] [DEBUG] Variable value: x=42
[2025-11-07T11:40:29.498061] [INFO] Session started
