[2025-11-07T11:40:30.183964] [WARN] Connection retry attempt
[2025-11-07T11:40:30.183974] [DEBUG] Entering function process_data()
[2025-11-07T11:40:30.183965] [WARN] Rate limit approaching
[2025-11-07T11:40:30.183979] [DEBUG] HTTP request headers parsed
[2025-11-07T11:40:30.183967] [WARN] Slow query performance
[2025-11-07T11:40:30.183951] [INFO] Connection established
[2025-11-07T11:40:30.183953] [INFO] User logged in
[2025-11-07T11:40:30.183954] [INFO] User logged in
[2025-11-07T11:40:30.183970] [ERROR] File not found
[2025-11-07T11:40:30.183975] [DEBUG] Buffer size: 4096 bytes
[2025-11-07T11:40:30.183977] [DEBUG] Variable value: x=42
[2025-11-07T11:40:30.183956] [INFO] User logged in
[2025-11-07T11:40:30.183957] [INFO] Request processed successfully
[2025-11-07T11:40:30.183959] [INFO] Health check passed
[2025-11-07T11:40:30.183950] [INFO] Connection established
[2025-11-07T11:40:30.183948] [INFO] Connection established
[2025-11-07T11:40:30.183947] [INFO] Request processed successfully
[2025-11-07T11:40:30.183952] [INFO] Cache hit
[2025-11-07T11:40:30.183978] [DEBUG] Thread pool size: 8
[2025-11-07T11:40:30.183979] [DEBUG] Memory allocation: 2048 bytes
[2025-11-07T11:40:30.183969] [ERROR] File not found
[2025-11-07T11:40:30.183966] [WARN] Resource threshold approaching
[2025-11-07T11:40:30.183968] [ERROR] Authentication failed
[2025-11-07T11:40:30.183961] [INFO] Cache hit
[2025-11-07T11:40:30.183960] [INFO] Configuration loaded
[2025-11-07T11:40:30.183958] [INFO] Configuration loaded
[2025-11-07T11:40:30.183953] [INFO] Transaction completed
[2025-11-07T11:40:30.183976] [DEBUG] Cache key generated
[2025-11-07T11:40:30.183955] [INFO] Transaction completed
[2025-11-07T11:40:30.183962] [INFO] Service initialized
[2025-11-07T11:40:30.183963] [INFO] Session started
[2025-11-07T11:40:30.183971] [DEBUG] Memory allocation: 2048 bytes
[2025-11-07T11:40:30.183973] [DEBUG] Loop iteration: 15
