[2025-11-07T11:40:29.853402] [INFO] Cache hit
[2025-11-07T11:40:29.853404] [INFO] Request processed successfully
[2025-11-07T11:40:29.853407] [INFO] Database query executed
[2025-11-07T11:40:29.853417] [ERROR] Disk read failed
[2025-11-07T11:40:29.853409] [INFO] Health check passed
[2025-11-07T11:40:29.853408] [INFO] Database query executed
[2025-11-07T11:40:29.853426] [DEBUG] Timer set: 30 seconds
[2025-11-07T11:40:29.853403] [INFO] Database query executed
[2025-11-07T11:40:29.853406] [INFO] Connection established
[2025-11-07T11:40:29.853413] [WARN] Deprecated API usage
[2025-11-07T11:40:29.853414] [WARN] High memory usage detected
[2025-11-07T11:40:29.853425] [DEBUG] Buffer size: 4096 bytes
[2025-11-07T11:40:29.853424] [DEBUG] Thread pool size: 8
[2025-11-07T11:40:29.853418] [DEBUG] Variable value: x=42
[2025-11-07T11:40:29.853410] [INFO] User logged in
[2025-11-07T11:40:29.853421] [DEBUG] Connection pool status checked
[2025-11-07T11:40:29.853405] [INFO] Configuration loaded
[2025-11-07T11:40:29.853422] [DEBUG] Buffer size: 4096 bytes
[2025-11-07T11:40:29.853411] [INFO] Connection established
[2025-11-07T11:40:29.853419] [DEBUG] Loop iteration: 15
[2025-11-07T11:40:29.853420] [DEBUG] Loop iteration: 15
[2025-11-07T11:40:29.853415] [WARN] Cache miss
[2025-11-07T11:40:29.853400] [INFO] Cache hit
[2025-11-07T11:40:29.853398] [INFO] Session started
[2025-11-07T11:40:29.853401] [INFO] Session started
[2025-11-07T11:40:29.853412] [WARN] Resource threshold approaching
