[2025-11-07T11:40:30.182129] [INFO] Transaction completed
[2025-11-07T11:40:30.182132] [INFO] Transaction completed
[2025-11-07T11:40:30.182126] [INFO] Database query executed
[2025-11-07T11:40:30.182145] [DEBUG] Timer set: 30 seconds
[2025-11-07T11:40:30.182118] [INFO] Transaction completed
[2025-11-07T11:40:30.182136] [INFO] User logged in
[2025-11-07T11:40:30.182130] [INFO] Transaction completed
[2025-11-07T11:40:30.182147] [DEBUG] Entering function process_data()
[2025-11-07T11:40:30.182128] [INFO] User logged in
[2025-11-07T11:40:30.182131] [INFO] Connection established
[2025-11-07T11:40:30.182133] [INFO] User logged in
[2025-11-07T11:40:30.182137] [WARN] Slow query performance
[2025-11-07T11:40:30.182139] [DEBUG] Loop iteration: 15
[2025-11-07T11:40:30.182127] [INFO] Transaction completed
[2025-11-07T11:40:30.182117] [INFO] Request processed successfully
[2025-11-07T11:40:30.182140] [DEBUG] Buffer size: 4096 bytes
[2025-11-07T11:40:30.182134] [INFO] User logged in
[2025-11-07T11:40:30.182135] [INFO] Connection established
[2025-11-07T11:40:30.182116] [INFO] Transaction completed
[2025-11-07T11:40:30.182138] [ERROR] File not found
[2025-11-07T11:40:30.182143] [DEBUG] Buffer size: 4096 bytes
[2025-11-07T11:40:30.182142] [DEBUG] HTTP request headers parsed
[2025-11-07T11:40:30.182146] [DEBUG] Thread pool size: 8
[2025-11-07T11:40:30.182141] [DEBUG] Memory allocation: 2048 bytes
[2025-11-07T11:40:30.182144] [DEBUG] HTTP request headers parsed
