[2025-11-07T11:40:30.235056] [WARN] Disk space low
[2025-11-07T11:40:30.235064] [DEBUG] Connection pool status checked
[2025-11-07T11:40:30.235065] [DEBUG] Memory allocation: 2048 bytes
[2025-11-07T11:40:30.235050] [INFO] Transaction completed
[2025-11-07T11:40:30.235059] [ERROR] Disk read failed
[2025-11-07T11:40:30.235047] [INFO] Database query executed
[2025-11-07T11:40:30.235051] [INFO] Service initialized
[2025-11-07T11:40:30.235046] [INFO] Connection established
[2025-11-07T11:40:30.235061] [DEBUG] Entering function process_data()
[2025-11-07T11:40:30.235062] [DEBUG] Cache key generated
[2025-11-07T11:40:30.235044] [INFO] Connection established
[2025-11-07T11:40:30.235063] [DEBUG] HTTP request headers parsed
[2025-11-07T11:40:30.235060] [DEBUG] HTTP request headers parsed
[2025-11-07T11:40:30.235045] [INFO] Request processed successfully
[2025-11-07T11:40:30.235052] [INFO] Connection established
[2025-11-07T11:40:30.235057] [WARN] Slow query performance
[2025-11-07T11:40:30.235048] [INFO] Request processed successfully
[2025-11-07T11:40:30.235043] [INFO] Service initialized
[2025-11-07T11:40:30.235055] [WARN] Disk space low
[2025-11-07T11:40:30.235054] [INFO] Configuration loaded
[2025-11-07T11:40:30.235049] [INFO] Transaction completed
[2025-11-07T11:40:30.235053] [INFO] Session started
[2025-11-07T11:40:30.235058] [ERROR] Invalid input data
