[2025-11-07T11:40:29.858298] [WARN] Timeout warning
[2025-11-07T11:40:29.858296] [WARN] Timeout warning
[2025-11-07T11:40:29.858291] [INFO] Session started
[2025-11-07T11:40:29.858294] [INFO] Request processed successfully
[2025-11-07T11:40:29.858285] [INFO] User logged in
[2025-11-07T11:40:29.858306] [DEBUG] Timer set: 30 seconds
[2025-11-07T11:40:29.858283] [INFO] User logged in
[2025-11-07T11:40:29.858305] [DEBUG] Entering function process_data()
[2025-11-07T11:40:29.858281] [INFO] Transaction completed
[2025-11-07T11:40:29.858287] [INFO] Configuration loaded
[2025-11-07T11:40:29.858288] [INFO] Request processed successfully
[2025-11-07T11:40:29.858303] [ERROR] Memory allocation error
[2025-11-07T11:40:29.858293] [INFO] Cache hit
[2025-11-07T11:40:29.858307] [DEBUG] HTTP request headers parsed
[2025-11-07T11:40:29.858301] [WARN] Deprecated API usage
[2025-11-07T11:40:29.858284] [INFO] Request processed successfully
[2025-11-07T11:40:29.858297] [WARN] Cache miss
[2025-11-07T11:40:29.858278] [INFO] Session started
[2025-11-07T11:40:29.858290] [INFO] Request processed successfully
[2025-11-07T11:40:29.858308] [DEBUG] Thread pool size: 8
[2025-11-07T11:40:29.858300] [WARN] Rate limit approaching
[2025-11-07T11:40:29.858309] [DEBUG] Loop iteration: 15
[2025-11-07T11:40:29.858310] [DEBUG] Entering function process_data()
[2025-11-07T11:40:29.858299] [WARN] Resource threshold approaching
[2025-11-07T11:40:29.858289] [INFO] Database query executed
[2025-11-07T11:40:29.858292] [INFO] Request processed successfully
[2025-11-07T11:40:29.858302] [ERROR] Service unavailable
[2025-11-07T11:40:29.858295] [WARN] Deprecated API usage
[2025-11-07T11:40:29.858280] [INFO] Session started
[2025-11-07T11:40:29.858282] [INFO] Request processed successfully
[2025-11-07T11:40:29.858304] [DEBUG] Variable value: x=42
[2025-11-07T11:40:29.858286] [INFO] Transaction completed
