[2025-11-07T11:40:29.714202] [INFO] Connection established
[2025-11-07T11:40:29.714210] [WARN] Queue size growing
[2025-11-07T11:40:29.714209] [INFO] Service initialized
[2025-11-07T11:40:29.714205] [INFO] Health check passed
[2025-11-07T11:40:29.714212] [WARN] Connection retry attempt
[2025-11-07T11:40:29.714201] [INFO] Cache hit
[2025-11-07T11:40:29.714193] [INFO] Connection established
[2025-11-07T11:40:29.714218] [DEBUG] Memory allocation: 2048 bytes
[2025-11-07T11:40:29.714213] [WARN] Connection retry attempt
[2025-11-07T11:40:29.714211] [WARN] Rate limit approaching
[2025-11-07T11:40:29.714220] [DEBUG] Timer set: 30 seconds
[2025-11-07T11:40:29.714214] [WARN] Resource threshold approaching
[2025-11-07T11:40:29.714200] [INFO] Request processed successfully
[2025-11-07T11:40:29.714219] [DEBUG] Buffer size: 4096 bytes
[2025-11-07T11:40:29.714196] [INFO] User logged in
[2025-11-07T11:40:29.714208] [INFO] Session started
[2025-11-07T11:40:29.714225] [DEBUG] Connection pool status checked
[2025-11-07T11:40:29.714207] [INFO] Configuration loaded
[2025-11-07T11:40:29.714197] [INFO] Transaction completed
[2025-11-07T11:40:29.714223] [DEBUG] Loop iteration: 15
[2025-11-07T11:40:29.714216] [ERROR] Disk read failed
[2025-11-07T11:40:29.714217] [DEBUG] Cache key generated
[2025-11-07T11:40:29.714203] [INFO] Database query executed
[2025-11-07T11:40:29.714204] [INFO] Database query executed
[2025-11-07T11:40:29.714195] [INFO] Health check passed
[2025-11-07T11:40:29.714221] [DEBUG] Connection pool status checked
[2025-11-07T11:40:29.714224] [DEBUG] HTTP request headers parsed
[2025-11-07T11:40:29.714198] [INFO] User logged in
[2025-11-07T11:40:29.714222] [DEBUG] Variable value: x=42
[2025-11-07T11:40:29.714206] [INFO] Configuration loaded
