[2025-11-07T11:40:29.438625] [DEBUG] Cache key generated
[2025-11-07T11:40:29.438604] [INFO] Database query executed
[2025-11-07T11:40:29.438619] [DEBUG] HTTP request headers parsed
[2025-11-07T11:40:29.438597] [INFO] Session started
[2025-11-07T11:40:29.438599] [INFO] User logged in
[2025-11-07T11:40:29.438624] [DEBUG] Entering function process_data()
[2025-11-07T11:40:29.438622] [DEBUG] Connection pool status checked
[2025-11-07T11:40:29.438606] [INFO] Health check passed
[2025-11-07T11:40:29.438609] [INFO] Configuration loaded
[2025-11-07T11:40:29.438598] [INFO] Service initialized
[2025-11-07T11:40:29.438594] [INFO] Service initialized
[2025-11-07T11:40:29.438618] [DEBUG] Cache key generated
[2025-11-07T11:40:29.438600] [INFO] Transaction completed
[2025-11-07T11:40:29.438612] [WARN] Timeout warning
[2025-11-07T11:40:29.438616] [ERROR] Network timeout
[2025-11-07T11:40:29.438605] [INFO] Configuration loaded
[2025-11-07T11:40:29.438596] [INFO] Cache hit
[2025-11-07T11:40:29.438603] [INFO] Configuration loaded
[2025-11-07T11:40:29.438615] [ERROR] Memory allocation error
[2025-11-07T11:40:29.438620] [DEBUG] Variable value: x=42
[2025-11-07T11:40:29.438602] [INFO] Request processed successfully
[2025-11-07T11:40:29.438621] [DEBUG] Entering function process_data()
[2025-11-07T11:40:29.438608] [INFO] Health check passed
[2025-11-07T11:40:29.438601] [INFO] Connection established
[2025-11-07T11:40:29.438614] [WARN] Slow query performance
[2025-11-07T11:40:29.438610] [WARN] Resource threshold approaching
[2025-11-07T11:40:29.438617] [DEBUG] Timer set: 30 seconds
[2025-11-07T11:40:29.438595] [INFO] Configuration loaded
[2025-11-07T11:40:29.438623] [DEBUG] Loop iteration: 15
[2025-11-07T11:40:29.438607] [INFO] Health check passed
[2025-11-07T11:40:29.438611] [WARN] Rate limit approaching
[2025-11-07T11:40:29.438613] [WARN] Rate limit approaching
