[2025-11-07T11:40:29.754688] [ERROR] Memory allocation error
[2025-11-07T11:40:29.754693] [DEBUG] Loop iteration: 15
[2025-11-07T11:40:29.754655] [INFO] Connection established
[2025-11-07T11:40:29.754673] [INFO] Health check passed
[2025-11-07T11:40:29.754683] [WARN] Deprecated API usage
[2025-11-07T11:40:29.754680] [INFO] Cache hit
[2025-11-07T11:40:29.754656] [INFO] User logged in
[2025-11-07T11:40:29.754676] [INFO] Transaction completed
[2025-11-07T11:40:29.754682] [INFO] Configuration loaded
[2025-11-07T11:40:29.754686] [WARN] Cache miss
[2025-11-07T11:40:29.754697] [DEBUG] Thread pool size: 8
[2025-11-07T11:40:29.754692] [DEBUG] Memory allocation: 2048 bytes
[2025-11-07T11:40:29.754689] [DEBUG] Memory allocation: 2048 bytes
[2025-11-07T11:40:29.754659] [INFO] Session started
[2025-11-07T11:40:29.754657] [INFO] Configuration loaded
[2025-11-07T11:40:29.754698] [DEBUG] Thread pool size: 8
[2025-11-07T11:40:29.754694] [DEBUG] Buffer size: 4096 bytes
[2025-11-07T11:40:29.754687] [ERROR] Service unavailable
[2025-11-07T11:40:29.754691] [DEBUG] Timer set: 30 seconds
[2025-11-07T11:40:29.754679] [INFO] Health check passed
[2025-11-07T11:40:29.754696] [DEBUG] Thread pool size: 8
[2025-11-07T11:40:29.754658] [INFO] Database query executed
[2025-11-07T11:40:29.754677] [INFO] Health check passed
[2025-11-07T11:40:29.754685] [WARN] Rate limit approaching
[2025-11-07T11:40:29.754681] [INFO] Session started
[2025-11-07T11:40:29.754678] [INFO] Service initialized
[2025-11-07T11:40:29.754672] [INFO] Transaction completed
[2025-11-07T11:40:29.754690] [DEBUG] Thread pool size: 8
[2025-11-07T11:40:29.754695] [DEBUG] Cache key generated
[2025-11-07T11:40:29.754675] [INFO] Health check passed
[2025-11-07T11:40:29.754684] [WARN] Resource threshold approaching
[2025-11-07T11:40:29.754674] [INFO] Session started
