[2025-11-07T11:40:30.205956] [DEBUG] Cache key generated
[2025-11-07T11:40:30.205938] [INFO] Transaction completed
[2025-11-07T11:40:30.205950] [WARN] Timeout warning
[2025-11-07T11:40:30.205945] [INFO] Request processed successfully
[2025-11-07T11:40:30.205952] [WARN] Connection retry attempt
[2025-11-07T11:40:30.205960] [DEBUG] Cache key generated
[2025-11-07T11:40:30.205959] [DEBUG] Cache key generated
[2025-11-07T11:40:30.205944] [INFO] Cache hit
[2025-11-07T11:40:30.205957] [DEBUG] Cache key generated
[2025-11-07T11:40:30.205955] [DEBUG] Loop iteration: 15
[2025-11-07T11:40:30.205943] [INFO] Database query executed
[2025-11-07T11:40:30.205954] [ERROR] Memory allocation error
[2025-11-07T11:40:30.205946] [INFO] Transaction completed
[2025-11-07T11:40:30.205963] [DEBUG] HTTP request headers parsed
[2025-11-07T11:40:30.205953] [ERROR] File not found
[2025-11-07T11:40:30.205934] [INFO] Session started
[2025-11-07T11:40:30.205948] [WARN] Timeout warning
[2025-11-07T11:40:30.205951] [WARN] Cache miss
[2025-11-07T11:40:30.205935] [INFO] User logged in
[2025-11-07T11:40:30.205937] [INFO] Cache hit
[2025-11-07T11:40:30.205942] [INFO] User logged in
[2025-11-07T11:40:30.205949] [WARN] Queue size growing
[2025-11-07T11:40:30.205940] [INFO] Cache hit
[2025-11-07T11:40:30.205964] [DEBUG] Cache key generated
[2025-11-07T11:40:30.205941] [INFO] Request processed successfully
[2025-11-07T11:40:30.205962] [DEBUG] Cache key generated
[2025-11-07T11:40:30.205936] [INFO] User logged in
[2025-11-07T11:40:30.205947] [INFO] Connection established
[2025-11-07T11:40:30.205939] [INFO] Configuration loaded
[2025-11-07T11:40:30.205932] [INFO] Transaction completed
[2025-11-07T11:40:30.205958] [DEBUG] Buffer size: 4096 bytes
[2025-11-07T11:40:30.205961] [DEBUG] Memory allocation: 2048 bytes
