[2025-11-07T11:40:29.808535] [INFO] Request processed successfully
[2025-11-07T11:40:29.808529] [INFO] Health check passed
[2025-11-07T11:40:29.808539] [WARN] Connection retry attempt
[2025-11-07T11:40:29.808533] [INFO] Health check passed
[2025-11-07T11:40:29.808532] [INFO] Request processed successfully
[2025-11-07T11:40:29.808526] [INFO] Session started
[2025-11-07T11:40:29.808547] [DEBUG] Cache key generated
[2025-11-07T11:40:29.808546] [DEBUG] Loop iteration: 15
[2025-11-07T11:40:29.808527] [INFO] Session started
[2025-11-07T11:40:29.808540] [ERROR] Authentication failed
[2025-11-07T11:40:29.808548] [DEBUG] Thread pool size: 8
[2025-11-07T11:40:29.808536] [WARN] Disk space low
[2025-11-07T11:40:29.808549] [DEBUG] Thread pool size: 8
[2025-11-07T11:40:29.808541] [ERROR] Disk read failed
[2025-11-07T11:40:29.808525] [INFO] Health check passed
[2025-11-07T11:40:29.808545] [DEBUG] Loop iteration: 15
[2025-11-07T11:40:29.808538] [WARN] Deprecated API usage
[2025-11-07T11:40:29.808534] [INFO] Health check passed
[2025-11-07T11:40:29.808531] [INFO] Session started
[2025-11-07T11:40:29.808544] [DEBUG] Buffer size: 4096 bytes
[2025-11-07T11:40:29.808537] [WARN] Queue size growing
[2025-11-07T11:40:29.808550] [DEBUG] Loop iteration: 15
[2025-11-07T11:40:29.808543] [DEBUG] Loop iteration: 15
[2025-11-07T11:40:29.808524] [INFO] Connection established
[2025-11-07T11:40:29.808530] [INFO] Request processed successfully
[2025-11-07T11:40:29.808549] [DEBUG] Buffer size: 4096 bytes
[2025-11-07T11:40:29.808528] [INFO] Transaction completed
