[2025-11-07T11:40:30.197264] [INFO] Transaction completed
[2025-11-07T11:40:30.197284] [INFO] Request processed successfully
[2025-11-07T11:40:30.197294] [DEBUG] Loop iteration: 15
[2025-11-07T11:40:30.197295] [DEBUG] Variable value: x=42
[2025-11-07T11:40:30.197265] [INFO] Configuration loaded
[2025-11-07T11:40:30.197263] [INFO] Database query executed
[2025-11-07T11:40:30.197287] [WARN] Deprecated API usage
[2025-11-07T11:40:30.197292] [ERROR] File not found
[2025-11-07T11:40:30.197277] [INFO] Configuration loaded
[2025-11-07T11:40:30.197273] [INFO] Service initialized
[2025-11-07T11:40:30.197297] [DEBUG] Timer set: 30 seconds
[2025-11-07T11:40:30.197291] [WARN] Resource threshold approaching
[2025-11-07T11:40:30.197298] [DEBUG] Loop iteration: 15
[2025-11-07T11:40:30.197261] [INFO] Database query executed
[2025-11-07T11:40:30.197299] [DEBUG] Timer set: 30 seconds
[2025-11-07T11:40:30.197281] [INFO] Configuration loaded
[2025-11-07T11:40:30.197280] [INFO] Transaction completed
[2025-11-07T11:40:30.197283] [INFO] Configuration loaded
[2025-11-07T11:40:30.197276] [INFO] Connection established
[2025-11-07T11:40:30.197282] [INFO] Configuration loaded
[2025-11-07T11:40:30.197278] [INFO] Cache hit
[2025-11-07T11:40:30.197275] [INFO] Session started
[2025-11-07T11:40:30.197293] [DEBUG] Timer set: 30 seconds
[2025-11-07T11:40:30.197288] [WARN] Rate limit approaching
[2025-11-07T11:40:30.197285] [INFO] Session started
[2025-11-07T11:40:30.197274] [INFO] Database query executed
[2025-11-07T11:40:30.197290] [WARN] Connection retry attempt
[2025-11-07T11:40:30.197296] [DEBUG] Thread pool size: 8
[2025-11-07T11:40:30.197262] [INFO] Health check passed
[2025-11-07T11:40:30.197289] [WARN] High memory usage detected
[2025-11-07T11:40:30.197279] [INFO] Cache hit
[2025-11-07T11:40:30.197286] [INFO] Request processed successfully
