[2025-11-07T11:40:29.718928] [INFO] Connection established
[2025-11-07T11:40:29.718932] [INFO] Connection established
[2025-11-07T11:40:29.718940] [INFO] Session started
[2025-11-07T11:40:29.718942] [INFO] Cache hit
[2025-11-07T11:40:29.718948] [WARN] Connection retry attempt
[2025-11-07T11:40:29.718937] [INFO] Connection established
[2025-11-07T11:40:29.718949] [ERROR] Authentication failed
[2025-11-07T11:40:29.718947] [WARN] Resource threshold approaching
[2025-11-07T11:40:29.718943] [INFO] Connection established
[2025-11-07T11:40:29.718934] [INFO] Cache hit
[2025-11-07T11:40:29.718946] [WARN] High memory usage detected
[2025-11-07T11:40:29.718935] [INFO] Connection established
[2025-11-07T11:40:29.718930] [INFO] Database query executed
[2025-11-07T11:40:29.718950] [ERROR] Disk read failed
[2025-11-07T11:40:29.718955] [DEBUG] Variable value: x=42
[2025-11-07T11:40:29.718938] [INFO] Health check passed
[2025-11-07T11:40:29.718958] [DEBUG] Loop iteration: 15
[2025-11-07T11:40:29.718929] [INFO] Configuration loaded
[2025-11-07T11:40:29.718942] [INFO] Database query executed
[2025-11-07T11:40:29.718957] [DEBUG] Thread pool size: 8
[2025-11-07T11:40:29.718956] [DEBUG] Entering function process_data()
[2025-11-07T11:40:29.718959] [DEBUG] Entering function process_data()
[2025-11-07T11:40:29.718933] [INFO] Connection established
[2025-11-07T11:40:29.718953] [DEBUG] Memory allocation: 2048 bytes
[2025-11-07T11:40:29.718945] [INFO] Connection established
[2025-11-07T11:40:29.718939] [INFO] Health check passed
[2025-11-07T11:40:29.718954] [DEBUG] Connection pool status checked
[2025-11-07T11:40:29.718951] [DEBUG] Entering function process_data()
[2025-11-07T11:40:29.718936] [INFO] Cache hit
[2025-11-07T11:40:29.718952] [DEBUG] Loop iteration: 15
[2025-11-07T11:40:29.718941] [INFO] Request processed successfully
