[2025-11-07T11:40:29.888523] [WARN] Disk space low
[2025-11-07T11:40:29.888508] [INFO] Cache hit
[2025-11-07T11:40:29.888509] [INFO] Cache hit
[2025-11-07T11:40:29.888517] [INFO] Health check passed
[2025-11-07T11:40:29.888510] [INFO] Database query executed
[2025-11-07T11:40:29.888505] [INFO] Database query executed
[2025-11-07T11:40:29.888512] [INFO] Configuration loaded
[2025-11-07T11:40:29.888515] [INFO] Transaction completed
[2025-11-07T11:40:29.888518] [INFO] Service initialized
[2025-11-07T11:40:29.888533] [DEBUG] HTTP request headers parsed
[2025-11-07T11:40:29.888503] [INFO] Session started
[2025-11-07T11:40:29.888531] [DEBUG] Cache key generated
[2025-11-07T11:40:29.888514] [INFO] Session started
[2025-11-07T11:40:29.888507] [INFO] Request processed successfully
[2025-11-07T11:40:29.888522] [WARN] Queue size growing
[2025-11-07T11:40:29.888532] [DEBUG] Thread pool size: 8
[2025-11-07T11:40:29.888529] [DEBUG] Cache key generated
[2025-11-07T11:40:29.888530] [DEBUG] Variable value: x=42
[2025-11-07T11:40:29.888511] [INFO] Transaction completed
[2025-11-07T11:40:29.888528] [DEBUG] Timer set: 30 seconds
[2025-11-07T11:40:29.888527] [DEBUG] Timer set: 30 seconds
[2025-11-07T11:40:29.888534] [DEBUG] Thread pool size: 8
[2025-11-07T11:40:29.888506] [INFO] Configuration loaded
[2025-11-07T11:40:29.888516] [INFO] Connection established
[2025-11-07T11:40:29.888517] [INFO] Request processed successfully
[2025-11-07T11:40:29.888513] [INFO] Service initialized
[2025-11-07T11:40:29.888525] [ERROR] Memory allocation error
[2025-11-07T11:40:29.888524] [ERROR] Network timeout
[2025-11-07T11:40:29.888521] [WARN] Connection retry attempt
[2025-11-07T11:40:29.888526] [DEBUG] Loop iteration: 15
[2025-11-07T11:40:29.888520] [WARN] Connection retry attempt
