[2025-11-07T11:40:29.876992] [WARN] Disk space low
[2025-11-07T11:40:29.877003] [DEBUG] Variable value: x=42
[2025-11-07T11:40:29.876978] [INFO] Session started
[2025-11-07T11:40:29.876980] [INFO] Configuration loaded
[2025-11-07T11:40:29.876981] [INFO] Session started
[2025-11-07T11:40:29.877002] [DEBUG] Entering function process_data()
[2025-11-07T11:40:29.876994] [ERROR] Database connection lost
[2025-11-07T11:40:29.876979] [INFO] User logged in
[2025-11-07T11:40:29.876977] [INFO] Connection established
[2025-11-07T11:40:29.876976] [INFO] Session started
[2025-11-07T11:40:29.876995] [ERROR] File not found
[2025-11-07T11:40:29.876982] [INFO] Transaction completed
[2025-11-07T11:40:29.876988] [INFO] Database query executed
[2025-11-07T11:40:29.877000] [DEBUG] Loop iteration: 15
[2025-11-07T11:40:29.876997] [DEBUG] Cache key generated
[2025-11-07T11:40:29.876983] [INFO] User logged in
[2025-11-07T11:40:29.876989] [INFO] Transaction completed
[2025-11-07T11:40:29.877001] [DEBUG] Thread pool size: 8
[2025-11-07T11:40:29.876998] [DEBUG] Thread pool size: 8
[2025-11-07T11:40:29.876999] [DEBUG] Memory allocation: 2048 bytes
[2025-11-07T11:40:29.877004] [DEBUG] Buffer size: 4096 bytes
[2025-11-07T11:40:29.876984] [INFO] Configuration loaded
[2025-11-07T11:40:29.876975] [INFO] Service initialized
[2025-11-07T11:40:29.876993] [WARN] Deprecated API usage
[2025-11-07T11:40:29.876985] [INFO] Database query executed
[2025-11-07T11:40:29.876986] [INFO] User logged in
[2025-11-07T11:40:29.876987] [INFO] Request processed successfully
[2025-11-07T11:40:29.876990] [WARN] Connection retry attempt
[2025-11-07T11:40:29.876991] [WARN] Rate limit approaching
[2025-11-07T11:40:29.877003] [DEBUG] Variable value: x=42
