[2025-11-07T11:40:29.503601] [INFO] Service initialized
[2025-11-07T11:40:29.503610] [DEBUG] Buffer size: 4096 bytes
[2025-11-07T11:40:29.503586] [INFO] Configuration loaded
[2025-11-07T11:40:29.503604] [WARN] Deprecated API usage
[2025-11-07T11:40:29.503590] [INFO] Database query executed
[2025-11-07T11:40:29.503597] [INFO] Request processed successfully
[2025-11-07T11:40:29.503607] [ERROR] Database connection lost
[2025-11-07T11:40:29.503588] [INFO] Cache hit
[2025-11-07T11:40:29.503615] [DEBUG] Memory allocation: 2048 bytes
[2025-11-07T11:40:29.503605] [WARN] Slow query performance
[2025-11-07T11:40:29.503591] [INFO] Cache hit
[2025-11-07T11:40:29.503608] [ERROR] Service unavailable
[2025-11-07T11:40:29.503596] [INFO] Database query executed
[2025-11-07T11:40:29.503595] [INFO] Transaction completed
[2025-11-07T11:40:29.503589] [INFO] Database query executed
[2025-11-07T11:40:29.503602] [WARN] High memory usage detected
[2025-11-07T11:40:29.503616] [DEBUG] Loop iteration: 15
[2025-11-07T11:40:29.503599] [INFO] User logged in
[2025-11-07T11:40:29.503592] [INFO] User logged in
[2025-11-07T11:40:29.503611] [DEBUG] Memory allocation: 2048 bytes
[2025-11-07T11:40:29.503598] [INFO] Service initialized
[2025-11-07T11:40:29.503593] [INFO] Request processed successfully
[2025-11-07T11:40:29.503600] [INFO] Session started
[2025-11-07T11:40:29.503603] [WARN] Resource threshold approaching
[2025-11-07T11:40:29.503615] [DEBUG] HTTP request headers parsed
[2025-11-07T11:40:29.503613] [DEBUG] Cache key generated
[2025-11-07T11:40:29.503614] [DEBUG] Entering function process_data()
[2025-11-07T11:40:29.503606] [ERROR] Authentication failed
[2025-11-07T11:40:29.503609] [DEBUG] Timer set: 30 seconds
[2025-11-07T11:40:29.503612] [DEBUG] Thread pool size: 8
[2025-11-07T11:40:29.503594] [INFO] Configuration loaded
