[2025-11-07T11:40:29.557066] [INFO] Configuration loaded
[2025-11-07T11:40:29.557069] [INFO] Session started
[2025-11-07T11:40:29.557064] [INFO] Health check passed
[2025-11-07T11:40:29.557059] [INFO] User logged in
[2025-11-07T11:40:29.557077] [DEBUG] Loop iteration: 15
[2025-11-07T11:40:29.557068] [INFO] Connection established
[2025-11-07T11:40:29.557055] [INFO] Health check passed
[2025-11-07T11:40:29.557061] [INFO] Service initialized
[2025-11-07T11:40:29.557075] [DEBUG] Connection pool status checked
[2025-11-07T11:40:29.557067] [INFO] User logged in
[2025-11-07T11:40:29.557070] [WARN] Timeout warning
[2025-11-07T11:40:29.557073] [DEBUG] Connection pool status checked
[2025-11-07T11:40:29.557056] [INFO] User logged in
[2025-11-07T11:40:29.557080] [DEBUG] Thread pool size: 8
[2025-11-07T11:40:29.557057] [INFO] Transaction completed
[2025-11-07T11:40:29.557078] [DEBUG] Cache key generated
[2025-11-07T11:40:29.557079] [DEBUG] Timer set: 30 seconds
[2025-11-07T11:40:29.557074] [DEBUG] Connection pool status checked
[2025-11-07T11:40:29.557063] [INFO] Request processed successfully
[2025-11-07T11:40:29.557062] [INFO] Service initialized
[2025-11-07T11:40:29.557065] [INFO] Cache hit
[2025-11-07T11:40:29.557081] [DEBUG] Timer set: 30 seconds
[2025-11-07T11:40:29.557076] [DEBUG] Memory allocation: 2048 bytes
[2025-11-07T11:40:29.557053] [INFO] Database query executed
[2025-11-07T11:40:29.557060] [INFO] Transaction completed
[2025-11-07T11:40:29.557072] [ERROR] Service unavailable
[2025-11-07T11:40:29.557054] [INFO] Health check passed
[2025-11-07T11:40:29.557071] [ERROR] Permission denied
