[2025-11-07T11:40:29.381627] [INFO] Database query executed
[2025-11-07T11:40:29.381657] [DEBUG] Connection pool status checked
[2025-11-07T11:40:29.381649] [INFO] Transaction completed
[2025-11-07T11:40:29.381659] [DEBUG] Entering function process_data()
[2025-11-07T11:40:29.381652] [WARN] Disk space low
[2025-11-07T11:40:29.381662] [DEBUG] Cache key generated
[2025-11-07T11:40:29.381639] [INFO] Connection established
[2025-11-07T11:40:29.381628] [INFO] Session started
[2025-11-07T11:40:29.381644] [INFO] Health check passed
[2025-11-07T11:40:29.381650] [WARN] Connection retry attempt
[2025-11-07T11:40:29.381646] [INFO] Health check passed
[2025-11-07T11:40:29.381661] [DEBUG] Loop iteration: 15
[2025-11-07T11:40:29.381640] [INFO] Configuration loaded
[2025-11-07T11:40:29.381644] [INFO] Session started
[2025-11-07T11:40:29.381651] [WARN] Slow query performance
[2025-11-07T11:40:29.381656] [DEBUG] Loop iteration: 15
[2025-11-07T11:40:29.381654] [WARN] Connection retry attempt
[2025-11-07T11:40:29.381653] [WARN] Slow query performance
[2025-11-07T11:40:29.381658] [DEBUG] HTTP request headers parsed
[2025-11-07T11:40:29.381647] [INFO] Session started
[2025-11-07T11:40:29.381629] [INFO] Transaction completed
[2025-11-07T11:40:29.381630] [INFO] Service initialized
[2025-11-07T11:40:29.381631] [INFO] Service initialized
[2025-11-07T11:40:29.381660] [DEBUG] Buffer size: 4096 bytes
[2025-11-07T11:40:29.381645] [INFO] Transaction completed
[2025-11-07T11:40:29.381642] [INFO] Connection established
[2025-11-07T11:40:29.381655] [ERROR] File not found
[2025-11-07T11:40:29.381641] [INFO] Session started
[2025-11-07T11:40:29.381663] [DEBUG] HTTP request headers parsed
[2025-11-07T11:40:29.381664] [DEBUG] Buffer size: 4096 bytes
