[2025-11-07T11:40:29.681022] [DEBUG] Connection pool status checked
[2025-11-07T11:40:29.680999] [INFO] Database query executed
[2025-11-07T11:40:29.681008] [INFO] Health check passed
[2025-11-07T11:40:29.681007] [INFO] Health check passed
[2025-11-07T11:40:29.681020] [DEBUG] Thread pool size: 8
[2025-11-07T11:40:29.681026] [DEBUG] Buffer size: 4096 bytes
[2025-11-07T11:40:29.681010] [INFO] Transaction completed
[2025-11-07T11:40:29.681011] [INFO] Connection established
[2025-11-07T11:40:29.681018] [ERROR] Database connection lost
[2025-11-07T11:40:29.681024] [DEBUG] Timer set: 30 seconds
[2025-11-07T11:40:29.681031] [DEBUG] Variable value: x=42
[2025-11-07T11:40:29.681009] [INFO] Database query executed
[2025-11-07T11:40:29.681021] [DEBUG] Timer set: 30 seconds
[2025-11-07T11:40:29.681002] [INFO] Cache hit
[2025-11-07T11:40:29.681017] [ERROR] File not found
[2025-11-07T11:40:29.680998] [INFO] Request processed successfully
[2025-11-07T11:40:29.681028] [DEBUG] HTTP request headers parsed
[2025-11-07T11:40:29.681025] [DEBUG] Loop iteration: 15
[2025-11-07T11:40:29.681001] [INFO] User logged in
[2025-11-07T11:40:29.681014] [WARN] Resource threshold approaching
[2025-11-07T11:40:29.681023] [DEBUG] Buffer size: 4096 bytes
[2025-11-07T11:40:29.681029] [DEBUG] HTTP request headers parsed
[2025-11-07T11:40:29.681005] [INFO] Configuration loaded
[2025-11-07T11:40:29.681003] [INFO] Configuration loaded
[2025-11-07T11:40:29.681012] [WARN] Cache miss
[2025-11-07T11:40:29.681015] [WARN] Timeout warning
[2025-11-07T11:40:29.681004] [INFO] Request processed successfully
[2025-11-07T11:40:29.681027] [DEBUG] Timer set: 30 seconds
[2025-11-07T11:40:29.681016] [WARN] Disk space low
[2025-11-07T11:40:29.681006] [INFO] Request processed successfully
[2025-11-07T11:40:29.681030] [DEBUG] Timer set: 30 seconds
