[2025-11-07T11:40:29.456180] [INFO] Transaction completed
[2025-11-07T11:40:29.456172] [INFO] Session started
[2025-11-07T11:40:29.456182] [ERROR] Invalid input data
[2025-11-07T11:40:29.456190] [DEBUG] Timer set: 30 seconds
[2025-11-07T11:40:29.456165] [INFO] User logged in
[2025-11-07T11:40:29.456185] [DEBUG] Variable value: x=42
[2025-11-07T11:40:29.456177] [INFO] Transaction completed
[2025-11-07T11:40:29.456188] [DEBUG] Entering function process_data()
[2025-11-07T11:40:29.456174] [INFO] Connection established
[2025-11-07T11:40:29.456186] [DEBUG] Loop iteration: 15
[2025-11-07T11:40:29.456189] [DEBUG] Loop iteration: 15
[2025-11-07T11:40:29.456170] [INFO] User logged in
[2025-11-07T11:40:29.456168] [INFO] Configuration loaded
[2025-11-07T11:40:29.456187] [DEBUG] Thread pool size: 8
[2025-11-07T11:40:29.456176] [INFO] Session started
[2025-11-07T11:40:29.456184] [DEBUG] Buffer size: 4096 bytes
[2025-11-07T11:40:29.456191] [DEBUG] Memory allocation: 2048 bytes
[2025-11-07T11:40:29.456183] [DEBUG] Loop iteration: 15
[2025-11-07T11:40:29.456178] [INFO] Transaction completed
[2025-11-07T11:40:29.456181] [WARN] Disk space low
[2025-11-07T11:40:29.456179] [INFO] Transaction completed
[2025-11-07T11:40:29.456175] [INFO] User logged in
[2025-11-07T11:40:29.456171] [INFO] Session started
[2025-11-07T11:40:29.456173] [INFO] Request processed successfully
[2025-11-07T11:40:29.456169] [INFO] Connection established
[2025-11-07T11:40:29.456167] [INFO] Cache hit
