[2025-11-07T11:40:29.864828] [INFO] Connection established
[2025-11-07T11:40:29.864835] [INFO] Connection established
[2025-11-07T11:40:29.864856] [DEBUG] Timer set: 30 seconds
[2025-11-07T11:40:29.864855] [DEBUG] Buffer size: 4096 bytes
[2025-11-07T11:40:29.864826] [INFO] Configuration loaded
[2025-11-07T11:40:29.864853] [DEBUG] Thread pool size: 8
[2025-11-07T11:40:29.864850] [DEBUG] Memory allocation: 2048 bytes
[2025-11-07T11:40:29.864828] [INFO] User logged in
[2025-11-07T11:40:29.864854] [DEBUG] Memory allocation: 2048 bytes
[2025-11-07T11:40:29.864849] [ERROR] Authentication failed
[2025-11-07T11:40:29.864852] [DEBUG] Timer set: 30 seconds
[2025-11-07T11:40:29.864837] [INFO] Request processed successfully
[2025-11-07T11:40:29.864857] [DEBUG] Thread pool size: 8
[2025-11-07T11:40:29.864824] [INFO] Transaction completed
[2025-11-07T11:40:29.864832] [INFO] Database query executed
[2025-11-07T11:40:29.864844] [WARN] Disk space low
[2025-11-07T11:40:29.864840] [INFO] Session started
[2025-11-07T11:40:29.864831] [INFO] Service initialized
[2025-11-07T11:40:29.864838] [INFO] Request processed successfully
[2025-11-07T11:40:29.864852] [DEBUG] Entering function process_data()
[2025-11-07T11:40:29.864829] [INFO] Connection established
[2025-11-07T11:40:29.864833] [INFO] Session started
[2025-11-07T11:40:29.864836] [INFO] Service initialized
[2025-11-07T11:40:29.864845] [WARN] High memory usage detected
[2025-11-07T11:40:29.864848] [ERROR] Request failed
[2025-11-07T11:40:29.864851] [DEBUG] HTTP request headers parsed
[2025-11-07T11:40:29.864847] [WARN] Cache miss
[2025-11-07T11:40:29.864839] [INFO] Connection established
[2025-11-07T11:40:29.864843] [WARN] Cache miss
[2025-11-07T11:40:29.864834] [INFO] Health check passed
[2025-11-07T11:40:29.864830] [INFO] User logged in
[2025-11-07T11:40:29.864842] [WARN] Rate limit approaching
[2025-11-07T11:40:29.864846] [WARN] Slow query performance
[2025-11-07T11:40:29.864825] [INFO] Database query executed
[2025-11-07T11:40:29.864841] [INFO] User logged in
