[2025-11-07T11:40:29.495205] [INFO] Session started
[2025-11-07T11:40:29.495199] [INFO] Service initialized
[2025-11-07T11:40:29.495216] [DEBUG] Timer set: 30 seconds
[2025-11-07T11:40:29.495209] [WARN] High memory usage detected
[2025-11-07T11:40:29.495215] [ERROR] Memory allocation error
[2025-11-07T11:40:29.495218] [DEBUG] Buffer size: 4096 bytes
[2025-11-07T11:40:29.495198] [INFO] Connection established
[2025-11-07T11:40:29.495210] [WARN] Cache miss
[2025-11-07T11:40:29.495217] [DEBUG] Connection pool status checked
[2025-11-07T11:40:29.495213] [ERROR] Disk read failed
[2025-11-07T11:40:29.495220] [DEBUG] Variable value: x=42
[2025-11-07T11:40:29.495222] [DEBUG] Thread pool size: 8
[2025-11-07T11:40:29.495196] [INFO] Service initialized
[2025-11-07T11:40:29.495212] [WARN] Queue size growing
[2025-11-07T11:40:29.495203] [INFO] Cache hit
[2025-11-07T11:40:29.495211] [WARN] Connection retry attempt
[2025-11-07T11:40:29.495223] [DEBUG] Connection pool status checked
[2025-11-07T11:40:29.495224] [DEBUG] Thread pool size: 8
[2025-11-07T11:40:29.495219] [DEBUG] Connection pool status checked
[2025-11-07T11:40:29.495191] [INFO] Request processed successfully
[2025-11-07T11:40:29.495190] [INFO] Cache hit
[2025-11-07T11:40:29.495207] [WARN] Connection retry attempt
[2025-11-07T11:40:29.495193] [INFO] Service initialized
[2025-11-07T11:40:29.495200] [INFO] Service initialized
[2025-11-07T11:40:29.495197] [INFO] User logged in
[2025-11-07T11:40:29.495206] [INFO] Service initialized
[2025-11-07T11:40:29.495201] [INFO] Health check passed
[2025-11-07T11:40:29.495195] [INFO] Transaction completed
[2025-11-07T11:40:29.495192] [INFO] Health check passed
[2025-11-07T11:40:29.495204] [INFO] Cache hit
[2025-11-07T11:40:29.495202] [INFO] Service initialized
[2025-11-07T11:40:29.495208] [WARN] High memory usage detected
[2025-11-07T11:40:29.495221] [DEBUG] Cache key generated
[2025-11-07T11:40:29.495194] [INFO] Request processed successfully
