[2025-11-07T11:40:30.012168] [WARN] Slow query performance
[2025-11-07T11:40:30.012152] [INFO] User logged in
[2025-11-07T11:40:30.012156] [INFO] Connection established
[2025-11-07T11:40:30.012160] [INFO] Session started
[2025-11-07T11:40:30.012158] [INFO] Cache hit
[2025-11-07T11:40:30.012159] [INFO] Database query executed
[2025-11-07T11:40:30.012154] [INFO] Service initialized
[2025-11-07T11:40:30.012169] [ERROR] Disk read failed
[2025-11-07T11:40:30.012165] [INFO] User logged in
[2025-11-07T11:40:30.012153] [INFO] Health check passed
[2025-11-07T11:40:30.012170] [ERROR] Memory allocation error
[2025-11-07T11:40:30.012155] [INFO] Database query executed
[2025-11-07T11:40:30.012171] [DEBUG] Entering function process_data()
[2025-11-07T11:40:30.012160] [INFO] Transaction completed
[2025-11-07T11:40:30.012174] [DEBUG] HTTP request headers parsed
[2025-11-07T11:40:30.012162] [INFO] Configuration loaded
[2025-11-07T11:40:30.012176] [DEBUG] Timer set: 30 seconds
[2025-11-07T11:40:30.012177] [DEBUG] Entering function process_data()
[2025-11-07T11:40:30.012161] [INFO] Request processed successfully
[2025-11-07T11:40:30.012166] [INFO] User logged in
[2025-11-07T11:40:30.012175] [DEBUG] Entering function process_data()
[2025-11-07T11:40:30.012163] [INFO] Service initialized
[2025-11-07T11:40:30.012178] [DEBUG] Timer set: 30 seconds
[2025-11-07T11:40:30.012167] [WARN] Timeout warning
[2025-11-07T11:40:30.012179] [DEBUG] Variable value: x=42
[2025-11-07T11:40:30.012172] [DEBUG] Memory allocation: 2048 bytes
[2025-11-07T11:40:30.012157] [INFO] Service initialized
[2025-11-07T11:40:30.012150] [INFO] Connection established
[2025-11-07T11:40:30.012173] [DEBUG] Buffer size: 4096 bytes
[2025-11-07T11:40:30.012164] [INFO] Transaction completed
