[2025-11-07T11:40:29.303388] [INFO] Configuration loaded
[2025-11-07T11:40:29.303391] [INFO] Session started
[2025-11-07T11:40:29.303398] [DEBUG] Buffer size: 4096 bytes
[2025-11-07T11:40:29.303394] [ERROR] Permission denied
[2025-11-07T11:40:29.303399] [DEBUG] Loop iteration: 15
[2025-11-07T11:40:29.303395] [ERROR] Request failed
[2025-11-07T11:40:29.303389] [INFO] Database query executed
[2025-11-07T11:40:29.303383] [INFO] Connection established
[2025-11-07T11:40:29.303381] [INFO] Cache hit
[2025-11-07T11:40:29.303396] [DEBUG] HTTP request headers parsed
[2025-11-07T11:40:29.303384] [INFO] Health check passed
[2025-11-07T11:40:29.303382] [INFO] Connection established
[2025-11-07T11:40:29.303400] [DEBUG] Cache key generated
[2025-11-07T11:40:29.303386] [INFO] Request processed successfully
[2025-11-07T11:40:29.303387] [INFO] Connection established
[2025-11-07T11:40:29.303397] [DEBUG] Entering function process_data()
[2025-11-07T11:40:29.303385] [INFO] Service initialized
[2025-11-07T11:40:29.303379] [INFO] Request processed successfully
[2025-11-07T11:40:29.303393] [WARN] Slow query performance
[2025-11-07T11:40:29.303401] [DEBUG] Cache key generated
[2025-11-07T11:40:29.303404] [DEBUG] Timer set: 30 seconds
[2025-11-07T11:40:29.303403] [DEBUG] Cache key generated
[2025-11-07T11:40:29.303402] [DEBUG] Memory allocation: 2048 bytes
[2025-11-07T11:40:29.303392] [WARN] Rate limit approaching
[2025-11-07T11:40:29.303390] [INFO] Cache hit
