[2025-11-07T11:40:30.032213] [DEBUG] Connection pool status checked
[2025-11-07T11:40:30.032192] [INFO] Transaction completed
[2025-11-07T11:40:30.032203] [WARN] Resource threshold approaching
[2025-11-07T11:40:30.032199] [INFO] Service initialized
[2025-11-07T11:40:30.032197] [INFO] Connection established
[2025-11-07T11:40:30.032210] [DEBUG] Connection pool status checked
[2025-11-07T11:40:30.032211] [DEBUG] Connection pool status checked
[2025-11-07T11:40:30.032196] [INFO] Cache hit
[2025-11-07T11:40:30.032191] [INFO] Health check passed
[2025-11-07T11:40:30.032200] [WARN] Connection retry attempt
[2025-11-07T11:40:30.032186] [INFO] Configuration loaded
[2025-11-07T11:40:30.032189] [INFO] Database query executed
[2025-11-07T11:40:30.032209] [DEBUG] Memory allocation: 2048 bytes
[2025-11-07T11:40:30.032207] [ERROR] Permission denied
[2025-11-07T11:40:30.032185] [INFO] Service initialized
[2025-11-07T11:40:30.032187] [INFO] Health check passed
[2025-11-07T11:40:30.032190] [INFO] User logged in
[2025-11-07T11:40:30.032206] [ERROR] Disk read failed
[2025-11-07T11:40:30.032214] [DEBUG] Thread pool size: 8
[2025-11-07T11:40:30.032188] [INFO] Cache hit
[2025-11-07T11:40:30.032205] [WARN] Deprecated API usage
[2025-11-07T11:40:30.032217] [DEBUG] Thread pool size: 8
[2025-11-07T11:40:30.032212] [DEBUG] Loop iteration: 15
[2025-11-07T11:40:30.032202] [WARN] High memory usage detected
[2025-11-07T11:40:30.032195] [INFO] Configuration loaded
[2025-11-07T11:40:30.032193] [INFO] Configuration loaded
[2025-11-07T11:40:30.032204] [WARN] Cache miss
[2025-11-07T11:40:30.032216] [DEBUG] Loop iteration: 15
[2025-11-07T11:40:30.032215] [DEBUG] Entering function process_data()
[2025-11-07T11:40:30.032194] [INFO] Health check passed
[2025-11-07T11:40:30.032198] [INFO] Transaction completed
[2025-11-07T11:40:30.032208] [ERROR] File not found
[2025-11-07T11:40:30.032201] [WARN] Resource threshold approaching
