[2025-11-07T11:40:29.495713] [ERROR] Disk read failed
[2025-11-07T11:40:29.495720] [DEBUG] Loop iteration: 15
[2025-11-07T11:40:29.495691] [INFO] Connection established
[2025-11-07T11:40:29.495694] [INFO] Health check passed
[2025-11-07T11:40:29.495692] [INFO] Cache hit
[2025-11-07T11:40:29.495706] [WARN] Timeout warning
[2025-11-07T11:40:29.495714] [DEBUG] HTTP request headers parsed
[2025-11-07T11:40:29.495704] [INFO] Service initialized
[2025-11-07T11:40:29.495721] [DEBUG] Timer set: 30 seconds
[2025-11-07T11:40:29.495711] [ERROR] Disk read failed
[2025-11-07T11:40:29.495699] [INFO] Service initialized
[2025-11-07T11:40:29.495693] [INFO] Cache hit
[2025-11-07T11:40:29.495698] [INFO] Configuration loaded
[2025-11-07T11:40:29.495702] [INFO] Health check passed
[2025-11-07T11:40:29.495689] [INFO] User logged in
[2025-11-07T11:40:29.495701] [INFO] Service initialized
[2025-11-07T11:40:29.495718] [DEBUG] HTTP request headers parsed
[2025-11-07T11:40:29.495705] [WARN] Deprecated API usage
[2025-11-07T11:40:29.495695] [INFO] Configuration loaded
[2025-11-07T11:40:29.495721] [DEBUG] Timer set: 30 seconds
[2025-11-07T11:40:29.495709] [WARN] Timeout warning
[2025-11-07T11:40:29.495697] [INFO] Cache hit
[2025-11-07T11:40:29.495710] [WARN] Queue size growing
[2025-11-07T11:40:29.495700] [INFO] Session started
[2025-11-07T11:40:29.495717] [DEBUG] Buffer size: 4096 bytes
[2025-11-07T11:40:29.495712] [ERROR] Memory allocation error
[2025-11-07T11:40:29.495715] [DEBUG] Buffer size: 4096 bytes
[2025-11-07T11:40:29.495696] [INFO] Request processed successfully
[2025-11-07T11:40:29.495716] [DEBUG] Timer set: 30 seconds
[2025-11-07T11:40:29.495708] [WARN] Connection retry attempt
[2025-11-07T11:40:29.495719] [DEBUG] Variable value: x=42
[2025-11-07T11:40:29.495703] [INFO] Configuration loaded
[2025-11-07T11:40:29.495707] [WARN] Resource threshold approaching
