[2025-11-07T11:40:30.251869] [WARN] Deprecated API usage
[2025-11-07T11:40:30.251851] [INFO] Cache hit
[2025-11-07T11:40:30.251877] [DEBUG] Timer set: 30 seconds
[2025-11-07T11:40:30.251872] [ERROR] Disk read failed
[2025-11-07T11:40:30.251879] [DEBUG] Thread pool size: 8
[2025-11-07T11:40:30.251867] [INFO] Transaction completed
[2025-11-07T11:40:30.251871] [WARN] Rate limit approaching
[2025-11-07T11:40:30.251857] [INFO] Connection established
[2025-11-07T11:40:30.251881] [DEBUG] HTTP request headers parsed
[2025-11-07T11:40:30.251862] [INFO] Connection established
[2025-11-07T11:40:30.251866] [INFO] Transaction completed
[2025-11-07T11:40:30.251865] [INFO] Session started
[2025-11-07T11:40:30.251864] [INFO] Service initialized
[2025-11-07T11:40:30.251882] [DEBUG] HTTP request headers parsed
[2025-11-07T11:40:30.251858] [INFO] Transaction completed
[2025-11-07T11:40:30.251876] [DEBUG] Memory allocation: 2048 bytes
[2025-11-07T11:40:30.251883] [DEBUG] Cache key generated
[2025-11-07T11:40:30.251875] [DEBUG] Loop iteration: 15
[2025-11-07T11:40:30.251878] [DEBUG] Memory allocation: 2048 bytes
[2025-11-07T11:40:30.251854] [INFO] Service initialized
[2025-11-07T11:40:30.251861] [INFO] Health check passed
[2025-11-07T11:40:30.251874] [ERROR] Invalid input data
[2025-11-07T11:40:30.251880] [DEBUG] HTTP request headers parsed
[2025-11-07T11:40:30.251855] [INFO] Session started
[2025-11-07T11:40:30.251860] [INFO] Session started
[2025-11-07T11:40:30.251856] [INFO] Health check passed
[2025-11-07T11:40:30.251859] [INFO] Configuration loaded
[2025-11-07T11:40:30.251852] [INFO] Database query executed
[2025-11-07T11:40:30.251870] [WARN] Disk space low
[2025-11-07T11:40:30.251863] [INFO] User logged in
[2025-11-07T11:40:30.251868] [WARN] Resource threshold approaching
[2025-11-07T11:40:30.251870] [WARN] Timeout warning
