[2025-11-07T11:40:29.337191] [DEBUG] Memory allocation: 2048 bytes
[2025-11-07T11:40:29.337185] [WARN] Queue size growing
[2025-11-07T11:40:29.337176] [INFO] Database query executed
[2025-11-07T11:40:29.337166] [INFO] User logged in
[2025-11-07T11:40:29.337182] [WARN] Cache miss
[2025-11-07T11:40:29.337181] [INFO] Database query executed
[2025-11-07T11:40:29.337194] [DEBUG] Thread pool size: 8
[2025-11-07T11:40:29.337183] [WARN] Rate limit approaching
[2025-11-07T11:40:29.337188] [DEBUG] Memory allocation: 2048 bytes
[2025-11-07T11:40:29.337178] [INFO] Transaction completed
[2025-11-07T11:40:29.337180] [INFO] User logged in
[2025-11-07T11:40:29.337196] [DEBUG] HTTP request headers parsed
[2025-11-07T11:40:29.337187] [ERROR] Authentication failed
[2025-11-07T11:40:29.337177] [INFO] Configuration loaded
[2025-11-07T11:40:29.337171] [INFO] User logged in
[2025-11-07T11:40:29.337179] [INFO] Request processed successfully
[2025-11-07T11:40:29.337189] [DEBUG] Timer set: 30 seconds
[2025-11-07T11:40:29.337190] [DEBUG] Connection pool status checked
[2025-11-07T11:40:29.337174] [INFO] Session started
[2025-11-07T11:40:29.337186] [ERROR] Disk read failed
[2025-11-07T11:40:29.337192] [DEBUG] Connection pool status checked
[2025-11-07T11:40:29.337175] [INFO] Configuration loaded
[2025-11-07T11:40:29.337173] [INFO] Service initialized
[2025-11-07T11:40:29.337172] [INFO] Service initialized
[2025-11-07T11:40:29.337195] [DEBUG] Buffer size: 4096 bytes
[2025-11-07T11:40:29.337184] [WARN] Cache miss
[2025-11-07T11:40:29.337168] [INFO] Session started
[2025-11-07T11:40:29.337169] [INFO] Configuration loaded
[2025-11-07T11:40:29.337170] [INFO] Health check passed
[2025-11-07T11:40:29.337193] [DEBUG] Thread pool size: 8
