[2025-11-07T11:40:29.823837] [DEBUG] Entering function process_data()
[2025-11-07T11:40:29.823826] [INFO] Connection established
[2025-11-07T11:40:29.823831] [WARN] Resource threshold approaching
[2025-11-07T11:40:29.823833] [ERROR] Database connection lost
[2025-11-07T11:40:29.823815] [INFO] Cache hit
[2025-11-07T11:40:29.823838] [DEBUG] Memory allocation: 2048 bytes
[2025-11-07T11:40:29.823829] [INFO] Session started
[2025-11-07T11:40:29.823823] [INFO] Cache hit
[2025-11-07T11:40:29.823840] [DEBUG] Memory allocation: 2048 bytes
[2025-11-07T11:40:29.823820] [INFO] Health check passed
[2025-11-07T11:40:29.823828] [INFO] Cache hit
[2025-11-07T11:40:29.823836] [DEBUG] Entering function process_data()
[2025-11-07T11:40:29.823839] [DEBUG] Entering function process_data()
[2025-11-07T11:40:29.823835] [DEBUG] Thread pool size: 8
[2025-11-07T11:40:29.823830] [WARN] Resource threshold approaching
[2025-11-07T11:40:29.823842] [DEBUG] Thread pool size: 8
[2025-11-07T11:40:29.823832] [ERROR] Permission denied
[2025-11-07T11:40:29.823818] [INFO] Request processed successfully
[2025-11-07T11:40:29.823827] [INFO] Request processed successfully
[2025-11-07T11:40:29.823824] [INFO] Connection established
[2025-11-07T11:40:29.823834] [DEBUG] Buffer size: 4096 bytes
[2025-11-07T11:40:29.823825] [INFO] Configuration loaded
[2025-11-07T11:40:29.823841] [DEBUG] Entering function process_data()
[2025-11-07T11:40:29.823819] [INFO] Database query executed
[2025-11-07T11:40:29.823821] [INFO] Cache hit
[2025-11-07T11:40:29.823822] [INFO] Configuration loaded
[2025-11-07T11:40:29.823817] [INFO] Cache hit
