[2025-11-07T11:40:29.629920] [DEBUG] Variable value: x=42
[2025-11-07T11:40:29.629908] [WARN] Disk space low
[2025-11-07T11:40:29.629922] [DEBUG] Timer set: 30 seconds
[2025-11-07T11:40:29.629914] [DEBUG] Memory allocation: 2048 bytes
[2025-11-07T11:40:29.629902] [INFO] Database query executed
[2025-11-07T11:40:29.629912] [ERROR] Network timeout
[2025-11-07T11:40:29.629913] [DEBUG] Memory allocation: 2048 bytes
[2025-11-07T11:40:29.629918] [DEBUG] Entering function process_data()
[2025-11-07T11:40:29.629915] [DEBUG] HTTP request headers parsed
[2025-11-07T11:40:29.629919] [DEBUG] Loop iteration: 15
[2025-11-07T11:40:29.629905] [WARN] High memory usage detected
[2025-11-07T11:40:29.629907] [WARN] Timeout warning
[2025-11-07T11:40:29.629898] [INFO] Cache hit
[2025-11-07T11:40:29.629896] [INFO] Configuration loaded
[2025-11-07T11:40:29.629893] [INFO] Configuration loaded
[2025-11-07T11:40:29.629911] [ERROR] Request failed
[2025-11-07T11:40:29.629903] [INFO] Request processed successfully
[2025-11-07T11:40:29.629897] [INFO] Connection established
[2025-11-07T11:40:29.629900] [INFO] Configuration loaded
[2025-11-07T11:40:29.629901] [INFO] Health check passed
[2025-11-07T11:40:29.629910] [WARN] Deprecated API usage
[2025-11-07T11:40:29.629899] [INFO] Request processed successfully
[2025-11-07T11:40:29.629892] [INFO] Transaction completed
[2025-11-07T11:40:29.629909] [WARN] Rate limit approaching
[2025-11-07T11:40:29.629895] [INFO] Service initialized
[2025-11-07T11:40:29.629916] [DEBUG] Thread pool size: 8
[2025-11-07T11:40:29.629906] [WARN] Rate limit approaching
[2025-11-07T11:40:29.629894] [INFO] Service initialized
[2025-11-07T11:40:29.629921] [DEBUG] Connection pool status checked
