[2025-11-07T11:40:29.893300] [DEBUG] Loop iteration: 15
[2025-11-07T11:40:29.893290] [WARN] Slow query performance
[2025-11-07T11:40:29.893289] [INFO] Health check passed
[2025-11-07T11:40:29.893295] [ERROR] Authentication failed
[2025-11-07T11:40:29.893278] [INFO] Service initialized
[2025-11-07T11:40:29.893280] [INFO] Service initialized
[2025-11-07T11:40:29.893274] [INFO] User logged in
[2025-11-07T11:40:29.893297] [DEBUG] HTTP request headers parsed
[2025-11-07T11:40:29.893288] [INFO] Transaction completed
[2025-11-07T11:40:29.893273] [INFO] Service initialized
[2025-11-07T11:40:29.893304] [DEBUG] Timer set: 30 seconds
[2025-11-07T11:40:29.893279] [INFO] Request processed successfully
[2025-11-07T11:40:29.893282] [INFO] Health check passed
[2025-11-07T11:40:29.893303] [DEBUG] Memory allocation: 2048 bytes
[2025-11-07T11:40:29.893291] [WARN] Queue size growing
[2025-11-07T11:40:29.893271] [INFO] Session started
[2025-11-07T11:40:29.893284] [INFO] Connection established
[2025-11-07T11:40:29.893301] [DEBUG] Loop iteration: 15
[2025-11-07T11:40:29.893276] [INFO] Cache hit
[2025-11-07T11:40:29.893299] [DEBUG] Entering function process_data()
[2025-11-07T11:40:29.893275] [INFO] Request processed successfully
[2025-11-07T11:40:29.893294] [WARN] Disk space low
[2025-11-07T11:40:29.893286] [INFO] Session started
[2025-11-07T11:40:29.893281] [INFO] Request processed successfully
[2025-11-07T11:40:29.893293] [WARN] Timeout warning
[2025-11-07T11:40:29.893298] [DEBUG] Entering function process_data()
[2025-11-07T11:40:29.893296] [DEBUG] HTTP request headers parsed
[2025-11-07T11:40:29.893283] [INFO] Service initialized
[2025-11-07T11:40:29.893285] [INFO] Health check passed
[2025-11-07T11:40:29.893302] [DEBUG] Timer set: 30 seconds
[2025-11-07T11:40:29.893287] [INFO] Cache hit
[2025-11-07T11:40:29.893277] [INFO] Database query executed
[2025-11-07T11:40:29.893292] [WARN] Resource threshold approaching
