[2025-11-07T11:40:30.339576] [DEBUG] HTTP request headers parsed
[2025-11-07T11:40:30.339579] [DEBUG] Connection pool status checked
[2025-11-07T11:40:30.339549] [INFO] Health check passed
[2025-11-07T11:40:30.339548] [INFO] Configuration loaded
[2025-11-07T11:40:30.339572] [DEBUG] Cache key generated
[2025-11-07T11:40:30.339564] [INFO] Database query executed
[2025-11-07T11:40:30.339567] [INFO] Connection established
[2025-11-07T11:40:30.339563] [INFO] Connection established
[2025-11-07T11:40:30.339573] [DEBUG] Timer set: 30 seconds
[2025-11-07T11:40:30.339551] [INFO] Connection established
[2025-11-07T11:40:30.339570] [ERROR] Invalid input data
[2025-11-07T11:40:30.339568] [WARN] Rate limit approaching
[2025-11-07T11:40:30.339552] [INFO] Connection established
[2025-11-07T11:40:30.339578] [DEBUG] Thread pool size: 8
[2025-11-07T11:40:30.339545] [INFO] Cache hit
[2025-11-07T11:40:30.339550] [INFO] Session started
[2025-11-07T11:40:30.339547] [INFO] Health check passed
[2025-11-07T11:40:30.339575] [DEBUG] Thread pool size: 8
[2025-11-07T11:40:30.339577] [DEBUG] Entering function process_data()
[2025-11-07T11:40:30.339562] [INFO] Configuration loaded
[2025-11-07T11:40:30.339580] [DEBUG] Memory allocation: 2048 bytes
[2025-11-07T11:40:30.339565] [INFO] Connection established
[2025-11-07T11:40:30.339574] [DEBUG] Connection pool status checked
[2025-11-07T11:40:30.339566] [INFO] Health check passed
[2025-11-07T11:40:30.339561] [INFO] Health check passed
[2025-11-07T11:40:30.339563] [INFO] Configuration loaded
[2025-11-07T11:40:30.339571] [ERROR] Invalid input data
