[2025-11-07T11:40:29.597029] [DEBUG] Entering function process_data()
[2025-11-07T11:40:29.597008] [INFO] Configuration loaded
[2025-11-07T11:40:29.597010] [INFO] User logged in
[2025-11-07T11:40:29.597011] [INFO] Health check passed
[2025-11-07T11:40:29.597025] [DEBUG] Loop iteration: 15
[2025-11-07T11:40:29.597033] [DEBUG] Timer set: 30 seconds
[2025-11-07T11:40:29.597005] [INFO] Connection established
[2025-11-07T11:40:29.597027] [DEBUG] Memory allocation: 2048 bytes
[2025-11-07T11:40:29.597012] [INFO] User logged in
[2025-11-07T11:40:29.597009] [INFO] Service initialized
[2025-11-07T11:40:29.597017] [INFO] User logged in
[2025-11-07T11:40:29.597031] [DEBUG] Entering function process_data()
[2025-11-07T11:40:29.597016] [INFO] User logged in
[2025-11-07T11:40:29.597023] [WARN] Deprecated API usage
[2025-11-07T11:40:29.597018] [INFO] Cache hit
[2025-11-07T11:40:29.597032] [DEBUG] Timer set: 30 seconds
[2025-11-07T11:40:29.597021] [WARN] Cache miss
[2025-11-07T11:40:29.597020] [WARN] Connection retry attempt
[2025-11-07T11:40:29.597014] [INFO] Session started
[2025-11-07T11:40:29.597007] [INFO] Configuration loaded
[2025-11-07T11:40:29.597026] [DEBUG] Buffer size: 4096 bytes
[2025-11-07T11:40:29.597004] [INFO] Transaction completed
[2025-11-07T11:40:29.597013] [INFO] Connection established
[2025-11-07T11:40:29.597030] [DEBUG] Entering function process_data()
[2025-11-07T11:40:29.597028] [DEBUG] Timer set: 30 seconds
[2025-11-07T11:40:29.597015] [INFO] User logged in
[2025-11-07T11:40:29.597022] [WARN] Slow query performance
[2025-11-07T11:40:29.597019] [INFO] Request processed successfully
[2025-11-07T11:40:29.597024] [ERROR] Permission denied
