[2025-11-07T11:40:29.575412] [ERROR] Memory allocation error
[2025-11-07T11:40:29.575418] [DEBUG] Thread pool size: 8
[2025-11-07T11:40:29.575399] [INFO] Configuration loaded
[2025-11-07T11:40:29.575403] [INFO] Request processed successfully
[2025-11-07T11:40:29.575414] [DEBUG] Entering function process_data()
[2025-11-07T11:40:29.575399] [INFO] User logged in
[2025-11-07T11:40:29.575392] [INFO] Service initialized
[2025-11-07T11:40:29.575393] [INFO] Configuration loaded
[2025-11-07T11:40:29.575420] [DEBUG] Timer set: 30 seconds
[2025-11-07T11:40:29.575422] [DEBUG] HTTP request headers parsed
[2025-11-07T11:40:29.575416] [DEBUG] Memory allocation: 2048 bytes
[2025-11-07T11:40:29.575410] [WARN] Slow query performance
[2025-11-07T11:40:29.575401] [INFO] Request processed successfully
[2025-11-07T11:40:29.575391] [INFO] User logged in
[2025-11-07T11:40:29.575406] [WARN] Queue size growing
[2025-11-07T11:40:29.575404] [INFO] Configuration loaded
[2025-11-07T11:40:29.575405] [INFO] Session started
[2025-11-07T11:40:29.575413] [ERROR] Disk read failed
[2025-11-07T11:40:29.575394] [INFO] Request processed successfully
[2025-11-07T11:40:29.575398] [INFO] Request processed successfully
[2025-11-07T11:40:29.575417] [DEBUG] Timer set: 30 seconds
[2025-11-07T11:40:29.575402] [INFO] Database query executed
[2025-11-07T11:40:29.575415] [DEBUG] HTTP request headers parsed
[2025-11-07T11:40:29.575419] [DEBUG] Connection pool status checked
[2025-11-07T11:40:29.575409] [WARN] Connection retry attempt
[2025-11-07T11:40:29.575411] [WARN] Resource threshold approaching
[2025-11-07T11:40:29.575407] [WARN] Resource threshold approaching
[2025-11-07T11:40:29.575421] [DEBUG] Loop iteration: 15
[2025-11-07T11:40:29.575396] [INFO] Service initialized
[2025-11-07T11:40:29.575397] [INFO] User logged in
[2025-11-07T11:40:29.575401] [INFO] Connection established
