[2025-11-07T11:40:30.194080] [INFO] Database query executed
[2025-11-07T11:40:30.194077] [INFO] Cache hit
[2025-11-07T11:40:30.194083] [WARN] Connection retry attempt
[2025-11-07T11:40:30.194067] [INFO] Transaction completed
[2025-11-07T11:40:30.194073] [INFO] Request processed successfully
[2025-11-07T11:40:30.194090] [DEBUG] Memory allocation: 2048 bytes
[2025-11-07T11:40:30.194085] [WARN] Rate limit approaching
[2025-11-07T11:40:30.194072] [INFO] Cache hit
[2025-11-07T11:40:30.194082] [WARN] Cache miss
[2025-11-07T11:40:30.194095] [DEBUG] HTTP request headers parsed
[2025-11-07T11:40:30.194092] [DEBUG] Timer set: 30 seconds
[2025-11-07T11:40:30.194086] [WARN] Queue size growing
[2025-11-07T11:40:30.194090] [DEBUG] HTTP request headers parsed
[2025-11-07T11:40:30.194070] [INFO] Database query executed
[2025-11-07T11:40:30.194069] [INFO] Database query executed
[2025-11-07T11:40:30.194094] [DEBUG] Thread pool size: 8
[2025-11-07T11:40:30.194074] [INFO] Health check passed
[2025-11-07T11:40:30.194079] [INFO] Service initialized
[2025-11-07T11:40:30.194089] [DEBUG] Connection pool status checked
[2025-11-07T11:40:30.194078] [INFO] Session started
[2025-11-07T11:40:30.194093] [DEBUG] Entering function process_data()
[2025-11-07T11:40:30.194068] [INFO] Cache hit
[2025-11-07T11:40:30.194087] [ERROR] Authentication failed
[2025-11-07T11:40:30.194066] [INFO] Request processed successfully
[2025-11-07T11:40:30.194081] [INFO] Health check passed
[2025-11-07T11:40:30.194076] [INFO] User logged in
[2025-11-07T11:40:30.194075] [INFO] Health check passed
[2025-11-07T11:40:30.194071] [INFO] Health check passed
[2025-11-07T11:40:30.194084] [WARN] Connection retry attempt
[2025-11-07T11:40:30.194096] [DEBUG] Cache key generated
[2025-11-07T11:40:30.194092] [DEBUG] Buffer size: 4096 bytes
