[2025-11-07T11:40:29.945359] [INFO] Connection established
[2025-11-07T11:40:29.945373] [INFO] Service initialized
[2025-11-07T11:40:29.945367] [INFO] Health check passed
[2025-11-07T11:40:29.945382] [DEBUG] Cache key generated
[2025-11-07T11:40:29.945363] [INFO] Configuration loaded
[2025-11-07T11:40:29.945379] [ERROR] Request failed
[2025-11-07T11:40:29.945381] [DEBUG] Loop iteration: 15
[2025-11-07T11:40:29.945388] [DEBUG] Buffer size: 4096 bytes
[2025-11-07T11:40:29.945374] [INFO] User logged in
[2025-11-07T11:40:29.945362] [INFO] Health check passed
[2025-11-07T11:40:29.945375] [WARN] Disk space low
[2025-11-07T11:40:29.945378] [WARN] Cache miss
[2025-11-07T11:40:29.945384] [DEBUG] Variable value: x=42
[2025-11-07T11:40:29.945387] [DEBUG] Variable value: x=42
[2025-11-07T11:40:29.945386] [DEBUG] Thread pool size: 8
[2025-11-07T11:40:29.945377] [WARN] Queue size growing
[2025-11-07T11:40:29.945372] [INFO] Transaction completed
[2025-11-07T11:40:29.945376] [WARN] Connection retry attempt
[2025-11-07T11:40:29.945364] [INFO] Request processed successfully
[2025-11-07T11:40:29.945368] [INFO] Transaction completed
[2025-11-07T11:40:29.945385] [DEBUG] Variable value: x=42
[2025-11-07T11:40:29.945369] [INFO] Configuration loaded
[2025-11-07T11:40:29.945365] [INFO] Session started
[2025-11-07T11:40:29.945383] [DEBUG] Thread pool size: 8
[2025-11-07T11:40:29.945361] [INFO] Service initialized
[2025-11-07T11:40:29.945370] [INFO] Configuration loaded
[2025-11-07T11:40:29.945380] [DEBUG] Timer set: 30 seconds
[2025-11-07T11:40:29.945360] [INFO] User logged in
[2025-11-07T11:40:29.945366] [INFO] User logged in
[2025-11-07T11:40:29.945371] [INFO] Session started
