[2025-11-07T11:40:29.422344] [INFO] Cache hit
[2025-11-07T11:40:29.422348] [WARN] Connection retry attempt
[2025-11-07T11:40:29.422338] [INFO] Service initialized
[2025-11-07T11:40:29.422336] [INFO] Service initialized
[2025-11-07T11:40:29.422358] [DEBUG] Buffer size: 4096 bytes
[2025-11-07T11:40:29.422340] [INFO] Request processed successfully
[2025-11-07T11:40:29.422350] [WARN] Timeout warning
[2025-11-07T11:40:29.422354] [DEBUG] Thread pool size: 8
[2025-11-07T11:40:29.422349] [WARN] Connection retry attempt
[2025-11-07T11:40:29.422345] [INFO] Database query executed
[2025-11-07T11:40:29.422361] [DEBUG] HTTP request headers parsed
[2025-11-07T11:40:29.422353] [ERROR] Request failed
[2025-11-07T11:40:29.422356] [DEBUG] Variable value: x=42
[2025-11-07T11:40:29.422335] [INFO] Database query executed
[2025-11-07T11:40:29.422333] [INFO] Cache hit
[2025-11-07T11:40:29.422351] [WARN] Queue size growing
[2025-11-07T11:40:29.422340] [INFO] Configuration loaded
[2025-11-07T11:40:29.422347] [INFO] Transaction completed
[2025-11-07T11:40:29.422355] [DEBUG] Variable value: x=42
[2025-11-07T11:40:29.422360] [DEBUG] Variable value: x=42
[2025-11-07T11:40:29.422339] [INFO] User logged in
[2025-11-07T11:40:29.422361] [DEBUG] HTTP request headers parsed
[2025-11-07T11:40:29.422346] [INFO] Connection established
[2025-11-07T11:40:29.422337] [INFO] User logged in
[2025-11-07T11:40:29.422352] [ERROR] Service unavailable
[2025-11-07T11:40:29.422357] [DEBUG] Loop iteration: 15
[2025-11-07T11:40:29.422342] [INFO] Connection established
[2025-11-07T11:40:29.422343] [INFO] Connection established
[2025-11-07T11:40:29.422341] [INFO] Database query executed
[2025-11-07T11:40:29.422359] [DEBUG] Buffer size: 4096 bytes
