[2025-11-07T11:40:30.090401] [DEBUG] HTTP request headers parsed
[2025-11-07T11:40:30.090382] [INFO] Connection established
[2025-11-07T11:40:30.090399] [DEBUG] Timer set: 30 seconds
[2025-11-07T11:40:30.090380] [INFO] Cache hit
[2025-11-07T11:40:30.090395] [ERROR] Invalid input data
[2025-11-07T11:40:30.090388] [INFO] Database query executed
[2025-11-07T11:40:30.090391] [INFO] Request processed successfully
[2025-11-07T11:40:30.090397] [DEBUG] Variable value: x=42
[2025-11-07T11:40:30.090386] [INFO] Cache hit
[2025-11-07T11:40:30.090389] [INFO] Service initialized
[2025-11-07T11:40:30.090385] [INFO] Service initialized
[2025-11-07T11:40:30.090398] [DEBUG] Memory allocation: 2048 bytes
[2025-11-07T11:40:30.090379] [INFO] Cache hit
[2025-11-07T11:40:30.090404] [DEBUG] Connection pool status checked
[2025-11-07T11:40:30.090372] [INFO] Request processed successfully
[2025-11-07T11:40:30.090393] [WARN] Resource threshold approaching
[2025-11-07T11:40:30.090381] [INFO] Service initialized
[2025-11-07T11:40:30.090375] [INFO] Connection established
[2025-11-07T11:40:30.090387] [INFO] Database query executed
[2025-11-07T11:40:30.090392] [WARN] Disk space low
[2025-11-07T11:40:30.090374] [INFO] Request processed successfully
[2025-11-07T11:40:30.090378] [INFO] Service initialized
[2025-11-07T11:40:30.090383] [INFO] Database query executed
[2025-11-07T11:40:30.090396] [DEBUG] Cache key generated
[2025-11-07T11:40:30.090402] [DEBUG] HTTP request headers parsed
[2025-11-07T11:40:30.090384] [INFO] Database query executed
[2025-11-07T11:40:30.090390] [INFO] Health check passed
[2025-11-07T11:40:30.090377] [INFO] Session started
[2025-11-07T11:40:30.090400] [DEBUG] Cache key generated
[2025-11-07T11:40:30.090403] [DEBUG] HTTP request headers parsed
[2025-11-07T11:40:30.090376] [INFO] Service initialized
[2025-11-07T11:40:30.090394] [WARN] Disk space low
