[2025-11-07T11:40:29.463165] [INFO] Service initialized
[2025-11-07T11:40:29.463169] [WARN] Queue size growing
[2025-11-07T11:40:29.463179] [DEBUG] Timer set: 30 seconds
[2025-11-07T11:40:29.463168] [WARN] Deprecated API usage
[2025-11-07T11:40:29.463164] [INFO] User logged in
[2025-11-07T11:40:29.463184] [DEBUG] Thread pool size: 8
[2025-11-07T11:40:29.463181] [DEBUG] Timer set: 30 seconds
[2025-11-07T11:40:29.463153] [INFO] Cache hit
[2025-11-07T11:40:29.463174] [ERROR] Memory allocation error
[2025-11-07T11:40:29.463171] [WARN] Rate limit approaching
[2025-11-07T11:40:29.463155] [INFO] Request processed successfully
[2025-11-07T11:40:29.463175] [ERROR] Memory allocation error
[2025-11-07T11:40:29.463182] [DEBUG] Timer set: 30 seconds
[2025-11-07T11:40:29.463156] [INFO] Connection established
[2025-11-07T11:40:29.463167] [INFO] Connection established
[2025-11-07T11:40:29.463157] [INFO] Cache hit
[2025-11-07T11:40:29.463180] [DEBUG] Loop iteration: 15
[2025-11-07T11:40:29.463166] [INFO] Database query executed
[2025-11-07T11:40:29.463162] [INFO] Session started
[2025-11-07T11:40:29.463176] [DEBUG] Loop iteration: 15
[2025-11-07T11:40:29.463159] [INFO] Transaction completed
[2025-11-07T11:40:29.463154] [INFO] Transaction completed
[2025-11-07T11:40:29.463172] [ERROR] Invalid input data
[2025-11-07T11:40:29.463160] [INFO] Connection established
[2025-11-07T11:40:29.463177] [DEBUG] Loop iteration: 15
[2025-11-07T11:40:29.463183] [DEBUG] Variable value: x=42
[2025-11-07T11:40:29.463173] [ERROR] Database connection lost
[2025-11-07T11:40:29.463178] [DEBUG] Buffer size: 4096 bytes
[2025-11-07T11:40:29.463158] [INFO] Health check passed
[2025-11-07T11:40:29.463161] [INFO] Connection established
[2025-11-07T11:40:29.463170] [WARN] Connection retry attempt
[2025-11-07T11:40:29.463163] [INFO] User logged in
