[2025-11-07T11:40:29.666845] [INFO] Connection established
[2025-11-07T11:40:29.666846] [WARN] Timeout warning
[2025-11-07T11:40:29.666835] [INFO] Transaction completed
[2025-11-07T11:40:29.666854] [DEBUG] Loop iteration: 15
[2025-11-07T11:40:29.666832] [INFO] Health check passed
[2025-11-07T11:40:29.666844] [INFO] Health check passed
[2025-11-07T11:40:29.666839] [INFO] Database query executed
[2025-11-07T11:40:29.666836] [INFO] Service initialized
[2025-11-07T11:40:29.666840] [INFO] Connection established
[2025-11-07T11:40:29.666831] [INFO] Request processed successfully
[2025-11-07T11:40:29.666833] [INFO] Configuration loaded
[2025-11-07T11:40:29.666829] [INFO] User logged in
[2025-11-07T11:40:29.666852] [DEBUG] Connection pool status checked
[2025-11-07T11:40:29.666842] [INFO] Request processed successfully
[2025-11-07T11:40:29.666848] [ERROR] Disk read failed
[2025-11-07T11:40:29.666838] [INFO] Session started
[2025-11-07T11:40:29.666853] [DEBUG] HTTP request headers parsed
[2025-11-07T11:40:29.666843] [INFO] Cache hit
[2025-11-07T11:40:29.666847] [ERROR] Disk read failed
[2025-11-07T11:40:29.666850] [DEBUG] HTTP request headers parsed
[2025-11-07T11:40:29.666851] [DEBUG] Variable value: x=42
[2025-11-07T11:40:29.666837] [INFO] Service initialized
[2025-11-07T11:40:29.666855] [DEBUG] Loop iteration: 15
[2025-11-07T11:40:29.666834] [INFO] Transaction completed
[2025-11-07T11:40:29.666849] [DEBUG] Cache key generated
[2025-11-07T11:40:29.666841] [INFO] Cache hit
