[2025-11-07T11:40:29.717745] [INFO] Cache hit
[2025-11-07T11:40:29.717752] [INFO] Service initialized
[2025-11-07T11:40:29.717748] [INFO] User logged in
[2025-11-07T11:40:29.717765] [ERROR] Disk read failed
[2025-11-07T11:40:29.717755] [INFO] Session started
[2025-11-07T11:40:29.717766] [ERROR] Permission denied
[2025-11-07T11:40:29.717747] [INFO] Database query executed
[2025-11-07T11:40:29.717743] [INFO] User logged in
[2025-11-07T11:40:29.717746] [INFO] Transaction completed
[2025-11-07T11:40:29.717761] [WARN] Resource threshold approaching
[2025-11-07T11:40:29.717753] [INFO] Configuration loaded
[2025-11-07T11:40:29.717749] [INFO] Cache hit
[2025-11-07T11:40:29.717759] [WARN] High memory usage detected
[2025-11-07T11:40:29.717751] [INFO] Request processed successfully
[2025-11-07T11:40:29.717757] [INFO] Database query executed
[2025-11-07T11:40:29.717768] [DEBUG] Loop iteration: 15
[2025-11-07T11:40:29.717750] [INFO] Configuration loaded
[2025-11-07T11:40:29.717763] [WARN] Disk space low
[2025-11-07T11:40:29.717767] [DEBUG] Thread pool size: 8
[2025-11-07T11:40:29.717770] [DEBUG] HTTP request headers parsed
[2025-11-07T11:40:29.717762] [WARN] Disk space low
[2025-11-07T11:40:29.717769] [DEBUG] Variable value: x=42
[2025-11-07T11:40:29.717756] [INFO] Transaction completed
[2025-11-07T11:40:29.717771] [DEBUG] Loop iteration: 15
[2025-11-07T11:40:29.717772] [DEBUG] HTTP request headers parsed
[2025-11-07T11:40:29.717758] [INFO] Configuration loaded
[2025-11-07T11:40:29.717760] [WARN] Cache miss
[2025-11-07T11:40:29.717773] [DEBUG] Timer set: 30 seconds
[2025-11-07T11:40:29.717754] [INFO] User logged in
