[2025-11-07T11:40:29.978445] [INFO] Health check passed
[2025-11-07T11:40:29.978453] [INFO] Request processed successfully
[2025-11-07T11:40:29.978447] [INFO] Cache hit
[2025-11-07T11:40:29.978449] [INFO] Cache hit
[2025-11-07T11:40:29.978454] [INFO] User logged in
[2025-11-07T11:40:29.978469] [DEBUG] Loop iteration: 15
[2025-11-07T11:40:29.978451] [INFO] Service initialized
[2025-11-07T11:40:29.978452] [INFO] Database query executed
[2025-11-07T11:40:29.978465] [DEBUG] Memory allocation: 2048 bytes
[2025-11-07T11:40:29.978467] [DEBUG] Buffer size: 4096 bytes
[2025-11-07T11:40:29.978443] [INFO] Session started
[2025-11-07T11:40:29.978460] [WARN] Disk space low
[2025-11-07T11:40:29.978455] [INFO] User logged in
[2025-11-07T11:40:29.978461] [WARN] High memory usage detected
[2025-11-07T11:40:29.978450] [INFO] Database query executed
[2025-11-07T11:40:29.978456] [INFO] Configuration loaded
[2025-11-07T11:40:29.978464] [DEBUG] Entering function process_data()
[2025-11-07T11:40:29.978448] [INFO] Health check passed
[2025-11-07T11:40:29.978462] [ERROR] Invalid input data
[2025-11-07T11:40:29.978468] [DEBUG] HTTP request headers parsed
[2025-11-07T11:40:29.978457] [INFO] Connection established
[2025-11-07T11:40:29.978459] [WARN] Disk space low
[2025-11-07T11:40:29.978446] [INFO] Database query executed
[2025-11-07T11:40:29.978458] [INFO] Configuration loaded
[2025-11-07T11:40:29.978466] [DEBUG] HTTP request headers parsed
[2025-11-07T11:40:29.978463] [ERROR] Invalid input data
