[2025-11-07T11:40:29.360859] [INFO] Database query executed
[2025-11-07T11:40:29.360867] [INFO] Connection established
[2025-11-07T11:40:29.360876] [WARN] Deprecated API usage
[2025-11-07T11:40:29.360879] [DEBUG] Variable value: x=42
[2025-11-07T11:40:29.360864] [INFO] Request processed successfully
[2025-11-07T11:40:29.360863] [INFO] Request processed successfully
[2025-11-07T11:40:29.360880] [DEBUG] Cache key generated
[2025-11-07T11:40:29.360884] [DEBUG] Memory allocation: 2048 bytes
[2025-11-07T11:40:29.360862] [INFO] Session started
[2025-11-07T11:40:29.360869] [INFO] Session started
[2025-11-07T11:40:29.360877] [ERROR] Request failed
[2025-11-07T11:40:29.360875] [WARN] Deprecated API usage
[2025-11-07T11:40:29.360860] [INFO] Configuration loaded
[2025-11-07T11:40:29.360882] [DEBUG] Cache key generated
[2025-11-07T11:40:29.360872] [INFO] Session started
[2025-11-07T11:40:29.360873] [INFO] Service initialized
[2025-11-07T11:40:29.360866] [INFO] Database query executed
[2025-11-07T11:40:29.360885] [DEBUG] Connection pool status checked
[2025-11-07T11:40:29.360865] [INFO] Transaction completed
[2025-11-07T11:40:29.360858] [INFO] Transaction completed
[2025-11-07T11:40:29.360881] [DEBUG] Memory allocation: 2048 bytes
[2025-11-07T11:40:29.360871] [INFO] Request processed successfully
[2025-11-07T11:40:29.360868] [INFO] User logged in
[2025-11-07T11:40:29.360870] [INFO] Cache hit
[2025-11-07T11:40:29.360874] [WARN] High memory usage detected
[2025-11-07T11:40:29.360883] [DEBUG] Thread pool size: 8
[2025-11-07T11:40:29.360878] [DEBUG] Variable value: x=42
[2025-11-07T11:40:29.360886] [DEBUG] Buffer size: 4096 bytes
