[2025-11-07T11:40:29.307914] [WARN] Connection retry attempt
[2025-11-07T11:40:29.307921] [DEBUG] Thread pool size: 8
[2025-11-07T11:40:29.307900] [INFO] Service initialized
[2025-11-07T11:40:29.307912] [WARN] Connection retry attempt
[2025-11-07T11:40:29.307916] [WARN] Disk space low
[2025-11-07T11:40:29.307910] [INFO] Request processed successfully
[2025-11-07T11:40:29.307908] [INFO] Cache hit
[2025-11-07T11:40:29.307898] [INFO] Transaction completed
[2025-11-07T11:40:29.307926] [DEBUG] Buffer size: 4096 bytes
[2025-11-07T11:40:29.307906] [INFO] Service initialized
[2025-11-07T11:40:29.307902] [INFO] Connection established
[2025-11-07T11:40:29.307907] [INFO] Cache hit
[2025-11-07T11:40:29.307909] [INFO] Health check passed
[2025-11-07T11:40:29.307917] [WARN] Resource threshold approaching
[2025-11-07T11:40:29.307924] [DEBUG] Connection pool status checked
[2025-11-07T11:40:29.307920] [DEBUG] Connection pool status checked
[2025-11-07T11:40:29.307903] [INFO] Database query executed
[2025-11-07T11:40:29.307922] [DEBUG] Connection pool status checked
[2025-11-07T11:40:29.307918] [ERROR] Permission denied
[2025-11-07T11:40:29.307925] [DEBUG] Connection pool status checked
[2025-11-07T11:40:29.307913] [WARN] Resource threshold approaching
[2025-11-07T11:40:29.307911] [INFO] Service initialized
[2025-11-07T11:40:29.307915] [WARN] Rate limit approaching
[2025-11-07T11:40:29.307919] [DEBUG] Loop iteration: 15
[2025-11-07T11:40:29.307901] [INFO] Session started
[2025-11-07T11:40:29.307904] [INFO] Health check passed
[2025-11-07T11:40:29.307905] [INFO] Health check passed
[2025-11-07T11:40:29.307923] [DEBUG] Connection pool status checked
