[2025-11-07T11:40:29.928394] [INFO] User logged in
[2025-11-07T11:40:29.928395] [INFO] Cache hit
[2025-11-07T11:40:29.928422] [INFO] User logged in
[2025-11-07T11:40:29.928438] [DEBUG] Cache key generated
[2025-11-07T11:40:29.928424] [WARN] Queue size growing
[2025-11-07T11:40:29.928437] [DEBUG] Memory allocation: 2048 bytes
[2025-11-07T11:40:29.928423] [WARN] Rate limit approaching
[2025-11-07T11:40:29.928435] [DEBUG] Connection pool status checked
[2025-11-07T11:40:29.928421] [INFO] Service initialized
[2025-11-07T11:40:29.928436] [DEBUG] HTTP request headers parsed
[2025-11-07T11:40:29.928416] [INFO] Service initialized
[2025-11-07T11:40:29.928427] [ERROR] Memory allocation error
[2025-11-07T11:40:29.928415] [INFO] Connection established
[2025-11-07T11:40:29.928434] [DEBUG] Variable value: x=42
[2025-11-07T11:40:29.928437] [DEBUG] Buffer size: 4096 bytes
[2025-11-07T11:40:29.928419] [INFO] User logged in
[2025-11-07T11:40:29.928425] [WARN] Cache miss
[2025-11-07T11:40:29.928418] [INFO] Database query executed
[2025-11-07T11:40:29.928433] [DEBUG] Thread pool size: 8
[2025-11-07T11:40:29.928393] [INFO] Database query executed
[2025-11-07T11:40:29.928426] [WARN] Timeout warning
[2025-11-07T11:40:29.928414] [INFO] User logged in
[2025-11-07T11:40:29.928417] [INFO] Session started
[2025-11-07T11:40:29.928412] [INFO] Transaction completed
[2025-11-07T11:40:29.928430] [DEBUG] Loop iteration: 15
[2025-11-07T11:40:29.928392] [INFO] Cache hit
[2025-11-07T11:40:29.928432] [DEBUG] Memory allocation: 2048 bytes
[2025-11-07T11:40:29.928428] [ERROR] Permission denied
[2025-11-07T11:40:29.928420] [INFO] Configuration loaded
[2025-11-07T11:40:29.928429] [DEBUG] HTTP request headers parsed
