[2025-11-07T11:40:30.297193] [INFO] User logged in
[2025-11-07T11:40:30.297209] [DEBUG] Memory allocation: 2048 bytes
[2025-11-07T11:40:30.297198] [WARN] Cache miss
[2025-11-07T11:40:30.297200] [WARN] Cache miss
[2025-11-07T11:40:30.297202] [WARN] Rate limit approaching
[2025-11-07T11:40:30.297190] [INFO] Cache hit
[2025-11-07T11:40:30.297212] [DEBUG] Variable value: x=42
[2025-11-07T11:40:30.297184] [INFO] User logged in
[2025-11-07T11:40:30.297206] [DEBUG] Variable value: x=42
[2025-11-07T11:40:30.297205] [ERROR] Disk read failed
[2025-11-07T11:40:30.297188] [INFO] Database query executed
[2025-11-07T11:40:30.297201] [WARN] Queue size growing
[2025-11-07T11:40:30.297182] [INFO] Service initialized
[2025-11-07T11:40:30.297185] [INFO] Transaction completed
[2025-11-07T11:40:30.297197] [WARN] Timeout warning
[2025-11-07T11:40:30.297189] [INFO] Cache hit
[2025-11-07T11:40:30.297204] [WARN] Slow query performance
[2025-11-07T11:40:30.297194] [INFO] Service initialized
[2025-11-07T11:40:30.297213] [DEBUG] Variable value: x=42
[2025-11-07T11:40:30.297187] [INFO] Database query executed
[2025-11-07T11:40:30.297195] [INFO] Cache hit
[2025-11-07T11:40:30.297180] [INFO] Transaction completed
[2025-11-07T11:40:30.297192] [INFO] Health check passed
[2025-11-07T11:40:30.297203] [WARN] High memory usage detected
[2025-11-07T11:40:30.297191] [INFO] Database query executed
[2025-11-07T11:40:30.297199] [WARN] Resource threshold approaching
[2025-11-07T11:40:30.297215] [DEBUG] HTTP request headers parsed
[2025-11-07T11:40:30.297207] [DEBUG] Thread pool size: 8
[2025-11-07T11:40:30.297196] [WARN] Disk space low
[2025-11-07T11:40:30.297183] [INFO] Health check passed
[2025-11-07T11:40:30.297214] [DEBUG] Thread pool size: 8
[2025-11-07T11:40:30.297211] [DEBUG] Connection pool status checked
[2025-11-07T11:40:30.297208] [DEBUG] Loop iteration: 15
[2025-11-07T11:40:30.297186] [INFO] Cache hit
