[2025-11-07T11:40:29.355005] [INFO] Transaction completed
[2025-11-07T11:40:29.354997] [INFO] Connection established
[2025-11-07T11:40:29.355023] [DEBUG] Timer set: 30 seconds
[2025-11-07T11:40:29.355012] [ERROR] Authentication failed
[2025-11-07T11:40:29.354990] [INFO] Transaction completed
[2025-11-07T11:40:29.355015] [DEBUG] Thread pool size: 8
[2025-11-07T11:40:29.354992] [INFO] Connection established
[2025-11-07T11:40:29.355019] [DEBUG] Timer set: 30 seconds
[2025-11-07T11:40:29.354988] [INFO] Request processed successfully
[2025-11-07T11:40:29.355021] [DEBUG] HTTP request headers parsed
[2025-11-07T11:40:29.355020] [DEBUG] Buffer size: 4096 bytes
[2025-11-07T11:40:29.355016] [DEBUG] Memory allocation: 2048 bytes
[2025-11-07T11:40:29.355022] [DEBUG] Cache key generated
[2025-11-07T11:40:29.354991] [INFO] Transaction completed
[2025-11-07T11:40:29.355007] [WARN] Disk space low
[2025-11-07T11:40:29.355010] [WARN] Timeout warning
[2025-11-07T11:40:29.354999] [INFO] Session started
[2025-11-07T11:40:29.354989] [INFO] Database query executed
[2025-11-07T11:40:29.355008] [WARN] Disk space low
[2025-11-07T11:40:29.354996] [INFO] Connection established
[2025-11-07T11:40:29.354998] [INFO] Request processed successfully
[2025-11-07T11:40:29.354993] [INFO] Configuration loaded
[2025-11-07T11:40:29.355006] [WARN] Cache miss
[2025-11-07T11:40:29.354994] [INFO] Session started
[2025-11-07T11:40:29.355018] [DEBUG] Thread pool size: 8
[2025-11-07T11:40:29.355003] [INFO] Health check passed
[2025-11-07T11:40:29.355002] [INFO] Session started
[2025-11-07T11:40:29.355001] [INFO] Transaction completed
[2025-11-07T11:40:29.355014] [ERROR] Request failed
[2025-11-07T11:40:29.355011] [WARN] Timeout warning
[2025-11-07T11:40:29.355017] [DEBUG] Loop iteration: 15
