[2025-11-07T11:40:30.345570] [INFO] Health check passed
[2025-11-07T11:40:30.345606] [DEBUG] Variable value: x=42
[2025-11-07T11:40:30.345595] [WARN] Connection retry attempt
[2025-11-07T11:40:30.345604] [DEBUG] Entering function process_data()
[2025-11-07T11:40:30.345608] [DEBUG] Timer set: 30 seconds
[2025-11-07T11:40:30.345591] [WARN] Disk space low
[2025-11-07T11:40:30.345573] [INFO] Cache hit
[2025-11-07T11:40:30.345589] [INFO] Transaction completed
[2025-11-07T11:40:30.345593] [WARN] Resource threshold approaching
[2025-11-07T11:40:30.345603] [DEBUG] Memory allocation: 2048 bytes
[2025-11-07T11:40:30.345609] [DEBUG] Loop iteration: 15
[2025-11-07T11:40:30.345598] [ERROR] Invalid input data
[2025-11-07T11:40:30.345586] [INFO] Session started
[2025-11-07T11:40:30.345572] [INFO] Connection established
[2025-11-07T11:40:30.345592] [WARN] Disk space low
[2025-11-07T11:40:30.345607] [DEBUG] Loop iteration: 15
[2025-11-07T11:40:30.345578] [INFO] Database query executed
[2025-11-07T11:40:30.345597] [WARN] Disk space low
[2025-11-07T11:40:30.345568] [INFO] Session started
[2025-11-07T11:40:30.345588] [INFO] Connection established
[2025-11-07T11:40:30.345601] [DEBUG] Cache key generated
[2025-11-07T11:40:30.345567] [INFO] Health check passed
[2025-11-07T11:40:30.345602] [DEBUG] Variable value: x=42
[2025-11-07T11:40:30.345605] [DEBUG] Timer set: 30 seconds
[2025-11-07T11:40:30.345574] [INFO] Configuration loaded
[2025-11-07T11:40:30.345596] [WARN] Disk space low
[2025-11-07T11:40:30.345575] [INFO] Connection established
[2025-11-07T11:40:30.345594] [WARN] Slow query performance
[2025-11-07T11:40:30.345587] [INFO] User logged in
[2025-11-07T11:40:30.345577] [INFO] Transaction completed
[2025-11-07T11:40:30.345571] [INFO] Health check passed
[2025-11-07T11:40:30.345566] [INFO] Request processed successfully
[2025-11-07T11:40:30.345600] [ERROR] Invalid input data
[2025-11-07T11:40:30.345576] [INFO] Cache hit
[2025-11-07T11:40:30.345590] [INFO] User logged in
