[2025-11-07T11:40:30.037519] [DEBUG] Thread pool size: 8
[2025-11-07T11:40:30.037518] [DEBUG] Timer set: 30 seconds
[2025-11-07T11:40:30.037505] [INFO] Health check passed
[2025-11-07T11:40:30.037500] [INFO] Connection established
[2025-11-07T11:40:30.037515] [WARN] Cache miss
[2025-11-07T11:40:30.037514] [WARN] Cache miss
[2025-11-07T11:40:30.037498] [INFO] Configuration loaded
[2025-11-07T11:40:30.037522] [DEBUG] Timer set: 30 seconds
[2025-11-07T11:40:30.037521] [DEBUG] HTTP request headers parsed
[2025-11-07T11:40:30.037511] [INFO] Cache hit
[2025-11-07T11:40:30.037502] [INFO] Session started
[2025-11-07T11:40:30.037512] [WARN] Resource threshold approaching
[2025-11-07T11:40:30.037516] [ERROR] Network timeout
[2025-11-07T11:40:30.037503] [INFO] Database query executed
[2025-11-07T11:40:30.037523] [DEBUG] Memory allocation: 2048 bytes
[2025-11-07T11:40:30.037504] [INFO] Connection established
[2025-11-07T11:40:30.037510] [INFO] Connection established
[2025-11-07T11:40:30.037507] [INFO] Service initialized
[2025-11-07T11:40:30.037513] [WARN] High memory usage detected
[2025-11-07T11:40:30.037524] [DEBUG] Variable value: x=42
[2025-11-07T11:40:30.037508] [INFO] Request processed successfully
[2025-11-07T11:40:30.037520] [DEBUG] Timer set: 30 seconds
[2025-11-07T11:40:30.037509] [INFO] Configuration loaded
[2025-11-07T11:40:30.037501] [INFO] Cache hit
[2025-11-07T11:40:30.037506] [INFO] Database query executed
