[2025-11-07T11:40:30.205561] [WARN] Timeout warning
[2025-11-07T11:40:30.205546] [INFO] Service initialized
[2025-11-07T11:40:30.205545] [INFO] Request processed successfully
[2025-11-07T11:40:30.205575] [DEBUG] Connection pool status checked
[2025-11-07T11:40:30.205547] [INFO] Transaction completed
[2025-11-07T11:40:30.205576] [DEBUG] Entering function process_data()
[2025-11-07T11:40:30.205568] [DEBUG] Variable value: x=42
[2025-11-07T11:40:30.205548] [INFO] Configuration loaded
[2025-11-07T11:40:30.205550] [INFO] Request processed successfully
[2025-11-07T11:40:30.205560] [INFO] Service initialized
[2025-11-07T11:40:30.205553] [INFO] Health check passed
[2025-11-07T11:40:30.205577] [DEBUG] Entering function process_data()
[2025-11-07T11:40:30.205572] [DEBUG] Connection pool status checked
[2025-11-07T11:40:30.205570] [DEBUG] Timer set: 30 seconds
[2025-11-07T11:40:30.205549] [INFO] Service initialized
[2025-11-07T11:40:30.205543] [INFO] Database query executed
[2025-11-07T11:40:30.205573] [DEBUG] Cache key generated
[2025-11-07T11:40:30.205579] [DEBUG] Connection pool status checked
[2025-11-07T11:40:30.205565] [WARN] Resource threshold approaching
[2025-11-07T11:40:30.205552] [INFO] Session started
[2025-11-07T11:40:30.205558] [INFO] Database query executed
[2025-11-07T11:40:30.205571] [DEBUG] Loop iteration: 15
[2025-11-07T11:40:30.205557] [INFO] Service initialized
[2025-11-07T11:40:30.205569] [DEBUG] Variable value: x=42
[2025-11-07T11:40:30.205574] [DEBUG] Memory allocation: 2048 bytes
[2025-11-07T11:40:30.205542] [INFO] Health check passed
[2025-11-07T11:40:30.205562] [WARN] Cache miss
[2025-11-07T11:40:30.205578] [DEBUG] Cache key generated
[2025-11-07T11:40:30.205554] [INFO] Health check passed
[2025-11-07T11:40:30.205566] [ERROR] Disk read failed
[2025-11-07T11:40:30.205556] [INFO] Transaction completed
[2025-11-07T11:40:30.205564] [WARN] Resource threshold approaching
[2025-11-07T11:40:30.205544] [INFO] Request processed successfully
