[2025-11-07T11:40:29.688113] [INFO] Request processed successfully
[2025-11-07T11:40:29.688126] [WARN] Slow query performance
[2025-11-07T11:40:29.688118] [INFO] Session started
[2025-11-07T11:40:29.688133] [DEBUG] Variable value: x=42
[2025-11-07T11:40:29.688136] [DEBUG] Entering function process_data()
[2025-11-07T11:40:29.688130] [ERROR] Network timeout
[2025-11-07T11:40:29.688121] [INFO] Database query executed
[2025-11-07T11:40:29.688115] [INFO] Cache hit
[2025-11-07T11:40:29.688129] [ERROR] Service unavailable
[2025-11-07T11:40:29.688134] [DEBUG] Loop iteration: 15
[2025-11-07T11:40:29.688119] [INFO] Request processed successfully
[2025-11-07T11:40:29.688128] [WARN] High memory usage detected
[2025-11-07T11:40:29.688116] [INFO] Transaction completed
[2025-11-07T11:40:29.688123] [INFO] Session started
[2025-11-07T11:40:29.688131] [DEBUG] Connection pool status checked
[2025-11-07T11:40:29.688127] [WARN] Connection retry attempt
[2025-11-07T11:40:29.688124] [INFO] Service initialized
[2025-11-07T11:40:29.688117] [INFO] Health check passed
[2025-11-07T11:40:29.688122] [INFO] Health check passed
[2025-11-07T11:40:29.688138] [DEBUG] HTTP request headers parsed
[2025-11-07T11:40:29.688114] [INFO] Health check passed
[2025-11-07T11:40:29.688109] [INFO] Connection established
[2025-11-07T11:40:29.688120] [INFO] User logged in
[2025-11-07T11:40:29.688137] [DEBUG] Cache key generated
[2025-11-07T11:40:29.688111] [INFO] Request processed successfully
[2025-11-07T11:40:29.688135] [DEBUG] Cache key generated
[2025-11-07T11:40:29.688132] [DEBUG] Loop iteration: 15
[2025-11-07T11:40:29.688112] [INFO] Database query executed
[2025-11-07T11:40:29.688125] [WARN] Queue size growing
[2025-11-07T11:40:29.688139] [DEBUG] HTTP request headers parsed
[2025-11-07T11:40:29.688110] [INFO] Service initialized
