[2025-11-07T11:40:29.340550] [DEBUG] Buffer size: 4096 bytes
[2025-11-07T11:40:29.340545] [WARN] Deprecated API usage
[2025-11-07T11:40:29.340552] [DEBUG] Loop iteration: 15
[2025-11-07T11:40:29.340556] [DEBUG] Timer set: 30 seconds
[2025-11-07T11:40:29.340549] [ERROR] Request failed
[2025-11-07T11:40:29.340542] [WARN] Queue size growing
[2025-11-07T11:40:29.340538] [INFO] Configuration loaded
[2025-11-07T11:40:29.340528] [INFO] User logged in
[2025-11-07T11:40:29.340551] [DEBUG] Memory allocation: 2048 bytes
[2025-11-07T11:40:29.340541] [WARN] Timeout warning
[2025-11-07T11:40:29.340547] [ERROR] Database connection lost
[2025-11-07T11:40:29.340530] [INFO] Transaction completed
[2025-11-07T11:40:29.340555] [DEBUG] Loop iteration: 15
[2025-11-07T11:40:29.340554] [DEBUG] Buffer size: 4096 bytes
[2025-11-07T11:40:29.340544] [WARN] Rate limit approaching
[2025-11-07T11:40:29.340540] [INFO] Configuration loaded
[2025-11-07T11:40:29.340535] [INFO] Connection established
[2025-11-07T11:40:29.340553] [DEBUG] Cache key generated
[2025-11-07T11:40:29.340539] [INFO] User logged in
[2025-11-07T11:40:29.340531] [INFO] Configuration loaded
[2025-11-07T11:40:29.340532] [INFO] Database query executed
[2025-11-07T11:40:29.340543] [WARN] Slow query performance
[2025-11-07T11:40:29.340557] [DEBUG] Loop iteration: 15
[2025-11-07T11:40:29.340533] [INFO] Cache hit
[2025-11-07T11:40:29.340536] [INFO] Database query executed
[2025-11-07T11:40:29.340537] [INFO] Request processed successfully
[2025-11-07T11:40:29.340548] [ERROR] Memory allocation error
[2025-11-07T11:40:29.340534] [INFO] User logged in
