[2025-11-07T11:40:29.987498] [INFO] Cache hit
[2025-11-07T11:40:29.987510] [INFO] Request processed successfully
[2025-11-07T11:40:29.987514] [INFO] Configuration loaded
[2025-11-07T11:40:29.987526] [DEBUG] Entering function process_data()
[2025-11-07T11:40:29.987518] [WARN] Rate limit approaching
[2025-11-07T11:40:29.987529] [DEBUG] Variable value: x=42
[2025-11-07T11:40:29.987522] [DEBUG] Cache key generated
[2025-11-07T11:40:29.987502] [INFO] Request processed successfully
[2025-11-07T11:40:29.987530] [DEBUG] HTTP request headers parsed
[2025-11-07T11:40:29.987521] [ERROR] Permission denied
[2025-11-07T11:40:29.987528] [DEBUG] Connection pool status checked
[2025-11-07T11:40:29.987512] [INFO] Health check passed
[2025-11-07T11:40:29.987520] [ERROR] Request failed
[2025-11-07T11:40:29.987503] [INFO] User logged in
[2025-11-07T11:40:29.987511] [INFO] Configuration loaded
[2025-11-07T11:40:29.987512] [INFO] User logged in
[2025-11-07T11:40:29.987509] [INFO] Transaction completed
[2025-11-07T11:40:29.987506] [INFO] Service initialized
[2025-11-07T11:40:29.987519] [WARN] Deprecated API usage
[2025-11-07T11:40:29.987516] [WARN] Slow query performance
[2025-11-07T11:40:29.987516] [WARN] Deprecated API usage
[2025-11-07T11:40:29.987505] [INFO] User logged in
[2025-11-07T11:40:29.987500] [INFO] Request processed successfully
[2025-11-07T11:40:29.987504] [INFO] Service initialized
[2025-11-07T11:40:29.987527] [DEBUG] Variable value: x=42
[2025-11-07T11:40:29.987525] [DEBUG] Variable value: x=42
[2025-11-07T11:40:29.987523] [DEBUG] Timer set: 30 seconds
[2025-11-07T11:40:29.987508] [INFO] Database query executed
[2025-11-07T11:40:29.987501] [INFO] Database query executed
[2025-11-07T11:40:29.987524] [DEBUG] Loop iteration: 15
[2025-11-07T11:40:29.987514] [INFO] Health check passed
[2025-11-07T11:40:29.987507] [INFO] Cache hit
