[2025-11-07T11:40:30.057307] [INFO] Connection established
[2025-11-07T11:40:30.057335] [DEBUG] Thread pool size: 8
[2025-11-07T11:40:30.057318] [INFO] Health check passed
[2025-11-07T11:40:30.057325] [ERROR] Memory allocation error
[2025-11-07T11:40:30.057315] [INFO] Request processed successfully
[2025-11-07T11:40:30.057320] [WARN] Slow query performance
[2025-11-07T11:40:30.057331] [DEBUG] Thread pool size: 8
[2025-11-07T11:40:30.057323] [WARN] Timeout warning
[2025-11-07T11:40:30.057328] [DEBUG] Variable value: x=42
[2025-11-07T11:40:30.057329] [DEBUG] Variable value: x=42
[2025-11-07T11:40:30.057316] [INFO] Database query executed
[2025-11-07T11:40:30.057330] [DEBUG] Buffer size: 4096 bytes
[2025-11-07T11:40:30.057306] [INFO] Cache hit
[2025-11-07T11:40:30.057314] [INFO] Database query executed
[2025-11-07T11:40:30.057333] [DEBUG] HTTP request headers parsed
[2025-11-07T11:40:30.057327] [ERROR] Authentication failed
[2025-11-07T11:40:30.057305] [INFO] User logged in
[2025-11-07T11:40:30.057328] [DEBUG] Buffer size: 4096 bytes
[2025-11-07T11:40:30.057334] [DEBUG] Cache key generated
[2025-11-07T11:40:30.057321] [WARN] Queue size growing
[2025-11-07T11:40:30.057321] [WARN] Disk space low
[2025-11-07T11:40:30.057313] [INFO] Database query executed
[2025-11-07T11:40:30.057324] [WARN] High memory usage detected
[2025-11-07T11:40:30.057312] [INFO] User logged in
[2025-11-07T11:40:30.057310] [INFO] Transaction completed
[2025-11-07T11:40:30.057324] [WARN] Connection retry attempt
[2025-11-07T11:40:30.057332] [DEBUG] Entering function process_data()
[2025-11-07T11:40:30.057309] [INFO] Cache hit
[2025-11-07T11:40:30.057319] [INFO] Database query executed
[2025-11-07T11:40:30.057311] [INFO] Transaction completed
[2025-11-07T11:40:30.057317] [INFO] Database query executed
[2025-11-07T11:40:30.057308] [INFO] Request processed successfully
