[2025-11-07T11:40:29.596331] [DEBUG] Timer set: 30 seconds
[2025-11-07T11:40:29.596311] [INFO] Configuration loaded
[2025-11-07T11:40:29.596333] [DEBUG] Entering function process_data()
[2025-11-07T11:40:29.596322] [WARN] Slow query performance
[2025-11-07T11:40:29.596314] [INFO] Health check passed
[2025-11-07T11:40:29.596305] [INFO] Transaction completed
[2025-11-07T11:40:29.596318] [INFO] Request processed successfully
[2025-11-07T11:40:29.596307] [INFO] Session started
[2025-11-07T11:40:29.596306] [INFO] Connection established
[2025-11-07T11:40:29.596329] [ERROR] Request failed
[2025-11-07T11:40:29.596317] [INFO] Configuration loaded
[2025-11-07T11:40:29.596324] [WARN] Cache miss
[2025-11-07T11:40:29.596308] [INFO] Connection established
[2025-11-07T11:40:29.596332] [DEBUG] Loop iteration: 15
[2025-11-07T11:40:29.596328] [WARN] Queue size growing
[2025-11-07T11:40:29.596310] [INFO] Transaction completed
[2025-11-07T11:40:29.596327] [WARN] Deprecated API usage
[2025-11-07T11:40:29.596339] [DEBUG] Thread pool size: 8
[2025-11-07T11:40:29.596334] [DEBUG] Memory allocation: 2048 bytes
[2025-11-07T11:40:29.596321] [WARN] Rate limit approaching
[2025-11-07T11:40:29.596338] [DEBUG] Variable value: x=42
[2025-11-07T11:40:29.596312] [INFO] User logged in
[2025-11-07T11:40:29.596319] [INFO] Session started
[2025-11-07T11:40:29.596337] [DEBUG] Buffer size: 4096 bytes
[2025-11-07T11:40:29.596326] [WARN] Slow query performance
[2025-11-07T11:40:29.596320] [INFO] Database query executed
[2025-11-07T11:40:29.596336] [DEBUG] Memory allocation: 2048 bytes
[2025-11-07T11:40:29.596315] [INFO] Database query executed
[2025-11-07T11:40:29.596325] [WARN] Queue size growing
[2025-11-07T11:40:29.596313] [INFO] Connection established
[2025-11-07T11:40:29.596330] [ERROR] Invalid input data
[2025-11-07T11:40:29.596303] [INFO] Transaction completed
[2025-11-07T11:40:29.596335] [DEBUG] Buffer size: 4096 bytes
[2025-11-07T11:40:29.596323] [WARN] Deprecated API usage
[2025-11-07T11:40:29.596316] [INFO] Request processed successfully
[2025-11-07T11:40:29.596309] [INFO] Health check passed
