[2025-11-07T11:40:29.310840] [DEBUG] Loop iteration: 15
[2025-11-07T11:40:29.310829] [INFO] Service initialized
[2025-11-07T11:40:29.310836] [INFO] Connection established
[2025-11-07T11:40:29.310821] [INFO] Service initialized
[2025-11-07T11:40:29.310839] [ERROR] Service unavailable
[2025-11-07T11:40:29.310824] [INFO] Configuration loaded
[2025-11-07T11:40:29.310843] [DEBUG] Thread pool size: 8
[2025-11-07T11:40:29.310827] [INFO] Session started
[2025-11-07T11:40:29.310828] [INFO] Configuration loaded
[2025-11-07T11:40:29.310841] [DEBUG] Loop iteration: 15
[2025-11-07T11:40:29.310845] [DEBUG] Cache key generated
[2025-11-07T11:40:29.310831] [INFO] Configuration loaded
[2025-11-07T11:40:29.310838] [ERROR] File not found
[2025-11-07T11:40:29.310830] [INFO] Session started
[2025-11-07T11:40:29.310842] [DEBUG] Connection pool status checked
[2025-11-07T11:40:29.310832] [INFO] Configuration loaded
[2025-11-07T11:40:29.310837] [WARN] Rate limit approaching
[2025-11-07T11:40:29.310826] [INFO] Configuration loaded
[2025-11-07T11:40:29.310846] [DEBUG] Cache key generated
[2025-11-07T11:40:29.310825] [INFO] Cache hit
[2025-11-07T11:40:29.310822] [INFO] Cache hit
[2025-11-07T11:40:29.310835] [INFO] Database query executed
[2025-11-07T11:40:29.310833] [INFO] Session started
[2025-11-07T11:40:29.310844] [DEBUG] Variable value: x=42
[2025-11-07T11:40:29.310831] [INFO] Transaction completed
[2025-11-07T11:40:29.310834] [INFO] User logged in
