[2025-11-07T11:40:29.709986] [INFO] Database query executed
[2025-11-07T11:40:29.710009] [DEBUG] HTTP request headers parsed
[2025-11-07T11:40:29.710008] [DEBUG] Buffer size: 4096 bytes
[2025-11-07T11:40:29.710010] [DEBUG] Buffer size: 4096 bytes
[2025-11-07T11:40:29.709995] [INFO] Configuration loaded
[2025-11-07T11:40:29.709983] [INFO] User logged in
[2025-11-07T11:40:29.709989] [INFO] Session started
[2025-11-07T11:40:29.709994] [INFO] Transaction completed
[2025-11-07T11:40:29.709998] [INFO] Configuration loaded
[2025-11-07T11:40:29.710005] [DEBUG] Connection pool status checked
[2025-11-07T11:40:29.709982] [INFO] Session started
[2025-11-07T11:40:29.710002] [ERROR] Authentication failed
[2025-11-07T11:40:29.709993] [INFO] Cache hit
[2025-11-07T11:40:29.709991] [INFO] Database query executed
[2025-11-07T11:40:29.709987] [INFO] Session started
[2025-11-07T11:40:29.710006] [DEBUG] Timer set: 30 seconds
[2025-11-07T11:40:29.710000] [WARN] Timeout warning
[2025-11-07T11:40:29.709985] [INFO] Transaction completed
[2025-11-07T11:40:29.709997] [INFO] User logged in
[2025-11-07T11:40:29.710007] [DEBUG] Cache key generated
[2025-11-07T11:40:29.709996] [INFO] Transaction completed
[2025-11-07T11:40:29.710011] [DEBUG] Loop iteration: 15
[2025-11-07T11:40:29.709999] [WARN] Timeout warning
[2025-11-07T11:40:29.709988] [INFO] Health check passed
[2025-11-07T11:40:29.710012] [DEBUG] Cache key generated
[2025-11-07T11:40:29.710004] [DEBUG] Cache key generated
[2025-11-07T11:40:29.709990] [INFO] Service initialized
[2025-11-07T11:40:29.710001] [WARN] Disk space low
[2025-11-07T11:40:29.710003] [ERROR] Disk read failed
[2025-11-07T11:40:29.709992] [INFO] Configuration loaded
