[2025-11-07T11:40:30.086598] [INFO] Request processed successfully
[2025-11-07T11:40:30.086621] [ERROR] Request failed
[2025-11-07T11:40:30.086606] [INFO] Database query executed
[2025-11-07T11:40:30.086604] [INFO] Request processed successfully
[2025-11-07T11:40:30.086624] [DEBUG] Cache key generated
[2025-11-07T11:40:30.086610] [INFO] Request processed successfully
[2025-11-07T11:40:30.086619] [WARN] Timeout warning
[2025-11-07T11:40:30.086618] [WARN] Connection retry attempt
[2025-11-07T11:40:30.086615] [WARN] Cache miss
[2025-11-07T11:40:30.086595] [INFO] Health check passed
[2025-11-07T11:40:30.086609] [INFO] Health check passed
[2025-11-07T11:40:30.086599] [INFO] Connection established
[2025-11-07T11:40:30.086627] [DEBUG] Variable value: x=42
[2025-11-07T11:40:30.086601] [INFO] Transaction completed
[2025-11-07T11:40:30.086596] [INFO] Configuration loaded
[2025-11-07T11:40:30.086623] [DEBUG] Cache key generated
[2025-11-07T11:40:30.086608] [INFO] Transaction completed
[2025-11-07T11:40:30.086620] [WARN] Rate limit approaching
[2025-11-07T11:40:30.086614] [WARN] Rate limit approaching
[2025-11-07T11:40:30.086622] [ERROR] Database connection lost
[2025-11-07T11:40:30.086625] [DEBUG] Variable value: x=42
[2025-11-07T11:40:30.086613] [WARN] Rate limit approaching
[2025-11-07T11:40:30.086611] [WARN] Deprecated API usage
[2025-11-07T11:40:30.086602] [INFO] Configuration loaded
[2025-11-07T11:40:30.086612] [WARN] Queue size growing
[2025-11-07T11:40:30.086606] [INFO] Connection established
[2025-11-07T11:40:30.086603] [INFO] Configuration loaded
[2025-11-07T11:40:30.086616] [WARN] Disk space low
[2025-11-07T11:40:30.086600] [INFO] Database query executed
[2025-11-07T11:40:30.086626] [DEBUG] Variable value: x=42
[2025-11-07T11:40:30.086605] [INFO] Connection established
[2025-11-07T11:40:30.086617] [WARN] Queue size growing
