[2025-11-07T11:40:30.336399] [INFO] Request processed successfully
[2025-11-07T11:40:30.336400] [INFO] Database query executed
[2025-11-07T11:40:30.336415] [INFO] Configuration loaded
[2025-11-07T11:40:30.336421] [INFO] Connection established
[2025-11-07T11:40:30.336426] [WARN] Slow query performance
[2025-11-07T11:40:30.336416] [INFO] Configuration loaded
[2025-11-07T11:40:30.336429] [WARN] Slow query performance
[2025-11-07T11:40:30.336425] [WARN] Deprecated API usage
[2025-11-07T11:40:30.336427] [WARN] Resource threshold approaching
[2025-11-07T11:40:30.336413] [INFO] Connection established
[2025-11-07T11:40:30.336421] [INFO] Connection established
[2025-11-07T11:40:30.336428] [WARN] Deprecated API usage
[2025-11-07T11:40:30.336436] [DEBUG] Cache key generated
[2025-11-07T11:40:30.336422] [INFO] Request processed successfully
[2025-11-07T11:40:30.336432] [ERROR] Database connection lost
[2025-11-07T11:40:30.336438] [DEBUG] Thread pool size: 8
[2025-11-07T11:40:30.336435] [DEBUG] Entering function process_data()
[2025-11-07T11:40:30.336434] [DEBUG] Timer set: 30 seconds
[2025-11-07T11:40:30.336398] [INFO] Cache hit
[2025-11-07T11:40:30.336423] [INFO] Transaction completed
[2025-11-07T11:40:30.336418] [INFO] Connection established
[2025-11-07T11:40:30.336402] [INFO] Database query executed
[2025-11-07T11:40:30.336431] [WARN] Slow query performance
[2025-11-07T11:40:30.336403] [INFO] User logged in
[2025-11-07T11:40:30.336418] [INFO] Health check passed
[2025-11-07T11:40:30.336417] [INFO] Service initialized
[2025-11-07T11:40:30.336437] [DEBUG] Cache key generated
[2025-11-07T11:40:30.336433] [DEBUG] Memory allocation: 2048 bytes
[2025-11-07T11:40:30.336414] [INFO] Transaction completed
[2025-11-07T11:40:30.336401] [INFO] Database query executed
[2025-11-07T11:40:30.336420] [INFO] Database query executed
[2025-11-07T11:40:30.336430] [WARN] Slow query performance
[2025-11-07T11:40:30.336404] [INFO] Configuration loaded
[2025-11-07T11:40:30.336439] [DEBUG] Connection pool status checked
