[2025-11-07T11:40:29.605395] [INFO] Configuration loaded
[2025-11-07T11:40:29.605398] [INFO] Connection established
[2025-11-07T11:40:29.605424] [DEBUG] Thread pool size: 8
[2025-11-07T11:40:29.605418] [DEBUG] Entering function process_data()
[2025-11-07T11:40:29.605411] [WARN] Deprecated API usage
[2025-11-07T11:40:29.605402] [INFO] Request processed successfully
[2025-11-07T11:40:29.605426] [DEBUG] Cache key generated
[2025-11-07T11:40:29.605393] [INFO] Health check passed
[2025-11-07T11:40:29.605414] [ERROR] Invalid input data
[2025-11-07T11:40:29.605409] [WARN] Rate limit approaching
[2025-11-07T11:40:29.605403] [INFO] Session started
[2025-11-07T11:40:29.605410] [WARN] Disk space low
[2025-11-07T11:40:29.605417] [DEBUG] Cache key generated
[2025-11-07T11:40:29.605408] [WARN] Connection retry attempt
[2025-11-07T11:40:29.605394] [INFO] Database query executed
[2025-11-07T11:40:29.605400] [INFO] Cache hit
[2025-11-07T11:40:29.605407] [INFO] Connection established
[2025-11-07T11:40:29.605396] [INFO] Cache hit
[2025-11-07T11:40:29.605423] [DEBUG] Memory allocation: 2048 bytes
[2025-11-07T11:40:29.605415] [DEBUG] Buffer size: 4096 bytes
[2025-11-07T11:40:29.605406] [INFO] Session started
[2025-11-07T11:40:29.605403] [INFO] Health check passed
[2025-11-07T11:40:29.605401] [INFO] Session started
[2025-11-07T11:40:29.605397] [INFO] Connection established
[2025-11-07T11:40:29.605420] [DEBUG] Buffer size: 4096 bytes
[2025-11-07T11:40:29.605427] [DEBUG] HTTP request headers parsed
[2025-11-07T11:40:29.605422] [DEBUG] Timer set: 30 seconds
[2025-11-07T11:40:29.605404] [INFO] Request processed successfully
[2025-11-07T11:40:29.605419] [DEBUG] Entering function process_data()
[2025-11-07T11:40:29.605421] [DEBUG] HTTP request headers parsed
[2025-11-07T11:40:29.605416] [DEBUG] Connection pool status checked
[2025-11-07T11:40:29.605412] [WARN] High memory usage detected
[2025-11-07T11:40:29.605425] [DEBUG] Connection pool status checked
[2025-11-07T11:40:29.605405] [INFO] Service initialized
