[2025-11-07T11:40:29.883093] [INFO] Connection established
[2025-11-07T11:40:29.883116] [DEBUG] Timer set: 30 seconds
[2025-11-07T11:40:29.883097] [INFO] Connection established
[2025-11-07T11:40:29.883088] [INFO] User logged in
[2025-11-07T11:40:29.883106] [ERROR] Service unavailable
[2025-11-07T11:40:29.883104] [WARN] Timeout warning
[2025-11-07T11:40:29.883108] [DEBUG] HTTP request headers parsed
[2025-11-07T11:40:29.883113] [DEBUG] Variable value: x=42
[2025-11-07T11:40:29.883114] [DEBUG] Connection pool status checked
[2025-11-07T11:40:29.883109] [DEBUG] Loop iteration: 15
[2025-11-07T11:40:29.883107] [ERROR] Memory allocation error
[2025-11-07T11:40:29.883091] [INFO] Configuration loaded
[2025-11-07T11:40:29.883095] [INFO] Transaction completed
[2025-11-07T11:40:29.883110] [DEBUG] Variable value: x=42
[2025-11-07T11:40:29.883100] [INFO] Database query executed
[2025-11-07T11:40:29.883098] [INFO] Configuration loaded
[2025-11-07T11:40:29.883094] [INFO] Service initialized
[2025-11-07T11:40:29.883089] [INFO] Configuration loaded
[2025-11-07T11:40:29.883099] [INFO] Cache hit
[2025-11-07T11:40:29.883101] [INFO] Transaction completed
[2025-11-07T11:40:29.883103] [WARN] Cache miss
[2025-11-07T11:40:29.883111] [DEBUG] Buffer size: 4096 bytes
[2025-11-07T11:40:29.883115] [DEBUG] Timer set: 30 seconds
[2025-11-07T11:40:29.883105] [WARN] Connection retry attempt
[2025-11-07T11:40:29.883087] [INFO] User logged in
[2025-11-07T11:40:29.883096] [INFO] Database query executed
[2025-11-07T11:40:29.883092] [INFO] User logged in
[2025-11-07T11:40:29.883115] [DEBUG] Memory allocation: 2048 bytes
[2025-11-07T11:40:29.883090] [INFO] Connection established
[2025-11-07T11:40:29.883102] [INFO] Database query executed
