[2025-11-07T11:40:30.170607] [WARN] Cache miss
[2025-11-07T11:40:30.170593] [INFO] Session started
[2025-11-07T11:40:30.170605] [WARN] Connection retry attempt
[2025-11-07T11:40:30.170595] [INFO] Database query executed
[2025-11-07T11:40:30.170609] [ERROR] Disk read failed
[2025-11-07T11:40:30.170594] [INFO] User logged in
[2025-11-07T11:40:30.170589] [INFO] Request processed successfully
[2025-11-07T11:40:30.170610] [ERROR] Service unavailable
[2025-11-07T11:40:30.170599] [INFO] Configuration loaded
[2025-11-07T11:40:30.170602] [INFO] Service initialized
[2025-11-07T11:40:30.170592] [INFO] Configuration loaded
[2025-11-07T11:40:30.170615] [DEBUG] Buffer size: 4096 bytes
[2025-11-07T11:40:30.170611] [DEBUG] Thread pool size: 8
[2025-11-07T11:40:30.170619] [DEBUG] Variable value: x=42
[2025-11-07T11:40:30.170613] [DEBUG] Loop iteration: 15
[2025-11-07T11:40:30.170614] [DEBUG] Variable value: x=42
[2025-11-07T11:40:30.170596] [INFO] User logged in
[2025-11-07T11:40:30.170604] [WARN] Timeout warning
[2025-11-07T11:40:30.170608] [WARN] Timeout warning
[2025-11-07T11:40:30.170590] [INFO] Transaction completed
[2025-11-07T11:40:30.170617] [DEBUG] Thread pool size: 8
[2025-11-07T11:40:30.170606] [WARN] Deprecated API usage
[2025-11-07T11:40:30.170618] [DEBUG] Thread pool size: 8
[2025-11-07T11:40:30.170616] [DEBUG] Timer set: 30 seconds
[2025-11-07T11:40:30.170600] [INFO] Transaction completed
[2025-11-07T11:40:30.170612] [DEBUG] Timer set: 30 seconds
[2025-11-07T11:40:30.170597] [INFO] Configuration loaded
[2025-11-07T11:40:30.170591] [INFO] Connection established
[2025-11-07T11:40:30.170603] [INFO] Configuration loaded
[2025-11-07T11:40:30.170601] [INFO] Connection established
[2025-11-07T11:40:30.170598] [INFO] Health check passed
