[2025-11-07T11:40:29.845749] [WARN] Disk space low
[2025-11-07T11:40:29.845746] [WARN] Slow query performance
[2025-11-07T11:40:29.845751] [DEBUG] Entering function process_data()
[2025-11-07T11:40:29.845744] [WARN] High memory usage detected
[2025-11-07T11:40:29.845756] [DEBUG] Timer set: 30 seconds
[2025-11-07T11:40:29.845743] [WARN] Deprecated API usage
[2025-11-07T11:40:29.845748] [WARN] High memory usage detected
[2025-11-07T11:40:29.845740] [INFO] Service initialized
[2025-11-07T11:40:29.845735] [INFO] Health check passed
[2025-11-07T11:40:29.845750] [ERROR] Invalid input data
[2025-11-07T11:40:29.845742] [INFO] Database query executed
[2025-11-07T11:40:29.845738] [INFO] Configuration loaded
[2025-11-07T11:40:29.845734] [INFO] Health check passed
[2025-11-07T11:40:29.845753] [DEBUG] Memory allocation: 2048 bytes
[2025-11-07T11:40:29.845741] [INFO] Request processed successfully
[2025-11-07T11:40:29.845733] [INFO] Cache hit
[2025-11-07T11:40:29.845732] [INFO] Cache hit
[2025-11-07T11:40:29.845747] [WARN] Cache miss
[2025-11-07T11:40:29.845736] [INFO] Request processed successfully
[2025-11-07T11:40:29.845755] [DEBUG] Loop iteration: 15
[2025-11-07T11:40:29.845741] [INFO] User logged in
[2025-11-07T11:40:29.845731] [INFO] Service initialized
[2025-11-07T11:40:29.845752] [DEBUG] Cache key generated
[2025-11-07T11:40:29.845739] [INFO] Cache hit
[2025-11-07T11:40:29.845754] [DEBUG] Memory allocation: 2048 bytes
[2025-11-07T11:40:29.845737] [INFO] Service initialized
