[2025-11-07T11:40:29.948993] [INFO] Health check passed
[2025-11-07T11:40:29.949003] [DEBUG] Cache key generated
[2025-11-07T11:40:29.949000] [WARN] Resource threshold approaching
[2025-11-07T11:40:29.948987] [INFO] Connection established
[2025-11-07T11:40:29.949008] [DEBUG] Entering function process_data()
[2025-11-07T11:40:29.948997] [INFO] User logged in
[2025-11-07T11:40:29.948992] [INFO] Health check passed
[2025-11-07T11:40:29.948994] [INFO] Configuration loaded
[2025-11-07T11:40:29.948991] [INFO] Session started
[2025-11-07T11:40:29.949007] [DEBUG] Entering function process_data()
[2025-11-07T11:40:29.948985] [INFO] Session started
[2025-11-07T11:40:29.949002] [ERROR] Authentication failed
[2025-11-07T11:40:29.948983] [INFO] Database query executed
[2025-11-07T11:40:29.949005] [DEBUG] Connection pool status checked
[2025-11-07T11:40:29.948989] [INFO] Service initialized
[2025-11-07T11:40:29.948990] [INFO] Service initialized
[2025-11-07T11:40:29.948998] [INFO] Database query executed
[2025-11-07T11:40:29.949004] [DEBUG] Thread pool size: 8
[2025-11-07T11:40:29.948988] [INFO] Configuration loaded
[2025-11-07T11:40:29.949010] [DEBUG] Variable value: x=42
[2025-11-07T11:40:29.948995] [INFO] Health check passed
[2025-11-07T11:40:29.948999] [WARN] Disk space low
[2025-11-07T11:40:29.948996] [INFO] User logged in
[2025-11-07T11:40:29.948986] [INFO] User logged in
[2025-11-07T11:40:29.949006] [DEBUG] Cache key generated
[2025-11-07T11:40:29.949009] [DEBUG] Memory allocation: 2048 bytes
[2025-11-07T11:40:29.949001] [ERROR] Memory allocation error
