[2025-11-07T11:40:29.330809] [WARN] Cache miss
[2025-11-07T11:40:29.330817] [DEBUG] HTTP request headers parsed
[2025-11-07T11:40:29.330808] [WARN] Slow query performance
[2025-11-07T11:40:29.330803] [INFO] Connection established
[2025-11-07T11:40:29.330796] [INFO] Transaction completed
[2025-11-07T11:40:29.330802] [INFO] Database query executed
[2025-11-07T11:40:29.330812] [DEBUG] Thread pool size: 8
[2025-11-07T11:40:29.330805] [INFO] Session started
[2025-11-07T11:40:29.330793] [INFO] Session started
[2025-11-07T11:40:29.330799] [INFO] Configuration loaded
[2025-11-07T11:40:29.330818] [DEBUG] Loop iteration: 15
[2025-11-07T11:40:29.330807] [WARN] Timeout warning
[2025-11-07T11:40:29.330820] [DEBUG] Thread pool size: 8
[2025-11-07T11:40:29.330795] [INFO] Request processed successfully
[2025-11-07T11:40:29.330797] [INFO] Cache hit
[2025-11-07T11:40:29.330798] [INFO] Cache hit
[2025-11-07T11:40:29.330806] [WARN] Connection retry attempt
[2025-11-07T11:40:29.330810] [WARN] Disk space low
[2025-11-07T11:40:29.330819] [DEBUG] Loop iteration: 15
[2025-11-07T11:40:29.330800] [INFO] Configuration loaded
[2025-11-07T11:40:29.330816] [DEBUG] Entering function process_data()
[2025-11-07T11:40:29.330814] [DEBUG] HTTP request headers parsed
[2025-11-07T11:40:29.330794] [INFO] Cache hit
[2025-11-07T11:40:29.330792] [INFO] Configuration loaded
[2025-11-07T11:40:29.330791] [INFO] Cache hit
[2025-11-07T11:40:29.330813] [DEBUG] Cache key generated
[2025-11-07T11:40:29.330815] [DEBUG] Timer set: 30 seconds
[2025-11-07T11:40:29.330804] [INFO] Cache hit
[2025-11-07T11:40:29.330801] [INFO] Session started
[2025-11-07T11:40:29.330811] [ERROR] Authentication failed
