[2025-11-07T11:40:29.527225] [INFO] Health check passed
[2025-11-07T11:40:29.527217] [INFO] Cache hit
[2025-11-07T11:40:29.527231] [WARN] Resource threshold approaching
[2025-11-07T11:40:29.527239] [DEBUG] Thread pool size: 8
[2025-11-07T11:40:29.527224] [INFO] Request processed successfully
[2025-11-07T11:40:29.527219] [INFO] Configuration loaded
[2025-11-07T11:40:29.527236] [DEBUG] Loop iteration: 15
[2025-11-07T11:40:29.527238] [DEBUG] Connection pool status checked
[2025-11-07T11:40:29.527220] [INFO] Transaction completed
[2025-11-07T11:40:29.527230] [WARN] Slow query performance
[2025-11-07T11:40:29.527233] [WARN] Rate limit approaching
[2025-11-07T11:40:29.527237] [DEBUG] Thread pool size: 8
[2025-11-07T11:40:29.527226] [INFO] User logged in
[2025-11-07T11:40:29.527232] [WARN] Resource threshold approaching
[2025-11-07T11:40:29.527244] [DEBUG] Connection pool status checked
[2025-11-07T11:40:29.527243] [DEBUG] Memory allocation: 2048 bytes
[2025-11-07T11:40:29.527235] [ERROR] File not found
[2025-11-07T11:40:29.527215] [INFO] Session started
[2025-11-07T11:40:29.527241] [DEBUG] Entering function process_data()
[2025-11-07T11:40:29.527218] [INFO] User logged in
[2025-11-07T11:40:29.527227] [INFO] Connection established
[2025-11-07T11:40:29.527228] [INFO] Database query executed
[2025-11-07T11:40:29.527229] [WARN] Slow query performance
[2025-11-07T11:40:29.527234] [ERROR] Service unavailable
[2025-11-07T11:40:29.527242] [DEBUG] Timer set: 30 seconds
[2025-11-07T11:40:29.527222] [INFO] Database query executed
[2025-11-07T11:40:29.527224] [INFO] Configuration loaded
[2025-11-07T11:40:29.527240] [DEBUG] Thread pool size: 8
[2025-11-07T11:40:29.527223] [INFO] Request processed successfully
[2025-11-07T11:40:29.527216] [INFO] User logged in
[2025-11-07T11:40:29.527213] [INFO] Transaction completed
[2025-11-07T11:40:29.527221] [INFO] Transaction completed
