[2025-11-07T11:40:30.307428] [INFO] Transaction completed
[2025-11-07T11:40:30.307431] [INFO] Health check passed
[2025-11-07T11:40:30.307440] [INFO] Session started
[2025-11-07T11:40:30.307448] [WARN] Rate limit approaching
[2025-11-07T11:40:30.307443] [INFO] Configuration loaded
[2025-11-07T11:40:30.307432] [INFO] User logged in
[2025-11-07T11:40:30.307429] [INFO] Configuration loaded
[2025-11-07T11:40:30.307463] [DEBUG] Cache key generated
[2025-11-07T11:40:30.307433] [INFO] Configuration loaded
[2025-11-07T11:40:30.307464] [DEBUG] Thread pool size: 8
[2025-11-07T11:40:30.307461] [DEBUG] HTTP request headers parsed
[2025-11-07T11:40:30.307460] [DEBUG] Loop iteration: 15
[2025-11-07T11:40:30.307458] [DEBUG] Thread pool size: 8
[2025-11-07T11:40:30.307450] [ERROR] File not found
[2025-11-07T11:40:30.307468] [DEBUG] Loop iteration: 15
[2025-11-07T11:40:30.307435] [INFO] Transaction completed
[2025-11-07T11:40:30.307434] [INFO] Request processed successfully
[2025-11-07T11:40:30.307451] [ERROR] Authentication failed
[2025-11-07T11:40:30.307456] [DEBUG] Timer set: 30 seconds
[2025-11-07T11:40:30.307466] [DEBUG] Timer set: 30 seconds
[2025-11-07T11:40:30.307427] [INFO] Request processed successfully
[2025-11-07T11:40:30.307437] [INFO] Session started
[2025-11-07T11:40:30.307444] [WARN] High memory usage detected
[2025-11-07T11:40:30.307465] [DEBUG] Memory allocation: 2048 bytes
[2025-11-07T11:40:30.307455] [DEBUG] Loop iteration: 15
[2025-11-07T11:40:30.307439] [INFO] Transaction completed
[2025-11-07T11:40:30.307447] [WARN] Disk space low
[2025-11-07T11:40:30.307430] [INFO] Request processed successfully
[2025-11-07T11:40:30.307452] [ERROR] Permission denied
[2025-11-07T11:40:30.307446] [WARN] Connection retry attempt
[2025-11-07T11:40:30.307454] [DEBUG] Buffer size: 4096 bytes
[2025-11-07T11:40:30.307438] [INFO] Session started
[2025-11-07T11:40:30.307459] [DEBUG] Connection pool status checked
[2025-11-07T11:40:30.307426] [INFO] Database query executed
[2025-11-07T11:40:30.307442] [INFO] Configuration loaded
