[2025-11-07T11:40:29.416733] [INFO] User logged in
[2025-11-07T11:40:29.416740] [DEBUG] HTTP request headers parsed
[2025-11-07T11:40:29.416731] [INFO] Database query executed
[2025-11-07T11:40:29.416739] [DEBUG] Buffer size: 4096 bytes
[2025-11-07T11:40:29.416735] [WARN] High memory usage detected
[2025-11-07T11:40:29.416734] [WARN] Rate limit approaching
[2025-11-07T11:40:29.416745] [DEBUG] Entering function process_data()
[2025-11-07T11:40:29.416736] [ERROR] Database connection lost
[2025-11-07T11:40:29.416746] [DEBUG] Connection pool status checked
[2025-11-07T11:40:29.416728] [INFO] Transaction completed
[2025-11-07T11:40:29.416743] [DEBUG] Timer set: 30 seconds
[2025-11-07T11:40:29.416732] [INFO] Transaction completed
[2025-11-07T11:40:29.416742] [DEBUG] Memory allocation: 2048 bytes
[2025-11-07T11:40:29.416725] [INFO] Session started
[2025-11-07T11:40:29.416738] [DEBUG] Variable value: x=42
[2025-11-07T11:40:29.416730] [INFO] Service initialized
[2025-11-07T11:40:29.416727] [INFO] User logged in
[2025-11-07T11:40:29.416744] [DEBUG] Buffer size: 4096 bytes
[2025-11-07T11:40:29.416741] [DEBUG] Thread pool size: 8
[2025-11-07T11:40:29.416726] [INFO] Transaction completed
[2025-11-07T11:40:29.416729] [INFO] Transaction completed
