[2025-11-07T11:40:29.419080] [DEBUG] Timer set: 30 seconds
[2025-11-07T11:40:29.419071] [WARN] Connection retry attempt
[2025-11-07T11:40:29.419054] [INFO] Database query executed
[2025-11-07T11:40:29.419072] [WARN] Resource threshold approaching
[2025-11-07T11:40:29.419068] [INFO] Health check passed
[2025-11-07T11:40:29.419082] [DEBUG] Cache key generated
[2025-11-07T11:40:29.419077] [DEBUG] Timer set: 30 seconds
[2025-11-07T11:40:29.419058] [INFO] Request processed successfully
[2025-11-07T11:40:29.419076] [DEBUG] Cache key generated
[2025-11-07T11:40:29.419067] [INFO] Request processed successfully
[2025-11-07T11:40:29.419073] [ERROR] Request failed
[2025-11-07T11:40:29.419078] [DEBUG] Buffer size: 4096 bytes
[2025-11-07T11:40:29.419055] [INFO] Cache hit
[2025-11-07T11:40:29.419070] [WARN] Slow query performance
[2025-11-07T11:40:29.419075] [DEBUG] Variable value: x=42
[2025-11-07T11:40:29.419064] [INFO] Request processed successfully
[2025-11-07T11:40:29.419074] [ERROR] Request failed
[2025-11-07T11:40:29.419081] [DEBUG] Thread pool size: 8
[2025-11-07T11:40:29.419079] [DEBUG] HTTP request headers parsed
[2025-11-07T11:40:29.419069] [WARN] Cache miss
[2025-11-07T11:40:29.419062] [INFO] Configuration loaded
[2025-11-07T11:40:29.419060] [INFO] Cache hit
[2025-11-07T11:40:29.419061] [INFO] User logged in
[2025-11-07T11:40:29.419059] [INFO] Configuration loaded
[2025-11-07T11:40:29.419062] [INFO] Connection established
[2025-11-07T11:40:29.419066] [INFO] Configuration loaded
[2025-11-07T11:40:29.419057] [INFO] Configuration loaded
[2025-11-07T11:40:29.419063] [INFO] Configuration loaded
[2025-11-07T11:40:29.419065] [INFO] Service initialized
