[2025-11-07T11:40:29.832053] [INFO] Transaction completed
[2025-11-07T11:40:29.832060] [WARN] Deprecated API usage
[2025-11-07T11:40:29.832066] [ERROR] Database connection lost
[2025-11-07T11:40:29.832051] [INFO] Transaction completed
[2025-11-07T11:40:29.832065] [WARN] Disk space low
[2025-11-07T11:40:29.832059] [WARN] Deprecated API usage
[2025-11-07T11:40:29.832063] [WARN] Slow query performance
[2025-11-07T11:40:29.832057] [INFO] Session started
[2025-11-07T11:40:29.832056] [INFO] Session started
[2025-11-07T11:40:29.832070] [DEBUG] Loop iteration: 15
[2025-11-07T11:40:29.832049] [INFO] Service initialized
[2025-11-07T11:40:29.832071] [DEBUG] Buffer size: 4096 bytes
[2025-11-07T11:40:29.832064] [WARN] Slow query performance
[2025-11-07T11:40:29.832050] [INFO] Session started
[2025-11-07T11:40:29.832073] [DEBUG] Buffer size: 4096 bytes
[2025-11-07T11:40:29.832067] [DEBUG] Entering function process_data()
[2025-11-07T11:40:29.832055] [INFO] Service initialized
[2025-11-07T11:40:29.832068] [DEBUG] HTTP request headers parsed
[2025-11-07T11:40:29.832046] [INFO] Connection established
[2025-11-07T11:40:29.832072] [DEBUG] Cache key generated
[2025-11-07T11:40:29.832052] [INFO] Connection established
[2025-11-07T11:40:29.832061] [WARN] Connection retry attempt
[2025-11-07T11:40:29.832047] [INFO] User logged in
[2025-11-07T11:40:29.832062] [WARN] Timeout warning
[2025-11-07T11:40:29.832045] [INFO] Cache hit
[2025-11-07T11:40:29.832069] [DEBUG] Loop iteration: 15
[2025-11-07T11:40:29.832058] [INFO] Transaction completed
[2025-11-07T11:40:29.832044] [INFO] Service initialized
[2025-11-07T11:40:29.832048] [INFO] Connection established
[2025-11-07T11:40:29.832054] [INFO] Service initialized
