[2025-11-07T11:40:30.099834] [INFO] User logged in
[2025-11-07T11:40:30.099822] [INFO] Session started
[2025-11-07T11:40:30.099823] [INFO] Cache hit
[2025-11-07T11:40:30.099847] [DEBUG] Loop iteration: 15
[2025-11-07T11:40:30.099851] [DEBUG] Loop iteration: 15
[2025-11-07T11:40:30.099836] [INFO] Health check passed
[2025-11-07T11:40:30.099849] [DEBUG] Thread pool size: 8
[2025-11-07T11:40:30.099851] [DEBUG] Variable value: x=42
[2025-11-07T11:40:30.099829] [INFO] Request processed successfully
[2025-11-07T11:40:30.099839] [WARN] Timeout warning
[2025-11-07T11:40:30.099843] [DEBUG] Loop iteration: 15
[2025-11-07T11:40:30.099833] [INFO] User logged in
[2025-11-07T11:40:30.099848] [DEBUG] Cache key generated
[2025-11-07T11:40:30.099843] [DEBUG] Memory allocation: 2048 bytes
[2025-11-07T11:40:30.099825] [INFO] Connection established
[2025-11-07T11:40:30.099828] [INFO] Service initialized
[2025-11-07T11:40:30.099824] [INFO] Transaction completed
[2025-11-07T11:40:30.099837] [WARN] Connection retry attempt
[2025-11-07T11:40:30.099826] [INFO] Transaction completed
[2025-11-07T11:40:30.099838] [WARN] Queue size growing
[2025-11-07T11:40:30.099845] [DEBUG] Memory allocation: 2048 bytes
[2025-11-07T11:40:30.099846] [DEBUG] Variable value: x=42
[2025-11-07T11:40:30.099840] [WARN] Connection retry attempt
[2025-11-07T11:40:30.099827] [INFO] Health check passed
[2025-11-07T11:40:30.099847] [DEBUG] Thread pool size: 8
[2025-11-07T11:40:30.099835] [INFO] Request processed successfully
[2025-11-07T11:40:30.099830] [INFO] Database query executed
[2025-11-07T11:40:30.099832] [INFO] Transaction completed
[2025-11-07T11:40:30.099841] [ERROR] Invalid input data
[2025-11-07T11:40:30.099831] [INFO] User logged in
