[2025-11-07T11:40:29.776048] [DEBUG] Memory allocation: 2048 bytes
[2025-11-07T11:40:29.776039] [WARN] Slow query performance
[2025-11-07T11:40:29.776025] [INFO] Session started
[2025-11-07T11:40:29.776040] [ERROR] Service unavailable
[2025-11-07T11:40:29.776041] [DEBUG] Cache key generated
[2025-11-07T11:40:29.776045] [DEBUG] Entering function process_data()
[2025-11-07T11:40:29.776047] [DEBUG] Loop iteration: 15
[2025-11-07T11:40:29.776024] [INFO] Request processed successfully
[2025-11-07T11:40:29.776035] [WARN] High memory usage detected
[2025-11-07T11:40:29.776023] [INFO] Transaction completed
[2025-11-07T11:40:29.776018] [INFO] Health check passed
[2025-11-07T11:40:29.776044] [DEBUG] Entering function process_data()
[2025-11-07T11:40:29.776038] [WARN] Queue size growing
[2025-11-07T11:40:29.776032] [INFO] Connection established
[2025-11-07T11:40:29.776030] [INFO] Health check passed
[2025-11-07T11:40:29.776031] [INFO] User logged in
[2025-11-07T11:40:29.776021] [INFO] Cache hit
[2025-11-07T11:40:29.776020] [INFO] Configuration loaded
[2025-11-07T11:40:29.776022] [INFO] User logged in
[2025-11-07T11:40:29.776027] [INFO] Database query executed
[2025-11-07T11:40:29.776034] [INFO] Session started
[2025-11-07T11:40:29.776029] [INFO] Request processed successfully
[2025-11-07T11:40:29.776028] [INFO] Connection established
[2025-11-07T11:40:29.776043] [DEBUG] HTTP request headers parsed
[2025-11-07T11:40:29.776042] [DEBUG] Buffer size: 4096 bytes
[2025-11-07T11:40:29.776036] [WARN] Deprecated API usage
[2025-11-07T11:40:29.776026] [INFO] Configuration loaded
[2025-11-07T11:40:29.776046] [DEBUG] Memory allocation: 2048 bytes
[2025-11-07T11:40:29.776049] [DEBUG] Variable value: x=42
[2025-11-07T11:40:29.776037] [WARN] Timeout warning
