[2025-11-07T11:40:29.780681] [WARN] Cache miss
[2025-11-07T11:40:29.780685] [DEBUG] Connection pool status checked
[2025-11-07T11:40:29.780676] [INFO] Configuration loaded
[2025-11-07T11:40:29.780679] [WARN] Slow query performance
[2025-11-07T11:40:29.780667] [INFO] Configuration loaded
[2025-11-07T11:40:29.780672] [INFO] Session started
[2025-11-07T11:40:29.780696] [DEBUG] Thread pool size: 8
[2025-11-07T11:40:29.780689] [DEBUG] Entering function process_data()
[2025-11-07T11:40:29.780691] [DEBUG] Memory allocation: 2048 bytes
[2025-11-07T11:40:29.780673] [INFO] Configuration loaded
[2025-11-07T11:40:29.780684] [ERROR] Service unavailable
[2025-11-07T11:40:29.780668] [INFO] Service initialized
[2025-11-07T11:40:29.780677] [INFO] Service initialized
[2025-11-07T11:40:29.780680] [WARN] Cache miss
[2025-11-07T11:40:29.780665] [INFO] Database query executed
[2025-11-07T11:40:29.780693] [DEBUG] Memory allocation: 2048 bytes
[2025-11-07T11:40:29.780664] [INFO] Service initialized
[2025-11-07T11:40:29.780670] [INFO] Health check passed
[2025-11-07T11:40:29.780690] [DEBUG] Memory allocation: 2048 bytes
[2025-11-07T11:40:29.780695] [DEBUG] Connection pool status checked
[2025-11-07T11:40:29.780683] [ERROR] Request failed
[2025-11-07T11:40:29.780692] [DEBUG] Connection pool status checked
[2025-11-07T11:40:29.780675] [INFO] Connection established
[2025-11-07T11:40:29.780669] [INFO] Cache hit
[2025-11-07T11:40:29.780663] [INFO] Database query executed
[2025-11-07T11:40:29.780687] [DEBUG] Cache key generated
[2025-11-07T11:40:29.780686] [DEBUG] Entering function process_data()
[2025-11-07T11:40:29.780688] [DEBUG] Timer set: 30 seconds
[2025-11-07T11:40:29.780674] [INFO] Database query executed
[2025-11-07T11:40:29.780694] [DEBUG] Loop iteration: 15
[2025-11-07T11:40:29.780677] [INFO] Health check passed
[2025-11-07T11:40:29.780681] [WARN] Timeout warning
[2025-11-07T11:40:29.780671] [INFO] Transaction completed
