[2025-11-07T11:40:29.558352] [INFO] Service initialized
[2025-11-07T11:40:29.558349] [INFO] Request processed successfully
[2025-11-07T11:40:29.558369] [DEBUG] Entering function process_data()
[2025-11-07T11:40:29.558366] [DEBUG] Cache key generated
[2025-11-07T11:40:29.558373] [DEBUG] Buffer size: 4096 bytes
[2025-11-07T11:40:29.558360] [WARN] Deprecated API usage
[2025-11-07T11:40:29.558348] [INFO] Configuration loaded
[2025-11-07T11:40:29.558356] [INFO] User logged in
[2025-11-07T11:40:29.558364] [ERROR] Authentication failed
[2025-11-07T11:40:29.558350] [INFO] Configuration loaded
[2025-11-07T11:40:29.558371] [DEBUG] Memory allocation: 2048 bytes
[2025-11-07T11:40:29.558354] [INFO] Transaction completed
[2025-11-07T11:40:29.558347] [INFO] Health check passed
[2025-11-07T11:40:29.558345] [INFO] Request processed successfully
[2025-11-07T11:40:29.558358] [INFO] Cache hit
[2025-11-07T11:40:29.558372] [DEBUG] Memory allocation: 2048 bytes
[2025-11-07T11:40:29.558355] [INFO] Health check passed
[2025-11-07T11:40:29.558351] [INFO] Configuration loaded
[2025-11-07T11:40:29.558367] [DEBUG] Timer set: 30 seconds
[2025-11-07T11:40:29.558363] [WARN] Connection retry attempt
[2025-11-07T11:40:29.558370] [DEBUG] Thread pool size: 8
[2025-11-07T11:40:29.558365] [ERROR] Database connection lost
[2025-11-07T11:40:29.558362] [WARN] Rate limit approaching
[2025-11-07T11:40:29.558371] [DEBUG] Loop iteration: 15
[2025-11-07T11:40:29.558374] [DEBUG] Thread pool size: 8
[2025-11-07T11:40:29.558343] [INFO] Session started
[2025-11-07T11:40:29.558353] [INFO] Request processed successfully
[2025-11-07T11:40:29.558357] [INFO] User logged in
[2025-11-07T11:40:29.558361] [WARN] Slow query performance
[2025-11-07T11:40:29.558346] [INFO] Database query executed
[2025-11-07T11:40:29.558359] [WARN] High memory usage detected
