[2025-11-07T11:40:29.983772] [ERROR] Service unavailable
[2025-11-07T11:40:29.983769] [WARN] Queue size growing
[2025-11-07T11:40:29.983760] [INFO] Health check passed
[2025-11-07T11:40:29.983761] [INFO] Health check passed
[2025-11-07T11:40:29.983768] [WARN] Queue size growing
[2025-11-07T11:40:29.983770] [WARN] Disk space low
[2025-11-07T11:40:29.983753] [INFO] Configuration loaded
[2025-11-07T11:40:29.983765] [INFO] Health check passed
[2025-11-07T11:40:29.983781] [DEBUG] HTTP request headers parsed
[2025-11-07T11:40:29.983776] [DEBUG] Loop iteration: 15
[2025-11-07T11:40:29.983756] [INFO] Request processed successfully
[2025-11-07T11:40:29.983782] [DEBUG] Entering function process_data()
[2025-11-07T11:40:29.983771] [WARN] Deprecated API usage
[2025-11-07T11:40:29.983775] [DEBUG] Timer set: 30 seconds
[2025-11-07T11:40:29.983766] [INFO] Request processed successfully
[2025-11-07T11:40:29.983758] [INFO] Database query executed
[2025-11-07T11:40:29.983762] [INFO] Database query executed
[2025-11-07T11:40:29.983763] [INFO] Session started
[2025-11-07T11:40:29.983759] [INFO] Transaction completed
[2025-11-07T11:40:29.983777] [DEBUG] Cache key generated
[2025-11-07T11:40:29.983754] [INFO] Transaction completed
[2025-11-07T11:40:29.983767] [WARN] Disk space low
[2025-11-07T11:40:29.983752] [INFO] Health check passed
[2025-11-07T11:40:29.983780] [DEBUG] Variable value: x=42
[2025-11-07T11:40:29.983773] [ERROR] Authentication failed
[2025-11-07T11:40:29.983779] [DEBUG] Memory allocation: 2048 bytes
[2025-11-07T11:40:29.983778] [DEBUG] Cache key generated
[2025-11-07T11:40:29.983764] [INFO] Transaction completed
[2025-11-07T11:40:29.983751] [INFO] Cache hit
[2025-11-07T11:40:29.983757] [INFO] Request processed successfully
