[2025-11-07T11:40:30.031468] [INFO] Health check passed
[2025-11-07T11:40:30.031475] [INFO] Transaction completed
[2025-11-07T11:40:30.031463] [INFO] Configuration loaded
[2025-11-07T11:40:30.031487] [DEBUG] Cache key generated
[2025-11-07T11:40:30.031479] [WARN] Slow query performance
[2025-11-07T11:40:30.031481] [ERROR] File not found
[2025-11-07T11:40:30.031491] [DEBUG] Thread pool size: 8
[2025-11-07T11:40:30.031478] [WARN] Resource threshold approaching
[2025-11-07T11:40:30.031471] [INFO] Database query executed
[2025-11-07T11:40:30.031476] [WARN] Deprecated API usage
[2025-11-07T11:40:30.031473] [INFO] Health check passed
[2025-11-07T11:40:30.031484] [DEBUG] Entering function process_data()
[2025-11-07T11:40:30.031459] [INFO] Health check passed
[2025-11-07T11:40:30.031490] [DEBUG] Memory allocation: 2048 bytes
[2025-11-07T11:40:30.031490] [DEBUG] Variable value: x=42
[2025-11-07T11:40:30.031467] [INFO] Transaction completed
[2025-11-07T11:40:30.031465] [INFO] Configuration loaded
[2025-11-07T11:40:30.031492] [DEBUG] Thread pool size: 8
[2025-11-07T11:40:30.031485] [DEBUG] Cache key generated
[2025-11-07T11:40:30.031466] [INFO] User logged in
[2025-11-07T11:40:30.031488] [DEBUG] Connection pool status checked
[2025-11-07T11:40:30.031477] [WARN] Rate limit approaching
[2025-11-07T11:40:30.031464] [INFO] Configuration loaded
[2025-11-07T11:40:30.031461] [INFO] Request processed successfully
[2025-11-07T11:40:30.031486] [DEBUG] Cache key generated
[2025-11-07T11:40:30.031470] [INFO] Health check passed
[2025-11-07T11:40:30.031472] [INFO] Transaction completed
[2025-11-07T11:40:30.031482] [DEBUG] Thread pool size: 8
[2025-11-07T11:40:30.031480] [ERROR] Database connection lost
[2025-11-07T11:40:30.031489] [DEBUG] Memory allocation: 2048 bytes
[2025-11-07T11:40:30.031458] [INFO] Health check passed
[2025-11-07T11:40:30.031474] [INFO] Transaction completed
[2025-11-07T11:40:30.031460] [INFO] User logged in
[2025-11-07T11:40:30.031469] [INFO] Connection established
[2025-11-07T11:40:30.031483] [DEBUG] Cache key generated
[2025-11-07T11:40:30.031462] [INFO] Cache hit
