[2025-11-07T11:40:29.961902] [ERROR] Invalid input data
[2025-11-07T11:40:29.961887] [INFO] Cache hit
[2025-11-07T11:40:29.961897] [WARN] Resource threshold approaching
[2025-11-07T11:40:29.961888] [INFO] Request processed successfully
[2025-11-07T11:40:29.961905] [DEBUG] Buffer size: 4096 bytes
[2025-11-07T11:40:29.961911] [DEBUG] Buffer size: 4096 bytes
[2025-11-07T11:40:29.961879] [INFO] User logged in
[2025-11-07T11:40:29.961878] [INFO] Transaction completed
[2025-11-07T11:40:29.961896] [INFO] User logged in
[2025-11-07T11:40:29.961894] [INFO] Connection established
[2025-11-07T11:40:29.961908] [DEBUG] Buffer size: 4096 bytes
[2025-11-07T11:40:29.961892] [INFO] Database query executed
[2025-11-07T11:40:29.961909] [DEBUG] Memory allocation: 2048 bytes
[2025-11-07T11:40:29.961903] [DEBUG] Memory allocation: 2048 bytes
[2025-11-07T11:40:29.961900] [WARN] Deprecated API usage
[2025-11-07T11:40:29.961885] [INFO] Session started
[2025-11-07T11:40:29.961889] [INFO] Cache hit
[2025-11-07T11:40:29.961893] [INFO] Configuration loaded
[2025-11-07T11:40:29.961891] [INFO] Health check passed
[2025-11-07T11:40:29.961890] [INFO] User logged in
[2025-11-07T11:40:29.961899] [WARN] Cache miss
[2025-11-07T11:40:29.961876] [INFO] Configuration loaded
[2025-11-07T11:40:29.961877] [INFO] Health check passed
[2025-11-07T11:40:29.961884] [INFO] Health check passed
[2025-11-07T11:40:29.961880] [INFO] Cache hit
[2025-11-07T11:40:29.961906] [DEBUG] Loop iteration: 15
[2025-11-07T11:40:29.961895] [INFO] Service initialized
[2025-11-07T11:40:29.961907] [DEBUG] Connection pool status checked
[2025-11-07T11:40:29.961901] [ERROR] Invalid input data
[2025-11-07T11:40:29.961910] [DEBUG] Variable value: x=42
[2025-11-07T11:40:29.961904] [DEBUG] Timer set: 30 seconds
[2025-11-07T11:40:29.961898] [WARN] Queue size growing
[2025-11-07T11:40:29.961886] [INFO] Session started
