[2025-11-07T11:40:29.362455] [INFO] Database query executed
[2025-11-07T11:40:29.362464] [INFO] Cache hit
[2025-11-07T11:40:29.362457] [INFO] Session started
[2025-11-07T11:40:29.362481] [DEBUG] HTTP request headers parsed
[2025-11-07T11:40:29.362468] [WARN] Slow query performance
[2025-11-07T11:40:29.362462] [INFO] Service initialized
[2025-11-07T11:40:29.362466] [INFO] Service initialized
[2025-11-07T11:40:29.362474] [ERROR] Disk read failed
[2025-11-07T11:40:29.362476] [DEBUG] Cache key generated
[2025-11-07T11:40:29.362456] [INFO] Request processed successfully
[2025-11-07T11:40:29.362475] [DEBUG] HTTP request headers parsed
[2025-11-07T11:40:29.362463] [INFO] Request processed successfully
[2025-11-07T11:40:29.362465] [INFO] Transaction completed
[2025-11-07T11:40:29.362458] [INFO] Session started
[2025-11-07T11:40:29.362454] [INFO] Session started
[2025-11-07T11:40:29.362482] [DEBUG] Memory allocation: 2048 bytes
[2025-11-07T11:40:29.362480] [DEBUG] Memory allocation: 2048 bytes
[2025-11-07T11:40:29.362461] [INFO] Service initialized
[2025-11-07T11:40:29.362453] [INFO] Session started
[2025-11-07T11:40:29.362460] [INFO] Database query executed
[2025-11-07T11:40:29.362464] [INFO] Configuration loaded
[2025-11-07T11:40:29.362471] [WARN] Connection retry attempt
[2025-11-07T11:40:29.362480] [DEBUG] HTTP request headers parsed
[2025-11-07T11:40:29.362472] [WARN] Rate limit approaching
[2025-11-07T11:40:29.362473] [ERROR] File not found
[2025-11-07T11:40:29.362459] [INFO] Connection established
[2025-11-07T11:40:29.362469] [WARN] Rate limit approaching
[2025-11-07T11:40:29.362470] [WARN] Disk space low
[2025-11-07T11:40:29.362478] [DEBUG] HTTP request headers parsed
[2025-11-07T11:40:29.362479] [DEBUG] Variable value: x=42
[2025-11-07T11:40:29.362477] [DEBUG] Entering function process_data()
