[2025-11-07T11:40:29.632870] [DEBUG] Loop iteration: 15
[2025-11-07T11:40:29.632849] [INFO] Session started
[2025-11-07T11:40:29.632858] [INFO] Service initialized
[2025-11-07T11:40:29.632871] [DEBUG] Buffer size: 4096 bytes
[2025-11-07T11:40:29.632855] [INFO] Database query executed
[2025-11-07T11:40:29.632854] [INFO] Session started
[2025-11-07T11:40:29.632856] [INFO] Session started
[2025-11-07T11:40:29.632868] [DEBUG] Loop iteration: 15
[2025-11-07T11:40:29.632844] [INFO] Configuration loaded
[2025-11-07T11:40:29.632866] [DEBUG] Connection pool status checked
[2025-11-07T11:40:29.632863] [WARN] Cache miss
[2025-11-07T11:40:29.632857] [INFO] Session started
[2025-11-07T11:40:29.632847] [INFO] Transaction completed
[2025-11-07T11:40:29.632861] [WARN] Rate limit approaching
[2025-11-07T11:40:29.632859] [INFO] Connection established
[2025-11-07T11:40:29.632842] [INFO] Session started
[2025-11-07T11:40:29.632850] [INFO] Health check passed
[2025-11-07T11:40:29.632869] [DEBUG] Entering function process_data()
[2025-11-07T11:40:29.632846] [INFO] Transaction completed
[2025-11-07T11:40:29.632865] [ERROR] File not found
[2025-11-07T11:40:29.632862] [WARN] Cache miss
[2025-11-07T11:40:29.632845] [INFO] Session started
[2025-11-07T11:40:29.632848] [INFO] Connection established
[2025-11-07T11:40:29.632856] [INFO] Connection established
[2025-11-07T11:40:29.632853] [INFO] User logged in
[2025-11-07T11:40:29.632851] [INFO] Database query executed
[2025-11-07T11:40:29.632852] [INFO] Request processed successfully
[2025-11-07T11:40:29.632867] [DEBUG] Cache key generated
[2025-11-07T11:40:29.632860] [WARN] Resource threshold approaching
