[2025-11-07T11:40:29.672752] [INFO] Health check passed
[2025-11-07T11:40:29.672755] [INFO] User logged in
[2025-11-07T11:40:29.672765] [INFO] Database query executed
[2025-11-07T11:40:29.672770] [DEBUG] Variable value: x=42
[2025-11-07T11:40:29.672753] [INFO] Configuration loaded
[2025-11-07T11:40:29.672767] [ERROR] Memory allocation error
[2025-11-07T11:40:29.672766] [WARN] Connection retry attempt
[2025-11-07T11:40:29.672777] [DEBUG] Cache key generated
[2025-11-07T11:40:29.672776] [DEBUG] Cache key generated
[2025-11-07T11:40:29.672757] [INFO] Health check passed
[2025-11-07T11:40:29.672773] [DEBUG] Variable value: x=42
[2025-11-07T11:40:29.672756] [INFO] Connection established
[2025-11-07T11:40:29.672761] [INFO] Service initialized
[2025-11-07T11:40:29.672760] [INFO] Configuration loaded
[2025-11-07T11:40:29.672758] [INFO] Configuration loaded
[2025-11-07T11:40:29.672764] [INFO] Session started
[2025-11-07T11:40:29.672754] [INFO] Service initialized
[2025-11-07T11:40:29.672771] [DEBUG] HTTP request headers parsed
[2025-11-07T11:40:29.672762] [INFO] Connection established
[2025-11-07T11:40:29.672774] [DEBUG] Variable value: x=42
[2025-11-07T11:40:29.672759] [INFO] Transaction completed
[2025-11-07T11:40:29.672775] [DEBUG] Timer set: 30 seconds
[2025-11-07T11:40:29.672772] [DEBUG] Loop iteration: 15
[2025-11-07T11:40:29.672763] [INFO] Service initialized
[2025-11-07T11:40:29.672768] [ERROR] Disk read failed
[2025-11-07T11:40:29.672775] [DEBUG] Loop iteration: 15
