[2025-11-07T11:40:29.993362] [INFO] User logged in
[2025-11-07T11:40:29.993371] [INFO] Session started
[2025-11-07T11:40:29.993369] [INFO] Cache hit
[2025-11-07T11:40:29.993358] [INFO] User logged in
[2025-11-07T11:40:29.993375] [WARN] Rate limit approaching
[2025-11-07T11:40:29.993378] [ERROR] Database connection lost
[2025-11-07T11:40:29.993367] [INFO] Connection established
[2025-11-07T11:40:29.993384] [DEBUG] Memory allocation: 2048 bytes
[2025-11-07T11:40:29.993380] [DEBUG] Loop iteration: 15
[2025-11-07T11:40:29.993366] [INFO] Service initialized
[2025-11-07T11:40:29.993372] [INFO] Health check passed
[2025-11-07T11:40:29.993377] [WARN] Cache miss
[2025-11-07T11:40:29.993359] [INFO] Request processed successfully
[2025-11-07T11:40:29.993363] [INFO] Session started
[2025-11-07T11:40:29.993374] [WARN] Connection retry attempt
[2025-11-07T11:40:29.993365] [INFO] Session started
[2025-11-07T11:40:29.993360] [INFO] Configuration loaded
[2025-11-07T11:40:29.993366] [INFO] User logged in
[2025-11-07T11:40:29.993368] [INFO] Transaction completed
[2025-11-07T11:40:29.993376] [WARN] Rate limit approaching
[2025-11-07T11:40:29.993383] [DEBUG] Timer set: 30 seconds
[2025-11-07T11:40:29.993370] [INFO] Transaction completed
[2025-11-07T11:40:29.993382] [DEBUG] Variable value: x=42
[2025-11-07T11:40:29.993361] [INFO] Transaction completed
[2025-11-07T11:40:29.993381] [DEBUG] Connection pool status checked
[2025-11-07T11:40:29.993373] [INFO] Configuration loaded
