[2025-11-07T11:40:29.910668] [DEBUG] Loop iteration: 15
[2025-11-07T11:40:29.910652] [INFO] Transaction completed
[2025-11-07T11:40:29.910663] [WARN] Queue size growing
[2025-11-07T11:40:29.910667] [DEBUG] Connection pool status checked
[2025-11-07T11:40:29.910651] [INFO] Request processed successfully
[2025-11-07T11:40:29.910666] [ERROR] Network timeout
[2025-11-07T11:40:29.910675] [DEBUG] Loop iteration: 15
[2025-11-07T11:40:29.910645] [INFO] Configuration loaded
[2025-11-07T11:40:29.910650] [INFO] Service initialized
[2025-11-07T11:40:29.910660] [INFO] Transaction completed
[2025-11-07T11:40:29.910655] [INFO] Health check passed
[2025-11-07T11:40:29.910658] [INFO] Session started
[2025-11-07T11:40:29.910662] [WARN] Queue size growing
[2025-11-07T11:40:29.910669] [DEBUG] Thread pool size: 8
[2025-11-07T11:40:29.910673] [DEBUG] Loop iteration: 15
[2025-11-07T11:40:29.910648] [INFO] Connection established
[2025-11-07T11:40:29.910647] [INFO] Connection established
[2025-11-07T11:40:29.910657] [INFO] Service initialized
[2025-11-07T11:40:29.910672] [DEBUG] Timer set: 30 seconds
[2025-11-07T11:40:29.910676] [DEBUG] Thread pool size: 8
[2025-11-07T11:40:29.910665] [ERROR] Service unavailable
[2025-11-07T11:40:29.910656] [INFO] Health check passed
[2025-11-07T11:40:29.910644] [INFO] Database query executed
[2025-11-07T11:40:29.910649] [INFO] Request processed successfully
[2025-11-07T11:40:29.910653] [INFO] Request processed successfully
[2025-11-07T11:40:29.910670] [DEBUG] Cache key generated
[2025-11-07T11:40:29.910654] [INFO] Database query executed
[2025-11-07T11:40:29.910664] [WARN] Resource threshold approaching
[2025-11-07T11:40:29.910659] [INFO] Connection established
[2025-11-07T11:40:29.910661] [WARN] Deprecated API usage
[2025-11-07T11:40:29.910674] [DEBUG] Memory allocation: 2048 bytes
