[2025-11-07T11:40:30.055845] [INFO] Health check passed
[2025-11-07T11:40:30.055841] [INFO] Service initialized
[2025-11-07T11:40:30.055859] [WARN] Slow query performance
[2025-11-07T11:40:30.055844] [INFO] Health check passed
[2025-11-07T11:40:30.055852] [INFO] Session started
[2025-11-07T11:40:30.055863] [DEBUG] Cache key generated
[2025-11-07T11:40:30.055869] [DEBUG] Connection pool status checked
[2025-11-07T11:40:30.055849] [INFO] Connection established
[2025-11-07T11:40:30.055866] [DEBUG] Loop iteration: 15
[2025-11-07T11:40:30.055857] [INFO] Request processed successfully
[2025-11-07T11:40:30.055871] [DEBUG] Entering function process_data()
[2025-11-07T11:40:30.055865] [DEBUG] Entering function process_data()
[2025-11-07T11:40:30.055846] [INFO] User logged in
[2025-11-07T11:40:30.055847] [INFO] Health check passed
[2025-11-07T11:40:30.055848] [INFO] Transaction completed
[2025-11-07T11:40:30.055850] [INFO] User logged in
[2025-11-07T11:40:30.055854] [INFO] Database query executed
[2025-11-07T11:40:30.055868] [DEBUG] Timer set: 30 seconds
[2025-11-07T11:40:30.055856] [INFO] User logged in
[2025-11-07T11:40:30.055853] [INFO] Transaction completed
[2025-11-07T11:40:30.055851] [INFO] Connection established
[2025-11-07T11:40:30.055843] [INFO] Session started
[2025-11-07T11:40:30.055861] [ERROR] Service unavailable
[2025-11-07T11:40:30.055867] [DEBUG] Timer set: 30 seconds
[2025-11-07T11:40:30.055862] [ERROR] File not found
[2025-11-07T11:40:30.055864] [DEBUG] Entering function process_data()
[2025-11-07T11:40:30.055870] [DEBUG] Variable value: x=42
[2025-11-07T11:40:30.055860] [WARN] Connection retry attempt
[2025-11-07T11:40:30.055842] [INFO] Request processed successfully
[2025-11-07T11:40:30.055858] [INFO] Health check passed
[2025-11-07T11:40:30.055855] [INFO] Database query executed
