[2025-11-07T11:40:30.193527] [WARN] Disk space low
[2025-11-07T11:40:30.193514] [INFO] Transaction completed
[2025-11-07T11:40:30.193523] [INFO] Health check passed
[2025-11-07T11:40:30.193518] [INFO] Request processed successfully
[2025-11-07T11:40:30.193520] [INFO] Transaction completed
[2025-11-07T11:40:30.193532] [ERROR] File not found
[2025-11-07T11:40:30.193509] [INFO] Cache hit
[2025-11-07T11:40:30.193526] [WARN] High memory usage detected
[2025-11-07T11:40:30.193513] [INFO] Health check passed
[2025-11-07T11:40:30.193517] [INFO] Database query executed
[2025-11-07T11:40:30.193519] [INFO] Health check passed
[2025-11-07T11:40:30.193521] [INFO] Service initialized
[2025-11-07T11:40:30.193516] [INFO] Database query executed
[2025-11-07T11:40:30.193511] [INFO] Cache hit
[2025-11-07T11:40:30.193512] [INFO] Session started
[2025-11-07T11:40:30.193515] [INFO] Transaction completed
[2025-11-07T11:40:30.193525] [INFO] Database query executed
[2025-11-07T11:40:30.193530] [WARN] Cache miss
[2025-11-07T11:40:30.193535] [DEBUG] Thread pool size: 8
[2025-11-07T11:40:30.193529] [WARN] High memory usage detected
[2025-11-07T11:40:30.193533] [DEBUG] Loop iteration: 15
[2025-11-07T11:40:30.193508] [INFO] User logged in
[2025-11-07T11:40:30.193510] [INFO] Cache hit
[2025-11-07T11:40:30.193528] [WARN] Timeout warning
[2025-11-07T11:40:30.193534] [DEBUG] Buffer size: 4096 bytes
[2025-11-07T11:40:30.193524] [INFO] Cache hit
[2025-11-07T11:40:30.193536] [DEBUG] Timer set: 30 seconds
[2025-11-07T11:40:30.193531] [ERROR] Request failed
[2025-11-07T11:40:30.193522] [INFO] User logged in
