[2025-11-07T11:40:29.601376] [INFO] Cache hit
[2025-11-07T11:40:29.601382] [INFO] Session started
[2025-11-07T11:40:29.601390] [DEBUG] Buffer size: 4096 bytes
[2025-11-07T11:40:29.601371] [INFO] Health check passed
[2025-11-07T11:40:29.601370] [INFO] Database query executed
[2025-11-07T11:40:29.601380] [INFO] Health check passed
[2025-11-07T11:40:29.601391] [DEBUG] Entering function process_data()
[2025-11-07T11:40:29.601375] [INFO] Cache hit
[2025-11-07T11:40:29.601397] [DEBUG] Entering function process_data()
[2025-11-07T11:40:29.601388] [WARN] Cache miss
[2025-11-07T11:40:29.601379] [INFO] Request processed successfully
[2025-11-07T11:40:29.601374] [INFO] Connection established
[2025-11-07T11:40:29.601394] [DEBUG] Memory allocation: 2048 bytes
[2025-11-07T11:40:29.601372] [INFO] Database query executed
[2025-11-07T11:40:29.601381] [INFO] Session started
[2025-11-07T11:40:29.601386] [WARN] Resource threshold approaching
[2025-11-07T11:40:29.601377] [INFO] Connection established
[2025-11-07T11:40:29.601398] [DEBUG] Thread pool size: 8
[2025-11-07T11:40:29.601384] [INFO] Request processed successfully
[2025-11-07T11:40:29.601378] [INFO] Health check passed
[2025-11-07T11:40:29.601383] [INFO] Transaction completed
[2025-11-07T11:40:29.601393] [DEBUG] Timer set: 30 seconds
[2025-11-07T11:40:29.601392] [DEBUG] Thread pool size: 8
[2025-11-07T11:40:29.601373] [INFO] Configuration loaded
[2025-11-07T11:40:29.601387] [WARN] Queue size growing
[2025-11-07T11:40:29.601389] [ERROR] Permission denied
[2025-11-07T11:40:29.601396] [DEBUG] Memory allocation: 2048 bytes
[2025-11-07T11:40:29.601395] [DEBUG] Loop iteration: 15
