[2025-11-07T11:40:29.340229] [DEBUG] HTTP request headers parsed
[2025-11-07T11:40:29.340232] [DEBUG] HTTP request headers parsed
[2025-11-07T11:40:29.340221] [WARN] Cache miss
[2025-11-07T11:40:29.340209] [INFO] User logged in
[2025-11-07T11:40:29.340227] [DEBUG] Variable value: x=42
[2025-11-07T11:40:29.340225] [ERROR] Memory allocation error
[2025-11-07T11:40:29.340215] [INFO] Service initialized
[2025-11-07T11:40:29.340222] [WARN] Queue size growing
[2025-11-07T11:40:29.340207] [INFO] User logged in
[2025-11-07T11:40:29.340210] [INFO] Request processed successfully
[2025-11-07T11:40:29.340220] [WARN] Resource threshold approaching
[2025-11-07T11:40:29.340211] [INFO] User logged in
[2025-11-07T11:40:29.340226] [DEBUG] Timer set: 30 seconds
[2025-11-07T11:40:29.340218] [INFO] Configuration loaded
[2025-11-07T11:40:29.340212] [INFO] Configuration loaded
[2025-11-07T11:40:29.340219] [INFO] User logged in
[2025-11-07T11:40:29.340208] [INFO] Cache hit
[2025-11-07T11:40:29.340224] [ERROR] File not found
[2025-11-07T11:40:29.340228] [DEBUG] Entering function process_data()
[2025-11-07T11:40:29.340205] [INFO] Service initialized
[2025-11-07T11:40:29.340206] [INFO] Service initialized
[2025-11-07T11:40:29.340230] [DEBUG] HTTP request headers parsed
[2025-11-07T11:40:29.340213] [INFO] Service initialized
[2025-11-07T11:40:29.340231] [DEBUG] Cache key generated
[2025-11-07T11:40:29.340223] [WARN] Deprecated API usage
[2025-11-07T11:40:29.340216] [INFO] Connection established
[2025-11-07T11:40:29.340234] [DEBUG] Timer set: 30 seconds
[2025-11-07T11:40:29.340217] [INFO] Request processed successfully
[2025-11-07T11:40:29.340233] [DEBUG] Memory allocation: 2048 bytes
[2025-11-07T11:40:29.340214] [INFO] Request processed successfully
