[2025-11-07T11:40:29.515865] [INFO] Request processed successfully
[2025-11-07T11:40:29.515860] [INFO] Connection established
[2025-11-07T11:40:29.515857] [INFO] Connection established
[2025-11-07T11:40:29.515866] [INFO] Connection established
[2025-11-07T11:40:29.515881] [DEBUG] Connection pool status checked
[2025-11-07T11:40:29.515862] [INFO] Cache hit
[2025-11-07T11:40:29.515863] [INFO] Health check passed
[2025-11-07T11:40:29.515859] [INFO] User logged in
[2025-11-07T11:40:29.515882] [DEBUG] Timer set: 30 seconds
[2025-11-07T11:40:29.515879] [DEBUG] Variable value: x=42
[2025-11-07T11:40:29.515875] [DEBUG] Cache key generated
[2025-11-07T11:40:29.515853] [INFO] Connection established
[2025-11-07T11:40:29.515856] [INFO] Configuration loaded
[2025-11-07T11:40:29.515878] [DEBUG] Thread pool size: 8
[2025-11-07T11:40:29.515855] [INFO] Service initialized
[2025-11-07T11:40:29.515876] [DEBUG] Timer set: 30 seconds
[2025-11-07T11:40:29.515880] [DEBUG] HTTP request headers parsed
[2025-11-07T11:40:29.515858] [INFO] Health check passed
[2025-11-07T11:40:29.515867] [INFO] Configuration loaded
[2025-11-07T11:40:29.515864] [INFO] Health check passed
[2025-11-07T11:40:29.515861] [INFO] User logged in
[2025-11-07T11:40:29.515871] [WARN] Connection retry attempt
[2025-11-07T11:40:29.515864] [INFO] Service initialized
[2025-11-07T11:40:29.515877] [DEBUG] HTTP request headers parsed
[2025-11-07T11:40:29.515873] [ERROR] Request failed
[2025-11-07T11:40:29.515874] [DEBUG] Variable value: x=42
[2025-11-07T11:40:29.515868] [INFO] User logged in
[2025-11-07T11:40:29.515870] [INFO] Health check passed
[2025-11-07T11:40:29.515872] [ERROR] File not found
[2025-11-07T11:40:29.515869] [INFO] Database query executed
