[2025-11-07T11:40:29.856246] [INFO] User logged in
[2025-11-07T11:40:29.856240] [INFO] Service initialized
[2025-11-07T11:40:29.856242] [INFO] Service initialized
[2025-11-07T11:40:29.856244] [INFO] Health check passed
[2025-11-07T11:40:29.856260] [DEBUG] Connection pool status checked
[2025-11-07T11:40:29.856238] [INFO] User logged in
[2025-11-07T11:40:29.856243] [INFO] Connection established
[2025-11-07T11:40:29.856245] [INFO] Transaction completed
[2025-11-07T11:40:29.856250] [WARN] High memory usage detected
[2025-11-07T11:40:29.856252] [ERROR] Disk read failed
[2025-11-07T11:40:29.856257] [DEBUG] Cache key generated
[2025-11-07T11:40:29.856248] [WARN] Connection retry attempt
[2025-11-07T11:40:29.856255] [DEBUG] Connection pool status checked
[2025-11-07T11:40:29.856235] [INFO] Service initialized
[2025-11-07T11:40:29.856236] [INFO] Session started
[2025-11-07T11:40:29.856233] [INFO] Database query executed
[2025-11-07T11:40:29.856239] [INFO] Connection established
[2025-11-07T11:40:29.856253] [ERROR] Permission denied
[2025-11-07T11:40:29.856256] [DEBUG] Loop iteration: 15
[2025-11-07T11:40:29.856240] [INFO] Service initialized
[2025-11-07T11:40:29.856254] [DEBUG] Timer set: 30 seconds
[2025-11-07T11:40:29.856249] [WARN] Connection retry attempt
[2025-11-07T11:40:29.856237] [INFO] Health check passed
[2025-11-07T11:40:29.856247] [WARN] Timeout warning
[2025-11-07T11:40:29.856259] [DEBUG] Memory allocation: 2048 bytes
[2025-11-07T11:40:29.856241] [INFO] Session started
[2025-11-07T11:40:29.856251] [WARN] Timeout warning
[2025-11-07T11:40:29.856258] [DEBUG] Thread pool size: 8
