[2025-11-07T11:40:30.079601] [INFO] Session started
[2025-11-07T11:40:30.079606] [WARN] Deprecated API usage
[2025-11-07T11:40:30.079613] [DEBUG] Entering function process_data()
[2025-11-07T11:40:30.079594] [INFO] Configuration loaded
[2025-11-07T11:40:30.079614] [DEBUG] Memory allocation: 2048 bytes
[2025-11-07T11:40:30.079592] [INFO] Request processed successfully
[2025-11-07T11:40:30.079605] [WARN] Resource threshold approaching
[2025-11-07T11:40:30.079620] [DEBUG] Cache key generated
[2025-11-07T11:40:30.079623] [DEBUG] Connection pool status checked
[2025-11-07T11:40:30.079622] [DEBUG] Thread pool size: 8
[2025-11-07T11:40:30.079597] [INFO] Connection established
[2025-11-07T11:40:30.079610] [WARN] Queue size growing
[2025-11-07T11:40:30.079595] [INFO] Transaction completed
[2025-11-07T11:40:30.079621] [DEBUG] Loop iteration: 15
[2025-11-07T11:40:30.079611] [WARN] Queue size growing
[2025-11-07T11:40:30.079602] [WARN] Connection retry attempt
[2025-11-07T11:40:30.079616] [DEBUG] Memory allocation: 2048 bytes
[2025-11-07T11:40:30.079591] [INFO] Session started
[2025-11-07T11:40:30.079590] [INFO] Connection established
[2025-11-07T11:40:30.079593] [INFO] Connection established
[2025-11-07T11:40:30.079618] [DEBUG] HTTP request headers parsed
[2025-11-07T11:40:30.079604] [WARN] Queue size growing
[2025-11-07T11:40:30.079598] [INFO] Service initialized
[2025-11-07T11:40:30.079619] [DEBUG] Entering function process_data()
[2025-11-07T11:40:30.079588] [INFO] User logged in
[2025-11-07T11:40:30.079603] [WARN] Queue size growing
[2025-11-07T11:40:30.079617] [DEBUG] Connection pool status checked
[2025-11-07T11:40:30.079612] [ERROR] Authentication failed
[2025-11-07T11:40:30.079607] [WARN] Cache miss
[2025-11-07T11:40:30.079590] [INFO] Service initialized
[2025-11-07T11:40:30.079609] [WARN] Deprecated API usage
[2025-11-07T11:40:30.079596] [INFO] Service initialized
[2025-11-07T11:40:30.079615] [DEBUG] Timer set: 30 seconds
[2025-11-07T11:40:30.079599] [INFO] Transaction completed
[2025-11-07T11:40:30.079608] [WARN] Queue size growing
[2025-11-07T11:40:30.079587] [INFO] Health check passed
[2025-11-07T11:40:30.079586] [INFO] Health check passed
[2025-11-07T11:40:30.079600] [INFO] Request processed successfully
