[2025-11-07T11:40:29.817488] [INFO] Database query executed
[2025-11-07T11:40:29.817510] [DEBUG] Timer set: 30 seconds
[2025-11-07T11:40:29.817499] [INFO] Transaction completed
[2025-11-07T11:40:29.817496] [INFO] Configuration loaded
[2025-11-07T11:40:29.817497] [INFO] Database query executed
[2025-11-07T11:40:29.817493] [INFO] Health check passed
[2025-11-07T11:40:29.817487] [INFO] User logged in
[2025-11-07T11:40:29.817500] [INFO] Request processed successfully
[2025-11-07T11:40:29.817489] [INFO] Health check passed
[2025-11-07T11:40:29.817511] [DEBUG] Connection pool status checked
[2025-11-07T11:40:29.817501] [WARN] Rate limit approaching
[2025-11-07T11:40:29.817490] [INFO] Connection established
[2025-11-07T11:40:29.817512] [DEBUG] Loop iteration: 15
[2025-11-07T11:40:29.817509] [DEBUG] Entering function process_data()
[2025-11-07T11:40:29.817491] [INFO] Request processed successfully
[2025-11-07T11:40:29.817506] [ERROR] Service unavailable
[2025-11-07T11:40:29.817513] [DEBUG] HTTP request headers parsed
[2025-11-07T11:40:29.817504] [WARN] Slow query performance
[2025-11-07T11:40:29.817502] [WARN] High memory usage detected
[2025-11-07T11:40:29.817505] [WARN] Resource threshold approaching
[2025-11-07T11:40:29.817494] [INFO] User logged in
[2025-11-07T11:40:29.817507] [ERROR] Invalid input data
[2025-11-07T11:40:29.817486] [INFO] Transaction completed
[2025-11-07T11:40:29.817492] [INFO] Database query executed
[2025-11-07T11:40:29.817498] [INFO] User logged in
[2025-11-07T11:40:29.817495] [INFO] Transaction completed
[2025-11-07T11:40:29.817485] [INFO] Service initialized
[2025-11-07T11:40:29.817503] [WARN] Rate limit approaching
