[2025-11-07T11:40:30.334081] [INFO] Cache hit
[2025-11-07T11:40:30.334072] [INFO] Health check passed
[2025-11-07T11:40:30.334074] [INFO] Connection established
[2025-11-07T11:40:30.334098] [DEBUG] Cache key generated
[2025-11-07T11:40:30.334079] [INFO] Health check passed
[2025-11-07T11:40:30.334091] [DEBUG] Buffer size: 4096 bytes
[2025-11-07T11:40:30.334090] [DEBUG] Memory allocation: 2048 bytes
[2025-11-07T11:40:30.334082] [INFO] Connection established
[2025-11-07T11:40:30.334071] [INFO] Database query executed
[2025-11-07T11:40:30.334088] [WARN] Rate limit approaching
[2025-11-07T11:40:30.334080] [INFO] Service initialized
[2025-11-07T11:40:30.334094] [DEBUG] Thread pool size: 8
[2025-11-07T11:40:30.334093] [DEBUG] HTTP request headers parsed
[2025-11-07T11:40:30.334081] [INFO] Connection established
[2025-11-07T11:40:30.334089] [ERROR] Network timeout
[2025-11-07T11:40:30.334086] [WARN] Connection retry attempt
[2025-11-07T11:40:30.334077] [INFO] Configuration loaded
[2025-11-07T11:40:30.334087] [WARN] High memory usage detected
[2025-11-07T11:40:30.334083] [INFO] Session started
[2025-11-07T11:40:30.334097] [DEBUG] HTTP request headers parsed
[2025-11-07T11:40:30.334095] [DEBUG] Thread pool size: 8
[2025-11-07T11:40:30.334096] [DEBUG] Connection pool status checked
[2025-11-07T11:40:30.334092] [DEBUG] Variable value: x=42
[2025-11-07T11:40:30.334078] [INFO] User logged in
[2025-11-07T11:40:30.334075] [INFO] User logged in
[2025-11-07T11:40:30.334076] [INFO] Configuration loaded
[2025-11-07T11:40:30.334085] [WARN] Queue size growing
