[2025-11-07T11:40:29.499680] [INFO] Health check passed
[2025-11-07T11:40:29.499690] [WARN] Slow query performance
[2025-11-07T11:40:29.499681] [INFO] Database query executed
[2025-11-07T11:40:29.499689] [WARN] Slow query performance
[2025-11-07T11:40:29.499673] [INFO] Connection established
[2025-11-07T11:40:29.499695] [DEBUG] Cache key generated
[2025-11-07T11:40:29.499704] [DEBUG] Timer set: 30 seconds
[2025-11-07T11:40:29.499683] [INFO] Health check passed
[2025-11-07T11:40:29.499691] [ERROR] Service unavailable
[2025-11-07T11:40:29.499699] [DEBUG] Variable value: x=42
[2025-11-07T11:40:29.499679] [INFO] Service initialized
[2025-11-07T11:40:29.499696] [DEBUG] Timer set: 30 seconds
[2025-11-07T11:40:29.499677] [INFO] Configuration loaded
[2025-11-07T11:40:29.499698] [DEBUG] Connection pool status checked
[2025-11-07T11:40:29.499684] [INFO] Transaction completed
[2025-11-07T11:40:29.499672] [INFO] Request processed successfully
[2025-11-07T11:40:29.499686] [WARN] Slow query performance
[2025-11-07T11:40:29.499702] [DEBUG] Buffer size: 4096 bytes
[2025-11-07T11:40:29.499692] [ERROR] Permission denied
[2025-11-07T11:40:29.499697] [DEBUG] Connection pool status checked
[2025-11-07T11:40:29.499687] [WARN] Resource threshold approaching
[2025-11-07T11:40:29.499700] [DEBUG] Loop iteration: 15
[2025-11-07T11:40:29.499670] [INFO] Health check passed
[2025-11-07T11:40:29.499682] [INFO] Service initialized
[2025-11-07T11:40:29.499671] [INFO] User logged in
[2025-11-07T11:40:29.499701] [DEBUG] HTTP request headers parsed
[2025-11-07T11:40:29.499705] [DEBUG] Entering function process_data()
[2025-11-07T11:40:29.499703] [DEBUG] Connection pool status checked
[2025-11-07T11:40:29.499674] [INFO] Cache hit
[2025-11-07T11:40:29.499694] [DEBUG] Timer set: 30 seconds
[2025-11-07T11:40:29.499693] [DEBUG] Memory allocation: 2048 bytes
[2025-11-07T11:40:29.499676] [INFO] Request processed successfully
[2025-11-07T11:40:29.499678] [INFO] Cache hit
[2025-11-07T11:40:29.499688] [WARN] Slow query performance
[2025-11-07T11:40:29.499685] [INFO] Request processed successfully
