[2025-11-07T11:40:30.118861] [DEBUG] Timer set: 30 seconds
[2025-11-07T11:40:30.118853] [ERROR] File not found
[2025-11-07T11:40:30.118847] [INFO] Cache hit
[2025-11-07T11:40:30.118859] [DEBUG] Connection pool status checked
[2025-11-07T11:40:30.118848] [WARN] Resource threshold approaching
[2025-11-07T11:40:30.118844] [INFO] Health check passed
[2025-11-07T11:40:30.118841] [INFO] Connection established
[2025-11-07T11:40:30.118840] [INFO] Cache hit
[2025-11-07T11:40:30.118834] [INFO] Configuration loaded
[2025-11-07T11:40:30.118835] [INFO] Session started
[2025-11-07T11:40:30.118845] [INFO] Database query executed
[2025-11-07T11:40:30.118833] [INFO] Database query executed
[2025-11-07T11:40:30.118836] [INFO] Health check passed
[2025-11-07T11:40:30.118856] [DEBUG] Memory allocation: 2048 bytes
[2025-11-07T11:40:30.118854] [DEBUG] Buffer size: 4096 bytes
[2025-11-07T11:40:30.118850] [WARN] Rate limit approaching
[2025-11-07T11:40:30.118862] [DEBUG] Cache key generated
[2025-11-07T11:40:30.118852] [ERROR] File not found
[2025-11-07T11:40:30.118837] [INFO] Configuration loaded
[2025-11-07T11:40:30.118849] [WARN] Queue size growing
[2025-11-07T11:40:30.118831] [INFO] Request processed successfully
[2025-11-07T11:40:30.118838] [INFO] User logged in
[2025-11-07T11:40:30.118851] [WARN] Disk space low
[2025-11-07T11:40:30.118857] [DEBUG] HTTP request headers parsed
[2025-11-07T11:40:30.118860] [DEBUG] Timer set: 30 seconds
[2025-11-07T11:40:30.118846] [INFO] Database query executed
[2025-11-07T11:40:30.118842] [INFO] Configuration loaded
[2025-11-07T11:40:30.118839] [INFO] Session started
[2025-11-07T11:40:30.118858] [DEBUG] Timer set: 30 seconds
[2025-11-07T11:40:30.118855] [DEBUG] Thread pool size: 8
