[2025-11-07T11:40:29.350195] [INFO] User logged in
[2025-11-07T11:40:29.350183] [INFO] User logged in
[2025-11-07T11:40:29.350199] [WARN] Disk space low
[2025-11-07T11:40:29.350209] [DEBUG] Thread pool size: 8
[2025-11-07T11:40:29.350173] [INFO] User logged in
[2025-11-07T11:40:29.350205] [DEBUG] Entering function process_data()
[2025-11-07T11:40:29.350204] [DEBUG] Memory allocation: 2048 bytes
[2025-11-07T11:40:29.350184] [INFO] Session started
[2025-11-07T11:40:29.350207] [DEBUG] Timer set: 30 seconds
[2025-11-07T11:40:29.350174] [INFO] Connection established
[2025-11-07T11:40:29.350181] [INFO] Connection established
[2025-11-07T11:40:29.350203] [DEBUG] Connection pool status checked
[2025-11-07T11:40:29.350196] [INFO] Transaction completed
[2025-11-07T11:40:29.350208] [DEBUG] Loop iteration: 15
[2025-11-07T11:40:29.350193] [INFO] Configuration loaded
[2025-11-07T11:40:29.350179] [INFO] Health check passed
[2025-11-07T11:40:29.350206] [DEBUG] Variable value: x=42
[2025-11-07T11:40:29.350200] [WARN] Connection retry attempt
[2025-11-07T11:40:29.350210] [DEBUG] Timer set: 30 seconds
[2025-11-07T11:40:29.350180] [INFO] Configuration loaded
[2025-11-07T11:40:29.350202] [DEBUG] HTTP request headers parsed
[2025-11-07T11:40:29.350197] [INFO] Service initialized
[2025-11-07T11:40:29.350201] [ERROR] Database connection lost
[2025-11-07T11:40:29.350182] [INFO] Connection established
[2025-11-07T11:40:29.350194] [INFO] Configuration loaded
[2025-11-07T11:40:29.350192] [INFO] Database query executed
[2025-11-07T11:40:29.350190] [INFO] Request processed successfully
