[2025-11-07T11:40:30.089754] [INFO] Session started
[2025-11-07T11:40:30.089757] [ERROR] Memory allocation error
[2025-11-07T11:40:30.089741] [INFO] Transaction completed
[2025-11-07T11:40:30.089761] [DEBUG] Variable value: x=42
[2025-11-07T11:40:30.089762] [DEBUG] HTTP request headers parsed
[2025-11-07T11:40:30.089758] [DEBUG] Connection pool status checked
[2025-11-07T11:40:30.089742] [INFO] Service initialized
[2025-11-07T11:40:30.089766] [DEBUG] HTTP request headers parsed
[2025-11-07T11:40:30.089764] [DEBUG] Cache key generated
[2025-11-07T11:40:30.089765] [DEBUG] Cache key generated
[2025-11-07T11:40:30.089755] [INFO] Transaction completed
[2025-11-07T11:40:30.089746] [INFO] Connection established
[2025-11-07T11:40:30.089756] [WARN] Disk space low
[2025-11-07T11:40:30.089743] [INFO] Database query executed
[2025-11-07T11:40:30.089750] [INFO] Transaction completed
[2025-11-07T11:40:30.089740] [INFO] Database query executed
[2025-11-07T11:40:30.089753] [INFO] Connection established
[2025-11-07T11:40:30.089748] [INFO] Cache hit
[2025-11-07T11:40:30.089752] [INFO] Request processed successfully
[2025-11-07T11:40:30.089751] [INFO] Cache hit
[2025-11-07T11:40:30.089760] [DEBUG] Memory allocation: 2048 bytes
[2025-11-07T11:40:30.089749] [INFO] Configuration loaded
[2025-11-07T11:40:30.089763] [DEBUG] Connection pool status checked
[2025-11-07T11:40:30.089747] [INFO] Request processed successfully
[2025-11-07T11:40:30.089763] [DEBUG] Connection pool status checked
[2025-11-07T11:40:30.089745] [INFO] Health check passed
[2025-11-07T11:40:30.089744] [INFO] User logged in
