[2025-11-07T11:40:29.500244] [INFO] Connection established
[2025-11-07T11:40:29.500242] [INFO] Transaction completed
[2025-11-07T11:40:29.500240] [INFO] Health check passed
[2025-11-07T11:40:29.500258] [DEBUG] Loop iteration: 15
[2025-11-07T11:40:29.500259] [DEBUG] Connection pool status checked
[2025-11-07T11:40:29.500239] [INFO] Database query executed
[2025-11-07T11:40:29.500251] [WARN] Rate limit approaching
[2025-11-07T11:40:29.500250] [WARN] Resource threshold approaching
[2025-11-07T11:40:29.500246] [INFO] Transaction completed
[2025-11-07T11:40:29.500262] [DEBUG] Memory allocation: 2048 bytes
[2025-11-07T11:40:29.500253] [WARN] Deprecated API usage
[2025-11-07T11:40:29.500261] [DEBUG] Entering function process_data()
[2025-11-07T11:40:29.500263] [DEBUG] HTTP request headers parsed
[2025-11-07T11:40:29.500265] [DEBUG] Buffer size: 4096 bytes
[2025-11-07T11:40:29.500245] [INFO] Database query executed
[2025-11-07T11:40:29.500236] [INFO] Connection established
[2025-11-07T11:40:29.500238] [INFO] Service initialized
[2025-11-07T11:40:29.500257] [DEBUG] Thread pool size: 8
[2025-11-07T11:40:29.500237] [INFO] Transaction completed
[2025-11-07T11:40:29.500252] [WARN] Slow query performance
[2025-11-07T11:40:29.500255] [ERROR] Request failed
[2025-11-07T11:40:29.500241] [INFO] Transaction completed
[2025-11-07T11:40:29.500249] [INFO] Session started
[2025-11-07T11:40:29.500234] [INFO] Cache hit
[2025-11-07T11:40:29.500247] [INFO] Request processed successfully
[2025-11-07T11:40:29.500260] [DEBUG] Cache key generated
[2025-11-07T11:40:29.500248] [INFO] Session started
[2025-11-07T11:40:29.500264] [DEBUG] Memory allocation: 2048 bytes
[2025-11-07T11:40:29.500256] [ERROR] Authentication failed
[2025-11-07T11:40:29.500243] [INFO] Session started
