[2025-11-07T11:40:29.984683] [INFO] Connection established
[2025-11-07T11:40:29.984674] [INFO] Service initialized
[2025-11-07T11:40:29.984688] [WARN] Deprecated API usage
[2025-11-07T11:40:29.984697] [DEBUG] Timer set: 30 seconds
[2025-11-07T11:40:29.984698] [DEBUG] HTTP request headers parsed
[2025-11-07T11:40:29.984685] [INFO] Connection established
[2025-11-07T11:40:29.984684] [INFO] Cache hit
[2025-11-07T11:40:29.984696] [DEBUG] Loop iteration: 15
[2025-11-07T11:40:29.984678] [INFO] Transaction completed
[2025-11-07T11:40:29.984686] [WARN] Queue size growing
[2025-11-07T11:40:29.984701] [DEBUG] HTTP request headers parsed
[2025-11-07T11:40:29.984671] [INFO] Cache hit
[2025-11-07T11:40:29.984694] [DEBUG] Thread pool size: 8
[2025-11-07T11:40:29.984682] [INFO] User logged in
[2025-11-07T11:40:29.984680] [INFO] Database query executed
[2025-11-07T11:40:29.984673] [INFO] Session started
[2025-11-07T11:40:29.984677] [INFO] Database query executed
[2025-11-07T11:40:29.984689] [WARN] Timeout warning
[2025-11-07T11:40:29.984699] [DEBUG] Connection pool status checked
[2025-11-07T11:40:29.984693] [DEBUG] Loop iteration: 15
[2025-11-07T11:40:29.984679] [INFO] Request processed successfully
[2025-11-07T11:40:29.984691] [ERROR] Authentication failed
[2025-11-07T11:40:29.984681] [INFO] Database query executed
[2025-11-07T11:40:29.984695] [DEBUG] Connection pool status checked
[2025-11-07T11:40:29.984687] [WARN] Resource threshold approaching
[2025-11-07T11:40:29.984675] [INFO] Database query executed
[2025-11-07T11:40:29.984700] [DEBUG] Timer set: 30 seconds
[2025-11-07T11:40:29.984676] [INFO] Transaction completed
[2025-11-07T11:40:29.984692] [ERROR] Authentication failed
