[2025-11-07T11:40:29.437715] [WARN] Queue size growing
[2025-11-07T11:40:29.437699] [INFO] Request processed successfully
[2025-11-07T11:40:29.437698] [INFO] Session started
[2025-11-07T11:40:29.437712] [WARN] Connection retry attempt
[2025-11-07T11:40:29.437718] [WARN] Timeout warning
[2025-11-07T11:40:29.437697] [INFO] Service initialized
[2025-11-07T11:40:29.437713] [WARN] High memory usage detected
[2025-11-07T11:40:29.437726] [DEBUG] HTTP request headers parsed
[2025-11-07T11:40:29.437720] [ERROR] Disk read failed
[2025-11-07T11:40:29.437721] [ERROR] Memory allocation error
[2025-11-07T11:40:29.437701] [INFO] Health check passed
[2025-11-07T11:40:29.437728] [DEBUG] Thread pool size: 8
[2025-11-07T11:40:29.437730] [DEBUG] Variable value: x=42
[2025-11-07T11:40:29.437710] [WARN] Slow query performance
[2025-11-07T11:40:29.437711] [WARN] Connection retry attempt
[2025-11-07T11:40:29.437729] [DEBUG] HTTP request headers parsed
[2025-11-07T11:40:29.437691] [INFO] Service initialized
[2025-11-07T11:40:29.437732] [DEBUG] Loop iteration: 15
[2025-11-07T11:40:29.437703] [INFO] Transaction completed
[2025-11-07T11:40:29.437716] [WARN] Deprecated API usage
[2025-11-07T11:40:29.437730] [DEBUG] Buffer size: 4096 bytes
[2025-11-07T11:40:29.437727] [DEBUG] Thread pool size: 8
[2025-11-07T11:40:29.437733] [DEBUG] Variable value: x=42
[2025-11-07T11:40:29.437709] [WARN] Connection retry attempt
[2025-11-07T11:40:29.437706] [WARN] Slow query performance
[2025-11-07T11:40:29.437708] [WARN] High memory usage detected
[2025-11-07T11:40:29.437705] [INFO] Connection established
[2025-11-07T11:40:29.437689] [INFO] Transaction completed
[2025-11-07T11:40:29.437704] [INFO] Session started
[2025-11-07T11:40:29.437722] [DEBUG] Variable value: x=42
[2025-11-07T11:40:29.437717] [WARN] Cache miss
[2025-11-07T11:40:29.437725] [DEBUG] Timer set: 30 seconds
[2025-11-07T11:40:29.437707] [WARN] Timeout warning
[2025-11-07T11:40:29.437719] [WARN] Cache miss
[2025-11-07T11:40:29.437692] [INFO] Transaction completed
[2025-11-07T11:40:29.437693] [INFO] Request processed successfully
[2025-11-07T11:40:29.437694] [INFO] User logged in
[2025-11-07T11:40:29.437700] [INFO] Service initialized
[2025-11-07T11:40:29.437714] [WARN] Slow query performance
[2025-11-07T11:40:29.437702] [INFO] Service initialized
[2025-11-07T11:40:29.437696] [INFO] Session started
[2025-11-07T11:40:29.437724] [DEBUG] HTTP request headers parsed
[2025-11-07T11:40:29.437695] [INFO] Session started
