[2025-11-07T11:40:29.422047] [INFO] Service initialized
[2025-11-07T11:40:29.422050] [INFO] Request processed successfully
[2025-11-07T11:40:29.422049] [INFO] Configuration loaded
[2025-11-07T11:40:29.422072] [DEBUG] Buffer size: 4096 bytes
[2025-11-07T11:40:29.422067] [DEBUG] Memory allocation: 2048 bytes
[2025-11-07T11:40:29.422059] [WARN] Deprecated API usage
[2025-11-07T11:40:29.422069] [DEBUG] Connection pool status checked
[2025-11-07T11:40:29.422046] [INFO] Health check passed
[2025-11-07T11:40:29.422051] [INFO] Health check passed
[2025-11-07T11:40:29.422060] [WARN] Cache miss
[2025-11-07T11:40:29.422048] [INFO] Health check passed
[2025-11-07T11:40:29.422056] [INFO] Cache hit
[2025-11-07T11:40:29.422054] [INFO] User logged in
[2025-11-07T11:40:29.422052] [INFO] Request processed successfully
[2025-11-07T11:40:29.422066] [DEBUG] Connection pool status checked
[2025-11-07T11:40:29.422070] [DEBUG] Timer set: 30 seconds
[2025-11-07T11:40:29.422064] [ERROR] Service unavailable
[2025-11-07T11:40:29.422053] [INFO] Session started
[2025-11-07T11:40:29.422063] [WARN] Disk space low
[2025-11-07T11:40:29.422058] [WARN] Rate limit approaching
[2025-11-07T11:40:29.422073] [DEBUG] HTTP request headers parsed
[2025-11-07T11:40:29.422068] [DEBUG] Variable value: x=42
[2025-11-07T11:40:29.422061] [WARN] Resource threshold approaching
[2025-11-07T11:40:29.422065] [ERROR] Database connection lost
[2025-11-07T11:40:29.422057] [INFO] Database query executed
[2025-11-07T11:40:29.422074] [DEBUG] Connection pool status checked
[2025-11-07T11:40:29.422055] [INFO] Configuration loaded
[2025-11-07T11:40:29.422071] [DEBUG] Timer set: 30 seconds
