[2025-11-07T11:40:29.527610] [INFO] Configuration loaded
[2025-11-07T11:40:29.527611] [INFO] Request processed successfully
[2025-11-07T11:40:29.527614] [INFO] Health check passed
[2025-11-07T11:40:29.527631] [DEBUG] Entering function process_data()
[2025-11-07T11:40:29.527609] [INFO] Request processed successfully
[2025-11-07T11:40:29.527621] [INFO] Configuration loaded
[2025-11-07T11:40:29.527623] [ERROR] Database connection lost
[2025-11-07T11:40:29.527620] [INFO] User logged in
[2025-11-07T11:40:29.527616] [INFO] Configuration loaded
[2025-11-07T11:40:29.527625] [DEBUG] Timer set: 30 seconds
[2025-11-07T11:40:29.527615] [INFO] User logged in
[2025-11-07T11:40:29.527628] [DEBUG] Memory allocation: 2048 bytes
[2025-11-07T11:40:29.527613] [INFO] Health check passed
[2025-11-07T11:40:29.527624] [DEBUG] Cache key generated
[2025-11-07T11:40:29.527629] [DEBUG] Memory allocation: 2048 bytes
[2025-11-07T11:40:29.527626] [DEBUG] Connection pool status checked
[2025-11-07T11:40:29.527607] [INFO] Cache hit
[2025-11-07T11:40:29.527632] [DEBUG] Entering function process_data()
[2025-11-07T11:40:29.527612] [INFO] Health check passed
[2025-11-07T11:40:29.527630] [DEBUG] Loop iteration: 15
[2025-11-07T11:40:29.527622] [WARN] Disk space low
[2025-11-07T11:40:29.527619] [INFO] Database query executed
[2025-11-07T11:40:29.527617] [INFO] Database query executed
[2025-11-07T11:40:29.527627] [DEBUG] Cache key generated
[2025-11-07T11:40:29.527618] [INFO] Cache hit
[2025-11-07T11:40:29.527608] [INFO] Transaction completed
