[2025-11-07T11:40:30.293259] [INFO] Service initialized
[2025-11-07T11:40:30.293258] [INFO] Configuration loaded
[2025-11-07T11:40:30.293263] [INFO] Session started
[2025-11-07T11:40:30.293251] [INFO] Service initialized
[2025-11-07T11:40:30.293253] [INFO] Connection established
[2025-11-07T11:40:30.293266] [WARN] Slow query performance
[2025-11-07T11:40:30.293265] [INFO] Configuration loaded
[2025-11-07T11:40:30.293262] [INFO] Health check passed
[2025-11-07T11:40:30.293261] [INFO] Database query executed
[2025-11-07T11:40:30.293260] [INFO] Health check passed
[2025-11-07T11:40:30.293269] [WARN] Timeout warning
[2025-11-07T11:40:30.293267] [WARN] Rate limit approaching
[2025-11-07T11:40:30.293257] [INFO] Service initialized
[2025-11-07T11:40:30.293255] [INFO] Database query executed
[2025-11-07T11:40:30.293264] [INFO] Transaction completed
[2025-11-07T11:40:30.293271] [ERROR] File not found
[2025-11-07T11:40:30.293252] [INFO] Connection established
[2025-11-07T11:40:30.293270] [WARN] Rate limit approaching
[2025-11-07T11:40:30.293273] [DEBUG] Timer set: 30 seconds
[2025-11-07T11:40:30.293281] [DEBUG] Buffer size: 4096 bytes
[2025-11-07T11:40:30.293278] [DEBUG] Thread pool size: 8
[2025-11-07T11:40:30.293276] [DEBUG] HTTP request headers parsed
[2025-11-07T11:40:30.293275] [DEBUG] Memory allocation: 2048 bytes
[2025-11-07T11:40:30.293256] [INFO] Health check passed
[2025-11-07T11:40:30.293277] [DEBUG] Loop iteration: 15
[2025-11-07T11:40:30.293255] [INFO] Health check passed
[2025-11-07T11:40:30.293280] [DEBUG] Cache key generated
[2025-11-07T11:40:30.293268] [WARN] Rate limit approaching
[2025-11-07T11:40:30.293279] [DEBUG] Memory allocation: 2048 bytes
[2025-11-07T11:40:30.293272] [ERROR] Disk read failed
[2025-11-07T11:40:30.293274] [DEBUG] Connection pool status checked
