[2025-11-07T11:40:29.958132] [WARN] Resource threshold approaching
[2025-11-07T11:40:29.958111] [INFO] Service initialized
[2025-11-07T11:40:29.958140] [DEBUG] Cache key generated
[2025-11-07T11:40:29.958116] [INFO] Configuration loaded
[2025-11-07T11:40:29.958114] [INFO] Service initialized
[2025-11-07T11:40:29.958137] [DEBUG] Buffer size: 4096 bytes
[2025-11-07T11:40:29.958113] [INFO] Connection established
[2025-11-07T11:40:29.958125] [INFO] Health check passed
[2025-11-07T11:40:29.958131] [WARN] High memory usage detected
[2025-11-07T11:40:29.958128] [INFO] Connection established
[2025-11-07T11:40:29.958130] [WARN] High memory usage detected
[2025-11-07T11:40:29.958127] [INFO] Session started
[2025-11-07T11:40:29.958117] [INFO] Session started
[2025-11-07T11:40:29.958121] [INFO] Request processed successfully
[2025-11-07T11:40:29.958123] [INFO] Session started
[2025-11-07T11:40:29.958120] [INFO] Transaction completed
[2025-11-07T11:40:29.958124] [INFO] Cache hit
[2025-11-07T11:40:29.958126] [INFO] Session started
[2025-11-07T11:40:29.958129] [WARN] Connection retry attempt
[2025-11-07T11:40:29.958141] [DEBUG] Variable value: x=42
[2025-11-07T11:40:29.958119] [INFO] Cache hit
[2025-11-07T11:40:29.958122] [INFO] Session started
[2025-11-07T11:40:29.958136] [DEBUG] Timer set: 30 seconds
[2025-11-07T11:40:29.958115] [INFO] Database query executed
[2025-11-07T11:40:29.958139] [DEBUG] Cache key generated
[2025-11-07T11:40:29.958112] [INFO] Session started
[2025-11-07T11:40:29.958142] [DEBUG] Thread pool size: 8
[2025-11-07T11:40:29.958138] [DEBUG] Variable value: x=42
[2025-11-07T11:40:29.958118] [INFO] Configuration loaded
[2025-11-07T11:40:29.958133] [WARN] Connection retry attempt
[2025-11-07T11:40:29.958135] [ERROR] Service unavailable
