[2025-11-07T11:40:29.371168] [DEBUG] Variable value: x=42
[2025-11-07T11:40:29.371149] [INFO] Connection established
[2025-11-07T11:40:29.371163] [WARN] Slow query performance
[2025-11-07T11:40:29.371169] [DEBUG] Buffer size: 4096 bytes
[2025-11-07T11:40:29.371166] [ERROR] Disk read failed
[2025-11-07T11:40:29.371153] [INFO] Service initialized
[2025-11-07T11:40:29.371147] [INFO] User logged in
[2025-11-07T11:40:29.371170] [DEBUG] Variable value: x=42
[2025-11-07T11:40:29.371154] [INFO] Configuration loaded
[2025-11-07T11:40:29.371150] [INFO] User logged in
[2025-11-07T11:40:29.371161] [INFO] Connection established
[2025-11-07T11:40:29.371159] [INFO] Database query executed
[2025-11-07T11:40:29.371165] [WARN] Deprecated API usage
[2025-11-07T11:40:29.371171] [DEBUG] Timer set: 30 seconds
[2025-11-07T11:40:29.371157] [INFO] Database query executed
[2025-11-07T11:40:29.371160] [INFO] Configuration loaded
[2025-11-07T11:40:29.371156] [INFO] Cache hit
[2025-11-07T11:40:29.371162] [WARN] Rate limit approaching
[2025-11-07T11:40:29.371152] [INFO] Session started
[2025-11-07T11:40:29.371164] [WARN] Queue size growing
[2025-11-07T11:40:29.371155] [INFO] Database query executed
[2025-11-07T11:40:29.371172] [DEBUG] Cache key generated
[2025-11-07T11:40:29.371151] [INFO] User logged in
[2025-11-07T11:40:29.371148] [INFO] Cache hit
[2025-11-07T11:40:29.371158] [INFO] Cache hit
