[2025-11-07T11:40:29.892710] [DEBUG] Entering function process_data()
[2025-11-07T11:40:29.892697] [INFO] Transaction completed
[2025-11-07T11:40:29.892696] [INFO] Request processed successfully
[2025-11-07T11:40:29.892695] [INFO] Configuration loaded
[2025-11-07T11:40:29.892691] [INFO] User logged in
[2025-11-07T11:40:29.892709] [DEBUG] Thread pool size: 8
[2025-11-07T11:40:29.892690] [INFO] Cache hit
[2025-11-07T11:40:29.892698] [INFO] Connection established
[2025-11-07T11:40:29.892701] [WARN] High memory usage detected
[2025-11-07T11:40:29.892693] [INFO] Cache hit
[2025-11-07T11:40:29.892685] [INFO] Transaction completed
[2025-11-07T11:40:29.892704] [WARN] High memory usage detected
[2025-11-07T11:40:29.892700] [INFO] Health check passed
[2025-11-07T11:40:29.892714] [DEBUG] HTTP request headers parsed
[2025-11-07T11:40:29.892712] [DEBUG] Cache key generated
[2025-11-07T11:40:29.892687] [INFO] Service initialized
[2025-11-07T11:40:29.892694] [INFO] User logged in
[2025-11-07T11:40:29.892699] [INFO] Configuration loaded
[2025-11-07T11:40:29.892702] [WARN] Timeout warning
[2025-11-07T11:40:29.892705] [WARN] Timeout warning
[2025-11-07T11:40:29.892717] [DEBUG] Loop iteration: 15
[2025-11-07T11:40:29.892703] [WARN] Cache miss
[2025-11-07T11:40:29.892688] [INFO] Service initialized
[2025-11-07T11:40:29.892713] [DEBUG] Cache key generated
[2025-11-07T11:40:29.892711] [DEBUG] Memory allocation: 2048 bytes
[2025-11-07T11:40:29.892706] [ERROR] Request failed
[2025-11-07T11:40:29.892716] [DEBUG] Cache key generated
[2025-11-07T11:40:29.892708] [DEBUG] Buffer size: 4096 bytes
[2025-11-07T11:40:29.892715] [DEBUG] Timer set: 30 seconds
[2025-11-07T11:40:29.892717] [DEBUG] HTTP request headers parsed
[2025-11-07T11:40:29.892692] [INFO] Connection established
[2025-11-07T11:40:29.892689] [INFO] Database query executed
