[2025-11-07T11:40:29.924603] [INFO] Cache hit
[2025-11-07T11:40:29.924618] [DEBUG] Thread pool size: 8
[2025-11-07T11:40:29.924587] [INFO] Configuration loaded
[2025-11-07T11:40:29.924606] [INFO] Service initialized
[2025-11-07T11:40:29.924624] [DEBUG] Connection pool status checked
[2025-11-07T11:40:29.924617] [DEBUG] Variable value: x=42
[2025-11-07T11:40:29.924608] [INFO] Connection established
[2025-11-07T11:40:29.924621] [DEBUG] Cache key generated
[2025-11-07T11:40:29.924612] [WARN] Queue size growing
[2025-11-07T11:40:29.924607] [INFO] Health check passed
[2025-11-07T11:40:29.924589] [INFO] Transaction completed
[2025-11-07T11:40:29.924625] [DEBUG] HTTP request headers parsed
[2025-11-07T11:40:29.924623] [DEBUG] Buffer size: 4096 bytes
[2025-11-07T11:40:29.924585] [INFO] Request processed successfully
[2025-11-07T11:40:29.924622] [DEBUG] Timer set: 30 seconds
[2025-11-07T11:40:29.924583] [INFO] Transaction completed
[2025-11-07T11:40:29.924610] [WARN] Rate limit approaching
[2025-11-07T11:40:29.924588] [INFO] Connection established
[2025-11-07T11:40:29.924590] [INFO] Database query executed
[2025-11-07T11:40:29.924620] [DEBUG] Loop iteration: 15
[2025-11-07T11:40:29.924586] [INFO] Service initialized
[2025-11-07T11:40:29.924615] [ERROR] Network timeout
[2025-11-07T11:40:29.924616] [ERROR] Authentication failed
[2025-11-07T11:40:29.924613] [WARN] Connection retry attempt
[2025-11-07T11:40:29.924619] [DEBUG] Cache key generated
[2025-11-07T11:40:29.924605] [INFO] Health check passed
[2025-11-07T11:40:29.924601] [INFO] Request processed successfully
[2025-11-07T11:40:29.924609] [INFO] Cache hit
[2025-11-07T11:40:29.924614] [WARN] High memory usage detected
[2025-11-07T11:40:29.924604] [INFO] Transaction completed
[2025-11-07T11:40:29.924584] [INFO] Session started
