[2025-11-07T11:40:29.468409] [WARN] Deprecated API usage
[2025-11-07T11:40:29.468405] [INFO] Database query executed
[2025-11-07T11:40:29.468410] [WARN] Slow query performance
[2025-11-07T11:40:29.468406] [WARN] High memory usage detected
[2025-11-07T11:40:29.468400] [INFO] Database query executed
[2025-11-07T11:40:29.468393] [INFO] Transaction completed
[2025-11-07T11:40:29.468417] [DEBUG] Loop iteration: 15
[2025-11-07T11:40:29.468414] [DEBUG] Loop iteration: 15
[2025-11-07T11:40:29.468407] [WARN] Timeout warning
[2025-11-07T11:40:29.468418] [DEBUG] Cache key generated
[2025-11-07T11:40:29.468401] [INFO] Connection established
[2025-11-07T11:40:29.468390] [INFO] Connection established
[2025-11-07T11:40:29.468420] [DEBUG] Variable value: x=42
[2025-11-07T11:40:29.468392] [INFO] Transaction completed
[2025-11-07T11:40:29.468419] [DEBUG] Connection pool status checked
[2025-11-07T11:40:29.468389] [INFO] Request processed successfully
[2025-11-07T11:40:29.468404] [INFO] Configuration loaded
[2025-11-07T11:40:29.468413] [ERROR] Memory allocation error
[2025-11-07T11:40:29.468416] [DEBUG] Entering function process_data()
[2025-11-07T11:40:29.468395] [INFO] Connection established
[2025-11-07T11:40:29.468394] [INFO] Session started
[2025-11-07T11:40:29.468397] [INFO] Cache hit
[2025-11-07T11:40:29.468411] [WARN] Queue size growing
[2025-11-07T11:40:29.468391] [INFO] Session started
[2025-11-07T11:40:29.468403] [INFO] Service initialized
[2025-11-07T11:40:29.468396] [INFO] User logged in
[2025-11-07T11:40:29.468422] [DEBUG] Connection pool status checked
[2025-11-07T11:40:29.468399] [INFO] Cache hit
[2025-11-07T11:40:29.468387] [INFO] User logged in
[2025-11-07T11:40:29.468421] [DEBUG] Connection pool status checked
[2025-11-07T11:40:29.468415] [DEBUG] Memory allocation: 2048 bytes
[2025-11-07T11:40:29.468412] [WARN] Rate limit approaching
[2025-11-07T11:40:29.468402] [INFO] Health check passed
[2025-11-07T11:40:29.468398] [INFO] Session started
