[2025-11-07T11:40:30.329339] [WARN] Slow query performance
[2025-11-07T11:40:30.329330] [INFO] User logged in
[2025-11-07T11:40:30.329346] [DEBUG] Memory allocation: 2048 bytes
[2025-11-07T11:40:30.329332] [INFO] Cache hit
[2025-11-07T11:40:30.329337] [WARN] Disk space low
[2025-11-07T11:40:30.329348] [DEBUG] Thread pool size: 8
[2025-11-07T11:40:30.329333] [INFO] Health check passed
[2025-11-07T11:40:30.329325] [INFO] Request processed successfully
[2025-11-07T11:40:30.329350] [DEBUG] Variable value: x=42
[2025-11-07T11:40:30.329347] [DEBUG] Loop iteration: 15
[2025-11-07T11:40:30.329342] [ERROR] Disk read failed
[2025-11-07T11:40:30.329336] [INFO] Service initialized
[2025-11-07T11:40:30.329351] [DEBUG] Thread pool size: 8
[2025-11-07T11:40:30.329326] [INFO] Connection established
[2025-11-07T11:40:30.329343] [ERROR] Service unavailable
[2025-11-07T11:40:30.329335] [INFO] Session started
[2025-11-07T11:40:30.329324] [INFO] Configuration loaded
[2025-11-07T11:40:30.329338] [WARN] Connection retry attempt
[2025-11-07T11:40:30.329329] [INFO] User logged in
[2025-11-07T11:40:30.329328] [INFO] Request processed successfully
[2025-11-07T11:40:30.329322] [INFO] Request processed successfully
[2025-11-07T11:40:30.329331] [INFO] Session started
[2025-11-07T11:40:30.329349] [DEBUG] Timer set: 30 seconds
[2025-11-07T11:40:30.329345] [DEBUG] Buffer size: 4096 bytes
[2025-11-07T11:40:30.329340] [WARN] Slow query performance
[2025-11-07T11:40:30.329334] [INFO] Session started
[2025-11-07T11:40:30.329344] [DEBUG] Timer set: 30 seconds
[2025-11-07T11:40:30.329327] [INFO] Request processed successfully
