[2025-11-07T11:40:29.310480] [DEBUG] Memory allocation: 2048 bytes
[2025-11-07T11:40:29.310475] [ERROR] Database connection lost
[2025-11-07T11:40:29.310464] [INFO] User logged in
[2025-11-07T11:40:29.310477] [DEBUG] Timer set: 30 seconds
[2025-11-07T11:40:29.310478] [DEBUG] Thread pool size: 8
[2025-11-07T11:40:29.310482] [DEBUG] Connection pool status checked
[2025-11-07T11:40:29.310470] [WARN] Slow query performance
[2025-11-07T11:40:29.310467] [INFO] User logged in
[2025-11-07T11:40:29.310472] [WARN] Connection retry attempt
[2025-11-07T11:40:29.310456] [INFO] Cache hit
[2025-11-07T11:40:29.310471] [WARN] Rate limit approaching
[2025-11-07T11:40:29.310468] [INFO] Configuration loaded
[2025-11-07T11:40:29.310466] [INFO] Health check passed
[2025-11-07T11:40:29.310476] [DEBUG] HTTP request headers parsed
[2025-11-07T11:40:29.310458] [INFO] Session started
[2025-11-07T11:40:29.310457] [INFO] Cache hit
[2025-11-07T11:40:29.310461] [INFO] User logged in
[2025-11-07T11:40:29.310459] [INFO] Request processed successfully
[2025-11-07T11:40:29.310474] [ERROR] Disk read failed
[2025-11-07T11:40:29.310469] [INFO] Service initialized
[2025-11-07T11:40:29.310481] [DEBUG] Entering function process_data()
[2025-11-07T11:40:29.310473] [WARN] Queue size growing
[2025-11-07T11:40:29.310462] [INFO] Transaction completed
[2025-11-07T11:40:29.310465] [INFO] Configuration loaded
[2025-11-07T11:40:29.310455] [INFO] Session started
[2025-11-07T11:40:29.310479] [DEBUG] Entering function process_data()
[2025-11-07T11:40:29.310463] [INFO] Configuration loaded
[2025-11-07T11:40:29.310460] [INFO] Service initialized
