[2025-11-07T11:40:29.672570] [DEBUG] Connection pool status checked
[2025-11-07T11:40:29.672572] [DEBUG] Cache key generated
[2025-11-07T11:40:29.672574] [DEBUG] HTTP request headers parsed
[2025-11-07T11:40:29.672569] [DEBUG] HTTP request headers parsed
[2025-11-07T11:40:29.672566] [DEBUG] Thread pool size: 8
[2025-11-07T11:40:29.672548] [INFO] Request processed successfully
[2025-11-07T11:40:29.672564] [ERROR] Disk read failed
[2025-11-07T11:40:29.672544] [INFO] Health check passed
[2025-11-07T11:40:29.672550] [INFO] Health check passed
[2025-11-07T11:40:29.672551] [INFO] Service initialized
[2025-11-07T11:40:29.672568] [DEBUG] Variable value: x=42
[2025-11-07T11:40:29.672546] [INFO] User logged in
[2025-11-07T11:40:29.672563] [ERROR] File not found
[2025-11-07T11:40:29.672567] [DEBUG] HTTP request headers parsed
[2025-11-07T11:40:29.672571] [DEBUG] Timer set: 30 seconds
[2025-11-07T11:40:29.672557] [INFO] Health check passed
[2025-11-07T11:40:29.672547] [INFO] Cache hit
[2025-11-07T11:40:29.672549] [INFO] Health check passed
[2025-11-07T11:40:29.672556] [INFO] Database query executed
[2025-11-07T11:40:29.672562] [WARN] Disk space low
[2025-11-07T11:40:29.672560] [WARN] Cache miss
[2025-11-07T11:40:29.672561] [WARN] Timeout warning
[2025-11-07T11:40:29.672573] [DEBUG] Cache key generated
[2025-11-07T11:40:29.672559] [WARN] Disk space low
[2025-11-07T11:40:29.672555] [INFO] Session started
[2025-11-07T11:40:29.672542] [INFO] User logged in
[2025-11-07T11:40:29.672553] [INFO] Health check passed
[2025-11-07T11:40:29.672558] [INFO] User logged in
[2025-11-07T11:40:29.672554] [INFO] Service initialized
[2025-11-07T11:40:29.672552] [INFO] Transaction completed
