[2025-11-07T11:40:29.970725] [INFO] Transaction completed
[2025-11-07T11:40:29.970712] [INFO] Configuration loaded
[2025-11-07T11:40:29.970719] [INFO] Session started
[2025-11-07T11:40:29.970731] [WARN] Queue size growing
[2025-11-07T11:40:29.970742] [DEBUG] Entering function process_data()
[2025-11-07T11:40:29.970734] [DEBUG] Timer set: 30 seconds
[2025-11-07T11:40:29.970716] [INFO] Health check passed
[2025-11-07T11:40:29.970713] [INFO] Health check passed
[2025-11-07T11:40:29.970715] [INFO] Service initialized
[2025-11-07T11:40:29.970732] [ERROR] Authentication failed
[2025-11-07T11:40:29.970729] [INFO] Cache hit
[2025-11-07T11:40:29.970723] [INFO] Health check passed
[2025-11-07T11:40:29.970724] [INFO] Session started
[2025-11-07T11:40:29.970739] [DEBUG] Entering function process_data()
[2025-11-07T11:40:29.970735] [DEBUG] Entering function process_data()
[2025-11-07T11:40:29.970726] [INFO] Service initialized
[2025-11-07T11:40:29.970733] [ERROR] Service unavailable
[2025-11-07T11:40:29.970730] [WARN] Queue size growing
[2025-11-07T11:40:29.970714] [INFO] Request processed successfully
[2025-11-07T11:40:29.970737] [DEBUG] Cache key generated
[2025-11-07T11:40:29.970709] [INFO] Request processed successfully
[2025-11-07T11:40:29.970738] [DEBUG] Loop iteration: 15
[2025-11-07T11:40:29.970717] [INFO] Database query executed
[2025-11-07T11:40:29.970720] [INFO] Service initialized
[2025-11-07T11:40:29.970741] [DEBUG] Entering function process_data()
[2025-11-07T11:40:29.970718] [INFO] Configuration loaded
[2025-11-07T11:40:29.970727] [INFO] Cache hit
[2025-11-07T11:40:29.970728] [INFO] Request processed successfully
[2025-11-07T11:40:29.970721] [INFO] Request processed successfully
[2025-11-07T11:40:29.970722] [INFO] Connection established
[2025-11-07T11:40:29.970711] [INFO] Service initialized
[2025-11-07T11:40:29.970736] [DEBUG] Timer set: 30 seconds
[2025-11-07T11:40:29.970740] [DEBUG] Timer set: 30 seconds
