[2025-11-07T11:40:29.824965] [WARN] Resource threshold approaching
[2025-11-07T11:40:29.824971] [DEBUG] Cache key generated
[2025-11-07T11:40:29.824953] [INFO] Cache hit
[2025-11-07T11:40:29.824949] [INFO] Database query executed
[2025-11-07T11:40:29.824960] [INFO] Cache hit
[2025-11-07T11:40:29.824961] [INFO] User logged in
[2025-11-07T11:40:29.824977] [DEBUG] Entering function process_data()
[2025-11-07T11:40:29.824956] [INFO] Database query executed
[2025-11-07T11:40:29.824951] [INFO] Health check passed
[2025-11-07T11:40:29.824974] [DEBUG] Cache key generated
[2025-11-07T11:40:29.824976] [DEBUG] HTTP request headers parsed
[2025-11-07T11:40:29.824966] [WARN] Disk space low
[2025-11-07T11:40:29.824962] [INFO] Request processed successfully
[2025-11-07T11:40:29.824952] [INFO] Health check passed
[2025-11-07T11:40:29.824967] [ERROR] Disk read failed
[2025-11-07T11:40:29.824950] [INFO] Database query executed
[2025-11-07T11:40:29.824970] [DEBUG] Entering function process_data()
[2025-11-07T11:40:29.824968] [ERROR] Disk read failed
[2025-11-07T11:40:29.824976] [DEBUG] Entering function process_data()
[2025-11-07T11:40:29.824963] [INFO] Health check passed
[2025-11-07T11:40:29.824957] [INFO] Session started
[2025-11-07T11:40:29.824964] [WARN] Cache miss
[2025-11-07T11:40:29.824972] [DEBUG] Connection pool status checked
[2025-11-07T11:40:29.824955] [INFO] Request processed successfully
[2025-11-07T11:40:29.824958] [INFO] Connection established
[2025-11-07T11:40:29.824959] [INFO] Connection established
[2025-11-07T11:40:29.824974] [DEBUG] Cache key generated
[2025-11-07T11:40:29.824954] [INFO] Health check passed
[2025-11-07T11:40:29.824964] [WARN] High memory usage detected
[2025-11-07T11:40:29.824969] [DEBUG] Thread pool size: 8
