[2025-11-07T11:40:30.370384] [INFO] Request processed successfully
[2025-11-07T11:40:30.370387] [WARN] Disk space low
[2025-11-07T11:40:30.370372] [INFO] Service initialized
[2025-11-07T11:40:30.370389] [ERROR] Service unavailable
[2025-11-07T11:40:30.370385] [WARN] Connection retry attempt
[2025-11-07T11:40:30.370396] [DEBUG] Loop iteration: 15
[2025-11-07T11:40:30.370381] [INFO] Service initialized
[2025-11-07T11:40:30.370377] [INFO] Configuration loaded
[2025-11-07T11:40:30.370383] [INFO] User logged in
[2025-11-07T11:40:30.370380] [INFO] Transaction completed
[2025-11-07T11:40:30.370395] [DEBUG] Memory allocation: 2048 bytes
[2025-11-07T11:40:30.370386] [WARN] Connection retry attempt
[2025-11-07T11:40:30.370381] [INFO] Request processed successfully
[2025-11-07T11:40:30.370373] [INFO] Configuration loaded
[2025-11-07T11:40:30.370390] [ERROR] Database connection lost
[2025-11-07T11:40:30.370392] [DEBUG] Buffer size: 4096 bytes
[2025-11-07T11:40:30.370391] [DEBUG] Thread pool size: 8
[2025-11-07T11:40:30.370376] [INFO] Cache hit
[2025-11-07T11:40:30.370374] [INFO] Session started
[2025-11-07T11:40:30.370393] [DEBUG] Connection pool status checked
[2025-11-07T11:40:30.370378] [INFO] Session started
[2025-11-07T11:40:30.370379] [INFO] Transaction completed
[2025-11-07T11:40:30.370375] [INFO] Database query executed
[2025-11-07T11:40:30.370388] [WARN] Rate limit approaching
[2025-11-07T11:40:30.370382] [INFO] Service initialized
[2025-11-07T11:40:30.370394] [DEBUG] Loop iteration: 15
[2025-11-07T11:40:30.370399] [DEBUG] Connection pool status checked
[2025-11-07T11:40:30.370398] [DEBUG] Cache key generated
[2025-11-07T11:40:30.370370] [INFO] Database query executed
[2025-11-07T11:40:30.370397] [DEBUG] Loop iteration: 15
[2025-11-07T11:40:30.370371] [INFO] Database query executed
