[2025-11-07T11:40:29.557187] [DEBUG] Memory allocation: 2048 bytes
[2025-11-07T11:40:29.557171] [INFO] Transaction completed
[2025-11-07T11:40:29.557177] [ERROR] Authentication failed
[2025-11-07T11:40:29.557162] [INFO] Session started
[2025-11-07T11:40:29.557169] [INFO] Connection established
[2025-11-07T11:40:29.557170] [INFO] Cache hit
[2025-11-07T11:40:29.557178] [ERROR] Network timeout
[2025-11-07T11:40:29.557166] [INFO] User logged in
[2025-11-07T11:40:29.557167] [INFO] Database query executed
[2025-11-07T11:40:29.557159] [INFO] Request processed successfully
[2025-11-07T11:40:29.557185] [DEBUG] Loop iteration: 15
[2025-11-07T11:40:29.557163] [INFO] Connection established
[2025-11-07T11:40:29.557156] [INFO] Cache hit
[2025-11-07T11:40:29.557186] [DEBUG] Timer set: 30 seconds
[2025-11-07T11:40:29.557172] [WARN] Connection retry attempt
[2025-11-07T11:40:29.557161] [INFO] Request processed successfully
[2025-11-07T11:40:29.557176] [WARN] Resource threshold approaching
[2025-11-07T11:40:29.557180] [DEBUG] HTTP request headers parsed
[2025-11-07T11:40:29.557181] [DEBUG] Buffer size: 4096 bytes
[2025-11-07T11:40:29.557168] [INFO] Health check passed
[2025-11-07T11:40:29.557188] [DEBUG] Timer set: 30 seconds
[2025-11-07T11:40:29.557164] [INFO] Configuration loaded
[2025-11-07T11:40:29.557182] [DEBUG] Memory allocation: 2048 bytes
[2025-11-07T11:40:29.557174] [WARN] Connection retry attempt
[2025-11-07T11:40:29.557165] [INFO] Transaction completed
[2025-11-07T11:40:29.557183] [DEBUG] HTTP request headers parsed
[2025-11-07T11:40:29.557160] [INFO] Database query executed
[2025-11-07T11:40:29.557175] [WARN] Deprecated API usage
[2025-11-07T11:40:29.557184] [DEBUG] Variable value: x=42
[2025-11-07T11:40:29.557158] [INFO] Transaction completed
[2025-11-07T11:40:29.557189] [DEBUG] Loop iteration: 15
[2025-11-07T11:40:29.557173] [WARN] Queue size growing
