[2025-11-07T11:40:29.501087] [WARN] Slow query performance
[2025-11-07T11:40:29.501098] [DEBUG] Loop iteration: 15
[2025-11-07T11:40:29.501095] [DEBUG] HTTP request headers parsed
[2025-11-07T11:40:29.501071] [INFO] Database query executed
[2025-11-07T11:40:29.501082] [INFO] Database query executed
[2025-11-07T11:40:29.501072] [INFO] Configuration loaded
[2025-11-07T11:40:29.501079] [INFO] Connection established
[2025-11-07T11:40:29.501086] [WARN] Cache miss
[2025-11-07T11:40:29.501077] [INFO] Session started
[2025-11-07T11:40:29.501089] [ERROR] Network timeout
[2025-11-07T11:40:29.501091] [DEBUG] Variable value: x=42
[2025-11-07T11:40:29.501084] [WARN] High memory usage detected
[2025-11-07T11:40:29.501094] [DEBUG] Connection pool status checked
[2025-11-07T11:40:29.501081] [INFO] Cache hit
[2025-11-07T11:40:29.501076] [INFO] Database query executed
[2025-11-07T11:40:29.501090] [DEBUG] Memory allocation: 2048 bytes
[2025-11-07T11:40:29.501069] [INFO] Transaction completed
[2025-11-07T11:40:29.501092] [DEBUG] Timer set: 30 seconds
[2025-11-07T11:40:29.501096] [DEBUG] Entering function process_data()
[2025-11-07T11:40:29.501085] [WARN] High memory usage detected
[2025-11-07T11:40:29.501074] [INFO] Service initialized
[2025-11-07T11:40:29.501088] [ERROR] Invalid input data
[2025-11-07T11:40:29.501083] [WARN] Resource threshold approaching
[2025-11-07T11:40:29.501075] [INFO] Configuration loaded
[2025-11-07T11:40:29.501097] [DEBUG] Cache key generated
[2025-11-07T11:40:29.501078] [INFO] User logged in
[2025-11-07T11:40:29.501073] [INFO] Health check passed
[2025-11-07T11:40:29.501080] [INFO] Service initialized
[2025-11-07T11:40:29.501093] [DEBUG] HTTP request headers parsed
