[2025-11-07T11:40:30.370755] [INFO] Service initialized
[2025-11-07T11:40:30.370751] [INFO] Service initialized
[2025-11-07T11:40:30.370773] [DEBUG] Variable value: x=42
[2025-11-07T11:40:30.370769] [ERROR] Request failed
[2025-11-07T11:40:30.370775] [DEBUG] Buffer size: 4096 bytes
[2025-11-07T11:40:30.370758] [INFO] Connection established
[2025-11-07T11:40:30.370750] [INFO] Session started
[2025-11-07T11:40:30.370757] [INFO] Transaction completed
[2025-11-07T11:40:30.370756] [INFO] Service initialized
[2025-11-07T11:40:30.370777] [DEBUG] HTTP request headers parsed
[2025-11-07T11:40:30.370776] [DEBUG] Memory allocation: 2048 bytes
[2025-11-07T11:40:30.370768] [WARN] Queue size growing
[2025-11-07T11:40:30.370778] [DEBUG] HTTP request headers parsed
[2025-11-07T11:40:30.370764] [INFO] User logged in
[2025-11-07T11:40:30.370753] [INFO] Database query executed
[2025-11-07T11:40:30.370771] [DEBUG] Timer set: 30 seconds
[2025-11-07T11:40:30.370762] [INFO] Transaction completed
[2025-11-07T11:40:30.370774] [DEBUG] Cache key generated
[2025-11-07T11:40:30.370761] [INFO] Session started
[2025-11-07T11:40:30.370763] [INFO] Database query executed
[2025-11-07T11:40:30.370760] [INFO] Service initialized
[2025-11-07T11:40:30.370767] [WARN] Disk space low
[2025-11-07T11:40:30.370766] [WARN] Cache miss
[2025-11-07T11:40:30.370752] [INFO] Request processed successfully
[2025-11-07T11:40:30.370754] [INFO] Database query executed
[2025-11-07T11:40:30.370771] [DEBUG] Timer set: 30 seconds
[2025-11-07T11:40:30.370759] [INFO] Request processed successfully
[2025-11-07T11:40:30.370765] [WARN] Queue size growing
[2025-11-07T11:40:30.370779] [DEBUG] Cache key generated
