[2025-11-07T11:40:30.363897] [INFO] Session started
[2025-11-07T11:40:30.363904] [INFO] Connection established
[2025-11-07T11:40:30.363914] [WARN] Deprecated API usage
[2025-11-07T11:40:30.363922] [DEBUG] Cache key generated
[2025-11-07T11:40:30.363901] [INFO] Database query executed
[2025-11-07T11:40:30.363913] [INFO] Health check passed
[2025-11-07T11:40:30.363917] [ERROR] Network timeout
[2025-11-07T11:40:30.363899] [INFO] Database query executed
[2025-11-07T11:40:30.363903] [INFO] Connection established
[2025-11-07T11:40:30.363911] [INFO] Cache hit
[2025-11-07T11:40:30.363902] [INFO] Session started
[2025-11-07T11:40:30.363910] [INFO] Database query executed
[2025-11-07T11:40:30.363906] [INFO] Configuration loaded
[2025-11-07T11:40:30.363922] [DEBUG] Variable value: x=42
[2025-11-07T11:40:30.363905] [INFO] Configuration loaded
[2025-11-07T11:40:30.363916] [WARN] Timeout warning
[2025-11-07T11:40:30.363894] [INFO] Transaction completed
[2025-11-07T11:40:30.363919] [DEBUG] Buffer size: 4096 bytes
[2025-11-07T11:40:30.363908] [INFO] Database query executed
[2025-11-07T11:40:30.363921] [DEBUG] Thread pool size: 8
[2025-11-07T11:40:30.363909] [INFO] Request processed successfully
[2025-11-07T11:40:30.363920] [DEBUG] Buffer size: 4096 bytes
[2025-11-07T11:40:30.363900] [INFO] Session started
[2025-11-07T11:40:30.363898] [INFO] Request processed successfully
[2025-11-07T11:40:30.363895] [INFO] Session started
[2025-11-07T11:40:30.363912] [INFO] Service initialized
[2025-11-07T11:40:30.363915] [WARN] Timeout warning
[2025-11-07T11:40:30.363918] [DEBUG] Memory allocation: 2048 bytes
[2025-11-07T11:40:30.363896] [INFO] Configuration loaded
[2025-11-07T11:40:30.363907] [INFO] Connection established
