[2025-11-07T11:40:29.918250] [DEBUG] Entering function process_data()
[2025-11-07T11:40:29.918237] [WARN] Queue size growing
[2025-11-07T11:40:29.918244] [ERROR] Service unavailable
[2025-11-07T11:40:29.918233] [INFO] Database query executed
[2025-11-07T11:40:29.918229] [INFO] Session started
[2025-11-07T11:40:29.918222] [INFO] Configuration loaded
[2025-11-07T11:40:29.918225] [INFO] User logged in
[2025-11-07T11:40:29.918245] [ERROR] Invalid input data
[2025-11-07T11:40:29.918223] [INFO] Request processed successfully
[2025-11-07T11:40:29.918251] [DEBUG] Timer set: 30 seconds
[2025-11-07T11:40:29.918238] [WARN] Slow query performance
[2025-11-07T11:40:29.918247] [DEBUG] Memory allocation: 2048 bytes
[2025-11-07T11:40:29.918242] [WARN] Deprecated API usage
[2025-11-07T11:40:29.918241] [WARN] Rate limit approaching
[2025-11-07T11:40:29.918228] [INFO] User logged in
[2025-11-07T11:40:29.918232] [INFO] Database query executed
[2025-11-07T11:40:29.918236] [WARN] Queue size growing
[2025-11-07T11:40:29.918248] [DEBUG] Connection pool status checked
[2025-11-07T11:40:29.918246] [DEBUG] Timer set: 30 seconds
[2025-11-07T11:40:29.918230] [INFO] Request processed successfully
[2025-11-07T11:40:29.918224] [INFO] Session started
[2025-11-07T11:40:29.918234] [INFO] Session started
[2025-11-07T11:40:29.918231] [INFO] Session started
[2025-11-07T11:40:29.918253] [DEBUG] Cache key generated
[2025-11-07T11:40:29.918243] [WARN] Disk space low
[2025-11-07T11:40:29.918254] [DEBUG] Connection pool status checked
[2025-11-07T11:40:29.918230] [INFO] User logged in
[2025-11-07T11:40:29.918235] [WARN] Resource threshold approaching
[2025-11-07T11:40:29.918221] [INFO] Health check passed
[2025-11-07T11:40:29.918252] [DEBUG] Cache key generated
[2025-11-07T11:40:29.918240] [WARN] Slow query performance
[2025-11-07T11:40:29.918227] [INFO] Service initialized
[2025-11-07T11:40:29.918220] [INFO] User logged in
[2025-11-07T11:40:29.918249] [DEBUG] Connection pool status checked
