[2025-11-07T11:40:29.987399] [INFO] Configuration loaded
[2025-11-07T11:40:29.987407] [INFO] Configuration loaded
[2025-11-07T11:40:29.987408] [INFO] Request processed successfully
[2025-11-07T11:40:29.987418] [DEBUG] Buffer size: 4096 bytes
[2025-11-07T11:40:29.987421] [DEBUG] Memory allocation: 2048 bytes
[2025-11-07T11:40:29.987404] [INFO] Session started
[2025-11-07T11:40:29.987406] [INFO] Service initialized
[2025-11-07T11:40:29.987394] [INFO] User logged in
[2025-11-07T11:40:29.987417] [DEBUG] Timer set: 30 seconds
[2025-11-07T11:40:29.987401] [INFO] Transaction completed
[2025-11-07T11:40:29.987392] [INFO] User logged in
[2025-11-07T11:40:29.987402] [INFO] Session started
[2025-11-07T11:40:29.987405] [INFO] Cache hit
[2025-11-07T11:40:29.987420] [DEBUG] Cache key generated
[2025-11-07T11:40:29.987422] [DEBUG] Thread pool size: 8
[2025-11-07T11:40:29.987398] [INFO] Transaction completed
[2025-11-07T11:40:29.987412] [ERROR] Request failed
[2025-11-07T11:40:29.987397] [INFO] Transaction completed
[2025-11-07T11:40:29.987409] [WARN] High memory usage detected
[2025-11-07T11:40:29.987396] [INFO] User logged in
[2025-11-07T11:40:29.987416] [DEBUG] Timer set: 30 seconds
[2025-11-07T11:40:29.987413] [ERROR] Permission denied
[2025-11-07T11:40:29.987411] [WARN] Timeout warning
[2025-11-07T11:40:29.987410] [WARN] High memory usage detected
[2025-11-07T11:40:29.987419] [DEBUG] HTTP request headers parsed
[2025-11-07T11:40:29.987415] [DEBUG] Timer set: 30 seconds
[2025-11-07T11:40:29.987403] [INFO] Cache hit
[2025-11-07T11:40:29.987400] [INFO] Service initialized
[2025-11-07T11:40:29.987395] [INFO] Health check passed
[2025-11-07T11:40:29.987419] [DEBUG] Connection pool status checked
