[2025-11-07T11:40:29.807954] [WARN] Connection retry attempt
[2025-11-07T11:40:29.807967] [DEBUG] Variable value: x=42
[2025-11-07T11:40:29.807963] [DEBUG] Cache key generated
[2025-11-07T11:40:29.807955] [WARN] Queue size growing
[2025-11-07T11:40:29.807948] [INFO] Configuration loaded
[2025-11-07T11:40:29.807960] [ERROR] Memory allocation error
[2025-11-07T11:40:29.807941] [INFO] Connection established
[2025-11-07T11:40:29.807951] [INFO] Database query executed
[2025-11-07T11:40:29.807939] [INFO] Session started
[2025-11-07T11:40:29.807944] [INFO] Session started
[2025-11-07T11:40:29.807947] [INFO] Transaction completed
[2025-11-07T11:40:29.807959] [ERROR] Service unavailable
[2025-11-07T11:40:29.807957] [WARN] Connection retry attempt
[2025-11-07T11:40:29.807968] [DEBUG] Loop iteration: 15
[2025-11-07T11:40:29.807965] [DEBUG] Thread pool size: 8
[2025-11-07T11:40:29.807943] [INFO] Transaction completed
[2025-11-07T11:40:29.807961] [DEBUG] Cache key generated
[2025-11-07T11:40:29.807958] [WARN] Rate limit approaching
[2025-11-07T11:40:29.807945] [INFO] User logged in
[2025-11-07T11:40:29.807952] [INFO] User logged in
[2025-11-07T11:40:29.807946] [INFO] Health check passed
[2025-11-07T11:40:29.807963] [DEBUG] HTTP request headers parsed
[2025-11-07T11:40:29.807956] [WARN] High memory usage detected
[2025-11-07T11:40:29.807950] [INFO] Cache hit
[2025-11-07T11:40:29.807964] [DEBUG] Buffer size: 4096 bytes
[2025-11-07T11:40:29.807966] [DEBUG] Entering function process_data()
[2025-11-07T11:40:29.807942] [INFO] Database query executed
[2025-11-07T11:40:29.807949] [INFO] Request processed successfully
[2025-11-07T11:40:29.807953] [INFO] Health check passed
