[2025-11-07T11:40:29.963475] [INFO] Transaction completed
[2025-11-07T11:40:29.963481] [WARN] High memory usage detected
[2025-11-07T11:40:29.963469] [INFO] Configuration loaded
[2025-11-07T11:40:29.963479] [INFO] Cache hit
[2025-11-07T11:40:29.963488] [DEBUG] HTTP request headers parsed
[2025-11-07T11:40:29.963499] [DEBUG] Thread pool size: 8
[2025-11-07T11:40:29.963465] [INFO] Service initialized
[2025-11-07T11:40:29.963498] [DEBUG] Entering function process_data()
[2025-11-07T11:40:29.963472] [INFO] Connection established
[2025-11-07T11:40:29.963474] [INFO] Configuration loaded
[2025-11-07T11:40:29.963477] [INFO] Service initialized
[2025-11-07T11:40:29.963470] [INFO] Health check passed
[2025-11-07T11:40:29.963478] [INFO] Request processed successfully
[2025-11-07T11:40:29.963485] [ERROR] File not found
[2025-11-07T11:40:29.963497] [DEBUG] Memory allocation: 2048 bytes
[2025-11-07T11:40:29.963493] [DEBUG] Connection pool status checked
[2025-11-07T11:40:29.963476] [INFO] Service initialized
[2025-11-07T11:40:29.963491] [DEBUG] Loop iteration: 15
[2025-11-07T11:40:29.963483] [ERROR] Disk read failed
[2025-11-07T11:40:29.963480] [INFO] Request processed successfully
[2025-11-07T11:40:29.963492] [DEBUG] Thread pool size: 8
[2025-11-07T11:40:29.963468] [INFO] Transaction completed
[2025-11-07T11:40:29.963473] [INFO] Health check passed
[2025-11-07T11:40:29.963494] [DEBUG] Loop iteration: 15
[2025-11-07T11:40:29.963490] [DEBUG] Cache key generated
[2025-11-07T11:40:29.963482] [WARN] Queue size growing
[2025-11-07T11:40:29.963496] [DEBUG] Memory allocation: 2048 bytes
[2025-11-07T11:40:29.963487] [DEBUG] Loop iteration: 15
[2025-11-07T11:40:29.963492] [DEBUG] Entering function process_data()
[2025-11-07T11:40:29.963489] [DEBUG] Memory allocation: 2048 bytes
[2025-11-07T11:40:29.963495] [DEBUG] Cache key generated
[2025-11-07T11:40:29.963471] [INFO] Cache hit
[2025-11-07T11:40:29.963467] [INFO] Session started
[2025-11-07T11:40:29.963486] [ERROR] Authentication failed
[2025-11-07T11:40:29.963473] [INFO] Cache hit
