[2025-11-07T11:40:29.763691] [INFO] Transaction completed
[2025-11-07T11:40:29.763700] [DEBUG] HTTP request headers parsed
[2025-11-07T11:40:29.763707] [DEBUG] Entering function process_data()
[2025-11-07T11:40:29.763704] [DEBUG] Entering function process_data()
[2025-11-07T11:40:29.763697] [INFO] Request processed successfully
[2025-11-07T11:40:29.763698] [WARN] Deprecated API usage
[2025-11-07T11:40:29.763681] [INFO] Cache hit
[2025-11-07T11:40:29.763699] [ERROR] Invalid input data
[2025-11-07T11:40:29.763692] [INFO] Configuration loaded
[2025-11-07T11:40:29.763688] [INFO] Request processed successfully
[2025-11-07T11:40:29.763686] [INFO] Request processed successfully
[2025-11-07T11:40:29.763687] [INFO] Configuration loaded
[2025-11-07T11:40:29.763694] [INFO] Configuration loaded
[2025-11-07T11:40:29.763703] [DEBUG] Cache key generated
[2025-11-07T11:40:29.763684] [INFO] Transaction completed
[2025-11-07T11:40:29.763690] [INFO] Transaction completed
[2025-11-07T11:40:29.763701] [DEBUG] Loop iteration: 15
[2025-11-07T11:40:29.763689] [INFO] Connection established
[2025-11-07T11:40:29.763680] [INFO] Connection established
[2025-11-07T11:40:29.763683] [INFO] Connection established
[2025-11-07T11:40:29.763696] [INFO] Session started
[2025-11-07T11:40:29.763708] [DEBUG] Variable value: x=42
[2025-11-07T11:40:29.763711] [DEBUG] Loop iteration: 15
[2025-11-07T11:40:29.763710] [DEBUG] Entering function process_data()
[2025-11-07T11:40:29.763685] [INFO] Cache hit
[2025-11-07T11:40:29.763693] [INFO] Connection established
[2025-11-07T11:40:29.763682] [INFO] Cache hit
[2025-11-07T11:40:29.763705] [DEBUG] Loop iteration: 15
[2025-11-07T11:40:29.763695] [INFO] Request processed successfully
[2025-11-07T11:40:29.763702] [DEBUG] Variable value: x=42
[2025-11-07T11:40:29.763709] [DEBUG] Variable value: x=42
[2025-11-07T11:40:29.763706] [DEBUG] Memory allocation: 2048 bytes
[2025-11-07T11:40:29.763679] [INFO] Health check passed
