[2025-11-07T11:40:29.529809] [INFO] Connection established
[2025-11-07T11:40:29.529800] [INFO] Configuration loaded
[2025-11-07T11:40:29.529819] [DEBUG] Connection pool status checked
[2025-11-07T11:40:29.529810] [WARN] High memory usage detected
[2025-11-07T11:40:29.529806] [INFO] Configuration loaded
[2025-11-07T11:40:29.529820] [DEBUG] Entering function process_data()
[2025-11-07T11:40:29.529795] [INFO] Health check passed
[2025-11-07T11:40:29.529811] [WARN] Timeout warning
[2025-11-07T11:40:29.529796] [INFO] Service initialized
[2025-11-07T11:40:29.529798] [INFO] Database query executed
[2025-11-07T11:40:29.529821] [DEBUG] Memory allocation: 2048 bytes
[2025-11-07T11:40:29.529817] [DEBUG] Memory allocation: 2048 bytes
[2025-11-07T11:40:29.529807] [INFO] Connection established
[2025-11-07T11:40:29.529812] [WARN] Queue size growing
[2025-11-07T11:40:29.529797] [INFO] Transaction completed
[2025-11-07T11:40:29.529801] [INFO] Connection established
[2025-11-07T11:40:29.529802] [INFO] Session started
[2025-11-07T11:40:29.529818] [DEBUG] HTTP request headers parsed
[2025-11-07T11:40:29.529806] [INFO] User logged in
[2025-11-07T11:40:29.529825] [DEBUG] HTTP request headers parsed
[2025-11-07T11:40:29.529793] [INFO] Health check passed
[2025-11-07T11:40:29.529808] [INFO] Database query executed
[2025-11-07T11:40:29.529822] [DEBUG] Cache key generated
[2025-11-07T11:40:29.529804] [INFO] Session started
[2025-11-07T11:40:29.529794] [INFO] Request processed successfully
[2025-11-07T11:40:29.529823] [DEBUG] Variable value: x=42
[2025-11-07T11:40:29.529816] [ERROR] Database connection lost
[2025-11-07T11:40:29.529805] [INFO] Session started
[2025-11-07T11:40:29.529813] [WARN] Resource threshold approaching
[2025-11-07T11:40:29.529824] [DEBUG] HTTP request headers parsed
[2025-11-07T11:40:29.529803] [INFO] Service initialized
[2025-11-07T11:40:29.529815] [ERROR] Network timeout
[2025-11-07T11:40:29.529814] [WARN] Resource threshold approaching
[2025-11-07T11:40:29.529799] [INFO] Connection established
