[2025-11-07T11:40:29.789212] [INFO] User logged in
[2025-11-07T11:40:29.789209] [INFO] Service initialized
[2025-11-07T11:40:29.789232] [DEBUG] Connection pool status checked
[2025-11-07T11:40:29.789223] [INFO] User logged in
[2025-11-07T11:40:29.789227] [WARN] Connection retry attempt
[2025-11-07T11:40:29.789220] [INFO] Health check passed
[2025-11-07T11:40:29.789224] [WARN] Connection retry attempt
[2025-11-07T11:40:29.789225] [WARN] Rate limit approaching
[2025-11-07T11:40:29.789210] [INFO] Database query executed
[2025-11-07T11:40:29.789237] [DEBUG] Timer set: 30 seconds
[2025-11-07T11:40:29.789219] [INFO] User logged in
[2025-11-07T11:40:29.789217] [INFO] Session started
[2025-11-07T11:40:29.789211] [INFO] Transaction completed
[2025-11-07T11:40:29.789238] [DEBUG] Cache key generated
[2025-11-07T11:40:29.789221] [INFO] Configuration loaded
[2025-11-07T11:40:29.789218] [INFO] Session started
[2025-11-07T11:40:29.789229] [ERROR] Request failed
[2025-11-07T11:40:29.789230] [ERROR] Memory allocation error
[2025-11-07T11:40:29.789239] [DEBUG] Buffer size: 4096 bytes
[2025-11-07T11:40:29.789214] [INFO] User logged in
[2025-11-07T11:40:29.789235] [DEBUG] Memory allocation: 2048 bytes
[2025-11-07T11:40:29.789233] [DEBUG] Cache key generated
[2025-11-07T11:40:29.789234] [DEBUG] Entering function process_data()
[2025-11-07T11:40:29.789226] [WARN] Timeout warning
[2025-11-07T11:40:29.789236] [DEBUG] Cache key generated
[2025-11-07T11:40:29.789216] [INFO] Request processed successfully
[2025-11-07T11:40:29.789213] [INFO] Connection established
[2025-11-07T11:40:29.789222] [INFO] Service initialized
[2025-11-07T11:40:29.789215] [INFO] Session started
[2025-11-07T11:40:29.789231] [DEBUG] Thread pool size: 8
[2025-11-07T11:40:29.789228] [WARN] Queue size growing
