[2025-11-07T11:40:30.016233] [INFO] Configuration loaded
[2025-11-07T11:40:30.016239] [WARN] Queue size growing
[2025-11-07T11:40:30.016241] [WARN] Timeout warning
[2025-11-07T11:40:30.016234] [INFO] Health check passed
[2025-11-07T11:40:30.016220] [INFO] Service initialized
[2025-11-07T11:40:30.016236] [INFO] Service initialized
[2025-11-07T11:40:30.016245] [DEBUG] Memory allocation: 2048 bytes
[2025-11-07T11:40:30.016222] [INFO] Connection established
[2025-11-07T11:40:30.016228] [INFO] Service initialized
[2025-11-07T11:40:30.016230] [INFO] Transaction completed
[2025-11-07T11:40:30.016229] [INFO] Cache hit
[2025-11-07T11:40:30.016246] [DEBUG] Buffer size: 4096 bytes
[2025-11-07T11:40:30.016247] [DEBUG] Buffer size: 4096 bytes
[2025-11-07T11:40:30.016249] [DEBUG] Buffer size: 4096 bytes
[2025-11-07T11:40:30.016224] [INFO] Cache hit
[2025-11-07T11:40:30.016243] [ERROR] File not found
[2025-11-07T11:40:30.016235] [INFO] User logged in
[2025-11-07T11:40:30.016240] [WARN] Cache miss
[2025-11-07T11:40:30.016250] [DEBUG] Memory allocation: 2048 bytes
[2025-11-07T11:40:30.016227] [INFO] Transaction completed
[2025-11-07T11:40:30.016226] [INFO] Transaction completed
[2025-11-07T11:40:30.016237] [WARN] Disk space low
[2025-11-07T11:40:30.016238] [WARN] Resource threshold approaching
[2025-11-07T11:40:30.016244] [DEBUG] HTTP request headers parsed
[2025-11-07T11:40:30.016248] [DEBUG] Timer set: 30 seconds
[2025-11-07T11:40:30.016248] [DEBUG] Timer set: 30 seconds
[2025-11-07T11:40:30.016232] [INFO] Cache hit
[2025-11-07T11:40:30.016242] [WARN] High memory usage detected
[2025-11-07T11:40:30.016225] [INFO] Cache hit
[2025-11-07T11:40:30.016231] [INFO] Health check passed
[2025-11-07T11:40:30.016221] [INFO] Session started
[2025-11-07T11:40:30.016223] [INFO] Health check passed
