[2025-11-07T11:40:30.268821] [INFO] Session started
[2025-11-07T11:40:30.268822] [INFO] Configuration loaded
[2025-11-07T11:40:30.268848] [DEBUG] Buffer size: 4096 bytes
[2025-11-07T11:40:30.268850] [DEBUG] Entering function process_data()
[2025-11-07T11:40:30.268841] [DEBUG] Memory allocation: 2048 bytes
[2025-11-07T11:40:30.268794] [INFO] Cache hit
[2025-11-07T11:40:30.268847] [DEBUG] Thread pool size: 8
[2025-11-07T11:40:30.268830] [INFO] Database query executed
[2025-11-07T11:40:30.268799] [INFO] Request processed successfully
[2025-11-07T11:40:30.268823] [INFO] Configuration loaded
[2025-11-07T11:40:30.268801] [INFO] Session started
[2025-11-07T11:40:30.268836] [WARN] High memory usage detected
[2025-11-07T11:40:30.268824] [INFO] Request processed successfully
[2025-11-07T11:40:30.268832] [INFO] Configuration loaded
[2025-11-07T11:40:30.268831] [INFO] Service initialized
[2025-11-07T11:40:30.268837] [WARN] Cache miss
[2025-11-07T11:40:30.268819] [INFO] Transaction completed
[2025-11-07T11:40:30.268826] [INFO] Health check passed
[2025-11-07T11:40:30.268833] [INFO] Request processed successfully
[2025-11-07T11:40:30.268843] [DEBUG] Buffer size: 4096 bytes
[2025-11-07T11:40:30.268838] [WARN] Deprecated API usage
[2025-11-07T11:40:30.268816] [INFO] Transaction completed
[2025-11-07T11:40:30.268829] [INFO] Configuration loaded
[2025-11-07T11:40:30.268818] [INFO] Transaction completed
[2025-11-07T11:40:30.268844] [DEBUG] Connection pool status checked
[2025-11-07T11:40:30.268840] [ERROR] Invalid input data
[2025-11-07T11:40:30.268835] [WARN] High memory usage detected
[2025-11-07T11:40:30.268846] [DEBUG] Entering function process_data()
[2025-11-07T11:40:30.268798] [INFO] Service initialized
[2025-11-07T11:40:30.268828] [INFO] User logged in
[2025-11-07T11:40:30.268842] [DEBUG] Timer set: 30 seconds
[2025-11-07T11:40:30.268845] [DEBUG] Loop iteration: 15
[2025-11-07T11:40:30.268796] [INFO] Cache hit
[2025-11-07T11:40:30.268839] [ERROR] Database connection lost
[2025-11-07T11:40:30.268827] [INFO] Service initialized
[2025-11-07T11:40:30.268815] [INFO] Request processed successfully
