[2025-11-07T11:40:29.899423] [INFO] Configuration loaded
[2025-11-07T11:40:29.899422] [INFO] Transaction completed
[2025-11-07T11:40:29.899433] [DEBUG] Cache key generated
[2025-11-07T11:40:29.899427] [INFO] Session started
[2025-11-07T11:40:29.899429] [WARN] Queue size growing
[2025-11-07T11:40:29.899435] [DEBUG] Buffer size: 4096 bytes
[2025-11-07T11:40:29.899420] [INFO] Configuration loaded
[2025-11-07T11:40:29.899426] [INFO] User logged in
[2025-11-07T11:40:29.899440] [DEBUG] Loop iteration: 15
[2025-11-07T11:40:29.899430] [WARN] Disk space low
[2025-11-07T11:40:29.899439] [DEBUG] Cache key generated
[2025-11-07T11:40:29.899421] [INFO] Database query executed
[2025-11-07T11:40:29.899425] [INFO] Health check passed
[2025-11-07T11:40:29.899431] [ERROR] Authentication failed
[2025-11-07T11:40:29.899441] [DEBUG] Memory allocation: 2048 bytes
[2025-11-07T11:40:29.899434] [DEBUG] Cache key generated
[2025-11-07T11:40:29.899437] [DEBUG] Variable value: x=42
[2025-11-07T11:40:29.899438] [DEBUG] Variable value: x=42
[2025-11-07T11:40:29.899416] [INFO] User logged in
[2025-11-07T11:40:29.899436] [DEBUG] Timer set: 30 seconds
[2025-11-07T11:40:29.899428] [INFO] Connection established
[2025-11-07T11:40:29.899418] [INFO] User logged in
[2025-11-07T11:40:29.899417] [INFO] Transaction completed
[2025-11-07T11:40:29.899424] [INFO] Session started
[2025-11-07T11:40:29.899415] [INFO] Service initialized
[2025-11-07T11:40:29.899419] [INFO] Cache hit
[2025-11-07T11:40:29.899413] [INFO] Connection established
