[2025-11-07T11:40:30.146559] [INFO] User logged in
[2025-11-07T11:40:30.146582] [DEBUG] Buffer size: 4096 bytes
[2025-11-07T11:40:30.146574] [INFO] Connection established
[2025-11-07T11:40:30.146575] [WARN] Resource threshold approaching
[2025-11-07T11:40:30.146565] [INFO] Service initialized
[2025-11-07T11:40:30.146563] [INFO] Connection established
[2025-11-07T11:40:30.146569] [INFO] User logged in
[2025-11-07T11:40:30.146583] [DEBUG] Memory allocation: 2048 bytes
[2025-11-07T11:40:30.146564] [INFO] Transaction completed
[2025-11-07T11:40:30.146573] [INFO] Service initialized
[2025-11-07T11:40:30.146578] [DEBUG] Cache key generated
[2025-11-07T11:40:30.146562] [INFO] Database query executed
[2025-11-07T11:40:30.146570] [INFO] Cache hit
[2025-11-07T11:40:30.146579] [DEBUG] Timer set: 30 seconds
[2025-11-07T11:40:30.146585] [DEBUG] Variable value: x=42
[2025-11-07T11:40:30.146577] [ERROR] Database connection lost
[2025-11-07T11:40:30.146561] [INFO] Connection established
[2025-11-07T11:40:30.146581] [DEBUG] Cache key generated
[2025-11-07T11:40:30.146572] [INFO] Cache hit
[2025-11-07T11:40:30.146567] [INFO] Cache hit
[2025-11-07T11:40:30.146580] [DEBUG] Cache key generated
[2025-11-07T11:40:30.146576] [ERROR] Authentication failed
[2025-11-07T11:40:30.146584] [DEBUG] Timer set: 30 seconds
[2025-11-07T11:40:30.146566] [INFO] Transaction completed
[2025-11-07T11:40:30.146571] [INFO] Transaction completed
[2025-11-07T11:40:30.146587] [DEBUG] HTTP request headers parsed
[2025-11-07T11:40:30.146568] [INFO] Service initialized
