[2025-11-07T11:40:30.137068] [INFO] Configuration loaded
[2025-11-07T11:40:30.137086] [DEBUG] Buffer size: 4096 bytes
[2025-11-07T11:40:30.137077] [ERROR] Request failed
[2025-11-07T11:40:30.137085] [DEBUG] Timer set: 30 seconds
[2025-11-07T11:40:30.137083] [DEBUG] Loop iteration: 15
[2025-11-07T11:40:30.137074] [WARN] Resource threshold approaching
[2025-11-07T11:40:30.137063] [INFO] Transaction completed
[2025-11-07T11:40:30.137088] [DEBUG] Cache key generated
[2025-11-07T11:40:30.137064] [INFO] Database query executed
[2025-11-07T11:40:30.137067] [INFO] Transaction completed
[2025-11-07T11:40:30.137079] [DEBUG] Buffer size: 4096 bytes
[2025-11-07T11:40:30.137069] [INFO] Session started
[2025-11-07T11:40:30.137070] [INFO] Request processed successfully
[2025-11-07T11:40:30.137087] [DEBUG] Buffer size: 4096 bytes
[2025-11-07T11:40:30.137066] [INFO] Service initialized
[2025-11-07T11:40:30.137075] [WARN] Timeout warning
[2025-11-07T11:40:30.137062] [INFO] Session started
[2025-11-07T11:40:30.137071] [INFO] Health check passed
[2025-11-07T11:40:30.137073] [INFO] Session started
[2025-11-07T11:40:30.137082] [DEBUG] HTTP request headers parsed
[2025-11-07T11:40:30.137076] [WARN] Rate limit approaching
[2025-11-07T11:40:30.137080] [DEBUG] Connection pool status checked
[2025-11-07T11:40:30.137061] [INFO] Connection established
[2025-11-07T11:40:30.137072] [INFO] Transaction completed
[2025-11-07T11:40:30.137078] [ERROR] File not found
[2025-11-07T11:40:30.137065] [INFO] Cache hit
[2025-11-07T11:40:30.137084] [DEBUG] Loop iteration: 15
[2025-11-07T11:40:30.137081] [DEBUG] Loop iteration: 15
[2025-11-07T11:40:30.137059] [INFO] Cache hit
