[2025-11-07T11:40:29.419164] [INFO] Request processed successfully
[2025-11-07T11:40:29.419165] [INFO] Session started
[2025-11-07T11:40:29.419187] [DEBUG] Buffer size: 4096 bytes
[2025-11-07T11:40:29.419168] [WARN] High memory usage detected
[2025-11-07T11:40:29.419166] [INFO] Session started
[2025-11-07T11:40:29.419178] [DEBUG] Thread pool size: 8
[2025-11-07T11:40:29.419169] [WARN] Cache miss
[2025-11-07T11:40:29.419177] [DEBUG] Buffer size: 4096 bytes
[2025-11-07T11:40:29.419183] [DEBUG] Timer set: 30 seconds
[2025-11-07T11:40:29.419174] [WARN] Timeout warning
[2025-11-07T11:40:29.419184] [DEBUG] Cache key generated
[2025-11-07T11:40:29.419175] [WARN] Cache miss
[2025-11-07T11:40:29.419159] [INFO] Request processed successfully
[2025-11-07T11:40:29.419179] [DEBUG] HTTP request headers parsed
[2025-11-07T11:40:29.419170] [WARN] Slow query performance
[2025-11-07T11:40:29.419188] [DEBUG] Connection pool status checked
[2025-11-07T11:40:29.419171] [WARN] Connection retry attempt
[2025-11-07T11:40:29.419173] [WARN] Timeout warning
[2025-11-07T11:40:29.419172] [WARN] Slow query performance
[2025-11-07T11:40:29.419185] [DEBUG] Thread pool size: 8
[2025-11-07T11:40:29.419155] [INFO] Database query executed
[2025-11-07T11:40:29.419161] [INFO] Session started
[2025-11-07T11:40:29.419162] [INFO] Configuration loaded
[2025-11-07T11:40:29.419180] [DEBUG] Timer set: 30 seconds
[2025-11-07T11:40:29.419167] [INFO] Service initialized
[2025-11-07T11:40:29.419163] [INFO] Request processed successfully
[2025-11-07T11:40:29.419157] [INFO] Health check passed
[2025-11-07T11:40:29.419156] [INFO] Cache hit
[2025-11-07T11:40:29.419158] [INFO] Connection established
[2025-11-07T11:40:29.419160] [INFO] Transaction completed
[2025-11-07T11:40:29.419161] [INFO] Configuration loaded
[2025-11-07T11:40:29.419176] [ERROR] File not found
[2025-11-07T11:40:29.419182] [DEBUG] Connection pool status checked
[2025-11-07T11:40:29.419181] [DEBUG] Buffer size: 4096 bytes
[2025-11-07T11:40:29.419153] [INFO] Session started
[2025-11-07T11:40:29.419186] [DEBUG] Memory allocation: 2048 bytes
