[2025-11-07T11:40:30.346603] [INFO] Configuration loaded
[2025-11-07T11:40:30.346608] [ERROR] Database connection lost
[2025-11-07T11:40:30.346600] [INFO] Request processed successfully
[2025-11-07T11:40:30.346589] [INFO] Connection established
[2025-11-07T11:40:30.346588] [INFO] Configuration loaded
[2025-11-07T11:40:30.346607] [ERROR] Memory allocation error
[2025-11-07T11:40:30.346606] [WARN] Cache miss
[2025-11-07T11:40:30.346590] [INFO] Cache hit
[2025-11-07T11:40:30.346602] [INFO] Request processed successfully
[2025-11-07T11:40:30.346596] [INFO] Configuration loaded
[2025-11-07T11:40:30.346594] [INFO] Database query executed
[2025-11-07T11:40:30.346611] [DEBUG] Variable value: x=42
[2025-11-07T11:40:30.346599] [INFO] User logged in
[2025-11-07T11:40:30.346610] [DEBUG] HTTP request headers parsed
[2025-11-07T11:40:30.346598] [INFO] Database query executed
[2025-11-07T11:40:30.346601] [INFO] Health check passed
[2025-11-07T11:40:30.346605] [WARN] Slow query performance
[2025-11-07T11:40:30.346616] [DEBUG] Connection pool status checked
[2025-11-07T11:40:30.346591] [INFO] User logged in
[2025-11-07T11:40:30.346604] [WARN] Rate limit approaching
[2025-11-07T11:40:30.346615] [DEBUG] Loop iteration: 15
[2025-11-07T11:40:30.346593] [INFO] Session started
[2025-11-07T11:40:30.346597] [INFO] Service initialized
[2025-11-07T11:40:30.346592] [INFO] Connection established
[2025-11-07T11:40:30.346612] [DEBUG] Loop iteration: 15
[2025-11-07T11:40:30.346613] [DEBUG] HTTP request headers parsed
[2025-11-07T11:40:30.346614] [DEBUG] Connection pool status checked
[2025-11-07T11:40:30.346595] [INFO] Database query executed
