[2025-11-07T11:40:29.551004] [DEBUG] Memory allocation: 2048 bytes
[2025-11-07T11:40:29.550987] [INFO] Configuration loaded
[2025-11-07T11:40:29.550998] [ERROR] Memory allocation error
[2025-11-07T11:40:29.550994] [WARN] Disk space low
[2025-11-07T11:40:29.550974] [INFO] Transaction completed
[2025-11-07T11:40:29.550985] [INFO] Session started
[2025-11-07T11:40:29.551006] [DEBUG] HTTP request headers parsed
[2025-11-07T11:40:29.551007] [DEBUG] Thread pool size: 8
[2025-11-07T11:40:29.550997] [WARN] Slow query performance
[2025-11-07T11:40:29.550985] [INFO] Cache hit
[2025-11-07T11:40:29.550984] [INFO] Configuration loaded
[2025-11-07T11:40:29.551003] [DEBUG] Buffer size: 4096 bytes
[2025-11-07T11:40:29.550976] [INFO] User logged in
[2025-11-07T11:40:29.551001] [DEBUG] Cache key generated
[2025-11-07T11:40:29.550988] [INFO] Configuration loaded
[2025-11-07T11:40:29.550993] [WARN] Timeout warning
[2025-11-07T11:40:29.550979] [INFO] Connection established
[2025-11-07T11:40:29.550995] [WARN] Rate limit approaching
[2025-11-07T11:40:29.550983] [INFO] Configuration loaded
[2025-11-07T11:40:29.551002] [DEBUG] Cache key generated
[2025-11-07T11:40:29.551005] [DEBUG] HTTP request headers parsed
[2025-11-07T11:40:29.551008] [DEBUG] HTTP request headers parsed
[2025-11-07T11:40:29.550987] [INFO] Configuration loaded
[2025-11-07T11:40:29.550992] [WARN] Deprecated API usage
[2025-11-07T11:40:29.551000] [DEBUG] Loop iteration: 15
[2025-11-07T11:40:29.550989] [INFO] Service initialized
[2025-11-07T11:40:29.550978] [INFO] Database query executed
[2025-11-07T11:40:29.550991] [INFO] Cache hit
[2025-11-07T11:40:29.550996] [WARN] Rate limit approaching
[2025-11-07T11:40:29.550980] [INFO] Database query executed
[2025-11-07T11:40:29.550981] [INFO] Transaction completed
[2025-11-07T11:40:29.550990] [INFO] Health check passed
[2025-11-07T11:40:29.550977] [INFO] Connection established
[2025-11-07T11:40:29.550999] [ERROR] Authentication failed
[2025-11-07T11:40:29.550982] [INFO] Cache hit
