[2025-11-07T11:40:29.358748] [INFO] Cache hit
[2025-11-07T11:40:29.358745] [INFO] Connection established
[2025-11-07T11:40:29.358764] [ERROR] Permission denied
[2025-11-07T11:40:29.358765] [ERROR] Memory allocation error
[2025-11-07T11:40:29.358753] [INFO] Connection established
[2025-11-07T11:40:29.358754] [INFO] Cache hit
[2025-11-07T11:40:29.358752] [INFO] Health check passed
[2025-11-07T11:40:29.358771] [DEBUG] Timer set: 30 seconds
[2025-11-07T11:40:29.358771] [DEBUG] Entering function process_data()
[2025-11-07T11:40:29.358767] [DEBUG] Loop iteration: 15
[2025-11-07T11:40:29.358747] [INFO] Cache hit
[2025-11-07T11:40:29.358751] [INFO] User logged in
[2025-11-07T11:40:29.358756] [INFO] Cache hit
[2025-11-07T11:40:29.358755] [INFO] Service initialized
[2025-11-07T11:40:29.358750] [INFO] Transaction completed
[2025-11-07T11:40:29.358761] [WARN] Disk space low
[2025-11-07T11:40:29.358769] [DEBUG] Buffer size: 4096 bytes
[2025-11-07T11:40:29.358758] [INFO] Request processed successfully
[2025-11-07T11:40:29.358760] [WARN] Slow query performance
[2025-11-07T11:40:29.358759] [WARN] High memory usage detected
[2025-11-07T11:40:29.358762] [WARN] High memory usage detected
[2025-11-07T11:40:29.358749] [INFO] Health check passed
[2025-11-07T11:40:29.358757] [INFO] Configuration loaded
[2025-11-07T11:40:29.358763] [WARN] Slow query performance
[2025-11-07T11:40:29.358768] [DEBUG] Variable value: x=42
[2025-11-07T11:40:29.358763] [WARN] Rate limit approaching
[2025-11-07T11:40:29.358772] [DEBUG] Thread pool size: 8
[2025-11-07T11:40:29.358767] [DEBUG] Memory allocation: 2048 bytes
