[2025-11-07T11:40:30.063064] [DEBUG] Connection pool status checked
[2025-11-07T11:40:30.063050] [INFO] Database query executed
[2025-11-07T11:40:30.063046] [INFO] Cache hit
[2025-11-07T11:40:30.063062] [WARN] Slow query performance
[2025-11-07T11:40:30.063067] [DEBUG] HTTP request headers parsed
[2025-11-07T11:40:30.063045] [INFO] Transaction completed
[2025-11-07T11:40:30.063060] [INFO] Cache hit
[2025-11-07T11:40:30.063051] [INFO] Service initialized
[2025-11-07T11:40:30.063052] [INFO] Connection established
[2025-11-07T11:40:30.063043] [INFO] Health check passed
[2025-11-07T11:40:30.063070] [DEBUG] Memory allocation: 2048 bytes
[2025-11-07T11:40:30.063048] [INFO] Transaction completed
[2025-11-07T11:40:30.063057] [INFO] Request processed successfully
[2025-11-07T11:40:30.063052] [INFO] Transaction completed
[2025-11-07T11:40:30.063065] [DEBUG] Thread pool size: 8
[2025-11-07T11:40:30.063056] [INFO] Connection established
[2025-11-07T11:40:30.063058] [INFO] Database query executed
[2025-11-07T11:40:30.063066] [DEBUG] Memory allocation: 2048 bytes
[2025-11-07T11:40:30.063053] [INFO] Database query executed
[2025-11-07T11:40:30.063055] [INFO] Service initialized
[2025-11-07T11:40:30.063061] [INFO] Session started
[2025-11-07T11:40:30.063047] [INFO] User logged in
[2025-11-07T11:40:30.063059] [INFO] Session started
[2025-11-07T11:40:30.063069] [DEBUG] Memory allocation: 2048 bytes
[2025-11-07T11:40:30.063068] [DEBUG] Variable value: x=42
[2025-11-07T11:40:30.063063] [ERROR] File not found
[2025-11-07T11:40:30.063049] [INFO] Transaction completed
[2025-11-07T11:40:30.063054] [INFO] Database query executed
