[2025-11-07T11:40:30.124898] [INFO] Cache hit
[2025-11-07T11:40:30.124890] [INFO] Service initialized
[2025-11-07T11:40:30.124909] [DEBUG] Timer set: 30 seconds
[2025-11-07T11:40:30.124891] [INFO] Connection established
[2025-11-07T11:40:30.124917] [DEBUG] Entering function process_data()
[2025-11-07T11:40:30.124903] [INFO] Configuration loaded
[2025-11-07T11:40:30.124899] [INFO] Configuration loaded
[2025-11-07T11:40:30.124918] [DEBUG] Timer set: 30 seconds
[2025-11-07T11:40:30.124910] [DEBUG] Variable value: x=42
[2025-11-07T11:40:30.124913] [DEBUG] Connection pool status checked
[2025-11-07T11:40:30.124892] [INFO] Service initialized
[2025-11-07T11:40:30.124916] [DEBUG] Variable value: x=42
[2025-11-07T11:40:30.124897] [INFO] Transaction completed
[2025-11-07T11:40:30.124905] [WARN] High memory usage detected
[2025-11-07T11:40:30.124915] [DEBUG] Memory allocation: 2048 bytes
[2025-11-07T11:40:30.124896] [INFO] User logged in
[2025-11-07T11:40:30.124895] [INFO] Health check passed
[2025-11-07T11:40:30.124902] [INFO] Database query executed
[2025-11-07T11:40:30.124911] [DEBUG] Timer set: 30 seconds
[2025-11-07T11:40:30.124893] [INFO] Database query executed
[2025-11-07T11:40:30.124894] [INFO] Session started
[2025-11-07T11:40:30.124904] [WARN] Queue size growing
[2025-11-07T11:40:30.124908] [DEBUG] Thread pool size: 8
[2025-11-07T11:40:30.124906] [ERROR] Disk read failed
[2025-11-07T11:40:30.124912] [DEBUG] Entering function process_data()
[2025-11-07T11:40:30.124907] [ERROR] Network timeout
[2025-11-07T11:40:30.124914] [DEBUG] Thread pool size: 8
[2025-11-07T11:40:30.124901] [INFO] Health check passed
