[2025-11-07T11:40:30.155344] [DEBUG] Loop iteration: 15
[2025-11-07T11:40:30.155329] [INFO] Session started
[2025-11-07T11:40:30.155335] [INFO] Health check passed
[2025-11-07T11:40:30.155342] [ERROR] Memory allocation error
[2025-11-07T11:40:30.155337] [INFO] Database query executed
[2025-11-07T11:40:30.155348] [DEBUG] HTTP request headers parsed
[2025-11-07T11:40:30.155340] [WARN] Deprecated API usage
[2025-11-07T11:40:30.155345] [DEBUG] Connection pool status checked
[2025-11-07T11:40:30.155338] [WARN] Connection retry attempt
[2025-11-07T11:40:30.155324] [INFO] Health check passed
[2025-11-07T11:40:30.155341] [WARN] Deprecated API usage
[2025-11-07T11:40:30.155326] [INFO] Health check passed
[2025-11-07T11:40:30.155328] [INFO] Transaction completed
[2025-11-07T11:40:30.155343] [ERROR] Service unavailable
[2025-11-07T11:40:30.155334] [INFO] Database query executed
[2025-11-07T11:40:30.155346] [DEBUG] Connection pool status checked
[2025-11-07T11:40:30.155349] [DEBUG] Timer set: 30 seconds
[2025-11-07T11:40:30.155327] [INFO] User logged in
[2025-11-07T11:40:30.155336] [INFO] Health check passed
[2025-11-07T11:40:30.155331] [INFO] Request processed successfully
[2025-11-07T11:40:30.155349] [DEBUG] Connection pool status checked
[2025-11-07T11:40:30.155339] [WARN] Rate limit approaching
[2025-11-07T11:40:30.155330] [INFO] Request processed successfully
[2025-11-07T11:40:30.155332] [INFO] Cache hit
[2025-11-07T11:40:30.155333] [INFO] Connection established
