[2025-11-07T11:40:29.433505] [INFO] Service initialized
[2025-11-07T11:40:29.433514] [WARN] Deprecated API usage
[2025-11-07T11:40:29.433508] [INFO] Cache hit
[2025-11-07T11:40:29.433506] [INFO] Service initialized
[2025-11-07T11:40:29.433500] [INFO] Configuration loaded
[2025-11-07T11:40:29.433492] [INFO] User logged in
[2025-11-07T11:40:29.433504] [INFO] Health check passed
[2025-11-07T11:40:29.433511] [WARN] Resource threshold approaching
[2025-11-07T11:40:29.433499] [INFO] Transaction completed
[2025-11-07T11:40:29.433493] [INFO] Configuration loaded
[2025-11-07T11:40:29.433525] [DEBUG] Memory allocation: 2048 bytes
[2025-11-07T11:40:29.433498] [INFO] Connection established
[2025-11-07T11:40:29.433510] [WARN] Cache miss
[2025-11-07T11:40:29.433515] [WARN] Queue size growing
[2025-11-07T11:40:29.433494] [INFO] Transaction completed
[2025-11-07T11:40:29.433509] [INFO] Session started
[2025-11-07T11:40:29.433503] [INFO] Connection established
[2025-11-07T11:40:29.433496] [INFO] Database query executed
[2025-11-07T11:40:29.433512] [WARN] Slow query performance
[2025-11-07T11:40:29.433521] [DEBUG] Loop iteration: 15
[2025-11-07T11:40:29.433524] [DEBUG] Memory allocation: 2048 bytes
[2025-11-07T11:40:29.433524] [DEBUG] Loop iteration: 15
[2025-11-07T11:40:29.433513] [WARN] Deprecated API usage
[2025-11-07T11:40:29.433497] [INFO] Database query executed
[2025-11-07T11:40:29.433517] [ERROR] Memory allocation error
[2025-11-07T11:40:29.433526] [DEBUG] Loop iteration: 15
[2025-11-07T11:40:29.433520] [DEBUG] Timer set: 30 seconds
[2025-11-07T11:40:29.433516] [ERROR] Network timeout
[2025-11-07T11:40:29.433521] [DEBUG] Cache key generated
[2025-11-07T11:40:29.433502] [INFO] User logged in
[2025-11-07T11:40:29.433507] [INFO] Request processed successfully
[2025-11-07T11:40:29.433501] [INFO] Configuration loaded
[2025-11-07T11:40:29.433519] [DEBUG] Variable value: x=42
[2025-11-07T11:40:29.433523] [DEBUG] Loop iteration: 15
