[2025-11-07T11:40:30.156801] [INFO] Transaction completed
[2025-11-07T11:40:30.156797] [INFO] User logged in
[2025-11-07T11:40:30.156861] [ERROR] Permission denied
[2025-11-07T11:40:30.156804] [INFO] Request processed successfully
[2025-11-07T11:40:30.156881] [DEBUG] Timer set: 30 seconds
[2025-11-07T11:40:30.156858] [ERROR] Permission denied
[2025-11-07T11:40:30.156878] [DEBUG] Variable value: x=42
[2025-11-07T11:40:30.156802] [INFO] Connection established
[2025-11-07T11:40:30.156849] [WARN] High memory usage detected
[2025-11-07T11:40:30.156803] [INFO] Cache hit
[2025-11-07T11:40:30.156873] [DEBUG] Variable value: x=42
[2025-11-07T11:40:30.156840] [INFO] Request processed successfully
[2025-11-07T11:40:30.156795] [INFO] Database query executed
[2025-11-07T11:40:30.156883] [DEBUG] Connection pool status checked
[2025-11-07T11:40:30.156867] [DEBUG] Connection pool status checked
[2025-11-07T11:40:30.156855] [WARN] Slow query performance
[2025-11-07T11:40:30.156852] [WARN] Cache miss
[2025-11-07T11:40:30.156846] [WARN] Slow query performance
[2025-11-07T11:40:30.156800] [INFO] Connection established
[2025-11-07T11:40:30.156870] [DEBUG] Loop iteration: 15
[2025-11-07T11:40:30.156831] [INFO] Transaction completed
[2025-11-07T11:40:30.156799] [INFO] Request processed successfully
[2025-11-07T11:40:30.156864] [DEBUG] Cache key generated
[2025-11-07T11:40:30.156806] [INFO] Health check passed
[2025-11-07T11:40:30.156796] [INFO] Configuration loaded
[2025-11-07T11:40:30.156875] [DEBUG] Cache key generated
[2025-11-07T11:40:30.156805] [INFO] Service initialized
[2025-11-07T11:40:30.156886] [DEBUG] Loop iteration: 15
