[2025-11-07T11:40:29.948474] [INFO] Cache hit
[2025-11-07T11:40:29.948486] [DEBUG] Timer set: 30 seconds
[2025-11-07T11:40:29.948452] [INFO] Cache hit
[2025-11-07T11:40:29.948487] [DEBUG] Buffer size: 4096 bytes
[2025-11-07T11:40:29.948493] [DEBUG] Thread pool size: 8
[2025-11-07T11:40:29.948481] [WARN] High memory usage detected
[2025-11-07T11:40:29.948478] [WARN] Slow query performance
[2025-11-07T11:40:29.948484] [ERROR] Permission denied
[2025-11-07T11:40:29.948457] [INFO] Request processed successfully
[2025-11-07T11:40:29.948436] [INFO] Health check passed
[2025-11-07T11:40:29.948459] [INFO] Cache hit
[2025-11-07T11:40:29.948482] [WARN] High memory usage detected
[2025-11-07T11:40:29.948485] [ERROR] Disk read failed
[2025-11-07T11:40:29.948488] [DEBUG] Variable value: x=42
[2025-11-07T11:40:29.948464] [INFO] Transaction completed
[2025-11-07T11:40:29.948479] [WARN] Timeout warning
[2025-11-07T11:40:29.948442] [INFO] Cache hit
[2025-11-07T11:40:29.948454] [INFO] Transaction completed
[2025-11-07T11:40:29.948425] [INFO] Service initialized
[2025-11-07T11:40:29.948462] [INFO] Session started
[2025-11-07T11:40:29.948482] [WARN] High memory usage detected
[2025-11-07T11:40:29.948492] [DEBUG] Thread pool size: 8
[2025-11-07T11:40:29.948489] [DEBUG] Memory allocation: 2048 bytes
[2025-11-07T11:40:29.948439] [INFO] Request processed successfully
[2025-11-07T11:40:29.948494] [DEBUG] Connection pool status checked
[2025-11-07T11:40:29.948377] [INFO] Service initialized
[2025-11-07T11:40:29.948490] [DEBUG] HTTP request headers parsed
[2025-11-07T11:40:29.948449] [INFO] Health check passed
[2025-11-07T11:40:29.948378] [INFO] Request processed successfully
[2025-11-07T11:40:29.948447] [INFO] User logged in
[2025-11-07T11:40:29.948433] [INFO] Connection established
[2025-11-07T11:40:29.948444] [INFO] Service initialized
[2025-11-07T11:40:29.948476] [INFO] Database query executed
[2025-11-07T11:40:29.948491] [DEBUG] Connection pool status checked
