[2025-11-07T11:40:29.583360] [INFO] Configuration loaded
[2025-11-07T11:40:29.583361] [INFO] Transaction completed
[2025-11-07T11:40:29.583381] [DEBUG] Cache key generated
[2025-11-07T11:40:29.583364] [INFO] Database query executed
[2025-11-07T11:40:29.583353] [INFO] Cache hit
[2025-11-07T11:40:29.583368] [INFO] Health check passed
[2025-11-07T11:40:29.583371] [INFO] Request processed successfully
[2025-11-07T11:40:29.583376] [DEBUG] HTTP request headers parsed
[2025-11-07T11:40:29.583370] [INFO] Connection established
[2025-11-07T11:40:29.583368] [INFO] Health check passed
[2025-11-07T11:40:29.583375] [ERROR] File not found
[2025-11-07T11:40:29.583362] [INFO] Database query executed
[2025-11-07T11:40:29.583367] [INFO] Configuration loaded
[2025-11-07T11:40:29.583358] [INFO] Service initialized
[2025-11-07T11:40:29.583356] [INFO] Connection established
[2025-11-07T11:40:29.583384] [DEBUG] Loop iteration: 15
[2025-11-07T11:40:29.583369] [INFO] Database query executed
[2025-11-07T11:40:29.583366] [INFO] Database query executed
[2025-11-07T11:40:29.583373] [WARN] Rate limit approaching
[2025-11-07T11:40:29.583359] [INFO] Request processed successfully
[2025-11-07T11:40:29.583379] [DEBUG] HTTP request headers parsed
[2025-11-07T11:40:29.583378] [DEBUG] Buffer size: 4096 bytes
[2025-11-07T11:40:29.583374] [ERROR] Authentication failed
[2025-11-07T11:40:29.583381] [DEBUG] HTTP request headers parsed
[2025-11-07T11:40:29.583383] [DEBUG] Cache key generated
[2025-11-07T11:40:29.583377] [DEBUG] Connection pool status checked
[2025-11-07T11:40:29.583363] [INFO] Request processed successfully
