[2025-11-07T11:40:29.408776] [INFO] Request processed successfully
[2025-11-07T11:40:29.408796] [DEBUG] Thread pool size: 8
[2025-11-07T11:40:29.408783] [INFO] Request processed successfully
[2025-11-07T11:40:29.408802] [DEBUG] Connection pool status checked
[2025-11-07T11:40:29.408798] [DEBUG] Memory allocation: 2048 bytes
[2025-11-07T11:40:29.408785] [INFO] Database query executed
[2025-11-07T11:40:29.408784] [INFO] Configuration loaded
[2025-11-07T11:40:29.408780] [INFO] Transaction completed
[2025-11-07T11:40:29.408782] [INFO] Transaction completed
[2025-11-07T11:40:29.408789] [WARN] High memory usage detected
[2025-11-07T11:40:29.408778] [INFO] Configuration loaded
[2025-11-07T11:40:29.408792] [WARN] High memory usage detected
[2025-11-07T11:40:29.408793] [WARN] Queue size growing
[2025-11-07T11:40:29.408779] [INFO] Connection established
[2025-11-07T11:40:29.408781] [INFO] Connection established
[2025-11-07T11:40:29.408797] [DEBUG] Cache key generated
[2025-11-07T11:40:29.408801] [DEBUG] Loop iteration: 15
[2025-11-07T11:40:29.408777] [INFO] Request processed successfully
[2025-11-07T11:40:29.408787] [INFO] Session started
[2025-11-07T11:40:29.408794] [WARN] Connection retry attempt
[2025-11-07T11:40:29.408803] [DEBUG] Thread pool size: 8
[2025-11-07T11:40:29.408804] [DEBUG] Variable value: x=42
[2025-11-07T11:40:29.408790] [WARN] High memory usage detected
[2025-11-07T11:40:29.408786] [INFO] Health check passed
[2025-11-07T11:40:29.408800] [DEBUG] HTTP request headers parsed
[2025-11-07T11:40:29.408788] [INFO] Connection established
[2025-11-07T11:40:29.408795] [ERROR] Permission denied
[2025-11-07T11:40:29.408774] [INFO] Cache hit
[2025-11-07T11:40:29.408799] [DEBUG] Buffer size: 4096 bytes
