[2025-11-07T11:40:29.393843] [ERROR] Network timeout
[2025-11-07T11:40:29.393844] [DEBUG] Connection pool status checked
[2025-11-07T11:40:29.393824] [INFO] Service initialized
[2025-11-07T11:40:29.393830] [INFO] Session started
[2025-11-07T11:40:29.393835] [INFO] Connection established
[2025-11-07T11:40:29.393831] [INFO] Configuration loaded
[2025-11-07T11:40:29.393826] [INFO] Connection established
[2025-11-07T11:40:29.393857] [DEBUG] Cache key generated
[2025-11-07T11:40:29.393834] [INFO] Request processed successfully
[2025-11-07T11:40:29.393856] [DEBUG] Cache key generated
[2025-11-07T11:40:29.393848] [DEBUG] Entering function process_data()
[2025-11-07T11:40:29.393837] [INFO] Health check passed
[2025-11-07T11:40:29.393829] [INFO] Service initialized
[2025-11-07T11:40:29.393847] [DEBUG] Timer set: 30 seconds
[2025-11-07T11:40:29.393828] [INFO] Cache hit
[2025-11-07T11:40:29.393841] [WARN] Disk space low
[2025-11-07T11:40:29.393838] [INFO] Session started
[2025-11-07T11:40:29.393836] [INFO] Cache hit
[2025-11-07T11:40:29.393827] [INFO] Database query executed
[2025-11-07T11:40:29.393850] [DEBUG] Memory allocation: 2048 bytes
[2025-11-07T11:40:29.393846] [DEBUG] Buffer size: 4096 bytes
[2025-11-07T11:40:29.393853] [DEBUG] Entering function process_data()
[2025-11-07T11:40:29.393840] [INFO] Request processed successfully
[2025-11-07T11:40:29.393852] [DEBUG] Thread pool size: 8
[2025-11-07T11:40:29.393833] [INFO] Connection established
[2025-11-07T11:40:29.393851] [DEBUG] Thread pool size: 8
[2025-11-07T11:40:29.393831] [INFO] Database query executed
[2025-11-07T11:40:29.393855] [DEBUG] Memory allocation: 2048 bytes
