[2025-11-07T11:40:29.308020] [WARN] Queue size growing
[2025-11-07T11:40:29.308012] [INFO] Cache hit
[2025-11-07T11:40:29.308009] [INFO] Database query executed
[2025-11-07T11:40:29.308017] [WARN] Connection retry attempt
[2025-11-07T11:40:29.308022] [ERROR] Disk read failed
[2025-11-07T11:40:29.308025] [DEBUG] Buffer size: 4096 bytes
[2025-11-07T11:40:29.308026] [DEBUG] Timer set: 30 seconds
[2025-11-07T11:40:29.308024] [DEBUG] Timer set: 30 seconds
[2025-11-07T11:40:29.308014] [INFO] Connection established
[2025-11-07T11:40:29.308015] [INFO] Database query executed
[2025-11-07T11:40:29.308028] [DEBUG] Loop iteration: 15
[2025-11-07T11:40:29.308004] [INFO] Request processed successfully
[2025-11-07T11:40:29.308002] [INFO] Session started
[2025-11-07T11:40:29.308019] [WARN] Slow query performance
[2025-11-07T11:40:29.308013] [INFO] Session started
[2025-11-07T11:40:29.308023] [DEBUG] Timer set: 30 seconds
[2025-11-07T11:40:29.308007] [INFO] Service initialized
[2025-11-07T11:40:29.308005] [INFO] Session started
[2025-11-07T11:40:29.308016] [INFO] Request processed successfully
[2025-11-07T11:40:29.308003] [INFO] Transaction completed
[2025-11-07T11:40:29.308021] [ERROR] Memory allocation error
[2025-11-07T11:40:29.308027] [DEBUG] Buffer size: 4096 bytes
[2025-11-07T11:40:29.308030] [DEBUG] Connection pool status checked
[2025-11-07T11:40:29.308011] [INFO] Cache hit
[2025-11-07T11:40:29.308008] [INFO] Health check passed
[2025-11-07T11:40:29.308029] [DEBUG] HTTP request headers parsed
[2025-11-07T11:40:29.308018] [WARN] Cache miss
[2025-11-07T11:40:29.308031] [DEBUG] Loop iteration: 15
[2025-11-07T11:40:29.308010] [INFO] Service initialized
[2025-11-07T11:40:29.308006] [INFO] Request processed successfully
