[2025-11-07T11:40:30.290455] [ERROR] Service unavailable
[2025-11-07T11:40:30.290454] [WARN] Timeout warning
[2025-11-07T11:40:30.290461] [DEBUG] Connection pool status checked
[2025-11-07T11:40:30.290435] [INFO] Configuration loaded
[2025-11-07T11:40:30.290444] [INFO] Configuration loaded
[2025-11-07T11:40:30.290446] [INFO] Service initialized
[2025-11-07T11:40:30.290457] [DEBUG] Thread pool size: 8
[2025-11-07T11:40:30.290448] [INFO] Transaction completed
[2025-11-07T11:40:30.290445] [INFO] Transaction completed
[2025-11-07T11:40:30.290459] [DEBUG] Thread pool size: 8
[2025-11-07T11:40:30.290463] [DEBUG] Connection pool status checked
[2025-11-07T11:40:30.290451] [WARN] Connection retry attempt
[2025-11-07T11:40:30.290447] [INFO] Database query executed
[2025-11-07T11:40:30.290448] [INFO] Database query executed
[2025-11-07T11:40:30.290440] [INFO] Session started
[2025-11-07T11:40:30.290438] [INFO] Configuration loaded
[2025-11-07T11:40:30.290460] [DEBUG] Loop iteration: 15
[2025-11-07T11:40:30.290462] [DEBUG] Entering function process_data()
[2025-11-07T11:40:30.290439] [INFO] Service initialized
[2025-11-07T11:40:30.290450] [INFO] Database query executed
[2025-11-07T11:40:30.290442] [INFO] Transaction completed
[2025-11-07T11:40:30.290452] [WARN] Connection retry attempt
[2025-11-07T11:40:30.290441] [INFO] Configuration loaded
[2025-11-07T11:40:30.290456] [ERROR] Authentication failed
[2025-11-07T11:40:30.290464] [DEBUG] Connection pool status checked
[2025-11-07T11:40:30.290449] [INFO] User logged in
[2025-11-07T11:40:30.290443] [INFO] Cache hit
[2025-11-07T11:40:30.290453] [WARN] Disk space low
[2025-11-07T11:40:30.290466] [DEBUG] Timer set: 30 seconds
[2025-11-07T11:40:30.290437] [INFO] Session started
[2025-11-07T11:40:30.290465] [DEBUG] Timer set: 30 seconds
[2025-11-07T11:40:30.290458] [DEBUG] Timer set: 30 seconds
