[2025-11-07T11:40:30.344749] [DEBUG] Entering function process_data()
[2025-11-07T11:40:30.344722] [INFO] User logged in
[2025-11-07T11:40:30.344724] [INFO] Request processed successfully
[2025-11-07T11:40:30.344732] [INFO] Transaction completed
[2025-11-07T11:40:30.344736] [INFO] Service initialized
[2025-11-07T11:40:30.344729] [INFO] User logged in
[2025-11-07T11:40:30.344742] [WARN] Cache miss
[2025-11-07T11:40:30.344746] [DEBUG] Buffer size: 4096 bytes
[2025-11-07T11:40:30.344726] [INFO] Database query executed
[2025-11-07T11:40:30.344745] [ERROR] File not found
[2025-11-07T11:40:30.344747] [DEBUG] Connection pool status checked
[2025-11-07T11:40:30.344738] [WARN] Timeout warning
[2025-11-07T11:40:30.344727] [INFO] Database query executed
[2025-11-07T11:40:30.344730] [INFO] Connection established
[2025-11-07T11:40:30.344735] [INFO] Transaction completed
[2025-11-07T11:40:30.344731] [INFO] Transaction completed
[2025-11-07T11:40:30.344739] [WARN] Queue size growing
[2025-11-07T11:40:30.344748] [DEBUG] Entering function process_data()
[2025-11-07T11:40:30.344751] [DEBUG] Thread pool size: 8
[2025-11-07T11:40:30.344741] [WARN] Resource threshold approaching
[2025-11-07T11:40:30.344739] [WARN] Rate limit approaching
[2025-11-07T11:40:30.344750] [DEBUG] HTTP request headers parsed
[2025-11-07T11:40:30.344734] [INFO] Database query executed
[2025-11-07T11:40:30.344754] [DEBUG] HTTP request headers parsed
[2025-11-07T11:40:30.344753] [DEBUG] Buffer size: 4096 bytes
[2025-11-07T11:40:30.344743] [ERROR] Memory allocation error
[2025-11-07T11:40:30.344728] [INFO] Configuration loaded
[2025-11-07T11:40:30.344740] [WARN] Deprecated API usage
[2025-11-07T11:40:30.344725] [INFO] Session started
[2025-11-07T11:40:30.344733] [INFO] Service initialized
[2025-11-07T11:40:30.344752] [DEBUG] Connection pool status checked
