[2025-11-07T11:40:29.857692] [INFO] Connection established
[2025-11-07T11:40:29.857711] [WARN] Queue size growing
[2025-11-07T11:40:29.857716] [DEBUG] Loop iteration: 15
[2025-11-07T11:40:29.857707] [WARN] Timeout warning
[2025-11-07T11:40:29.857723] [DEBUG] HTTP request headers parsed
[2025-11-07T11:40:29.857719] [DEBUG] Variable value: x=42
[2025-11-07T11:40:29.857718] [DEBUG] Loop iteration: 15
[2025-11-07T11:40:29.857714] [ERROR] Memory allocation error
[2025-11-07T11:40:29.857704] [WARN] Deprecated API usage
[2025-11-07T11:40:29.857713] [ERROR] Request failed
[2025-11-07T11:40:29.857717] [DEBUG] Thread pool size: 8
[2025-11-07T11:40:29.857709] [WARN] Resource threshold approaching
[2025-11-07T11:40:29.857699] [INFO] Transaction completed
[2025-11-07T11:40:29.857720] [DEBUG] Cache key generated
[2025-11-07T11:40:29.857721] [DEBUG] Cache key generated
[2025-11-07T11:40:29.857691] [INFO] Cache hit
[2025-11-07T11:40:29.857722] [DEBUG] Connection pool status checked
[2025-11-07T11:40:29.857697] [INFO] Cache hit
[2025-11-07T11:40:29.857700] [INFO] Database query executed
[2025-11-07T11:40:29.857694] [INFO] Cache hit
[2025-11-07T11:40:29.857706] [WARN] Timeout warning
[2025-11-07T11:40:29.857698] [INFO] Cache hit
[2025-11-07T11:40:29.857703] [INFO] Cache hit
[2025-11-07T11:40:29.857702] [INFO] Cache hit
[2025-11-07T11:40:29.857710] [WARN] Resource threshold approaching
[2025-11-07T11:40:29.857690] [INFO] Database query executed
[2025-11-07T11:40:29.857693] [INFO] Transaction completed
[2025-11-07T11:40:29.857695] [INFO] Cache hit
