[2025-11-07T11:40:30.213927] [INFO] Session started
[2025-11-07T11:40:30.213919] [INFO] Session started
[2025-11-07T11:40:30.213926] [INFO] Transaction completed
[2025-11-07T11:40:30.213931] [INFO] Connection established
[2025-11-07T11:40:30.213921] [INFO] Service initialized
[2025-11-07T11:40:30.213916] [INFO] Request processed successfully
[2025-11-07T11:40:30.213933] [INFO] Connection established
[2025-11-07T11:40:30.213924] [INFO] User logged in
[2025-11-07T11:40:30.213932] [INFO] Database query executed
[2025-11-07T11:40:30.213920] [INFO] User logged in
[2025-11-07T11:40:30.213918] [INFO] Request processed successfully
[2025-11-07T11:40:30.213925] [INFO] Configuration loaded
[2025-11-07T11:40:30.213942] [DEBUG] HTTP request headers parsed
[2025-11-07T11:40:30.213943] [DEBUG] Thread pool size: 8
[2025-11-07T11:40:30.213937] [WARN] Rate limit approaching
[2025-11-07T11:40:30.213922] [INFO] Configuration loaded
[2025-11-07T11:40:30.213923] [INFO] Service initialized
[2025-11-07T11:40:30.213935] [WARN] High memory usage detected
[2025-11-07T11:40:30.213944] [DEBUG] HTTP request headers parsed
[2025-11-07T11:40:30.213917] [INFO] Transaction completed
[2025-11-07T11:40:30.213940] [ERROR] Network timeout
[2025-11-07T11:40:30.213930] [INFO] Database query executed
[2025-11-07T11:40:30.213934] [WARN] Timeout warning
[2025-11-07T11:40:30.213938] [WARN] Disk space low
[2025-11-07T11:40:30.213939] [ERROR] Memory allocation error
[2025-11-07T11:40:30.213928] [INFO] Service initialized
[2025-11-07T11:40:30.213941] [DEBUG] Thread pool size: 8
[2025-11-07T11:40:30.213936] [WARN] Rate limit approaching
[2025-11-07T11:40:30.213929] [INFO] Service initialized
