[2025-11-07T11:40:29.644052] [DEBUG] Memory allocation: 2048 bytes
[2025-11-07T11:40:29.644041] [INFO] Service initialized
[2025-11-07T11:40:29.644036] [INFO] Transaction completed
[2025-11-07T11:40:29.644038] [INFO] Transaction completed
[2025-11-07T11:40:29.644057] [DEBUG] Entering function process_data()
[2025-11-07T11:40:29.644053] [DEBUG] HTTP request headers parsed
[2025-11-07T11:40:29.644058] [DEBUG] HTTP request headers parsed
[2025-11-07T11:40:29.644048] [WARN] Slow query performance
[2025-11-07T11:40:29.644037] [INFO] Connection established
[2025-11-07T11:40:29.644043] [INFO] Database query executed
[2025-11-07T11:40:29.644033] [INFO] User logged in
[2025-11-07T11:40:29.644051] [ERROR] Memory allocation error
[2025-11-07T11:40:29.644040] [INFO] Service initialized
[2025-11-07T11:40:29.644054] [DEBUG] Cache key generated
[2025-11-07T11:40:29.644044] [INFO] Connection established
[2025-11-07T11:40:29.644050] [WARN] Deprecated API usage
[2025-11-07T11:40:29.644034] [INFO] Request processed successfully
[2025-11-07T11:40:29.644047] [WARN] Queue size growing
[2025-11-07T11:40:29.644040] [INFO] Request processed successfully
[2025-11-07T11:40:29.644035] [INFO] Connection established
[2025-11-07T11:40:29.644059] [DEBUG] Entering function process_data()
[2025-11-07T11:40:29.644049] [WARN] Deprecated API usage
[2025-11-07T11:40:29.644039] [INFO] Service initialized
[2025-11-07T11:40:29.644056] [DEBUG] Variable value: x=42
[2025-11-07T11:40:29.644032] [INFO] Connection established
[2025-11-07T11:40:29.644045] [WARN] Deprecated API usage
[2025-11-07T11:40:29.644042] [INFO] Request processed successfully
[2025-11-07T11:40:29.644030] [INFO] Service initialized
[2025-11-07T11:40:29.644055] [DEBUG] Entering function process_data()
[2025-11-07T11:40:29.644060] [DEBUG] Buffer size: 4096 bytes
