[2025-11-07T11:40:30.102683] [INFO] Database query executed
[2025-11-07T11:40:30.102696] [WARN] High memory usage detected
[2025-11-07T11:40:30.102698] [ERROR] Permission denied
[2025-11-07T11:40:30.102690] [INFO] User logged in
[2025-11-07T11:40:30.102681] [INFO] Transaction completed
[2025-11-07T11:40:30.102686] [INFO] Session started
[2025-11-07T11:40:30.102700] [DEBUG] HTTP request headers parsed
[2025-11-07T11:40:30.102699] [DEBUG] Connection pool status checked
[2025-11-07T11:40:30.102706] [DEBUG] Thread pool size: 8
[2025-11-07T11:40:30.102677] [INFO] Cache hit
[2025-11-07T11:40:30.102676] [INFO] User logged in
[2025-11-07T11:40:30.102687] [INFO] User logged in
[2025-11-07T11:40:30.102702] [DEBUG] Timer set: 30 seconds
[2025-11-07T11:40:30.102691] [WARN] Queue size growing
[2025-11-07T11:40:30.102704] [DEBUG] Buffer size: 4096 bytes
[2025-11-07T11:40:30.102679] [INFO] Connection established
[2025-11-07T11:40:30.102703] [DEBUG] Cache key generated
[2025-11-07T11:40:30.102678] [INFO] Database query executed
[2025-11-07T11:40:30.102680] [INFO] Database query executed
[2025-11-07T11:40:30.102682] [INFO] Service initialized
[2025-11-07T11:40:30.102694] [WARN] Queue size growing
[2025-11-07T11:40:30.102688] [INFO] Request processed successfully
[2025-11-07T11:40:30.102692] [WARN] High memory usage detected
[2025-11-07T11:40:30.102684] [INFO] Service initialized
[2025-11-07T11:40:30.102695] [WARN] Rate limit approaching
