[2025-11-07T11:40:29.680522] [WARN] Deprecated API usage
[2025-11-07T11:40:29.680535] [DEBUG] Entering function process_data()
[2025-11-07T11:40:29.680537] [DEBUG] Memory allocation: 2048 bytes
[2025-11-07T11:40:29.680521] [WARN] Slow query performance
[2025-11-07T11:40:29.680511] [INFO] Transaction completed
[2025-11-07T11:40:29.680516] [INFO] User logged in
[2025-11-07T11:40:29.680524] [WARN] Timeout warning
[2025-11-07T11:40:29.680520] [INFO] Database query executed
[2025-11-07T11:40:29.680515] [INFO] Request processed successfully
[2025-11-07T11:40:29.680534] [DEBUG] HTTP request headers parsed
[2025-11-07T11:40:29.680530] [ERROR] Disk read failed
[2025-11-07T11:40:29.680512] [INFO] User logged in
[2025-11-07T11:40:29.680531] [DEBUG] Thread pool size: 8
[2025-11-07T11:40:29.680533] [DEBUG] Thread pool size: 8
[2025-11-07T11:40:29.680518] [INFO] User logged in
[2025-11-07T11:40:29.680536] [DEBUG] Loop iteration: 15
[2025-11-07T11:40:29.680525] [WARN] Queue size growing
[2025-11-07T11:40:29.680527] [WARN] Queue size growing
[2025-11-07T11:40:29.680513] [INFO] User logged in
[2025-11-07T11:40:29.680532] [DEBUG] Timer set: 30 seconds
[2025-11-07T11:40:29.680529] [ERROR] Disk read failed
[2025-11-07T11:40:29.680523] [WARN] Queue size growing
[2025-11-07T11:40:29.680519] [INFO] Cache hit
[2025-11-07T11:40:29.680526] [WARN] Rate limit approaching
[2025-11-07T11:40:29.680517] [INFO] Connection established
[2025-11-07T11:40:29.680538] [DEBUG] HTTP request headers parsed
