[2025-11-07T11:40:29.749767] [WARN] Deprecated API usage
[2025-11-07T11:40:29.749764] [INFO] Database query executed
[2025-11-07T11:40:29.749781] [DEBUG] Loop iteration: 15
[2025-11-07T11:40:29.749757] [INFO] Connection established
[2025-11-07T11:40:29.749753] [INFO] Session started
[2025-11-07T11:40:29.749756] [INFO] Session started
[2025-11-07T11:40:29.749749] [INFO] User logged in
[2025-11-07T11:40:29.749782] [DEBUG] Memory allocation: 2048 bytes
[2025-11-07T11:40:29.749750] [INFO] Connection established
[2025-11-07T11:40:29.749777] [DEBUG] Timer set: 30 seconds
[2025-11-07T11:40:29.749772] [WARN] High memory usage detected
[2025-11-07T11:40:29.749775] [DEBUG] Memory allocation: 2048 bytes
[2025-11-07T11:40:29.749774] [DEBUG] Loop iteration: 15
[2025-11-07T11:40:29.749758] [INFO] Cache hit
[2025-11-07T11:40:29.749778] [DEBUG] Timer set: 30 seconds
[2025-11-07T11:40:29.749751] [INFO] Health check passed
[2025-11-07T11:40:29.749780] [DEBUG] Entering function process_data()
[2025-11-07T11:40:29.749768] [WARN] Disk space low
[2025-11-07T11:40:29.749765] [INFO] Request processed successfully
[2025-11-07T11:40:29.749771] [WARN] Cache miss
[2025-11-07T11:40:29.749752] [INFO] Configuration loaded
[2025-11-07T11:40:29.749756] [INFO] Service initialized
[2025-11-07T11:40:29.749770] [WARN] Cache miss
[2025-11-07T11:40:29.749779] [DEBUG] Timer set: 30 seconds
[2025-11-07T11:40:29.749754] [INFO] Connection established
[2025-11-07T11:40:29.749776] [DEBUG] Entering function process_data()
[2025-11-07T11:40:29.749760] [INFO] Session started
[2025-11-07T11:40:29.749762] [INFO] Transaction completed
[2025-11-07T11:40:29.749769] [WARN] Queue size growing
[2025-11-07T11:40:29.749763] [INFO] Service initialized
[2025-11-07T11:40:29.749773] [ERROR] Memory allocation error
[2025-11-07T11:40:29.749760] [INFO] Configuration loaded
[2025-11-07T11:40:29.749765] [INFO] User logged in
