[2025-11-07T11:40:30.117408] [INFO] Service initialized
[2025-11-07T11:40:30.117414] [INFO] Transaction completed
[2025-11-07T11:40:30.117418] [WARN] Cache miss
[2025-11-07T11:40:30.117410] [INFO] Health check passed
[2025-11-07T11:40:30.117423] [ERROR] Memory allocation error
[2025-11-07T11:40:30.117398] [INFO] Database query executed
[2025-11-07T11:40:30.117405] [INFO] Configuration loaded
[2025-11-07T11:40:30.117431] [DEBUG] Entering function process_data()
[2025-11-07T11:40:30.117426] [DEBUG] Loop iteration: 15
[2025-11-07T11:40:30.117429] [DEBUG] Timer set: 30 seconds
[2025-11-07T11:40:30.117428] [DEBUG] Buffer size: 4096 bytes
[2025-11-07T11:40:30.117404] [INFO] Database query executed
[2025-11-07T11:40:30.117415] [WARN] Resource threshold approaching
[2025-11-07T11:40:30.117425] [DEBUG] Cache key generated
[2025-11-07T11:40:30.117402] [INFO] Database query executed
[2025-11-07T11:40:30.117413] [INFO] Health check passed
[2025-11-07T11:40:30.117427] [DEBUG] Memory allocation: 2048 bytes
[2025-11-07T11:40:30.117420] [WARN] Disk space low
[2025-11-07T11:40:30.117411] [INFO] Connection established
[2025-11-07T11:40:30.117399] [INFO] Cache hit
[2025-11-07T11:40:30.117430] [DEBUG] Loop iteration: 15
[2025-11-07T11:40:30.117424] [DEBUG] Memory allocation: 2048 bytes
[2025-11-07T11:40:30.117397] [INFO] Connection established
[2025-11-07T11:40:30.117421] [ERROR] Request failed
[2025-11-07T11:40:30.117416] [WARN] Cache miss
[2025-11-07T11:40:30.117403] [INFO] Database query executed
[2025-11-07T11:40:30.117412] [INFO] Connection established
[2025-11-07T11:40:30.117422] [ERROR] Memory allocation error
[2025-11-07T11:40:30.117407] [INFO] Request processed successfully
[2025-11-07T11:40:30.117417] [WARN] Slow query performance
[2025-11-07T11:40:30.117409] [INFO] Configuration loaded
[2025-11-07T11:40:30.117401] [INFO] Session started
[2025-11-07T11:40:30.117400] [INFO] Configuration loaded
[2025-11-07T11:40:30.117432] [DEBUG] Connection pool status checked
[2025-11-07T11:40:30.117408] [INFO] Session started
