[2025-11-07T11:40:29.693513] [DEBUG] Memory allocation: 2048 bytes
[2025-11-07T11:40:29.693503] [ERROR] Disk read failed
[2025-11-07T11:40:29.693514] [DEBUG] Entering function process_data()
[2025-11-07T11:40:29.693511] [DEBUG] Cache key generated
[2025-11-07T11:40:29.693496] [INFO] Transaction completed
[2025-11-07T11:40:29.693484] [INFO] Cache hit
[2025-11-07T11:40:29.693486] [INFO] Cache hit
[2025-11-07T11:40:29.693500] [WARN] High memory usage detected
[2025-11-07T11:40:29.693501] [WARN] High memory usage detected
[2025-11-07T11:40:29.693502] [ERROR] File not found
[2025-11-07T11:40:29.693489] [INFO] User logged in
[2025-11-07T11:40:29.693506] [DEBUG] Connection pool status checked
[2025-11-07T11:40:29.693494] [INFO] Connection established
[2025-11-07T11:40:29.693495] [INFO] Transaction completed
[2025-11-07T11:40:29.693492] [INFO] Request processed successfully
[2025-11-07T11:40:29.693480] [INFO] Cache hit
[2025-11-07T11:40:29.693505] [DEBUG] Connection pool status checked
[2025-11-07T11:40:29.693485] [INFO] Connection established
[2025-11-07T11:40:29.693508] [DEBUG] Entering function process_data()
[2025-11-07T11:40:29.693481] [INFO] Cache hit
[2025-11-07T11:40:29.693498] [WARN] Disk space low
[2025-11-07T11:40:29.693483] [INFO] Session started
[2025-11-07T11:40:29.693487] [INFO] Session started
[2025-11-07T11:40:29.693512] [DEBUG] Timer set: 30 seconds
[2025-11-07T11:40:29.693491] [INFO] Health check passed
[2025-11-07T11:40:29.693497] [INFO] Database query executed
[2025-11-07T11:40:29.693488] [INFO] User logged in
[2025-11-07T11:40:29.693490] [INFO] Session started
[2025-11-07T11:40:29.693499] [WARN] Connection retry attempt
[2025-11-07T11:40:29.693509] [DEBUG] Variable value: x=42
[2025-11-07T11:40:29.693493] [INFO] Cache hit
[2025-11-07T11:40:29.693504] [DEBUG] Timer set: 30 seconds
[2025-11-07T11:40:29.693510] [DEBUG] Variable value: x=42
[2025-11-07T11:40:29.693507] [DEBUG] Variable value: x=42
