[2025-11-07T11:40:30.018210] [ERROR] Database connection lost
[2025-11-07T11:40:30.018216] [DEBUG] Variable value: x=42
[2025-11-07T11:40:30.018215] [DEBUG] Memory allocation: 2048 bytes
[2025-11-07T11:40:30.018218] [DEBUG] Entering function process_data()
[2025-11-07T11:40:30.018205] [INFO] Cache hit
[2025-11-07T11:40:30.018198] [INFO] User logged in
[2025-11-07T11:40:30.018196] [INFO] Request processed successfully
[2025-11-07T11:40:30.018201] [INFO] Configuration loaded
[2025-11-07T11:40:30.018202] [INFO] Cache hit
[2025-11-07T11:40:30.018193] [INFO] Configuration loaded
[2025-11-07T11:40:30.018197] [INFO] Session started
[2025-11-07T11:40:30.018213] [DEBUG] Timer set: 30 seconds
[2025-11-07T11:40:30.018207] [WARN] Cache miss
[2025-11-07T11:40:30.018212] [DEBUG] Memory allocation: 2048 bytes
[2025-11-07T11:40:30.018214] [DEBUG] Memory allocation: 2048 bytes
[2025-11-07T11:40:30.018191] [INFO] Health check passed
[2025-11-07T11:40:30.018206] [INFO] Request processed successfully
[2025-11-07T11:40:30.018209] [ERROR] File not found
[2025-11-07T11:40:30.018200] [INFO] Cache hit
[2025-11-07T11:40:30.018208] [ERROR] Invalid input data
[2025-11-07T11:40:30.018204] [INFO] User logged in
[2025-11-07T11:40:30.018217] [DEBUG] Buffer size: 4096 bytes
[2025-11-07T11:40:30.018195] [INFO] Health check passed
[2025-11-07T11:40:30.018194] [INFO] Session started
[2025-11-07T11:40:30.018211] [DEBUG] Timer set: 30 seconds
[2025-11-07T11:40:30.018203] [INFO] Cache hit
[2025-11-07T11:40:30.018220] [DEBUG] Cache key generated
[2025-11-07T11:40:30.018199] [INFO] Request processed successfully
