[2025-11-07T11:40:29.896881] [WARN] Timeout warning
[2025-11-07T11:40:29.896876] [INFO] Request processed successfully
[2025-11-07T11:40:29.896875] [INFO] User logged in
[2025-11-07T11:40:29.896887] [DEBUG] Timer set: 30 seconds
[2025-11-07T11:40:29.896891] [DEBUG] Memory allocation: 2048 bytes
[2025-11-07T11:40:29.896878] [INFO] Service initialized
[2025-11-07T11:40:29.896888] [DEBUG] Buffer size: 4096 bytes
[2025-11-07T11:40:29.896866] [INFO] Session started
[2025-11-07T11:40:29.896867] [INFO] Transaction completed
[2025-11-07T11:40:29.896892] [DEBUG] Timer set: 30 seconds
[2025-11-07T11:40:29.896873] [INFO] Health check passed
[2025-11-07T11:40:29.896889] [DEBUG] Timer set: 30 seconds
[2025-11-07T11:40:29.896861] [INFO] User logged in
[2025-11-07T11:40:29.896879] [WARN] Disk space low
[2025-11-07T11:40:29.896877] [INFO] Request processed successfully
[2025-11-07T11:40:29.896882] [WARN] Slow query performance
[2025-11-07T11:40:29.896871] [INFO] Cache hit
[2025-11-07T11:40:29.896883] [ERROR] Network timeout
[2025-11-07T11:40:29.896864] [INFO] Session started
[2025-11-07T11:40:29.896874] [INFO] Cache hit
[2025-11-07T11:40:29.896891] [DEBUG] Memory allocation: 2048 bytes
[2025-11-07T11:40:29.896868] [INFO] User logged in
[2025-11-07T11:40:29.896880] [WARN] Cache miss
[2025-11-07T11:40:29.896885] [DEBUG] Timer set: 30 seconds
[2025-11-07T11:40:29.896870] [INFO] Request processed successfully
[2025-11-07T11:40:29.896884] [DEBUG] Memory allocation: 2048 bytes
[2025-11-07T11:40:29.896870] [INFO] Connection established
[2025-11-07T11:40:29.896865] [INFO] Session started
[2025-11-07T11:40:29.896887] [DEBUG] HTTP request headers parsed
