[2025-11-07T11:40:30.191681] [DEBUG] Thread pool size: 8
[2025-11-07T11:40:30.191668] [WARN] Queue size growing
[2025-11-07T11:40:30.191662] [INFO] Health check passed
[2025-11-07T11:40:30.191666] [WARN] Disk space low
[2025-11-07T11:40:30.191675] [ERROR] Authentication failed
[2025-11-07T11:40:30.191657] [INFO] Transaction completed
[2025-11-07T11:40:30.191658] [INFO] Database query executed
[2025-11-07T11:40:30.191677] [DEBUG] Buffer size: 4096 bytes
[2025-11-07T11:40:30.191665] [WARN] Timeout warning
[2025-11-07T11:40:30.191663] [INFO] Transaction completed
[2025-11-07T11:40:30.191682] [DEBUG] Entering function process_data()
[2025-11-07T11:40:30.191659] [INFO] Service initialized
[2025-11-07T11:40:30.191652] [INFO] Request processed successfully
[2025-11-07T11:40:30.191679] [DEBUG] Loop iteration: 15
[2025-11-07T11:40:30.191669] [WARN] High memory usage detected
[2025-11-07T11:40:30.191685] [DEBUG] Memory allocation: 2048 bytes
[2025-11-07T11:40:30.191680] [DEBUG] Loop iteration: 15
[2025-11-07T11:40:30.191686] [DEBUG] Loop iteration: 15
[2025-11-07T11:40:30.191656] [INFO] Health check passed
[2025-11-07T11:40:30.191670] [WARN] High memory usage detected
[2025-11-07T11:40:30.191661] [INFO] Session started
[2025-11-07T11:40:30.191664] [WARN] Resource threshold approaching
[2025-11-07T11:40:30.191651] [INFO] Health check passed
[2025-11-07T11:40:30.191674] [WARN] Queue size growing
[2025-11-07T11:40:30.191683] [DEBUG] Buffer size: 4096 bytes
[2025-11-07T11:40:30.191654] [INFO] User logged in
[2025-11-07T11:40:30.191672] [WARN] Deprecated API usage
[2025-11-07T11:40:30.191673] [WARN] High memory usage detected
[2025-11-07T11:40:30.191660] [INFO] User logged in
[2025-11-07T11:40:30.191676] [ERROR] Disk read failed
[2025-11-07T11:40:30.191667] [WARN] Slow query performance
[2025-11-07T11:40:30.191684] [DEBUG] Entering function process_data()
[2025-11-07T11:40:30.191671] [WARN] Timeout warning
[2025-11-07T11:40:30.191655] [INFO] Service initialized
[2025-11-07T11:40:30.191678] [DEBUG] Entering function process_data()
