[2025-11-07T11:40:29.890746] [ERROR] File not found
[2025-11-07T11:40:29.890736] [INFO] Request processed successfully
[2025-11-07T11:40:29.890734] [INFO] Health check passed
[2025-11-07T11:40:29.890743] [WARN] High memory usage detected
[2025-11-07T11:40:29.890752] [DEBUG] Loop iteration: 15
[2025-11-07T11:40:29.890756] [DEBUG] Memory allocation: 2048 bytes
[2025-11-07T11:40:29.890747] [DEBUG] Timer set: 30 seconds
[2025-11-07T11:40:29.890740] [WARN] Resource threshold approaching
[2025-11-07T11:40:29.890748] [DEBUG] HTTP request headers parsed
[2025-11-07T11:40:29.890754] [DEBUG] Connection pool status checked
[2025-11-07T11:40:29.890733] [INFO] Configuration loaded
[2025-11-07T11:40:29.890738] [INFO] Health check passed
[2025-11-07T11:40:29.890757] [DEBUG] Loop iteration: 15
[2025-11-07T11:40:29.890727] [INFO] Connection established
[2025-11-07T11:40:29.890741] [WARN] Cache miss
[2025-11-07T11:40:29.890731] [INFO] Session started
[2025-11-07T11:40:29.890753] [DEBUG] HTTP request headers parsed
[2025-11-07T11:40:29.890728] [INFO] Request processed successfully
[2025-11-07T11:40:29.890750] [DEBUG] Cache key generated
[2025-11-07T11:40:29.890729] [INFO] Request processed successfully
[2025-11-07T11:40:29.890742] [WARN] Deprecated API usage
[2025-11-07T11:40:29.890730] [INFO] Cache hit
[2025-11-07T11:40:29.890755] [DEBUG] Timer set: 30 seconds
[2025-11-07T11:40:29.890732] [INFO] Health check passed
[2025-11-07T11:40:29.890751] [DEBUG] Thread pool size: 8
[2025-11-07T11:40:29.890745] [ERROR] Invalid input data
[2025-11-07T11:40:29.890744] [ERROR] Invalid input data
[2025-11-07T11:40:29.890749] [DEBUG] Entering function process_data()
[2025-11-07T11:40:29.890735] [INFO] Session started
[2025-11-07T11:40:29.890737] [INFO] Database query executed
