[2025-11-07T11:40:29.623918] [DEBUG] Buffer size: 4096 bytes
[2025-11-07T11:40:29.623914] [DEBUG] Loop iteration: 15
[2025-11-07T11:40:29.623906] [WARN] Queue size growing
[2025-11-07T11:40:29.623902] [INFO] Service initialized
[2025-11-07T11:40:29.623919] [DEBUG] Buffer size: 4096 bytes
[2025-11-07T11:40:29.623912] [ERROR] Authentication failed
[2025-11-07T11:40:29.623890] [INFO] Cache hit
[2025-11-07T11:40:29.623897] [INFO] Transaction completed
[2025-11-07T11:40:29.623917] [DEBUG] Memory allocation: 2048 bytes
[2025-11-07T11:40:29.623907] [WARN] Disk space low
[2025-11-07T11:40:29.623893] [INFO] Service initialized
[2025-11-07T11:40:29.623916] [DEBUG] Timer set: 30 seconds
[2025-11-07T11:40:29.623908] [WARN] Queue size growing
[2025-11-07T11:40:29.623913] [ERROR] Memory allocation error
[2025-11-07T11:40:29.623922] [DEBUG] Timer set: 30 seconds
[2025-11-07T11:40:29.623899] [INFO] User logged in
[2025-11-07T11:40:29.623904] [INFO] Cache hit
[2025-11-07T11:40:29.623896] [INFO] Service initialized
[2025-11-07T11:40:29.623905] [WARN] Timeout warning
[2025-11-07T11:40:29.623892] [INFO] Session started
[2025-11-07T11:40:29.623909] [WARN] Connection retry attempt
[2025-11-07T11:40:29.623921] [DEBUG] Loop iteration: 15
[2025-11-07T11:40:29.623901] [INFO] Transaction completed
[2025-11-07T11:40:29.623911] [ERROR] Permission denied
[2025-11-07T11:40:29.623903] [INFO] Request processed successfully
[2025-11-07T11:40:29.623920] [DEBUG] Thread pool size: 8
[2025-11-07T11:40:29.623894] [INFO] User logged in
[2025-11-07T11:40:29.623898] [INFO] Service initialized
[2025-11-07T11:40:29.623891] [INFO] Configuration loaded
[2025-11-07T11:40:29.623915] [DEBUG] HTTP request headers parsed
[2025-11-07T11:40:29.623895] [INFO] Cache hit
[2025-11-07T11:40:29.623900] [INFO] Connection established
