[2025-11-07T11:40:29.428514] [INFO] Transaction completed
[2025-11-07T11:40:29.428531] [DEBUG] Thread pool size: 8
[2025-11-07T11:40:29.428509] [INFO] Transaction completed
[2025-11-07T11:40:29.428517] [WARN] High memory usage detected
[2025-11-07T11:40:29.428502] [INFO] Health check passed
[2025-11-07T11:40:29.428499] [INFO] Session started
[2025-11-07T11:40:29.428524] [DEBUG] HTTP request headers parsed
[2025-11-07T11:40:29.428530] [DEBUG] Buffer size: 4096 bytes
[2025-11-07T11:40:29.428510] [INFO] Connection established
[2025-11-07T11:40:29.428508] [INFO] Session started
[2025-11-07T11:40:29.428504] [INFO] Connection established
[2025-11-07T11:40:29.428507] [INFO] Database query executed
[2025-11-07T11:40:29.428522] [ERROR] Memory allocation error
[2025-11-07T11:40:29.428529] [DEBUG] Cache key generated
[2025-11-07T11:40:29.428520] [WARN] Rate limit approaching
[2025-11-07T11:40:29.428526] [DEBUG] Entering function process_data()
[2025-11-07T11:40:29.428505] [INFO] Service initialized
[2025-11-07T11:40:29.428510] [INFO] Request processed successfully
[2025-11-07T11:40:29.428501] [INFO] Service initialized
[2025-11-07T11:40:29.428518] [WARN] Queue size growing
[2025-11-07T11:40:29.428503] [INFO] Request processed successfully
[2025-11-07T11:40:29.428527] [DEBUG] Thread pool size: 8
[2025-11-07T11:40:29.428516] [WARN] Rate limit approaching
[2025-11-07T11:40:29.428515] [WARN] Resource threshold approaching
[2025-11-07T11:40:29.428523] [ERROR] Permission denied
[2025-11-07T11:40:29.428513] [INFO] Cache hit
[2025-11-07T11:40:29.428519] [WARN] Connection retry attempt
[2025-11-07T11:40:29.428512] [INFO] Request processed successfully
[2025-11-07T11:40:29.428528] [DEBUG] Connection pool status checked
[2025-11-07T11:40:29.428511] [INFO] Database query executed
[2025-11-07T11:40:29.428506] [INFO] Request processed successfully
[2025-11-07T11:40:29.428525] [DEBUG] Thread pool size: 8
