[2025-11-07T11:40:29.963871] [INFO] Request processed successfully
[2025-11-07T11:40:29.963881] [INFO] Cache hit
[2025-11-07T11:40:29.963874] [INFO] Connection established
[2025-11-07T11:40:29.963879] [INFO] Database query executed
[2025-11-07T11:40:29.963886] [DEBUG] Variable value: x=42
[2025-11-07T11:40:29.963869] [INFO] User logged in
[2025-11-07T11:40:29.963873] [INFO] Cache hit
[2025-11-07T11:40:29.963887] [DEBUG] Connection pool status checked
[2025-11-07T11:40:29.963872] [INFO] User logged in
[2025-11-07T11:40:29.963890] [DEBUG] Cache key generated
[2025-11-07T11:40:29.963884] [ERROR] Request failed
[2025-11-07T11:40:29.963873] [INFO] Connection established
[2025-11-07T11:40:29.963888] [DEBUG] Cache key generated
[2025-11-07T11:40:29.963883] [WARN] Disk space low
[2025-11-07T11:40:29.963875] [INFO] Cache hit
[2025-11-07T11:40:29.963880] [INFO] Database query executed
[2025-11-07T11:40:29.963878] [INFO] Configuration loaded
[2025-11-07T11:40:29.963885] [DEBUG] HTTP request headers parsed
[2025-11-07T11:40:29.963882] [WARN] Slow query performance
[2025-11-07T11:40:29.963877] [INFO] Database query executed
[2025-11-07T11:40:29.963868] [INFO] Health check passed
[2025-11-07T11:40:29.963876] [INFO] Database query executed
[2025-11-07T11:40:29.963867] [INFO] Service initialized
[2025-11-07T11:40:29.963889] [DEBUG] Variable value: x=42
