[2025-11-07T11:40:29.824213] [DEBUG] Cache key generated
[2025-11-07T11:40:29.824196] [INFO] Configuration loaded
[2025-11-07T11:40:29.824195] [INFO] User logged in
[2025-11-07T11:40:29.824212] [DEBUG] Timer set: 30 seconds
[2025-11-07T11:40:29.824214] [DEBUG] Buffer size: 4096 bytes
[2025-11-07T11:40:29.824217] [DEBUG] Connection pool status checked
[2025-11-07T11:40:29.824210] [DEBUG] Cache key generated
[2025-11-07T11:40:29.824190] [INFO] Configuration loaded
[2025-11-07T11:40:29.824215] [DEBUG] Timer set: 30 seconds
[2025-11-07T11:40:29.824207] [ERROR] Authentication failed
[2025-11-07T11:40:29.824198] [INFO] Health check passed
[2025-11-07T11:40:29.824200] [INFO] Connection established
[2025-11-07T11:40:29.824192] [INFO] Cache hit
[2025-11-07T11:40:29.824208] [ERROR] Service unavailable
[2025-11-07T11:40:29.824193] [INFO] Connection established
[2025-11-07T11:40:29.824197] [INFO] Configuration loaded
[2025-11-07T11:40:29.824205] [WARN] Connection retry attempt
[2025-11-07T11:40:29.824191] [INFO] Service initialized
[2025-11-07T11:40:29.824202] [INFO] Service initialized
[2025-11-07T11:40:29.824199] [INFO] Cache hit
[2025-11-07T11:40:29.824204] [WARN] Deprecated API usage
[2025-11-07T11:40:29.824201] [INFO] Transaction completed
[2025-11-07T11:40:29.824203] [INFO] Database query executed
[2025-11-07T11:40:29.824188] [INFO] Configuration loaded
[2025-11-07T11:40:29.824216] [DEBUG] Cache key generated
[2025-11-07T11:40:29.824194] [INFO] Connection established
[2025-11-07T11:40:29.824206] [ERROR] Request failed
[2025-11-07T11:40:29.824209] [DEBUG] Timer set: 30 seconds
[2025-11-07T11:40:29.824211] [DEBUG] Memory allocation: 2048 bytes
