[2025-11-07T11:40:29.846817] [INFO] Cache hit
[2025-11-07T11:40:29.846821] [INFO] User logged in
[2025-11-07T11:40:29.846825] [WARN] Rate limit approaching
[2025-11-07T11:40:29.846813] [INFO] User logged in
[2025-11-07T11:40:29.846811] [INFO] Connection established
[2025-11-07T11:40:29.846833] [DEBUG] Buffer size: 4096 bytes
[2025-11-07T11:40:29.846828] [ERROR] Permission denied
[2025-11-07T11:40:29.846816] [INFO] Transaction completed
[2025-11-07T11:40:29.846831] [DEBUG] Memory allocation: 2048 bytes
[2025-11-07T11:40:29.846837] [DEBUG] Variable value: x=42
[2025-11-07T11:40:29.846835] [DEBUG] HTTP request headers parsed
[2025-11-07T11:40:29.846805] [INFO] Connection established
[2025-11-07T11:40:29.846827] [ERROR] Disk read failed
[2025-11-07T11:40:29.846810] [INFO] Request processed successfully
[2025-11-07T11:40:29.846818] [INFO] User logged in
[2025-11-07T11:40:29.846813] [INFO] Request processed successfully
[2025-11-07T11:40:29.846806] [INFO] Configuration loaded
[2025-11-07T11:40:29.846819] [INFO] Request processed successfully
[2025-11-07T11:40:29.846830] [DEBUG] Connection pool status checked
[2025-11-07T11:40:29.846802] [INFO] Cache hit
[2025-11-07T11:40:29.846807] [INFO] Database query executed
[2025-11-07T11:40:29.846822] [INFO] Health check passed
[2025-11-07T11:40:29.846815] [INFO] Service initialized
[2025-11-07T11:40:29.846836] [DEBUG] HTTP request headers parsed
[2025-11-07T11:40:29.846824] [WARN] Timeout warning
[2025-11-07T11:40:29.846812] [INFO] Configuration loaded
[2025-11-07T11:40:29.846838] [DEBUG] Entering function process_data()
[2025-11-07T11:40:29.846823] [WARN] Disk space low
[2025-11-07T11:40:29.846803] [INFO] Transaction completed
[2025-11-07T11:40:29.846826] [WARN] Queue size growing
[2025-11-07T11:40:29.846809] [INFO] User logged in
[2025-11-07T11:40:29.846829] [DEBUG] Entering function process_data()
[2025-11-07T11:40:29.846832] [DEBUG] Connection pool status checked
[2025-11-07T11:40:29.846820] [INFO] Request processed successfully
[2025-11-07T11:40:29.846808] [INFO] Request processed successfully
