[2025-11-07T11:40:29.896433] [DEBUG] Entering function process_data()
[2025-11-07T11:40:29.896413] [INFO] Configuration loaded
[2025-11-07T11:40:29.896411] [INFO] Connection established
[2025-11-07T11:40:29.896418] [INFO] Connection established
[2025-11-07T11:40:29.896429] [ERROR] Authentication failed
[2025-11-07T11:40:29.896421] [WARN] Resource threshold approaching
[2025-11-07T11:40:29.896407] [INFO] Database query executed
[2025-11-07T11:40:29.896420] [INFO] Transaction completed
[2025-11-07T11:40:29.896432] [DEBUG] Buffer size: 4096 bytes
[2025-11-07T11:40:29.896436] [DEBUG] Timer set: 30 seconds
[2025-11-07T11:40:29.896430] [DEBUG] Variable value: x=42
[2025-11-07T11:40:29.896435] [DEBUG] Loop iteration: 15
[2025-11-07T11:40:29.896405] [INFO] Session started
[2025-11-07T11:40:29.896428] [ERROR] Request failed
[2025-11-07T11:40:29.896404] [INFO] User logged in
[2025-11-07T11:40:29.896412] [INFO] Database query executed
[2025-11-07T11:40:29.896424] [WARN] Disk space low
[2025-11-07T11:40:29.896417] [INFO] Session started
[2025-11-07T11:40:29.896434] [DEBUG] Timer set: 30 seconds
[2025-11-07T11:40:29.896426] [WARN] Timeout warning
[2025-11-07T11:40:29.896431] [DEBUG] Loop iteration: 15
[2025-11-07T11:40:29.896409] [INFO] Database query executed
[2025-11-07T11:40:29.896415] [INFO] Transaction completed
[2025-11-07T11:40:29.896427] [ERROR] Service unavailable
[2025-11-07T11:40:29.896410] [INFO] Configuration loaded
[2025-11-07T11:40:29.896419] [INFO] Transaction completed
[2025-11-07T11:40:29.896414] [INFO] Service initialized
[2025-11-07T11:40:29.896425] [WARN] Connection retry attempt
[2025-11-07T11:40:29.896416] [INFO] Service initialized
[2025-11-07T11:40:29.896408] [INFO] User logged in
[2025-11-07T11:40:29.896423] [WARN] Connection retry attempt
[2025-11-07T11:40:29.896422] [WARN] Resource threshold approaching
[2025-11-07T11:40:29.896437] [DEBUG] Buffer size: 4096 bytes
[2025-11-07T11:40:29.896406] [INFO] Session started
