[2025-11-07T11:40:29.770386] [WARN] Deprecated API usage
[2025-11-07T11:40:29.770384] [INFO] Request processed successfully
[2025-11-07T11:40:29.770378] [INFO] Health check passed
[2025-11-07T11:40:29.770393] [DEBUG] Entering function process_data()
[2025-11-07T11:40:29.770394] [DEBUG] Loop iteration: 15
[2025-11-07T11:40:29.770373] [INFO] Configuration loaded
[2025-11-07T11:40:29.770387] [WARN] Cache miss
[2025-11-07T11:40:29.770383] [INFO] Transaction completed
[2025-11-07T11:40:29.770380] [INFO] Transaction completed
[2025-11-07T11:40:29.770382] [INFO] Connection established
[2025-11-07T11:40:29.770376] [INFO] Request processed successfully
[2025-11-07T11:40:29.770385] [WARN] Cache miss
[2025-11-07T11:40:29.770377] [INFO] Service initialized
[2025-11-07T11:40:29.770390] [DEBUG] Variable value: x=42
[2025-11-07T11:40:29.770379] [INFO] Configuration loaded
[2025-11-07T11:40:29.770374] [INFO] Transaction completed
[2025-11-07T11:40:29.770372] [INFO] Transaction completed
[2025-11-07T11:40:29.770375] [INFO] Connection established
[2025-11-07T11:40:29.770388] [ERROR] Disk read failed
[2025-11-07T11:40:29.770392] [DEBUG] Entering function process_data()
[2025-11-07T11:40:29.770381] [INFO] Configuration loaded
[2025-11-07T11:40:29.770395] [DEBUG] Memory allocation: 2048 bytes
[2025-11-07T11:40:29.770391] [DEBUG] Variable value: x=42
