[2025-11-07T11:40:29.845642] [INFO] Database query executed
[2025-11-07T11:40:29.845643] [INFO] User logged in
[2025-11-07T11:40:29.845657] [WARN] Queue size growing
[2025-11-07T11:40:29.845661] [DEBUG] Loop iteration: 15
[2025-11-07T11:40:29.845649] [INFO] Cache hit
[2025-11-07T11:40:29.845658] [ERROR] Network timeout
[2025-11-07T11:40:29.845668] [DEBUG] Connection pool status checked
[2025-11-07T11:40:29.845647] [INFO] Service initialized
[2025-11-07T11:40:29.845665] [DEBUG] Connection pool status checked
[2025-11-07T11:40:29.845664] [DEBUG] Cache key generated
[2025-11-07T11:40:29.845662] [DEBUG] Entering function process_data()
[2025-11-07T11:40:29.845660] [DEBUG] Variable value: x=42
[2025-11-07T11:40:29.845663] [DEBUG] Cache key generated
[2025-11-07T11:40:29.845654] [INFO] Configuration loaded
[2025-11-07T11:40:29.845667] [DEBUG] Thread pool size: 8
[2025-11-07T11:40:29.845648] [INFO] Transaction completed
[2025-11-07T11:40:29.845639] [INFO] Configuration loaded
[2025-11-07T11:40:29.845644] [INFO] User logged in
[2025-11-07T11:40:29.845653] [INFO] Health check passed
[2025-11-07T11:40:29.845659] [ERROR] Memory allocation error
[2025-11-07T11:40:29.845646] [INFO] Connection established
[2025-11-07T11:40:29.845645] [INFO] Session started
[2025-11-07T11:40:29.845655] [WARN] Rate limit approaching
[2025-11-07T11:40:29.845650] [INFO] Connection established
[2025-11-07T11:40:29.845652] [INFO] Cache hit
[2025-11-07T11:40:29.845656] [WARN] Queue size growing
[2025-11-07T11:40:29.845640] [INFO] Request processed successfully
[2025-11-07T11:40:29.845666] [DEBUG] Cache key generated
[2025-11-07T11:40:29.845651] [INFO] User logged in
