[2025-11-07T11:40:29.526197] [INFO] Health check passed
[2025-11-07T11:40:29.526191] [INFO] Transaction completed
[2025-11-07T11:40:29.526207] [DEBUG] Timer set: 30 seconds
[2025-11-07T11:40:29.526214] [DEBUG] Loop iteration: 15
[2025-11-07T11:40:29.526210] [DEBUG] Loop iteration: 15
[2025-11-07T11:40:29.526196] [INFO] Transaction completed
[2025-11-07T11:40:29.526205] [ERROR] Memory allocation error
[2025-11-07T11:40:29.526209] [DEBUG] Loop iteration: 15
[2025-11-07T11:40:29.526204] [WARN] High memory usage detected
[2025-11-07T11:40:29.526190] [INFO] Configuration loaded
[2025-11-07T11:40:29.526192] [INFO] Cache hit
[2025-11-07T11:40:29.526199] [INFO] Transaction completed
[2025-11-07T11:40:29.526194] [INFO] Database query executed
[2025-11-07T11:40:29.526206] [ERROR] Memory allocation error
[2025-11-07T11:40:29.526211] [DEBUG] Connection pool status checked
[2025-11-07T11:40:29.526198] [INFO] User logged in
[2025-11-07T11:40:29.526212] [DEBUG] HTTP request headers parsed
[2025-11-07T11:40:29.526200] [WARN] Disk space low
[2025-11-07T11:40:29.526213] [DEBUG] Connection pool status checked
[2025-11-07T11:40:29.526202] [WARN] Deprecated API usage
[2025-11-07T11:40:29.526188] [INFO] Cache hit
[2025-11-07T11:40:29.526201] [WARN] High memory usage detected
[2025-11-07T11:40:29.526203] [WARN] Resource threshold approaching
[2025-11-07T11:40:29.526215] [DEBUG] Variable value: x=42
[2025-11-07T11:40:29.526208] [DEBUG] Loop iteration: 15
[2025-11-07T11:40:29.526195] [INFO] Session started
[2025-11-07T11:40:29.526189] [INFO] Connection established
[2025-11-07T11:40:29.526193] [INFO] User logged in
