[2025-11-07T11:40:29.991018] [DEBUG] Memory allocation: 2048 bytes
[2025-11-07T11:40:29.991007] [INFO] Session started
[2025-11-07T11:40:29.991006] [INFO] Session started
[2025-11-07T11:40:29.991000] [INFO] Connection established
[2025-11-07T11:40:29.991012] [WARN] Queue size growing
[2025-11-07T11:40:29.991017] [DEBUG] Entering function process_data()
[2025-11-07T11:40:29.990999] [INFO] Service initialized
[2025-11-07T11:40:29.991014] [ERROR] Permission denied
[2025-11-07T11:40:29.990995] [INFO] Configuration loaded
[2025-11-07T11:40:29.991024] [DEBUG] Cache key generated
[2025-11-07T11:40:29.991004] [INFO] Database query executed
[2025-11-07T11:40:29.991001] [INFO] Transaction completed
[2025-11-07T11:40:29.991023] [DEBUG] Entering function process_data()
[2025-11-07T11:40:29.991002] [INFO] Configuration loaded
[2025-11-07T11:40:29.990997] [INFO] User logged in
[2025-11-07T11:40:29.990996] [INFO] Service initialized
[2025-11-07T11:40:29.991020] [DEBUG] HTTP request headers parsed
[2025-11-07T11:40:29.991016] [DEBUG] Timer set: 30 seconds
[2025-11-07T11:40:29.991003] [INFO] Configuration loaded
[2025-11-07T11:40:29.991011] [WARN] Connection retry attempt
[2025-11-07T11:40:29.991021] [DEBUG] Timer set: 30 seconds
[2025-11-07T11:40:29.991008] [INFO] Session started
[2025-11-07T11:40:29.991010] [WARN] Queue size growing
[2025-11-07T11:40:29.991009] [WARN] Deprecated API usage
[2025-11-07T11:40:29.991005] [INFO] Cache hit
[2025-11-07T11:40:29.990998] [INFO] Health check passed
[2025-11-07T11:40:29.991022] [DEBUG] Thread pool size: 8
[2025-11-07T11:40:29.991019] [DEBUG] Thread pool size: 8
[2025-11-07T11:40:29.991013] [WARN] Cache miss
[2025-11-07T11:40:29.990993] [INFO] Session started
