[2025-11-07T11:40:29.699883] [DEBUG] HTTP request headers parsed
[2025-11-07T11:40:29.699889] [DEBUG] Entering function process_data()
[2025-11-07T11:40:29.699892] [DEBUG] Thread pool size: 8
[2025-11-07T11:40:29.699865] [INFO] Request processed successfully
[2025-11-07T11:40:29.699862] [INFO] Configuration loaded
[2025-11-07T11:40:29.699888] [DEBUG] HTTP request headers parsed
[2025-11-07T11:40:29.699868] [INFO] Cache hit
[2025-11-07T11:40:29.699880] [WARN] Deprecated API usage
[2025-11-07T11:40:29.699885] [DEBUG] Entering function process_data()
[2025-11-07T11:40:29.699863] [INFO] Transaction completed
[2025-11-07T11:40:29.699895] [DEBUG] Entering function process_data()
[2025-11-07T11:40:29.699875] [INFO] Database query executed
[2025-11-07T11:40:29.699869] [INFO] Cache hit
[2025-11-07T11:40:29.699864] [INFO] Service initialized
[2025-11-07T11:40:29.699861] [INFO] Health check passed
[2025-11-07T11:40:29.699894] [DEBUG] Timer set: 30 seconds
[2025-11-07T11:40:29.699887] [DEBUG] Timer set: 30 seconds
[2025-11-07T11:40:29.699874] [INFO] Session started
[2025-11-07T11:40:29.699879] [INFO] Configuration loaded
[2025-11-07T11:40:29.699877] [INFO] Service initialized
[2025-11-07T11:40:29.699882] [ERROR] Database connection lost
[2025-11-07T11:40:29.699872] [INFO] Service initialized
[2025-11-07T11:40:29.699873] [INFO] Request processed successfully
[2025-11-07T11:40:29.699888] [DEBUG] Memory allocation: 2048 bytes
[2025-11-07T11:40:29.699876] [INFO] User logged in
[2025-11-07T11:40:29.699867] [INFO] User logged in
[2025-11-07T11:40:29.699886] [DEBUG] Memory allocation: 2048 bytes
[2025-11-07T11:40:29.699871] [INFO] Transaction completed
[2025-11-07T11:40:29.699878] [INFO] Cache hit
[2025-11-07T11:40:29.699890] [DEBUG] Connection pool status checked
[2025-11-07T11:40:29.699866] [INFO] Service initialized
[2025-11-07T11:40:29.699870] [INFO] Service initialized
[2025-11-07T11:40:29.699881] [WARN] Timeout warning
