[2025-11-07T11:40:29.292430] [WARN] Deprecated API usage
[2025-11-07T11:40:29.292422] [INFO] Connection established
[2025-11-07T11:40:29.292436] [DEBUG] HTTP request headers parsed
[2025-11-07T11:40:29.292415] [INFO] Connection established
[2025-11-07T11:40:29.292428] [WARN] Resource threshold approaching
[2025-11-07T11:40:29.292426] [INFO] Database query executed
[2025-11-07T11:40:29.292416] [INFO] Configuration loaded
[2025-11-07T11:40:29.292433] [ERROR] Database connection lost
[2025-11-07T11:40:29.292420] [INFO] Request processed successfully
[2025-11-07T11:40:29.292429] [WARN] Connection retry attempt
[2025-11-07T11:40:29.292437] [DEBUG] Memory allocation: 2048 bytes
[2025-11-07T11:40:29.292432] [WARN] Queue size growing
[2025-11-07T11:40:29.292442] [DEBUG] Memory allocation: 2048 bytes
[2025-11-07T11:40:29.292441] [DEBUG] Loop iteration: 15
[2025-11-07T11:40:29.292439] [DEBUG] Memory allocation: 2048 bytes
[2025-11-07T11:40:29.292435] [DEBUG] Thread pool size: 8
[2025-11-07T11:40:29.292443] [DEBUG] Connection pool status checked
[2025-11-07T11:40:29.292426] [INFO] Cache hit
[2025-11-07T11:40:29.292424] [INFO] Database query executed
[2025-11-07T11:40:29.292440] [DEBUG] Variable value: x=42
[2025-11-07T11:40:29.292432] [WARN] Deprecated API usage
[2025-11-07T11:40:29.292423] [INFO] Cache hit
[2025-11-07T11:40:29.292427] [INFO] Cache hit
[2025-11-07T11:40:29.292417] [INFO] Connection established
[2025-11-07T11:40:29.292421] [INFO] Cache hit
[2025-11-07T11:40:29.292419] [INFO] Request processed successfully
[2025-11-07T11:40:29.292425] [INFO] Database query executed
[2025-11-07T11:40:29.292438] [DEBUG] Thread pool size: 8
