[2025-11-07T11:40:30.019589] [INFO] Session started
[2025-11-07T11:40:30.019614] [DEBUG] Memory allocation: 2048 bytes
[2025-11-07T11:40:30.019602] [WARN] Slow query performance
[2025-11-07T11:40:30.019605] [WARN] Deprecated API usage
[2025-11-07T11:40:30.019600] [INFO] Connection established
[2025-11-07T11:40:30.019613] [DEBUG] Loop iteration: 15
[2025-11-07T11:40:30.019606] [ERROR] Request failed
[2025-11-07T11:40:30.019603] [WARN] Queue size growing
[2025-11-07T11:40:30.019593] [INFO] Connection established
[2025-11-07T11:40:30.019597] [INFO] Session started
[2025-11-07T11:40:30.019604] [WARN] Disk space low
[2025-11-07T11:40:30.019592] [INFO] Service initialized
[2025-11-07T11:40:30.019609] [DEBUG] Memory allocation: 2048 bytes
[2025-11-07T11:40:30.019601] [WARN] Resource threshold approaching
[2025-11-07T11:40:30.019612] [DEBUG] Timer set: 30 seconds
[2025-11-07T11:40:30.019596] [INFO] Request processed successfully
[2025-11-07T11:40:30.019610] [DEBUG] Timer set: 30 seconds
[2025-11-07T11:40:30.019615] [DEBUG] Variable value: x=42
[2025-11-07T11:40:30.019608] [DEBUG] HTTP request headers parsed
[2025-11-07T11:40:30.019588] [INFO] Health check passed
[2025-11-07T11:40:30.019594] [INFO] User logged in
[2025-11-07T11:40:30.019587] [INFO] Health check passed
[2025-11-07T11:40:30.019590] [INFO] Configuration loaded
[2025-11-07T11:40:30.019595] [INFO] Database query executed
[2025-11-07T11:40:30.019585] [INFO] Database query executed
[2025-11-07T11:40:30.019607] [ERROR] Disk read failed
[2025-11-07T11:40:30.019591] [INFO] Request processed successfully
[2025-11-07T11:40:30.019616] [DEBUG] Variable value: x=42
[2025-11-07T11:40:30.019599] [INFO] Cache hit
[2025-11-07T11:40:30.019611] [DEBUG] Buffer size: 4096 bytes
[2025-11-07T11:40:30.019598] [INFO] Request processed successfully
