[2025-11-07T11:40:29.730931] [WARN] Deprecated API usage
[2025-11-07T11:40:29.730939] [DEBUG] Variable value: x=42
[2025-11-07T11:40:29.730943] [DEBUG] Cache key generated
[2025-11-07T11:40:29.730923] [INFO] Transaction completed
[2025-11-07T11:40:29.730945] [DEBUG] Entering function process_data()
[2025-11-07T11:40:29.730941] [DEBUG] Buffer size: 4096 bytes
[2025-11-07T11:40:29.730925] [INFO] Service initialized
[2025-11-07T11:40:29.730919] [INFO] Connection established
[2025-11-07T11:40:29.730938] [DEBUG] Buffer size: 4096 bytes
[2025-11-07T11:40:29.730933] [ERROR] Authentication failed
[2025-11-07T11:40:29.730918] [INFO] Request processed successfully
[2025-11-07T11:40:29.730924] [INFO] Configuration loaded
[2025-11-07T11:40:29.730932] [WARN] High memory usage detected
[2025-11-07T11:40:29.730944] [DEBUG] Cache key generated
[2025-11-07T11:40:29.730937] [ERROR] Database connection lost
[2025-11-07T11:40:29.730926] [INFO] Configuration loaded
[2025-11-07T11:40:29.730935] [ERROR] Memory allocation error
[2025-11-07T11:40:29.730930] [WARN] Disk space low
[2025-11-07T11:40:29.730940] [DEBUG] Timer set: 30 seconds
[2025-11-07T11:40:29.730947] [DEBUG] HTTP request headers parsed
[2025-11-07T11:40:29.730946] [DEBUG] Loop iteration: 15
[2025-11-07T11:40:29.730929] [INFO] Configuration loaded
[2025-11-07T11:40:29.730942] [DEBUG] Loop iteration: 15
[2025-11-07T11:40:29.730927] [INFO] Cache hit
[2025-11-07T11:40:29.730920] [INFO] Service initialized
[2025-11-07T11:40:29.730925] [INFO] Configuration loaded
[2025-11-07T11:40:29.730936] [ERROR] Authentication failed
[2025-11-07T11:40:29.730928] [INFO] Service initialized
[2025-11-07T11:40:29.730921] [INFO] Cache hit
