[2025-11-07T11:40:29.769864] [INFO] Health check passed
[2025-11-07T11:40:29.769868] [WARN] Slow query performance
[2025-11-07T11:40:29.769853] [INFO] Connection established
[2025-11-07T11:40:29.769872] [WARN] Timeout warning
[2025-11-07T11:40:29.769866] [INFO] User logged in
[2025-11-07T11:40:29.769862] [INFO] Service initialized
[2025-11-07T11:40:29.769870] [WARN] Cache miss
[2025-11-07T11:40:29.769885] [DEBUG] Timer set: 30 seconds
[2025-11-07T11:40:29.769888] [DEBUG] Entering function process_data()
[2025-11-07T11:40:29.769860] [INFO] Health check passed
[2025-11-07T11:40:29.769859] [INFO] Database query executed
[2025-11-07T11:40:29.769858] [INFO] Cache hit
[2025-11-07T11:40:29.769887] [DEBUG] Connection pool status checked
[2025-11-07T11:40:29.769856] [INFO] Connection established
[2025-11-07T11:40:29.769875] [WARN] Disk space low
[2025-11-07T11:40:29.769855] [INFO] Request processed successfully
[2025-11-07T11:40:29.769886] [DEBUG] Loop iteration: 15
[2025-11-07T11:40:29.769883] [DEBUG] Memory allocation: 2048 bytes
[2025-11-07T11:40:29.769873] [WARN] Disk space low
[2025-11-07T11:40:29.769874] [WARN] Disk space low
[2025-11-07T11:40:29.769880] [DEBUG] Memory allocation: 2048 bytes
[2025-11-07T11:40:29.769857] [INFO] Cache hit
[2025-11-07T11:40:29.769884] [DEBUG] Timer set: 30 seconds
[2025-11-07T11:40:29.769865] [INFO] Cache hit
[2025-11-07T11:40:29.769861] [INFO] Connection established
[2025-11-07T11:40:29.769882] [DEBUG] Buffer size: 4096 bytes
[2025-11-07T11:40:29.769881] [DEBUG] Memory allocation: 2048 bytes
[2025-11-07T11:40:29.769854] [INFO] Cache hit
[2025-11-07T11:40:29.769869] [WARN] Cache miss
[2025-11-07T11:40:29.769877] [ERROR] Database connection lost
[2025-11-07T11:40:29.769878] [ERROR] Database connection lost
