[2025-11-07T11:40:29.505933] [INFO] Configuration loaded
[2025-11-07T11:40:29.505936] [INFO] Database query executed
[2025-11-07T11:40:29.505935] [INFO] Cache hit
[2025-11-07T11:40:29.505956] [DEBUG] Buffer size: 4096 bytes
[2025-11-07T11:40:29.505947] [WARN] Rate limit approaching
[2025-11-07T11:40:29.505942] [INFO] Request processed successfully
[2025-11-07T11:40:29.505943] [WARN] Slow query performance
[2025-11-07T11:40:29.505941] [INFO] Database query executed
[2025-11-07T11:40:29.505950] [DEBUG] Connection pool status checked
[2025-11-07T11:40:29.505952] [DEBUG] Loop iteration: 15
[2025-11-07T11:40:29.505948] [ERROR] Service unavailable
[2025-11-07T11:40:29.505945] [WARN] Timeout warning
[2025-11-07T11:40:29.505955] [DEBUG] Cache key generated
[2025-11-07T11:40:29.505946] [WARN] Deprecated API usage
[2025-11-07T11:40:29.505949] [DEBUG] Buffer size: 4096 bytes
[2025-11-07T11:40:29.505938] [INFO] Health check passed
[2025-11-07T11:40:29.505929] [INFO] Connection established
[2025-11-07T11:40:29.505927] [INFO] Request processed successfully
[2025-11-07T11:40:29.505932] [INFO] User logged in
[2025-11-07T11:40:29.505937] [INFO] Health check passed
[2025-11-07T11:40:29.505957] [DEBUG] Connection pool status checked
[2025-11-07T11:40:29.505940] [INFO] Session started
[2025-11-07T11:40:29.505954] [DEBUG] Connection pool status checked
[2025-11-07T11:40:29.505951] [DEBUG] Loop iteration: 15
[2025-11-07T11:40:29.505939] [INFO] Connection established
[2025-11-07T11:40:29.505931] [INFO] Request processed successfully
[2025-11-07T11:40:29.505953] [DEBUG] Entering function process_data()
[2025-11-07T11:40:29.505934] [INFO] Request processed successfully
[2025-11-07T11:40:29.505930] [INFO] Database query executed
