[2025-11-07T11:40:29.581033] [INFO] Transaction completed
[2025-11-07T11:40:29.581037] [INFO] Database query executed
[2025-11-07T11:40:29.581047] [DEBUG] Memory allocation: 2048 bytes
[2025-11-07T11:40:29.581034] [INFO] User logged in
[2025-11-07T11:40:29.581035] [INFO] User logged in
[2025-11-07T11:40:29.581045] [DEBUG] Timer set: 30 seconds
[2025-11-07T11:40:29.581024] [INFO] Request processed successfully
[2025-11-07T11:40:29.581022] [INFO] Connection established
[2025-11-07T11:40:29.581051] [DEBUG] Variable value: x=42
[2025-11-07T11:40:29.581042] [WARN] High memory usage detected
[2025-11-07T11:40:29.581052] [DEBUG] Variable value: x=42
[2025-11-07T11:40:29.581049] [DEBUG] HTTP request headers parsed
[2025-11-07T11:40:29.581032] [INFO] Cache hit
[2025-11-07T11:40:29.581036] [INFO] User logged in
[2025-11-07T11:40:29.581030] [INFO] Configuration loaded
[2025-11-07T11:40:29.581026] [INFO] Configuration loaded
[2025-11-07T11:40:29.581044] [ERROR] Permission denied
[2025-11-07T11:40:29.581046] [DEBUG] Cache key generated
[2025-11-07T11:40:29.581028] [INFO] Connection established
[2025-11-07T11:40:29.581031] [INFO] Database query executed
[2025-11-07T11:40:29.581048] [DEBUG] Thread pool size: 8
[2025-11-07T11:40:29.581029] [INFO] Cache hit
[2025-11-07T11:40:29.581053] [DEBUG] HTTP request headers parsed
[2025-11-07T11:40:29.581054] [DEBUG] HTTP request headers parsed
[2025-11-07T11:40:29.581041] [WARN] Timeout warning
[2025-11-07T11:40:29.581038] [WARN] Connection retry attempt
[2025-11-07T11:40:29.581050] [DEBUG] Connection pool status checked
[2025-11-07T11:40:29.581039] [WARN] Slow query performance
[2025-11-07T11:40:29.581025] [INFO] Transaction completed
[2025-11-07T11:40:29.581043] [ERROR] Permission denied
[2025-11-07T11:40:29.581023] [INFO] Service initialized
[2025-11-07T11:40:29.581027] [INFO] Connection established
