[2025-11-07T11:40:29.411629] [ERROR] Database connection lost
[2025-11-07T11:40:29.411616] [INFO] Session started
[2025-11-07T11:40:29.411638] [DEBUG] Loop iteration: 15
[2025-11-07T11:40:29.411624] [WARN] Timeout warning
[2025-11-07T11:40:29.411609] [INFO] Request processed successfully
[2025-11-07T11:40:29.411618] [INFO] Request processed successfully
[2025-11-07T11:40:29.411612] [INFO] Configuration loaded
[2025-11-07T11:40:29.411631] [DEBUG] HTTP request headers parsed
[2025-11-07T11:40:29.411610] [INFO] Database query executed
[2025-11-07T11:40:29.411617] [INFO] Request processed successfully
[2025-11-07T11:40:29.411614] [INFO] Configuration loaded
[2025-11-07T11:40:29.411618] [INFO] Transaction completed
[2025-11-07T11:40:29.411606] [INFO] Transaction completed
[2025-11-07T11:40:29.411632] [DEBUG] Thread pool size: 8
[2025-11-07T11:40:29.411628] [ERROR] Disk read failed
[2025-11-07T11:40:29.411636] [DEBUG] Timer set: 30 seconds
[2025-11-07T11:40:29.411622] [WARN] Queue size growing
[2025-11-07T11:40:29.411613] [INFO] User logged in
[2025-11-07T11:40:29.411620] [INFO] Service initialized
[2025-11-07T11:40:29.411623] [WARN] Rate limit approaching
[2025-11-07T11:40:29.411619] [INFO] Service initialized
[2025-11-07T11:40:29.411637] [DEBUG] Connection pool status checked
[2025-11-07T11:40:29.411615] [INFO] Health check passed
[2025-11-07T11:40:29.411611] [INFO] Service initialized
[2025-11-07T11:40:29.411633] [DEBUG] Connection pool status checked
[2025-11-07T11:40:29.411634] [DEBUG] Loop iteration: 15
[2025-11-07T11:40:29.411608] [INFO] Service initialized
[2025-11-07T11:40:29.411621] [INFO] Service initialized
[2025-11-07T11:40:29.411626] [WARN] Queue size growing
[2025-11-07T11:40:29.411630] [DEBUG] Entering function process_data()
[2025-11-07T11:40:29.411625] [WARN] High memory usage detected
[2025-11-07T11:40:29.411635] [DEBUG] HTTP request headers parsed
[2025-11-07T11:40:29.411627] [WARN] Disk space low
