[2025-11-07T11:40:29.738190] [DEBUG] Cache key generated
[2025-11-07T11:40:29.738179] [INFO] Database query executed
[2025-11-07T11:40:29.738169] [INFO] Connection established
[2025-11-07T11:40:29.738191] [DEBUG] Variable value: x=42
[2025-11-07T11:40:29.738182] [WARN] Slow query performance
[2025-11-07T11:40:29.738166] [INFO] Transaction completed
[2025-11-07T11:40:29.738173] [INFO] Connection established
[2025-11-07T11:40:29.738185] [WARN] High memory usage detected
[2025-11-07T11:40:29.738184] [WARN] Queue size growing
[2025-11-07T11:40:29.738187] [ERROR] Authentication failed
[2025-11-07T11:40:29.738168] [INFO] Cache hit
[2025-11-07T11:40:29.738175] [INFO] User logged in
[2025-11-07T11:40:29.738193] [DEBUG] Connection pool status checked
[2025-11-07T11:40:29.738167] [INFO] Cache hit
[2025-11-07T11:40:29.738181] [WARN] Deprecated API usage
[2025-11-07T11:40:29.738195] [DEBUG] Loop iteration: 15
[2025-11-07T11:40:29.738189] [DEBUG] Timer set: 30 seconds
[2025-11-07T11:40:29.738192] [DEBUG] Buffer size: 4096 bytes
[2025-11-07T11:40:29.738183] [WARN] Slow query performance
[2025-11-07T11:40:29.738194] [DEBUG] Thread pool size: 8
[2025-11-07T11:40:29.738177] [INFO] Session started
[2025-11-07T11:40:29.738188] [DEBUG] Timer set: 30 seconds
[2025-11-07T11:40:29.738171] [INFO] Health check passed
[2025-11-07T11:40:29.738174] [INFO] Session started
[2025-11-07T11:40:29.738186] [ERROR] Disk read failed
[2025-11-07T11:40:29.738172] [INFO] Health check passed
[2025-11-07T11:40:29.738176] [INFO] Transaction completed
[2025-11-07T11:40:29.738170] [INFO] Transaction completed
[2025-11-07T11:40:29.738178] [INFO] Cache hit
[2025-11-07T11:40:29.738180] [INFO] Health check passed
