[2025-11-07T11:40:30.274899] [DEBUG] Thread pool size: 8
[2025-11-07T11:40:30.274886] [INFO] Service initialized
[2025-11-07T11:40:30.274881] [INFO] Transaction completed
[2025-11-07T11:40:30.274882] [INFO] Connection established
[2025-11-07T11:40:30.274893] [INFO] Session started
[2025-11-07T11:40:30.274902] [DEBUG] Memory allocation: 2048 bytes
[2025-11-07T11:40:30.274879] [INFO] User logged in
[2025-11-07T11:40:30.274884] [INFO] Connection established
[2025-11-07T11:40:30.274895] [INFO] Session started
[2025-11-07T11:40:30.274894] [INFO] User logged in
[2025-11-07T11:40:30.274891] [INFO] Health check passed
[2025-11-07T11:40:30.274889] [INFO] Configuration loaded
[2025-11-07T11:40:30.274898] [DEBUG] Entering function process_data()
[2025-11-07T11:40:30.274885] [INFO] Request processed successfully
[2025-11-07T11:40:30.274887] [INFO] Service initialized
[2025-11-07T11:40:30.274896] [WARN] Cache miss
[2025-11-07T11:40:30.274901] [DEBUG] Timer set: 30 seconds
[2025-11-07T11:40:30.274897] [ERROR] Invalid input data
[2025-11-07T11:40:30.274903] [DEBUG] Variable value: x=42
[2025-11-07T11:40:30.274888] [INFO] Connection established
[2025-11-07T11:40:30.274880] [INFO] Health check passed
[2025-11-07T11:40:30.274900] [DEBUG] Loop iteration: 15
[2025-11-07T11:40:30.274878] [INFO] Database query executed
[2025-11-07T11:40:30.274892] [INFO] Configuration loaded
[2025-11-07T11:40:30.274877] [INFO] Connection established
[2025-11-07T11:40:30.274883] [INFO] Connection established
[2025-11-07T11:40:30.274890] [INFO] Configuration loaded
