[2025-11-07T11:40:29.300222] [INFO] User logged in
[2025-11-07T11:40:29.300225] [INFO] User logged in
[2025-11-07T11:40:29.300219] [INFO] Transaction completed
[2025-11-07T11:40:29.300227] [INFO] Session started
[2025-11-07T11:40:29.300234] [INFO] Transaction completed
[2025-11-07T11:40:29.300216] [INFO] Connection established
[2025-11-07T11:40:29.300223] [INFO] Database query executed
[2025-11-07T11:40:29.300245] [DEBUG] Memory allocation: 2048 bytes
[2025-11-07T11:40:29.300233] [INFO] Health check passed
[2025-11-07T11:40:29.300248] [DEBUG] Buffer size: 4096 bytes
[2025-11-07T11:40:29.300246] [DEBUG] Loop iteration: 15
[2025-11-07T11:40:29.300249] [DEBUG] Cache key generated
[2025-11-07T11:40:29.300229] [INFO] Health check passed
[2025-11-07T11:40:29.300231] [INFO] Service initialized
[2025-11-07T11:40:29.300221] [INFO] Service initialized
[2025-11-07T11:40:29.300240] [WARN] Timeout warning
[2025-11-07T11:40:29.300224] [INFO] Request processed successfully
[2025-11-07T11:40:29.300241] [ERROR] Request failed
[2025-11-07T11:40:29.300250] [DEBUG] Connection pool status checked
[2025-11-07T11:40:29.300242] [DEBUG] Loop iteration: 15
[2025-11-07T11:40:29.300228] [INFO] User logged in
[2025-11-07T11:40:29.300239] [WARN] Queue size growing
[2025-11-07T11:40:29.300235] [INFO] Health check passed
[2025-11-07T11:40:29.300238] [WARN] Resource threshold approaching
[2025-11-07T11:40:29.300237] [WARN] Connection retry attempt
[2025-11-07T11:40:29.300236] [INFO] Connection established
[2025-11-07T11:40:29.300243] [DEBUG] Loop iteration: 15
[2025-11-07T11:40:29.300230] [INFO] Database query executed
[2025-11-07T11:40:29.300244] [DEBUG] Timer set: 30 seconds
[2025-11-07T11:40:29.300232] [INFO] Request processed successfully
[2025-11-07T11:40:29.300220] [INFO] User logged in
[2025-11-07T11:40:29.300226] [INFO] Database query executed
[2025-11-07T11:40:29.300247] [DEBUG] Thread pool size: 8
[2025-11-07T11:40:29.300218] [INFO] User logged in
