[2025-11-07T11:40:30.360756] [INFO] Cache hit
[2025-11-07T11:40:30.360781] [DEBUG] Buffer size: 4096 bytes
[2025-11-07T11:40:30.360750] [INFO] Configuration loaded
[2025-11-07T11:40:30.360766] [INFO] Cache hit
[2025-11-07T11:40:30.360780] [DEBUG] Cache key generated
[2025-11-07T11:40:30.360759] [INFO] Health check passed
[2025-11-07T11:40:30.360758] [INFO] Connection established
[2025-11-07T11:40:30.360762] [INFO] Transaction completed
[2025-11-07T11:40:30.360768] [INFO] Session started
[2025-11-07T11:40:30.360753] [INFO] Cache hit
[2025-11-07T11:40:30.360764] [INFO] User logged in
[2025-11-07T11:40:30.360778] [DEBUG] Buffer size: 4096 bytes
[2025-11-07T11:40:30.360779] [DEBUG] Timer set: 30 seconds
[2025-11-07T11:40:30.360760] [INFO] Transaction completed
[2025-11-07T11:40:30.360772] [WARN] Disk space low
[2025-11-07T11:40:30.360774] [ERROR] Request failed
[2025-11-07T11:40:30.360775] [ERROR] Permission denied
[2025-11-07T11:40:30.360782] [DEBUG] Timer set: 30 seconds
[2025-11-07T11:40:30.360761] [INFO] Request processed successfully
[2025-11-07T11:40:30.360769] [WARN] Disk space low
[2025-11-07T11:40:30.360754] [INFO] Service initialized
[2025-11-07T11:40:30.360778] [DEBUG] Variable value: x=42
[2025-11-07T11:40:30.360752] [INFO] Connection established
[2025-11-07T11:40:30.360755] [INFO] Database query executed
[2025-11-07T11:40:30.360757] [INFO] Configuration loaded
[2025-11-07T11:40:30.360776] [DEBUG] Connection pool status checked
[2025-11-07T11:40:30.360772] [WARN] Rate limit approaching
[2025-11-07T11:40:30.360765] [INFO] Health check passed
[2025-11-07T11:40:30.360763] [INFO] Request processed successfully
[2025-11-07T11:40:30.360770] [WARN] Slow query performance
[2025-11-07T11:40:30.360767] [INFO] Session started
[2025-11-07T11:40:30.360773] [WARN] Connection retry attempt
