[2025-11-07T11:40:29.588738] [DEBUG] Timer set: 30 seconds
[2025-11-07T11:40:29.588718] [INFO] Connection established
[2025-11-07T11:40:29.588725] [INFO] Connection established
[2025-11-07T11:40:29.588715] [INFO] Service initialized
[2025-11-07T11:40:29.588723] [INFO] Health check passed
[2025-11-07T11:40:29.588732] [WARN] Deprecated API usage
[2025-11-07T11:40:29.588731] [WARN] Rate limit approaching
[2025-11-07T11:40:29.588726] [INFO] Configuration loaded
[2025-11-07T11:40:29.588740] [DEBUG] Cache key generated
[2025-11-07T11:40:29.588733] [WARN] Deprecated API usage
[2025-11-07T11:40:29.588737] [DEBUG] Thread pool size: 8
[2025-11-07T11:40:29.588713] [INFO] Configuration loaded
[2025-11-07T11:40:29.588719] [INFO] Connection established
[2025-11-07T11:40:29.588720] [INFO] Health check passed
[2025-11-07T11:40:29.588739] [DEBUG] Memory allocation: 2048 bytes
[2025-11-07T11:40:29.588712] [INFO] Cache hit
[2025-11-07T11:40:29.588717] [INFO] Transaction completed
[2025-11-07T11:40:29.588729] [WARN] High memory usage detected
[2025-11-07T11:40:29.588722] [INFO] Service initialized
[2025-11-07T11:40:29.588716] [INFO] User logged in
[2025-11-07T11:40:29.588741] [DEBUG] Buffer size: 4096 bytes
[2025-11-07T11:40:29.588728] [INFO] Configuration loaded
[2025-11-07T11:40:29.588721] [INFO] Database query executed
[2025-11-07T11:40:29.588714] [INFO] User logged in
[2025-11-07T11:40:29.588734] [WARN] Resource threshold approaching
[2025-11-07T11:40:29.588735] [ERROR] File not found
[2025-11-07T11:40:29.588742] [DEBUG] Variable value: x=42
[2025-11-07T11:40:29.588711] [INFO] Configuration loaded
[2025-11-07T11:40:29.588727] [INFO] Connection established
[2025-11-07T11:40:29.588736] [ERROR] Database connection lost
[2025-11-07T11:40:29.588743] [DEBUG] Memory allocation: 2048 bytes
[2025-11-07T11:40:29.588724] [INFO] Service initialized
[2025-11-07T11:40:29.588730] [WARN] Cache miss
