[2025-11-07T11:40:29.506347] [DEBUG] Buffer size: 4096 bytes
[2025-11-07T11:40:29.506336] [INFO] User logged in
[2025-11-07T11:40:29.506336] [INFO] Database query executed
[2025-11-07T11:40:29.506333] [INFO] Health check passed
[2025-11-07T11:40:29.506330] [INFO] Cache hit
[2025-11-07T11:40:29.506328] [INFO] Cache hit
[2025-11-07T11:40:29.506334] [INFO] Service initialized
[2025-11-07T11:40:29.506352] [DEBUG] Timer set: 30 seconds
[2025-11-07T11:40:29.506346] [DEBUG] HTTP request headers parsed
[2025-11-07T11:40:29.506343] [ERROR] Memory allocation error
[2025-11-07T11:40:29.506339] [WARN] Resource threshold approaching
[2025-11-07T11:40:29.506349] [DEBUG] Cache key generated
[2025-11-07T11:40:29.506340] [WARN] Disk space low
[2025-11-07T11:40:29.506344] [ERROR] Request failed
[2025-11-07T11:40:29.506335] [INFO] Service initialized
[2025-11-07T11:40:29.506331] [INFO] Request processed successfully
[2025-11-07T11:40:29.506348] [DEBUG] Entering function process_data()
[2025-11-07T11:40:29.506350] [DEBUG] Memory allocation: 2048 bytes
[2025-11-07T11:40:29.506353] [DEBUG] HTTP request headers parsed
[2025-11-07T11:40:29.506345] [DEBUG] Buffer size: 4096 bytes
[2025-11-07T11:40:29.506338] [WARN] Timeout warning
[2025-11-07T11:40:29.506332] [INFO] User logged in
[2025-11-07T11:40:29.506337] [INFO] Health check passed
[2025-11-07T11:40:29.506351] [DEBUG] Buffer size: 4096 bytes
[2025-11-07T11:40:29.506341] [WARN] Slow query performance
