[2025-11-07T11:40:29.648677] [INFO] Database query executed
[2025-11-07T11:40:29.648671] [INFO] Service initialized
[2025-11-07T11:40:29.648668] [INFO] Database query executed
[2025-11-07T11:40:29.648686] [WARN] Slow query performance
[2025-11-07T11:40:29.648690] [ERROR] File not found
[2025-11-07T11:40:29.648665] [INFO] Health check passed
[2025-11-07T11:40:29.648679] [INFO] Connection established
[2025-11-07T11:40:29.648667] [INFO] Cache hit
[2025-11-07T11:40:29.648687] [WARN] Connection retry attempt
[2025-11-07T11:40:29.648670] [INFO] Service initialized
[2025-11-07T11:40:29.648698] [DEBUG] HTTP request headers parsed
[2025-11-07T11:40:29.648681] [INFO] Cache hit
[2025-11-07T11:40:29.648689] [ERROR] Invalid input data
[2025-11-07T11:40:29.648695] [DEBUG] Buffer size: 4096 bytes
[2025-11-07T11:40:29.648693] [DEBUG] Cache key generated
[2025-11-07T11:40:29.648685] [WARN] Slow query performance
[2025-11-07T11:40:29.648692] [DEBUG] Connection pool status checked
[2025-11-07T11:40:29.648688] [WARN] Rate limit approaching
[2025-11-07T11:40:29.648669] [INFO] Session started
[2025-11-07T11:40:29.648678] [INFO] Health check passed
[2025-11-07T11:40:29.648683] [INFO] Transaction completed
[2025-11-07T11:40:29.648676] [INFO] Database query executed
[2025-11-07T11:40:29.648675] [INFO] Request processed successfully
[2025-11-07T11:40:29.648699] [DEBUG] HTTP request headers parsed
[2025-11-07T11:40:29.648694] [DEBUG] Thread pool size: 8
[2025-11-07T11:40:29.648691] [DEBUG] Cache key generated
[2025-11-07T11:40:29.648674] [INFO] Configuration loaded
[2025-11-07T11:40:29.648684] [INFO] Configuration loaded
[2025-11-07T11:40:29.648673] [INFO] Database query executed
[2025-11-07T11:40:29.648680] [INFO] Connection established
[2025-11-07T11:40:29.648672] [INFO] Transaction completed
[2025-11-07T11:40:29.648682] [INFO] User logged in
[2025-11-07T11:40:29.648697] [DEBUG] Thread pool size: 8
[2025-11-07T11:40:29.648696] [DEBUG] Memory allocation: 2048 bytes
