[2025-11-07T11:40:29.786352] [WARN] Deprecated API usage
[2025-11-07T11:40:29.786351] [WARN] Deprecated API usage
[2025-11-07T11:40:29.786358] [DEBUG] Connection pool status checked
[2025-11-07T11:40:29.786360] [DEBUG] Entering function process_data()
[2025-11-07T11:40:29.786347] [WARN] Disk space low
[2025-11-07T11:40:29.786343] [INFO] Request processed successfully
[2025-11-07T11:40:29.786359] [DEBUG] Buffer size: 4096 bytes
[2025-11-07T11:40:29.786336] [INFO] Configuration loaded
[2025-11-07T11:40:29.786346] [INFO] Database query executed
[2025-11-07T11:40:29.786335] [INFO] Health check passed
[2025-11-07T11:40:29.786357] [DEBUG] Cache key generated
[2025-11-07T11:40:29.786364] [DEBUG] Thread pool size: 8
[2025-11-07T11:40:29.786339] [INFO] Configuration loaded
[2025-11-07T11:40:29.786349] [WARN] Cache miss
[2025-11-07T11:40:29.786344] [INFO] Connection established
[2025-11-07T11:40:29.786361] [DEBUG] Buffer size: 4096 bytes
[2025-11-07T11:40:29.786333] [INFO] Service initialized
[2025-11-07T11:40:29.786345] [INFO] Health check passed
[2025-11-07T11:40:29.786362] [DEBUG] Variable value: x=42
[2025-11-07T11:40:29.786337] [INFO] Configuration loaded
[2025-11-07T11:40:29.786340] [INFO] Connection established
[2025-11-07T11:40:29.786363] [DEBUG] Thread pool size: 8
[2025-11-07T11:40:29.786350] [WARN] High memory usage detected
[2025-11-07T11:40:29.786338] [INFO] Service initialized
[2025-11-07T11:40:29.786348] [WARN] Queue size growing
[2025-11-07T11:40:29.786341] [INFO] Service initialized
[2025-11-07T11:40:29.786355] [DEBUG] Buffer size: 4096 bytes
[2025-11-07T11:40:29.786342] [INFO] Cache hit
[2025-11-07T11:40:29.786354] [ERROR] Permission denied
[2025-11-07T11:40:29.786353] [ERROR] Network timeout
