[2025-11-07T11:40:30.333574] [INFO] Health check passed
[2025-11-07T11:40:30.333586] [INFO] Database query executed
[2025-11-07T11:40:30.333587] [INFO] Configuration loaded
[2025-11-07T11:40:30.333577] [INFO] Service initialized
[2025-11-07T11:40:30.333580] [INFO] Service initialized
[2025-11-07T11:40:30.333601] [DEBUG] Variable value: x=42
[2025-11-07T11:40:30.333572] [INFO] User logged in
[2025-11-07T11:40:30.333600] [DEBUG] Cache key generated
[2025-11-07T11:40:30.333571] [INFO] Service initialized
[2025-11-07T11:40:30.333595] [ERROR] Disk read failed
[2025-11-07T11:40:30.333573] [INFO] Request processed successfully
[2025-11-07T11:40:30.333581] [INFO] Session started
[2025-11-07T11:40:30.333579] [INFO] Request processed successfully
[2025-11-07T11:40:30.333578] [INFO] User logged in
[2025-11-07T11:40:30.333602] [DEBUG] Variable value: x=42
[2025-11-07T11:40:30.333598] [DEBUG] Entering function process_data()
[2025-11-07T11:40:30.333584] [INFO] Connection established
[2025-11-07T11:40:30.333591] [WARN] High memory usage detected
[2025-11-07T11:40:30.333575] [INFO] User logged in
[2025-11-07T11:40:30.333592] [WARN] Disk space low
[2025-11-07T11:40:30.333569] [INFO] Request processed successfully
[2025-11-07T11:40:30.333588] [INFO] User logged in
[2025-11-07T11:40:30.333603] [DEBUG] Loop iteration: 15
[2025-11-07T11:40:30.333596] [DEBUG] Entering function process_data()
[2025-11-07T11:40:30.333576] [INFO] Transaction completed
[2025-11-07T11:40:30.333597] [DEBUG] Timer set: 30 seconds
[2025-11-07T11:40:30.333589] [WARN] Cache miss
[2025-11-07T11:40:30.333590] [WARN] Resource threshold approaching
[2025-11-07T11:40:30.333583] [INFO] Request processed successfully
[2025-11-07T11:40:30.333582] [INFO] Service initialized
[2025-11-07T11:40:30.333585] [INFO] User logged in
[2025-11-07T11:40:30.333594] [ERROR] Memory allocation error
[2025-11-07T11:40:30.333599] [DEBUG] Connection pool status checked
[2025-11-07T11:40:30.333604] [DEBUG] Timer set: 30 seconds
