[2025-11-07T11:40:29.622912] [WARN] Deprecated API usage
[2025-11-07T11:40:29.622895] [INFO] Transaction completed
[2025-11-07T11:40:29.622917] [DEBUG] Loop iteration: 15
[2025-11-07T11:40:29.622911] [WARN] Connection retry attempt
[2025-11-07T11:40:29.622923] [DEBUG] Loop iteration: 15
[2025-11-07T11:40:29.622896] [INFO] Session started
[2025-11-07T11:40:29.622902] [INFO] Health check passed
[2025-11-07T11:40:29.622922] [DEBUG] Buffer size: 4096 bytes
[2025-11-07T11:40:29.622916] [DEBUG] Entering function process_data()
[2025-11-07T11:40:29.622913] [WARN] Rate limit approaching
[2025-11-07T11:40:29.622893] [INFO] Session started
[2025-11-07T11:40:29.622914] [ERROR] Request failed
[2025-11-07T11:40:29.622907] [WARN] Slow query performance
[2025-11-07T11:40:29.622910] [WARN] Slow query performance
[2025-11-07T11:40:29.622905] [INFO] User logged in
[2025-11-07T11:40:29.622894] [INFO] Connection established
[2025-11-07T11:40:29.622904] [INFO] User logged in
[2025-11-07T11:40:29.622923] [DEBUG] Connection pool status checked
[2025-11-07T11:40:29.622921] [DEBUG] Timer set: 30 seconds
[2025-11-07T11:40:29.622924] [DEBUG] Entering function process_data()
[2025-11-07T11:40:29.622903] [INFO] Cache hit
[2025-11-07T11:40:29.622906] [INFO] Configuration loaded
[2025-11-07T11:40:29.622898] [INFO] Request processed successfully
[2025-11-07T11:40:29.622908] [WARN] Timeout warning
[2025-11-07T11:40:29.622899] [INFO] Request processed successfully
[2025-11-07T11:40:29.622919] [DEBUG] Timer set: 30 seconds
[2025-11-07T11:40:29.622897] [INFO] Cache hit
[2025-11-07T11:40:29.622915] [ERROR] Service unavailable
[2025-11-07T11:40:29.622900] [INFO] Health check passed
[2025-11-07T11:40:29.622892] [INFO] Session started
[2025-11-07T11:40:29.622901] [INFO] Database query executed
[2025-11-07T11:40:29.622918] [DEBUG] Thread pool size: 8
[2025-11-07T11:40:29.622909] [WARN] Disk space low
