[2025-11-07T11:40:30.076086] [INFO] Session started
[2025-11-07T11:40:30.076078] [INFO] Session started
[2025-11-07T11:40:30.076105] [DEBUG] Thread pool size: 8
[2025-11-07T11:40:30.076090] [INFO] Cache hit
[2025-11-07T11:40:30.076096] [ERROR] Disk read failed
[2025-11-07T11:40:30.076099] [DEBUG] Buffer size: 4096 bytes
[2025-11-07T11:40:30.076087] [INFO] Cache hit
[2025-11-07T11:40:30.076083] [INFO] Session started
[2025-11-07T11:40:30.076093] [WARN] Timeout warning
[2025-11-07T11:40:30.076091] [INFO] Health check passed
[2025-11-07T11:40:30.076084] [INFO] Cache hit
[2025-11-07T11:40:30.076079] [INFO] Connection established
[2025-11-07T11:40:30.076103] [DEBUG] Memory allocation: 2048 bytes
[2025-11-07T11:40:30.076102] [DEBUG] Connection pool status checked
[2025-11-07T11:40:30.076085] [INFO] Service initialized
[2025-11-07T11:40:30.076088] [INFO] Health check passed
[2025-11-07T11:40:30.076104] [DEBUG] Timer set: 30 seconds
[2025-11-07T11:40:30.076081] [INFO] Service initialized
[2025-11-07T11:40:30.076095] [WARN] Rate limit approaching
[2025-11-07T11:40:30.076098] [DEBUG] Variable value: x=42
[2025-11-07T11:40:30.076089] [INFO] Connection established
[2025-11-07T11:40:30.076082] [INFO] Configuration loaded
[2025-11-07T11:40:30.076094] [WARN] Disk space low
[2025-11-07T11:40:30.076100] [DEBUG] Thread pool size: 8
[2025-11-07T11:40:30.076106] [DEBUG] Entering function process_data()
[2025-11-07T11:40:30.076100] [DEBUG] Connection pool status checked
[2025-11-07T11:40:30.076101] [DEBUG] Timer set: 30 seconds
[2025-11-07T11:40:30.076092] [WARN] Rate limit approaching
[2025-11-07T11:40:30.076080] [INFO] Request processed successfully
[2025-11-07T11:40:30.076107] [DEBUG] Variable value: x=42
