[2025-11-07T11:40:30.268416] [INFO] Database query executed
[2025-11-07T11:40:30.268469] [DEBUG] Thread pool size: 8
[2025-11-07T11:40:30.268460] [ERROR] Database connection lost
[2025-11-07T11:40:30.268430] [WARN] Resource threshold approaching
[2025-11-07T11:40:30.268396] [INFO] Database query executed
[2025-11-07T11:40:30.268428] [WARN] High memory usage detected
[2025-11-07T11:40:30.268457] [WARN] Timeout warning
[2025-11-07T11:40:30.268465] [DEBUG] Loop iteration: 15
[2025-11-07T11:40:30.268399] [INFO] Transaction completed
[2025-11-07T11:40:30.268426] [WARN] Timeout warning
[2025-11-07T11:40:30.268461] [ERROR] File not found
[2025-11-07T11:40:30.268369] [INFO] Service initialized
[2025-11-07T11:40:30.268367] [INFO] Transaction completed
[2025-11-07T11:40:30.268402] [INFO] Database query executed
[2025-11-07T11:40:30.268398] [INFO] Request processed successfully
[2025-11-07T11:40:30.268370] [INFO] Session started
[2025-11-07T11:40:30.268470] [DEBUG] HTTP request headers parsed
[2025-11-07T11:40:30.268397] [INFO] Connection established
[2025-11-07T11:40:30.268458] [WARN] Timeout warning
[2025-11-07T11:40:30.268423] [INFO] Health check passed
[2025-11-07T11:40:30.268372] [INFO] Database query executed
[2025-11-07T11:40:30.268429] [WARN] Resource threshold approaching
[2025-11-07T11:40:30.268401] [INFO] Session started
[2025-11-07T11:40:30.268462] [DEBUG] Timer set: 30 seconds
[2025-11-07T11:40:30.268425] [WARN] Connection retry attempt
[2025-11-07T11:40:30.268431] [WARN] Cache miss
[2025-11-07T11:40:30.268468] [DEBUG] Memory allocation: 2048 bytes
[2025-11-07T11:40:30.268466] [DEBUG] Memory allocation: 2048 bytes
[2025-11-07T11:40:30.268463] [DEBUG] Memory allocation: 2048 bytes
[2025-11-07T11:40:30.268400] [INFO] Transaction completed
[2025-11-07T11:40:30.268464] [DEBUG] Cache key generated
[2025-11-07T11:40:30.268371] [INFO] Database query executed
[2025-11-07T11:40:30.268467] [DEBUG] Entering function process_data()
[2025-11-07T11:40:30.268417] [INFO] Configuration loaded
