[2025-11-07T11:40:29.436862] [WARN] Queue size growing
[2025-11-07T11:40:29.436857] [INFO] Database query executed
[2025-11-07T11:40:29.436868] [DEBUG] Loop iteration: 15
[2025-11-07T11:40:29.436870] [DEBUG] Buffer size: 4096 bytes
[2025-11-07T11:40:29.436865] [ERROR] Memory allocation error
[2025-11-07T11:40:29.436851] [INFO] Request processed successfully
[2025-11-07T11:40:29.436860] [WARN] Queue size growing
[2025-11-07T11:40:29.436847] [INFO] Database query executed
[2025-11-07T11:40:29.436874] [DEBUG] Cache key generated
[2025-11-07T11:40:29.436854] [INFO] Connection established
[2025-11-07T11:40:29.436855] [INFO] Session started
[2025-11-07T11:40:29.436871] [DEBUG] Loop iteration: 15
[2025-11-07T11:40:29.436861] [WARN] Disk space low
[2025-11-07T11:40:29.436852] [INFO] User logged in
[2025-11-07T11:40:29.436845] [INFO] Health check passed
[2025-11-07T11:40:29.436866] [DEBUG] Timer set: 30 seconds
[2025-11-07T11:40:29.436859] [INFO] Session started
[2025-11-07T11:40:29.436853] [INFO] User logged in
[2025-11-07T11:40:29.436867] [DEBUG] Cache key generated
[2025-11-07T11:40:29.436872] [DEBUG] Variable value: x=42
[2025-11-07T11:40:29.436863] [WARN] Timeout warning
[2025-11-07T11:40:29.436869] [DEBUG] Buffer size: 4096 bytes
[2025-11-07T11:40:29.436846] [INFO] Session started
[2025-11-07T11:40:29.436856] [INFO] Health check passed
[2025-11-07T11:40:29.436864] [ERROR] Request failed
[2025-11-07T11:40:29.436858] [INFO] Connection established
[2025-11-07T11:40:29.436850] [INFO] Configuration loaded
[2025-11-07T11:40:29.436873] [DEBUG] HTTP request headers parsed
[2025-11-07T11:40:29.436849] [INFO] Transaction completed
