[2025-11-07T11:40:30.338078] [INFO] Transaction completed
[2025-11-07T11:40:30.338092] [WARN] Disk space low
[2025-11-07T11:40:30.338100] [DEBUG] Connection pool status checked
[2025-11-07T11:40:30.338072] [INFO] Request processed successfully
[2025-11-07T11:40:30.338079] [INFO] Transaction completed
[2025-11-07T11:40:30.338095] [ERROR] Permission denied
[2025-11-07T11:40:30.338096] [ERROR] Network timeout
[2025-11-07T11:40:30.338091] [WARN] Disk space low
[2025-11-07T11:40:30.338073] [INFO] Database query executed
[2025-11-07T11:40:30.338086] [INFO] Health check passed
[2025-11-07T11:40:30.338080] [INFO] Request processed successfully
[2025-11-07T11:40:30.338102] [DEBUG] HTTP request headers parsed
[2025-11-07T11:40:30.338075] [INFO] Session started
[2025-11-07T11:40:30.338087] [INFO] Session started
[2025-11-07T11:40:30.338093] [WARN] Rate limit approaching
[2025-11-07T11:40:30.338088] [INFO] User logged in
[2025-11-07T11:40:30.338083] [INFO] Session started
[2025-11-07T11:40:30.338103] [DEBUG] HTTP request headers parsed
[2025-11-07T11:40:30.338098] [DEBUG] Buffer size: 4096 bytes
[2025-11-07T11:40:30.338089] [INFO] Cache hit
[2025-11-07T11:40:30.338099] [DEBUG] Variable value: x=42
[2025-11-07T11:40:30.338090] [WARN] Disk space low
[2025-11-07T11:40:30.338084] [INFO] Transaction completed
[2025-11-07T11:40:30.338085] [INFO] Service initialized
[2025-11-07T11:40:30.338077] [INFO] Database query executed
[2025-11-07T11:40:30.338104] [DEBUG] HTTP request headers parsed
[2025-11-07T11:40:30.338074] [INFO] User logged in
[2025-11-07T11:40:30.338070] [INFO] Cache hit
[2025-11-07T11:40:30.338076] [INFO] Health check passed
[2025-11-07T11:40:30.338097] [DEBUG] Memory allocation: 2048 bytes
[2025-11-07T11:40:30.338081] [INFO] Service initialized
[2025-11-07T11:40:30.338082] [INFO] Request processed successfully
[2025-11-07T11:40:30.338101] [DEBUG] Connection pool status checked
