[2025-11-07T11:40:30.280537] [INFO] Transaction completed
[2025-11-07T11:40:30.280538] [INFO] Database query executed
[2025-11-07T11:40:30.280568] [DEBUG] Variable value: x=42
[2025-11-07T11:40:30.280563] [DEBUG] Memory allocation: 2048 bytes
[2025-11-07T11:40:30.280547] [INFO] Health check passed
[2025-11-07T11:40:30.280559] [ERROR] Network timeout
[2025-11-07T11:40:30.280560] [DEBUG] Timer set: 30 seconds
[2025-11-07T11:40:30.280556] [WARN] Resource threshold approaching
[2025-11-07T11:40:30.280554] [INFO] Cache hit
[2025-11-07T11:40:30.280545] [INFO] Database query executed
[2025-11-07T11:40:30.280557] [WARN] High memory usage detected
[2025-11-07T11:40:30.280561] [DEBUG] Entering function process_data()
[2025-11-07T11:40:30.280539] [INFO] Transaction completed
[2025-11-07T11:40:30.280540] [INFO] Database query executed
[2025-11-07T11:40:30.280553] [INFO] Service initialized
[2025-11-07T11:40:30.280549] [INFO] User logged in
[2025-11-07T11:40:30.280567] [DEBUG] Loop iteration: 15
[2025-11-07T11:40:30.280544] [INFO] Connection established
[2025-11-07T11:40:30.280548] [INFO] Configuration loaded
[2025-11-07T11:40:30.280550] [INFO] Transaction completed
[2025-11-07T11:40:30.280541] [INFO] Connection established
[2025-11-07T11:40:30.280546] [INFO] Database query executed
[2025-11-07T11:40:30.280566] [DEBUG] Timer set: 30 seconds
[2025-11-07T11:40:30.280543] [INFO] Configuration loaded
[2025-11-07T11:40:30.280558] [ERROR] Invalid input data
[2025-11-07T11:40:30.280564] [DEBUG] Variable value: x=42
[2025-11-07T11:40:30.280551] [INFO] Connection established
[2025-11-07T11:40:30.280552] [INFO] Cache hit
[2025-11-07T11:40:30.280555] [INFO] Configuration loaded
[2025-11-07T11:40:30.280565] [DEBUG] Variable value: x=42
[2025-11-07T11:40:30.280562] [DEBUG] Memory allocation: 2048 bytes
[2025-11-07T11:40:30.280543] [INFO] Cache hit
