[2025-11-07T11:40:29.596837] [DEBUG] Connection pool status checked
[2025-11-07T11:40:29.596828] [WARN] Connection retry attempt
[2025-11-07T11:40:29.596820] [INFO] Health check passed
[2025-11-07T11:40:29.596824] [INFO] Transaction completed
[2025-11-07T11:40:29.596835] [DEBUG] Memory allocation: 2048 bytes
[2025-11-07T11:40:29.596817] [INFO] Cache hit
[2025-11-07T11:40:29.596829] [WARN] Rate limit approaching
[2025-11-07T11:40:29.596818] [INFO] Service initialized
[2025-11-07T11:40:29.596827] [WARN] Cache miss
[2025-11-07T11:40:29.596831] [ERROR] Disk read failed
[2025-11-07T11:40:29.596838] [DEBUG] Buffer size: 4096 bytes
[2025-11-07T11:40:29.596839] [DEBUG] Buffer size: 4096 bytes
[2025-11-07T11:40:29.596814] [INFO] Health check passed
[2025-11-07T11:40:29.596841] [DEBUG] Loop iteration: 15
[2025-11-07T11:40:29.596823] [INFO] Request processed successfully
[2025-11-07T11:40:29.596840] [DEBUG] Cache key generated
[2025-11-07T11:40:29.596815] [INFO] User logged in
[2025-11-07T11:40:29.596812] [INFO] Transaction completed
[2025-11-07T11:40:29.596825] [INFO] Cache hit
[2025-11-07T11:40:29.596822] [INFO] Configuration loaded
[2025-11-07T11:40:29.596830] [WARN] Timeout warning
[2025-11-07T11:40:29.596836] [DEBUG] Thread pool size: 8
[2025-11-07T11:40:29.596832] [ERROR] Request failed
[2025-11-07T11:40:29.596816] [INFO] Transaction completed
[2025-11-07T11:40:29.596821] [INFO] Transaction completed
[2025-11-07T11:40:29.596834] [DEBUG] Connection pool status checked
[2025-11-07T11:40:29.596826] [INFO] Connection established
[2025-11-07T11:40:29.596811] [INFO] Request processed successfully
[2025-11-07T11:40:29.596819] [INFO] Request processed successfully
[2025-11-07T11:40:29.596833] [DEBUG] Variable value: x=42
