[2025-11-07T11:40:29.476753] [INFO] User logged in
[2025-11-07T11:40:29.476754] [INFO] Request processed successfully
[2025-11-07T11:40:29.476751] [INFO] Database query executed
[2025-11-07T11:40:29.476748] [INFO] Connection established
[2025-11-07T11:40:29.476773] [DEBUG] Timer set: 30 seconds
[2025-11-07T11:40:29.476768] [DEBUG] Buffer size: 4096 bytes
[2025-11-07T11:40:29.476764] [WARN] Resource threshold approaching
[2025-11-07T11:40:29.476762] [WARN] Cache miss
[2025-11-07T11:40:29.476765] [ERROR] Database connection lost
[2025-11-07T11:40:29.476745] [INFO] Database query executed
[2025-11-07T11:40:29.476749] [INFO] User logged in
[2025-11-07T11:40:29.476767] [DEBUG] Buffer size: 4096 bytes
[2025-11-07T11:40:29.476769] [DEBUG] Memory allocation: 2048 bytes
[2025-11-07T11:40:29.476755] [INFO] Transaction completed
[2025-11-07T11:40:29.476752] [INFO] Database query executed
[2025-11-07T11:40:29.476763] [WARN] Timeout warning
[2025-11-07T11:40:29.476756] [INFO] Session started
[2025-11-07T11:40:29.476750] [INFO] Connection established
[2025-11-07T11:40:29.476771] [DEBUG] HTTP request headers parsed
[2025-11-07T11:40:29.476774] [DEBUG] Thread pool size: 8
[2025-11-07T11:40:29.476770] [DEBUG] Variable value: x=42
[2025-11-07T11:40:29.476759] [INFO] Configuration loaded
[2025-11-07T11:40:29.476758] [INFO] Configuration loaded
[2025-11-07T11:40:29.476772] [DEBUG] Loop iteration: 15
[2025-11-07T11:40:29.476757] [INFO] Health check passed
[2025-11-07T11:40:29.476753] [INFO] Database query executed
[2025-11-07T11:40:29.476766] [DEBUG] HTTP request headers parsed
[2025-11-07T11:40:29.476761] [WARN] Deprecated API usage
[2025-11-07T11:40:29.476760] [WARN] Connection retry attempt
[2025-11-07T11:40:29.476746] [INFO] Transaction completed
