[2025-11-07T11:40:29.488911] [ERROR] Service unavailable
[2025-11-07T11:40:29.488905] [INFO] Transaction completed
[2025-11-07T11:40:29.488898] [INFO] Service initialized
[2025-11-07T11:40:29.488916] [DEBUG] Connection pool status checked
[2025-11-07T11:40:29.488899] [INFO] Cache hit
[2025-11-07T11:40:29.488919] [DEBUG] Cache key generated
[2025-11-07T11:40:29.488901] [INFO] Request processed successfully
[2025-11-07T11:40:29.488913] [DEBUG] Memory allocation: 2048 bytes
[2025-11-07T11:40:29.488890] [INFO] Connection established
[2025-11-07T11:40:29.488908] [WARN] High memory usage detected
[2025-11-07T11:40:29.488893] [INFO] User logged in
[2025-11-07T11:40:29.488906] [WARN] Cache miss
[2025-11-07T11:40:29.488917] [DEBUG] Variable value: x=42
[2025-11-07T11:40:29.488914] [DEBUG] Cache key generated
[2025-11-07T11:40:29.488904] [INFO] Health check passed
[2025-11-07T11:40:29.488892] [INFO] Health check passed
[2025-11-07T11:40:29.488909] [WARN] High memory usage detected
[2025-11-07T11:40:29.488910] [ERROR] Invalid input data
[2025-11-07T11:40:29.488918] [DEBUG] HTTP request headers parsed
[2025-11-07T11:40:29.488912] [DEBUG] Variable value: x=42
[2025-11-07T11:40:29.488900] [INFO] User logged in
[2025-11-07T11:40:29.488895] [INFO] Session started
[2025-11-07T11:40:29.488915] [DEBUG] HTTP request headers parsed
[2025-11-07T11:40:29.488894] [INFO] Database query executed
[2025-11-07T11:40:29.488902] [INFO] Health check passed
[2025-11-07T11:40:29.488903] [INFO] Cache hit
[2025-11-07T11:40:29.488907] [WARN] Disk space low
[2025-11-07T11:40:29.488896] [INFO] Health check passed
[2025-11-07T11:40:29.488897] [INFO] User logged in
