[2025-11-07T11:40:29.879210] [INFO] Health check passed
[2025-11-07T11:40:29.879218] [WARN] Connection retry attempt
[2025-11-07T11:40:29.879217] [WARN] Queue size growing
[2025-11-07T11:40:29.879202] [INFO] Service initialized
[2025-11-07T11:40:29.879221] [ERROR] Request failed
[2025-11-07T11:40:29.879227] [DEBUG] Thread pool size: 8
[2025-11-07T11:40:29.879216] [INFO] Configuration loaded
[2025-11-07T11:40:29.879215] [INFO] Session started
[2025-11-07T11:40:29.879209] [INFO] Health check passed
[2025-11-07T11:40:29.879226] [DEBUG] HTTP request headers parsed
[2025-11-07T11:40:29.879222] [ERROR] Permission denied
[2025-11-07T11:40:29.879223] [DEBUG] Thread pool size: 8
[2025-11-07T11:40:29.879208] [INFO] Configuration loaded
[2025-11-07T11:40:29.879229] [DEBUG] Memory allocation: 2048 bytes
[2025-11-07T11:40:29.879220] [WARN] Rate limit approaching
[2025-11-07T11:40:29.879212] [INFO] Service initialized
[2025-11-07T11:40:29.879219] [WARN] Connection retry attempt
[2025-11-07T11:40:29.879225] [DEBUG] Thread pool size: 8
[2025-11-07T11:40:29.879214] [INFO] Connection established
[2025-11-07T11:40:29.879206] [INFO] User logged in
[2025-11-07T11:40:29.879205] [INFO] Session started
[2025-11-07T11:40:29.879207] [INFO] Service initialized
[2025-11-07T11:40:29.879231] [DEBUG] Variable value: x=42
[2025-11-07T11:40:29.879230] [DEBUG] Thread pool size: 8
[2025-11-07T11:40:29.879203] [INFO] Cache hit
[2025-11-07T11:40:29.879213] [INFO] Service initialized
[2025-11-07T11:40:29.879211] [INFO] Cache hit
[2025-11-07T11:40:29.879228] [DEBUG] Connection pool status checked
[2025-11-07T11:40:29.879232] [DEBUG] Timer set: 30 seconds
[2025-11-07T11:40:29.879204] [INFO] Session started
