[2025-11-07T11:40:30.306656] [DEBUG] Connection pool status checked
[2025-11-07T11:40:30.306655] [DEBUG] HTTP request headers parsed
[2025-11-07T11:40:30.306636] [INFO] Cache hit
[2025-11-07T11:40:30.306639] [INFO] Health check passed
[2025-11-07T11:40:30.306644] [WARN] Cache miss
[2025-11-07T11:40:30.306653] [DEBUG] Memory allocation: 2048 bytes
[2025-11-07T11:40:30.306646] [WARN] Rate limit approaching
[2025-11-07T11:40:30.306658] [DEBUG] Buffer size: 4096 bytes
[2025-11-07T11:40:30.306660] [DEBUG] Timer set: 30 seconds
[2025-11-07T11:40:30.306638] [INFO] Session started
[2025-11-07T11:40:30.306661] [DEBUG] Thread pool size: 8
[2025-11-07T11:40:30.306628] [INFO] Transaction completed
[2025-11-07T11:40:30.306649] [WARN] Rate limit approaching
[2025-11-07T11:40:30.306626] [INFO] Service initialized
[2025-11-07T11:40:30.306654] [DEBUG] Entering function process_data()
[2025-11-07T11:40:30.306632] [INFO] Session started
[2025-11-07T11:40:30.306652] [DEBUG] Cache key generated
[2025-11-07T11:40:30.306645] [WARN] Rate limit approaching
[2025-11-07T11:40:30.306641] [INFO] Request processed successfully
[2025-11-07T11:40:30.306659] [DEBUG] Thread pool size: 8
[2025-11-07T11:40:30.306635] [INFO] Service initialized
[2025-11-07T11:40:30.306643] [WARN] Disk space low
[2025-11-07T11:40:30.306648] [WARN] High memory usage detected
[2025-11-07T11:40:30.306634] [INFO] Health check passed
[2025-11-07T11:40:30.306629] [INFO] Configuration loaded
[2025-11-07T11:40:30.306657] [DEBUG] Cache key generated
[2025-11-07T11:40:30.306642] [INFO] Health check passed
[2025-11-07T11:40:30.306640] [INFO] Cache hit
[2025-11-07T11:40:30.306637] [INFO] Health check passed
[2025-11-07T11:40:30.306647] [WARN] Slow query performance
[2025-11-07T11:40:30.306625] [INFO] Session started
[2025-11-07T11:40:30.306630] [INFO] Connection established
[2025-11-07T11:40:30.306651] [DEBUG] HTTP request headers parsed
[2025-11-07T11:40:30.306633] [INFO] Service initialized
[2025-11-07T11:40:30.306650] [ERROR] Permission denied
[2025-11-07T11:40:30.306631] [INFO] Health check passed
