[2025-11-07T11:40:29.599819] [INFO] Health check passed
[2025-11-07T11:40:29.599834] [DEBUG] Entering function process_data()
[2025-11-07T11:40:29.599829] [ERROR] Request failed
[2025-11-07T11:40:29.599822] [INFO] Request processed successfully
[2025-11-07T11:40:29.599812] [INFO] Health check passed
[2025-11-07T11:40:29.599814] [INFO] Configuration loaded
[2025-11-07T11:40:29.599833] [DEBUG] Buffer size: 4096 bytes
[2025-11-07T11:40:29.599827] [WARN] Disk space low
[2025-11-07T11:40:29.599817] [INFO] Connection established
[2025-11-07T11:40:29.599825] [WARN] Resource threshold approaching
[2025-11-07T11:40:29.599815] [INFO] Database query executed
[2025-11-07T11:40:29.599835] [DEBUG] Loop iteration: 15
[2025-11-07T11:40:29.599831] [DEBUG] HTTP request headers parsed
[2025-11-07T11:40:29.599816] [INFO] Health check passed
[2025-11-07T11:40:29.599811] [INFO] User logged in
[2025-11-07T11:40:29.599823] [INFO] User logged in
[2025-11-07T11:40:29.599816] [INFO] Request processed successfully
[2025-11-07T11:40:29.599836] [DEBUG] Connection pool status checked
[2025-11-07T11:40:29.599837] [DEBUG] Connection pool status checked
[2025-11-07T11:40:29.599830] [DEBUG] Buffer size: 4096 bytes
[2025-11-07T11:40:29.599826] [WARN] Timeout warning
[2025-11-07T11:40:29.599818] [INFO] Session started
[2025-11-07T11:40:29.599832] [DEBUG] Timer set: 30 seconds
[2025-11-07T11:40:29.599821] [INFO] Request processed successfully
[2025-11-07T11:40:29.599824] [INFO] Configuration loaded
[2025-11-07T11:40:29.599810] [INFO] Session started
[2025-11-07T11:40:29.599820] [INFO] Service initialized
