[2025-11-07T11:40:29.936609] [WARN] Deprecated API usage
[2025-11-07T11:40:29.936605] [INFO] Health check passed
[2025-11-07T11:40:29.936612] [WARN] Queue size growing
[2025-11-07T11:40:29.936604] [INFO] User logged in
[2025-11-07T11:40:29.936623] [DEBUG] HTTP request headers parsed
[2025-11-07T11:40:29.936610] [WARN] High memory usage detected
[2025-11-07T11:40:29.936602] [INFO] Service initialized
[2025-11-07T11:40:29.936591] [INFO] Request processed successfully
[2025-11-07T11:40:29.936617] [DEBUG] Buffer size: 4096 bytes
[2025-11-07T11:40:29.936606] [WARN] Disk space low
[2025-11-07T11:40:29.936595] [INFO] Session started
[2025-11-07T11:40:29.936601] [INFO] Health check passed
[2025-11-07T11:40:29.936598] [INFO] Database query executed
[2025-11-07T11:40:29.936622] [DEBUG] Variable value: x=42
[2025-11-07T11:40:29.936619] [DEBUG] Loop iteration: 15
[2025-11-07T11:40:29.936620] [DEBUG] Connection pool status checked
[2025-11-07T11:40:29.936614] [ERROR] Network timeout
[2025-11-07T11:40:29.936600] [INFO] Health check passed
[2025-11-07T11:40:29.936603] [INFO] User logged in
[2025-11-07T11:40:29.936594] [INFO] Health check passed
[2025-11-07T11:40:29.936613] [ERROR] Request failed
[2025-11-07T11:40:29.936607] [WARN] Slow query performance
[2025-11-07T11:40:29.936592] [INFO] Cache hit
[2025-11-07T11:40:29.936597] [INFO] Cache hit
[2025-11-07T11:40:29.936615] [DEBUG] Buffer size: 4096 bytes
[2025-11-07T11:40:29.936611] [WARN] Disk space low
[2025-11-07T11:40:29.936593] [INFO] User logged in
[2025-11-07T11:40:29.936596] [INFO] Database query executed
[2025-11-07T11:40:29.936618] [DEBUG] Cache key generated
[2025-11-07T11:40:29.936616] [DEBUG] Buffer size: 4096 bytes
[2025-11-07T11:40:29.936608] [WARN] Deprecated API usage
[2025-11-07T11:40:29.936599] [INFO] Session started
[2025-11-07T11:40:29.936621] [DEBUG] Timer set: 30 seconds
