[2025-11-07T11:40:29.352940] [DEBUG] Buffer size: 4096 bytes
[2025-11-07T11:40:29.352925] [WARN] High memory usage detected
[2025-11-07T11:40:29.352932] [DEBUG] Loop iteration: 15
[2025-11-07T11:40:29.352916] [INFO] Request processed successfully
[2025-11-07T11:40:29.352937] [DEBUG] Entering function process_data()
[2025-11-07T11:40:29.352915] [INFO] Request processed successfully
[2025-11-07T11:40:29.352936] [DEBUG] Connection pool status checked
[2025-11-07T11:40:29.352912] [INFO] Service initialized
[2025-11-07T11:40:29.352923] [WARN] Queue size growing
[2025-11-07T11:40:29.352927] [WARN] Queue size growing
[2025-11-07T11:40:29.352922] [INFO] Database query executed
[2025-11-07T11:40:29.352935] [DEBUG] Timer set: 30 seconds
[2025-11-07T11:40:29.352933] [DEBUG] Cache key generated
[2025-11-07T11:40:29.352917] [INFO] Service initialized
[2025-11-07T11:40:29.352930] [ERROR] Authentication failed
[2025-11-07T11:40:29.352938] [DEBUG] Memory allocation: 2048 bytes
[2025-11-07T11:40:29.352924] [WARN] High memory usage detected
[2025-11-07T11:40:29.352939] [DEBUG] Loop iteration: 15
[2025-11-07T11:40:29.352913] [INFO] Request processed successfully
[2025-11-07T11:40:29.352931] [DEBUG] HTTP request headers parsed
[2025-11-07T11:40:29.352916] [INFO] Configuration loaded
[2025-11-07T11:40:29.352934] [DEBUG] Variable value: x=42
[2025-11-07T11:40:29.352911] [INFO] Cache hit
[2025-11-07T11:40:29.352929] [ERROR] Service unavailable
[2025-11-07T11:40:29.352920] [INFO] Cache hit
[2025-11-07T11:40:29.352921] [INFO] Session started
[2025-11-07T11:40:29.352926] [WARN] Disk space low
[2025-11-07T11:40:29.352919] [INFO] Request processed successfully
[2025-11-07T11:40:29.352918] [INFO] User logged in
