[2025-11-07T11:40:29.703628] [WARN] Resource threshold approaching
[2025-11-07T11:40:29.703626] [INFO] Session started
[2025-11-07T11:40:29.703621] [INFO] Transaction completed
[2025-11-07T11:40:29.703631] [ERROR] Memory allocation error
[2025-11-07T11:40:29.703617] [INFO] Database query executed
[2025-11-07T11:40:29.703618] [INFO] Connection established
[2025-11-07T11:40:29.703629] [WARN] Disk space low
[2025-11-07T11:40:29.703634] [DEBUG] Timer set: 30 seconds
[2025-11-07T11:40:29.703627] [INFO] User logged in
[2025-11-07T11:40:29.703639] [DEBUG] Variable value: x=42
[2025-11-07T11:40:29.703620] [INFO] Cache hit
[2025-11-07T11:40:29.703637] [DEBUG] Thread pool size: 8
[2025-11-07T11:40:29.703619] [INFO] Session started
[2025-11-07T11:40:29.703624] [INFO] Cache hit
[2025-11-07T11:40:29.703640] [DEBUG] Buffer size: 4096 bytes
[2025-11-07T11:40:29.703630] [ERROR] Memory allocation error
[2025-11-07T11:40:29.703636] [DEBUG] Variable value: x=42
[2025-11-07T11:40:29.703638] [DEBUG] Cache key generated
[2025-11-07T11:40:29.703635] [DEBUG] Timer set: 30 seconds
[2025-11-07T11:40:29.703616] [INFO] Database query executed
[2025-11-07T11:40:29.703633] [DEBUG] Loop iteration: 15
[2025-11-07T11:40:29.703625] [INFO] Session started
[2025-11-07T11:40:29.703623] [INFO] Configuration loaded
[2025-11-07T11:40:29.703622] [INFO] Session started
[2025-11-07T11:40:29.703614] [INFO] Transaction completed
[2025-11-07T11:40:29.703632] [DEBUG] Variable value: x=42
[2025-11-07T11:40:29.703612] [INFO] Cache hit
[2025-11-07T11:40:29.703615] [INFO] Configuration loaded
