[2025-11-07T11:40:29.425607] [INFO] Session started
[2025-11-07T11:40:29.425617] [INFO] Health check passed
[2025-11-07T11:40:29.425640] [DEBUG] Entering function process_data()
[2025-11-07T11:40:29.425621] [WARN] Timeout warning
[2025-11-07T11:40:29.425628] [ERROR] Permission denied
[2025-11-07T11:40:29.425627] [WARN] Resource threshold approaching
[2025-11-07T11:40:29.425611] [INFO] Database query executed
[2025-11-07T11:40:29.425641] [DEBUG] HTTP request headers parsed
[2025-11-07T11:40:29.425624] [WARN] Timeout warning
[2025-11-07T11:40:29.425625] [WARN] Disk space low
[2025-11-07T11:40:29.425636] [DEBUG] HTTP request headers parsed
[2025-11-07T11:40:29.425615] [INFO] Configuration loaded
[2025-11-07T11:40:29.425612] [INFO] Cache hit
[2025-11-07T11:40:29.425618] [INFO] Connection established
[2025-11-07T11:40:29.425614] [INFO] Request processed successfully
[2025-11-07T11:40:29.425610] [INFO] Session started
[2025-11-07T11:40:29.425619] [INFO] Connection established
[2025-11-07T11:40:29.425638] [DEBUG] Entering function process_data()
[2025-11-07T11:40:29.425623] [WARN] Slow query performance
[2025-11-07T11:40:29.425633] [DEBUG] Cache key generated
[2025-11-07T11:40:29.425605] [INFO] Request processed successfully
[2025-11-07T11:40:29.425626] [WARN] Cache miss
[2025-11-07T11:40:29.425609] [INFO] Health check passed
[2025-11-07T11:40:29.425613] [INFO] Connection established
[2025-11-07T11:40:29.425620] [INFO] Cache hit
[2025-11-07T11:40:29.425631] [DEBUG] Entering function process_data()
[2025-11-07T11:40:29.425622] [WARN] Resource threshold approaching
[2025-11-07T11:40:29.425629] [ERROR] Network timeout
[2025-11-07T11:40:29.425634] [DEBUG] Timer set: 30 seconds
[2025-11-07T11:40:29.425632] [DEBUG] Cache key generated
[2025-11-07T11:40:29.425608] [INFO] Configuration loaded
[2025-11-07T11:40:29.425635] [DEBUG] Connection pool status checked
[2025-11-07T11:40:29.425637] [DEBUG] Cache key generated
[2025-11-07T11:40:29.425616] [INFO] Configuration loaded
[2025-11-07T11:40:29.425639] [DEBUG] Memory allocation: 2048 bytes
