[2025-11-07T11:40:30.347368] [INFO] Configuration loaded
[2025-11-07T11:40:30.347377] [INFO] Transaction completed
[2025-11-07T11:40:30.347388] [DEBUG] Entering function process_data()
[2025-11-07T11:40:30.347383] [ERROR] Permission denied
[2025-11-07T11:40:30.347380] [WARN] Timeout warning
[2025-11-07T11:40:30.347379] [WARN] Timeout warning
[2025-11-07T11:40:30.347387] [DEBUG] Buffer size: 4096 bytes
[2025-11-07T11:40:30.347384] [DEBUG] HTTP request headers parsed
[2025-11-07T11:40:30.347363] [INFO] User logged in
[2025-11-07T11:40:30.347375] [INFO] Configuration loaded
[2025-11-07T11:40:30.347378] [WARN] Slow query performance
[2025-11-07T11:40:30.347386] [DEBUG] Thread pool size: 8
[2025-11-07T11:40:30.347372] [INFO] Session started
[2025-11-07T11:40:30.347365] [INFO] User logged in
[2025-11-07T11:40:30.347373] [INFO] Connection established
[2025-11-07T11:40:30.347370] [INFO] Health check passed
[2025-11-07T11:40:30.347385] [DEBUG] HTTP request headers parsed
[2025-11-07T11:40:30.347371] [INFO] Connection established
[2025-11-07T11:40:30.347366] [INFO] Database query executed
[2025-11-07T11:40:30.347367] [INFO] Connection established
[2025-11-07T11:40:30.347364] [INFO] Session started
[2025-11-07T11:40:30.347376] [INFO] User logged in
[2025-11-07T11:40:30.347369] [INFO] Cache hit
[2025-11-07T11:40:30.347381] [WARN] Timeout warning
[2025-11-07T11:40:30.347374] [INFO] Request processed successfully
