[2025-11-07T11:40:29.539082] [DEBUG] Memory allocation: 2048 bytes
[2025-11-07T11:40:29.539060] [INFO] Request processed successfully
[2025-11-07T11:40:29.539056] [INFO] Database query executed
[2025-11-07T11:40:29.539064] [INFO] Configuration loaded
[2025-11-07T11:40:29.539079] [DEBUG] Memory allocation: 2048 bytes
[2025-11-07T11:40:29.539068] [INFO] Database query executed
[2025-11-07T11:40:29.539062] [INFO] Connection established
[2025-11-07T11:40:29.539054] [INFO] User logged in
[2025-11-07T11:40:29.539081] [DEBUG] Connection pool status checked
[2025-11-07T11:40:29.539072] [INFO] Configuration loaded
[2025-11-07T11:40:29.539061] [INFO] Connection established
[2025-11-07T11:40:29.539071] [INFO] Health check passed
[2025-11-07T11:40:29.539059] [INFO] Request processed successfully
[2025-11-07T11:40:29.539069] [INFO] Database query executed
[2025-11-07T11:40:29.539063] [INFO] Connection established
[2025-11-07T11:40:29.539075] [WARN] Cache miss
[2025-11-07T11:40:29.539066] [INFO] Service initialized
[2025-11-07T11:40:29.539073] [WARN] Disk space low
[2025-11-07T11:40:29.539083] [DEBUG] HTTP request headers parsed
[2025-11-07T11:40:29.539074] [WARN] Deprecated API usage
[2025-11-07T11:40:29.539065] [INFO] Session started
[2025-11-07T11:40:29.539070] [INFO] Request processed successfully
[2025-11-07T11:40:29.539077] [ERROR] Permission denied
[2025-11-07T11:40:29.539080] [DEBUG] Thread pool size: 8
[2025-11-07T11:40:29.539067] [INFO] Database query executed
[2025-11-07T11:40:29.539084] [DEBUG] Timer set: 30 seconds
[2025-11-07T11:40:29.539057] [INFO] Cache hit
[2025-11-07T11:40:29.539058] [INFO] Session started
[2025-11-07T11:40:29.539078] [DEBUG] Connection pool status checked
[2025-11-07T11:40:29.539076] [WARN] Connection retry attempt
