[2025-11-07T11:40:29.591217] [DEBUG] Memory allocation: 2048 bytes
[2025-11-07T11:40:29.591206] [WARN] Cache miss
[2025-11-07T11:40:29.591194] [INFO] Cache hit
[2025-11-07T11:40:29.591203] [INFO] Database query executed
[2025-11-07T11:40:29.591198] [INFO] Transaction completed
[2025-11-07T11:40:29.591210] [DEBUG] Thread pool size: 8
[2025-11-07T11:40:29.591186] [INFO] Health check passed
[2025-11-07T11:40:29.591213] [DEBUG] Buffer size: 4096 bytes
[2025-11-07T11:40:29.591193] [INFO] Transaction completed
[2025-11-07T11:40:29.591197] [INFO] Health check passed
[2025-11-07T11:40:29.591214] [DEBUG] Timer set: 30 seconds
[2025-11-07T11:40:29.591207] [WARN] Deprecated API usage
[2025-11-07T11:40:29.591212] [DEBUG] Timer set: 30 seconds
[2025-11-07T11:40:29.591211] [DEBUG] Timer set: 30 seconds
[2025-11-07T11:40:29.591188] [INFO] Service initialized
[2025-11-07T11:40:29.591201] [INFO] Cache hit
[2025-11-07T11:40:29.591216] [DEBUG] Memory allocation: 2048 bytes
[2025-11-07T11:40:29.591196] [INFO] User logged in
[2025-11-07T11:40:29.591204] [WARN] Rate limit approaching
[2025-11-07T11:40:29.591219] [DEBUG] Timer set: 30 seconds
[2025-11-07T11:40:29.591205] [WARN] Timeout warning
[2025-11-07T11:40:29.591192] [INFO] Service initialized
[2025-11-07T11:40:29.591190] [INFO] User logged in
[2025-11-07T11:40:29.591215] [DEBUG] Timer set: 30 seconds
[2025-11-07T11:40:29.591218] [DEBUG] HTTP request headers parsed
[2025-11-07T11:40:29.591189] [INFO] Request processed successfully
[2025-11-07T11:40:29.591202] [INFO] Session started
[2025-11-07T11:40:29.591191] [INFO] Database query executed
[2025-11-07T11:40:29.591195] [INFO] Configuration loaded
[2025-11-07T11:40:29.591220] [DEBUG] Thread pool size: 8
[2025-11-07T11:40:29.591200] [INFO] Service initialized
[2025-11-07T11:40:29.591209] [ERROR] Memory allocation error
[2025-11-07T11:40:29.591208] [ERROR] Disk read failed
[2025-11-07T11:40:29.591199] [INFO] User logged in
