[2025-11-07T11:40:29.330913] [WARN] Cache miss
[2025-11-07T11:40:29.330907] [INFO] User logged in
[2025-11-07T11:40:29.330909] [INFO] Connection established
[2025-11-07T11:40:29.330920] [DEBUG] Timer set: 30 seconds
[2025-11-07T11:40:29.330906] [INFO] Database query executed
[2025-11-07T11:40:29.330903] [INFO] Session started
[2025-11-07T11:40:29.330902] [INFO] Cache hit
[2025-11-07T11:40:29.330916] [DEBUG] Loop iteration: 15
[2025-11-07T11:40:29.330911] [WARN] Deprecated API usage
[2025-11-07T11:40:29.330912] [WARN] Slow query performance
[2025-11-07T11:40:29.330919] [DEBUG] Variable value: x=42
[2025-11-07T11:40:29.330901] [INFO] Configuration loaded
[2025-11-07T11:40:29.330908] [INFO] Service initialized
[2025-11-07T11:40:29.330896] [INFO] Health check passed
[2025-11-07T11:40:29.330921] [DEBUG] Timer set: 30 seconds
[2025-11-07T11:40:29.330915] [DEBUG] Variable value: x=42
[2025-11-07T11:40:29.330895] [INFO] Health check passed
[2025-11-07T11:40:29.330899] [INFO] Request processed successfully
[2025-11-07T11:40:29.330910] [WARN] Connection retry attempt
[2025-11-07T11:40:29.330917] [DEBUG] Entering function process_data()
[2025-11-07T11:40:29.330904] [INFO] Transaction completed
[2025-11-07T11:40:29.330898] [INFO] Transaction completed
[2025-11-07T11:40:29.330900] [INFO] Health check passed
[2025-11-07T11:40:29.330922] [DEBUG] Entering function process_data()
[2025-11-07T11:40:29.330914] [ERROR] Database connection lost
[2025-11-07T11:40:29.330905] [INFO] Request processed successfully
[2025-11-07T11:40:29.330918] [DEBUG] Cache key generated
