[2025-11-07T11:40:29.449279] [INFO] User logged in
[2025-11-07T11:40:29.449285] [ERROR] Service unavailable
[2025-11-07T11:40:29.449290] [DEBUG] Buffer size: 4096 bytes
[2025-11-07T11:40:29.449289] [DEBUG] Buffer size: 4096 bytes
[2025-11-07T11:40:29.449286] [ERROR] File not found
[2025-11-07T11:40:29.449288] [DEBUG] Cache key generated
[2025-11-07T11:40:29.449275] [INFO] Session started
[2025-11-07T11:40:29.449292] [DEBUG] Thread pool size: 8
[2025-11-07T11:40:29.449278] [INFO] Configuration loaded
[2025-11-07T11:40:29.449276] [INFO] Connection established
[2025-11-07T11:40:29.449283] [WARN] Cache miss
[2025-11-07T11:40:29.449287] [DEBUG] HTTP request headers parsed
[2025-11-07T11:40:29.449271] [INFO] Service initialized
[2025-11-07T11:40:29.449293] [DEBUG] Buffer size: 4096 bytes
[2025-11-07T11:40:29.449264] [INFO] Transaction completed
[2025-11-07T11:40:29.449268] [INFO] User logged in
[2025-11-07T11:40:29.449272] [INFO] Service initialized
[2025-11-07T11:40:29.449295] [DEBUG] HTTP request headers parsed
[2025-11-07T11:40:29.449284] [WARN] Timeout warning
[2025-11-07T11:40:29.449281] [WARN] Cache miss
[2025-11-07T11:40:29.449267] [INFO] Session started
[2025-11-07T11:40:29.449291] [DEBUG] Connection pool status checked
[2025-11-07T11:40:29.449265] [INFO] Configuration loaded
[2025-11-07T11:40:29.449277] [INFO] Transaction completed
[2025-11-07T11:40:29.449294] [DEBUG] Thread pool size: 8
[2025-11-07T11:40:29.449282] [WARN] Deprecated API usage
[2025-11-07T11:40:29.449274] [INFO] User logged in
[2025-11-07T11:40:29.449269] [INFO] Cache hit
[2025-11-07T11:40:29.449275] [INFO] Session started
[2025-11-07T11:40:29.449266] [INFO] Connection established
[2025-11-07T11:40:29.449272] [INFO] Connection established
