[2025-11-07T11:40:30.348954] [ERROR] Service unavailable
[2025-11-07T11:40:30.348960] [DEBUG] Loop iteration: 15
[2025-11-07T11:40:30.348945] [INFO] Request processed successfully
[2025-11-07T11:40:30.348961] [DEBUG] Thread pool size: 8
[2025-11-07T11:40:30.348959] [DEBUG] Memory allocation: 2048 bytes
[2025-11-07T11:40:30.348949] [WARN] Queue size growing
[2025-11-07T11:40:30.348953] [ERROR] Authentication failed
[2025-11-07T11:40:30.348946] [INFO] User logged in
[2025-11-07T11:40:30.348952] [WARN] Disk space low
[2025-11-07T11:40:30.348958] [DEBUG] Variable value: x=42
[2025-11-07T11:40:30.348939] [INFO] Request processed successfully
[2025-11-07T11:40:30.348964] [DEBUG] Cache key generated
[2025-11-07T11:40:30.348962] [DEBUG] Variable value: x=42
[2025-11-07T11:40:30.348955] [ERROR] Invalid input data
[2025-11-07T11:40:30.348957] [DEBUG] Loop iteration: 15
[2025-11-07T11:40:30.348944] [INFO] Connection established
[2025-11-07T11:40:30.348938] [INFO] Health check passed
[2025-11-07T11:40:30.348951] [WARN] Cache miss
[2025-11-07T11:40:30.348943] [INFO] Connection established
[2025-11-07T11:40:30.348948] [INFO] Request processed successfully
[2025-11-07T11:40:30.348947] [INFO] Transaction completed
[2025-11-07T11:40:30.348950] [WARN] Slow query performance
[2025-11-07T11:40:30.348941] [INFO] Request processed successfully
[2025-11-07T11:40:30.348963] [DEBUG] Buffer size: 4096 bytes
[2025-11-07T11:40:30.348942] [INFO] Service initialized
[2025-11-07T11:40:30.348956] [DEBUG] Thread pool size: 8
