[2025-11-07T11:40:29.714940] [INFO] Configuration loaded
[2025-11-07T11:40:29.714935] [INFO] Session started
[2025-11-07T11:40:29.714956] [ERROR] Authentication failed
[2025-11-07T11:40:29.714952] [WARN] Disk space low
[2025-11-07T11:40:29.714941] [INFO] User logged in
[2025-11-07T11:40:29.714960] [DEBUG] Connection pool status checked
[2025-11-07T11:40:29.714947] [INFO] Session started
[2025-11-07T11:40:29.714954] [WARN] Queue size growing
[2025-11-07T11:40:29.714953] [WARN] Queue size growing
[2025-11-07T11:40:29.714959] [DEBUG] Timer set: 30 seconds
[2025-11-07T11:40:29.714944] [INFO] Transaction completed
[2025-11-07T11:40:29.714962] [DEBUG] Entering function process_data()
[2025-11-07T11:40:29.714942] [INFO] Transaction completed
[2025-11-07T11:40:29.714943] [INFO] User logged in
[2025-11-07T11:40:29.714945] [INFO] Request processed successfully
[2025-11-07T11:40:29.714949] [INFO] Configuration loaded
[2025-11-07T11:40:29.714938] [INFO] Transaction completed
[2025-11-07T11:40:29.714955] [WARN] Slow query performance
[2025-11-07T11:40:29.714961] [DEBUG] Thread pool size: 8
[2025-11-07T11:40:29.714951] [INFO] Transaction completed
[2025-11-07T11:40:29.714936] [INFO] Session started
[2025-11-07T11:40:29.714946] [INFO] Transaction completed
[2025-11-07T11:40:29.714939] [INFO] Configuration loaded
[2025-11-07T11:40:29.714957] [DEBUG] Timer set: 30 seconds
[2025-11-07T11:40:29.714950] [INFO] User logged in
[2025-11-07T11:40:29.714958] [DEBUG] Buffer size: 4096 bytes
[2025-11-07T11:40:29.714948] [INFO] Request processed successfully
