[2025-11-07T11:40:29.613618] [INFO] Request processed successfully
[2025-11-07T11:40:29.613647] [DEBUG] Thread pool size: 8
[2025-11-07T11:40:29.613644] [DEBUG] Memory allocation: 2048 bytes
[2025-11-07T11:40:29.613642] [DEBUG] Connection pool status checked
[2025-11-07T11:40:29.613625] [INFO] User logged in
[2025-11-07T11:40:29.613635] [WARN] High memory usage detected
[2025-11-07T11:40:29.613620] [INFO] Health check passed
[2025-11-07T11:40:29.613632] [WARN] High memory usage detected
[2025-11-07T11:40:29.613638] [ERROR] Disk read failed
[2025-11-07T11:40:29.613631] [INFO] Database query executed
[2025-11-07T11:40:29.613627] [INFO] Service initialized
[2025-11-07T11:40:29.613634] [WARN] Resource threshold approaching
[2025-11-07T11:40:29.613641] [DEBUG] Variable value: x=42
[2025-11-07T11:40:29.613624] [INFO] Configuration loaded
[2025-11-07T11:40:29.613646] [DEBUG] Cache key generated
[2025-11-07T11:40:29.613630] [INFO] User logged in
[2025-11-07T11:40:29.613640] [DEBUG] Variable value: x=42
[2025-11-07T11:40:29.613636] [WARN] Queue size growing
[2025-11-07T11:40:29.613637] [ERROR] Network timeout
[2025-11-07T11:40:29.613643] [DEBUG] HTTP request headers parsed
[2025-11-07T11:40:29.613623] [INFO] Database query executed
[2025-11-07T11:40:29.613645] [DEBUG] Thread pool size: 8
[2025-11-07T11:40:29.613621] [INFO] Session started
[2025-11-07T11:40:29.613617] [INFO] Configuration loaded
[2025-11-07T11:40:29.613619] [INFO] Transaction completed
[2025-11-07T11:40:29.613639] [DEBUG] Loop iteration: 15
[2025-11-07T11:40:29.613622] [INFO] Configuration loaded
[2025-11-07T11:40:29.613629] [INFO] Transaction completed
[2025-11-07T11:40:29.613626] [INFO] Service initialized
[2025-11-07T11:40:29.613633] [WARN] Deprecated API usage
[2025-11-07T11:40:29.613628] [INFO] Session started
[2025-11-07T11:40:29.613615] [INFO] Configuration loaded
