[2025-11-07T11:40:30.054015] [INFO] Session started
[2025-11-07T11:40:30.054022] [INFO] Connection established
[2025-11-07T11:40:30.054013] [INFO] Connection established
[2025-11-07T11:40:30.054035] [DEBUG] Loop iteration: 15
[2025-11-07T11:40:30.054016] [INFO] Service initialized
[2025-11-07T11:40:30.054019] [INFO] Session started
[2025-11-07T11:40:30.054040] [DEBUG] Variable value: x=42
[2025-11-07T11:40:30.054030] [WARN] High memory usage detected
[2025-11-07T11:40:30.054020] [INFO] Configuration loaded
[2025-11-07T11:40:30.054026] [WARN] Rate limit approaching
[2025-11-07T11:40:30.054030] [WARN] Slow query performance
[2025-11-07T11:40:30.054028] [WARN] Cache miss
[2025-11-07T11:40:30.054032] [WARN] Queue size growing
[2025-11-07T11:40:30.054017] [INFO] Service initialized
[2025-11-07T11:40:30.054011] [INFO] Service initialized
[2025-11-07T11:40:30.054033] [WARN] Cache miss
[2025-11-07T11:40:30.054021] [INFO] Health check passed
[2025-11-07T11:40:30.054027] [WARN] Connection retry attempt
[2025-11-07T11:40:30.054025] [WARN] Disk space low
[2025-11-07T11:40:30.054038] [DEBUG] Cache key generated
[2025-11-07T11:40:30.054024] [WARN] Queue size growing
[2025-11-07T11:40:30.054039] [DEBUG] Cache key generated
[2025-11-07T11:40:30.054036] [DEBUG] Variable value: x=42
[2025-11-07T11:40:30.054034] [ERROR] Service unavailable
[2025-11-07T11:40:30.054021] [INFO] User logged in
[2025-11-07T11:40:30.054018] [INFO] Session started
[2025-11-07T11:40:30.054041] [DEBUG] Loop iteration: 15
[2025-11-07T11:40:30.054029] [WARN] Rate limit approaching
[2025-11-07T11:40:30.054037] [DEBUG] Loop iteration: 15
[2025-11-07T11:40:30.054014] [INFO] Database query executed
