[2025-11-07T11:40:29.332555] [INFO] Connection established
[2025-11-07T11:40:29.332556] [INFO] Transaction completed
[2025-11-07T11:40:29.332571] [DEBUG] Variable value: x=42
[2025-11-07T11:40:29.332563] [WARN] Slow query performance
[2025-11-07T11:40:29.332561] [INFO] Connection established
[2025-11-07T11:40:29.332557] [INFO] Health check passed
[2025-11-07T11:40:29.332562] [INFO] Connection established
[2025-11-07T11:40:29.332562] [INFO] Connection established
[2025-11-07T11:40:29.332573] [DEBUG] Connection pool status checked
[2025-11-07T11:40:29.332569] [DEBUG] Cache key generated
[2025-11-07T11:40:29.332567] [DEBUG] Variable value: x=42
[2025-11-07T11:40:29.332553] [INFO] Configuration loaded
[2025-11-07T11:40:29.332547] [INFO] Request processed successfully
[2025-11-07T11:40:29.332560] [INFO] Health check passed
[2025-11-07T11:40:29.332552] [INFO] Configuration loaded
[2025-11-07T11:40:29.332559] [INFO] Service initialized
[2025-11-07T11:40:29.332551] [INFO] Transaction completed
[2025-11-07T11:40:29.332571] [DEBUG] Loop iteration: 15
[2025-11-07T11:40:29.332554] [INFO] Connection established
[2025-11-07T11:40:29.332566] [DEBUG] HTTP request headers parsed
[2025-11-07T11:40:29.332572] [DEBUG] Thread pool size: 8
[2025-11-07T11:40:29.332568] [DEBUG] HTTP request headers parsed
[2025-11-07T11:40:29.332565] [ERROR] Network timeout
[2025-11-07T11:40:29.332570] [DEBUG] Timer set: 30 seconds
[2025-11-07T11:40:29.332549] [INFO] User logged in
[2025-11-07T11:40:29.332550] [INFO] Cache hit
[2025-11-07T11:40:29.332558] [INFO] Configuration loaded
