[2025-11-07T11:40:29.660275] [ERROR] File not found
[2025-11-07T11:40:29.660277] [DEBUG] Loop iteration: 15
[2025-11-07T11:40:29.660282] [DEBUG] Buffer size: 4096 bytes
[2025-11-07T11:40:29.660273] [WARN] Connection retry attempt
[2025-11-07T11:40:29.660271] [INFO] Service initialized
[2025-11-07T11:40:29.660269] [INFO] User logged in
[2025-11-07T11:40:29.660261] [INFO] Configuration loaded
[2025-11-07T11:40:29.660262] [INFO] Database query executed
[2025-11-07T11:40:29.660285] [DEBUG] Connection pool status checked
[2025-11-07T11:40:29.660264] [INFO] Session started
[2025-11-07T11:40:29.660278] [DEBUG] Entering function process_data()
[2025-11-07T11:40:29.660265] [INFO] Request processed successfully
[2025-11-07T11:40:29.660286] [DEBUG] Loop iteration: 15
[2025-11-07T11:40:29.660274] [WARN] Connection retry attempt
[2025-11-07T11:40:29.660266] [INFO] Configuration loaded
[2025-11-07T11:40:29.660270] [INFO] User logged in
[2025-11-07T11:40:29.660267] [INFO] Request processed successfully
[2025-11-07T11:40:29.660259] [INFO] Transaction completed
[2025-11-07T11:40:29.660255] [INFO] Health check passed
[2025-11-07T11:40:29.660276] [ERROR] Invalid input data
[2025-11-07T11:40:29.660272] [INFO] Connection established
[2025-11-07T11:40:29.660280] [DEBUG] Loop iteration: 15
[2025-11-07T11:40:29.660279] [DEBUG] Buffer size: 4096 bytes
[2025-11-07T11:40:29.660284] [DEBUG] Buffer size: 4096 bytes
[2025-11-07T11:40:29.660263] [INFO] Connection established
[2025-11-07T11:40:29.660257] [INFO] Session started
[2025-11-07T11:40:29.660283] [DEBUG] Connection pool status checked
[2025-11-07T11:40:29.660260] [INFO] Database query executed
[2025-11-07T11:40:29.660281] [DEBUG] Cache key generated
[2025-11-07T11:40:29.660268] [INFO] Cache hit
[2025-11-07T11:40:29.660258] [INFO] Health check passed
