[2025-11-07T11:40:29.415689] [DEBUG] Connection pool status checked
[2025-11-07T11:40:29.415687] [DEBUG] Timer set: 30 seconds
[2025-11-07T11:40:29.415666] [INFO] Configuration loaded
[2025-11-07T11:40:29.415688] [DEBUG] Connection pool status checked
[2025-11-07T11:40:29.415677] [WARN] Connection retry attempt
[2025-11-07T11:40:29.415680] [WARN] Timeout warning
[2025-11-07T11:40:29.415664] [INFO] Transaction completed
[2025-11-07T11:40:29.415675] [INFO] Request processed successfully
[2025-11-07T11:40:29.415667] [INFO] Connection established
[2025-11-07T11:40:29.415674] [INFO] Connection established
[2025-11-07T11:40:29.415665] [INFO] User logged in
[2025-11-07T11:40:29.415682] [ERROR] File not found
[2025-11-07T11:40:29.415679] [WARN] Disk space low
[2025-11-07T11:40:29.415684] [DEBUG] Connection pool status checked
[2025-11-07T11:40:29.415690] [DEBUG] Cache key generated
[2025-11-07T11:40:29.415678] [WARN] Deprecated API usage
[2025-11-07T11:40:29.415663] [INFO] Cache hit
[2025-11-07T11:40:29.415669] [INFO] Service initialized
[2025-11-07T11:40:29.415673] [INFO] Connection established
[2025-11-07T11:40:29.415691] [DEBUG] HTTP request headers parsed
[2025-11-07T11:40:29.415670] [INFO] Database query executed
[2025-11-07T11:40:29.415671] [INFO] Transaction completed
[2025-11-07T11:40:29.415685] [DEBUG] Thread pool size: 8
[2025-11-07T11:40:29.415681] [ERROR] File not found
[2025-11-07T11:40:29.415676] [INFO] Session started
[2025-11-07T11:40:29.415683] [DEBUG] Variable value: x=42
[2025-11-07T11:40:29.415672] [INFO] User logged in
[2025-11-07T11:40:29.415675] [INFO] Database query executed
[2025-11-07T11:40:29.415668] [INFO] Session started
[2025-11-07T11:40:29.415686] [DEBUG] Variable value: x=42
