[2025-11-07T11:40:30.258383] [DEBUG] Buffer size: 4096 bytes
[2025-11-07T11:40:30.258370] [WARN] Slow query performance
[2025-11-07T11:40:30.258372] [WARN] Connection retry attempt
[2025-11-07T11:40:30.258377] [DEBUG] Buffer size: 4096 bytes
[2025-11-07T11:40:30.258379] [DEBUG] HTTP request headers parsed
[2025-11-07T11:40:30.258353] [INFO] Service initialized
[2025-11-07T11:40:30.258355] [INFO] Request processed successfully
[2025-11-07T11:40:30.258363] [INFO] Cache hit
[2025-11-07T11:40:30.258375] [ERROR] Request failed
[2025-11-07T11:40:30.258368] [INFO] Service initialized
[2025-11-07T11:40:30.258358] [INFO] Session started
[2025-11-07T11:40:30.258360] [INFO] Service initialized
[2025-11-07T11:40:30.258369] [WARN] Queue size growing
[2025-11-07T11:40:30.258380] [DEBUG] Entering function process_data()
[2025-11-07T11:40:30.258366] [INFO] Transaction completed
[2025-11-07T11:40:30.258359] [INFO] Health check passed
[2025-11-07T11:40:30.258381] [DEBUG] Loop iteration: 15
[2025-11-07T11:40:30.258384] [DEBUG] Cache key generated
[2025-11-07T11:40:30.258356] [INFO] Service initialized
[2025-11-07T11:40:30.258367] [INFO] Request processed successfully
[2025-11-07T11:40:30.258373] [WARN] Queue size growing
[2025-11-07T11:40:30.258374] [ERROR] Memory allocation error
[2025-11-07T11:40:30.258376] [DEBUG] Variable value: x=42
[2025-11-07T11:40:30.258357] [INFO] Connection established
[2025-11-07T11:40:30.258365] [INFO] Cache hit
[2025-11-07T11:40:30.258378] [DEBUG] Buffer size: 4096 bytes
[2025-11-07T11:40:30.258361] [INFO] Session started
[2025-11-07T11:40:30.258382] [DEBUG] Entering function process_data()
[2025-11-07T11:40:30.258362] [INFO] Session started
[2025-11-07T11:40:30.258364] [INFO] Service initialized
