[2025-11-07T11:40:29.565533] [INFO] Database query executed
[2025-11-07T11:40:29.565555] [DEBUG] Memory allocation: 2048 bytes
[2025-11-07T11:40:29.565549] [ERROR] Invalid input data
[2025-11-07T11:40:29.565551] [DEBUG] Memory allocation: 2048 bytes
[2025-11-07T11:40:29.565536] [INFO] Connection established
[2025-11-07T11:40:29.565554] [DEBUG] Cache key generated
[2025-11-07T11:40:29.565542] [INFO] Request processed successfully
[2025-11-07T11:40:29.565544] [INFO] Request processed successfully
[2025-11-07T11:40:29.565559] [DEBUG] Variable value: x=42
[2025-11-07T11:40:29.565548] [ERROR] Database connection lost
[2025-11-07T11:40:29.565537] [INFO] Health check passed
[2025-11-07T11:40:29.565532] [INFO] User logged in
[2025-11-07T11:40:29.565534] [INFO] Health check passed
[2025-11-07T11:40:29.565535] [INFO] Connection established
[2025-11-07T11:40:29.565545] [WARN] High memory usage detected
[2025-11-07T11:40:29.565531] [INFO] User logged in
[2025-11-07T11:40:29.565538] [INFO] Health check passed
[2025-11-07T11:40:29.565540] [INFO] Database query executed
[2025-11-07T11:40:29.565539] [INFO] Health check passed
[2025-11-07T11:40:29.565558] [DEBUG] Loop iteration: 15
[2025-11-07T11:40:29.565557] [DEBUG] Connection pool status checked
[2025-11-07T11:40:29.565543] [INFO] Session started
[2025-11-07T11:40:29.565552] [DEBUG] HTTP request headers parsed
[2025-11-07T11:40:29.565529] [INFO] Service initialized
[2025-11-07T11:40:29.565556] [DEBUG] Thread pool size: 8
[2025-11-07T11:40:29.565541] [INFO] Transaction completed
[2025-11-07T11:40:29.565547] [WARN] Slow query performance
[2025-11-07T11:40:29.565553] [DEBUG] Variable value: x=42
[2025-11-07T11:40:29.565546] [WARN] Slow query performance
