[2025-11-07T11:40:29.758364] [INFO] Transaction completed
[2025-11-07T11:40:29.758366] [INFO] Service initialized
[2025-11-07T11:40:29.758370] [INFO] Transaction completed
[2025-11-07T11:40:29.758375] [WARN] Cache miss
[2025-11-07T11:40:29.758384] [ERROR] File not found
[2025-11-07T11:40:29.758391] [DEBUG] Buffer size: 4096 bytes
[2025-11-07T11:40:29.758363] [INFO] Service initialized
[2025-11-07T11:40:29.758369] [INFO] User logged in
[2025-11-07T11:40:29.758382] [WARN] High memory usage detected
[2025-11-07T11:40:29.758359] [INFO] Cache hit
[2025-11-07T11:40:29.758389] [DEBUG] Memory allocation: 2048 bytes
[2025-11-07T11:40:29.758377] [WARN] Timeout warning
[2025-11-07T11:40:29.758373] [INFO] Connection established
[2025-11-07T11:40:29.758381] [WARN] High memory usage detected
[2025-11-07T11:40:29.758380] [WARN] Resource threshold approaching
[2025-11-07T11:40:29.758378] [WARN] Resource threshold approaching
[2025-11-07T11:40:29.758360] [INFO] Database query executed
[2025-11-07T11:40:29.758383] [WARN] Queue size growing
[2025-11-07T11:40:29.758367] [INFO] Configuration loaded
[2025-11-07T11:40:29.758361] [INFO] Cache hit
[2025-11-07T11:40:29.758376] [WARN] Timeout warning
[2025-11-07T11:40:29.758379] [WARN] Deprecated API usage
[2025-11-07T11:40:29.758388] [DEBUG] Buffer size: 4096 bytes
[2025-11-07T11:40:29.758362] [INFO] Connection established
[2025-11-07T11:40:29.758389] [DEBUG] Cache key generated
[2025-11-07T11:40:29.758368] [INFO] User logged in
[2025-11-07T11:40:29.758374] [INFO] Connection established
[2025-11-07T11:40:29.758365] [INFO] Configuration loaded
[2025-11-07T11:40:29.758393] [DEBUG] Variable value: x=42
[2025-11-07T11:40:29.758385] [DEBUG] Memory allocation: 2048 bytes
[2025-11-07T11:40:29.758387] [DEBUG] Buffer size: 4096 bytes
[2025-11-07T11:40:29.758392] [DEBUG] Variable value: x=42
[2025-11-07T11:40:29.758390] [DEBUG] Variable value: x=42
