[2025-11-07T11:40:29.744393] [INFO] Health check passed
[2025-11-07T11:40:29.744401] [WARN] Rate limit approaching
[2025-11-07T11:40:29.744414] [DEBUG] Thread pool size: 8
[2025-11-07T11:40:29.744405] [WARN] Cache miss
[2025-11-07T11:40:29.744403] [WARN] Resource threshold approaching
[2025-11-07T11:40:29.744394] [INFO] Service initialized
[2025-11-07T11:40:29.744412] [DEBUG] Variable value: x=42
[2025-11-07T11:40:29.744411] [DEBUG] Entering function process_data()
[2025-11-07T11:40:29.744392] [INFO] Service initialized
[2025-11-07T11:40:29.744407] [ERROR] Request failed
[2025-11-07T11:40:29.744400] [INFO] Transaction completed
[2025-11-07T11:40:29.744410] [DEBUG] Connection pool status checked
[2025-11-07T11:40:29.744390] [INFO] Transaction completed
[2025-11-07T11:40:29.744398] [INFO] Health check passed
[2025-11-07T11:40:29.744409] [DEBUG] Entering function process_data()
[2025-11-07T11:40:29.744387] [INFO] Database query executed
[2025-11-07T11:40:29.744396] [INFO] Transaction completed
[2025-11-07T11:40:29.744413] [DEBUG] Memory allocation: 2048 bytes
[2025-11-07T11:40:29.744417] [DEBUG] Variable value: x=42
[2025-11-07T11:40:29.744415] [DEBUG] Memory allocation: 2048 bytes
[2025-11-07T11:40:29.744402] [WARN] Slow query performance
[2025-11-07T11:40:29.744416] [DEBUG] Variable value: x=42
[2025-11-07T11:40:29.744404] [WARN] Deprecated API usage
[2025-11-07T11:40:29.744397] [INFO] Connection established
[2025-11-07T11:40:29.744395] [INFO] Service initialized
[2025-11-07T11:40:29.744399] [INFO] Cache hit
[2025-11-07T11:40:29.744388] [INFO] Health check passed
[2025-11-07T11:40:29.744391] [INFO] Session started
[2025-11-07T11:40:29.744408] [ERROR] Database connection lost
[2025-11-07T11:40:29.744392] [INFO] Service initialized
