[2025-11-07T11:40:29.990479] [INFO] Session started
[2025-11-07T11:40:29.990495] [DEBUG] Connection pool status checked
[2025-11-07T11:40:29.990470] [INFO] Request processed successfully
[2025-11-07T11:40:29.990484] [INFO] Health check passed
[2025-11-07T11:40:29.990478] [INFO] Configuration loaded
[2025-11-07T11:40:29.990475] [INFO] Request processed successfully
[2025-11-07T11:40:29.990492] [DEBUG] Cache key generated
[2025-11-07T11:40:29.990476] [INFO] Session started
[2025-11-07T11:40:29.990481] [INFO] Cache hit
[2025-11-07T11:40:29.990471] [INFO] Configuration loaded
[2025-11-07T11:40:29.990486] [WARN] Rate limit approaching
[2025-11-07T11:40:29.990487] [WARN] High memory usage detected
[2025-11-07T11:40:29.990497] [DEBUG] Thread pool size: 8
[2025-11-07T11:40:29.990492] [DEBUG] Variable value: x=42
[2025-11-07T11:40:29.990496] [DEBUG] Cache key generated
[2025-11-07T11:40:29.990480] [INFO] Configuration loaded
[2025-11-07T11:40:29.990499] [DEBUG] Variable value: x=42
[2025-11-07T11:40:29.990493] [DEBUG] HTTP request headers parsed
[2025-11-07T11:40:29.990472] [INFO] Service initialized
[2025-11-07T11:40:29.990473] [INFO] Service initialized
[2025-11-07T11:40:29.990474] [INFO] Request processed successfully
[2025-11-07T11:40:29.990482] [INFO] Service initialized
[2025-11-07T11:40:29.990483] [INFO] Cache hit
[2025-11-07T11:40:29.990497] [DEBUG] Variable value: x=42
[2025-11-07T11:40:29.990498] [DEBUG] Memory allocation: 2048 bytes
[2025-11-07T11:40:29.990485] [INFO] Cache hit
[2025-11-07T11:40:29.990477] [INFO] Service initialized
[2025-11-07T11:40:29.990489] [WARN] Cache miss
[2025-11-07T11:40:29.990488] [WARN] Timeout warning
[2025-11-07T11:40:29.990490] [ERROR] Request failed
