[2025-11-07T11:40:30.188857] [INFO] Service initialized
[2025-11-07T11:40:30.188867] [WARN] Connection retry attempt
[2025-11-07T11:40:30.188876] [DEBUG] Thread pool size: 8
[2025-11-07T11:40:30.188874] [DEBUG] Memory allocation: 2048 bytes
[2025-11-07T11:40:30.188856] [INFO] Cache hit
[2025-11-07T11:40:30.188882] [DEBUG] Variable value: x=42
[2025-11-07T11:40:30.188859] [INFO] Session started
[2025-11-07T11:40:30.188880] [DEBUG] Timer set: 30 seconds
[2025-11-07T11:40:30.188864] [WARN] High memory usage detected
[2025-11-07T11:40:30.188866] [WARN] Queue size growing
[2025-11-07T11:40:30.188863] [INFO] Transaction completed
[2025-11-07T11:40:30.188855] [INFO] User logged in
[2025-11-07T11:40:30.188879] [DEBUG] Buffer size: 4096 bytes
[2025-11-07T11:40:30.188877] [DEBUG] Loop iteration: 15
[2025-11-07T11:40:30.188871] [WARN] Connection retry attempt
[2025-11-07T11:40:30.188860] [INFO] Database query executed
[2025-11-07T11:40:30.188873] [ERROR] Memory allocation error
[2025-11-07T11:40:30.188868] [WARN] Deprecated API usage
[2025-11-07T11:40:30.188870] [WARN] Resource threshold approaching
[2025-11-07T11:40:30.188881] [DEBUG] Cache key generated
[2025-11-07T11:40:30.188849] [INFO] Session started
[2025-11-07T11:40:30.188858] [INFO] Database query executed
[2025-11-07T11:40:30.188861] [INFO] Configuration loaded
[2025-11-07T11:40:30.188848] [INFO] Database query executed
[2025-11-07T11:40:30.188865] [WARN] Rate limit approaching
[2025-11-07T11:40:30.188869] [WARN] Connection retry attempt
[2025-11-07T11:40:30.188862] [INFO] Session started
[2025-11-07T11:40:30.188853] [INFO] Connection established
[2025-11-07T11:40:30.188854] [INFO] Configuration loaded
[2025-11-07T11:40:30.188852] [INFO] Service initialized
[2025-11-07T11:40:30.188875] [DEBUG] Cache key generated
[2025-11-07T11:40:30.188850] [INFO] Configuration loaded
[2025-11-07T11:40:30.188872] [ERROR] Memory allocation error
[2025-11-07T11:40:30.188878] [DEBUG] Timer set: 30 seconds
[2025-11-07T11:40:30.188851] [INFO] Database query executed
