[2025-11-07T11:40:30.309224] [ERROR] Invalid input data
[2025-11-07T11:40:30.309213] [INFO] Service initialized
[2025-11-07T11:40:30.309225] [ERROR] Permission denied
[2025-11-07T11:40:30.309221] [WARN] Timeout warning
[2025-11-07T11:40:30.309233] [DEBUG] Thread pool size: 8
[2025-11-07T11:40:30.309205] [INFO] Service initialized
[2025-11-07T11:40:30.309216] [INFO] Session started
[2025-11-07T11:40:30.309228] [DEBUG] Connection pool status checked
[2025-11-07T11:40:30.309207] [INFO] Connection established
[2025-11-07T11:40:30.309208] [INFO] User logged in
[2025-11-07T11:40:30.309230] [DEBUG] Thread pool size: 8
[2025-11-07T11:40:30.309231] [DEBUG] Entering function process_data()
[2025-11-07T11:40:30.309214] [INFO] Service initialized
[2025-11-07T11:40:30.309209] [INFO] Cache hit
[2025-11-07T11:40:30.309221] [WARN] Slow query performance
[2025-11-07T11:40:30.309222] [WARN] Rate limit approaching
[2025-11-07T11:40:30.309212] [INFO] Session started
[2025-11-07T11:40:30.309215] [INFO] Service initialized
[2025-11-07T11:40:30.309233] [DEBUG] Loop iteration: 15
[2025-11-07T11:40:30.309234] [DEBUG] Loop iteration: 15
[2025-11-07T11:40:30.309217] [INFO] Request processed successfully
[2025-11-07T11:40:30.309211] [INFO] Request processed successfully
[2025-11-07T11:40:30.309219] [INFO] Request processed successfully
[2025-11-07T11:40:30.309223] [WARN] Resource threshold approaching
[2025-11-07T11:40:30.309218] [INFO] Service initialized
[2025-11-07T11:40:30.309227] [DEBUG] Memory allocation: 2048 bytes
[2025-11-07T11:40:30.309226] [DEBUG] Cache key generated
[2025-11-07T11:40:30.309231] [DEBUG] Variable value: x=42
[2025-11-07T11:40:30.309210] [INFO] Request processed successfully
[2025-11-07T11:40:30.309204] [INFO] User logged in
[2025-11-07T11:40:30.309206] [INFO] Transaction completed
[2025-11-07T11:40:30.309219] [INFO] Configuration loaded
