[2025-11-07T11:40:29.422249] [INFO] Health check passed
[2025-11-07T11:40:29.422258] [ERROR] Invalid input data
[2025-11-07T11:40:29.422253] [WARN] Deprecated API usage
[2025-11-07T11:40:29.422250] [INFO] Session started
[2025-11-07T11:40:29.422248] [INFO] Service initialized
[2025-11-07T11:40:29.422240] [INFO] Connection established
[2025-11-07T11:40:29.422239] [INFO] User logged in
[2025-11-07T11:40:29.422241] [INFO] Connection established
[2025-11-07T11:40:29.422265] [DEBUG] Variable value: x=42
[2025-11-07T11:40:29.422246] [INFO] Connection established
[2025-11-07T11:40:29.422243] [INFO] Database query executed
[2025-11-07T11:40:29.422267] [DEBUG] Buffer size: 4096 bytes
[2025-11-07T11:40:29.422263] [DEBUG] Timer set: 30 seconds
[2025-11-07T11:40:29.422262] [DEBUG] Connection pool status checked
[2025-11-07T11:40:29.422244] [INFO] Transaction completed
[2025-11-07T11:40:29.422253] [WARN] Resource threshold approaching
[2025-11-07T11:40:29.422247] [INFO] Service initialized
[2025-11-07T11:40:29.422266] [DEBUG] Timer set: 30 seconds
[2025-11-07T11:40:29.422244] [INFO] Service initialized
[2025-11-07T11:40:29.422251] [INFO] Service initialized
[2025-11-07T11:40:29.422257] [ERROR] Permission denied
[2025-11-07T11:40:29.422260] [DEBUG] Variable value: x=42
[2025-11-07T11:40:29.422264] [DEBUG] Buffer size: 4096 bytes
[2025-11-07T11:40:29.422237] [INFO] Connection established
[2025-11-07T11:40:29.422242] [INFO] Session started
[2025-11-07T11:40:29.422256] [WARN] Connection retry attempt
[2025-11-07T11:40:29.422268] [DEBUG] HTTP request headers parsed
[2025-11-07T11:40:29.422255] [WARN] Deprecated API usage
[2025-11-07T11:40:29.422261] [DEBUG] Cache key generated
[2025-11-07T11:40:29.422251] [INFO] Health check passed
[2025-11-07T11:40:29.422259] [DEBUG] Connection pool status checked
