[2025-11-07T11:40:30.310461] [WARN] Deprecated API usage
[2025-11-07T11:40:30.310446] [INFO] Transaction completed
[2025-11-07T11:40:30.310462] [WARN] High memory usage detected
[2025-11-07T11:40:30.310453] [INFO] Session started
[2025-11-07T11:40:30.310472] [DEBUG] Cache key generated
[2025-11-07T11:40:30.310449] [INFO] Cache hit
[2025-11-07T11:40:30.310463] [WARN] Deprecated API usage
[2025-11-07T11:40:30.310464] [WARN] High memory usage detected
[2025-11-07T11:40:30.310452] [INFO] Connection established
[2025-11-07T11:40:30.310469] [DEBUG] Thread pool size: 8
[2025-11-07T11:40:30.310448] [INFO] Database query executed
[2025-11-07T11:40:30.310455] [INFO] Request processed successfully
[2025-11-07T11:40:30.310458] [INFO] Connection established
[2025-11-07T11:40:30.310475] [DEBUG] Timer set: 30 seconds
[2025-11-07T11:40:30.310466] [ERROR] Request failed
[2025-11-07T11:40:30.310476] [DEBUG] Thread pool size: 8
[2025-11-07T11:40:30.310455] [INFO] Service initialized
[2025-11-07T11:40:30.310468] [DEBUG] Thread pool size: 8
[2025-11-07T11:40:30.310470] [DEBUG] HTTP request headers parsed
[2025-11-07T11:40:30.310447] [INFO] Connection established
[2025-11-07T11:40:30.310460] [WARN] Rate limit approaching
[2025-11-07T11:40:30.310457] [INFO] Request processed successfully
[2025-11-07T11:40:30.310471] [DEBUG] Buffer size: 4096 bytes
[2025-11-07T11:40:30.310444] [INFO] Service initialized
[2025-11-07T11:40:30.310450] [INFO] Session started
[2025-11-07T11:40:30.310465] [WARN] High memory usage detected
[2025-11-07T11:40:30.310459] [WARN] Deprecated API usage
[2025-11-07T11:40:30.310473] [DEBUG] Thread pool size: 8
[2025-11-07T11:40:30.310454] [INFO] Cache hit
[2025-11-07T11:40:30.310467] [ERROR] Request failed
[2025-11-07T11:40:30.310451] [INFO] User logged in
[2025-11-07T11:40:30.310474] [DEBUG] Loop iteration: 15
[2025-11-07T11:40:30.310456] [INFO] User logged in
