[2025-11-07T11:40:29.996482] [INFO] Service initialized
[2025-11-07T11:40:29.996491] [WARN] Timeout warning
[2025-11-07T11:40:29.996479] [INFO] Connection established
[2025-11-07T11:40:29.996499] [ERROR] Request failed
[2025-11-07T11:40:29.996503] [DEBUG] Buffer size: 4096 bytes
[2025-11-07T11:40:29.996486] [INFO] Transaction completed
[2025-11-07T11:40:29.996495] [WARN] Connection retry attempt
[2025-11-07T11:40:29.996485] [INFO] Connection established
[2025-11-07T11:40:29.996498] [WARN] Connection retry attempt
[2025-11-07T11:40:29.996500] [DEBUG] Cache key generated
[2025-11-07T11:40:29.996487] [INFO] Request processed successfully
[2025-11-07T11:40:29.996492] [WARN] Slow query performance
[2025-11-07T11:40:29.996502] [DEBUG] HTTP request headers parsed
[2025-11-07T11:40:29.996488] [INFO] Connection established
[2025-11-07T11:40:29.996506] [DEBUG] Entering function process_data()
[2025-11-07T11:40:29.996497] [WARN] Slow query performance
[2025-11-07T11:40:29.996501] [DEBUG] Thread pool size: 8
[2025-11-07T11:40:29.996490] [INFO] Connection established
[2025-11-07T11:40:29.996494] [WARN] Timeout warning
[2025-11-07T11:40:29.996505] [DEBUG] Thread pool size: 8
[2025-11-07T11:40:29.996483] [INFO] User logged in
[2025-11-07T11:40:29.996496] [WARN] High memory usage detected
[2025-11-07T11:40:29.996489] [INFO] Service initialized
[2025-11-07T11:40:29.996504] [DEBUG] Timer set: 30 seconds
[2025-11-07T11:40:29.996490] [INFO] Connection established
[2025-11-07T11:40:29.996481] [INFO] Transaction completed
[2025-11-07T11:40:29.996484] [INFO] Database query executed
[2025-11-07T11:40:29.996493] [WARN] Queue size growing
