[2025-11-07T11:40:30.261781] [ERROR] Request failed
[2025-11-07T11:40:30.261779] [WARN] Deprecated API usage
[2025-11-07T11:40:30.261788] [DEBUG] Memory allocation: 2048 bytes
[2025-11-07T11:40:30.261780] [WARN] Timeout warning
[2025-11-07T11:40:30.261777] [WARN] Cache miss
[2025-11-07T11:40:30.261771] [INFO] Request processed successfully
[2025-11-07T11:40:30.261767] [INFO] Database query executed
[2025-11-07T11:40:30.261791] [DEBUG] Timer set: 30 seconds
[2025-11-07T11:40:30.261773] [INFO] Configuration loaded
[2025-11-07T11:40:30.261768] [INFO] Request processed successfully
[2025-11-07T11:40:30.261782] [DEBUG] Connection pool status checked
[2025-11-07T11:40:30.261789] [DEBUG] Memory allocation: 2048 bytes
[2025-11-07T11:40:30.261786] [DEBUG] Connection pool status checked
[2025-11-07T11:40:30.261774] [INFO] Cache hit
[2025-11-07T11:40:30.261775] [INFO] Session started
[2025-11-07T11:40:30.261784] [DEBUG] Thread pool size: 8
[2025-11-07T11:40:30.261770] [INFO] Transaction completed
[2025-11-07T11:40:30.261778] [WARN] High memory usage detected
[2025-11-07T11:40:30.261776] [WARN] Resource threshold approaching
[2025-11-07T11:40:30.261764] [INFO] Database query executed
[2025-11-07T11:40:30.261790] [DEBUG] Cache key generated
[2025-11-07T11:40:30.261787] [DEBUG] Entering function process_data()
[2025-11-07T11:40:30.261765] [INFO] Session started
[2025-11-07T11:40:30.261772] [INFO] Transaction completed
[2025-11-07T11:40:30.261770] [INFO] Transaction completed
[2025-11-07T11:40:30.261769] [INFO] Session started
[2025-11-07T11:40:30.261783] [DEBUG] Thread pool size: 8
[2025-11-07T11:40:30.261785] [DEBUG] Timer set: 30 seconds
