[2025-11-07T11:40:29.515085] [INFO] Session started
[2025-11-07T11:40:29.515081] [INFO] Configuration loaded
[2025-11-07T11:40:29.515075] [INFO] Request processed successfully
[2025-11-07T11:40:29.515100] [DEBUG] Connection pool status checked
[2025-11-07T11:40:29.515089] [INFO] User logged in
[2025-11-07T11:40:29.515078] [INFO] Database query executed
[2025-11-07T11:40:29.515079] [INFO] Connection established
[2025-11-07T11:40:29.515092] [WARN] Resource threshold approaching
[2025-11-07T11:40:29.515087] [INFO] Configuration loaded
[2025-11-07T11:40:29.515093] [WARN] Resource threshold approaching
[2025-11-07T11:40:29.515077] [INFO] Transaction completed
[2025-11-07T11:40:29.515106] [DEBUG] Thread pool size: 8
[2025-11-07T11:40:29.515106] [DEBUG] Timer set: 30 seconds
[2025-11-07T11:40:29.515095] [WARN] Rate limit approaching
[2025-11-07T11:40:29.515082] [INFO] Service initialized
[2025-11-07T11:40:29.515103] [DEBUG] Timer set: 30 seconds
[2025-11-07T11:40:29.515099] [ERROR] Permission denied
[2025-11-07T11:40:29.515098] [ERROR] Invalid input data
[2025-11-07T11:40:29.515086] [INFO] Configuration loaded
[2025-11-07T11:40:29.515097] [WARN] Rate limit approaching
[2025-11-07T11:40:29.515090] [WARN] Rate limit approaching
[2025-11-07T11:40:29.515091] [WARN] Cache miss
[2025-11-07T11:40:29.515086] [INFO] Cache hit
[2025-11-07T11:40:29.515084] [INFO] User logged in
[2025-11-07T11:40:29.515107] [DEBUG] Memory allocation: 2048 bytes
[2025-11-07T11:40:29.515105] [DEBUG] Buffer size: 4096 bytes
[2025-11-07T11:40:29.515096] [WARN] Slow query performance
[2025-11-07T11:40:29.515104] [DEBUG] Cache key generated
[2025-11-07T11:40:29.515094] [WARN] Timeout warning
[2025-11-07T11:40:29.515102] [DEBUG] Timer set: 30 seconds
[2025-11-07T11:40:29.515083] [INFO] Cache hit
[2025-11-07T11:40:29.515088] [INFO] Database query executed
[2025-11-07T11:40:29.515080] [INFO] Session started
[2025-11-07T11:40:29.515101] [DEBUG] HTTP request headers parsed
