[2025-11-07T11:40:30.240041] [INFO] Transaction completed
[2025-11-07T11:40:30.240052] [DEBUG] Entering function process_data()
[2025-11-07T11:40:30.240043] [INFO] Service initialized
[2025-11-07T11:40:30.240030] [INFO] User logged in
[2025-11-07T11:40:30.240054] [DEBUG] Cache key generated
[2025-11-07T11:40:30.240047] [WARN] Slow query performance
[2025-11-07T11:40:30.240037] [INFO] Cache hit
[2025-11-07T11:40:30.240044] [INFO] Configuration loaded
[2025-11-07T11:40:30.240057] [DEBUG] Timer set: 30 seconds
[2025-11-07T11:40:30.240058] [DEBUG] Memory allocation: 2048 bytes
[2025-11-07T11:40:30.240049] [WARN] Deprecated API usage
[2025-11-07T11:40:30.240040] [INFO] Connection established
[2025-11-07T11:40:30.240048] [WARN] Timeout warning
[2025-11-07T11:40:30.240053] [DEBUG] Loop iteration: 15
[2025-11-07T11:40:30.240055] [DEBUG] Variable value: x=42
[2025-11-07T11:40:30.240039] [INFO] Database query executed
[2025-11-07T11:40:30.240035] [INFO] Request processed successfully
[2025-11-07T11:40:30.240034] [INFO] Request processed successfully
[2025-11-07T11:40:30.240059] [DEBUG] Connection pool status checked
[2025-11-07T11:40:30.240045] [WARN] Rate limit approaching
[2025-11-07T11:40:30.240050] [ERROR] Authentication failed
[2025-11-07T11:40:30.240033] [INFO] Request processed successfully
[2025-11-07T11:40:30.240032] [INFO] Transaction completed
[2025-11-07T11:40:30.240042] [INFO] Request processed successfully
[2025-11-07T11:40:30.240051] [DEBUG] HTTP request headers parsed
[2025-11-07T11:40:30.240036] [INFO] User logged in
[2025-11-07T11:40:30.240038] [INFO] Database query executed
[2025-11-07T11:40:30.240056] [DEBUG] Connection pool status checked
[2025-11-07T11:40:30.240029] [INFO] User logged in
[2025-11-07T11:40:30.240046] [WARN] Disk space low
