[2025-11-07T11:40:30.122252] [DEBUG] Connection pool status checked
[2025-11-07T11:40:30.122244] [WARN] Timeout warning
[2025-11-07T11:40:30.122229] [INFO] Transaction completed
[2025-11-07T11:40:30.122247] [WARN] Cache miss
[2025-11-07T11:40:30.122237] [INFO] Connection established
[2025-11-07T11:40:30.122256] [DEBUG] Connection pool status checked
[2025-11-07T11:40:30.122253] [DEBUG] Variable value: x=42
[2025-11-07T11:40:30.122227] [INFO] Session started
[2025-11-07T11:40:30.122250] [ERROR] Authentication failed
[2025-11-07T11:40:30.122232] [INFO] Transaction completed
[2025-11-07T11:40:30.122241] [INFO] Transaction completed
[2025-11-07T11:40:30.122228] [INFO] Configuration loaded
[2025-11-07T11:40:30.122248] [WARN] Rate limit approaching
[2025-11-07T11:40:30.122249] [WARN] Queue size growing
[2025-11-07T11:40:30.122240] [INFO] Configuration loaded
[2025-11-07T11:40:30.122230] [INFO] Health check passed
[2025-11-07T11:40:30.122234] [INFO] Connection established
[2025-11-07T11:40:30.122242] [WARN] Queue size growing
[2025-11-07T11:40:30.122238] [INFO] Cache hit
[2025-11-07T11:40:30.122239] [INFO] Cache hit
[2025-11-07T11:40:30.122246] [WARN] Connection retry attempt
[2025-11-07T11:40:30.122245] [WARN] Resource threshold approaching
[2025-11-07T11:40:30.122251] [DEBUG] Thread pool size: 8
[2025-11-07T11:40:30.122233] [INFO] Database query executed
[2025-11-07T11:40:30.122235] [INFO] Service initialized
[2025-11-07T11:40:30.122257] [DEBUG] HTTP request headers parsed
[2025-11-07T11:40:30.122231] [INFO] Health check passed
[2025-11-07T11:40:30.122243] [WARN] Timeout warning
[2025-11-07T11:40:30.122254] [DEBUG] Timer set: 30 seconds
[2025-11-07T11:40:30.122258] [DEBUG] Loop iteration: 15
[2025-11-07T11:40:30.122236] [INFO] User logged in
[2025-11-07T11:40:30.122255] [DEBUG] Loop iteration: 15
