[2025-11-07T11:40:30.020583] [ERROR] Authentication failed
[2025-11-07T11:40:30.020569] [INFO] Transaction completed
[2025-11-07T11:40:30.020573] [INFO] Connection established
[2025-11-07T11:40:30.020584] [DEBUG] Memory allocation: 2048 bytes
[2025-11-07T11:40:30.020590] [DEBUG] Buffer size: 4096 bytes
[2025-11-07T11:40:30.020589] [DEBUG] Variable value: x=42
[2025-11-07T11:40:30.020567] [INFO] User logged in
[2025-11-07T11:40:30.020575] [INFO] Request processed successfully
[2025-11-07T11:40:30.020571] [INFO] Connection established
[2025-11-07T11:40:30.020570] [INFO] Transaction completed
[2025-11-07T11:40:30.020580] [WARN] Deprecated API usage
[2025-11-07T11:40:30.020586] [DEBUG] Connection pool status checked
[2025-11-07T11:40:30.020564] [INFO] Connection established
[2025-11-07T11:40:30.020566] [INFO] Service initialized
[2025-11-07T11:40:30.020582] [ERROR] Database connection lost
[2025-11-07T11:40:30.020587] [DEBUG] Cache key generated
[2025-11-07T11:40:30.020578] [WARN] Deprecated API usage
[2025-11-07T11:40:30.020576] [INFO] Database query executed
[2025-11-07T11:40:30.020591] [DEBUG] HTTP request headers parsed
[2025-11-07T11:40:30.020579] [WARN] Disk space low
[2025-11-07T11:40:30.020581] [ERROR] File not found
[2025-11-07T11:40:30.020574] [INFO] Health check passed
[2025-11-07T11:40:30.020585] [DEBUG] Timer set: 30 seconds
[2025-11-07T11:40:30.020572] [INFO] Cache hit
[2025-11-07T11:40:30.020577] [WARN] High memory usage detected
[2025-11-07T11:40:30.020568] [INFO] Service initialized
