[2025-11-07T11:40:29.555529] [INFO] Health check passed
[2025-11-07T11:40:29.555528] [INFO] Session started
[2025-11-07T11:40:29.555525] [INFO] Connection established
[2025-11-07T11:40:29.555523] [INFO] Cache hit
[2025-11-07T11:40:29.555541] [WARN] Deprecated API usage
[2025-11-07T11:40:29.555530] [INFO] User logged in
[2025-11-07T11:40:29.555534] [INFO] Session started
[2025-11-07T11:40:29.555526] [INFO] Cache hit
[2025-11-07T11:40:29.555537] [WARN] Cache miss
[2025-11-07T11:40:29.555550] [DEBUG] HTTP request headers parsed
[2025-11-07T11:40:29.555531] [INFO] Health check passed
[2025-11-07T11:40:29.555524] [INFO] Session started
[2025-11-07T11:40:29.555542] [ERROR] Authentication failed
[2025-11-07T11:40:29.555535] [WARN] Connection retry attempt
[2025-11-07T11:40:29.555549] [DEBUG] Loop iteration: 15
[2025-11-07T11:40:29.555532] [INFO] Configuration loaded
[2025-11-07T11:40:29.555527] [INFO] Cache hit
[2025-11-07T11:40:29.555547] [DEBUG] Buffer size: 4096 bytes
[2025-11-07T11:40:29.555545] [DEBUG] Cache key generated
[2025-11-07T11:40:29.555546] [DEBUG] Memory allocation: 2048 bytes
[2025-11-07T11:40:29.555539] [WARN] Slow query performance
[2025-11-07T11:40:29.555522] [INFO] Configuration loaded
[2025-11-07T11:40:29.555544] [DEBUG] Connection pool status checked
[2025-11-07T11:40:29.555520] [INFO] Connection established
[2025-11-07T11:40:29.555538] [WARN] Disk space low
