[2025-11-07T11:40:29.385771] [INFO] Database query executed
[2025-11-07T11:40:29.385767] [INFO] Health check passed
[2025-11-07T11:40:29.385782] [INFO] Session started
[2025-11-07T11:40:29.385769] [INFO] Request processed successfully
[2025-11-07T11:40:29.385772] [INFO] Request processed successfully
[2025-11-07T11:40:29.385790] [DEBUG] Entering function process_data()
[2025-11-07T11:40:29.385784] [INFO] Database query executed
[2025-11-07T11:40:29.385792] [DEBUG] Cache key generated
[2025-11-07T11:40:29.385775] [INFO] Transaction completed
[2025-11-07T11:40:29.385797] [DEBUG] Cache key generated
[2025-11-07T11:40:29.385798] [DEBUG] Timer set: 30 seconds
[2025-11-07T11:40:29.385778] [INFO] User logged in
[2025-11-07T11:40:29.385772] [INFO] Health check passed
[2025-11-07T11:40:29.385791] [DEBUG] Buffer size: 4096 bytes
[2025-11-07T11:40:29.385794] [DEBUG] Memory allocation: 2048 bytes
[2025-11-07T11:40:29.385787] [ERROR] Service unavailable
[2025-11-07T11:40:29.385766] [INFO] Service initialized
[2025-11-07T11:40:29.385780] [INFO] User logged in
[2025-11-07T11:40:29.385795] [DEBUG] Connection pool status checked
[2025-11-07T11:40:29.385779] [INFO] Session started
[2025-11-07T11:40:29.385783] [INFO] Transaction completed
[2025-11-07T11:40:29.385765] [INFO] Database query executed
[2025-11-07T11:40:29.385768] [INFO] Health check passed
[2025-11-07T11:40:29.385774] [INFO] Configuration loaded
[2025-11-07T11:40:29.385786] [WARN] High memory usage detected
[2025-11-07T11:40:29.385789] [DEBUG] Buffer size: 4096 bytes
[2025-11-07T11:40:29.385776] [INFO] Connection established
[2025-11-07T11:40:29.385796] [DEBUG] Cache key generated
[2025-11-07T11:40:29.385799] [DEBUG] Buffer size: 4096 bytes
