[2025-11-07T11:40:29.305263] [INFO] User logged in
[2025-11-07T11:40:29.305283] [DEBUG] Buffer size: 4096 bytes
[2025-11-07T11:40:29.305282] [DEBUG] Buffer size: 4096 bytes
[2025-11-07T11:40:29.305288] [DEBUG] Thread pool size: 8
[2025-11-07T11:40:29.305286] [DEBUG] Loop iteration: 15
[2025-11-07T11:40:29.305272] [INFO] Database query executed
[2025-11-07T11:40:29.305266] [INFO] Session started
[2025-11-07T11:40:29.305271] [INFO] User logged in
[2025-11-07T11:40:29.305268] [INFO] Transaction completed
[2025-11-07T11:40:29.305291] [DEBUG] Loop iteration: 15
[2025-11-07T11:40:29.305267] [INFO] Service initialized
[2025-11-07T11:40:29.305275] [INFO] Cache hit
[2025-11-07T11:40:29.305279] [WARN] High memory usage detected
[2025-11-07T11:40:29.305277] [INFO] Health check passed
[2025-11-07T11:40:29.305294] [DEBUG] HTTP request headers parsed
[2025-11-07T11:40:29.305265] [INFO] Request processed successfully
[2025-11-07T11:40:29.305275] [INFO] User logged in
[2025-11-07T11:40:29.305290] [DEBUG] Cache key generated
[2025-11-07T11:40:29.305287] [DEBUG] HTTP request headers parsed
[2025-11-07T11:40:29.305274] [INFO] Database query executed
[2025-11-07T11:40:29.305269] [INFO] Configuration loaded
[2025-11-07T11:40:29.305270] [INFO] Request processed successfully
[2025-11-07T11:40:29.305289] [DEBUG] HTTP request headers parsed
[2025-11-07T11:40:29.305284] [DEBUG] Memory allocation: 2048 bytes
[2025-11-07T11:40:29.305281] [ERROR] Invalid input data
[2025-11-07T11:40:29.305293] [DEBUG] Entering function process_data()
[2025-11-07T11:40:29.305278] [WARN] Cache miss
[2025-11-07T11:40:29.305292] [DEBUG] Loop iteration: 15
[2025-11-07T11:40:29.305276] [INFO] Database query executed
[2025-11-07T11:40:29.305280] [WARN] Rate limit approaching
[2025-11-07T11:40:29.305285] [DEBUG] Loop iteration: 15
[2025-11-07T11:40:29.305273] [INFO] Health check passed
