[2025-11-07T11:40:29.660897] [DEBUG] Cache key generated
[2025-11-07T11:40:29.660872] [INFO] Configuration loaded
[2025-11-07T11:40:29.660875] [INFO] Request processed successfully
[2025-11-07T11:40:29.660899] [DEBUG] Memory allocation: 2048 bytes
[2025-11-07T11:40:29.660887] [INFO] Configuration loaded
[2025-11-07T11:40:29.660874] [INFO] Cache hit
[2025-11-07T11:40:29.660888] [INFO] User logged in
[2025-11-07T11:40:29.660880] [INFO] Database query executed
[2025-11-07T11:40:29.660885] [INFO] User logged in
[2025-11-07T11:40:29.660886] [INFO] Health check passed
[2025-11-07T11:40:29.660879] [INFO] User logged in
[2025-11-07T11:40:29.660894] [DEBUG] Timer set: 30 seconds
[2025-11-07T11:40:29.660884] [INFO] Connection established
[2025-11-07T11:40:29.660882] [INFO] Cache hit
[2025-11-07T11:40:29.660883] [INFO] Connection established
[2025-11-07T11:40:29.660876] [INFO] Request processed successfully
[2025-11-07T11:40:29.660878] [INFO] Database query executed
[2025-11-07T11:40:29.660901] [DEBUG] Cache key generated
[2025-11-07T11:40:29.660889] [WARN] Resource threshold approaching
[2025-11-07T11:40:29.660896] [DEBUG] Memory allocation: 2048 bytes
[2025-11-07T11:40:29.660892] [WARN] Queue size growing
[2025-11-07T11:40:29.660877] [INFO] Health check passed
[2025-11-07T11:40:29.660895] [DEBUG] Loop iteration: 15
[2025-11-07T11:40:29.660893] [ERROR] Invalid input data
[2025-11-07T11:40:29.660891] [WARN] Cache miss
[2025-11-07T11:40:29.660902] [DEBUG] Entering function process_data()
[2025-11-07T11:40:29.660881] [INFO] Database query executed
[2025-11-07T11:40:29.660900] [DEBUG] Buffer size: 4096 bytes
[2025-11-07T11:40:29.660890] [WARN] Slow query performance
[2025-11-07T11:40:29.660898] [DEBUG] Cache key generated
