[2025-11-07T11:40:30.142039] [INFO] User logged in
[2025-11-07T11:40:30.142069] [DEBUG] Memory allocation: 2048 bytes
[2025-11-07T11:40:30.142054] [INFO] Health check passed
[2025-11-07T11:40:30.142068] [DEBUG] HTTP request headers parsed
[2025-11-07T11:40:30.142047] [INFO] Health check passed
[2025-11-07T11:40:30.142057] [WARN] Cache miss
[2025-11-07T11:40:30.142046] [INFO] Transaction completed
[2025-11-07T11:40:30.142043] [INFO] Connection established
[2025-11-07T11:40:30.142048] [INFO] Transaction completed
[2025-11-07T11:40:30.142042] [INFO] Health check passed
[2025-11-07T11:40:30.142058] [WARN] High memory usage detected
[2025-11-07T11:40:30.142060] [WARN] Timeout warning
[2025-11-07T11:40:30.142053] [INFO] Configuration loaded
[2025-11-07T11:40:30.142066] [DEBUG] Connection pool status checked
[2025-11-07T11:40:30.142062] [ERROR] Request failed
[2025-11-07T11:40:30.142041] [INFO] Request processed successfully
[2025-11-07T11:40:30.142064] [DEBUG] Variable value: x=42
[2025-11-07T11:40:30.142067] [DEBUG] Entering function process_data()
[2025-11-07T11:40:30.142050] [INFO] Database query executed
[2025-11-07T11:40:30.142071] [DEBUG] HTTP request headers parsed
[2025-11-07T11:40:30.142051] [INFO] Connection established
[2025-11-07T11:40:30.142045] [INFO] Request processed successfully
[2025-11-07T11:40:30.142063] [DEBUG] Connection pool status checked
[2025-11-07T11:40:30.142052] [INFO] Configuration loaded
[2025-11-07T11:40:30.142049] [INFO] User logged in
[2025-11-07T11:40:30.142055] [WARN] Disk space low
[2025-11-07T11:40:30.142044] [INFO] Session started
[2025-11-07T11:40:30.142059] [WARN] Slow query performance
[2025-11-07T11:40:30.142061] [WARN] Disk space low
[2025-11-07T11:40:30.142065] [DEBUG] Cache key generated
[2025-11-07T11:40:30.142070] [DEBUG] Memory allocation: 2048 bytes
[2025-11-07T11:40:30.142056] [WARN] Resource threshold approaching
