[2025-11-07T11:40:29.500660] [INFO] User logged in
[2025-11-07T11:40:29.500666] [WARN] Deprecated API usage
[2025-11-07T11:40:29.500649] [INFO] Request processed successfully
[2025-11-07T11:40:29.500652] [INFO] Database query executed
[2025-11-07T11:40:29.500680] [DEBUG] Loop iteration: 15
[2025-11-07T11:40:29.500659] [INFO] User logged in
[2025-11-07T11:40:29.500657] [INFO] Session started
[2025-11-07T11:40:29.500663] [INFO] Database query executed
[2025-11-07T11:40:29.500661] [INFO] User logged in
[2025-11-07T11:40:29.500678] [DEBUG] Loop iteration: 15
[2025-11-07T11:40:29.500676] [DEBUG] HTTP request headers parsed
[2025-11-07T11:40:29.500653] [INFO] Service initialized
[2025-11-07T11:40:29.500658] [INFO] Database query executed
[2025-11-07T11:40:29.500654] [INFO] Session started
[2025-11-07T11:40:29.500651] [INFO] Connection established
[2025-11-07T11:40:29.500674] [DEBUG] Cache key generated
[2025-11-07T11:40:29.500664] [INFO] Request processed successfully
[2025-11-07T11:40:29.500669] [ERROR] Memory allocation error
[2025-11-07T11:40:29.500655] [INFO] Configuration loaded
[2025-11-07T11:40:29.500662] [INFO] Connection established
[2025-11-07T11:40:29.500679] [DEBUG] Variable value: x=42
[2025-11-07T11:40:29.500667] [WARN] Rate limit approaching
[2025-11-07T11:40:29.500672] [DEBUG] Buffer size: 4096 bytes
[2025-11-07T11:40:29.500677] [DEBUG] Memory allocation: 2048 bytes
[2025-11-07T11:40:29.500656] [INFO] Connection established
[2025-11-07T11:40:29.500676] [DEBUG] Cache key generated
[2025-11-07T11:40:29.500673] [DEBUG] Variable value: x=42
[2025-11-07T11:40:29.500670] [ERROR] Memory allocation error
[2025-11-07T11:40:29.500650] [INFO] Session started
[2025-11-07T11:40:29.500665] [WARN] Resource threshold approaching
[2025-11-07T11:40:29.500668] [WARN] Rate limit approaching
[2025-11-07T11:40:29.500671] [ERROR] Disk read failed
