[2025-11-07T11:40:29.889867] [DEBUG] Loop iteration: 15
[2025-11-07T11:40:29.889871] [DEBUG] Buffer size: 4096 bytes
[2025-11-07T11:40:29.889866] [DEBUG] Cache key generated
[2025-11-07T11:40:29.889857] [WARN] Slow query performance
[2025-11-07T11:40:29.889843] [INFO] Service initialized
[2025-11-07T11:40:29.889844] [INFO] Cache hit
[2025-11-07T11:40:29.889845] [INFO] Health check passed
[2025-11-07T11:40:29.889855] [WARN] High memory usage detected
[2025-11-07T11:40:29.889852] [INFO] Configuration loaded
[2025-11-07T11:40:29.889851] [INFO] Session started
[2025-11-07T11:40:29.889859] [ERROR] Service unavailable
[2025-11-07T11:40:29.889846] [INFO] Database query executed
[2025-11-07T11:40:29.889869] [DEBUG] Memory allocation: 2048 bytes
[2025-11-07T11:40:29.889851] [INFO] Request processed successfully
[2025-11-07T11:40:29.889841] [INFO] Health check passed
[2025-11-07T11:40:29.889862] [DEBUG] Timer set: 30 seconds
[2025-11-07T11:40:29.889858] [WARN] Rate limit approaching
[2025-11-07T11:40:29.889854] [WARN] Disk space low
[2025-11-07T11:40:29.889840] [INFO] Session started
[2025-11-07T11:40:29.889856] [WARN] High memory usage detected
[2025-11-07T11:40:29.889870] [DEBUG] HTTP request headers parsed
[2025-11-07T11:40:29.889847] [INFO] Transaction completed
[2025-11-07T11:40:29.889849] [INFO] Session started
[2025-11-07T11:40:29.889872] [DEBUG] Timer set: 30 seconds
[2025-11-07T11:40:29.889860] [ERROR] Request failed
[2025-11-07T11:40:29.889850] [INFO] User logged in
[2025-11-07T11:40:29.889839] [INFO] User logged in
[2025-11-07T11:40:29.889864] [DEBUG] HTTP request headers parsed
[2025-11-07T11:40:29.889863] [DEBUG] HTTP request headers parsed
[2025-11-07T11:40:29.889865] [DEBUG] HTTP request headers parsed
[2025-11-07T11:40:29.889848] [INFO] Health check passed
[2025-11-07T11:40:29.889868] [DEBUG] HTTP request headers parsed
[2025-11-07T11:40:29.889861] [DEBUG] Cache key generated
