[2025-11-07T11:40:29.596210] [INFO] Connection established
[2025-11-07T11:40:29.596225] [WARN] Slow query performance
[2025-11-07T11:40:29.596207] [INFO] Configuration loaded
[2025-11-07T11:40:29.596219] [INFO] Transaction completed
[2025-11-07T11:40:29.596230] [DEBUG] Connection pool status checked
[2025-11-07T11:40:29.596208] [INFO] User logged in
[2025-11-07T11:40:29.596212] [INFO] Service initialized
[2025-11-07T11:40:29.596232] [DEBUG] Connection pool status checked
[2025-11-07T11:40:29.596234] [DEBUG] Buffer size: 4096 bytes
[2025-11-07T11:40:29.596209] [INFO] Connection established
[2025-11-07T11:40:29.596224] [WARN] Connection retry attempt
[2025-11-07T11:40:29.596226] [ERROR] Database connection lost
[2025-11-07T11:40:29.596220] [INFO] Cache hit
[2025-11-07T11:40:29.596211] [INFO] Cache hit
[2025-11-07T11:40:29.596214] [INFO] User logged in
[2025-11-07T11:40:29.596233] [DEBUG] Entering function process_data()
[2025-11-07T11:40:29.596229] [DEBUG] Entering function process_data()
[2025-11-07T11:40:29.596213] [INFO] Health check passed
[2025-11-07T11:40:29.596227] [DEBUG] Entering function process_data()
[2025-11-07T11:40:29.596222] [WARN] Cache miss
[2025-11-07T11:40:29.596231] [DEBUG] Variable value: x=42
[2025-11-07T11:40:29.596216] [INFO] Request processed successfully
[2025-11-07T11:40:29.596222] [WARN] High memory usage detected
[2025-11-07T11:40:29.596215] [INFO] Health check passed
[2025-11-07T11:40:29.596218] [INFO] Health check passed
[2025-11-07T11:40:29.596205] [INFO] User logged in
[2025-11-07T11:40:29.596228] [DEBUG] Timer set: 30 seconds
[2025-11-07T11:40:29.596217] [INFO] Configuration loaded
