[2025-11-07T11:40:30.086710] [INFO] Health check passed
[2025-11-07T11:40:30.086706] [INFO] Session started
[2025-11-07T11:40:30.086725] [DEBUG] Timer set: 30 seconds
[2025-11-07T11:40:30.086717] [WARN] Disk space low
[2025-11-07T11:40:30.086703] [INFO] Service initialized
[2025-11-07T11:40:30.086727] [DEBUG] Variable value: x=42
[2025-11-07T11:40:30.086732] [DEBUG] Loop iteration: 15
[2025-11-07T11:40:30.086712] [INFO] User logged in
[2025-11-07T11:40:30.086728] [DEBUG] Timer set: 30 seconds
[2025-11-07T11:40:30.086720] [WARN] Connection retry attempt
[2025-11-07T11:40:30.086731] [DEBUG] Cache key generated
[2025-11-07T11:40:30.086707] [INFO] Session started
[2025-11-07T11:40:30.086724] [DEBUG] Thread pool size: 8
[2025-11-07T11:40:30.086721] [WARN] Resource threshold approaching
[2025-11-07T11:40:30.086704] [INFO] Connection established
[2025-11-07T11:40:30.086716] [INFO] Configuration loaded
[2025-11-07T11:40:30.086730] [DEBUG] HTTP request headers parsed
[2025-11-07T11:40:30.086714] [INFO] Health check passed
[2025-11-07T11:40:30.086700] [INFO] Health check passed
[2025-11-07T11:40:30.086708] [INFO] Database query executed
[2025-11-07T11:40:30.086711] [INFO] Cache hit
[2025-11-07T11:40:30.086702] [INFO] Database query executed
[2025-11-07T11:40:30.086722] [ERROR] Service unavailable
[2025-11-07T11:40:30.086729] [DEBUG] Memory allocation: 2048 bytes
[2025-11-07T11:40:30.086715] [INFO] Transaction completed
[2025-11-07T11:40:30.086723] [DEBUG] Timer set: 30 seconds
[2025-11-07T11:40:30.086726] [DEBUG] Timer set: 30 seconds
[2025-11-07T11:40:30.086719] [WARN] Disk space low
[2025-11-07T11:40:30.086705] [INFO] Request processed successfully
[2025-11-07T11:40:30.086718] [WARN] Timeout warning
[2025-11-07T11:40:30.086713] [INFO] Service initialized
[2025-11-07T11:40:30.086709] [INFO] Health check passed
