[2025-11-07T11:40:29.953489] [INFO] Request processed successfully
[2025-11-07T11:40:29.953483] [INFO] Session started
[2025-11-07T11:40:29.953486] [INFO] Transaction completed
[2025-11-07T11:40:29.953495] [DEBUG] Connection pool status checked
[2025-11-07T11:40:29.953496] [DEBUG] Variable value: x=42
[2025-11-07T11:40:29.953497] [DEBUG] Connection pool status checked
[2025-11-07T11:40:29.953488] [INFO] Request processed successfully
[2025-11-07T11:40:29.953490] [WARN] High memory usage detected
[2025-11-07T11:40:29.953499] [DEBUG] Timer set: 30 seconds
[2025-11-07T11:40:29.953492] [WARN] Queue size growing
[2025-11-07T11:40:29.953485] [INFO] Database query executed
[2025-11-07T11:40:29.953487] [INFO] Database query executed
[2025-11-07T11:40:29.953476] [INFO] Database query executed
[2025-11-07T11:40:29.953498] [DEBUG] Memory allocation: 2048 bytes
[2025-11-07T11:40:29.953482] [INFO] Transaction completed
[2025-11-07T11:40:29.953480] [INFO] Transaction completed
[2025-11-07T11:40:29.953494] [ERROR] Invalid input data
[2025-11-07T11:40:29.953493] [WARN] Rate limit approaching
[2025-11-07T11:40:29.953479] [INFO] User logged in
[2025-11-07T11:40:29.953478] [INFO] User logged in
[2025-11-07T11:40:29.953491] [WARN] High memory usage detected
[2025-11-07T11:40:29.953500] [DEBUG] Cache key generated
[2025-11-07T11:40:29.953484] [INFO] Service initialized
[2025-11-07T11:40:29.953481] [INFO] Cache hit
