[2025-11-07T11:40:30.065067] [DEBUG] Loop iteration: 15
[2025-11-07T11:40:30.065056] [INFO] Service initialized
[2025-11-07T11:40:30.065050] [INFO] Health check passed
[2025-11-07T11:40:30.065071] [DEBUG] Loop iteration: 15
[2025-11-07T11:40:30.065062] [WARN] Deprecated API usage
[2025-11-07T11:40:30.065066] [ERROR] Permission denied
[2025-11-07T11:40:30.065053] [INFO] Health check passed
[2025-11-07T11:40:30.065072] [DEBUG] Timer set: 30 seconds
[2025-11-07T11:40:30.065073] [DEBUG] HTTP request headers parsed
[2025-11-07T11:40:30.065068] [DEBUG] Memory allocation: 2048 bytes
[2025-11-07T11:40:30.065070] [DEBUG] Connection pool status checked
[2025-11-07T11:40:30.065061] [WARN] Cache miss
[2025-11-07T11:40:30.065074] [DEBUG] Thread pool size: 8
[2025-11-07T11:40:30.065063] [WARN] Resource threshold approaching
[2025-11-07T11:40:30.065069] [DEBUG] Timer set: 30 seconds
[2025-11-07T11:40:30.065055] [INFO] Cache hit
[2025-11-07T11:40:30.065075] [DEBUG] Loop iteration: 15
[2025-11-07T11:40:30.065057] [INFO] Cache hit
[2025-11-07T11:40:30.065047] [INFO] Configuration loaded
[2025-11-07T11:40:30.065064] [WARN] Slow query performance
[2025-11-07T11:40:30.065052] [INFO] Connection established
[2025-11-07T11:40:30.065065] [ERROR] Disk read failed
[2025-11-07T11:40:30.065053] [INFO] Service initialized
[2025-11-07T11:40:30.065058] [INFO] Cache hit
[2025-11-07T11:40:30.065048] [INFO] Connection established
[2025-11-07T11:40:30.065054] [INFO] Service initialized
[2025-11-07T11:40:30.065049] [INFO] Cache hit
[2025-11-07T11:40:30.065044] [INFO] User logged in
[2025-11-07T11:40:30.065046] [INFO] Session started
[2025-11-07T11:40:30.065059] [INFO] Service initialized
[2025-11-07T11:40:30.065051] [INFO] Configuration loaded
