[2025-11-07T11:40:30.062678] [DEBUG] Thread pool size: 8
[2025-11-07T11:40:30.062679] [DEBUG] Variable value: x=42
[2025-11-07T11:40:30.062667] [INFO] Cache hit
[2025-11-07T11:40:30.062671] [WARN] Resource threshold approaching
[2025-11-07T11:40:30.062668] [INFO] Session started
[2025-11-07T11:40:30.062664] [INFO] Connection established
[2025-11-07T11:40:30.062660] [INFO] Health check passed
[2025-11-07T11:40:30.062673] [WARN] Timeout warning
[2025-11-07T11:40:30.062672] [WARN] Rate limit approaching
[2025-11-07T11:40:30.062677] [DEBUG] Buffer size: 4096 bytes
[2025-11-07T11:40:30.062683] [DEBUG] Thread pool size: 8
[2025-11-07T11:40:30.062676] [DEBUG] Connection pool status checked
[2025-11-07T11:40:30.062669] [INFO] Request processed successfully
[2025-11-07T11:40:30.062656] [INFO] Transaction completed
[2025-11-07T11:40:30.062666] [INFO] Transaction completed
[2025-11-07T11:40:30.062680] [DEBUG] Entering function process_data()
[2025-11-07T11:40:30.062655] [INFO] Cache hit
[2025-11-07T11:40:30.062665] [INFO] User logged in
[2025-11-07T11:40:30.062657] [INFO] Configuration loaded
[2025-11-07T11:40:30.062674] [ERROR] Request failed
[2025-11-07T11:40:30.062670] [WARN] Resource threshold approaching
[2025-11-07T11:40:30.062682] [DEBUG] Entering function process_data()
[2025-11-07T11:40:30.062659] [INFO] Health check passed
[2025-11-07T11:40:30.062681] [DEBUG] Connection pool status checked
[2025-11-07T11:40:30.062659] [INFO] Request processed successfully
[2025-11-07T11:40:30.062675] [ERROR] Service unavailable
[2025-11-07T11:40:30.062662] [INFO] Connection established
[2025-11-07T11:40:30.062661] [INFO] Transaction completed
[2025-11-07T11:40:30.062663] [INFO] User logged in
[2025-11-07T11:40:30.062684] [DEBUG] Cache key generated
