[2025-11-07T11:40:29.534745] [DEBUG] Entering function process_data()
[2025-11-07T11:40:29.534754] [DEBUG] Cache key generated
[2025-11-07T11:40:29.534726] [INFO] Connection established
[2025-11-07T11:40:29.534739] [WARN] Connection retry attempt
[2025-11-07T11:40:29.534727] [INFO] Request processed successfully
[2025-11-07T11:40:29.534724] [INFO] Request processed successfully
[2025-11-07T11:40:29.534725] [INFO] Connection established
[2025-11-07T11:40:29.534732] [INFO] Session started
[2025-11-07T11:40:29.534729] [INFO] User logged in
[2025-11-07T11:40:29.534728] [INFO] Cache hit
[2025-11-07T11:40:29.534751] [DEBUG] Timer set: 30 seconds
[2025-11-07T11:40:29.534747] [DEBUG] Buffer size: 4096 bytes
[2025-11-07T11:40:29.534748] [DEBUG] Loop iteration: 15
[2025-11-07T11:40:29.534740] [WARN] Resource threshold approaching
[2025-11-07T11:40:29.534743] [ERROR] Permission denied
[2025-11-07T11:40:29.534746] [DEBUG] Thread pool size: 8
[2025-11-07T11:40:29.534731] [INFO] Connection established
[2025-11-07T11:40:29.534733] [INFO] Connection established
[2025-11-07T11:40:29.534741] [WARN] Rate limit approaching
[2025-11-07T11:40:29.534736] [INFO] User logged in
[2025-11-07T11:40:29.534744] [DEBUG] Memory allocation: 2048 bytes
[2025-11-07T11:40:29.534750] [DEBUG] Memory allocation: 2048 bytes
[2025-11-07T11:40:29.534734] [INFO] Connection established
[2025-11-07T11:40:29.534737] [WARN] Timeout warning
[2025-11-07T11:40:29.534735] [INFO] Cache hit
[2025-11-07T11:40:29.534752] [DEBUG] Memory allocation: 2048 bytes
[2025-11-07T11:40:29.534723] [INFO] Service initialized
[2025-11-07T11:40:29.534753] [DEBUG] HTTP request headers parsed
[2025-11-07T11:40:29.534738] [WARN] Disk space low
[2025-11-07T11:40:29.534742] [ERROR] Authentication failed
[2025-11-07T11:40:29.534730] [INFO] Database query executed
[2025-11-07T11:40:29.534722] [INFO] Database query executed
