[2025-11-07T11:40:30.279819] [INFO] Configuration loaded
[2025-11-07T11:40:30.279835] [DEBUG] Thread pool size: 8
[2025-11-07T11:40:30.279827] [ERROR] File not found
[2025-11-07T11:40:30.279834] [DEBUG] Entering function process_data()
[2025-11-07T11:40:30.279826] [WARN] Rate limit approaching
[2025-11-07T11:40:30.279817] [INFO] Configuration loaded
[2025-11-07T11:40:30.279828] [ERROR] Disk read failed
[2025-11-07T11:40:30.279837] [DEBUG] Connection pool status checked
[2025-11-07T11:40:30.279824] [WARN] Disk space low
[2025-11-07T11:40:30.279831] [DEBUG] Timer set: 30 seconds
[2025-11-07T11:40:30.279814] [INFO] Cache hit
[2025-11-07T11:40:30.279832] [DEBUG] HTTP request headers parsed
[2025-11-07T11:40:30.279833] [DEBUG] Connection pool status checked
[2025-11-07T11:40:30.279816] [INFO] Health check passed
[2025-11-07T11:40:30.279825] [WARN] Disk space low
[2025-11-07T11:40:30.279829] [DEBUG] Memory allocation: 2048 bytes
[2025-11-07T11:40:30.279838] [DEBUG] Variable value: x=42
[2025-11-07T11:40:30.279822] [INFO] Cache hit
[2025-11-07T11:40:30.279818] [INFO] Session started
[2025-11-07T11:40:30.279836] [DEBUG] Timer set: 30 seconds
[2025-11-07T11:40:30.279820] [INFO] Configuration loaded
[2025-11-07T11:40:30.279821] [INFO] Configuration loaded
[2025-11-07T11:40:30.279823] [INFO] User logged in
