[2025-11-07T11:40:30.066258] [DEBUG] Variable value: x=42
[2025-11-07T11:40:30.066253] [WARN] Rate limit approaching
[2025-11-07T11:40:30.066240] [INFO] Configuration loaded
[2025-11-07T11:40:30.066238] [INFO] Cache hit
[2025-11-07T11:40:30.066250] [WARN] High memory usage detected
[2025-11-07T11:40:30.066246] [INFO] Health check passed
[2025-11-07T11:40:30.066245] [INFO] Cache hit
[2025-11-07T11:40:30.066263] [DEBUG] Buffer size: 4096 bytes
[2025-11-07T11:40:30.066254] [ERROR] Database connection lost
[2025-11-07T11:40:30.066262] [DEBUG] Buffer size: 4096 bytes
[2025-11-07T11:40:30.066236] [INFO] Service initialized
[2025-11-07T11:40:30.066251] [WARN] Cache miss
[2025-11-07T11:40:30.066249] [WARN] Cache miss
[2025-11-07T11:40:30.066239] [INFO] Configuration loaded
[2025-11-07T11:40:30.066244] [INFO] Health check passed
[2025-11-07T11:40:30.066256] [DEBUG] Entering function process_data()
[2025-11-07T11:40:30.066262] [DEBUG] Connection pool status checked
[2025-11-07T11:40:30.066257] [DEBUG] HTTP request headers parsed
[2025-11-07T11:40:30.066243] [INFO] Transaction completed
[2025-11-07T11:40:30.066241] [INFO] Service initialized
[2025-11-07T11:40:30.066260] [DEBUG] HTTP request headers parsed
[2025-11-07T11:40:30.066255] [ERROR] File not found
[2025-11-07T11:40:30.066247] [INFO] Connection established
[2025-11-07T11:40:30.066261] [DEBUG] Timer set: 30 seconds
[2025-11-07T11:40:30.066243] [INFO] Health check passed
[2025-11-07T11:40:30.066252] [WARN] Connection retry attempt
[2025-11-07T11:40:30.066248] [WARN] Resource threshold approaching
[2025-11-07T11:40:30.066241] [INFO] Session started
[2025-11-07T11:40:30.066264] [DEBUG] Connection pool status checked
