[2025-11-07T11:40:29.397720] [INFO] Session started
[2025-11-07T11:40:29.397725] [INFO] Database query executed
[2025-11-07T11:40:29.397735] [WARN] Cache miss
[2025-11-07T11:40:29.397721] [INFO] Health check passed
[2025-11-07T11:40:29.397724] [INFO] User logged in
[2025-11-07T11:40:29.397741] [DEBUG] Variable value: x=42
[2025-11-07T11:40:29.397744] [DEBUG] Thread pool size: 8
[2025-11-07T11:40:29.397728] [INFO] Cache hit
[2025-11-07T11:40:29.397740] [DEBUG] HTTP request headers parsed
[2025-11-07T11:40:29.397742] [DEBUG] Thread pool size: 8
[2025-11-07T11:40:29.397734] [WARN] Resource threshold approaching
[2025-11-07T11:40:29.397727] [INFO] Session started
[2025-11-07T11:40:29.397718] [INFO] Connection established
[2025-11-07T11:40:29.397736] [WARN] Connection retry attempt
[2025-11-07T11:40:29.397739] [DEBUG] Memory allocation: 2048 bytes
[2025-11-07T11:40:29.397726] [INFO] Request processed successfully
[2025-11-07T11:40:29.397723] [INFO] User logged in
[2025-11-07T11:40:29.397731] [INFO] Session started
[2025-11-07T11:40:29.397732] [INFO] Cache hit
[2025-11-07T11:40:29.397737] [WARN] Rate limit approaching
[2025-11-07T11:40:29.397733] [WARN] Connection retry attempt
[2025-11-07T11:40:29.397723] [INFO] User logged in
[2025-11-07T11:40:29.397717] [INFO] Database query executed
[2025-11-07T11:40:29.397719] [INFO] Service initialized
[2025-11-07T11:40:29.397738] [ERROR] Request failed
[2025-11-07T11:40:29.397730] [INFO] User logged in
