[2025-11-07T11:40:30.174682] [DEBUG] Buffer size: 4096 bytes
[2025-11-07T11:40:30.174676] [ERROR] Authentication failed
[2025-11-07T11:40:30.174683] [DEBUG] Variable value: x=42
[2025-11-07T11:40:30.174671] [INFO] Transaction completed
[2025-11-07T11:40:30.174660] [INFO] Connection established
[2025-11-07T11:40:30.174658] [INFO] Database query executed
[2025-11-07T11:40:30.174649] [INFO] Service initialized
[2025-11-07T11:40:30.174685] [DEBUG] Timer set: 30 seconds
[2025-11-07T11:40:30.174647] [INFO] Configuration loaded
[2025-11-07T11:40:30.174669] [INFO] Session started
[2025-11-07T11:40:30.174659] [INFO] Transaction completed
[2025-11-07T11:40:30.174666] [INFO] Connection established
[2025-11-07T11:40:30.174663] [INFO] Configuration loaded
[2025-11-07T11:40:30.174664] [INFO] Health check passed
[2025-11-07T11:40:30.174680] [DEBUG] Memory allocation: 2048 bytes
[2025-11-07T11:40:30.174667] [INFO] Transaction completed
[2025-11-07T11:40:30.174674] [WARN] Disk space low
[2025-11-07T11:40:30.174673] [WARN] Deprecated API usage
[2025-11-07T11:40:30.174681] [DEBUG] Timer set: 30 seconds
[2025-11-07T11:40:30.174672] [WARN] Deprecated API usage
[2025-11-07T11:40:30.174662] [INFO] Database query executed
[2025-11-07T11:40:30.174675] [WARN] High memory usage detected
[2025-11-07T11:40:30.174665] [INFO] Transaction completed
[2025-11-07T11:40:30.174677] [ERROR] Network timeout
[2025-11-07T11:40:30.174679] [DEBUG] Thread pool size: 8
[2025-11-07T11:40:30.174661] [INFO] Transaction completed
[2025-11-07T11:40:30.174668] [INFO] Session started
[2025-11-07T11:40:30.174656] [INFO] Cache hit
[2025-11-07T11:40:30.174684] [DEBUG] Loop iteration: 15
[2025-11-07T11:40:30.174670] [INFO] Service initialized
[2025-11-07T11:40:30.174657] [INFO] Health check passed
[2025-11-07T11:40:30.174686] [DEBUG] Timer set: 30 seconds
