[2025-11-07T11:40:29.911169] [INFO] Request processed successfully
[2025-11-07T11:40:29.911181] [WARN] Timeout warning
[2025-11-07T11:40:29.911161] [INFO] Transaction completed
[2025-11-07T11:40:29.911189] [DEBUG] HTTP request headers parsed
[2025-11-07T11:40:29.911192] [DEBUG] Loop iteration: 15
[2025-11-07T11:40:29.911190] [DEBUG] Entering function process_data()
[2025-11-07T11:40:29.911183] [WARN] Rate limit approaching
[2025-11-07T11:40:29.911185] [ERROR] Invalid input data
[2025-11-07T11:40:29.911188] [DEBUG] HTTP request headers parsed
[2025-11-07T11:40:29.911163] [INFO] Connection established
[2025-11-07T11:40:29.911193] [DEBUG] Connection pool status checked
[2025-11-07T11:40:29.911180] [WARN] Connection retry attempt
[2025-11-07T11:40:29.911184] [ERROR] Authentication failed
[2025-11-07T11:40:29.911174] [INFO] Service initialized
[2025-11-07T11:40:29.911171] [INFO] Cache hit
[2025-11-07T11:40:29.911176] [INFO] Configuration loaded
[2025-11-07T11:40:29.911164] [INFO] Cache hit
[2025-11-07T11:40:29.911172] [INFO] Session started
[2025-11-07T11:40:29.911182] [WARN] Resource threshold approaching
[2025-11-07T11:40:29.911168] [INFO] Session started
[2025-11-07T11:40:29.911187] [ERROR] File not found
[2025-11-07T11:40:29.911179] [WARN] High memory usage detected
[2025-11-07T11:40:29.911177] [INFO] Transaction completed
[2025-11-07T11:40:29.911175] [INFO] Transaction completed
[2025-11-07T11:40:29.911178] [INFO] Configuration loaded
[2025-11-07T11:40:29.911170] [INFO] Connection established
[2025-11-07T11:40:29.911194] [DEBUG] Connection pool status checked
[2025-11-07T11:40:29.911166] [INFO] Connection established
[2025-11-07T11:40:29.911173] [INFO] Connection established
[2025-11-07T11:40:29.911191] [DEBUG] Connection pool status checked
[2025-11-07T11:40:29.911195] [DEBUG] Buffer size: 4096 bytes
[2025-11-07T11:40:29.911165] [INFO] Session started
[2025-11-07T11:40:29.911167] [INFO] Connection established
