[2025-11-07T11:40:29.965430] [INFO] Database query executed
[2025-11-07T11:40:29.965432] [INFO] Cache hit
[2025-11-07T11:40:29.965450] [DEBUG] Memory allocation: 2048 bytes
[2025-11-07T11:40:29.965433] [INFO] Service initialized
[2025-11-07T11:40:29.965428] [INFO] Session started
[2025-11-07T11:40:29.965420] [INFO] Health check passed
[2025-11-07T11:40:29.965437] [WARN] Deprecated API usage
[2025-11-07T11:40:29.965427] [INFO] Service initialized
[2025-11-07T11:40:29.965440] [ERROR] Authentication failed
[2025-11-07T11:40:29.965446] [DEBUG] Thread pool size: 8
[2025-11-07T11:40:29.965425] [INFO] User logged in
[2025-11-07T11:40:29.965441] [DEBUG] Entering function process_data()
[2025-11-07T11:40:29.965449] [DEBUG] Loop iteration: 15
[2025-11-07T11:40:29.965451] [DEBUG] HTTP request headers parsed
[2025-11-07T11:40:29.965439] [ERROR] Database connection lost
[2025-11-07T11:40:29.965423] [INFO] Health check passed
[2025-11-07T11:40:29.965438] [WARN] Disk space low
[2025-11-07T11:40:29.965421] [INFO] User logged in
[2025-11-07T11:40:29.965447] [DEBUG] Cache key generated
[2025-11-07T11:40:29.965424] [INFO] Cache hit
[2025-11-07T11:40:29.965442] [DEBUG] Buffer size: 4096 bytes
[2025-11-07T11:40:29.965448] [DEBUG] Variable value: x=42
[2025-11-07T11:40:29.965434] [INFO] Database query executed
[2025-11-07T11:40:29.965443] [DEBUG] Connection pool status checked
[2025-11-07T11:40:29.965431] [INFO] Configuration loaded
[2025-11-07T11:40:29.965436] [WARN] Cache miss
[2025-11-07T11:40:29.965444] [DEBUG] Loop iteration: 15
[2025-11-07T11:40:29.965426] [INFO] Transaction completed
[2025-11-07T11:40:29.965435] [WARN] Resource threshold approaching
[2025-11-07T11:40:29.965422] [INFO] Configuration loaded
[2025-11-07T11:40:29.965445] [DEBUG] Timer set: 30 seconds
[2025-11-07T11:40:29.965429] [INFO] Configuration loaded
