[2025-11-07T11:40:29.776349] [DEBUG] Cache key generated
[2025-11-07T11:40:29.776346] [DEBUG] Connection pool status checked
[2025-11-07T11:40:29.776327] [INFO] Session started
[2025-11-07T11:40:29.776343] [ERROR] Network timeout
[2025-11-07T11:40:29.776331] [INFO] User logged in
[2025-11-07T11:40:29.776342] [ERROR] Disk read failed
[2025-11-07T11:40:29.776326] [INFO] Request processed successfully
[2025-11-07T11:40:29.776322] [INFO] Transaction completed
[2025-11-07T11:40:29.776338] [WARN] Rate limit approaching
[2025-11-07T11:40:29.776328] [INFO] User logged in
[2025-11-07T11:40:29.776337] [WARN] Rate limit approaching
[2025-11-07T11:40:29.776350] [DEBUG] Buffer size: 4096 bytes
[2025-11-07T11:40:29.776335] [INFO] Cache hit
[2025-11-07T11:40:29.776330] [INFO] Health check passed
[2025-11-07T11:40:29.776351] [DEBUG] Buffer size: 4096 bytes
[2025-11-07T11:40:29.776345] [DEBUG] Buffer size: 4096 bytes
[2025-11-07T11:40:29.776347] [DEBUG] Variable value: x=42
[2025-11-07T11:40:29.776323] [INFO] Health check passed
[2025-11-07T11:40:29.776333] [INFO] Request processed successfully
[2025-11-07T11:40:29.776341] [WARN] High memory usage detected
[2025-11-07T11:40:29.776336] [INFO] Transaction completed
[2025-11-07T11:40:29.776324] [INFO] Connection established
[2025-11-07T11:40:29.776344] [DEBUG] Timer set: 30 seconds
[2025-11-07T11:40:29.776339] [WARN] Timeout warning
[2025-11-07T11:40:29.776325] [INFO] Transaction completed
[2025-11-07T11:40:29.776334] [INFO] User logged in
[2025-11-07T11:40:29.776348] [DEBUG] HTTP request headers parsed
[2025-11-07T11:40:29.776332] [INFO] Session started
[2025-11-07T11:40:29.776352] [DEBUG] Cache key generated
[2025-11-07T11:40:29.776321] [INFO] Connection established
