[2025-11-07T11:40:30.182861] [DEBUG] Variable value: x=42
[2025-11-07T11:40:30.182838] [INFO] Configuration loaded
[2025-11-07T11:40:30.182860] [DEBUG] HTTP request headers parsed
[2025-11-07T11:40:30.182851] [ERROR] File not found
[2025-11-07T11:40:30.182855] [DEBUG] Connection pool status checked
[2025-11-07T11:40:30.182840] [INFO] Request processed successfully
[2025-11-07T11:40:30.182862] [DEBUG] Cache key generated
[2025-11-07T11:40:30.182834] [INFO] Request processed successfully
[2025-11-07T11:40:30.182832] [INFO] Cache hit
[2025-11-07T11:40:30.182826] [INFO] Request processed successfully
[2025-11-07T11:40:30.182854] [DEBUG] Variable value: x=42
[2025-11-07T11:40:30.182846] [WARN] Connection retry attempt
[2025-11-07T11:40:30.182829] [INFO] Session started
[2025-11-07T11:40:30.182836] [INFO] User logged in
[2025-11-07T11:40:30.182852] [DEBUG] HTTP request headers parsed
[2025-11-07T11:40:30.182847] [WARN] Resource threshold approaching
[2025-11-07T11:40:30.182837] [INFO] Transaction completed
[2025-11-07T11:40:30.182844] [INFO] Database query executed
[2025-11-07T11:40:30.182842] [INFO] Connection established
[2025-11-07T11:40:30.182858] [DEBUG] Buffer size: 4096 bytes
[2025-11-07T11:40:30.182835] [INFO] Health check passed
[2025-11-07T11:40:30.182830] [INFO] Service initialized
[2025-11-07T11:40:30.182841] [INFO] Database query executed
[2025-11-07T11:40:30.182833] [INFO] Session started
[2025-11-07T11:40:30.182828] [INFO] Service initialized
[2025-11-07T11:40:30.182843] [INFO] Health check passed
[2025-11-07T11:40:30.182857] [DEBUG] Cache key generated
[2025-11-07T11:40:30.182850] [ERROR] Service unavailable
[2025-11-07T11:40:30.182831] [INFO] Health check passed
[2025-11-07T11:40:30.182845] [WARN] Queue size growing
[2025-11-07T11:40:30.182839] [INFO] Database query executed
[2025-11-07T11:40:30.182836] [INFO] Configuration loaded
[2025-11-07T11:40:30.182848] [WARN] Rate limit approaching
[2025-11-07T11:40:30.182856] [DEBUG] Thread pool size: 8
[2025-11-07T11:40:30.182859] [DEBUG] Loop iteration: 15
[2025-11-07T11:40:30.182849] [WARN] Slow query performance
[2025-11-07T11:40:30.182853] [DEBUG] Timer set: 30 seconds
