[2025-11-07T11:40:30.250399] [INFO] Session started
[2025-11-07T11:40:30.250400] [INFO] Transaction completed
[2025-11-07T11:40:30.250408] [ERROR] Permission denied
[2025-11-07T11:40:30.250353] [INFO] Connection established
[2025-11-07T11:40:30.250362] [INFO] Cache hit
[2025-11-07T11:40:30.250403] [WARN] Disk space low
[2025-11-07T11:40:30.250415] [DEBUG] Connection pool status checked
[2025-11-07T11:40:30.250404] [WARN] Slow query performance
[2025-11-07T11:40:30.250396] [INFO] User logged in
[2025-11-07T11:40:30.250402] [WARN] Slow query performance
[2025-11-07T11:40:30.250416] [DEBUG] Cache key generated
[2025-11-07T11:40:30.250361] [INFO] Database query executed
[2025-11-07T11:40:30.250407] [WARN] High memory usage detected
[2025-11-07T11:40:30.250410] [DEBUG] Cache key generated
[2025-11-07T11:40:30.250394] [INFO] Connection established
[2025-11-07T11:40:30.250417] [DEBUG] Cache key generated
[2025-11-07T11:40:30.250354] [INFO] Database query executed
[2025-11-07T11:40:30.250397] [INFO] Database query executed
[2025-11-07T11:40:30.250405] [WARN] Deprecated API usage
[2025-11-07T11:40:30.250413] [DEBUG] Connection pool status checked
[2025-11-07T11:40:30.250412] [DEBUG] Timer set: 30 seconds
[2025-11-07T11:40:30.250358] [INFO] Cache hit
[2025-11-07T11:40:30.250357] [INFO] Session started
[2025-11-07T11:40:30.250401] [INFO] Transaction completed
[2025-11-07T11:40:30.250356] [INFO] Transaction completed
[2025-11-07T11:40:30.250359] [INFO] Cache hit
[2025-11-07T11:40:30.250414] [DEBUG] Variable value: x=42
[2025-11-07T11:40:30.250409] [DEBUG] Variable value: x=42
[2025-11-07T11:40:30.250360] [INFO] Cache hit
[2025-11-07T11:40:30.250398] [INFO] Cache hit
[2025-11-07T11:40:30.250411] [DEBUG] Cache key generated
