[2025-11-07T11:40:29.829154] [DEBUG] Memory allocation: 2048 bytes
[2025-11-07T11:40:29.829147] [WARN] Rate limit approaching
[2025-11-07T11:40:29.829145] [WARN] Timeout warning
[2025-11-07T11:40:29.829131] [INFO] Connection established
[2025-11-07T11:40:29.829137] [INFO] Request processed successfully
[2025-11-07T11:40:29.829155] [DEBUG] Memory allocation: 2048 bytes
[2025-11-07T11:40:29.829148] [WARN] Queue size growing
[2025-11-07T11:40:29.829143] [INFO] Database query executed
[2025-11-07T11:40:29.829141] [INFO] Health check passed
[2025-11-07T11:40:29.829156] [DEBUG] Buffer size: 4096 bytes
[2025-11-07T11:40:29.829136] [INFO] Service initialized
[2025-11-07T11:40:29.829130] [INFO] Request processed successfully
[2025-11-07T11:40:29.829152] [DEBUG] Timer set: 30 seconds
[2025-11-07T11:40:29.829144] [WARN] Timeout warning
[2025-11-07T11:40:29.829157] [DEBUG] Timer set: 30 seconds
[2025-11-07T11:40:29.829134] [INFO] Cache hit
[2025-11-07T11:40:29.829135] [INFO] Database query executed
[2025-11-07T11:40:29.829149] [ERROR] Network timeout
[2025-11-07T11:40:29.829159] [DEBUG] Buffer size: 4096 bytes
[2025-11-07T11:40:29.829142] [INFO] Cache hit
[2025-11-07T11:40:29.829127] [INFO] Health check passed
[2025-11-07T11:40:29.829156] [DEBUG] Cache key generated
[2025-11-07T11:40:29.829132] [INFO] Transaction completed
[2025-11-07T11:40:29.829138] [INFO] Health check passed
[2025-11-07T11:40:29.829158] [DEBUG] Timer set: 30 seconds
[2025-11-07T11:40:29.829129] [INFO] Database query executed
[2025-11-07T11:40:29.829150] [ERROR] Request failed
[2025-11-07T11:40:29.829146] [WARN] Timeout warning
[2025-11-07T11:40:29.829133] [INFO] Cache hit
[2025-11-07T11:40:29.829140] [INFO] Database query executed
[2025-11-07T11:40:29.829152] [DEBUG] Timer set: 30 seconds
[2025-11-07T11:40:29.829139] [INFO] Request processed successfully
