[2025-11-07T11:40:29.541708] [DEBUG] Loop iteration: 15
[2025-11-07T11:40:29.541711] [DEBUG] Timer set: 30 seconds
[2025-11-07T11:40:29.541702] [WARN] High memory usage detected
[2025-11-07T11:40:29.541691] [INFO] Request processed successfully
[2025-11-07T11:40:29.541712] [DEBUG] Loop iteration: 15
[2025-11-07T11:40:29.541698] [INFO] Database query executed
[2025-11-07T11:40:29.541696] [INFO] Database query executed
[2025-11-07T11:40:29.541699] [INFO] Database query executed
[2025-11-07T11:40:29.541709] [DEBUG] Connection pool status checked
[2025-11-07T11:40:29.541705] [ERROR] Database connection lost
[2025-11-07T11:40:29.541695] [INFO] Cache hit
[2025-11-07T11:40:29.541701] [WARN] Deprecated API usage
[2025-11-07T11:40:29.541700] [WARN] Deprecated API usage
[2025-11-07T11:40:29.541697] [INFO] Health check passed
[2025-11-07T11:40:29.541694] [INFO] Configuration loaded
[2025-11-07T11:40:29.541690] [INFO] Database query executed
[2025-11-07T11:40:29.541714] [DEBUG] Variable value: x=42
[2025-11-07T11:40:29.541692] [INFO] Configuration loaded
[2025-11-07T11:40:29.541686] [INFO] Request processed successfully
[2025-11-07T11:40:29.541704] [WARN] Queue size growing
[2025-11-07T11:40:29.541716] [DEBUG] HTTP request headers parsed
[2025-11-07T11:40:29.541688] [INFO] Service initialized
[2025-11-07T11:40:29.541703] [WARN] Slow query performance
[2025-11-07T11:40:29.541687] [INFO] User logged in
[2025-11-07T11:40:29.541706] [ERROR] Database connection lost
[2025-11-07T11:40:29.541715] [DEBUG] Loop iteration: 15
[2025-11-07T11:40:29.541684] [INFO] Database query executed
[2025-11-07T11:40:29.541689] [INFO] Configuration loaded
[2025-11-07T11:40:29.541693] [INFO] Database query executed
[2025-11-07T11:40:29.541713] [DEBUG] Connection pool status checked
[2025-11-07T11:40:29.541709] [DEBUG] Cache key generated
