[2025-11-07T11:40:29.658103] [WARN] Timeout warning
[2025-11-07T11:40:29.658113] [DEBUG] Timer set: 30 seconds
[2025-11-07T11:40:29.658096] [INFO] Request processed successfully
[2025-11-07T11:40:29.658110] [ERROR] Authentication failed
[2025-11-07T11:40:29.658094] [INFO] Health check passed
[2025-11-07T11:40:29.658088] [INFO] Configuration loaded
[2025-11-07T11:40:29.658089] [INFO] Cache hit
[2025-11-07T11:40:29.658098] [INFO] Session started
[2025-11-07T11:40:29.658114] [DEBUG] Entering function process_data()
[2025-11-07T11:40:29.658086] [INFO] Cache hit
[2025-11-07T11:40:29.658109] [ERROR] Memory allocation error
[2025-11-07T11:40:29.658112] [DEBUG] Buffer size: 4096 bytes
[2025-11-07T11:40:29.658099] [WARN] Slow query performance
[2025-11-07T11:40:29.658081] [INFO] Session started
[2025-11-07T11:40:29.658108] [ERROR] Permission denied
[2025-11-07T11:40:29.658102] [WARN] Deprecated API usage
[2025-11-07T11:40:29.658117] [DEBUG] Buffer size: 4096 bytes
[2025-11-07T11:40:29.658119] [DEBUG] Buffer size: 4096 bytes
[2025-11-07T11:40:29.658092] [INFO] Cache hit
[2025-11-07T11:40:29.658101] [WARN] Slow query performance
[2025-11-07T11:40:29.658116] [DEBUG] Connection pool status checked
[2025-11-07T11:40:29.658087] [INFO] Health check passed
[2025-11-07T11:40:29.658115] [DEBUG] Timer set: 30 seconds
[2025-11-07T11:40:29.658105] [WARN] Resource threshold approaching
[2025-11-07T11:40:29.658084] [INFO] Health check passed
[2025-11-07T11:40:29.658104] [WARN] Rate limit approaching
[2025-11-07T11:40:29.658093] [INFO] User logged in
[2025-11-07T11:40:29.658083] [INFO] Health check passed
[2025-11-07T11:40:29.658111] [DEBUG] Timer set: 30 seconds
[2025-11-07T11:40:29.658107] [WARN] Slow query performance
[2025-11-07T11:40:29.658090] [INFO] Connection established
[2025-11-07T11:40:29.658095] [INFO] Request processed successfully
[2025-11-07T11:40:29.658085] [INFO] Configuration loaded
[2025-11-07T11:40:29.658091] [INFO] Configuration loaded
[2025-11-07T11:40:29.658097] [INFO] Cache hit
[2025-11-07T11:40:29.658100] [WARN] Deprecated API usage
[2025-11-07T11:40:29.658118] [DEBUG] Buffer size: 4096 bytes
[2025-11-07T11:40:29.658106] [WARN] High memory usage detected
