[2025-11-07T11:40:30.350277] [DEBUG] Thread pool size: 8
[2025-11-07T11:40:30.350271] [ERROR] Database connection lost
[2025-11-07T11:40:30.350270] [ERROR] File not found
[2025-11-07T11:40:30.350252] [INFO] User logged in
[2025-11-07T11:40:30.350259] [INFO] Transaction completed
[2025-11-07T11:40:30.350249] [INFO] Connection established
[2025-11-07T11:40:30.350251] [INFO] User logged in
[2025-11-07T11:40:30.350278] [DEBUG] Timer set: 30 seconds
[2025-11-07T11:40:30.350247] [INFO] Request processed successfully
[2025-11-07T11:40:30.350256] [INFO] Health check passed
[2025-11-07T11:40:30.350272] [DEBUG] Buffer size: 4096 bytes
[2025-11-07T11:40:30.350255] [INFO] Transaction completed
[2025-11-07T11:40:30.350257] [INFO] Service initialized
[2025-11-07T11:40:30.350276] [DEBUG] Variable value: x=42
[2025-11-07T11:40:30.350266] [WARN] High memory usage detected
[2025-11-07T11:40:30.350273] [DEBUG] Buffer size: 4096 bytes
[2025-11-07T11:40:30.350275] [DEBUG] Cache key generated
[2025-11-07T11:40:30.350264] [WARN] Slow query performance
[2025-11-07T11:40:30.350267] [WARN] Slow query performance
[2025-11-07T11:40:30.350248] [INFO] Transaction completed
[2025-11-07T11:40:30.350280] [DEBUG] Buffer size: 4096 bytes
[2025-11-07T11:40:30.350258] [INFO] Health check passed
[2025-11-07T11:40:30.350260] [INFO] Database query executed
[2025-11-07T11:40:30.350262] [WARN] Slow query performance
[2025-11-07T11:40:30.350253] [INFO] Connection established
[2025-11-07T11:40:30.350263] [WARN] Deprecated API usage
[2025-11-07T11:40:30.350261] [WARN] Disk space low
[2025-11-07T11:40:30.350246] [INFO] Health check passed
[2025-11-07T11:40:30.350265] [WARN] Resource threshold approaching
[2025-11-07T11:40:30.350268] [WARN] Connection retry attempt
[2025-11-07T11:40:30.350254] [INFO] Health check passed
[2025-11-07T11:40:30.350279] [DEBUG] Loop iteration: 15
[2025-11-07T11:40:30.350274] [DEBUG] Timer set: 30 seconds
[2025-11-07T11:40:30.350250] [INFO] Request processed successfully
