[2025-11-07T11:40:29.639380] [INFO] Service initialized
[2025-11-07T11:40:29.639365] [INFO] Transaction completed
[2025-11-07T11:40:29.639393] [DEBUG] Buffer size: 4096 bytes
[2025-11-07T11:40:29.639391] [DEBUG] Buffer size: 4096 bytes
[2025-11-07T11:40:29.639389] [DEBUG] Cache key generated
[2025-11-07T11:40:29.639379] [INFO] Request processed successfully
[2025-11-07T11:40:29.639384] [WARN] Slow query performance
[2025-11-07T11:40:29.639375] [INFO] Session started
[2025-11-07T11:40:29.639382] [WARN] Rate limit approaching
[2025-11-07T11:40:29.639392] [DEBUG] HTTP request headers parsed
[2025-11-07T11:40:29.639359] [INFO] Cache hit
[2025-11-07T11:40:29.639362] [INFO] Configuration loaded
[2025-11-07T11:40:29.639363] [INFO] Health check passed
[2025-11-07T11:40:29.639373] [INFO] Session started
[2025-11-07T11:40:29.639361] [INFO] Database query executed
[2025-11-07T11:40:29.639390] [DEBUG] Connection pool status checked
[2025-11-07T11:40:29.639398] [DEBUG] Connection pool status checked
[2025-11-07T11:40:29.639388] [DEBUG] Memory allocation: 2048 bytes
[2025-11-07T11:40:29.639394] [DEBUG] Timer set: 30 seconds
[2025-11-07T11:40:29.639383] [WARN] Queue size growing
[2025-11-07T11:40:29.639364] [INFO] Configuration loaded
[2025-11-07T11:40:29.639386] [WARN] Timeout warning
[2025-11-07T11:40:29.639385] [WARN] Disk space low
[2025-11-07T11:40:29.639378] [INFO] Health check passed
[2025-11-07T11:40:29.639397] [DEBUG] Cache key generated
[2025-11-07T11:40:29.639376] [INFO] Health check passed
[2025-11-07T11:40:29.639387] [ERROR] Network timeout
[2025-11-07T11:40:29.639377] [INFO] Database query executed
[2025-11-07T11:40:29.639366] [INFO] Database query executed
[2025-11-07T11:40:29.639396] [DEBUG] Buffer size: 4096 bytes
[2025-11-07T11:40:29.639381] [INFO] Connection established
[2025-11-07T11:40:29.639395] [DEBUG] HTTP request headers parsed
