[2025-11-07T11:40:29.462963] [INFO] Session started
[2025-11-07T11:40:29.462979] [ERROR] Authentication failed
[2025-11-07T11:40:29.462976] [WARN] Connection retry attempt
[2025-11-07T11:40:29.462961] [INFO] Service initialized
[2025-11-07T11:40:29.462990] [DEBUG] HTTP request headers parsed
[2025-11-07T11:40:29.462981] [DEBUG] HTTP request headers parsed
[2025-11-07T11:40:29.462969] [INFO] Database query executed
[2025-11-07T11:40:29.462980] [ERROR] Permission denied
[2025-11-07T11:40:29.462988] [DEBUG] HTTP request headers parsed
[2025-11-07T11:40:29.462972] [INFO] Session started
[2025-11-07T11:40:29.462959] [INFO] User logged in
[2025-11-07T11:40:29.462965] [INFO] Request processed successfully
[2025-11-07T11:40:29.462977] [WARN] Slow query performance
[2025-11-07T11:40:29.462962] [INFO] Health check passed
[2025-11-07T11:40:29.462987] [DEBUG] Entering function process_data()
[2025-11-07T11:40:29.462989] [DEBUG] Memory allocation: 2048 bytes
[2025-11-07T11:40:29.462984] [DEBUG] Buffer size: 4096 bytes
[2025-11-07T11:40:29.462967] [INFO] Cache hit
[2025-11-07T11:40:29.462966] [INFO] Cache hit
[2025-11-07T11:40:29.462958] [INFO] Session started
[2025-11-07T11:40:29.462974] [WARN] Slow query performance
[2025-11-07T11:40:29.462973] [INFO] Cache hit
[2025-11-07T11:40:29.462986] [DEBUG] Buffer size: 4096 bytes
[2025-11-07T11:40:29.462960] [INFO] Database query executed
[2025-11-07T11:40:29.462975] [WARN] Slow query performance
[2025-11-07T11:40:29.462971] [INFO] Health check passed
[2025-11-07T11:40:29.462985] [DEBUG] Entering function process_data()
[2025-11-07T11:40:29.462983] [DEBUG] Loop iteration: 15
[2025-11-07T11:40:29.462970] [INFO] Cache hit
[2025-11-07T11:40:29.462987] [DEBUG] Timer set: 30 seconds
[2025-11-07T11:40:29.462978] [ERROR] Authentication failed
[2025-11-07T11:40:29.462968] [INFO] User logged in
[2025-11-07T11:40:29.462964] [INFO] Session started
[2025-11-07T11:40:29.462982] [DEBUG] Buffer size: 4096 bytes
[2025-11-07T11:40:29.462991] [DEBUG] Thread pool size: 8
