[2025-11-07T11:40:29.633049] [DEBUG] Thread pool size: 8
[2025-11-07T11:40:29.633037] [INFO] User logged in
[2025-11-07T11:40:29.633051] [DEBUG] Cache key generated
[2025-11-07T11:40:29.633049] [DEBUG] Buffer size: 4096 bytes
[2025-11-07T11:40:29.633038] [INFO] Configuration loaded
[2025-11-07T11:40:29.633028] [INFO] Service initialized
[2025-11-07T11:40:29.633030] [INFO] Transaction completed
[2025-11-07T11:40:29.633024] [INFO] User logged in
[2025-11-07T11:40:29.633032] [INFO] Cache hit
[2025-11-07T11:40:29.633025] [INFO] Transaction completed
[2025-11-07T11:40:29.633044] [DEBUG] Memory allocation: 2048 bytes
[2025-11-07T11:40:29.633045] [DEBUG] Entering function process_data()
[2025-11-07T11:40:29.633043] [DEBUG] Variable value: x=42
[2025-11-07T11:40:29.633034] [INFO] Request processed successfully
[2025-11-07T11:40:29.633048] [DEBUG] Variable value: x=42
[2025-11-07T11:40:29.633033] [INFO] Cache hit
[2025-11-07T11:40:29.633040] [WARN] Disk space low
[2025-11-07T11:40:29.633031] [INFO] Configuration loaded
[2025-11-07T11:40:29.633027] [INFO] Request processed successfully
[2025-11-07T11:40:29.633036] [INFO] Transaction completed
[2025-11-07T11:40:29.633046] [DEBUG] Memory allocation: 2048 bytes
[2025-11-07T11:40:29.633039] [INFO] Database query executed
[2025-11-07T11:40:29.633029] [INFO] Session started
[2025-11-07T11:40:29.633042] [ERROR] Memory allocation error
[2025-11-07T11:40:29.633035] [INFO] Database query executed
[2025-11-07T11:40:29.633041] [ERROR] Authentication failed
[2025-11-07T11:40:29.633050] [DEBUG] Memory allocation: 2048 bytes
[2025-11-07T11:40:29.633026] [INFO] Health check passed
