[2025-11-07T11:40:29.771390] [DEBUG] Buffer size: 4096 bytes
[2025-11-07T11:40:29.771391] [DEBUG] Buffer size: 4096 bytes
[2025-11-07T11:40:29.771377] [INFO] Cache hit
[2025-11-07T11:40:29.771386] [DEBUG] Connection pool status checked
[2025-11-07T11:40:29.771368] [INFO] Health check passed
[2025-11-07T11:40:29.771372] [INFO] Health check passed
[2025-11-07T11:40:29.771369] [INFO] Connection established
[2025-11-07T11:40:29.771367] [INFO] Health check passed
[2025-11-07T11:40:29.771375] [INFO] Cache hit
[2025-11-07T11:40:29.771370] [INFO] Database query executed
[2025-11-07T11:40:29.771376] [INFO] Database query executed
[2025-11-07T11:40:29.771381] [INFO] Session started
[2025-11-07T11:40:29.771384] [ERROR] Disk read failed
[2025-11-07T11:40:29.771393] [DEBUG] Timer set: 30 seconds
[2025-11-07T11:40:29.771388] [DEBUG] Entering function process_data()
[2025-11-07T11:40:29.771365] [INFO] Connection established
[2025-11-07T11:40:29.771383] [WARN] Slow query performance
[2025-11-07T11:40:29.771382] [INFO] Service initialized
[2025-11-07T11:40:29.771385] [ERROR] Memory allocation error
[2025-11-07T11:40:29.771371] [INFO] Database query executed
[2025-11-07T11:40:29.771387] [DEBUG] Variable value: x=42
[2025-11-07T11:40:29.771380] [INFO] Request processed successfully
[2025-11-07T11:40:29.771374] [INFO] Health check passed
[2025-11-07T11:40:29.771378] [INFO] Connection established
[2025-11-07T11:40:29.771379] [INFO] Connection established
[2025-11-07T11:40:29.771392] [DEBUG] HTTP request headers parsed
[2025-11-07T11:40:29.771389] [DEBUG] Timer set: 30 seconds
[2025-11-07T11:40:29.771373] [INFO] Database query executed
