[2025-11-07T11:40:30.295649] [DEBUG] Connection pool status checked
[2025-11-07T11:40:30.295650] [DEBUG] Memory allocation: 2048 bytes
[2025-11-07T11:40:30.295622] [INFO] User logged in
[2025-11-07T11:40:30.295640] [ERROR] File not found
[2025-11-07T11:40:30.295618] [INFO] User logged in
[2025-11-07T11:40:30.295645] [DEBUG] Entering function process_data()
[2025-11-07T11:40:30.295638] [ERROR] Memory allocation error
[2025-11-07T11:40:30.295625] [INFO] Cache hit
[2025-11-07T11:40:30.295646] [DEBUG] Cache key generated
[2025-11-07T11:40:30.295621] [INFO] Cache hit
[2025-11-07T11:40:30.295613] [INFO] Configuration loaded
[2025-11-07T11:40:30.295628] [INFO] Transaction completed
[2025-11-07T11:40:30.295616] [INFO] Transaction completed
[2025-11-07T11:40:30.295652] [DEBUG] Variable value: x=42
[2025-11-07T11:40:30.295624] [INFO] Session started
[2025-11-07T11:40:30.295611] [INFO] User logged in
[2025-11-07T11:40:30.295620] [INFO] Health check passed
[2025-11-07T11:40:30.295644] [DEBUG] Timer set: 30 seconds
[2025-11-07T11:40:30.295637] [WARN] High memory usage detected
[2025-11-07T11:40:30.295632] [WARN] Connection retry attempt
[2025-11-07T11:40:30.295641] [DEBUG] Loop iteration: 15
[2025-11-07T11:40:30.295615] [INFO] Request processed successfully
[2025-11-07T11:40:30.295636] [WARN] Timeout warning
[2025-11-07T11:40:30.295629] [WARN] Timeout warning
[2025-11-07T11:40:30.295648] [DEBUG] Buffer size: 4096 bytes
[2025-11-07T11:40:30.295619] [INFO] Request processed successfully
[2025-11-07T11:40:30.295614] [INFO] Database query executed
[2025-11-07T11:40:30.295630] [WARN] Cache miss
[2025-11-07T11:40:30.295617] [INFO] Database query executed
[2025-11-07T11:40:30.295633] [WARN] Queue size growing
[2025-11-07T11:40:30.295626] [INFO] Request processed successfully
[2025-11-07T11:40:30.295634] [WARN] Rate limit approaching
[2025-11-07T11:40:30.295643] [DEBUG] Memory allocation: 2048 bytes
