[2025-11-07T11:40:29.574471] [WARN] High memory usage detected
[2025-11-07T11:40:29.574457] [INFO] Request processed successfully
[2025-11-07T11:40:29.574478] [DEBUG] Connection pool status checked
[2025-11-07T11:40:29.574479] [DEBUG] HTTP request headers parsed
[2025-11-07T11:40:29.574460] [INFO] Health check passed
[2025-11-07T11:40:29.574477] [DEBUG] Cache key generated
[2025-11-07T11:40:29.574472] [WARN] Deprecated API usage
[2025-11-07T11:40:29.574484] [DEBUG] Connection pool status checked
[2025-11-07T11:40:29.574481] [DEBUG] Variable value: x=42
[2025-11-07T11:40:29.574467] [INFO] Configuration loaded
[2025-11-07T11:40:29.574483] [DEBUG] Thread pool size: 8
[2025-11-07T11:40:29.574455] [INFO] User logged in
[2025-11-07T11:40:29.574469] [WARN] Slow query performance
[2025-11-07T11:40:29.574462] [INFO] Service initialized
[2025-11-07T11:40:29.574454] [INFO] Cache hit
[2025-11-07T11:40:29.574475] [ERROR] Authentication failed
[2025-11-07T11:40:29.574459] [INFO] Transaction completed
[2025-11-07T11:40:29.574480] [DEBUG] Memory allocation: 2048 bytes
[2025-11-07T11:40:29.574476] [DEBUG] Memory allocation: 2048 bytes
[2025-11-07T11:40:29.574470] [WARN] Timeout warning
[2025-11-07T11:40:29.574464] [INFO] User logged in
[2025-11-07T11:40:29.574453] [INFO] Cache hit
[2025-11-07T11:40:29.574482] [DEBUG] Memory allocation: 2048 bytes
[2025-11-07T11:40:29.574468] [WARN] Disk space low
[2025-11-07T11:40:29.574458] [INFO] User logged in
[2025-11-07T11:40:29.574466] [INFO] Service initialized
[2025-11-07T11:40:29.574463] [INFO] Request processed successfully
[2025-11-07T11:40:29.574461] [INFO] Database query executed
[2025-11-07T11:40:29.574474] [ERROR] Request failed
[2025-11-07T11:40:29.574465] [INFO] User logged in
[2025-11-07T11:40:29.574456] [INFO] Transaction completed
