[2025-11-07T11:40:30.047081] [DEBUG] Loop iteration: 15
[2025-11-07T11:40:30.047064] [INFO] Session started
[2025-11-07T11:40:30.047070] [WARN] Connection retry attempt
[2025-11-07T11:40:30.047058] [INFO] Health check passed
[2025-11-07T11:40:30.047071] [WARN] Disk space low
[2025-11-07T11:40:30.047082] [DEBUG] Loop iteration: 15
[2025-11-07T11:40:30.047059] [INFO] Cache hit
[2025-11-07T11:40:30.047080] [DEBUG] Variable value: x=42
[2025-11-07T11:40:30.047084] [DEBUG] Buffer size: 4096 bytes
[2025-11-07T11:40:30.047075] [ERROR] Service unavailable
[2025-11-07T11:40:30.047085] [DEBUG] Variable value: x=42
[2025-11-07T11:40:30.047067] [INFO] Cache hit
[2025-11-07T11:40:30.047088] [DEBUG] Cache key generated
[2025-11-07T11:40:30.047061] [INFO] Service initialized
[2025-11-07T11:40:30.047068] [INFO] Database query executed
[2025-11-07T11:40:30.047073] [ERROR] Permission denied
[2025-11-07T11:40:30.047086] [DEBUG] Memory allocation: 2048 bytes
[2025-11-07T11:40:30.047072] [ERROR] Request failed
[2025-11-07T11:40:30.047083] [DEBUG] Connection pool status checked
[2025-11-07T11:40:30.047077] [DEBUG] Memory allocation: 2048 bytes
[2025-11-07T11:40:30.047060] [INFO] Service initialized
[2025-11-07T11:40:30.047079] [DEBUG] Thread pool size: 8
[2025-11-07T11:40:30.047074] [ERROR] Memory allocation error
[2025-11-07T11:40:30.047066] [INFO] Health check passed
[2025-11-07T11:40:30.047078] [DEBUG] Memory allocation: 2048 bytes
[2025-11-07T11:40:30.047062] [INFO] Health check passed
[2025-11-07T11:40:30.047087] [DEBUG] Thread pool size: 8
[2025-11-07T11:40:30.047069] [WARN] Resource threshold approaching
[2025-11-07T11:40:30.047089] [DEBUG] Entering function process_data()
[2025-11-07T11:40:30.047076] [ERROR] Authentication failed
[2025-11-07T11:40:30.047057] [INFO] Service initialized
[2025-11-07T11:40:30.047063] [INFO] Service initialized
