[2025-11-07T11:40:29.798540] [INFO] Database query executed
[2025-11-07T11:40:29.798526] [INFO] Service initialized
[2025-11-07T11:40:29.798553] [DEBUG] Buffer size: 4096 bytes
[2025-11-07T11:40:29.798543] [WARN] Resource threshold approaching
[2025-11-07T11:40:29.798528] [INFO] User logged in
[2025-11-07T11:40:29.798534] [INFO] Service initialized
[2025-11-07T11:40:29.798533] [INFO] Transaction completed
[2025-11-07T11:40:29.798550] [DEBUG] Entering function process_data()
[2025-11-07T11:40:29.798556] [DEBUG] Connection pool status checked
[2025-11-07T11:40:29.798546] [ERROR] Invalid input data
[2025-11-07T11:40:29.798545] [WARN] Deprecated API usage
[2025-11-07T11:40:29.798538] [INFO] Transaction completed
[2025-11-07T11:40:29.798554] [DEBUG] Connection pool status checked
[2025-11-07T11:40:29.798548] [DEBUG] Entering function process_data()
[2025-11-07T11:40:29.798542] [WARN] Slow query performance
[2025-11-07T11:40:29.798530] [INFO] Session started
[2025-11-07T11:40:29.798535] [INFO] Health check passed
[2025-11-07T11:40:29.798527] [INFO] Transaction completed
[2025-11-07T11:40:29.798544] [WARN] Disk space low
[2025-11-07T11:40:29.798533] [INFO] Transaction completed
[2025-11-07T11:40:29.798539] [INFO] Cache hit
[2025-11-07T11:40:29.798551] [DEBUG] HTTP request headers parsed
[2025-11-07T11:40:29.798529] [INFO] Connection established
[2025-11-07T11:40:29.798547] [ERROR] Request failed
[2025-11-07T11:40:29.798541] [INFO] Service initialized
[2025-11-07T11:40:29.798549] [DEBUG] Loop iteration: 15
[2025-11-07T11:40:29.798552] [DEBUG] Memory allocation: 2048 bytes
[2025-11-07T11:40:29.798532] [INFO] Transaction completed
[2025-11-07T11:40:29.798555] [DEBUG] HTTP request headers parsed
[2025-11-07T11:40:29.798536] [INFO] Configuration loaded
