[2025-11-07T11:40:29.717078] [DEBUG] Buffer size: 4096 bytes
[2025-11-07T11:40:29.717079] [DEBUG] Variable value: x=42
[2025-11-07T11:40:29.717057] [INFO] Connection established
[2025-11-07T11:40:29.717066] [INFO] Cache hit
[2025-11-07T11:40:29.717076] [DEBUG] Buffer size: 4096 bytes
[2025-11-07T11:40:29.717061] [INFO] Cache hit
[2025-11-07T11:40:29.717077] [DEBUG] Cache key generated
[2025-11-07T11:40:29.717059] [INFO] Session started
[2025-11-07T11:40:29.717083] [DEBUG] Variable value: x=42
[2025-11-07T11:40:29.717066] [INFO] Session started
[2025-11-07T11:40:29.717053] [INFO] Request processed successfully
[2025-11-07T11:40:29.717065] [INFO] User logged in
[2025-11-07T11:40:29.717055] [INFO] Health check passed
[2025-11-07T11:40:29.717067] [INFO] Health check passed
[2025-11-07T11:40:29.717058] [INFO] Request processed successfully
[2025-11-07T11:40:29.717071] [WARN] Slow query performance
[2025-11-07T11:40:29.717080] [DEBUG] HTTP request headers parsed
[2025-11-07T11:40:29.717071] [WARN] Queue size growing
[2025-11-07T11:40:29.717056] [INFO] Connection established
[2025-11-07T11:40:29.717074] [ERROR] Invalid input data
[2025-11-07T11:40:29.717075] [DEBUG] Buffer size: 4096 bytes
[2025-11-07T11:40:29.717064] [INFO] Database query executed
[2025-11-07T11:40:29.717068] [WARN] Deprecated API usage
[2025-11-07T11:40:29.717060] [INFO] Cache hit
[2025-11-07T11:40:29.717063] [INFO] Cache hit
[2025-11-07T11:40:29.717062] [INFO] Service initialized
[2025-11-07T11:40:29.717082] [DEBUG] HTTP request headers parsed
[2025-11-07T11:40:29.717073] [ERROR] Invalid input data
[2025-11-07T11:40:29.717081] [DEBUG] Buffer size: 4096 bytes
[2025-11-07T11:40:29.717070] [WARN] Slow query performance
