[2025-11-07T11:40:30.351378] [DEBUG] Loop iteration: 15
[2025-11-07T11:40:30.351362] [INFO] Connection established
[2025-11-07T11:40:30.351366] [INFO] Service initialized
[2025-11-07T11:40:30.351382] [DEBUG] Cache key generated
[2025-11-07T11:40:30.351361] [INFO] Request processed successfully
[2025-11-07T11:40:30.351360] [INFO] Service initialized
[2025-11-07T11:40:30.351370] [WARN] Queue size growing
[2025-11-07T11:40:30.351363] [INFO] Service initialized
[2025-11-07T11:40:30.351371] [WARN] High memory usage detected
[2025-11-07T11:40:30.351383] [DEBUG] HTTP request headers parsed
[2025-11-07T11:40:30.351383] [DEBUG] Cache key generated
[2025-11-07T11:40:30.351357] [INFO] Session started
[2025-11-07T11:40:30.351358] [INFO] Cache hit
[2025-11-07T11:40:30.351368] [INFO] Database query executed
[2025-11-07T11:40:30.351368] [INFO] Cache hit
[2025-11-07T11:40:30.351377] [DEBUG] Buffer size: 4096 bytes
[2025-11-07T11:40:30.351372] [WARN] Cache miss
[2025-11-07T11:40:30.351376] [DEBUG] HTTP request headers parsed
[2025-11-07T11:40:30.351365] [INFO] Configuration loaded
[2025-11-07T11:40:30.351379] [DEBUG] Variable value: x=42
[2025-11-07T11:40:30.351354] [INFO] Service initialized
[2025-11-07T11:40:30.351359] [INFO] Service initialized
[2025-11-07T11:40:30.351380] [DEBUG] Loop iteration: 15
[2025-11-07T11:40:30.351373] [WARN] Timeout warning
[2025-11-07T11:40:30.351356] [INFO] Session started
[2025-11-07T11:40:30.351374] [ERROR] Request failed
[2025-11-07T11:40:30.351381] [DEBUG] Buffer size: 4096 bytes
[2025-11-07T11:40:30.351375] [ERROR] Service unavailable
[2025-11-07T11:40:30.351364] [INFO] Request processed successfully
[2025-11-07T11:40:30.351367] [INFO] Cache hit
