[2025-11-07T11:40:29.499918] [DEBUG] Cache key generated
[2025-11-07T11:40:29.499912] [INFO] Request processed successfully
[2025-11-07T11:40:29.499920] [DEBUG] Timer set: 30 seconds
[2025-11-07T11:40:29.499923] [DEBUG] HTTP request headers parsed
[2025-11-07T11:40:29.499925] [DEBUG] Loop iteration: 15
[2025-11-07T11:40:29.499923] [DEBUG] Loop iteration: 15
[2025-11-07T11:40:29.499888] [INFO] Request processed successfully
[2025-11-07T11:40:29.499896] [INFO] User logged in
[2025-11-07T11:40:29.499910] [INFO] Database query executed
[2025-11-07T11:40:29.499909] [INFO] Configuration loaded
[2025-11-07T11:40:29.499893] [INFO] Service initialized
[2025-11-07T11:40:29.499895] [INFO] Connection established
[2025-11-07T11:40:29.499908] [INFO] Transaction completed
[2025-11-07T11:40:29.499894] [INFO] User logged in
[2025-11-07T11:40:29.499915] [ERROR] Request failed
[2025-11-07T11:40:29.499919] [DEBUG] Timer set: 30 seconds
[2025-11-07T11:40:29.499907] [INFO] Request processed successfully
[2025-11-07T11:40:29.499897] [INFO] Connection established
[2025-11-07T11:40:29.499911] [INFO] Health check passed
[2025-11-07T11:40:29.499924] [DEBUG] Memory allocation: 2048 bytes
[2025-11-07T11:40:29.499905] [INFO] Cache hit
[2025-11-07T11:40:29.499917] [DEBUG] Cache key generated
[2025-11-07T11:40:29.499916] [ERROR] Invalid input data
[2025-11-07T11:40:29.499922] [DEBUG] Connection pool status checked
[2025-11-07T11:40:29.499892] [INFO] Service initialized
[2025-11-07T11:40:29.499914] [WARN] Resource threshold approaching
[2025-11-07T11:40:29.499890] [INFO] Connection established
