[2025-11-07T11:40:30.086305] [INFO] Configuration loaded
[2025-11-07T11:40:30.086315] [WARN] Disk space low
[2025-11-07T11:40:30.086304] [INFO] Cache hit
[2025-11-07T11:40:30.086301] [INFO] Request processed successfully
[2025-11-07T11:40:30.086323] [DEBUG] Buffer size: 4096 bytes
[2025-11-07T11:40:30.086302] [INFO] User logged in
[2025-11-07T11:40:30.086318] [ERROR] Authentication failed
[2025-11-07T11:40:30.086312] [WARN] Deprecated API usage
[2025-11-07T11:40:30.086328] [DEBUG] HTTP request headers parsed
[2025-11-07T11:40:30.086326] [DEBUG] Loop iteration: 15
[2025-11-07T11:40:30.086297] [INFO] Database query executed
[2025-11-07T11:40:30.086322] [DEBUG] Timer set: 30 seconds
[2025-11-07T11:40:30.086321] [DEBUG] Thread pool size: 8
[2025-11-07T11:40:30.086314] [WARN] High memory usage detected
[2025-11-07T11:40:30.086316] [ERROR] Database connection lost
[2025-11-07T11:40:30.086303] [INFO] Cache hit
[2025-11-07T11:40:30.086298] [INFO] Transaction completed
[2025-11-07T11:40:30.086313] [WARN] Deprecated API usage
[2025-11-07T11:40:30.086299] [INFO] Service initialized
[2025-11-07T11:40:30.086327] [DEBUG] HTTP request headers parsed
[2025-11-07T11:40:30.086300] [INFO] Connection established
[2025-11-07T11:40:30.086310] [INFO] Transaction completed
[2025-11-07T11:40:30.086325] [DEBUG] Loop iteration: 15
[2025-11-07T11:40:30.086311] [INFO] User logged in
[2025-11-07T11:40:30.086307] [INFO] Configuration loaded
[2025-11-07T11:40:30.086306] [INFO] Health check passed
[2025-11-07T11:40:30.086309] [INFO] Request processed successfully
[2025-11-07T11:40:30.086327] [DEBUG] Variable value: x=42
[2025-11-07T11:40:30.086320] [DEBUG] Loop iteration: 15
[2025-11-07T11:40:30.086329] [DEBUG] Thread pool size: 8
[2025-11-07T11:40:30.086324] [DEBUG] HTTP request headers parsed
[2025-11-07T11:40:30.086319] [DEBUG] Timer set: 30 seconds
[2025-11-07T11:40:30.086308] [INFO] Transaction completed
[2025-11-07T11:40:30.086317] [ERROR] Invalid input data
