[2025-11-07T11:40:29.399922] [INFO] User logged in
[2025-11-07T11:40:29.399926] [INFO] Cache hit
[2025-11-07T11:40:29.399929] [INFO] Service initialized
[2025-11-07T11:40:29.399943] [INFO] Connection established
[2025-11-07T11:40:29.399956] [ERROR] Memory allocation error
[2025-11-07T11:40:29.399947] [WARN] Connection retry attempt
[2025-11-07T11:40:29.399961] [DEBUG] Loop iteration: 15
[2025-11-07T11:40:29.399937] [INFO] Health check passed
[2025-11-07T11:40:29.399957] [ERROR] Authentication failed
[2025-11-07T11:40:29.399938] [INFO] Connection established
[2025-11-07T11:40:29.399960] [DEBUG] Thread pool size: 8
[2025-11-07T11:40:29.399965] [DEBUG] Buffer size: 4096 bytes
[2025-11-07T11:40:29.399936] [INFO] Health check passed
[2025-11-07T11:40:29.399963] [DEBUG] Connection pool status checked
[2025-11-07T11:40:29.399959] [DEBUG] Connection pool status checked
[2025-11-07T11:40:29.399941] [INFO] User logged in
[2025-11-07T11:40:29.399920] [INFO] Health check passed
[2025-11-07T11:40:29.399954] [WARN] Cache miss
[2025-11-07T11:40:29.399923] [INFO] Request processed successfully
[2025-11-07T11:40:29.399925] [INFO] Cache hit
[2025-11-07T11:40:29.399945] [INFO] Service initialized
[2025-11-07T11:40:29.399958] [DEBUG] Loop iteration: 15
[2025-11-07T11:40:29.399962] [DEBUG] HTTP request headers parsed
[2025-11-07T11:40:29.399939] [INFO] Request processed successfully
[2025-11-07T11:40:29.399942] [INFO] Connection established
[2025-11-07T11:40:29.399964] [DEBUG] Connection pool status checked
[2025-11-07T11:40:29.399946] [WARN] Timeout warning
[2025-11-07T11:40:29.399944] [INFO] User logged in
[2025-11-07T11:40:29.399948] [WARN] Disk space low
[2025-11-07T11:40:29.399966] [DEBUG] Variable value: x=42
[2025-11-07T11:40:29.399924] [INFO] Connection established
