[2025-11-07T11:40:30.244471] [DEBUG] Loop iteration: 15
[2025-11-07T11:40:30.244475] [DEBUG] HTTP request headers parsed
[2025-11-07T11:40:30.244478] [DEBUG] HTTP request headers parsed
[2025-11-07T11:40:30.244479] [DEBUG] HTTP request headers parsed
[2025-11-07T11:40:30.244468] [WARN] High memory usage detected
[2025-11-07T11:40:30.244476] [DEBUG] Timer set: 30 seconds
[2025-11-07T11:40:30.244460] [INFO] Connection established
[2025-11-07T11:40:30.244465] [WARN] Deprecated API usage
[2025-11-07T11:40:30.244469] [ERROR] Authentication failed
[2025-11-07T11:40:30.244470] [ERROR] Authentication failed
[2025-11-07T11:40:30.244466] [WARN] Queue size growing
[2025-11-07T11:40:30.244457] [INFO] Cache hit
[2025-11-07T11:40:30.244467] [WARN] Timeout warning
[2025-11-07T11:40:30.244480] [DEBUG] Memory allocation: 2048 bytes
[2025-11-07T11:40:30.244458] [INFO] Database query executed
[2025-11-07T11:40:30.244461] [INFO] Health check passed
[2025-11-07T11:40:30.244463] [INFO] Service initialized
[2025-11-07T11:40:30.244474] [DEBUG] Thread pool size: 8
[2025-11-07T11:40:30.244462] [INFO] Connection established
[2025-11-07T11:40:30.244477] [DEBUG] Thread pool size: 8
[2025-11-07T11:40:30.244464] [WARN] Disk space low
[2025-11-07T11:40:30.244473] [DEBUG] Timer set: 30 seconds
[2025-11-07T11:40:30.244472] [DEBUG] Timer set: 30 seconds
