[2025-11-07T11:40:30.147725] [DEBUG] Cache key generated
[2025-11-07T11:40:30.147729] [DEBUG] Buffer size: 4096 bytes
[2025-11-07T11:40:30.147715] [INFO] Service initialized
[2025-11-07T11:40:30.147726] [DEBUG] Cache key generated
[2025-11-07T11:40:30.147712] [INFO] Cache hit
[2025-11-07T11:40:30.147714] [INFO] Service initialized
[2025-11-07T11:40:30.147701] [INFO] Database query executed
[2025-11-07T11:40:30.147705] [INFO] Request processed successfully
[2025-11-07T11:40:30.147728] [DEBUG] Connection pool status checked
[2025-11-07T11:40:30.147731] [DEBUG] Cache key generated
[2025-11-07T11:40:30.147724] [DEBUG] Connection pool status checked
[2025-11-07T11:40:30.147717] [WARN] Connection retry attempt
[2025-11-07T11:40:30.147720] [WARN] Disk space low
[2025-11-07T11:40:30.147706] [INFO] User logged in
[2025-11-07T11:40:30.147707] [INFO] Session started
[2025-11-07T11:40:30.147722] [ERROR] Service unavailable
[2025-11-07T11:40:30.147710] [INFO] Cache hit
[2025-11-07T11:40:30.147703] [INFO] Session started
[2025-11-07T11:40:30.147730] [DEBUG] Memory allocation: 2048 bytes
[2025-11-07T11:40:30.147723] [ERROR] Service unavailable
[2025-11-07T11:40:30.147704] [INFO] Transaction completed
[2025-11-07T11:40:30.147700] [INFO] Request processed successfully
[2025-11-07T11:40:30.147713] [INFO] Connection established
[2025-11-07T11:40:30.147732] [DEBUG] Timer set: 30 seconds
[2025-11-07T11:40:30.147716] [INFO] Service initialized
[2025-11-07T11:40:30.147719] [WARN] Disk space low
[2025-11-07T11:40:30.147721] [WARN] Slow query performance
[2025-11-07T11:40:30.147702] [INFO] Database query executed
[2025-11-07T11:40:30.147708] [INFO] Request processed successfully
[2025-11-07T11:40:30.147727] [DEBUG] Variable value: x=42
[2025-11-07T11:40:30.147718] [WARN] Timeout warning
[2025-11-07T11:40:30.147710] [INFO] Session started
