[2025-11-07T11:40:29.905217] [WARN] Queue size growing
[2025-11-07T11:40:29.905223] [DEBUG] Buffer size: 4096 bytes
[2025-11-07T11:40:29.905214] [WARN] High memory usage detected
[2025-11-07T11:40:29.905224] [DEBUG] HTTP request headers parsed
[2025-11-07T11:40:29.905210] [WARN] Timeout warning
[2025-11-07T11:40:29.905201] [INFO] User logged in
[2025-11-07T11:40:29.905221] [DEBUG] Cache key generated
[2025-11-07T11:40:29.905211] [WARN] Disk space low
[2025-11-07T11:40:29.905216] [WARN] High memory usage detected
[2025-11-07T11:40:29.905194] [INFO] Connection established
[2025-11-07T11:40:29.905197] [INFO] Transaction completed
[2025-11-07T11:40:29.905205] [INFO] Health check passed
[2025-11-07T11:40:29.905202] [INFO] Database query executed
[2025-11-07T11:40:29.905220] [DEBUG] Variable value: x=42
[2025-11-07T11:40:29.905222] [DEBUG] Thread pool size: 8
[2025-11-07T11:40:29.905202] [INFO] User logged in
[2025-11-07T11:40:29.905225] [DEBUG] Timer set: 30 seconds
[2025-11-07T11:40:29.905226] [DEBUG] Thread pool size: 8
[2025-11-07T11:40:29.905197] [INFO] Service initialized
[2025-11-07T11:40:29.905209] [INFO] Database query executed
[2025-11-07T11:40:29.905206] [INFO] Request processed successfully
[2025-11-07T11:40:29.905203] [INFO] Session started
[2025-11-07T11:40:29.905215] [WARN] High memory usage detected
[2025-11-07T11:40:29.905208] [INFO] Service initialized
[2025-11-07T11:40:29.905218] [ERROR] Authentication failed
[2025-11-07T11:40:29.905224] [DEBUG] Memory allocation: 2048 bytes
[2025-11-07T11:40:29.905199] [INFO] Request processed successfully
[2025-11-07T11:40:29.905195] [INFO] Service initialized
[2025-11-07T11:40:29.905213] [WARN] Deprecated API usage
[2025-11-07T11:40:29.905212] [WARN] Deprecated API usage
[2025-11-07T11:40:29.905204] [INFO] Service initialized
[2025-11-07T11:40:29.905228] [DEBUG] Cache key generated
[2025-11-07T11:40:29.905198] [INFO] Service initialized
[2025-11-07T11:40:29.905207] [INFO] Database query executed
