[2025-11-07T11:40:30.208318] [INFO] Health check passed
[2025-11-07T11:40:30.208308] [INFO] Transaction completed
[2025-11-07T11:40:30.208323] [WARN] Disk space low
[2025-11-07T11:40:30.208340] [DEBUG] Thread pool size: 8
[2025-11-07T11:40:30.208314] [INFO] Connection established
[2025-11-07T11:40:30.208312] [INFO] Transaction completed
[2025-11-07T11:40:30.208339] [DEBUG] Cache key generated
[2025-11-07T11:40:30.208331] [ERROR] Network timeout
[2025-11-07T11:40:30.208321] [INFO] User logged in
[2025-11-07T11:40:30.208315] [INFO] Transaction completed
[2025-11-07T11:40:30.208309] [INFO] Database query executed
[2025-11-07T11:40:30.208333] [DEBUG] Timer set: 30 seconds
[2025-11-07T11:40:30.208327] [WARN] Resource threshold approaching
[2025-11-07T11:40:30.208330] [ERROR] Request failed
[2025-11-07T11:40:30.208338] [DEBUG] Memory allocation: 2048 bytes
[2025-11-07T11:40:30.208313] [INFO] Service initialized
[2025-11-07T11:40:30.208335] [DEBUG] Cache key generated
[2025-11-07T11:40:30.208325] [WARN] Rate limit approaching
[2025-11-07T11:40:30.208320] [INFO] Configuration loaded
[2025-11-07T11:40:30.208326] [WARN] Connection retry attempt
[2025-11-07T11:40:30.208316] [INFO] Service initialized
[2025-11-07T11:40:30.208336] [DEBUG] Entering function process_data()
[2025-11-07T11:40:30.208310] [INFO] Database query executed
[2025-11-07T11:40:30.208311] [INFO] Database query executed
[2025-11-07T11:40:30.208328] [WARN] High memory usage detected
[2025-11-07T11:40:30.208337] [DEBUG] Memory allocation: 2048 bytes
[2025-11-07T11:40:30.208329] [WARN] Queue size growing
[2025-11-07T11:40:30.208324] [WARN] Resource threshold approaching
[2025-11-07T11:40:30.208322] [WARN] Queue size growing
[2025-11-07T11:40:30.208334] [DEBUG] Connection pool status checked
[2025-11-07T11:40:30.208332] [DEBUG] Cache key generated
[2025-11-07T11:40:30.208319] [INFO] Configuration loaded
[2025-11-07T11:40:30.208317] [INFO] Request processed successfully
