[2025-11-07T11:40:29.297977] [DEBUG] Connection pool status checked
[2025-11-07T11:40:29.297936] [INFO] Session started
[2025-11-07T11:40:29.297965] [WARN] Rate limit approaching
[2025-11-07T11:40:29.297956] [INFO] Transaction completed
[2025-11-07T11:40:29.297942] [INFO] Transaction completed
[2025-11-07T11:40:29.297976] [DEBUG] Timer set: 30 seconds
[2025-11-07T11:40:29.297938] [INFO] Session started
[2025-11-07T11:40:29.297962] [WARN] Rate limit approaching
[2025-11-07T11:40:29.297943] [INFO] Configuration loaded
[2025-11-07T11:40:29.297963] [WARN] Slow query performance
[2025-11-07T11:40:29.297931] [INFO] Connection established
[2025-11-07T11:40:29.297971] [DEBUG] HTTP request headers parsed
[2025-11-07T11:40:29.297967] [ERROR] File not found
[2025-11-07T11:40:29.297940] [INFO] Transaction completed
[2025-11-07T11:40:29.297941] [INFO] Cache hit
[2025-11-07T11:40:29.297970] [DEBUG] Memory allocation: 2048 bytes
[2025-11-07T11:40:29.297944] [INFO] Cache hit
[2025-11-07T11:40:29.297972] [DEBUG] Cache key generated
[2025-11-07T11:40:29.297969] [DEBUG] Connection pool status checked
[2025-11-07T11:40:29.297946] [INFO] Database query executed
[2025-11-07T11:40:29.297973] [DEBUG] HTTP request headers parsed
[2025-11-07T11:40:29.297966] [WARN] Connection retry attempt
[2025-11-07T11:40:29.297935] [INFO] Service initialized
[2025-11-07T11:40:29.297974] [DEBUG] HTTP request headers parsed
[2025-11-07T11:40:29.297933] [INFO] Cache hit
[2025-11-07T11:40:29.297975] [DEBUG] Timer set: 30 seconds
[2025-11-07T11:40:29.297945] [INFO] Database query executed
[2025-11-07T11:40:29.297939] [INFO] Configuration loaded
[2025-11-07T11:40:29.297937] [INFO] Health check passed
[2025-11-07T11:40:29.297934] [INFO] Connection established
