[2025-11-07T11:40:30.267311] [DEBUG] Entering function process_data()
[2025-11-07T11:40:30.267312] [DEBUG] Connection pool status checked
[2025-11-07T11:40:30.267290] [INFO] User logged in
[2025-11-07T11:40:30.267306] [DEBUG] HTTP request headers parsed
[2025-11-07T11:40:30.267287] [INFO] Session started
[2025-11-07T11:40:30.267301] [WARN] Timeout warning
[2025-11-07T11:40:30.267304] [ERROR] Service unavailable
[2025-11-07T11:40:30.267291] [INFO] Health check passed
[2025-11-07T11:40:30.267295] [INFO] Cache hit
[2025-11-07T11:40:30.267305] [DEBUG] Buffer size: 4096 bytes
[2025-11-07T11:40:30.267292] [INFO] Database query executed
[2025-11-07T11:40:30.267289] [INFO] Transaction completed
[2025-11-07T11:40:30.267300] [WARN] Connection retry attempt
[2025-11-07T11:40:30.267315] [DEBUG] Variable value: x=42
[2025-11-07T11:40:30.267307] [DEBUG] Timer set: 30 seconds
[2025-11-07T11:40:30.267293] [INFO] Configuration loaded
[2025-11-07T11:40:30.267308] [DEBUG] Memory allocation: 2048 bytes
[2025-11-07T11:40:30.267303] [ERROR] Invalid input data
[2025-11-07T11:40:30.267317] [DEBUG] Cache key generated
[2025-11-07T11:40:30.267281] [INFO] Transaction completed
[2025-11-07T11:40:30.267298] [INFO] Cache hit
[2025-11-07T11:40:30.267302] [WARN] Rate limit approaching
[2025-11-07T11:40:30.267294] [INFO] Health check passed
[2025-11-07T11:40:30.267297] [INFO] Connection established
[2025-11-07T11:40:30.267285] [INFO] Service initialized
[2025-11-07T11:40:30.267284] [INFO] Connection established
[2025-11-07T11:40:30.267299] [WARN] Disk space low
[2025-11-07T11:40:30.267283] [INFO] Request processed successfully
[2025-11-07T11:40:30.267316] [DEBUG] HTTP request headers parsed
[2025-11-07T11:40:30.267310] [DEBUG] Timer set: 30 seconds
[2025-11-07T11:40:30.267314] [DEBUG] Entering function process_data()
[2025-11-07T11:40:30.267288] [INFO] Cache hit
[2025-11-07T11:40:30.267296] [INFO] Health check passed
[2025-11-07T11:40:30.267286] [INFO] User logged in
[2025-11-07T11:40:30.267309] [DEBUG] Cache key generated
