[2025-11-07T11:40:29.679879] [WARN] Connection retry attempt
[2025-11-07T11:40:29.679870] [INFO] Transaction completed
[2025-11-07T11:40:29.679888] [DEBUG] Entering function process_data()
[2025-11-07T11:40:29.679873] [INFO] Session started
[2025-11-07T11:40:29.679875] [INFO] User logged in
[2025-11-07T11:40:29.679891] [DEBUG] Timer set: 30 seconds
[2025-11-07T11:40:29.679892] [DEBUG] Cache key generated
[2025-11-07T11:40:29.679866] [INFO] Connection established
[2025-11-07T11:40:29.679891] [DEBUG] Loop iteration: 15
[2025-11-07T11:40:29.679863] [INFO] Cache hit
[2025-11-07T11:40:29.679874] [INFO] Database query executed
[2025-11-07T11:40:29.679871] [INFO] Request processed successfully
[2025-11-07T11:40:29.679885] [DEBUG] Variable value: x=42
[2025-11-07T11:40:29.679860] [INFO] Database query executed
[2025-11-07T11:40:29.679868] [INFO] User logged in
[2025-11-07T11:40:29.679878] [WARN] Rate limit approaching
[2025-11-07T11:40:29.679889] [DEBUG] HTTP request headers parsed
[2025-11-07T11:40:29.679869] [INFO] Health check passed
[2025-11-07T11:40:29.679867] [INFO] Connection established
[2025-11-07T11:40:29.679872] [INFO] User logged in
[2025-11-07T11:40:29.679880] [WARN] High memory usage detected
[2025-11-07T11:40:29.679890] [DEBUG] Variable value: x=42
[2025-11-07T11:40:29.679887] [DEBUG] Thread pool size: 8
[2025-11-07T11:40:29.679877] [WARN] Queue size growing
[2025-11-07T11:40:29.679881] [ERROR] Service unavailable
[2025-11-07T11:40:29.679882] [DEBUG] Thread pool size: 8
[2025-11-07T11:40:29.679858] [INFO] Session started
[2025-11-07T11:40:29.679861] [INFO] Health check passed
[2025-11-07T11:40:29.679883] [DEBUG] Timer set: 30 seconds
[2025-11-07T11:40:29.679884] [DEBUG] Thread pool size: 8
[2025-11-07T11:40:29.679864] [INFO] Transaction completed
