[2025-11-07T11:40:30.043603] [DEBUG] HTTP request headers parsed
[2025-11-07T11:40:30.043602] [DEBUG] Cache key generated
[2025-11-07T11:40:30.043583] [INFO] Health check passed
[2025-11-07T11:40:30.043605] [DEBUG] Loop iteration: 15
[2025-11-07T11:40:30.043590] [INFO] Request processed successfully
[2025-11-07T11:40:30.043595] [INFO] Cache hit
[2025-11-07T11:40:30.043604] [DEBUG] Thread pool size: 8
[2025-11-07T11:40:30.043608] [DEBUG] Connection pool status checked
[2025-11-07T11:40:30.043601] [ERROR] Request failed
[2025-11-07T11:40:30.043579] [INFO] Transaction completed
[2025-11-07T11:40:30.043586] [INFO] User logged in
[2025-11-07T11:40:30.043594] [INFO] Connection established
[2025-11-07T11:40:30.043587] [INFO] User logged in
[2025-11-07T11:40:30.043580] [INFO] Request processed successfully
[2025-11-07T11:40:30.043588] [INFO] User logged in
[2025-11-07T11:40:30.043598] [WARN] Cache miss
[2025-11-07T11:40:30.043593] [INFO] Configuration loaded
[2025-11-07T11:40:30.043591] [INFO] Connection established
[2025-11-07T11:40:30.043607] [DEBUG] Timer set: 30 seconds
[2025-11-07T11:40:30.043597] [WARN] Cache miss
[2025-11-07T11:40:30.043610] [DEBUG] HTTP request headers parsed
[2025-11-07T11:40:30.043586] [INFO] Database query executed
[2025-11-07T11:40:30.043585] [INFO] Request processed successfully
[2025-11-07T11:40:30.043599] [WARN] Resource threshold approaching
[2025-11-07T11:40:30.043606] [DEBUG] Thread pool size: 8
[2025-11-07T11:40:30.043591] [INFO] Health check passed
[2025-11-07T11:40:30.043600] [WARN] Rate limit approaching
[2025-11-07T11:40:30.043609] [DEBUG] Buffer size: 4096 bytes
[2025-11-07T11:40:30.043593] [INFO] Transaction completed
[2025-11-07T11:40:30.043584] [INFO] Database query executed
[2025-11-07T11:40:30.043582] [INFO] Cache hit
