[2025-11-07T11:40:29.842283] [INFO] Request processed successfully
[2025-11-07T11:40:29.842275] [INFO] Connection established
[2025-11-07T11:40:29.842288] [WARN] Slow query performance
[2025-11-07T11:40:29.842293] [DEBUG] Variable value: x=42
[2025-11-07T11:40:29.842296] [DEBUG] Cache key generated
[2025-11-07T11:40:29.842281] [INFO] Request processed successfully
[2025-11-07T11:40:29.842292] [ERROR] Network timeout
[2025-11-07T11:40:29.842277] [INFO] Transaction completed
[2025-11-07T11:40:29.842279] [INFO] Database query executed
[2025-11-07T11:40:29.842291] [WARN] Disk space low
[2025-11-07T11:40:29.842287] [WARN] Resource threshold approaching
[2025-11-07T11:40:29.842280] [INFO] Connection established
[2025-11-07T11:40:29.842276] [INFO] User logged in
[2025-11-07T11:40:29.842294] [DEBUG] Memory allocation: 2048 bytes
[2025-11-07T11:40:29.842279] [INFO] Health check passed
[2025-11-07T11:40:29.842299] [DEBUG] Variable value: x=42
[2025-11-07T11:40:29.842300] [DEBUG] Entering function process_data()
[2025-11-07T11:40:29.842274] [INFO] Cache hit
[2025-11-07T11:40:29.842301] [DEBUG] HTTP request headers parsed
[2025-11-07T11:40:29.842284] [INFO] Request processed successfully
[2025-11-07T11:40:29.842297] [DEBUG] Variable value: x=42
[2025-11-07T11:40:29.842286] [INFO] Health check passed
[2025-11-07T11:40:29.842295] [DEBUG] Cache key generated
[2025-11-07T11:40:29.842289] [WARN] Disk space low
[2025-11-07T11:40:29.842290] [WARN] Timeout warning
[2025-11-07T11:40:29.842285] [INFO] Service initialized
[2025-11-07T11:40:29.842298] [DEBUG] Variable value: x=42
