[2025-11-07T11:40:30.059695] [INFO] Database query executed
[2025-11-07T11:40:30.059709] [DEBUG] Timer set: 30 seconds
[2025-11-07T11:40:30.059702] [INFO] Cache hit
[2025-11-07T11:40:30.059704] [WARN] Disk space low
[2025-11-07T11:40:30.059694] [INFO] Database query executed
[2025-11-07T11:40:30.059710] [DEBUG] Connection pool status checked
[2025-11-07T11:40:30.059718] [DEBUG] Timer set: 30 seconds
[2025-11-07T11:40:30.059716] [DEBUG] Entering function process_data()
[2025-11-07T11:40:30.059696] [INFO] Session started
[2025-11-07T11:40:30.059692] [INFO] Health check passed
[2025-11-07T11:40:30.059697] [INFO] Request processed successfully
[2025-11-07T11:40:30.059719] [DEBUG] Timer set: 30 seconds
[2025-11-07T11:40:30.059717] [DEBUG] HTTP request headers parsed
[2025-11-07T11:40:30.059700] [INFO] Cache hit
[2025-11-07T11:40:30.059707] [ERROR] Authentication failed
[2025-11-07T11:40:30.059701] [INFO] Service initialized
[2025-11-07T11:40:30.059702] [INFO] Session started
[2025-11-07T11:40:30.059712] [DEBUG] Buffer size: 4096 bytes
[2025-11-07T11:40:30.059690] [INFO] Service initialized
[2025-11-07T11:40:30.059705] [WARN] Disk space low
[2025-11-07T11:40:30.059706] [WARN] Rate limit approaching
[2025-11-07T11:40:30.059698] [INFO] Session started
[2025-11-07T11:40:30.059693] [INFO] Request processed successfully
[2025-11-07T11:40:30.059689] [INFO] User logged in
[2025-11-07T11:40:30.059708] [ERROR] Database connection lost
[2025-11-07T11:40:30.059711] [DEBUG] Cache key generated
[2025-11-07T11:40:30.059686] [INFO] Cache hit
[2025-11-07T11:40:30.059698] [INFO] Health check passed
[2025-11-07T11:40:30.059720] [DEBUG] Variable value: x=42
[2025-11-07T11:40:30.059688] [INFO] User logged in
[2025-11-07T11:40:30.059715] [DEBUG] HTTP request headers parsed
[2025-11-07T11:40:30.059714] [DEBUG] Buffer size: 4096 bytes
[2025-11-07T11:40:30.059713] [DEBUG] Entering function process_data()
[2025-11-07T11:40:30.059691] [INFO] Service initialized
