[2025-11-07T11:40:30.097177] [INFO] Database query executed
[2025-11-07T11:40:30.097180] [INFO] Session started
[2025-11-07T11:40:30.097194] [ERROR] Network timeout
[2025-11-07T11:40:30.097191] [INFO] Configuration loaded
[2025-11-07T11:40:30.097188] [INFO] Transaction completed
[2025-11-07T11:40:30.097186] [INFO] Cache hit
[2025-11-07T11:40:30.097181] [INFO] Request processed successfully
[2025-11-07T11:40:30.097183] [INFO] Session started
[2025-11-07T11:40:30.097187] [INFO] Health check passed
[2025-11-07T11:40:30.097197] [DEBUG] Buffer size: 4096 bytes
[2025-11-07T11:40:30.097200] [DEBUG] Timer set: 30 seconds
[2025-11-07T11:40:30.097184] [INFO] Request processed successfully
[2025-11-07T11:40:30.097195] [DEBUG] Memory allocation: 2048 bytes
[2025-11-07T11:40:30.097182] [INFO] Service initialized
[2025-11-07T11:40:30.097201] [DEBUG] Loop iteration: 15
[2025-11-07T11:40:30.097178] [INFO] Configuration loaded
[2025-11-07T11:40:30.097179] [INFO] Cache hit
[2025-11-07T11:40:30.097202] [DEBUG] HTTP request headers parsed
[2025-11-07T11:40:30.097199] [DEBUG] Cache key generated
[2025-11-07T11:40:30.097203] [DEBUG] Loop iteration: 15
[2025-11-07T11:40:30.097198] [DEBUG] Timer set: 30 seconds
[2025-11-07T11:40:30.097196] [DEBUG] Loop iteration: 15
[2025-11-07T11:40:30.097192] [WARN] Slow query performance
[2025-11-07T11:40:30.097190] [INFO] Configuration loaded
[2025-11-07T11:40:30.097193] [WARN] Queue size growing
[2025-11-07T11:40:30.097176] [INFO] User logged in
[2025-11-07T11:40:30.097189] [INFO] Session started
[2025-11-07T11:40:30.097204] [DEBUG] Loop iteration: 15
[2025-11-07T11:40:30.097185] [INFO] Transaction completed
