[2025-11-07T11:40:29.677633] [DEBUG] Connection pool status checked
[2025-11-07T11:40:29.677612] [WARN] Connection retry attempt
[2025-11-07T11:40:29.677614] [WARN] Cache miss
[2025-11-07T11:40:29.677618] [WARN] Resource threshold approaching
[2025-11-07T11:40:29.677604] [INFO] Service initialized
[2025-11-07T11:40:29.677610] [INFO] Connection established
[2025-11-07T11:40:29.677613] [WARN] Queue size growing
[2025-11-07T11:40:29.677622] [ERROR] Disk read failed
[2025-11-07T11:40:29.677611] [INFO] Health check passed
[2025-11-07T11:40:29.677629] [DEBUG] Thread pool size: 8
[2025-11-07T11:40:29.677603] [INFO] Connection established
[2025-11-07T11:40:29.677627] [DEBUG] Buffer size: 4096 bytes
[2025-11-07T11:40:29.677601] [INFO] Session started
[2025-11-07T11:40:29.677619] [WARN] Rate limit approaching
[2025-11-07T11:40:29.677606] [INFO] Health check passed
[2025-11-07T11:40:29.677631] [DEBUG] HTTP request headers parsed
[2025-11-07T11:40:29.677617] [WARN] Queue size growing
[2025-11-07T11:40:29.677609] [INFO] Database query executed
[2025-11-07T11:40:29.677620] [WARN] Deprecated API usage
[2025-11-07T11:40:29.677602] [INFO] User logged in
[2025-11-07T11:40:29.677605] [INFO] User logged in
[2025-11-07T11:40:29.677623] [DEBUG] Loop iteration: 15
[2025-11-07T11:40:29.677621] [WARN] High memory usage detected
[2025-11-07T11:40:29.677625] [DEBUG] Thread pool size: 8
[2025-11-07T11:40:29.677626] [DEBUG] Variable value: x=42
[2025-11-07T11:40:29.677615] [WARN] Rate limit approaching
[2025-11-07T11:40:29.677607] [INFO] Session started
[2025-11-07T11:40:29.677608] [INFO] Health check passed
[2025-11-07T11:40:29.677632] [DEBUG] Connection pool status checked
[2025-11-07T11:40:29.677599] [INFO] User logged in
[2025-11-07T11:40:29.677616] [WARN] Timeout warning
[2025-11-07T11:40:29.677630] [DEBUG] Thread pool size: 8
[2025-11-07T11:40:29.677628] [DEBUG] Timer set: 30 seconds
