[2025-11-07T11:40:30.086816] [WARN] Connection retry attempt
[2025-11-07T11:40:30.086819] [WARN] Slow query performance
[2025-11-07T11:40:30.086821] [ERROR] Request failed
[2025-11-07T11:40:30.086827] [DEBUG] Buffer size: 4096 bytes
[2025-11-07T11:40:30.086828] [DEBUG] Memory allocation: 2048 bytes
[2025-11-07T11:40:30.086806] [INFO] Request processed successfully
[2025-11-07T11:40:30.086815] [INFO] Service initialized
[2025-11-07T11:40:30.086803] [INFO] Connection established
[2025-11-07T11:40:30.086811] [INFO] Request processed successfully
[2025-11-07T11:40:30.086829] [DEBUG] Buffer size: 4096 bytes
[2025-11-07T11:40:30.086817] [WARN] Connection retry attempt
[2025-11-07T11:40:30.086808] [INFO] Transaction completed
[2025-11-07T11:40:30.086810] [INFO] Cache hit
[2025-11-07T11:40:30.086818] [WARN] Connection retry attempt
[2025-11-07T11:40:30.086826] [DEBUG] HTTP request headers parsed
[2025-11-07T11:40:30.086822] [ERROR] Network timeout
[2025-11-07T11:40:30.086805] [INFO] Service initialized
[2025-11-07T11:40:30.086825] [DEBUG] Loop iteration: 15
[2025-11-07T11:40:30.086814] [INFO] Transaction completed
[2025-11-07T11:40:30.086801] [INFO] User logged in
[2025-11-07T11:40:30.086812] [INFO] Cache hit
[2025-11-07T11:40:30.086823] [DEBUG] Buffer size: 4096 bytes
[2025-11-07T11:40:30.086824] [DEBUG] Buffer size: 4096 bytes
[2025-11-07T11:40:30.086809] [INFO] Request processed successfully
[2025-11-07T11:40:30.086804] [INFO] Health check passed
[2025-11-07T11:40:30.086813] [INFO] User logged in
[2025-11-07T11:40:30.086807] [INFO] Health check passed
