[2025-11-07T11:40:29.821057] [INFO] Cache hit
[2025-11-07T11:40:29.821076] [DEBUG] Cache key generated
[2025-11-07T11:40:29.821067] [WARN] Rate limit approaching
[2025-11-07T11:40:29.821052] [INFO] Cache hit
[2025-11-07T11:40:29.821051] [INFO] User logged in
[2025-11-07T11:40:29.821070] [WARN] Timeout warning
[2025-11-07T11:40:29.821062] [INFO] Session started
[2025-11-07T11:40:29.821063] [INFO] Session started
[2025-11-07T11:40:29.821077] [DEBUG] Memory allocation: 2048 bytes
[2025-11-07T11:40:29.821058] [INFO] Service initialized
[2025-11-07T11:40:29.821050] [INFO] Transaction completed
[2025-11-07T11:40:29.821080] [DEBUG] HTTP request headers parsed
[2025-11-07T11:40:29.821079] [DEBUG] Cache key generated
[2025-11-07T11:40:29.821075] [ERROR] File not found
[2025-11-07T11:40:29.821081] [DEBUG] Timer set: 30 seconds
[2025-11-07T11:40:29.821074] [ERROR] Authentication failed
[2025-11-07T11:40:29.821064] [INFO] Connection established
[2025-11-07T11:40:29.821061] [INFO] Database query executed
[2025-11-07T11:40:29.821083] [DEBUG] Memory allocation: 2048 bytes
[2025-11-07T11:40:29.821084] [DEBUG] Cache key generated
[2025-11-07T11:40:29.821082] [DEBUG] Thread pool size: 8
[2025-11-07T11:40:29.821060] [INFO] Session started
[2025-11-07T11:40:29.821056] [INFO] Configuration loaded
[2025-11-07T11:40:29.821059] [INFO] Cache hit
[2025-11-07T11:40:29.821085] [DEBUG] Timer set: 30 seconds
[2025-11-07T11:40:29.821071] [WARN] Disk space low
[2025-11-07T11:40:29.821049] [INFO] User logged in
[2025-11-07T11:40:29.821078] [DEBUG] Cache key generated
[2025-11-07T11:40:29.821069] [WARN] Connection retry attempt
[2025-11-07T11:40:29.821065] [INFO] Request processed successfully
[2025-11-07T11:40:29.821053] [INFO] Connection established
[2025-11-07T11:40:29.821072] [WARN] Timeout warning
[2025-11-07T11:40:29.821055] [INFO] User logged in
[2025-11-07T11:40:29.821054] [INFO] Cache hit
[2025-11-07T11:40:29.821066] [INFO] Database query executed
[2025-11-07T11:40:29.821068] [WARN] Queue size growing
