[2025-11-07T11:40:29.962426] [INFO] Health check passed
[2025-11-07T11:40:29.962444] [DEBUG] Memory allocation: 2048 bytes
[2025-11-07T11:40:29.962452] [DEBUG] Connection pool status checked
[2025-11-07T11:40:29.962451] [DEBUG] Buffer size: 4096 bytes
[2025-11-07T11:40:29.962438] [WARN] Connection retry attempt
[2025-11-07T11:40:29.962445] [DEBUG] Cache key generated
[2025-11-07T11:40:29.962434] [INFO] Transaction completed
[2025-11-07T11:40:29.962439] [WARN] Disk space low
[2025-11-07T11:40:29.962427] [INFO] Cache hit
[2025-11-07T11:40:29.962447] [DEBUG] HTTP request headers parsed
[2025-11-07T11:40:29.962433] [INFO] Database query executed
[2025-11-07T11:40:29.962430] [INFO] Request processed successfully
[2025-11-07T11:40:29.962443] [DEBUG] Thread pool size: 8
[2025-11-07T11:40:29.962449] [DEBUG] Timer set: 30 seconds
[2025-11-07T11:40:29.962422] [INFO] Transaction completed
[2025-11-07T11:40:29.962425] [INFO] Cache hit
[2025-11-07T11:40:29.962424] [INFO] User logged in
[2025-11-07T11:40:29.962429] [INFO] Session started
[2025-11-07T11:40:29.962446] [DEBUG] Timer set: 30 seconds
[2025-11-07T11:40:29.962442] [DEBUG] Entering function process_data()
[2025-11-07T11:40:29.962428] [INFO] Transaction completed
[2025-11-07T11:40:29.962440] [ERROR] Permission denied
[2025-11-07T11:40:29.962432] [INFO] Configuration loaded
[2025-11-07T11:40:29.962441] [ERROR] Permission denied
[2025-11-07T11:40:29.962431] [INFO] Session started
[2025-11-07T11:40:29.962448] [DEBUG] Connection pool status checked
[2025-11-07T11:40:29.962437] [WARN] Disk space low
[2025-11-07T11:40:29.962450] [DEBUG] Entering function process_data()
[2025-11-07T11:40:29.962436] [WARN] Cache miss
