[2025-11-07T11:40:30.353602] [WARN] Disk space low
[2025-11-07T11:40:30.353612] [DEBUG] Memory allocation: 2048 bytes
[2025-11-07T11:40:30.353600] [WARN] High memory usage detected
[2025-11-07T11:40:30.353609] [DEBUG] Timer set: 30 seconds
[2025-11-07T11:40:30.353611] [DEBUG] Thread pool size: 8
[2025-11-07T11:40:30.353601] [WARN] Slow query performance
[2025-11-07T11:40:30.353603] [WARN] Rate limit approaching
[2025-11-07T11:40:30.353599] [WARN] Rate limit approaching
[2025-11-07T11:40:30.353588] [INFO] User logged in
[2025-11-07T11:40:30.353590] [INFO] Database query executed
[2025-11-07T11:40:30.353606] [ERROR] Disk read failed
[2025-11-07T11:40:30.353604] [WARN] Connection retry attempt
[2025-11-07T11:40:30.353587] [INFO] User logged in
[2025-11-07T11:40:30.353585] [INFO] Session started
[2025-11-07T11:40:30.353605] [WARN] High memory usage detected
[2025-11-07T11:40:30.353610] [DEBUG] Thread pool size: 8
[2025-11-07T11:40:30.353600] [WARN] High memory usage detected
[2025-11-07T11:40:30.353590] [INFO] Request processed successfully
[2025-11-07T11:40:30.353586] [INFO] Configuration loaded
[2025-11-07T11:40:30.353592] [INFO] Session started
[2025-11-07T11:40:30.353596] [INFO] Configuration loaded
[2025-11-07T11:40:30.353608] [ERROR] Authentication failed
[2025-11-07T11:40:30.353584] [INFO] Health check passed
[2025-11-07T11:40:30.353607] [ERROR] Database connection lost
[2025-11-07T11:40:30.353594] [INFO] Service initialized
[2025-11-07T11:40:30.353597] [INFO] Connection established
[2025-11-07T11:40:30.353595] [INFO] Cache hit
[2025-11-07T11:40:30.353598] [INFO] Session started
[2025-11-07T11:40:30.353591] [INFO] Transaction completed
