[2025-11-07T11:40:29.500890] [DEBUG] Memory allocation: 2048 bytes
[2025-11-07T11:40:29.500884] [DEBUG] HTTP request headers parsed
[2025-11-07T11:40:29.500883] [DEBUG] Loop iteration: 15
[2025-11-07T11:40:29.500891] [DEBUG] Buffer size: 4096 bytes
[2025-11-07T11:40:29.500876] [WARN] Resource threshold approaching
[2025-11-07T11:40:29.500882] [DEBUG] Connection pool status checked
[2025-11-07T11:40:29.500886] [DEBUG] Variable value: x=42
[2025-11-07T11:40:29.500877] [ERROR] Network timeout
[2025-11-07T11:40:29.500875] [WARN] Slow query performance
[2025-11-07T11:40:29.500887] [DEBUG] HTTP request headers parsed
[2025-11-07T11:40:29.500888] [DEBUG] Connection pool status checked
[2025-11-07T11:40:29.500879] [ERROR] Network timeout
[2025-11-07T11:40:29.500862] [INFO] Health check passed
[2025-11-07T11:40:29.500870] [INFO] Database query executed
[2025-11-07T11:40:29.500864] [INFO] Health check passed
[2025-11-07T11:40:29.500878] [ERROR] File not found
[2025-11-07T11:40:29.500859] [INFO] Transaction completed
[2025-11-07T11:40:29.500866] [INFO] Health check passed
[2025-11-07T11:40:29.500873] [INFO] User logged in
[2025-11-07T11:40:29.500865] [INFO] Configuration loaded
[2025-11-07T11:40:29.500889] [DEBUG] Loop iteration: 15
[2025-11-07T11:40:29.500881] [DEBUG] Timer set: 30 seconds
[2025-11-07T11:40:29.500892] [DEBUG] Buffer size: 4096 bytes
[2025-11-07T11:40:29.500867] [INFO] Connection established
[2025-11-07T11:40:29.500860] [INFO] Connection established
[2025-11-07T11:40:29.500872] [INFO] Transaction completed
[2025-11-07T11:40:29.500861] [INFO] Request processed successfully
[2025-11-07T11:40:29.500869] [INFO] Cache hit
[2025-11-07T11:40:29.500868] [INFO] Database query executed
[2025-11-07T11:40:29.500874] [WARN] Timeout warning
[2025-11-07T11:40:29.500858] [INFO] Connection established
[2025-11-07T11:40:29.500863] [INFO] Health check passed
[2025-11-07T11:40:29.500885] [DEBUG] Timer set: 30 seconds
[2025-11-07T11:40:29.500871] [INFO] Health check passed
