[2025-11-07T11:40:29.500445] [INFO] Transaction completed
[2025-11-07T11:40:29.500466] [DEBUG] Cache key generated
[2025-11-07T11:40:29.500454] [INFO] Configuration loaded
[2025-11-07T11:40:29.500461] [ERROR] Memory allocation error
[2025-11-07T11:40:29.500449] [INFO] Transaction completed
[2025-11-07T11:40:29.500447] [INFO] Configuration loaded
[2025-11-07T11:40:29.500457] [WARN] Cache miss
[2025-11-07T11:40:29.500446] [INFO] Request processed successfully
[2025-11-07T11:40:29.500467] [DEBUG] Thread pool size: 8
[2025-11-07T11:40:29.500443] [INFO] Session started
[2025-11-07T11:40:29.500460] [ERROR] Authentication failed
[2025-11-07T11:40:29.500441] [INFO] Connection established
[2025-11-07T11:40:29.500448] [INFO] Configuration loaded
[2025-11-07T11:40:29.500469] [DEBUG] Thread pool size: 8
[2025-11-07T11:40:29.500444] [INFO] Configuration loaded
[2025-11-07T11:40:29.500456] [WARN] Cache miss
[2025-11-07T11:40:29.500458] [WARN] Rate limit approaching
[2025-11-07T11:40:29.500450] [INFO] Session started
[2025-11-07T11:40:29.500465] [DEBUG] Loop iteration: 15
[2025-11-07T11:40:29.500453] [INFO] Health check passed
[2025-11-07T11:40:29.500451] [INFO] Health check passed
[2025-11-07T11:40:29.500452] [INFO] Database query executed
[2025-11-07T11:40:29.500468] [DEBUG] Thread pool size: 8
[2025-11-07T11:40:29.500442] [INFO] User logged in
[2025-11-07T11:40:29.500455] [INFO] Cache hit
[2025-11-07T11:40:29.500464] [DEBUG] Connection pool status checked
[2025-11-07T11:40:29.500462] [ERROR] Disk read failed
[2025-11-07T11:40:29.500459] [WARN] Timeout warning
