[2025-11-07T11:40:29.976342] [INFO] Service initialized
[2025-11-07T11:40:29.976355] [WARN] Cache miss
[2025-11-07T11:40:29.976340] [INFO] Health check passed
[2025-11-07T11:40:29.976365] [DEBUG] Timer set: 30 seconds
[2025-11-07T11:40:29.976344] [INFO] Database query executed
[2025-11-07T11:40:29.976364] [DEBUG] Memory allocation: 2048 bytes
[2025-11-07T11:40:29.976351] [INFO] Configuration loaded
[2025-11-07T11:40:29.976347] [INFO] Session started
[2025-11-07T11:40:29.976354] [WARN] Cache miss
[2025-11-07T11:40:29.976362] [DEBUG] Buffer size: 4096 bytes
[2025-11-07T11:40:29.976349] [INFO] User logged in
[2025-11-07T11:40:29.976346] [INFO] Session started
[2025-11-07T11:40:29.976366] [DEBUG] Thread pool size: 8
[2025-11-07T11:40:29.976368] [DEBUG] Connection pool status checked
[2025-11-07T11:40:29.976353] [WARN] Rate limit approaching
[2025-11-07T11:40:29.976367] [DEBUG] Cache key generated
[2025-11-07T11:40:29.976339] [INFO] User logged in
[2025-11-07T11:40:29.976363] [DEBUG] Variable value: x=42
[2025-11-07T11:40:29.976345] [INFO] Session started
[2025-11-07T11:40:29.976357] [WARN] Connection retry attempt
[2025-11-07T11:40:29.976352] [WARN] Queue size growing
[2025-11-07T11:40:29.976343] [INFO] Database query executed
[2025-11-07T11:40:29.976337] [INFO] Cache hit
[2025-11-07T11:40:29.976361] [DEBUG] HTTP request headers parsed
[2025-11-07T11:40:29.976350] [INFO] Database query executed
[2025-11-07T11:40:29.976341] [INFO] Transaction completed
[2025-11-07T11:40:29.976359] [ERROR] Invalid input data
[2025-11-07T11:40:29.976356] [WARN] High memory usage detected
[2025-11-07T11:40:29.976358] [ERROR] Memory allocation error
[2025-11-07T11:40:29.976348] [INFO] Database query executed
