[2025-11-07T11:40:30.152225] [INFO] Configuration loaded
[2025-11-07T11:40:30.152243] [DEBUG] Memory allocation: 2048 bytes
[2025-11-07T11:40:30.152239] [DEBUG] Cache key generated
[2025-11-07T11:40:30.152226] [INFO] Cache hit
[2025-11-07T11:40:30.152242] [DEBUG] Loop iteration: 15
[2025-11-07T11:40:30.152235] [ERROR] Request failed
[2025-11-07T11:40:30.152222] [INFO] Transaction completed
[2025-11-07T11:40:30.152219] [INFO] Health check passed
[2025-11-07T11:40:30.152227] [INFO] Cache hit
[2025-11-07T11:40:30.152238] [DEBUG] Variable value: x=42
[2025-11-07T11:40:30.152217] [INFO] Service initialized
[2025-11-07T11:40:30.152218] [INFO] Database query executed
[2025-11-07T11:40:30.152241] [DEBUG] Buffer size: 4096 bytes
[2025-11-07T11:40:30.152237] [DEBUG] HTTP request headers parsed
[2025-11-07T11:40:30.152240] [DEBUG] Entering function process_data()
[2025-11-07T11:40:30.152230] [INFO] Connection established
[2025-11-07T11:40:30.152229] [INFO] Cache hit
[2025-11-07T11:40:30.152231] [INFO] User logged in
[2025-11-07T11:40:30.152232] [WARN] Disk space low
[2025-11-07T11:40:30.152223] [INFO] Session started
[2025-11-07T11:40:30.152224] [INFO] Health check passed
[2025-11-07T11:40:30.152221] [INFO] Cache hit
[2025-11-07T11:40:30.152242] [DEBUG] Buffer size: 4096 bytes
[2025-11-07T11:40:30.152234] [ERROR] Disk read failed
[2025-11-07T11:40:30.152233] [WARN] Rate limit approaching
[2025-11-07T11:40:30.152228] [INFO] Service initialized
[2025-11-07T11:40:30.152220] [INFO] User logged in
