[2025-11-07T11:40:30.278591] [INFO] Request processed successfully
[2025-11-07T11:40:30.278594] [WARN] Queue size growing
[2025-11-07T11:40:30.278598] [WARN] Rate limit approaching
[2025-11-07T11:40:30.278597] [WARN] Cache miss
[2025-11-07T11:40:30.278590] [INFO] Configuration loaded
[2025-11-07T11:40:30.278577] [INFO] Configuration loaded
[2025-11-07T11:40:30.278579] [INFO] Session started
[2025-11-07T11:40:30.278600] [ERROR] File not found
[2025-11-07T11:40:30.278581] [INFO] User logged in
[2025-11-07T11:40:30.278599] [ERROR] Invalid input data
[2025-11-07T11:40:30.278580] [INFO] Service initialized
[2025-11-07T11:40:30.278583] [INFO] Connection established
[2025-11-07T11:40:30.278602] [DEBUG] Timer set: 30 seconds
[2025-11-07T11:40:30.278596] [WARN] Connection retry attempt
[2025-11-07T11:40:30.278603] [DEBUG] Connection pool status checked
[2025-11-07T11:40:30.278588] [INFO] Configuration loaded
[2025-11-07T11:40:30.278587] [INFO] Health check passed
[2025-11-07T11:40:30.278606] [DEBUG] Thread pool size: 8
[2025-11-07T11:40:30.278609] [DEBUG] Buffer size: 4096 bytes
[2025-11-07T11:40:30.278593] [INFO] Service initialized
[2025-11-07T11:40:30.278610] [DEBUG] HTTP request headers parsed
[2025-11-07T11:40:30.278592] [INFO] User logged in
[2025-11-07T11:40:30.278585] [INFO] Request processed successfully
[2025-11-07T11:40:30.278611] [DEBUG] Cache key generated
[2025-11-07T11:40:30.278608] [DEBUG] Buffer size: 4096 bytes
[2025-11-07T11:40:30.278604] [DEBUG] Entering function process_data()
[2025-11-07T11:40:30.278586] [INFO] Connection established
[2025-11-07T11:40:30.278584] [INFO] Configuration loaded
[2025-11-07T11:40:30.278595] [WARN] Connection retry attempt
[2025-11-07T11:40:30.278582] [INFO] Health check passed
[2025-11-07T11:40:30.278607] [DEBUG] Timer set: 30 seconds
[2025-11-07T11:40:30.278605] [DEBUG] HTTP request headers parsed
[2025-11-07T11:40:30.278601] [DEBUG] Connection pool status checked
[2025-11-07T11:40:30.278589] [INFO] Configuration loaded
