[2025-11-07T11:40:29.679019] [INFO] Session started
[2025-11-07T11:40:29.679034] [INFO] User logged in
[2025-11-07T11:40:29.679044] [DEBUG] Connection pool status checked
[2025-11-07T11:40:29.679050] [DEBUG] Loop iteration: 15
[2025-11-07T11:40:29.679040] [WARN] Rate limit approaching
[2025-11-07T11:40:29.679047] [DEBUG] Loop iteration: 15
[2025-11-07T11:40:29.679030] [INFO] Database query executed
[2025-11-07T11:40:29.679023] [INFO] Transaction completed
[2025-11-07T11:40:29.679028] [INFO] Service initialized
[2025-11-07T11:40:29.679024] [INFO] Health check passed
[2025-11-07T11:40:29.679046] [DEBUG] Timer set: 30 seconds
[2025-11-07T11:40:29.679049] [DEBUG] Connection pool status checked
[2025-11-07T11:40:29.679048] [DEBUG] Buffer size: 4096 bytes
[2025-11-07T11:40:29.679038] [WARN] Connection retry attempt
[2025-11-07T11:40:29.679020] [INFO] Service initialized
[2025-11-07T11:40:29.679031] [INFO] Service initialized
[2025-11-07T11:40:29.679039] [WARN] Disk space low
[2025-11-07T11:40:29.679035] [WARN] Queue size growing
[2025-11-07T11:40:29.679022] [INFO] Database query executed
[2025-11-07T11:40:29.679025] [INFO] Health check passed
[2025-11-07T11:40:29.679029] [INFO] Connection established
[2025-11-07T11:40:29.679042] [ERROR] File not found
[2025-11-07T11:40:29.679026] [INFO] Configuration loaded
[2025-11-07T11:40:29.679027] [INFO] Health check passed
[2025-11-07T11:40:29.679032] [INFO] Health check passed
[2025-11-07T11:40:29.679043] [DEBUG] Variable value: x=42
[2025-11-07T11:40:29.679036] [WARN] Resource threshold approaching
[2025-11-07T11:40:29.679051] [DEBUG] Connection pool status checked
[2025-11-07T11:40:29.679037] [WARN] Deprecated API usage
[2025-11-07T11:40:29.679032] [INFO] User logged in
[2025-11-07T11:40:29.679041] [WARN] Disk space low
[2025-11-07T11:40:29.679045] [DEBUG] Cache key generated
