[2025-11-07T11:40:30.368789] [INFO] Database query executed
[2025-11-07T11:40:30.368793] [INFO] Database query executed
[2025-11-07T11:40:30.368810] [DEBUG] Timer set: 30 seconds
[2025-11-07T11:40:30.368794] [INFO] User logged in
[2025-11-07T11:40:30.368815] [DEBUG] Memory allocation: 2048 bytes
[2025-11-07T11:40:30.368808] [ERROR] Disk read failed
[2025-11-07T11:40:30.368805] [WARN] Disk space low
[2025-11-07T11:40:30.368803] [INFO] User logged in
[2025-11-07T11:40:30.368801] [INFO] Service initialized
[2025-11-07T11:40:30.368819] [DEBUG] Buffer size: 4096 bytes
[2025-11-07T11:40:30.368787] [INFO] Cache hit
[2025-11-07T11:40:30.368786] [INFO] Service initialized
[2025-11-07T11:40:30.368806] [ERROR] Network timeout
[2025-11-07T11:40:30.368796] [INFO] Configuration loaded
[2025-11-07T11:40:30.368792] [INFO] Configuration loaded
[2025-11-07T11:40:30.368812] [DEBUG] Memory allocation: 2048 bytes
[2025-11-07T11:40:30.368811] [DEBUG] Variable value: x=42
[2025-11-07T11:40:30.368800] [INFO] Database query executed
[2025-11-07T11:40:30.368809] [DEBUG] Memory allocation: 2048 bytes
[2025-11-07T11:40:30.368783] [INFO] Database query executed
[2025-11-07T11:40:30.368785] [INFO] Transaction completed
[2025-11-07T11:40:30.368818] [DEBUG] Entering function process_data()
[2025-11-07T11:40:30.368790] [INFO] Transaction completed
[2025-11-07T11:40:30.368814] [DEBUG] Memory allocation: 2048 bytes
[2025-11-07T11:40:30.368797] [INFO] Session started
[2025-11-07T11:40:30.368813] [DEBUG] HTTP request headers parsed
[2025-11-07T11:40:30.368820] [DEBUG] Buffer size: 4096 bytes
[2025-11-07T11:40:30.368788] [INFO] Health check passed
[2025-11-07T11:40:30.368802] [INFO] Service initialized
[2025-11-07T11:40:30.368817] [DEBUG] HTTP request headers parsed
[2025-11-07T11:40:30.368798] [INFO] Database query executed
[2025-11-07T11:40:30.368816] [DEBUG] Connection pool status checked
