[2025-11-07T11:40:30.131660] [ERROR] Database connection lost
[2025-11-07T11:40:30.131643] [INFO] User logged in
[2025-11-07T11:40:30.131641] [INFO] Database query executed
[2025-11-07T11:40:30.131667] [DEBUG] Variable value: x=42
[2025-11-07T11:40:30.131647] [INFO] Configuration loaded
[2025-11-07T11:40:30.131666] [DEBUG] Loop iteration: 15
[2025-11-07T11:40:30.131636] [INFO] User logged in
[2025-11-07T11:40:30.131662] [ERROR] Memory allocation error
[2025-11-07T11:40:30.131653] [INFO] Configuration loaded
[2025-11-07T11:40:30.131648] [INFO] Health check passed
[2025-11-07T11:40:30.131657] [WARN] Disk space low
[2025-11-07T11:40:30.131655] [WARN] Deprecated API usage
[2025-11-07T11:40:30.131650] [INFO] User logged in
[2025-11-07T11:40:30.131663] [DEBUG] Timer set: 30 seconds
[2025-11-07T11:40:30.131665] [DEBUG] Variable value: x=42
[2025-11-07T11:40:30.131645] [INFO] Cache hit
[2025-11-07T11:40:30.131651] [INFO] Configuration loaded
[2025-11-07T11:40:30.131649] [INFO] Database query executed
[2025-11-07T11:40:30.131659] [WARN] Deprecated API usage
[2025-11-07T11:40:30.131652] [INFO] Session started
[2025-11-07T11:40:30.131668] [DEBUG] Memory allocation: 2048 bytes
[2025-11-07T11:40:30.131656] [WARN] Resource threshold approaching
[2025-11-07T11:40:30.131644] [INFO] Request processed successfully
[2025-11-07T11:40:30.131646] [INFO] Database query executed
[2025-11-07T11:40:30.131658] [WARN] Queue size growing
[2025-11-07T11:40:30.131664] [DEBUG] Buffer size: 4096 bytes
[2025-11-07T11:40:30.131654] [INFO] Health check passed
[2025-11-07T11:40:30.131640] [INFO] Transaction completed
