[2025-11-07T11:40:29.613952] [DEBUG] Variable value: x=42
[2025-11-07T11:40:29.613953] [DEBUG] Timer set: 30 seconds
[2025-11-07T11:40:29.613933] [INFO] Transaction completed
[2025-11-07T11:40:29.613938] [INFO] Connection established
[2025-11-07T11:40:29.613948] [WARN] Deprecated API usage
[2025-11-07T11:40:29.613942] [INFO] Transaction completed
[2025-11-07T11:40:29.613958] [DEBUG] Variable value: x=42
[2025-11-07T11:40:29.613947] [WARN] Deprecated API usage
[2025-11-07T11:40:29.613959] [DEBUG] Entering function process_data()
[2025-11-07T11:40:29.613934] [INFO] Configuration loaded
[2025-11-07T11:40:29.613956] [DEBUG] Cache key generated
[2025-11-07T11:40:29.613940] [INFO] Configuration loaded
[2025-11-07T11:40:29.613943] [INFO] User logged in
[2025-11-07T11:40:29.613951] [ERROR] Disk read failed
[2025-11-07T11:40:29.613954] [DEBUG] Timer set: 30 seconds
[2025-11-07T11:40:29.613950] [ERROR] Network timeout
[2025-11-07T11:40:29.613939] [INFO] Health check passed
[2025-11-07T11:40:29.613957] [DEBUG] Thread pool size: 8
[2025-11-07T11:40:29.613945] [INFO] Cache hit
[2025-11-07T11:40:29.613936] [INFO] Health check passed
[2025-11-07T11:40:29.613941] [INFO] Connection established
[2025-11-07T11:40:29.613931] [INFO] Configuration loaded
[2025-11-07T11:40:29.613949] [ERROR] Database connection lost
[2025-11-07T11:40:29.613935] [INFO] Health check passed
[2025-11-07T11:40:29.613944] [INFO] User logged in
[2025-11-07T11:40:29.613955] [DEBUG] Timer set: 30 seconds
[2025-11-07T11:40:29.613946] [INFO] User logged in
[2025-11-07T11:40:29.613937] [INFO] Session started
