[2025-11-07T11:40:30.001279] [INFO] Configuration loaded
[2025-11-07T11:40:30.001294] [WARN] Connection retry attempt
[2025-11-07T11:40:30.001278] [INFO] Cache hit
[2025-11-07T11:40:30.001295] [WARN] High memory usage detected
[2025-11-07T11:40:30.001287] [INFO] Service initialized
[2025-11-07T11:40:30.001290] [INFO] User logged in
[2025-11-07T11:40:30.001284] [INFO] Request processed successfully
[2025-11-07T11:40:30.001277] [INFO] Connection established
[2025-11-07T11:40:30.001298] [ERROR] Invalid input data
[2025-11-07T11:40:30.001291] [INFO] Session started
[2025-11-07T11:40:30.001285] [INFO] Session started
[2025-11-07T11:40:30.001288] [INFO] Service initialized
[2025-11-07T11:40:30.001304] [DEBUG] Thread pool size: 8
[2025-11-07T11:40:30.001303] [DEBUG] Thread pool size: 8
[2025-11-07T11:40:30.001276] [INFO] Service initialized
[2025-11-07T11:40:30.001297] [ERROR] Invalid input data
[2025-11-07T11:40:30.001306] [DEBUG] Timer set: 30 seconds
[2025-11-07T11:40:30.001282] [INFO] Health check passed
[2025-11-07T11:40:30.001275] [INFO] Request processed successfully
[2025-11-07T11:40:30.001281] [INFO] User logged in
[2025-11-07T11:40:30.001301] [DEBUG] Cache key generated
[2025-11-07T11:40:30.001300] [DEBUG] HTTP request headers parsed
[2025-11-07T11:40:30.001302] [DEBUG] Timer set: 30 seconds
[2025-11-07T11:40:30.001292] [WARN] Rate limit approaching
[2025-11-07T11:40:30.001286] [INFO] Request processed successfully
[2025-11-07T11:40:30.001283] [INFO] Connection established
[2025-11-07T11:40:30.001289] [INFO] Configuration loaded
[2025-11-07T11:40:30.001299] [DEBUG] Thread pool size: 8
[2025-11-07T11:40:30.001305] [DEBUG] Thread pool size: 8
[2025-11-07T11:40:30.001293] [WARN] Resource threshold approaching
[2025-11-07T11:40:30.001280] [INFO] Database query executed
[2025-11-07T11:40:30.001307] [DEBUG] Connection pool status checked
