[2025-11-07T11:40:29.531814] [INFO] User logged in
[2025-11-07T11:40:29.531830] [INFO] Database query executed
[2025-11-07T11:40:29.531813] [INFO] Service initialized
[2025-11-07T11:40:29.531821] [INFO] Request processed successfully
[2025-11-07T11:40:29.531826] [INFO] Request processed successfully
[2025-11-07T11:40:29.531827] [INFO] Cache hit
[2025-11-07T11:40:29.531824] [INFO] Service initialized
[2025-11-07T11:40:29.531834] [WARN] Cache miss
[2025-11-07T11:40:29.531839] [ERROR] Invalid input data
[2025-11-07T11:40:29.531820] [INFO] Service initialized
[2025-11-07T11:40:29.531818] [INFO] Cache hit
[2025-11-07T11:40:29.531849] [DEBUG] Loop iteration: 15
[2025-11-07T11:40:29.531844] [DEBUG] Connection pool status checked
[2025-11-07T11:40:29.531842] [DEBUG] Entering function process_data()
[2025-11-07T11:40:29.531816] [INFO] Service initialized
[2025-11-07T11:40:29.531825] [INFO] Database query executed
[2025-11-07T11:40:29.531841] [DEBUG] Cache key generated
[2025-11-07T11:40:29.531828] [INFO] Database query executed
[2025-11-07T11:40:29.531817] [INFO] Transaction completed
[2025-11-07T11:40:29.531836] [WARN] Rate limit approaching
[2025-11-07T11:40:29.531835] [WARN] High memory usage detected
[2025-11-07T11:40:29.531848] [DEBUG] Cache key generated
[2025-11-07T11:40:29.531832] [WARN] Queue size growing
[2025-11-07T11:40:29.531837] [WARN] Deprecated API usage
[2025-11-07T11:40:29.531843] [DEBUG] Buffer size: 4096 bytes
[2025-11-07T11:40:29.531840] [ERROR] Database connection lost
[2025-11-07T11:40:29.531847] [DEBUG] Thread pool size: 8
[2025-11-07T11:40:29.531831] [WARN] Rate limit approaching
[2025-11-07T11:40:29.531845] [DEBUG] Buffer size: 4096 bytes
[2025-11-07T11:40:29.531811] [INFO] Health check passed
[2025-11-07T11:40:29.531822] [INFO] Cache hit
[2025-11-07T11:40:29.531838] [WARN] Slow query performance
[2025-11-07T11:40:29.531846] [DEBUG] Connection pool status checked
