[2025-11-07T11:40:30.296790] [WARN] Resource threshold approaching
[2025-11-07T11:40:30.296798] [DEBUG] Thread pool size: 8
[2025-11-07T11:40:30.296785] [INFO] User logged in
[2025-11-07T11:40:30.296777] [INFO] Database query executed
[2025-11-07T11:40:30.296780] [INFO] Request processed successfully
[2025-11-07T11:40:30.296802] [DEBUG] Thread pool size: 8
[2025-11-07T11:40:30.296776] [INFO] Cache hit
[2025-11-07T11:40:30.296788] [INFO] Transaction completed
[2025-11-07T11:40:30.296781] [INFO] Session started
[2025-11-07T11:40:30.296793] [WARN] Connection retry attempt
[2025-11-07T11:40:30.296783] [INFO] Transaction completed
[2025-11-07T11:40:30.296796] [DEBUG] Thread pool size: 8
[2025-11-07T11:40:30.296782] [INFO] Database query executed
[2025-11-07T11:40:30.296779] [INFO] Health check passed
[2025-11-07T11:40:30.296794] [ERROR] Service unavailable
[2025-11-07T11:40:30.296803] [DEBUG] Entering function process_data()
[2025-11-07T11:40:30.296774] [INFO] User logged in
[2025-11-07T11:40:30.296778] [INFO] Session started
[2025-11-07T11:40:30.296800] [DEBUG] Loop iteration: 15
[2025-11-07T11:40:30.296784] [INFO] Database query executed
[2025-11-07T11:40:30.296791] [WARN] Disk space low
[2025-11-07T11:40:30.296792] [WARN] Queue size growing
[2025-11-07T11:40:30.296795] [ERROR] Service unavailable
[2025-11-07T11:40:30.296801] [DEBUG] Timer set: 30 seconds
[2025-11-07T11:40:30.296797] [DEBUG] Memory allocation: 2048 bytes
[2025-11-07T11:40:30.296787] [INFO] Request processed successfully
[2025-11-07T11:40:30.296789] [WARN] Cache miss
[2025-11-07T11:40:30.296804] [DEBUG] Connection pool status checked
[2025-11-07T11:40:30.296799] [DEBUG] Buffer size: 4096 bytes
[2025-11-07T11:40:30.296786] [INFO] Health check passed
