[2025-11-07T11:40:30.190084] [INFO] Database query executed
[2025-11-07T11:40:30.190073] [INFO] Connection established
[2025-11-07T11:40:30.190078] [INFO] Request processed successfully
[2025-11-07T11:40:30.190091] [ERROR] Permission denied
[2025-11-07T11:40:30.190075] [INFO] Transaction completed
[2025-11-07T11:40:30.190088] [WARN] Cache miss
[2025-11-07T11:40:30.190092] [ERROR] Invalid input data
[2025-11-07T11:40:30.190081] [INFO] Cache hit
[2025-11-07T11:40:30.190083] [INFO] Service initialized
[2025-11-07T11:40:30.190096] [DEBUG] Cache key generated
[2025-11-07T11:40:30.190093] [ERROR] Database connection lost
[2025-11-07T11:40:30.190099] [DEBUG] Timer set: 30 seconds
[2025-11-07T11:40:30.190074] [INFO] Session started
[2025-11-07T11:40:30.190085] [INFO] Service initialized
[2025-11-07T11:40:30.190077] [INFO] Cache hit
[2025-11-07T11:40:30.190097] [DEBUG] Memory allocation: 2048 bytes
[2025-11-07T11:40:30.190090] [WARN] Slow query performance
[2025-11-07T11:40:30.190079] [INFO] User logged in
[2025-11-07T11:40:30.190087] [WARN] Rate limit approaching
[2025-11-07T11:40:30.190076] [INFO] Connection established
[2025-11-07T11:40:30.190095] [DEBUG] Buffer size: 4096 bytes
[2025-11-07T11:40:30.190082] [INFO] Transaction completed
[2025-11-07T11:40:30.190089] [WARN] Resource threshold approaching
[2025-11-07T11:40:30.190100] [DEBUG] Thread pool size: 8
[2025-11-07T11:40:30.190080] [INFO] Connection established
[2025-11-07T11:40:30.190086] [INFO] Session started
[2025-11-07T11:40:30.190101] [DEBUG] HTTP request headers parsed
[2025-11-07T11:40:30.190098] [DEBUG] Loop iteration: 15
[2025-11-07T11:40:30.190094] [DEBUG] Memory allocation: 2048 bytes
