[2025-11-07T11:40:30.244380] [DEBUG] Memory allocation: 2048 bytes
[2025-11-07T11:40:30.244363] [INFO] Transaction completed
[2025-11-07T11:40:30.244371] [INFO] Connection established
[2025-11-07T11:40:30.244359] [INFO] Transaction completed
[2025-11-07T11:40:30.244377] [ERROR] Authentication failed
[2025-11-07T11:40:30.244369] [INFO] Service initialized
[2025-11-07T11:40:30.244386] [DEBUG] Entering function process_data()
[2025-11-07T11:40:30.244376] [ERROR] Disk read failed
[2025-11-07T11:40:30.244383] [DEBUG] Cache key generated
[2025-11-07T11:40:30.244357] [INFO] Database query executed
[2025-11-07T11:40:30.244388] [DEBUG] Variable value: x=42
[2025-11-07T11:40:30.244384] [DEBUG] Thread pool size: 8
[2025-11-07T11:40:30.244360] [INFO] Session started
[2025-11-07T11:40:30.244370] [INFO] Request processed successfully
[2025-11-07T11:40:30.244385] [DEBUG] Entering function process_data()
[2025-11-07T11:40:30.244364] [INFO] Service initialized
[2025-11-07T11:40:30.244374] [WARN] Deprecated API usage
[2025-11-07T11:40:30.244373] [WARN] Rate limit approaching
[2025-11-07T11:40:30.244355] [INFO] Configuration loaded
[2025-11-07T11:40:30.244365] [INFO] Configuration loaded
[2025-11-07T11:40:30.244366] [INFO] Database query executed
[2025-11-07T11:40:30.244378] [DEBUG] Connection pool status checked
[2025-11-07T11:40:30.244358] [INFO] Cache hit
[2025-11-07T11:40:30.244389] [DEBUG] Entering function process_data()
[2025-11-07T11:40:30.244381] [DEBUG] Variable value: x=42
[2025-11-07T11:40:30.244362] [INFO] Service initialized
[2025-11-07T11:40:30.244361] [INFO] Service initialized
[2025-11-07T11:40:30.244368] [INFO] Configuration loaded
