[2025-11-07T11:40:30.361277] [INFO] Database query executed
[2025-11-07T11:40:30.361280] [INFO] Connection established
[2025-11-07T11:40:30.361289] [WARN] Deprecated API usage
[2025-11-07T11:40:30.361302] [DEBUG] Memory allocation: 2048 bytes
[2025-11-07T11:40:30.361283] [INFO] Session started
[2025-11-07T11:40:30.361284] [INFO] Request processed successfully
[2025-11-07T11:40:30.361287] [INFO] Session started
[2025-11-07T11:40:30.361291] [WARN] Resource threshold approaching
[2025-11-07T11:40:30.361297] [DEBUG] Timer set: 30 seconds
[2025-11-07T11:40:30.361301] [DEBUG] Cache key generated
[2025-11-07T11:40:30.361292] [WARN] Slow query performance
[2025-11-07T11:40:30.361285] [INFO] Session started
[2025-11-07T11:40:30.361298] [DEBUG] Cache key generated
[2025-11-07T11:40:30.361296] [DEBUG] Connection pool status checked
[2025-11-07T11:40:30.361303] [DEBUG] Thread pool size: 8
[2025-11-07T11:40:30.361294] [DEBUG] Loop iteration: 15
[2025-11-07T11:40:30.361299] [DEBUG] Cache key generated
[2025-11-07T11:40:30.361279] [INFO] Service initialized
[2025-11-07T11:40:30.361278] [INFO] Cache hit
[2025-11-07T11:40:30.361282] [INFO] Service initialized
[2025-11-07T11:40:30.361281] [INFO] Configuration loaded
[2025-11-07T11:40:30.361293] [ERROR] Database connection lost
[2025-11-07T11:40:30.361295] [DEBUG] Cache key generated
[2025-11-07T11:40:30.361290] [WARN] Connection retry attempt
[2025-11-07T11:40:30.361288] [INFO] Connection established
[2025-11-07T11:40:30.361286] [INFO] Cache hit
[2025-11-07T11:40:30.361275] [INFO] Health check passed
[2025-11-07T11:40:30.361304] [DEBUG] Timer set: 30 seconds
[2025-11-07T11:40:30.361300] [DEBUG] Cache key generated
