[2025-11-07T11:40:29.323441] [DEBUG] Timer set: 30 seconds
[2025-11-07T11:40:29.323446] [DEBUG] Memory allocation: 2048 bytes
[2025-11-07T11:40:29.323421] [INFO] Cache hit
[2025-11-07T11:40:29.323445] [DEBUG] Loop iteration: 15
[2025-11-07T11:40:29.323433] [INFO] Database query executed
[2025-11-07T11:40:29.323442] [DEBUG] Memory allocation: 2048 bytes
[2025-11-07T11:40:29.323423] [INFO] Configuration loaded
[2025-11-07T11:40:29.323438] [WARN] Connection retry attempt
[2025-11-07T11:40:29.323448] [DEBUG] Timer set: 30 seconds
[2025-11-07T11:40:29.323424] [INFO] Connection established
[2025-11-07T11:40:29.323435] [INFO] Database query executed
[2025-11-07T11:40:29.323431] [INFO] Database query executed
[2025-11-07T11:40:29.323427] [INFO] Database query executed
[2025-11-07T11:40:29.323443] [DEBUG] HTTP request headers parsed
[2025-11-07T11:40:29.323449] [DEBUG] Entering function process_data()
[2025-11-07T11:40:29.323437] [WARN] Connection retry attempt
[2025-11-07T11:40:29.323428] [INFO] Service initialized
[2025-11-07T11:40:29.323430] [INFO] Configuration loaded
[2025-11-07T11:40:29.323422] [INFO] Health check passed
[2025-11-07T11:40:29.323429] [INFO] User logged in
[2025-11-07T11:40:29.323426] [INFO] Service initialized
[2025-11-07T11:40:29.323420] [INFO] Cache hit
[2025-11-07T11:40:29.323444] [DEBUG] Timer set: 30 seconds
[2025-11-07T11:40:29.323426] [INFO] Transaction completed
[2025-11-07T11:40:29.323447] [DEBUG] Memory allocation: 2048 bytes
[2025-11-07T11:40:29.323439] [WARN] Timeout warning
[2025-11-07T11:40:29.323432] [INFO] Database query executed
[2025-11-07T11:40:29.323436] [WARN] Resource threshold approaching
[2025-11-07T11:40:29.323440] [ERROR] Network timeout
