[2025-11-07T11:40:29.628094] [INFO] Connection established
[2025-11-07T11:40:29.628109] [INFO] Cache hit
[2025-11-07T11:40:29.628114] [ERROR] Service unavailable
[2025-11-07T11:40:29.628102] [INFO] Health check passed
[2025-11-07T11:40:29.628115] [DEBUG] Timer set: 30 seconds
[2025-11-07T11:40:29.628110] [INFO] Request processed successfully
[2025-11-07T11:40:29.628106] [INFO] Transaction completed
[2025-11-07T11:40:29.628103] [INFO] Service initialized
[2025-11-07T11:40:29.628118] [DEBUG] Thread pool size: 8
[2025-11-07T11:40:29.628100] [INFO] Session started
[2025-11-07T11:40:29.628119] [DEBUG] Timer set: 30 seconds
[2025-11-07T11:40:29.628117] [DEBUG] Memory allocation: 2048 bytes
[2025-11-07T11:40:29.628101] [INFO] Database query executed
[2025-11-07T11:40:29.628104] [INFO] Database query executed
[2025-11-07T11:40:29.628120] [DEBUG] Entering function process_data()
[2025-11-07T11:40:29.628107] [INFO] Transaction completed
[2025-11-07T11:40:29.628096] [INFO] Service initialized
[2025-11-07T11:40:29.628099] [INFO] Request processed successfully
[2025-11-07T11:40:29.628111] [WARN] Cache miss
[2025-11-07T11:40:29.628105] [INFO] Health check passed
[2025-11-07T11:40:29.628098] [INFO] Service initialized
[2025-11-07T11:40:29.628112] [WARN] Deprecated API usage
[2025-11-07T11:40:29.628097] [INFO] Request processed successfully
[2025-11-07T11:40:29.628113] [WARN] Disk space low
[2025-11-07T11:40:29.628108] [INFO] Cache hit
[2025-11-07T11:40:29.628116] [DEBUG] Thread pool size: 8
