[2025-11-07T11:40:29.552679] [INFO] Connection established
[2025-11-07T11:40:29.552672] [INFO] Service initialized
[2025-11-07T11:40:29.552684] [DEBUG] Entering function process_data()
[2025-11-07T11:40:29.552671] [INFO] Cache hit
[2025-11-07T11:40:29.552688] [DEBUG] Buffer size: 4096 bytes
[2025-11-07T11:40:29.552670] [INFO] Configuration loaded
[2025-11-07T11:40:29.552672] [INFO] Health check passed
[2025-11-07T11:40:29.552686] [DEBUG] Timer set: 30 seconds
[2025-11-07T11:40:29.552685] [DEBUG] Connection pool status checked
[2025-11-07T11:40:29.552666] [INFO] Transaction completed
[2025-11-07T11:40:29.552691] [DEBUG] Connection pool status checked
[2025-11-07T11:40:29.552682] [ERROR] Authentication failed
[2025-11-07T11:40:29.552687] [DEBUG] Memory allocation: 2048 bytes
[2025-11-07T11:40:29.552665] [INFO] Session started
[2025-11-07T11:40:29.552681] [WARN] Slow query performance
[2025-11-07T11:40:29.552667] [INFO] Cache hit
[2025-11-07T11:40:29.552677] [INFO] Health check passed
[2025-11-07T11:40:29.552692] [DEBUG] Buffer size: 4096 bytes
[2025-11-07T11:40:29.552678] [INFO] Transaction completed
[2025-11-07T11:40:29.552674] [INFO] Session started
[2025-11-07T11:40:29.552693] [DEBUG] HTTP request headers parsed
[2025-11-07T11:40:29.552683] [ERROR] Database connection lost
[2025-11-07T11:40:29.552669] [INFO] Request processed successfully
[2025-11-07T11:40:29.552675] [INFO] Connection established
[2025-11-07T11:40:29.552673] [INFO] Session started
[2025-11-07T11:40:29.552690] [DEBUG] Loop iteration: 15
[2025-11-07T11:40:29.552676] [INFO] Transaction completed
