[2025-11-07T11:40:29.538659] [INFO] User logged in
[2025-11-07T11:40:29.538660] [INFO] Configuration loaded
[2025-11-07T11:40:29.538686] [DEBUG] Cache key generated
[2025-11-07T11:40:29.538673] [INFO] Transaction completed
[2025-11-07T11:40:29.538683] [DEBUG] Connection pool status checked
[2025-11-07T11:40:29.538666] [INFO] Configuration loaded
[2025-11-07T11:40:29.538685] [DEBUG] Variable value: x=42
[2025-11-07T11:40:29.538661] [INFO] Connection established
[2025-11-07T11:40:29.538670] [INFO] Connection established
[2025-11-07T11:40:29.538662] [INFO] Transaction completed
[2025-11-07T11:40:29.538674] [INFO] Health check passed
[2025-11-07T11:40:29.538678] [WARN] Queue size growing
[2025-11-07T11:40:29.538663] [INFO] Session started
[2025-11-07T11:40:29.538679] [ERROR] Network timeout
[2025-11-07T11:40:29.538672] [INFO] Connection established
[2025-11-07T11:40:29.538665] [INFO] User logged in
[2025-11-07T11:40:29.538671] [INFO] Transaction completed
[2025-11-07T11:40:29.538681] [DEBUG] Timer set: 30 seconds
[2025-11-07T11:40:29.538687] [DEBUG] Cache key generated
[2025-11-07T11:40:29.538667] [INFO] Session started
[2025-11-07T11:40:29.538666] [INFO] Transaction completed
[2025-11-07T11:40:29.538677] [WARN] Connection retry attempt
[2025-11-07T11:40:29.538675] [WARN] Cache miss
[2025-11-07T11:40:29.538676] [WARN] Resource threshold approaching
[2025-11-07T11:40:29.538669] [INFO] Service initialized
[2025-11-07T11:40:29.538680] [DEBUG] HTTP request headers parsed
[2025-11-07T11:40:29.538684] [DEBUG] Thread pool size: 8
[2025-11-07T11:40:29.538682] [DEBUG] Connection pool status checked
