[2025-11-07T11:40:29.575075] [INFO] Service initialized
[2025-11-07T11:40:29.575069] [INFO] Transaction completed
[2025-11-07T11:40:29.575074] [INFO] Connection established
[2025-11-07T11:40:29.575073] [INFO] Connection established
[2025-11-07T11:40:29.575068] [INFO] Cache hit
[2025-11-07T11:40:29.575084] [WARN] Slow query performance
[2025-11-07T11:40:29.575094] [DEBUG] Cache key generated
[2025-11-07T11:40:29.575096] [DEBUG] Timer set: 30 seconds
[2025-11-07T11:40:29.575078] [INFO] Service initialized
[2025-11-07T11:40:29.575072] [INFO] Connection established
[2025-11-07T11:40:29.575087] [ERROR] Request failed
[2025-11-07T11:40:29.575093] [DEBUG] Timer set: 30 seconds
[2025-11-07T11:40:29.575066] [INFO] Configuration loaded
[2025-11-07T11:40:29.575086] [ERROR] Invalid input data
[2025-11-07T11:40:29.575090] [DEBUG] Thread pool size: 8
[2025-11-07T11:40:29.575076] [INFO] Service initialized
[2025-11-07T11:40:29.575091] [DEBUG] Cache key generated
[2025-11-07T11:40:29.575063] [INFO] Session started
[2025-11-07T11:40:29.575083] [WARN] Rate limit approaching
[2025-11-07T11:40:29.575095] [DEBUG] Variable value: x=42
[2025-11-07T11:40:29.575070] [INFO] Database query executed
[2025-11-07T11:40:29.575082] [WARN] Resource threshold approaching
[2025-11-07T11:40:29.575088] [DEBUG] Timer set: 30 seconds
[2025-11-07T11:40:29.575079] [INFO] Cache hit
[2025-11-07T11:40:29.575089] [DEBUG] Memory allocation: 2048 bytes
[2025-11-07T11:40:29.575065] [INFO] Health check passed
[2025-11-07T11:40:29.575081] [WARN] Resource threshold approaching
[2025-11-07T11:40:29.575080] [INFO] Cache hit
[2025-11-07T11:40:29.575067] [INFO] Request processed successfully
[2025-11-07T11:40:29.575092] [DEBUG] Thread pool size: 8
[2025-11-07T11:40:29.575077] [INFO] User logged in
[2025-11-07T11:40:29.575085] [WARN] Resource threshold approaching
[2025-11-07T11:40:29.575071] [INFO] Health check passed
