[2025-11-07T11:40:29.733824] [DEBUG] Timer set: 30 seconds
[2025-11-07T11:40:29.733815] [INFO] Connection established
[2025-11-07T11:40:29.733813] [INFO] Session started
[2025-11-07T11:40:29.733818] [WARN] Resource threshold approaching
[2025-11-07T11:40:29.733829] [DEBUG] Loop iteration: 15
[2025-11-07T11:40:29.733809] [INFO] Database query executed
[2025-11-07T11:40:29.733819] [WARN] High memory usage detected
[2025-11-07T11:40:29.733822] [ERROR] Authentication failed
[2025-11-07T11:40:29.733814] [INFO] Configuration loaded
[2025-11-07T11:40:29.733806] [INFO] Service initialized
[2025-11-07T11:40:29.733811] [INFO] Service initialized
[2025-11-07T11:40:29.733825] [DEBUG] Cache key generated
[2025-11-07T11:40:29.733828] [DEBUG] Thread pool size: 8
[2025-11-07T11:40:29.733831] [DEBUG] Memory allocation: 2048 bytes
[2025-11-07T11:40:29.733816] [INFO] Transaction completed
[2025-11-07T11:40:29.733820] [WARN] Disk space low
[2025-11-07T11:40:29.733807] [INFO] Session started
[2025-11-07T11:40:29.733812] [INFO] Database query executed
[2025-11-07T11:40:29.733808] [INFO] Request processed successfully
[2025-11-07T11:40:29.733817] [WARN] Connection retry attempt
[2025-11-07T11:40:29.733810] [INFO] Database query executed
[2025-11-07T11:40:29.733826] [DEBUG] Loop iteration: 15
[2025-11-07T11:40:29.733804] [INFO] Connection established
[2025-11-07T11:40:29.733830] [DEBUG] Memory allocation: 2048 bytes
[2025-11-07T11:40:29.733827] [DEBUG] HTTP request headers parsed
[2025-11-07T11:40:29.733821] [WARN] Cache miss
[2025-11-07T11:40:29.733823] [DEBUG] Thread pool size: 8
