[2025-11-07T11:40:29.295433] [DEBUG] Memory allocation: 2048 bytes
[2025-11-07T11:40:29.295424] [WARN] Cache miss
[2025-11-07T11:40:29.295430] [DEBUG] Timer set: 30 seconds
[2025-11-07T11:40:29.295411] [INFO] User logged in
[2025-11-07T11:40:29.295422] [WARN] Slow query performance
[2025-11-07T11:40:29.295434] [DEBUG] Memory allocation: 2048 bytes
[2025-11-07T11:40:29.295407] [INFO] Session started
[2025-11-07T11:40:29.295428] [ERROR] Permission denied
[2025-11-07T11:40:29.295437] [DEBUG] Connection pool status checked
[2025-11-07T11:40:29.295404] [INFO] Cache hit
[2025-11-07T11:40:29.295410] [INFO] Session started
[2025-11-07T11:40:29.295435] [DEBUG] Connection pool status checked
[2025-11-07T11:40:29.295418] [INFO] Configuration loaded
[2025-11-07T11:40:29.295415] [INFO] Health check passed
[2025-11-07T11:40:29.295409] [INFO] Configuration loaded
[2025-11-07T11:40:29.295420] [WARN] Slow query performance
[2025-11-07T11:40:29.295436] [DEBUG] Entering function process_data()
[2025-11-07T11:40:29.295423] [WARN] Queue size growing
[2025-11-07T11:40:29.295412] [INFO] Health check passed
[2025-11-07T11:40:29.295408] [INFO] Health check passed
[2025-11-07T11:40:29.295417] [INFO] Connection established
[2025-11-07T11:40:29.295421] [WARN] Rate limit approaching
[2025-11-07T11:40:29.295416] [INFO] Health check passed
[2025-11-07T11:40:29.295426] [ERROR] Disk read failed
[2025-11-07T11:40:29.295419] [INFO] Service initialized
[2025-11-07T11:40:29.295423] [WARN] Connection retry attempt
[2025-11-07T11:40:29.295406] [INFO] Connection established
[2025-11-07T11:40:29.295425] [WARN] Resource threshold approaching
[2025-11-07T11:40:29.295431] [DEBUG] Connection pool status checked
[2025-11-07T11:40:29.295432] [DEBUG] Thread pool size: 8
[2025-11-07T11:40:29.295414] [INFO] Cache hit
[2025-11-07T11:40:29.295413] [INFO] Cache hit
[2025-11-07T11:40:29.295427] [ERROR] Service unavailable
