[2025-11-07T11:40:29.597323] [DEBUG] HTTP request headers parsed
[2025-11-07T11:40:29.597315] [WARN] Disk space low
[2025-11-07T11:40:29.597317] [ERROR] Service unavailable
[2025-11-07T11:40:29.597314] [WARN] Disk space low
[2025-11-07T11:40:29.597306] [INFO] Health check passed
[2025-11-07T11:40:29.597309] [INFO] Service initialized
[2025-11-07T11:40:29.597301] [INFO] Transaction completed
[2025-11-07T11:40:29.597308] [INFO] Configuration loaded
[2025-11-07T11:40:29.597313] [WARN] Rate limit approaching
[2025-11-07T11:40:29.597304] [INFO] Health check passed
[2025-11-07T11:40:29.597302] [INFO] Health check passed
[2025-11-07T11:40:29.597307] [INFO] Cache hit
[2025-11-07T11:40:29.597305] [INFO] Service initialized
[2025-11-07T11:40:29.597326] [DEBUG] Cache key generated
[2025-11-07T11:40:29.597321] [DEBUG] Cache key generated
[2025-11-07T11:40:29.597311] [INFO] Configuration loaded
[2025-11-07T11:40:29.597298] [INFO] User logged in
[2025-11-07T11:40:29.597319] [DEBUG] Memory allocation: 2048 bytes
[2025-11-07T11:40:29.597297] [INFO] Database query executed
[2025-11-07T11:40:29.597310] [INFO] User logged in
[2025-11-07T11:40:29.597318] [DEBUG] Timer set: 30 seconds
[2025-11-07T11:40:29.597322] [DEBUG] Thread pool size: 8
[2025-11-07T11:40:29.597325] [DEBUG] Connection pool status checked
[2025-11-07T11:40:29.597304] [INFO] Configuration loaded
[2025-11-07T11:40:29.597312] [WARN] Resource threshold approaching
[2025-11-07T11:40:29.597324] [DEBUG] Entering function process_data()
[2025-11-07T11:40:29.597320] [DEBUG] Variable value: x=42
[2025-11-07T11:40:29.597300] [INFO] Cache hit
[2025-11-07T11:40:29.597299] [INFO] Request processed successfully
