[2025-11-07T11:40:29.844363] [INFO] Database query executed
[2025-11-07T11:40:29.844375] [DEBUG] Buffer size: 4096 bytes
[2025-11-07T11:40:29.844361] [INFO] Configuration loaded
[2025-11-07T11:40:29.844378] [DEBUG] Cache key generated
[2025-11-07T11:40:29.844377] [DEBUG] Variable value: x=42
[2025-11-07T11:40:29.844367] [WARN] Connection retry attempt
[2025-11-07T11:40:29.844356] [INFO] Configuration loaded
[2025-11-07T11:40:29.844365] [INFO] Database query executed
[2025-11-07T11:40:29.844382] [DEBUG] Loop iteration: 15
[2025-11-07T11:40:29.844359] [INFO] Health check passed
[2025-11-07T11:40:29.844355] [INFO] Health check passed
[2025-11-07T11:40:29.844357] [INFO] Health check passed
[2025-11-07T11:40:29.844376] [DEBUG] Memory allocation: 2048 bytes
[2025-11-07T11:40:29.844354] [INFO] Connection established
[2025-11-07T11:40:29.844368] [WARN] Queue size growing
[2025-11-07T11:40:29.844350] [INFO] Configuration loaded
[2025-11-07T11:40:29.844370] [WARN] Resource threshold approaching
[2025-11-07T11:40:29.844380] [DEBUG] Thread pool size: 8
[2025-11-07T11:40:29.844362] [INFO] Request processed successfully
[2025-11-07T11:40:29.844371] [ERROR] Disk read failed
[2025-11-07T11:40:29.844374] [DEBUG] Loop iteration: 15
[2025-11-07T11:40:29.844379] [DEBUG] Cache key generated
[2025-11-07T11:40:29.844372] [ERROR] Permission denied
[2025-11-07T11:40:29.844365] [INFO] Service initialized
[2025-11-07T11:40:29.844364] [INFO] Connection established
[2025-11-07T11:40:29.844373] [DEBUG] Timer set: 30 seconds
[2025-11-07T11:40:29.844369] [WARN] Connection retry attempt
[2025-11-07T11:40:29.844352] [INFO] Cache hit
[2025-11-07T11:40:29.844358] [INFO] Cache hit
[2025-11-07T11:40:29.844360] [INFO] Configuration loaded
[2025-11-07T11:40:29.844381] [DEBUG] Cache key generated
[2025-11-07T11:40:29.844353] [INFO] Cache hit
