[2025-11-07T11:40:29.538575] [WARN] Timeout warning
[2025-11-07T11:40:29.538583] [DEBUG] Loop iteration: 15
[2025-11-07T11:40:29.538572] [WARN] Rate limit approaching
[2025-11-07T11:40:29.538568] [WARN] Connection retry attempt
[2025-11-07T11:40:29.538571] [WARN] Disk space low
[2025-11-07T11:40:29.538579] [DEBUG] Variable value: x=42
[2025-11-07T11:40:29.538585] [DEBUG] Cache key generated
[2025-11-07T11:40:29.538587] [DEBUG] Variable value: x=42
[2025-11-07T11:40:29.538557] [INFO] User logged in
[2025-11-07T11:40:29.538559] [INFO] User logged in
[2025-11-07T11:40:29.538570] [WARN] High memory usage detected
[2025-11-07T11:40:29.538551] [INFO] Session started
[2025-11-07T11:40:29.538555] [INFO] Connection established
[2025-11-07T11:40:29.538580] [DEBUG] Memory allocation: 2048 bytes
[2025-11-07T11:40:29.538567] [WARN] Timeout warning
[2025-11-07T11:40:29.538563] [INFO] Health check passed
[2025-11-07T11:40:29.538576] [ERROR] Memory allocation error
[2025-11-07T11:40:29.538584] [DEBUG] Timer set: 30 seconds
[2025-11-07T11:40:29.538565] [INFO] Connection established
[2025-11-07T11:40:29.538552] [INFO] Connection established
[2025-11-07T11:40:29.538564] [INFO] Transaction completed
[2025-11-07T11:40:29.538586] [DEBUG] Variable value: x=42
[2025-11-07T11:40:29.538562] [INFO] Cache hit
[2025-11-07T11:40:29.538565] [INFO] Database query executed
[2025-11-07T11:40:29.538554] [INFO] Service initialized
[2025-11-07T11:40:29.538577] [ERROR] Database connection lost
[2025-11-07T11:40:29.538573] [WARN] Connection retry attempt
[2025-11-07T11:40:29.538560] [INFO] Database query executed
[2025-11-07T11:40:29.538578] [DEBUG] Cache key generated
[2025-11-07T11:40:29.538553] [INFO] User logged in
[2025-11-07T11:40:29.538556] [INFO] Health check passed
[2025-11-07T11:40:29.538582] [DEBUG] Variable value: x=42
[2025-11-07T11:40:29.538558] [INFO] Database query executed
[2025-11-07T11:40:29.538574] [WARN] Timeout warning
[2025-11-07T11:40:29.538581] [DEBUG] Connection pool status checked
[2025-11-07T11:40:29.538569] [WARN] High memory usage detected
