[2025-11-07T11:40:30.114476] [ERROR] Memory allocation error
[2025-11-07T11:40:30.114471] [WARN] Disk space low
[2025-11-07T11:40:30.114456] [INFO] User logged in
[2025-11-07T11:40:30.114473] [WARN] Cache miss
[2025-11-07T11:40:30.114484] [DEBUG] Loop iteration: 15
[2025-11-07T11:40:30.114477] [ERROR] File not found
[2025-11-07T11:40:30.114481] [DEBUG] Entering function process_data()
[2025-11-07T11:40:30.114453] [INFO] Session started
[2025-11-07T11:40:30.114469] [INFO] Database query executed
[2025-11-07T11:40:30.114485] [DEBUG] Connection pool status checked
[2025-11-07T11:40:30.114479] [DEBUG] Connection pool status checked
[2025-11-07T11:40:30.114458] [INFO] Cache hit
[2025-11-07T11:40:30.114459] [INFO] Database query executed
[2025-11-07T11:40:30.114465] [INFO] Configuration loaded
[2025-11-07T11:40:30.114480] [DEBUG] Entering function process_data()
[2025-11-07T11:40:30.114474] [WARN] Timeout warning
[2025-11-07T11:40:30.114452] [INFO] Session started
[2025-11-07T11:40:30.114472] [WARN] Disk space low
[2025-11-07T11:40:30.114460] [INFO] User logged in
[2025-11-07T11:40:30.114455] [INFO] Session started
[2025-11-07T11:40:30.114457] [INFO] User logged in
[2025-11-07T11:40:30.114482] [DEBUG] Buffer size: 4096 bytes
[2025-11-07T11:40:30.114466] [INFO] Service initialized
[2025-11-07T11:40:30.114468] [INFO] Cache hit
[2025-11-07T11:40:30.114454] [INFO] Session started
[2025-11-07T11:40:30.114461] [INFO] Connection established
[2025-11-07T11:40:30.114483] [DEBUG] Loop iteration: 15
[2025-11-07T11:40:30.114464] [INFO] Configuration loaded
[2025-11-07T11:40:30.114462] [INFO] Service initialized
