[2025-11-07T11:40:29.725010] [INFO] Cache hit
[2025-11-07T11:40:29.725018] [WARN] Disk space low
[2025-11-07T11:40:29.725011] [INFO] User logged in
[2025-11-07T11:40:29.725020] [DEBUG] Thread pool size: 8
[2025-11-07T11:40:29.725025] [DEBUG] Thread pool size: 8
[2025-11-07T11:40:29.725015] [INFO] Session started
[2025-11-07T11:40:29.725005] [INFO] Session started
[2025-11-07T11:40:29.725019] [ERROR] Database connection lost
[2025-11-07T11:40:29.725001] [INFO] Session started
[2025-11-07T11:40:29.725021] [DEBUG] Variable value: x=42
[2025-11-07T11:40:29.725006] [INFO] Database query executed
[2025-11-07T11:40:29.725009] [INFO] Health check passed
[2025-11-07T11:40:29.725013] [INFO] Configuration loaded
[2025-11-07T11:40:29.725014] [INFO] Configuration loaded
[2025-11-07T11:40:29.725024] [DEBUG] Timer set: 30 seconds
[2025-11-07T11:40:29.725016] [WARN] High memory usage detected
[2025-11-07T11:40:29.725023] [DEBUG] Connection pool status checked
[2025-11-07T11:40:29.725007] [INFO] Cache hit
[2025-11-07T11:40:29.725017] [WARN] Slow query performance
[2025-11-07T11:40:29.725022] [DEBUG] Buffer size: 4096 bytes
[2025-11-07T11:40:29.725008] [INFO] Transaction completed
[2025-11-07T11:40:29.725004] [INFO] Session started
[2025-11-07T11:40:29.725003] [INFO] Request processed successfully
[2025-11-07T11:40:29.725012] [INFO] Connection established
