[2025-11-07T11:40:29.858482] [INFO] Health check passed
[2025-11-07T11:40:29.858507] [DEBUG] Connection pool status checked
[2025-11-07T11:40:29.858484] [INFO] Database query executed
[2025-11-07T11:40:29.858502] [DEBUG] Cache key generated
[2025-11-07T11:40:29.858488] [INFO] Service initialized
[2025-11-07T11:40:29.858489] [INFO] Cache hit
[2025-11-07T11:40:29.858493] [INFO] User logged in
[2025-11-07T11:40:29.858491] [INFO] Database query executed
[2025-11-07T11:40:29.858481] [INFO] Transaction completed
[2025-11-07T11:40:29.858495] [WARN] Deprecated API usage
[2025-11-07T11:40:29.858486] [INFO] Connection established
[2025-11-07T11:40:29.858487] [INFO] Transaction completed
[2025-11-07T11:40:29.858503] [DEBUG] Connection pool status checked
[2025-11-07T11:40:29.858509] [DEBUG] Variable value: x=42
[2025-11-07T11:40:29.858504] [DEBUG] HTTP request headers parsed
[2025-11-07T11:40:29.858497] [WARN] Cache miss
[2025-11-07T11:40:29.858506] [DEBUG] Entering function process_data()
[2025-11-07T11:40:29.858508] [DEBUG] Buffer size: 4096 bytes
[2025-11-07T11:40:29.858490] [INFO] Health check passed
[2025-11-07T11:40:29.858494] [INFO] Health check passed
[2025-11-07T11:40:29.858499] [WARN] Resource threshold approaching
[2025-11-07T11:40:29.858505] [DEBUG] Thread pool size: 8
[2025-11-07T11:40:29.858479] [INFO] Database query executed
[2025-11-07T11:40:29.858500] [ERROR] Invalid input data
[2025-11-07T11:40:29.858492] [INFO] Cache hit
[2025-11-07T11:40:29.858498] [WARN] Cache miss
[2025-11-07T11:40:29.858483] [INFO] Session started
[2025-11-07T11:40:29.858485] [INFO] Database query executed
[2025-11-07T11:40:29.858501] [DEBUG] HTTP request headers parsed
