[2025-11-07T11:40:29.427367] [INFO] Database query executed
[2025-11-07T11:40:29.427395] [DEBUG] Memory allocation: 2048 bytes
[2025-11-07T11:40:29.427385] [WARN] Connection retry attempt
[2025-11-07T11:40:29.427383] [WARN] Cache miss
[2025-11-07T11:40:29.427396] [DEBUG] Connection pool status checked
[2025-11-07T11:40:29.427384] [WARN] Cache miss
[2025-11-07T11:40:29.427373] [INFO] Service initialized
[2025-11-07T11:40:29.427397] [DEBUG] Cache key generated
[2025-11-07T11:40:29.427377] [INFO] Transaction completed
[2025-11-07T11:40:29.427390] [DEBUG] Variable value: x=42
[2025-11-07T11:40:29.427386] [WARN] Slow query performance
[2025-11-07T11:40:29.427379] [INFO] Configuration loaded
[2025-11-07T11:40:29.427382] [WARN] Timeout warning
[2025-11-07T11:40:29.427380] [INFO] Session started
[2025-11-07T11:40:29.427376] [INFO] Configuration loaded
[2025-11-07T11:40:29.427381] [INFO] Health check passed
[2025-11-07T11:40:29.427391] [DEBUG] Buffer size: 4096 bytes
[2025-11-07T11:40:29.427365] [INFO] User logged in
[2025-11-07T11:40:29.427370] [INFO] Service initialized
[2025-11-07T11:40:29.427387] [ERROR] Service unavailable
[2025-11-07T11:40:29.427374] [INFO] Health check passed
[2025-11-07T11:40:29.427399] [DEBUG] HTTP request headers parsed
[2025-11-07T11:40:29.427371] [INFO] Connection established
[2025-11-07T11:40:29.427375] [INFO] Health check passed
[2025-11-07T11:40:29.427398] [DEBUG] Memory allocation: 2048 bytes
[2025-11-07T11:40:29.427393] [DEBUG] Connection pool status checked
[2025-11-07T11:40:29.427378] [INFO] User logged in
[2025-11-07T11:40:29.427394] [DEBUG] Thread pool size: 8
[2025-11-07T11:40:29.427392] [DEBUG] Buffer size: 4096 bytes
[2025-11-07T11:40:29.427369] [INFO] Database query executed
[2025-11-07T11:40:29.427389] [DEBUG] Timer set: 30 seconds
[2025-11-07T11:40:29.427368] [INFO] Request processed successfully
[2025-11-07T11:40:29.427388] [ERROR] Request failed
[2025-11-07T11:40:29.427372] [INFO] Health check passed
