[2025-11-07T11:40:30.186605] [INFO] Session started
[2025-11-07T11:40:30.186608] [INFO] Request processed successfully
[2025-11-07T11:40:30.186616] [DEBUG] HTTP request headers parsed
[2025-11-07T11:40:30.186607] [INFO] Database query executed
[2025-11-07T11:40:30.186604] [INFO] Service initialized
[2025-11-07T11:40:30.186601] [INFO] Database query executed
[2025-11-07T11:40:30.186611] [WARN] Timeout warning
[2025-11-07T11:40:30.186615] [DEBUG] Entering function process_data()
[2025-11-07T11:40:30.186622] [DEBUG] Loop iteration: 15
[2025-11-07T11:40:30.186618] [DEBUG] Cache key generated
[2025-11-07T11:40:30.186609] [WARN] High memory usage detected
[2025-11-07T11:40:30.186614] [ERROR] Network timeout
[2025-11-07T11:40:30.186599] [INFO] Transaction completed
[2025-11-07T11:40:30.186598] [INFO] Transaction completed
[2025-11-07T11:40:30.186603] [INFO] Health check passed
[2025-11-07T11:40:30.186600] [INFO] Cache hit
[2025-11-07T11:40:30.186606] [INFO] Health check passed
[2025-11-07T11:40:30.186621] [DEBUG] Buffer size: 4096 bytes
[2025-11-07T11:40:30.186617] [DEBUG] Timer set: 30 seconds
[2025-11-07T11:40:30.186620] [DEBUG] Buffer size: 4096 bytes
[2025-11-07T11:40:30.186610] [WARN] Connection retry attempt
[2025-11-07T11:40:30.186619] [DEBUG] Thread pool size: 8
[2025-11-07T11:40:30.186612] [WARN] Slow query performance
[2025-11-07T11:40:30.186623] [DEBUG] Memory allocation: 2048 bytes
[2025-11-07T11:40:30.186602] [INFO] Transaction completed
