[2025-11-07T11:40:29.363229] [INFO] Transaction completed
[2025-11-07T11:40:29.363235] [INFO] Health check passed
[2025-11-07T11:40:29.363252] [DEBUG] Buffer size: 4096 bytes
[2025-11-07T11:40:29.363237] [INFO] Database query executed
[2025-11-07T11:40:29.363230] [INFO] Health check passed
[2025-11-07T11:40:29.363250] [DEBUG] Buffer size: 4096 bytes
[2025-11-07T11:40:29.363226] [INFO] Health check passed
[2025-11-07T11:40:29.363224] [INFO] Configuration loaded
[2025-11-07T11:40:29.363248] [DEBUG] Connection pool status checked
[2025-11-07T11:40:29.363241] [WARN] Slow query performance
[2025-11-07T11:40:29.363225] [INFO] Database query executed
[2025-11-07T11:40:29.363251] [DEBUG] Variable value: x=42
[2025-11-07T11:40:29.363247] [DEBUG] Variable value: x=42
[2025-11-07T11:40:29.363233] [INFO] Cache hit
[2025-11-07T11:40:29.363242] [WARN] Rate limit approaching
[2025-11-07T11:40:29.363246] [DEBUG] Thread pool size: 8
[2025-11-07T11:40:29.363238] [INFO] Connection established
[2025-11-07T11:40:29.363236] [INFO] Session started
[2025-11-07T11:40:29.363227] [INFO] Cache hit
[2025-11-07T11:40:29.363232] [INFO] Database query executed
[2025-11-07T11:40:29.363243] [WARN] Queue size growing
[2025-11-07T11:40:29.363232] [INFO] Request processed successfully
[2025-11-07T11:40:29.363245] [ERROR] Invalid input data
[2025-11-07T11:40:29.363228] [INFO] Database query executed
[2025-11-07T11:40:29.363244] [ERROR] Request failed
[2025-11-07T11:40:29.363239] [WARN] Disk space low
[2025-11-07T11:40:29.363240] [WARN] Slow query performance
[2025-11-07T11:40:29.363254] [DEBUG] Timer set: 30 seconds
[2025-11-07T11:40:29.363234] [INFO] Session started
[2025-11-07T11:40:29.363231] [INFO] Cache hit
[2025-11-07T11:40:29.363249] [DEBUG] Thread pool size: 8
[2025-11-07T11:40:29.363253] [DEBUG] Thread pool size: 8
