[2025-11-07T11:40:29.766333] [INFO] Request processed successfully
[2025-11-07T11:40:29.766327] [INFO] Health check passed
[2025-11-07T11:40:29.766341] [WARN] Rate limit approaching
[2025-11-07T11:40:29.766326] [INFO] Request processed successfully
[2025-11-07T11:40:29.766339] [WARN] Deprecated API usage
[2025-11-07T11:40:29.766331] [INFO] Service initialized
[2025-11-07T11:40:29.766338] [INFO] Health check passed
[2025-11-07T11:40:29.766343] [WARN] Timeout warning
[2025-11-07T11:40:29.766330] [INFO] Configuration loaded
[2025-11-07T11:40:29.766349] [DEBUG] Entering function process_data()
[2025-11-07T11:40:29.766345] [ERROR] Database connection lost
[2025-11-07T11:40:29.766351] [DEBUG] Thread pool size: 8
[2025-11-07T11:40:29.766323] [INFO] Database query executed
[2025-11-07T11:40:29.766348] [DEBUG] Loop iteration: 15
[2025-11-07T11:40:29.766329] [INFO] Connection established
[2025-11-07T11:40:29.766350] [DEBUG] Timer set: 30 seconds
[2025-11-07T11:40:29.766342] [WARN] Cache miss
[2025-11-07T11:40:29.766336] [INFO] Service initialized
[2025-11-07T11:40:29.766335] [INFO] Service initialized
[2025-11-07T11:40:29.766340] [WARN] Cache miss
[2025-11-07T11:40:29.766337] [INFO] Configuration loaded
[2025-11-07T11:40:29.766334] [INFO] Service initialized
[2025-11-07T11:40:29.766328] [INFO] Configuration loaded
[2025-11-07T11:40:29.766325] [INFO] Request processed successfully
[2025-11-07T11:40:29.766347] [DEBUG] HTTP request headers parsed
[2025-11-07T11:40:29.766332] [INFO] Session started
[2025-11-07T11:40:29.766346] [DEBUG] Loop iteration: 15
[2025-11-07T11:40:29.766344] [ERROR] Network timeout
