[2025-11-07T11:40:30.019171] [DEBUG] Cache key generated
[2025-11-07T11:40:30.019173] [DEBUG] Entering function process_data()
[2025-11-07T11:40:30.019157] [INFO] Transaction completed
[2025-11-07T11:40:30.019169] [DEBUG] Buffer size: 4096 bytes
[2025-11-07T11:40:30.019160] [INFO] Health check passed
[2025-11-07T11:40:30.019158] [INFO] Configuration loaded
[2025-11-07T11:40:30.019154] [INFO] Configuration loaded
[2025-11-07T11:40:30.019167] [ERROR] Permission denied
[2025-11-07T11:40:30.019164] [WARN] Slow query performance
[2025-11-07T11:40:30.019153] [INFO] Service initialized
[2025-11-07T11:40:30.019155] [INFO] Request processed successfully
[2025-11-07T11:40:30.019159] [INFO] Transaction completed
[2025-11-07T11:40:30.019168] [ERROR] Invalid input data
[2025-11-07T11:40:30.019172] [DEBUG] Loop iteration: 15
[2025-11-07T11:40:30.019156] [INFO] Health check passed
[2025-11-07T11:40:30.019174] [DEBUG] Memory allocation: 2048 bytes
[2025-11-07T11:40:30.019162] [INFO] Service initialized
[2025-11-07T11:40:30.019170] [DEBUG] Memory allocation: 2048 bytes
[2025-11-07T11:40:30.019161] [INFO] Configuration loaded
[2025-11-07T11:40:30.019165] [WARN] Disk space low
[2025-11-07T11:40:30.019163] [WARN] Rate limit approaching
[2025-11-07T11:40:30.019166] [WARN] Deprecated API usage
