[2025-11-07T11:40:29.587503] [INFO] Service initialized
[2025-11-07T11:40:29.587511] [WARN] Cache miss
[2025-11-07T11:40:29.587513] [WARN] Rate limit approaching
[2025-11-07T11:40:29.587516] [ERROR] Disk read failed
[2025-11-07T11:40:29.587510] [WARN] Rate limit approaching
[2025-11-07T11:40:29.587505] [INFO] Cache hit
[2025-11-07T11:40:29.587500] [INFO] User logged in
[2025-11-07T11:40:29.587508] [INFO] Health check passed
[2025-11-07T11:40:29.587509] [INFO] Transaction completed
[2025-11-07T11:40:29.587506] [INFO] Service initialized
[2025-11-07T11:40:29.587513] [WARN] Connection retry attempt
[2025-11-07T11:40:29.587521] [DEBUG] Loop iteration: 15
[2025-11-07T11:40:29.587524] [DEBUG] HTTP request headers parsed
[2025-11-07T11:40:29.587507] [INFO] Transaction completed
[2025-11-07T11:40:29.587525] [DEBUG] Connection pool status checked
[2025-11-07T11:40:29.587522] [DEBUG] Entering function process_data()
[2025-11-07T11:40:29.587523] [DEBUG] Timer set: 30 seconds
[2025-11-07T11:40:29.587519] [DEBUG] Entering function process_data()
[2025-11-07T11:40:29.587499] [INFO] Health check passed
[2025-11-07T11:40:29.587504] [INFO] User logged in
[2025-11-07T11:40:29.587502] [INFO] Health check passed
[2025-11-07T11:40:29.587517] [ERROR] Permission denied
[2025-11-07T11:40:29.587514] [WARN] Disk space low
[2025-11-07T11:40:29.587520] [DEBUG] Memory allocation: 2048 bytes
[2025-11-07T11:40:29.587518] [DEBUG] Buffer size: 4096 bytes
[2025-11-07T11:40:29.587506] [INFO] Transaction completed
