[2025-11-07T11:40:29.740288] [WARN] Connection retry attempt
[2025-11-07T11:40:29.740281] [INFO] Health check passed
[2025-11-07T11:40:29.740297] [DEBUG] HTTP request headers parsed
[2025-11-07T11:40:29.740273] [INFO] Session started
[2025-11-07T11:40:29.740295] [DEBUG] Timer set: 30 seconds
[2025-11-07T11:40:29.740292] [ERROR] Service unavailable
[2025-11-07T11:40:29.740284] [INFO] Session started
[2025-11-07T11:40:29.740280] [INFO] Configuration loaded
[2025-11-07T11:40:29.740296] [DEBUG] Connection pool status checked
[2025-11-07T11:40:29.740298] [DEBUG] Timer set: 30 seconds
[2025-11-07T11:40:29.740288] [WARN] Cache miss
[2025-11-07T11:40:29.740302] [DEBUG] Loop iteration: 15
[2025-11-07T11:40:29.740279] [INFO] Request processed successfully
[2025-11-07T11:40:29.740294] [DEBUG] Entering function process_data()
[2025-11-07T11:40:29.740283] [INFO] Request processed successfully
[2025-11-07T11:40:29.740289] [WARN] Queue size growing
[2025-11-07T11:40:29.740275] [INFO] Request processed successfully
[2025-11-07T11:40:29.740285] [INFO] Transaction completed
[2025-11-07T11:40:29.740283] [INFO] Session started
[2025-11-07T11:40:29.740290] [ERROR] Invalid input data
[2025-11-07T11:40:29.740274] [INFO] User logged in
[2025-11-07T11:40:29.740299] [DEBUG] Connection pool status checked
[2025-11-07T11:40:29.740301] [DEBUG] Cache key generated
[2025-11-07T11:40:29.740282] [INFO] Health check passed
[2025-11-07T11:40:29.740276] [INFO] Service initialized
[2025-11-07T11:40:29.740300] [DEBUG] Connection pool status checked
[2025-11-07T11:40:29.740292] [ERROR] Memory allocation error
[2025-11-07T11:40:29.740278] [INFO] User logged in
[2025-11-07T11:40:29.740287] [WARN] Deprecated API usage
