[2025-11-07T11:40:30.076415] [INFO] Health check passed
[2025-11-07T11:40:30.076410] [INFO] Database query executed
[2025-11-07T11:40:30.076428] [WARN] High memory usage detected
[2025-11-07T11:40:30.076427] [WARN] Deprecated API usage
[2025-11-07T11:40:30.076432] [DEBUG] HTTP request headers parsed
[2025-11-07T11:40:30.076425] [INFO] Transaction completed
[2025-11-07T11:40:30.076424] [INFO] User logged in
[2025-11-07T11:40:30.076420] [INFO] Session started
[2025-11-07T11:40:30.076407] [INFO] Cache hit
[2025-11-07T11:40:30.076414] [INFO] Service initialized
[2025-11-07T11:40:30.076411] [INFO] Configuration loaded
[2025-11-07T11:40:30.076439] [DEBUG] Connection pool status checked
[2025-11-07T11:40:30.076437] [DEBUG] Buffer size: 4096 bytes
[2025-11-07T11:40:30.076423] [INFO] Database query executed
[2025-11-07T11:40:30.076435] [DEBUG] Cache key generated
[2025-11-07T11:40:30.076408] [INFO] Request processed successfully
[2025-11-07T11:40:30.076413] [INFO] Database query executed
[2025-11-07T11:40:30.076433] [DEBUG] Variable value: x=42
[2025-11-07T11:40:30.076430] [ERROR] Network timeout
[2025-11-07T11:40:30.076416] [INFO] Health check passed
[2025-11-07T11:40:30.076417] [INFO] Cache hit
[2025-11-07T11:40:30.076431] [ERROR] Database connection lost
[2025-11-07T11:40:30.076418] [INFO] Configuration loaded
[2025-11-07T11:40:30.076438] [DEBUG] Memory allocation: 2048 bytes
[2025-11-07T11:40:30.076422] [INFO] Health check passed
[2025-11-07T11:40:30.076436] [DEBUG] Variable value: x=42
[2025-11-07T11:40:30.076412] [INFO] Session started
[2025-11-07T11:40:30.076419] [INFO] Health check passed
[2025-11-07T11:40:30.076429] [WARN] Timeout warning
[2025-11-07T11:40:30.076434] [DEBUG] Timer set: 30 seconds
[2025-11-07T11:40:30.076440] [DEBUG] Loop iteration: 15
[2025-11-07T11:40:30.076418] [INFO] Cache hit
[2025-11-07T11:40:30.076426] [WARN] Rate limit approaching
[2025-11-07T11:40:30.076421] [INFO] Database query executed
