[2025-11-07T11:40:29.322980] [INFO] Configuration loaded
[2025-11-07T11:40:29.322993] [WARN] Resource threshold approaching
[2025-11-07T11:40:29.323003] [DEBUG] Timer set: 30 seconds
[2025-11-07T11:40:29.322996] [WARN] Rate limit approaching
[2025-11-07T11:40:29.322995] [WARN] Cache miss
[2025-11-07T11:40:29.322989] [INFO] User logged in
[2025-11-07T11:40:29.323001] [DEBUG] Timer set: 30 seconds
[2025-11-07T11:40:29.322986] [INFO] Health check passed
[2025-11-07T11:40:29.322982] [INFO] Request processed successfully
[2025-11-07T11:40:29.322987] [INFO] Health check passed
[2025-11-07T11:40:29.322988] [INFO] Health check passed
[2025-11-07T11:40:29.322983] [INFO] Request processed successfully
[2025-11-07T11:40:29.323000] [DEBUG] Timer set: 30 seconds
[2025-11-07T11:40:29.322997] [ERROR] Invalid input data
[2025-11-07T11:40:29.322990] [WARN] Resource threshold approaching
[2025-11-07T11:40:29.322977] [INFO] User logged in
[2025-11-07T11:40:29.322974] [INFO] Request processed successfully
[2025-11-07T11:40:29.322981] [INFO] Configuration loaded
[2025-11-07T11:40:29.322994] [WARN] High memory usage detected
[2025-11-07T11:40:29.322999] [DEBUG] Thread pool size: 8
[2025-11-07T11:40:29.323002] [DEBUG] Buffer size: 4096 bytes
[2025-11-07T11:40:29.322979] [INFO] Cache hit
[2025-11-07T11:40:29.322985] [INFO] Session started
[2025-11-07T11:40:29.322973] [INFO] Cache hit
[2025-11-07T11:40:29.322984] [INFO] Cache hit
[2025-11-07T11:40:29.322992] [WARN] Queue size growing
[2025-11-07T11:40:29.323004] [DEBUG] Variable value: x=42
[2025-11-07T11:40:29.322991] [WARN] Queue size growing
[2025-11-07T11:40:29.323005] [DEBUG] Variable value: x=42
[2025-11-07T11:40:29.322976] [INFO] Health check passed
[2025-11-07T11:40:29.322975] [INFO] Cache hit
