[2025-11-07T11:40:30.029605] [ERROR] Request failed
[2025-11-07T11:40:30.029590] [INFO] Database query executed
[2025-11-07T11:40:30.029587] [INFO] Cache hit
[2025-11-07T11:40:30.029599] [WARN] Connection retry attempt
[2025-11-07T11:40:30.029614] [DEBUG] Memory allocation: 2048 bytes
[2025-11-07T11:40:30.029591] [INFO] Service initialized
[2025-11-07T11:40:30.029609] [DEBUG] Memory allocation: 2048 bytes
[2025-11-07T11:40:30.029596] [INFO] Request processed successfully
[2025-11-07T11:40:30.029618] [DEBUG] Buffer size: 4096 bytes
[2025-11-07T11:40:30.029613] [DEBUG] Connection pool status checked
[2025-11-07T11:40:30.029610] [DEBUG] Memory allocation: 2048 bytes
[2025-11-07T11:40:30.029594] [INFO] Cache hit
[2025-11-07T11:40:30.029616] [DEBUG] Variable value: x=42
[2025-11-07T11:40:30.029588] [INFO] Connection established
[2025-11-07T11:40:30.029584] [INFO] Configuration loaded
[2025-11-07T11:40:30.029593] [INFO] Request processed successfully
[2025-11-07T11:40:30.029600] [WARN] Deprecated API usage
[2025-11-07T11:40:30.029592] [INFO] Service initialized
[2025-11-07T11:40:30.029608] [DEBUG] Timer set: 30 seconds
[2025-11-07T11:40:30.029595] [INFO] User logged in
[2025-11-07T11:40:30.029612] [DEBUG] Variable value: x=42
[2025-11-07T11:40:30.029606] [ERROR] Authentication failed
[2025-11-07T11:40:30.029589] [INFO] Request processed successfully
[2025-11-07T11:40:30.029597] [WARN] Cache miss
[2025-11-07T11:40:30.029583] [INFO] Configuration loaded
[2025-11-07T11:40:30.029617] [DEBUG] Timer set: 30 seconds
[2025-11-07T11:40:30.029581] [INFO] Health check passed
[2025-11-07T11:40:30.029602] [WARN] High memory usage detected
[2025-11-07T11:40:30.029603] [WARN] Connection retry attempt
[2025-11-07T11:40:30.029586] [INFO] Health check passed
[2025-11-07T11:40:30.029585] [INFO] User logged in
[2025-11-07T11:40:30.029589] [INFO] Configuration loaded
