[2025-11-07T11:40:30.241282] [WARN] Queue size growing
[2025-11-07T11:40:30.241276] [INFO] Transaction completed
[2025-11-07T11:40:30.241289] [DEBUG] Memory allocation: 2048 bytes
[2025-11-07T11:40:30.241286] [ERROR] Permission denied
[2025-11-07T11:40:30.241269] [INFO] Service initialized
[2025-11-07T11:40:30.241285] [ERROR] Invalid input data
[2025-11-07T11:40:30.241278] [INFO] User logged in
[2025-11-07T11:40:30.241279] [INFO] Cache hit
[2025-11-07T11:40:30.241272] [INFO] Configuration loaded
[2025-11-07T11:40:30.241287] [DEBUG] Cache key generated
[2025-11-07T11:40:30.241267] [INFO] Cache hit
[2025-11-07T11:40:30.241280] [WARN] Deprecated API usage
[2025-11-07T11:40:30.241284] [WARN] Slow query performance
[2025-11-07T11:40:30.241271] [INFO] Session started
[2025-11-07T11:40:30.241277] [INFO] Transaction completed
[2025-11-07T11:40:30.241270] [INFO] Service initialized
[2025-11-07T11:40:30.241274] [INFO] Health check passed
[2025-11-07T11:40:30.241283] [WARN] Cache miss
[2025-11-07T11:40:30.241268] [INFO] Request processed successfully
[2025-11-07T11:40:30.241279] [INFO] Health check passed
[2025-11-07T11:40:30.241275] [INFO] User logged in
[2025-11-07T11:40:30.241266] [INFO] User logged in
[2025-11-07T11:40:30.241288] [DEBUG] Connection pool status checked
[2025-11-07T11:40:30.241273] [INFO] Request processed successfully
[2025-11-07T11:40:30.241281] [WARN] Cache miss
