[2025-11-07T11:40:29.394382] [DEBUG] Cache key generated
[2025-11-07T11:40:29.394365] [INFO] Session started
[2025-11-07T11:40:29.394374] [INFO] Request processed successfully
[2025-11-07T11:40:29.394372] [INFO] Cache hit
[2025-11-07T11:40:29.394367] [INFO] Transaction completed
[2025-11-07T11:40:29.394389] [DEBUG] Connection pool status checked
[2025-11-07T11:40:29.394385] [DEBUG] Entering function process_data()
[2025-11-07T11:40:29.394373] [INFO] Connection established
[2025-11-07T11:40:29.394377] [INFO] Session started
[2025-11-07T11:40:29.394371] [INFO] Connection established
[2025-11-07T11:40:29.394379] [ERROR] Request failed
[2025-11-07T11:40:29.394381] [DEBUG] Cache key generated
[2025-11-07T11:40:29.394386] [DEBUG] Buffer size: 4096 bytes
[2025-11-07T11:40:29.394375] [INFO] Health check passed
[2025-11-07T11:40:29.394363] [INFO] Service initialized
[2025-11-07T11:40:29.394384] [DEBUG] Cache key generated
[2025-11-07T11:40:29.394362] [INFO] Transaction completed
[2025-11-07T11:40:29.394376] [INFO] Database query executed
[2025-11-07T11:40:29.394369] [INFO] Database query executed
[2025-11-07T11:40:29.394364] [INFO] Service initialized
[2025-11-07T11:40:29.394388] [DEBUG] Connection pool status checked
[2025-11-07T11:40:29.394387] [DEBUG] Thread pool size: 8
[2025-11-07T11:40:29.394383] [DEBUG] Memory allocation: 2048 bytes
[2025-11-07T11:40:29.394370] [INFO] Cache hit
[2025-11-07T11:40:29.394360] [INFO] Request processed successfully
[2025-11-07T11:40:29.394366] [INFO] Transaction completed
[2025-11-07T11:40:29.394380] [ERROR] Permission denied
[2025-11-07T11:40:29.394368] [INFO] Health check passed
[2025-11-07T11:40:29.394378] [WARN] Cache miss
