[2025-11-07T11:40:30.245780] [INFO] Request processed successfully
[2025-11-07T11:40:30.245796] [DEBUG] HTTP request headers parsed
[2025-11-07T11:40:30.245783] [INFO] User logged in
[2025-11-07T11:40:30.245806] [DEBUG] Memory allocation: 2048 bytes
[2025-11-07T11:40:30.245802] [DEBUG] Loop iteration: 15
[2025-11-07T11:40:30.245804] [DEBUG] HTTP request headers parsed
[2025-11-07T11:40:30.245794] [WARN] Rate limit approaching
[2025-11-07T11:40:30.245799] [DEBUG] Variable value: x=42
[2025-11-07T11:40:30.245784] [INFO] Cache hit
[2025-11-07T11:40:30.245793] [WARN] Queue size growing
[2025-11-07T11:40:30.245785] [INFO] Session started
[2025-11-07T11:40:30.245798] [DEBUG] Thread pool size: 8
[2025-11-07T11:40:30.245805] [DEBUG] Cache key generated
[2025-11-07T11:40:30.245797] [DEBUG] Entering function process_data()
[2025-11-07T11:40:30.245792] [WARN] Cache miss
[2025-11-07T11:40:30.245788] [INFO] Configuration loaded
[2025-11-07T11:40:30.245786] [INFO] Health check passed
[2025-11-07T11:40:30.245790] [WARN] Queue size growing
[2025-11-07T11:40:30.245776] [INFO] Health check passed
[2025-11-07T11:40:30.245778] [INFO] Transaction completed
[2025-11-07T11:40:30.245781] [INFO] Cache hit
[2025-11-07T11:40:30.245777] [INFO] Database query executed
[2025-11-07T11:40:30.245787] [INFO] Connection established
[2025-11-07T11:40:30.245787] [INFO] Configuration loaded
[2025-11-07T11:40:30.245800] [DEBUG] HTTP request headers parsed
[2025-11-07T11:40:30.245774] [INFO] Service initialized
[2025-11-07T11:40:30.245795] [ERROR] Invalid input data
[2025-11-07T11:40:30.245801] [DEBUG] Connection pool status checked
[2025-11-07T11:40:30.245779] [INFO] Database query executed
[2025-11-07T11:40:30.245803] [DEBUG] Entering function process_data()
[2025-11-07T11:40:30.245782] [INFO] User logged in
[2025-11-07T11:40:30.245799] [DEBUG] HTTP request headers parsed
[2025-11-07T11:40:30.245789] [INFO] Configuration loaded
