[2025-11-07T11:40:29.864636] [INFO] Database query executed
[2025-11-07T11:40:29.864656] [DEBUG] Entering function process_data()
[2025-11-07T11:40:29.864644] [WARN] Rate limit approaching
[2025-11-07T11:40:29.864650] [DEBUG] Connection pool status checked
[2025-11-07T11:40:29.864646] [ERROR] Disk read failed
[2025-11-07T11:40:29.864653] [DEBUG] Memory allocation: 2048 bytes
[2025-11-07T11:40:29.864654] [DEBUG] Connection pool status checked
[2025-11-07T11:40:29.864634] [INFO] Connection established
[2025-11-07T11:40:29.864647] [DEBUG] Loop iteration: 15
[2025-11-07T11:40:29.864648] [DEBUG] Timer set: 30 seconds
[2025-11-07T11:40:29.864653] [DEBUG] Buffer size: 4096 bytes
[2025-11-07T11:40:29.864626] [INFO] Service initialized
[2025-11-07T11:40:29.864657] [DEBUG] Connection pool status checked
[2025-11-07T11:40:29.864636] [INFO] Session started
[2025-11-07T11:40:29.864649] [DEBUG] Loop iteration: 15
[2025-11-07T11:40:29.864627] [INFO] Connection established
[2025-11-07T11:40:29.864652] [DEBUG] Loop iteration: 15
[2025-11-07T11:40:29.864630] [INFO] Connection established
[2025-11-07T11:40:29.864639] [WARN] Slow query performance
[2025-11-07T11:40:29.864628] [INFO] Request processed successfully
[2025-11-07T11:40:29.864640] [WARN] Cache miss
[2025-11-07T11:40:29.864632] [INFO] User logged in
[2025-11-07T11:40:29.864635] [INFO] Request processed successfully
[2025-11-07T11:40:29.864622] [INFO] Connection established
[2025-11-07T11:40:29.864641] [WARN] High memory usage detected
[2025-11-07T11:40:29.864640] [WARN] Queue size growing
[2025-11-07T11:40:29.864642] [WARN] Cache miss
[2025-11-07T11:40:29.864656] [DEBUG] Entering function process_data()
[2025-11-07T11:40:29.864624] [INFO] Cache hit
[2025-11-07T11:40:29.864638] [WARN] Resource threshold approaching
[2025-11-07T11:40:29.864633] [INFO] User logged in
[2025-11-07T11:40:29.864643] [WARN] Connection retry attempt
[2025-11-07T11:40:29.864629] [INFO] Transaction completed
[2025-11-07T11:40:29.864631] [INFO] Cache hit
[2025-11-07T11:40:29.864650] [DEBUG] Connection pool status checked
[2025-11-07T11:40:29.864623] [INFO] Health check passed
