[2025-11-07T11:40:29.804735] [INFO] Connection established
[2025-11-07T11:40:29.804741] [ERROR] Database connection lost
[2025-11-07T11:40:29.804736] [INFO] Connection established
[2025-11-07T11:40:29.804722] [INFO] Service initialized
[2025-11-07T11:40:29.804743] [DEBUG] Buffer size: 4096 bytes
[2025-11-07T11:40:29.804739] [WARN] Cache miss
[2025-11-07T11:40:29.804744] [DEBUG] Timer set: 30 seconds
[2025-11-07T11:40:29.804724] [INFO] Transaction completed
[2025-11-07T11:40:29.804726] [INFO] Health check passed
[2025-11-07T11:40:29.804721] [INFO] User logged in
[2025-11-07T11:40:29.804745] [DEBUG] Thread pool size: 8
[2025-11-07T11:40:29.804734] [INFO] Request processed successfully
[2025-11-07T11:40:29.804731] [INFO] User logged in
[2025-11-07T11:40:29.804737] [WARN] Rate limit approaching
[2025-11-07T11:40:29.804730] [INFO] User logged in
[2025-11-07T11:40:29.804728] [INFO] Transaction completed
[2025-11-07T11:40:29.804738] [WARN] Slow query performance
[2025-11-07T11:40:29.804748] [DEBUG] Entering function process_data()
[2025-11-07T11:40:29.804723] [INFO] Session started
[2025-11-07T11:40:29.804732] [INFO] Cache hit
[2025-11-07T11:40:29.804747] [DEBUG] Loop iteration: 15
[2025-11-07T11:40:29.804749] [DEBUG] HTTP request headers parsed
[2025-11-07T11:40:29.804727] [INFO] Session started
[2025-11-07T11:40:29.804746] [DEBUG] Timer set: 30 seconds
[2025-11-07T11:40:29.804750] [DEBUG] Memory allocation: 2048 bytes
[2025-11-07T11:40:29.804742] [DEBUG] Variable value: x=42
[2025-11-07T11:40:29.804740] [ERROR] Database connection lost
[2025-11-07T11:40:29.804725] [INFO] Cache hit
[2025-11-07T11:40:29.804720] [INFO] Database query executed
[2025-11-07T11:40:29.804733] [INFO] Database query executed
[2025-11-07T11:40:29.804729] [INFO] Connection established
