[2025-11-07T11:40:29.735861] [DEBUG] Loop iteration: 15
[2025-11-07T11:40:29.735838] [INFO] Connection established
[2025-11-07T11:40:29.735849] [WARN] Connection retry attempt
[2025-11-07T11:40:29.735848] [WARN] Disk space low
[2025-11-07T11:40:29.735860] [DEBUG] Buffer size: 4096 bytes
[2025-11-07T11:40:29.735858] [DEBUG] Memory allocation: 2048 bytes
[2025-11-07T11:40:29.735833] [INFO] Service initialized
[2025-11-07T11:40:29.735837] [INFO] User logged in
[2025-11-07T11:40:29.735851] [WARN] Timeout warning
[2025-11-07T11:40:29.735856] [ERROR] Database connection lost
[2025-11-07T11:40:29.735844] [INFO] Service initialized
[2025-11-07T11:40:29.735830] [INFO] Health check passed
[2025-11-07T11:40:29.735832] [INFO] Connection established
[2025-11-07T11:40:29.735862] [DEBUG] Entering function process_data()
[2025-11-07T11:40:29.735846] [INFO] Service initialized
[2025-11-07T11:40:29.735834] [INFO] Configuration loaded
[2025-11-07T11:40:29.735852] [WARN] Timeout warning
[2025-11-07T11:40:29.735839] [INFO] Transaction completed
[2025-11-07T11:40:29.735843] [INFO] Health check passed
[2025-11-07T11:40:29.735845] [INFO] Health check passed
[2025-11-07T11:40:29.735853] [WARN] Deprecated API usage
[2025-11-07T11:40:29.735840] [INFO] Connection established
[2025-11-07T11:40:29.735841] [INFO] Health check passed
[2025-11-07T11:40:29.735859] [DEBUG] Memory allocation: 2048 bytes
[2025-11-07T11:40:29.735850] [WARN] Rate limit approaching
[2025-11-07T11:40:29.735854] [WARN] Rate limit approaching
[2025-11-07T11:40:29.735847] [WARN] Disk space low
[2025-11-07T11:40:29.735842] [INFO] Database query executed
[2025-11-07T11:40:29.735854] [WARN] Cache miss
[2025-11-07T11:40:29.735835] [INFO] User logged in
[2025-11-07T11:40:29.735863] [DEBUG] Entering function process_data()
[2025-11-07T11:40:29.735836] [INFO] User logged in
[2025-11-07T11:40:29.735857] [DEBUG] Buffer size: 4096 bytes
