[2025-11-07T11:40:30.080797] [DEBUG] HTTP request headers parsed
[2025-11-07T11:40:30.080791] [ERROR] File not found
[2025-11-07T11:40:30.080786] [INFO] Service initialized
[2025-11-07T11:40:30.080798] [DEBUG] HTTP request headers parsed
[2025-11-07T11:40:30.080780] [INFO] Connection established
[2025-11-07T11:40:30.080795] [DEBUG] Loop iteration: 15
[2025-11-07T11:40:30.080784] [INFO] Request processed successfully
[2025-11-07T11:40:30.080784] [INFO] Connection established
[2025-11-07T11:40:30.080774] [INFO] Transaction completed
[2025-11-07T11:40:30.080777] [INFO] Service initialized
[2025-11-07T11:40:30.080778] [INFO] Configuration loaded
[2025-11-07T11:40:30.080796] [DEBUG] Entering function process_data()
[2025-11-07T11:40:30.080794] [DEBUG] HTTP request headers parsed
[2025-11-07T11:40:30.080792] [DEBUG] Variable value: x=42
[2025-11-07T11:40:30.080787] [WARN] Timeout warning
[2025-11-07T11:40:30.080793] [DEBUG] Connection pool status checked
[2025-11-07T11:40:30.080779] [INFO] Transaction completed
[2025-11-07T11:40:30.080782] [INFO] Connection established
[2025-11-07T11:40:30.080789] [WARN] Deprecated API usage
[2025-11-07T11:40:30.080783] [INFO] Service initialized
[2025-11-07T11:40:30.080785] [INFO] Database query executed
[2025-11-07T11:40:30.080788] [WARN] Rate limit approaching
[2025-11-07T11:40:30.080773] [INFO] Transaction completed
[2025-11-07T11:40:30.080790] [WARN] Resource threshold approaching
[2025-11-07T11:40:30.080780] [INFO] Service initialized
[2025-11-07T11:40:30.080776] [INFO] Cache hit
