[2025-11-07T11:40:29.998978] [INFO] Request processed successfully
[2025-11-07T11:40:29.998974] [INFO] Database query executed
[2025-11-07T11:40:29.998977] [INFO] Health check passed
[2025-11-07T11:40:29.998980] [INFO] Health check passed
[2025-11-07T11:40:29.998968] [INFO] Service initialized
[2025-11-07T11:40:29.998983] [WARN] High memory usage detected
[2025-11-07T11:40:29.998981] [INFO] Request processed successfully
[2025-11-07T11:40:29.998973] [INFO] Database query executed
[2025-11-07T11:40:29.998976] [INFO] User logged in
[2025-11-07T11:40:29.998989] [DEBUG] Loop iteration: 15
[2025-11-07T11:40:29.998984] [WARN] Rate limit approaching
[2025-11-07T11:40:29.998972] [INFO] Transaction completed
[2025-11-07T11:40:29.998986] [WARN] Timeout warning
[2025-11-07T11:40:29.998969] [INFO] Transaction completed
[2025-11-07T11:40:29.998979] [INFO] Transaction completed
[2025-11-07T11:40:29.998995] [DEBUG] Connection pool status checked
[2025-11-07T11:40:29.998982] [WARN] Disk space low
[2025-11-07T11:40:29.998974] [INFO] Transaction completed
[2025-11-07T11:40:29.998971] [INFO] Transaction completed
[2025-11-07T11:40:29.998992] [DEBUG] Entering function process_data()
[2025-11-07T11:40:29.998985] [WARN] Cache miss
[2025-11-07T11:40:29.998990] [DEBUG] Thread pool size: 8
[2025-11-07T11:40:29.998967] [INFO] Configuration loaded
[2025-11-07T11:40:29.998996] [DEBUG] Memory allocation: 2048 bytes
[2025-11-07T11:40:29.998994] [DEBUG] Entering function process_data()
[2025-11-07T11:40:29.998988] [ERROR] Invalid input data
[2025-11-07T11:40:29.998997] [DEBUG] Thread pool size: 8
[2025-11-07T11:40:29.998991] [DEBUG] Thread pool size: 8
[2025-11-07T11:40:29.998975] [INFO] Health check passed
[2025-11-07T11:40:29.998993] [DEBUG] Variable value: x=42
