[2025-11-07T11:40:29.411531] [DEBUG] Buffer size: 4096 bytes
[2025-11-07T11:40:29.411529] [DEBUG] Timer set: 30 seconds
[2025-11-07T11:40:29.411527] [DEBUG] Memory allocation: 2048 bytes
[2025-11-07T11:40:29.411520] [ERROR] Network timeout
[2025-11-07T11:40:29.411523] [DEBUG] HTTP request headers parsed
[2025-11-07T11:40:29.411515] [WARN] Timeout warning
[2025-11-07T11:40:29.411525] [DEBUG] Thread pool size: 8
[2025-11-07T11:40:29.411503] [INFO] Request processed successfully
[2025-11-07T11:40:29.411498] [INFO] Configuration loaded
[2025-11-07T11:40:29.411516] [WARN] Disk space low
[2025-11-07T11:40:29.411502] [INFO] Connection established
[2025-11-07T11:40:29.411524] [DEBUG] Loop iteration: 15
[2025-11-07T11:40:29.411497] [INFO] Connection established
[2025-11-07T11:40:29.411504] [INFO] Request processed successfully
[2025-11-07T11:40:29.411521] [ERROR] Invalid input data
[2025-11-07T11:40:29.411518] [WARN] Slow query performance
[2025-11-07T11:40:29.411510] [INFO] Connection established
[2025-11-07T11:40:29.411499] [INFO] Transaction completed
[2025-11-07T11:40:29.411501] [INFO] Service initialized
[2025-11-07T11:40:29.411522] [ERROR] Permission denied
[2025-11-07T11:40:29.411507] [INFO] Configuration loaded
[2025-11-07T11:40:29.411530] [DEBUG] Buffer size: 4096 bytes
[2025-11-07T11:40:29.411515] [WARN] Deprecated API usage
[2025-11-07T11:40:29.411514] [INFO] Session started
[2025-11-07T11:40:29.411506] [INFO] Request processed successfully
[2025-11-07T11:40:29.411508] [INFO] Session started
[2025-11-07T11:40:29.411509] [INFO] User logged in
[2025-11-07T11:40:29.411512] [INFO] Service initialized
[2025-11-07T11:40:29.411496] [INFO] Database query executed
[2025-11-07T11:40:29.411519] [WARN] Timeout warning
[2025-11-07T11:40:29.411526] [DEBUG] Memory allocation: 2048 bytes
[2025-11-07T11:40:29.411505] [INFO] Request processed successfully
[2025-11-07T11:40:29.411500] [INFO] Session started
[2025-11-07T11:40:29.411528] [DEBUG] Entering function process_data()
[2025-11-07T11:40:29.411513] [INFO] User logged in
