[2025-11-07T11:40:29.991708] [INFO] Health check passed
[2025-11-07T11:40:29.991722] [DEBUG] Cache key generated
[2025-11-07T11:40:29.991719] [DEBUG] Variable value: x=42
[2025-11-07T11:40:29.991716] [DEBUG] Cache key generated
[2025-11-07T11:40:29.991723] [DEBUG] Thread pool size: 8
[2025-11-07T11:40:29.991705] [INFO] Request processed successfully
[2025-11-07T11:40:29.991710] [INFO] User logged in
[2025-11-07T11:40:29.991717] [DEBUG] Variable value: x=42
[2025-11-07T11:40:29.991709] [INFO] Request processed successfully
[2025-11-07T11:40:29.991700] [INFO] Transaction completed
[2025-11-07T11:40:29.991702] [INFO] Request processed successfully
[2025-11-07T11:40:29.991713] [WARN] Resource threshold approaching
[2025-11-07T11:40:29.991703] [INFO] User logged in
[2025-11-07T11:40:29.991696] [INFO] Connection established
[2025-11-07T11:40:29.991701] [INFO] Connection established
[2025-11-07T11:40:29.991712] [WARN] Deprecated API usage
[2025-11-07T11:40:29.991720] [DEBUG] Entering function process_data()
[2025-11-07T11:40:29.991715] [ERROR] File not found
[2025-11-07T11:40:29.991724] [DEBUG] Entering function process_data()
[2025-11-07T11:40:29.991698] [INFO] User logged in
[2025-11-07T11:40:29.991706] [INFO] Transaction completed
[2025-11-07T11:40:29.991721] [DEBUG] Connection pool status checked
[2025-11-07T11:40:29.991699] [INFO] User logged in
[2025-11-07T11:40:29.991707] [INFO] Request processed successfully
[2025-11-07T11:40:29.991714] [WARN] Deprecated API usage
[2025-11-07T11:40:29.991718] [DEBUG] Thread pool size: 8
[2025-11-07T11:40:29.991704] [INFO] Service initialized
[2025-11-07T11:40:29.991711] [INFO] Connection established
