[2025-11-07T11:40:29.309048] [INFO] Configuration loaded
[2025-11-07T11:40:29.309050] [INFO] User logged in
[2025-11-07T11:40:29.309051] [WARN] Queue size growing
[2025-11-07T11:40:29.309064] [DEBUG] Memory allocation: 2048 bytes
[2025-11-07T11:40:29.309057] [ERROR] Permission denied
[2025-11-07T11:40:29.309052] [WARN] Queue size growing
[2025-11-07T11:40:29.309067] [DEBUG] Timer set: 30 seconds
[2025-11-07T11:40:29.309036] [INFO] Health check passed
[2025-11-07T11:40:29.309044] [INFO] Service initialized
[2025-11-07T11:40:29.309063] [DEBUG] Memory allocation: 2048 bytes
[2025-11-07T11:40:29.309065] [DEBUG] Timer set: 30 seconds
[2025-11-07T11:40:29.309043] [INFO] Service initialized
[2025-11-07T11:40:29.309040] [INFO] Session started
[2025-11-07T11:40:29.309042] [INFO] Health check passed
[2025-11-07T11:40:29.309059] [DEBUG] Connection pool status checked
[2025-11-07T11:40:29.309061] [DEBUG] Connection pool status checked
[2025-11-07T11:40:29.309054] [WARN] Deprecated API usage
[2025-11-07T11:40:29.309049] [INFO] Service initialized
[2025-11-07T11:40:29.309058] [DEBUG] Loop iteration: 15
[2025-11-07T11:40:29.309055] [WARN] Slow query performance
[2025-11-07T11:40:29.309053] [WARN] Resource threshold approaching
[2025-11-07T11:40:29.309041] [INFO] Health check passed
[2025-11-07T11:40:29.309043] [INFO] Health check passed
[2025-11-07T11:40:29.309037] [INFO] Request processed successfully
[2025-11-07T11:40:29.309045] [INFO] Request processed successfully
[2025-11-07T11:40:29.309062] [DEBUG] Variable value: x=42
[2025-11-07T11:40:29.309046] [INFO] Request processed successfully
[2025-11-07T11:40:29.309039] [INFO] Configuration loaded
[2025-11-07T11:40:29.309066] [DEBUG] Timer set: 30 seconds
[2025-11-07T11:40:29.309047] [INFO] Transaction completed
[2025-11-07T11:40:29.309060] [DEBUG] Timer set: 30 seconds
