[2025-11-07T11:40:29.544919] [INFO] Session started
[2025-11-07T11:40:29.544914] [INFO] Transaction completed
[2025-11-07T11:40:29.544926] [DEBUG] Thread pool size: 8
[2025-11-07T11:40:29.544912] [INFO] Transaction completed
[2025-11-07T11:40:29.544917] [INFO] Request processed successfully
[2025-11-07T11:40:29.544929] [DEBUG] Thread pool size: 8
[2025-11-07T11:40:29.544918] [INFO] User logged in
[2025-11-07T11:40:29.544909] [INFO] Cache hit
[2025-11-07T11:40:29.544911] [INFO] Service initialized
[2025-11-07T11:40:29.544930] [DEBUG] Timer set: 30 seconds
[2025-11-07T11:40:29.544913] [INFO] Request processed successfully
[2025-11-07T11:40:29.544931] [DEBUG] Thread pool size: 8
[2025-11-07T11:40:29.544906] [INFO] Health check passed
[2025-11-07T11:40:29.544907] [INFO] Transaction completed
[2025-11-07T11:40:29.544921] [WARN] Disk space low
[2025-11-07T11:40:29.544915] [INFO] Cache hit
[2025-11-07T11:40:29.544910] [INFO] Database query executed
[2025-11-07T11:40:29.544923] [WARN] Disk space low
[2025-11-07T11:40:29.544932] [DEBUG] Timer set: 30 seconds
[2025-11-07T11:40:29.544927] [DEBUG] Memory allocation: 2048 bytes
[2025-11-07T11:40:29.544928] [DEBUG] Memory allocation: 2048 bytes
[2025-11-07T11:40:29.544908] [INFO] Request processed successfully
[2025-11-07T11:40:29.544922] [WARN] Connection retry attempt
[2025-11-07T11:40:29.544920] [WARN] Slow query performance
[2025-11-07T11:40:29.544925] [ERROR] Authentication failed
[2025-11-07T11:40:29.544916] [INFO] Database query executed
[2025-11-07T11:40:29.544924] [WARN] Queue size growing
