[2025-11-07T11:40:29.764801] [INFO] Database query executed
[2025-11-07T11:40:29.764818] [ERROR] Request failed
[2025-11-07T11:40:29.764810] [INFO] Session started
[2025-11-07T11:40:29.764819] [DEBUG] Thread pool size: 8
[2025-11-07T11:40:29.764807] [INFO] Cache hit
[2025-11-07T11:40:29.764814] [WARN] Cache miss
[2025-11-07T11:40:29.764808] [INFO] Configuration loaded
[2025-11-07T11:40:29.764820] [DEBUG] HTTP request headers parsed
[2025-11-07T11:40:29.764817] [ERROR] File not found
[2025-11-07T11:40:29.764821] [DEBUG] Buffer size: 4096 bytes
[2025-11-07T11:40:29.764822] [DEBUG] Buffer size: 4096 bytes
[2025-11-07T11:40:29.764806] [INFO] Health check passed
[2025-11-07T11:40:29.764813] [WARN] Timeout warning
[2025-11-07T11:40:29.764825] [DEBUG] Thread pool size: 8
[2025-11-07T11:40:29.764808] [INFO] Database query executed
[2025-11-07T11:40:29.764804] [INFO] Transaction completed
[2025-11-07T11:40:29.764811] [INFO] Request processed successfully
[2025-11-07T11:40:29.764812] [WARN] Resource threshold approaching
[2025-11-07T11:40:29.764816] [WARN] Timeout warning
[2025-11-07T11:40:29.764823] [DEBUG] Memory allocation: 2048 bytes
[2025-11-07T11:40:29.764824] [DEBUG] Connection pool status checked
[2025-11-07T11:40:29.764826] [DEBUG] Timer set: 30 seconds
[2025-11-07T11:40:29.764800] [INFO] Configuration loaded
[2025-11-07T11:40:29.764809] [INFO] Configuration loaded
[2025-11-07T11:40:29.764804] [INFO] Health check passed
[2025-11-07T11:40:29.764802] [INFO] Health check passed
