[2025-11-07T11:40:29.686739] [INFO] Service initialized
[2025-11-07T11:40:29.686749] [INFO] Transaction completed
[2025-11-07T11:40:29.686758] [DEBUG] Entering function process_data()
[2025-11-07T11:40:29.686743] [INFO] Transaction completed
[2025-11-07T11:40:29.686746] [INFO] Connection established
[2025-11-07T11:40:29.686750] [INFO] Service initialized
[2025-11-07T11:40:29.686747] [INFO] Service initialized
[2025-11-07T11:40:29.686765] [DEBUG] Entering function process_data()
[2025-11-07T11:40:29.686737] [INFO] Cache hit
[2025-11-07T11:40:29.686740] [INFO] Request processed successfully
[2025-11-07T11:40:29.686742] [INFO] Connection established
[2025-11-07T11:40:29.686757] [DEBUG] Connection pool status checked
[2025-11-07T11:40:29.686764] [DEBUG] Variable value: x=42
[2025-11-07T11:40:29.686754] [WARN] High memory usage detected
[2025-11-07T11:40:29.686761] [DEBUG] Buffer size: 4096 bytes
[2025-11-07T11:40:29.686741] [INFO] Database query executed
[2025-11-07T11:40:29.686762] [DEBUG] Entering function process_data()
[2025-11-07T11:40:29.686759] [DEBUG] Buffer size: 4096 bytes
[2025-11-07T11:40:29.686744] [INFO] Database query executed
[2025-11-07T11:40:29.686753] [WARN] Resource threshold approaching
[2025-11-07T11:40:29.686763] [DEBUG] Connection pool status checked
[2025-11-07T11:40:29.686751] [INFO] User logged in
[2025-11-07T11:40:29.686756] [ERROR] Service unavailable
[2025-11-07T11:40:29.686748] [INFO] Transaction completed
[2025-11-07T11:40:29.686745] [INFO] Session started
[2025-11-07T11:40:29.686755] [ERROR] Permission denied
[2025-11-07T11:40:29.686752] [INFO] User logged in
[2025-11-07T11:40:29.686760] [DEBUG] Cache key generated
