[2025-11-07T11:40:30.355420] [INFO] Health check passed
[2025-11-07T11:40:30.355440] [ERROR] Permission denied
[2025-11-07T11:40:30.355417] [INFO] User logged in
[2025-11-07T11:40:30.355421] [INFO] Request processed successfully
[2025-11-07T11:40:30.355427] [INFO] User logged in
[2025-11-07T11:40:30.355438] [WARN] Slow query performance
[2025-11-07T11:40:30.355415] [INFO] Health check passed
[2025-11-07T11:40:30.355436] [WARN] Timeout warning
[2025-11-07T11:40:30.355424] [INFO] Service initialized
[2025-11-07T11:40:30.355422] [INFO] Configuration loaded
[2025-11-07T11:40:30.355444] [DEBUG] Buffer size: 4096 bytes
[2025-11-07T11:40:30.355423] [INFO] User logged in
[2025-11-07T11:40:30.355429] [INFO] Request processed successfully
[2025-11-07T11:40:30.355430] [INFO] Configuration loaded
[2025-11-07T11:40:30.355443] [DEBUG] Timer set: 30 seconds
[2025-11-07T11:40:30.355418] [INFO] Cache hit
[2025-11-07T11:40:30.355439] [WARN] Queue size growing
[2025-11-07T11:40:30.355432] [INFO] Request processed successfully
[2025-11-07T11:40:30.355426] [INFO] Database query executed
[2025-11-07T11:40:30.355419] [INFO] Cache hit
[2025-11-07T11:40:30.355435] [WARN] Queue size growing
[2025-11-07T11:40:30.355431] [INFO] User logged in
[2025-11-07T11:40:30.355434] [WARN] Resource threshold approaching
[2025-11-07T11:40:30.355447] [DEBUG] Cache key generated
[2025-11-07T11:40:30.355446] [DEBUG] HTTP request headers parsed
[2025-11-07T11:40:30.355451] [DEBUG] Cache key generated
[2025-11-07T11:40:30.355449] [DEBUG] Connection pool status checked
[2025-11-07T11:40:30.355450] [DEBUG] Connection pool status checked
[2025-11-07T11:40:30.355442] [ERROR] Request failed
