[2025-11-07T11:40:29.451237] [INFO] Transaction completed
[2025-11-07T11:40:29.451252] [DEBUG] Entering function process_data()
[2025-11-07T11:40:29.451236] [INFO] Health check passed
[2025-11-07T11:40:29.451255] [DEBUG] Entering function process_data()
[2025-11-07T11:40:29.451241] [INFO] Session started
[2025-11-07T11:40:29.451225] [INFO] Connection established
[2025-11-07T11:40:29.451253] [DEBUG] HTTP request headers parsed
[2025-11-07T11:40:29.451242] [WARN] Slow query performance
[2025-11-07T11:40:29.451257] [DEBUG] Thread pool size: 8
[2025-11-07T11:40:29.451244] [WARN] Connection retry attempt
[2025-11-07T11:40:29.451227] [INFO] Database query executed
[2025-11-07T11:40:29.451230] [INFO] Configuration loaded
[2025-11-07T11:40:29.451232] [INFO] Connection established
[2025-11-07T11:40:29.451254] [DEBUG] Connection pool status checked
[2025-11-07T11:40:29.451239] [INFO] Configuration loaded
[2025-11-07T11:40:29.451234] [INFO] Service initialized
[2025-11-07T11:40:29.451251] [DEBUG] Loop iteration: 15
[2025-11-07T11:40:29.451247] [ERROR] Network timeout
[2025-11-07T11:40:29.451243] [WARN] Cache miss
[2025-11-07T11:40:29.451231] [INFO] Connection established
[2025-11-07T11:40:29.451240] [INFO] Configuration loaded
[2025-11-07T11:40:29.451249] [DEBUG] Loop iteration: 15
[2025-11-07T11:40:29.451245] [WARN] High memory usage detected
[2025-11-07T11:40:29.451246] [WARN] Rate limit approaching
[2025-11-07T11:40:29.451235] [INFO] Health check passed
[2025-11-07T11:40:29.451224] [INFO] Session started
[2025-11-07T11:40:29.451256] [DEBUG] Cache key generated
[2025-11-07T11:40:29.451226] [INFO] Configuration loaded
[2025-11-07T11:40:29.451248] [ERROR] Database connection lost
[2025-11-07T11:40:29.451228] [INFO] Service initialized
[2025-11-07T11:40:29.451238] [INFO] Service initialized
[2025-11-07T11:40:29.451229] [INFO] Configuration loaded
[2025-11-07T11:40:29.451256] [DEBUG] Buffer size: 4096 bytes
[2025-11-07T11:40:29.451233] [INFO] Request processed successfully
