[2025-11-07T11:40:29.617311] [WARN] Queue size growing
[2025-11-07T11:40:29.617304] [INFO] Request processed successfully
[2025-11-07T11:40:29.617310] [WARN] Cache miss
[2025-11-07T11:40:29.617308] [INFO] Transaction completed
[2025-11-07T11:40:29.617306] [INFO] Request processed successfully
[2025-11-07T11:40:29.617324] [DEBUG] Timer set: 30 seconds
[2025-11-07T11:40:29.617314] [ERROR] Database connection lost
[2025-11-07T11:40:29.617312] [WARN] Slow query performance
[2025-11-07T11:40:29.617305] [INFO] Database query executed
[2025-11-07T11:40:29.617315] [DEBUG] Connection pool status checked
[2025-11-07T11:40:29.617295] [INFO] User logged in
[2025-11-07T11:40:29.617319] [DEBUG] Thread pool size: 8
[2025-11-07T11:40:29.617302] [INFO] Service initialized
[2025-11-07T11:40:29.617309] [WARN] High memory usage detected
[2025-11-07T11:40:29.617311] [WARN] Connection retry attempt
[2025-11-07T11:40:29.617301] [INFO] Request processed successfully
[2025-11-07T11:40:29.617317] [DEBUG] Cache key generated
[2025-11-07T11:40:29.617296] [INFO] Configuration loaded
[2025-11-07T11:40:29.617297] [INFO] User logged in
[2025-11-07T11:40:29.617323] [DEBUG] Memory allocation: 2048 bytes
[2025-11-07T11:40:29.617300] [INFO] Health check passed
[2025-11-07T11:40:29.617298] [INFO] Connection established
[2025-11-07T11:40:29.617316] [DEBUG] HTTP request headers parsed
[2025-11-07T11:40:29.617290] [INFO] Health check passed
[2025-11-07T11:40:29.617293] [INFO] Connection established
[2025-11-07T11:40:29.617322] [DEBUG] HTTP request headers parsed
[2025-11-07T11:40:29.617320] [DEBUG] Variable value: x=42
[2025-11-07T11:40:29.617299] [INFO] Connection established
[2025-11-07T11:40:29.617292] [INFO] Configuration loaded
[2025-11-07T11:40:29.617294] [INFO] Transaction completed
[2025-11-07T11:40:29.617303] [INFO] Configuration loaded
[2025-11-07T11:40:29.617318] [DEBUG] Cache key generated
[2025-11-07T11:40:29.617321] [DEBUG] Timer set: 30 seconds
[2025-11-07T11:40:29.617307] [INFO] User logged in
