[2025-11-07T11:40:30.309908] [INFO] Connection established
[2025-11-07T11:40:30.309907] [INFO] Session started
[2025-11-07T11:40:30.309901] [INFO] Configuration loaded
[2025-11-07T11:40:30.309899] [INFO] Transaction completed
[2025-11-07T11:40:30.309911] [WARN] Queue size growing
[2025-11-07T11:40:30.309904] [INFO] Session started
[2025-11-07T11:40:30.309896] [INFO] Transaction completed
[2025-11-07T11:40:30.309917] [ERROR] Memory allocation error
[2025-11-07T11:40:30.309914] [WARN] Deprecated API usage
[2025-11-07T11:40:30.309909] [WARN] Deprecated API usage
[2025-11-07T11:40:30.309900] [INFO] Configuration loaded
[2025-11-07T11:40:30.309913] [WARN] Disk space low
[2025-11-07T11:40:30.309898] [INFO] Database query executed
[2025-11-07T11:40:30.309926] [DEBUG] Cache key generated
[2025-11-07T11:40:30.309897] [INFO] Service initialized
[2025-11-07T11:40:30.309919] [DEBUG] Memory allocation: 2048 bytes
[2025-11-07T11:40:30.309916] [WARN] Disk space low
[2025-11-07T11:40:30.309920] [DEBUG] HTTP request headers parsed
[2025-11-07T11:40:30.309895] [INFO] Session started
[2025-11-07T11:40:30.309923] [DEBUG] Connection pool status checked
[2025-11-07T11:40:30.309915] [WARN] Deprecated API usage
[2025-11-07T11:40:30.309894] [INFO] Transaction completed
[2025-11-07T11:40:30.309912] [WARN] Queue size growing
[2025-11-07T11:40:30.309902] [INFO] Session started
[2025-11-07T11:40:30.309893] [INFO] User logged in
[2025-11-07T11:40:30.309903] [INFO] Connection established
[2025-11-07T11:40:30.309921] [DEBUG] Thread pool size: 8
[2025-11-07T11:40:30.309922] [DEBUG] Timer set: 30 seconds
[2025-11-07T11:40:30.309924] [DEBUG] Timer set: 30 seconds
[2025-11-07T11:40:30.309905] [INFO] Health check passed
[2025-11-07T11:40:30.309906] [INFO] Database query executed
[2025-11-07T11:40:30.309918] [DEBUG] Buffer size: 4096 bytes
[2025-11-07T11:40:30.309925] [DEBUG] Loop iteration: 15
