[2025-11-07T11:40:29.293371] [WARN] Queue size growing
[2025-11-07T11:40:29.293373] [ERROR] Database connection lost
[2025-11-07T11:40:29.293379] [DEBUG] Entering function process_data()
[2025-11-07T11:40:29.293361] [INFO] Request processed successfully
[2025-11-07T11:40:29.293375] [DEBUG] HTTP request headers parsed
[2025-11-07T11:40:29.293370] [WARN] High memory usage detected
[2025-11-07T11:40:29.293367] [WARN] Disk space low
[2025-11-07T11:40:29.293366] [INFO] Service initialized
[2025-11-07T11:40:29.293357] [INFO] Configuration loaded
[2025-11-07T11:40:29.293377] [DEBUG] HTTP request headers parsed
[2025-11-07T11:40:29.293352] [INFO] Cache hit
[2025-11-07T11:40:29.293374] [DEBUG] Thread pool size: 8
[2025-11-07T11:40:29.293355] [INFO] Session started
[2025-11-07T11:40:29.293364] [INFO] Transaction completed
[2025-11-07T11:40:29.293360] [INFO] Service initialized
[2025-11-07T11:40:29.293368] [WARN] Resource threshold approaching
[2025-11-07T11:40:29.293364] [INFO] User logged in
[2025-11-07T11:40:29.293354] [INFO] Request processed successfully
[2025-11-07T11:40:29.293363] [INFO] Health check passed
[2025-11-07T11:40:29.293369] [WARN] Connection retry attempt
[2025-11-07T11:40:29.293372] [ERROR] Request failed
[2025-11-07T11:40:29.293378] [DEBUG] Cache key generated
[2025-11-07T11:40:29.293376] [DEBUG] Timer set: 30 seconds
[2025-11-07T11:40:29.293362] [INFO] Cache hit
[2025-11-07T11:40:29.293365] [INFO] Service initialized
[2025-11-07T11:40:29.293359] [INFO] Connection established
[2025-11-07T11:40:29.293358] [INFO] Database query executed
[2025-11-07T11:40:29.293356] [INFO] Health check passed
