[2025-11-07T11:40:29.327709] [WARN] Deprecated API usage
[2025-11-07T11:40:29.327694] [INFO] Connection established
[2025-11-07T11:40:29.327716] [DEBUG] Loop iteration: 15
[2025-11-07T11:40:29.327690] [INFO] Health check passed
[2025-11-07T11:40:29.327717] [DEBUG] Memory allocation: 2048 bytes
[2025-11-07T11:40:29.327713] [DEBUG] Timer set: 30 seconds
[2025-11-07T11:40:29.327705] [WARN] Rate limit approaching
[2025-11-07T11:40:29.327691] [INFO] Transaction completed
[2025-11-07T11:40:29.327686] [INFO] Transaction completed
[2025-11-07T11:40:29.327685] [INFO] Session started
[2025-11-07T11:40:29.327708] [WARN] Deprecated API usage
[2025-11-07T11:40:29.327706] [WARN] Slow query performance
[2025-11-07T11:40:29.327712] [ERROR] Authentication failed
[2025-11-07T11:40:29.327704] [WARN] Connection retry attempt
[2025-11-07T11:40:29.327689] [INFO] User logged in
[2025-11-07T11:40:29.327699] [INFO] Connection established
[2025-11-07T11:40:29.327710] [ERROR] Invalid input data
[2025-11-07T11:40:29.327688] [INFO] Configuration loaded
[2025-11-07T11:40:29.327720] [DEBUG] Memory allocation: 2048 bytes
[2025-11-07T11:40:29.327714] [DEBUG] Cache key generated
[2025-11-07T11:40:29.327692] [INFO] Service initialized
[2025-11-07T11:40:29.327695] [INFO] User logged in
[2025-11-07T11:40:29.327718] [DEBUG] Loop iteration: 15
[2025-11-07T11:40:29.327698] [INFO] User logged in
[2025-11-07T11:40:29.327721] [DEBUG] HTTP request headers parsed
[2025-11-07T11:40:29.327701] [INFO] Connection established
[2025-11-07T11:40:29.327715] [DEBUG] Connection pool status checked
[2025-11-07T11:40:29.327719] [DEBUG] Entering function process_data()
[2025-11-07T11:40:29.327702] [INFO] Request processed successfully
[2025-11-07T11:40:29.327696] [INFO] Configuration loaded
[2025-11-07T11:40:29.327687] [INFO] Request processed successfully
