[2025-11-07T11:40:29.689666] [INFO] Service initialized
[2025-11-07T11:40:29.689683] [DEBUG] Thread pool size: 8
[2025-11-07T11:40:29.689663] [INFO] Connection established
[2025-11-07T11:40:29.689687] [DEBUG] Connection pool status checked
[2025-11-07T11:40:29.689659] [INFO] Connection established
[2025-11-07T11:40:29.689675] [WARN] Cache miss
[2025-11-07T11:40:29.689685] [DEBUG] Thread pool size: 8
[2025-11-07T11:40:29.689670] [INFO] Request processed successfully
[2025-11-07T11:40:29.689661] [INFO] Transaction completed
[2025-11-07T11:40:29.689680] [WARN] Disk space low
[2025-11-07T11:40:29.689662] [INFO] Request processed successfully
[2025-11-07T11:40:29.689660] [INFO] Configuration loaded
[2025-11-07T11:40:29.689688] [DEBUG] Entering function process_data()
[2025-11-07T11:40:29.689664] [INFO] Session started
[2025-11-07T11:40:29.689676] [WARN] Slow query performance
[2025-11-07T11:40:29.689681] [ERROR] Request failed
[2025-11-07T11:40:29.689674] [INFO] Database query executed
[2025-11-07T11:40:29.689670] [INFO] Connection established
[2025-11-07T11:40:29.689677] [WARN] High memory usage detected
[2025-11-07T11:40:29.689686] [DEBUG] Buffer size: 4096 bytes
[2025-11-07T11:40:29.689671] [INFO] Configuration loaded
[2025-11-07T11:40:29.689690] [DEBUG] Timer set: 30 seconds
[2025-11-07T11:40:29.689684] [DEBUG] Thread pool size: 8
[2025-11-07T11:40:29.689678] [WARN] Queue size growing
[2025-11-07T11:40:29.689682] [DEBUG] HTTP request headers parsed
[2025-11-07T11:40:29.689665] [INFO] Connection established
[2025-11-07T11:40:29.689658] [INFO] Cache hit
[2025-11-07T11:40:29.689668] [INFO] Database query executed
[2025-11-07T11:40:29.689679] [WARN] Connection retry attempt
[2025-11-07T11:40:29.689689] [DEBUG] Connection pool status checked
[2025-11-07T11:40:29.689667] [INFO] Cache hit
[2025-11-07T11:40:29.689655] [INFO] Service initialized
[2025-11-07T11:40:29.689673] [INFO] Health check passed
[2025-11-07T11:40:29.689669] [INFO] User logged in
[2025-11-07T11:40:29.689657] [INFO] Session started
