[2025-11-07T11:40:29.534447] [DEBUG] Thread pool size: 8
[2025-11-07T11:40:29.534455] [DEBUG] Cache key generated
[2025-11-07T11:40:29.534428] [INFO] Health check passed
[2025-11-07T11:40:29.534440] [INFO] Configuration loaded
[2025-11-07T11:40:29.534451] [DEBUG] Timer set: 30 seconds
[2025-11-07T11:40:29.534453] [DEBUG] Timer set: 30 seconds
[2025-11-07T11:40:29.534448] [DEBUG] Cache key generated
[2025-11-07T11:40:29.534436] [INFO] Database query executed
[2025-11-07T11:40:29.534443] [WARN] Deprecated API usage
[2025-11-07T11:40:29.534452] [DEBUG] Thread pool size: 8
[2025-11-07T11:40:29.534438] [INFO] Session started
[2025-11-07T11:40:29.534435] [INFO] Cache hit
[2025-11-07T11:40:29.534433] [INFO] Request processed successfully
[2025-11-07T11:40:29.534445] [ERROR] Invalid input data
[2025-11-07T11:40:29.534454] [DEBUG] HTTP request headers parsed
[2025-11-07T11:40:29.534446] [ERROR] Service unavailable
[2025-11-07T11:40:29.534442] [WARN] Cache miss
[2025-11-07T11:40:29.534432] [INFO] User logged in
[2025-11-07T11:40:29.534441] [WARN] Cache miss
[2025-11-07T11:40:29.534437] [INFO] Service initialized
[2025-11-07T11:40:29.534431] [INFO] Service initialized
[2025-11-07T11:40:29.534450] [DEBUG] Buffer size: 4096 bytes
[2025-11-07T11:40:29.534444] [WARN] Cache miss
[2025-11-07T11:40:29.534430] [INFO] Service initialized
[2025-11-07T11:40:29.534449] [DEBUG] Buffer size: 4096 bytes
[2025-11-07T11:40:29.534434] [INFO] Cache hit
[2025-11-07T11:40:29.534439] [INFO] Database query executed
