[2025-11-07T11:40:29.804836] [WARN] Slow query performance
[2025-11-07T11:40:29.804828] [INFO] Transaction completed
[2025-11-07T11:40:29.804842] [DEBUG] Connection pool status checked
[2025-11-07T11:40:29.804846] [DEBUG] Loop iteration: 15
[2025-11-07T11:40:29.804831] [INFO] Request processed successfully
[2025-11-07T11:40:29.804837] [WARN] Slow query performance
[2025-11-07T11:40:29.804832] [INFO] Service initialized
[2025-11-07T11:40:29.804833] [INFO] Transaction completed
[2025-11-07T11:40:29.804843] [DEBUG] Thread pool size: 8
[2025-11-07T11:40:29.804825] [INFO] User logged in
[2025-11-07T11:40:29.804817] [INFO] Connection established
[2025-11-07T11:40:29.804840] [DEBUG] Variable value: x=42
[2025-11-07T11:40:29.804826] [INFO] Configuration loaded
[2025-11-07T11:40:29.804827] [INFO] Health check passed
[2025-11-07T11:40:29.804844] [DEBUG] Buffer size: 4096 bytes
[2025-11-07T11:40:29.804823] [INFO] Health check passed
[2025-11-07T11:40:29.804845] [DEBUG] Thread pool size: 8
[2025-11-07T11:40:29.804830] [INFO] Configuration loaded
[2025-11-07T11:40:29.804820] [INFO] Session started
[2025-11-07T11:40:29.804834] [WARN] Connection retry attempt
[2025-11-07T11:40:29.804847] [DEBUG] Timer set: 30 seconds
[2025-11-07T11:40:29.804822] [INFO] Session started
[2025-11-07T11:40:29.804848] [DEBUG] HTTP request headers parsed
[2025-11-07T11:40:29.804838] [WARN] Deprecated API usage
[2025-11-07T11:40:29.804829] [INFO] Connection established
[2025-11-07T11:40:29.804819] [INFO] Connection established
[2025-11-07T11:40:29.804835] [WARN] Timeout warning
[2025-11-07T11:40:29.804824] [INFO] Configuration loaded
[2025-11-07T11:40:29.804821] [INFO] Service initialized
[2025-11-07T11:40:29.804841] [DEBUG] Timer set: 30 seconds
[2025-11-07T11:40:29.804839] [ERROR] Invalid input data
