[2025-11-07T11:40:30.114557] [INFO] Connection established
[2025-11-07T11:40:30.114565] [INFO] Transaction completed
[2025-11-07T11:40:30.114579] [DEBUG] Cache key generated
[2025-11-07T11:40:30.114553] [INFO] Service initialized
[2025-11-07T11:40:30.114569] [WARN] Resource threshold approaching
[2025-11-07T11:40:30.114574] [ERROR] Memory allocation error
[2025-11-07T11:40:30.114578] [DEBUG] Variable value: x=42
[2025-11-07T11:40:30.114555] [INFO] Cache hit
[2025-11-07T11:40:30.114580] [DEBUG] Loop iteration: 15
[2025-11-07T11:40:30.114577] [DEBUG] Thread pool size: 8
[2025-11-07T11:40:30.114572] [WARN] Rate limit approaching
[2025-11-07T11:40:30.114576] [DEBUG] Connection pool status checked
[2025-11-07T11:40:30.114561] [INFO] Database query executed
[2025-11-07T11:40:30.114583] [DEBUG] Variable value: x=42
[2025-11-07T11:40:30.114558] [INFO] Session started
[2025-11-07T11:40:30.114573] [WARN] Connection retry attempt
[2025-11-07T11:40:30.114556] [INFO] Database query executed
[2025-11-07T11:40:30.114581] [DEBUG] Cache key generated
[2025-11-07T11:40:30.114554] [INFO] Connection established
[2025-11-07T11:40:30.114575] [DEBUG] Thread pool size: 8
[2025-11-07T11:40:30.114560] [INFO] Service initialized
[2025-11-07T11:40:30.114582] [DEBUG] Thread pool size: 8
[2025-11-07T11:40:30.114562] [INFO] Request processed successfully
[2025-11-07T11:40:30.114552] [INFO] Session started
[2025-11-07T11:40:30.114571] [WARN] Slow query performance
[2025-11-07T11:40:30.114559] [INFO] Connection established
[2025-11-07T11:40:30.114564] [INFO] Health check passed
[2025-11-07T11:40:30.114563] [INFO] Connection established
[2025-11-07T11:40:30.114570] [WARN] Disk space low
[2025-11-07T11:40:30.114568] [WARN] Slow query performance
[2025-11-07T11:40:30.114566] [INFO] Session started
