[2025-11-07T11:40:29.956744] [INFO] Configuration loaded
[2025-11-07T11:40:29.956751] [INFO] Cache hit
[2025-11-07T11:40:29.956753] [INFO] Request processed successfully
[2025-11-07T11:40:29.956754] [INFO] Health check passed
[2025-11-07T11:40:29.956770] [DEBUG] Timer set: 30 seconds
[2025-11-07T11:40:29.956761] [WARN] Rate limit approaching
[2025-11-07T11:40:29.956760] [WARN] Slow query performance
[2025-11-07T11:40:29.956759] [WARN] Rate limit approaching
[2025-11-07T11:40:29.956749] [INFO] User logged in
[2025-11-07T11:40:29.956765] [DEBUG] HTTP request headers parsed
[2025-11-07T11:40:29.956769] [DEBUG] HTTP request headers parsed
[2025-11-07T11:40:29.956757] [WARN] Deprecated API usage
[2025-11-07T11:40:29.956758] [WARN] Cache miss
[2025-11-07T11:40:29.956756] [WARN] Slow query performance
[2025-11-07T11:40:29.956762] [ERROR] Disk read failed
[2025-11-07T11:40:29.956767] [DEBUG] Timer set: 30 seconds
[2025-11-07T11:40:29.956750] [INFO] Session started
[2025-11-07T11:40:29.956766] [DEBUG] Loop iteration: 15
[2025-11-07T11:40:29.956745] [INFO] Cache hit
[2025-11-07T11:40:29.956755] [INFO] Configuration loaded
[2025-11-07T11:40:29.956743] [INFO] Configuration loaded
[2025-11-07T11:40:29.956748] [INFO] Service initialized
[2025-11-07T11:40:29.956752] [INFO] Database query executed
[2025-11-07T11:40:29.956746] [INFO] Session started
[2025-11-07T11:40:29.956771] [DEBUG] Timer set: 30 seconds
[2025-11-07T11:40:29.956763] [ERROR] Service unavailable
[2025-11-07T11:40:29.956764] [DEBUG] Timer set: 30 seconds
[2025-11-07T11:40:29.956768] [DEBUG] HTTP request headers parsed
