[2025-11-07T11:40:30.083711] [DEBUG] Loop iteration: 15
[2025-11-07T11:40:30.083704] [ERROR] Service unavailable
[2025-11-07T11:40:30.083708] [DEBUG] Variable value: x=42
[2025-11-07T11:40:30.083702] [WARN] Cache miss
[2025-11-07T11:40:30.083685] [INFO] User logged in
[2025-11-07T11:40:30.083698] [INFO] Service initialized
[2025-11-07T11:40:30.083695] [INFO] Connection established
[2025-11-07T11:40:30.083689] [INFO] Connection established
[2025-11-07T11:40:30.083700] [WARN] Disk space low
[2025-11-07T11:40:30.083687] [INFO] Health check passed
[2025-11-07T11:40:30.083701] [WARN] Deprecated API usage
[2025-11-07T11:40:30.083703] [WARN] Connection retry attempt
[2025-11-07T11:40:30.083710] [DEBUG] HTTP request headers parsed
[2025-11-07T11:40:30.083696] [INFO] Cache hit
[2025-11-07T11:40:30.083705] [ERROR] Service unavailable
[2025-11-07T11:40:30.083690] [INFO] User logged in
[2025-11-07T11:40:30.083691] [INFO] Connection established
[2025-11-07T11:40:30.083686] [INFO] Health check passed
[2025-11-07T11:40:30.083688] [INFO] Health check passed
[2025-11-07T11:40:30.083693] [INFO] Database query executed
[2025-11-07T11:40:30.083697] [INFO] Health check passed
[2025-11-07T11:40:30.083709] [DEBUG] Connection pool status checked
[2025-11-07T11:40:30.083694] [INFO] Service initialized
[2025-11-07T11:40:30.083707] [DEBUG] Loop iteration: 15
[2025-11-07T11:40:30.083699] [WARN] Cache miss
[2025-11-07T11:40:30.083684] [INFO] Service initialized
[2025-11-07T11:40:30.083712] [DEBUG] Cache key generated
[2025-11-07T11:40:30.083706] [DEBUG] Cache key generated
