[2025-11-07T11:40:30.062859] [INFO] Transaction completed
[2025-11-07T11:40:30.062860] [INFO] Configuration loaded
[2025-11-07T11:40:30.062847] [INFO] Health check passed
[2025-11-07T11:40:30.062850] [INFO] Configuration loaded
[2025-11-07T11:40:30.062864] [WARN] Connection retry attempt
[2025-11-07T11:40:30.062846] [INFO] Session started
[2025-11-07T11:40:30.062867] [ERROR] Service unavailable
[2025-11-07T11:40:30.062875] [DEBUG] Thread pool size: 8
[2025-11-07T11:40:30.062858] [INFO] Session started
[2025-11-07T11:40:30.062876] [DEBUG] Thread pool size: 8
[2025-11-07T11:40:30.062873] [DEBUG] Timer set: 30 seconds
[2025-11-07T11:40:30.062856] [INFO] Service initialized
[2025-11-07T11:40:30.062861] [INFO] Session started
[2025-11-07T11:40:30.062857] [INFO] Service initialized
[2025-11-07T11:40:30.062868] [ERROR] Invalid input data
[2025-11-07T11:40:30.062852] [INFO] Configuration loaded
[2025-11-07T11:40:30.062865] [WARN] Connection retry attempt
[2025-11-07T11:40:30.062863] [WARN] Slow query performance
[2025-11-07T11:40:30.062862] [WARN] Connection retry attempt
[2025-11-07T11:40:30.062849] [INFO] Health check passed
[2025-11-07T11:40:30.062869] [DEBUG] Cache key generated
[2025-11-07T11:40:30.062848] [INFO] Service initialized
[2025-11-07T11:40:30.062866] [WARN] Rate limit approaching
[2025-11-07T11:40:30.062874] [DEBUG] Loop iteration: 15
[2025-11-07T11:40:30.062855] [INFO] Database query executed
[2025-11-07T11:40:30.062854] [INFO] Configuration loaded
[2025-11-07T11:40:30.062877] [DEBUG] Buffer size: 4096 bytes
[2025-11-07T11:40:30.062872] [DEBUG] Cache key generated
[2025-11-07T11:40:30.062871] [DEBUG] Cache key generated
[2025-11-07T11:40:30.062870] [DEBUG] Timer set: 30 seconds
[2025-11-07T11:40:30.062853] [INFO] Transaction completed
[2025-11-07T11:40:30.062852] [INFO] User logged in
