[2025-11-07T11:40:30.154156] [DEBUG] Thread pool size: 8
[2025-11-07T11:40:30.154155] [ERROR] Service unavailable
[2025-11-07T11:40:30.154157] [DEBUG] Memory allocation: 2048 bytes
[2025-11-07T11:40:30.154143] [INFO] Health check passed
[2025-11-07T11:40:30.154139] [INFO] Service initialized
[2025-11-07T11:40:30.154162] [DEBUG] Cache key generated
[2025-11-07T11:40:30.154150] [WARN] Timeout warning
[2025-11-07T11:40:30.154140] [INFO] Service initialized
[2025-11-07T11:40:30.154151] [WARN] Deprecated API usage
[2025-11-07T11:40:30.154147] [INFO] Configuration loaded
[2025-11-07T11:40:30.154145] [INFO] Cache hit
[2025-11-07T11:40:30.154141] [INFO] Request processed successfully
[2025-11-07T11:40:30.154137] [INFO] User logged in
[2025-11-07T11:40:30.154135] [INFO] Database query executed
[2025-11-07T11:40:30.154152] [WARN] Deprecated API usage
[2025-11-07T11:40:30.154144] [INFO] Database query executed
[2025-11-07T11:40:30.154148] [INFO] Configuration loaded
[2025-11-07T11:40:30.154146] [INFO] Transaction completed
[2025-11-07T11:40:30.154160] [DEBUG] Buffer size: 4096 bytes
[2025-11-07T11:40:30.154163] [DEBUG] Loop iteration: 15
[2025-11-07T11:40:30.154133] [INFO] Health check passed
[2025-11-07T11:40:30.154164] [DEBUG] Connection pool status checked
[2025-11-07T11:40:30.154154] [ERROR] File not found
[2025-11-07T11:40:30.154161] [DEBUG] Connection pool status checked
[2025-11-07T11:40:30.154149] [INFO] Cache hit
[2025-11-07T11:40:30.154138] [INFO] Request processed successfully
[2025-11-07T11:40:30.154159] [DEBUG] Buffer size: 4096 bytes
[2025-11-07T11:40:30.154134] [INFO] User logged in
[2025-11-07T11:40:30.154153] [WARN] High memory usage detected
[2025-11-07T11:40:30.154136] [INFO] Session started
[2025-11-07T11:40:30.154158] [DEBUG] Buffer size: 4096 bytes
