[2025-11-07T11:40:30.089455] [INFO] Health check passed
[2025-11-07T11:40:30.089469] [DEBUG] Timer set: 30 seconds
[2025-11-07T11:40:30.089448] [INFO] Database query executed
[2025-11-07T11:40:30.089454] [INFO] Service initialized
[2025-11-07T11:40:30.089453] [INFO] Request processed successfully
[2025-11-07T11:40:30.089468] [DEBUG] HTTP request headers parsed
[2025-11-07T11:40:30.089472] [DEBUG] Buffer size: 4096 bytes
[2025-11-07T11:40:30.089460] [INFO] Health check passed
[2025-11-07T11:40:30.089473] [DEBUG] Connection pool status checked
[2025-11-07T11:40:30.089465] [INFO] Session started
[2025-11-07T11:40:30.089474] [DEBUG] Cache key generated
[2025-11-07T11:40:30.089471] [DEBUG] Thread pool size: 8
[2025-11-07T11:40:30.089461] [INFO] Service initialized
[2025-11-07T11:40:30.089459] [INFO] Database query executed
[2025-11-07T11:40:30.089458] [INFO] Request processed successfully
[2025-11-07T11:40:30.089450] [INFO] Configuration loaded
[2025-11-07T11:40:30.089467] [ERROR] Service unavailable
[2025-11-07T11:40:30.089463] [INFO] Cache hit
[2025-11-07T11:40:30.089476] [DEBUG] Entering function process_data()
[2025-11-07T11:40:30.089466] [WARN] Rate limit approaching
[2025-11-07T11:40:30.089470] [DEBUG] Memory allocation: 2048 bytes
[2025-11-07T11:40:30.089475] [DEBUG] Loop iteration: 15
[2025-11-07T11:40:30.089451] [INFO] Service initialized
[2025-11-07T11:40:30.089452] [INFO] Configuration loaded
[2025-11-07T11:40:30.089456] [INFO] User logged in
[2025-11-07T11:40:30.089449] [INFO] Health check passed
[2025-11-07T11:40:30.089464] [INFO] Request processed successfully
[2025-11-07T11:40:30.089462] [INFO] Configuration loaded
[2025-11-07T11:40:30.089457] [INFO] Transaction completed
