[2025-11-07T11:40:30.355964] [INFO] Session started
[2025-11-07T11:40:30.355984] [WARN] Queue size growing
[2025-11-07T11:40:30.355988] [DEBUG] Entering function process_data()
[2025-11-07T11:40:30.355990] [DEBUG] Loop iteration: 15
[2025-11-07T11:40:30.355971] [INFO] Database query executed
[2025-11-07T11:40:30.355968] [INFO] Health check passed
[2025-11-07T11:40:30.355982] [WARN] Cache miss
[2025-11-07T11:40:30.355985] [WARN] Cache miss
[2025-11-07T11:40:30.355975] [INFO] Connection established
[2025-11-07T11:40:30.355979] [INFO] Cache hit
[2025-11-07T11:40:30.355962] [INFO] Service initialized
[2025-11-07T11:40:30.355969] [INFO] Health check passed
[2025-11-07T11:40:30.355992] [DEBUG] Thread pool size: 8
[2025-11-07T11:40:30.355981] [WARN] Timeout warning
[2025-11-07T11:40:30.355972] [INFO] Health check passed
[2025-11-07T11:40:30.355966] [INFO] Request processed successfully
[2025-11-07T11:40:30.355976] [INFO] User logged in
[2025-11-07T11:40:30.355963] [INFO] Database query executed
[2025-11-07T11:40:30.355973] [INFO] Request processed successfully
[2025-11-07T11:40:30.355980] [WARN] Deprecated API usage
[2025-11-07T11:40:30.355986] [ERROR] File not found
[2025-11-07T11:40:30.355965] [INFO] Request processed successfully
[2025-11-07T11:40:30.355993] [DEBUG] Timer set: 30 seconds
[2025-11-07T11:40:30.355994] [DEBUG] Loop iteration: 15
[2025-11-07T11:40:30.355977] [INFO] Service initialized
[2025-11-07T11:40:30.355967] [INFO] Health check passed
[2025-11-07T11:40:30.355970] [INFO] Database query executed
[2025-11-07T11:40:30.355989] [DEBUG] Variable value: x=42
