[2025-11-07T11:40:29.496800] [DEBUG] Entering function process_data()
[2025-11-07T11:40:29.496785] [INFO] Service initialized
[2025-11-07T11:40:29.496796] [WARN] Cache miss
[2025-11-07T11:40:29.496792] [WARN] Deprecated API usage
[2025-11-07T11:40:29.496787] [INFO] Transaction completed
[2025-11-07T11:40:29.496791] [INFO] Cache hit
[2025-11-07T11:40:29.496797] [WARN] Disk space low
[2025-11-07T11:40:29.496808] [DEBUG] Entering function process_data()
[2025-11-07T11:40:29.496781] [INFO] Database query executed
[2025-11-07T11:40:29.496794] [WARN] Connection retry attempt
[2025-11-07T11:40:29.496788] [INFO] Session started
[2025-11-07T11:40:29.496804] [DEBUG] Variable value: x=42
[2025-11-07T11:40:29.496803] [DEBUG] Thread pool size: 8
[2025-11-07T11:40:29.496806] [DEBUG] Timer set: 30 seconds
[2025-11-07T11:40:29.496783] [INFO] Session started
[2025-11-07T11:40:29.496780] [INFO] Session started
[2025-11-07T11:40:29.496798] [ERROR] Invalid input data
[2025-11-07T11:40:29.496795] [WARN] Connection retry attempt
[2025-11-07T11:40:29.496799] [DEBUG] Memory allocation: 2048 bytes
[2025-11-07T11:40:29.496793] [WARN] Disk space low
[2025-11-07T11:40:29.496779] [INFO] Health check passed
[2025-11-07T11:40:29.496807] [DEBUG] Cache key generated
[2025-11-07T11:40:29.496786] [INFO] Request processed successfully
[2025-11-07T11:40:29.496784] [INFO] Request processed successfully
[2025-11-07T11:40:29.496789] [INFO] Database query executed
[2025-11-07T11:40:29.496782] [INFO] Health check passed
[2025-11-07T11:40:29.496806] [DEBUG] Entering function process_data()
[2025-11-07T11:40:29.496801] [DEBUG] Memory allocation: 2048 bytes
[2025-11-07T11:40:29.496790] [INFO] Configuration loaded
[2025-11-07T11:40:29.496802] [DEBUG] Entering function process_data()
