[2025-11-07T11:40:30.041795] [INFO] Cache hit
[2025-11-07T11:40:30.041796] [INFO] Service initialized
[2025-11-07T11:40:30.041803] [WARN] Timeout warning
[2025-11-07T11:40:30.041792] [INFO] Database query executed
[2025-11-07T11:40:30.041791] [INFO] Database query executed
[2025-11-07T11:40:30.041797] [INFO] User logged in
[2025-11-07T11:40:30.041805] [DEBUG] Cache key generated
[2025-11-07T11:40:30.041798] [INFO] Request processed successfully
[2025-11-07T11:40:30.041806] [DEBUG] Variable value: x=42
[2025-11-07T11:40:30.041808] [DEBUG] HTTP request headers parsed
[2025-11-07T11:40:30.041794] [INFO] Database query executed
[2025-11-07T11:40:30.041786] [INFO] Request processed successfully
[2025-11-07T11:40:30.041800] [INFO] Request processed successfully
[2025-11-07T11:40:30.041809] [DEBUG] Loop iteration: 15
[2025-11-07T11:40:30.041804] [ERROR] Request failed
[2025-11-07T11:40:30.041789] [INFO] Database query executed
[2025-11-07T11:40:30.041810] [DEBUG] Thread pool size: 8
[2025-11-07T11:40:30.041799] [INFO] Cache hit
[2025-11-07T11:40:30.041801] [INFO] Database query executed
[2025-11-07T11:40:30.041807] [DEBUG] Connection pool status checked
[2025-11-07T11:40:30.041788] [INFO] Request processed successfully
[2025-11-07T11:40:30.041793] [INFO] Transaction completed
[2025-11-07T11:40:30.041802] [WARN] Deprecated API usage
[2025-11-07T11:40:30.041790] [INFO] Connection established
