[2025-11-07T11:40:29.746313] [DEBUG] HTTP request headers parsed
[2025-11-07T11:40:29.746292] [INFO] User logged in
[2025-11-07T11:40:29.746312] [DEBUG] Memory allocation: 2048 bytes
[2025-11-07T11:40:29.746289] [INFO] Transaction completed
[2025-11-07T11:40:29.746304] [WARN] Queue size growing
[2025-11-07T11:40:29.746301] [INFO] Cache hit
[2025-11-07T11:40:29.746297] [INFO] Cache hit
[2025-11-07T11:40:29.746299] [INFO] Service initialized
[2025-11-07T11:40:29.746311] [ERROR] Service unavailable
[2025-11-07T11:40:29.746309] [ERROR] Permission denied
[2025-11-07T11:40:29.746294] [INFO] Database query executed
[2025-11-07T11:40:29.746314] [DEBUG] Timer set: 30 seconds
[2025-11-07T11:40:29.746300] [INFO] Session started
[2025-11-07T11:40:29.746290] [INFO] Request processed successfully
[2025-11-07T11:40:29.746303] [WARN] Deprecated API usage
[2025-11-07T11:40:29.746293] [INFO] Service initialized
[2025-11-07T11:40:29.746315] [DEBUG] Thread pool size: 8
[2025-11-07T11:40:29.746302] [WARN] Rate limit approaching
[2025-11-07T11:40:29.746296] [INFO] Cache hit
[2025-11-07T11:40:29.746317] [DEBUG] Memory allocation: 2048 bytes
[2025-11-07T11:40:29.746286] [INFO] Configuration loaded
[2025-11-07T11:40:29.746305] [WARN] Deprecated API usage
[2025-11-07T11:40:29.746308] [WARN] Resource threshold approaching
[2025-11-07T11:40:29.746291] [INFO] Configuration loaded
[2025-11-07T11:40:29.746295] [INFO] Health check passed
[2025-11-07T11:40:29.746298] [INFO] Configuration loaded
[2025-11-07T11:40:29.746310] [ERROR] Service unavailable
[2025-11-07T11:40:29.746307] [WARN] High memory usage detected
[2025-11-07T11:40:29.746288] [INFO] User logged in
[2025-11-07T11:40:29.746316] [DEBUG] Buffer size: 4096 bytes
[2025-11-07T11:40:29.746306] [WARN] Deprecated API usage
