[2025-11-07T11:40:29.349353] [DEBUG] Memory allocation: 2048 bytes
[2025-11-07T11:40:29.349312] [WARN] Connection retry attempt
[2025-11-07T11:40:29.349317] [WARN] High memory usage detected
[2025-11-07T11:40:29.349304] [INFO] User logged in
[2025-11-07T11:40:29.349301] [INFO] User logged in
[2025-11-07T11:40:29.349288] [INFO] Database query executed
[2025-11-07T11:40:29.349287] [INFO] Connection established
[2025-11-07T11:40:29.349308] [INFO] Request processed successfully
[2025-11-07T11:40:29.349286] [INFO] Database query executed
[2025-11-07T11:40:29.349320] [ERROR] Invalid input data
[2025-11-07T11:40:29.349315] [WARN] Queue size growing
[2025-11-07T11:40:29.349283] [INFO] Session started
[2025-11-07T11:40:29.349318] [WARN] Queue size growing
[2025-11-07T11:40:29.349323] [DEBUG] Loop iteration: 15
[2025-11-07T11:40:29.349285] [INFO] Configuration loaded
[2025-11-07T11:40:29.349289] [INFO] Database query executed
[2025-11-07T11:40:29.349321] [ERROR] Network timeout
[2025-11-07T11:40:29.349309] [INFO] Transaction completed
[2025-11-07T11:40:29.349306] [INFO] Request processed successfully
[2025-11-07T11:40:29.349322] [DEBUG] Variable value: x=42
[2025-11-07T11:40:29.349311] [WARN] Rate limit approaching
[2025-11-07T11:40:29.349314] [WARN] Connection retry attempt
[2025-11-07T11:40:29.349305] [INFO] Session started
[2025-11-07T11:40:29.349307] [INFO] Cache hit
[2025-11-07T11:40:29.349310] [INFO] Health check passed
[2025-11-07T11:40:29.349351] [DEBUG] Thread pool size: 8
[2025-11-07T11:40:29.349303] [INFO] Transaction completed
[2025-11-07T11:40:29.349324] [DEBUG] Entering function process_data()
[2025-11-07T11:40:29.349313] [WARN] Disk space low
[2025-11-07T11:40:29.349319] [ERROR] Disk read failed
[2025-11-07T11:40:29.349354] [DEBUG] Variable value: x=42
[2025-11-07T11:40:29.349300] [INFO] Transaction completed
