[2025-11-07T11:40:30.207498] [ERROR] Invalid input data
[2025-11-07T11:40:30.207492] [WARN] Resource threshold approaching
[2025-11-07T11:40:30.207487] [INFO] Transaction completed
[2025-11-07T11:40:30.207487] [INFO] Service initialized
[2025-11-07T11:40:30.207497] [ERROR] Disk read failed
[2025-11-07T11:40:30.207493] [WARN] Deprecated API usage
[2025-11-07T11:40:30.207483] [INFO] Service initialized
[2025-11-07T11:40:30.207495] [WARN] Connection retry attempt
[2025-11-07T11:40:30.207507] [DEBUG] Thread pool size: 8
[2025-11-07T11:40:30.207508] [DEBUG] Timer set: 30 seconds
[2025-11-07T11:40:30.207490] [INFO] User logged in
[2025-11-07T11:40:30.207506] [DEBUG] Buffer size: 4096 bytes
[2025-11-07T11:40:30.207499] [DEBUG] Thread pool size: 8
[2025-11-07T11:40:30.207494] [WARN] Disk space low
[2025-11-07T11:40:30.207477] [INFO] Health check passed
[2025-11-07T11:40:30.207502] [DEBUG] Timer set: 30 seconds
[2025-11-07T11:40:30.207481] [INFO] Transaction completed
[2025-11-07T11:40:30.207503] [DEBUG] Entering function process_data()
[2025-11-07T11:40:30.207479] [INFO] Request processed successfully
[2025-11-07T11:40:30.207485] [INFO] Configuration loaded
[2025-11-07T11:40:30.207504] [DEBUG] Cache key generated
[2025-11-07T11:40:30.207484] [INFO] Service initialized
[2025-11-07T11:40:30.207489] [INFO] Connection established
[2025-11-07T11:40:30.207480] [INFO] Service initialized
[2025-11-07T11:40:30.207482] [INFO] Configuration loaded
[2025-11-07T11:40:30.207486] [INFO] Health check passed
[2025-11-07T11:40:30.207500] [DEBUG] Cache key generated
[2025-11-07T11:40:30.207505] [DEBUG] Buffer size: 4096 bytes
[2025-11-07T11:40:30.207491] [INFO] Database query executed
[2025-11-07T11:40:30.207496] [ERROR] Authentication failed
[2025-11-07T11:40:30.207501] [DEBUG] Memory allocation: 2048 bytes
[2025-11-07T11:40:30.207488] [INFO] Health check passed
