[2025-11-07T11:40:30.079509] [DEBUG] Connection pool status checked
[2025-11-07T11:40:30.079483] [INFO] Service initialized
[2025-11-07T11:40:30.079508] [DEBUG] Cache key generated
[2025-11-07T11:40:30.079491] [INFO] User logged in
[2025-11-07T11:40:30.079488] [INFO] Transaction completed
[2025-11-07T11:40:30.079487] [INFO] Service initialized
[2025-11-07T11:40:30.079484] [INFO] Transaction completed
[2025-11-07T11:40:30.079493] [INFO] User logged in
[2025-11-07T11:40:30.079479] [INFO] User logged in
[2025-11-07T11:40:30.079501] [WARN] Timeout warning
[2025-11-07T11:40:30.079498] [WARN] Cache miss
[2025-11-07T11:40:30.079507] [DEBUG] Cache key generated
[2025-11-07T11:40:30.079478] [INFO] User logged in
[2025-11-07T11:40:30.079511] [DEBUG] HTTP request headers parsed
[2025-11-07T11:40:30.079494] [INFO] Configuration loaded
[2025-11-07T11:40:30.079505] [ERROR] Disk read failed
[2025-11-07T11:40:30.079503] [WARN] High memory usage detected
[2025-11-07T11:40:30.079485] [INFO] Service initialized
[2025-11-07T11:40:30.079481] [INFO] Health check passed
[2025-11-07T11:40:30.079497] [WARN] Resource threshold approaching
[2025-11-07T11:40:30.079495] [INFO] Configuration loaded
[2025-11-07T11:40:30.079499] [WARN] Deprecated API usage
[2025-11-07T11:40:30.079496] [WARN] Connection retry attempt
[2025-11-07T11:40:30.079489] [INFO] Cache hit
[2025-11-07T11:40:30.079504] [ERROR] Invalid input data
[2025-11-07T11:40:30.079480] [INFO] Database query executed
[2025-11-07T11:40:30.079482] [INFO] Session started
[2025-11-07T11:40:30.079506] [DEBUG] Loop iteration: 15
[2025-11-07T11:40:30.079502] [WARN] Deprecated API usage
[2025-11-07T11:40:30.079512] [DEBUG] Entering function process_data()
[2025-11-07T11:40:30.079476] [INFO] Session started
[2025-11-07T11:40:30.079486] [INFO] Service initialized
[2025-11-07T11:40:30.079500] [WARN] Deprecated API usage
[2025-11-07T11:40:30.079510] [DEBUG] Entering function process_data()
[2025-11-07T11:40:30.079475] [INFO] Session started
[2025-11-07T11:40:30.079490] [INFO] Cache hit
[2025-11-07T11:40:30.079492] [INFO] Configuration loaded
