[2025-11-07T11:40:29.540176] [INFO] Database query executed
[2025-11-07T11:40:29.540166] [INFO] User logged in
[2025-11-07T11:40:29.540169] [INFO] Connection established
[2025-11-07T11:40:29.540193] [DEBUG] Memory allocation: 2048 bytes
[2025-11-07T11:40:29.540172] [INFO] Transaction completed
[2025-11-07T11:40:29.540195] [DEBUG] HTTP request headers parsed
[2025-11-07T11:40:29.540198] [DEBUG] Connection pool status checked
[2025-11-07T11:40:29.540191] [ERROR] Memory allocation error
[2025-11-07T11:40:29.540174] [INFO] Cache hit
[2025-11-07T11:40:29.540167] [INFO] Session started
[2025-11-07T11:40:29.540190] [ERROR] File not found
[2025-11-07T11:40:29.540199] [DEBUG] Thread pool size: 8
[2025-11-07T11:40:29.540197] [DEBUG] Memory allocation: 2048 bytes
[2025-11-07T11:40:29.540175] [INFO] Transaction completed
[2025-11-07T11:40:29.540189] [WARN] Slow query performance
[2025-11-07T11:40:29.540194] [DEBUG] Buffer size: 4096 bytes
[2025-11-07T11:40:29.540200] [DEBUG] Variable value: x=42
[2025-11-07T11:40:29.540178] [INFO] Request processed successfully
[2025-11-07T11:40:29.540164] [INFO] Session started
[2025-11-07T11:40:29.540177] [INFO] Configuration loaded
[2025-11-07T11:40:29.540168] [INFO] Service initialized
[2025-11-07T11:40:29.540173] [INFO] User logged in
[2025-11-07T11:40:29.540182] [INFO] Transaction completed
[2025-11-07T11:40:29.540170] [INFO] Transaction completed
[2025-11-07T11:40:29.540186] [WARN] Resource threshold approaching
[2025-11-07T11:40:29.540184] [INFO] Cache hit
[2025-11-07T11:40:29.540192] [DEBUG] Cache key generated
[2025-11-07T11:40:29.540183] [INFO] Request processed successfully
[2025-11-07T11:40:29.540187] [WARN] Resource threshold approaching
[2025-11-07T11:40:29.540185] [WARN] Disk space low
[2025-11-07T11:40:29.540188] [WARN] Resource threshold approaching
[2025-11-07T11:40:29.540171] [INFO] Request processed successfully
[2025-11-07T11:40:29.540196] [DEBUG] Buffer size: 4096 bytes
