[2025-11-07T11:40:29.941425] [INFO] Service initialized
[2025-11-07T11:40:29.941420] [INFO] Configuration loaded
[2025-11-07T11:40:29.941413] [INFO] Cache hit
[2025-11-07T11:40:29.941419] [INFO] Configuration loaded
[2025-11-07T11:40:29.941429] [WARN] Timeout warning
[2025-11-07T11:40:29.941414] [INFO] Transaction completed
[2025-11-07T11:40:29.941433] [DEBUG] HTTP request headers parsed
[2025-11-07T11:40:29.941416] [INFO] Configuration loaded
[2025-11-07T11:40:29.941434] [DEBUG] Entering function process_data()
[2025-11-07T11:40:29.941435] [DEBUG] Memory allocation: 2048 bytes
[2025-11-07T11:40:29.941432] [DEBUG] Timer set: 30 seconds
[2025-11-07T11:40:29.941426] [INFO] Service initialized
[2025-11-07T11:40:29.941428] [WARN] Timeout warning
[2025-11-07T11:40:29.941424] [INFO] Transaction completed
[2025-11-07T11:40:29.941439] [DEBUG] Timer set: 30 seconds
[2025-11-07T11:40:29.941431] [ERROR] Network timeout
[2025-11-07T11:40:29.941415] [INFO] Session started
[2025-11-07T11:40:29.941440] [DEBUG] Thread pool size: 8
[2025-11-07T11:40:29.941421] [INFO] Transaction completed
[2025-11-07T11:40:29.941417] [INFO] Service initialized
[2025-11-07T11:40:29.941423] [INFO] Transaction completed
[2025-11-07T11:40:29.941436] [DEBUG] Entering function process_data()
[2025-11-07T11:40:29.941418] [INFO] Transaction completed
[2025-11-07T11:40:29.941430] [WARN] Resource threshold approaching
[2025-11-07T11:40:29.941422] [INFO] Service initialized
[2025-11-07T11:40:29.941427] [WARN] Rate limit approaching
[2025-11-07T11:40:29.941411] [INFO] Cache hit
[2025-11-07T11:40:29.941438] [DEBUG] Entering function process_data()
[2025-11-07T11:40:29.941437] [DEBUG] Entering function process_data()
