[2025-11-07T11:40:29.739022] [INFO] User logged in
[2025-11-07T11:40:29.739048] [DEBUG] Thread pool size: 8
[2025-11-07T11:40:29.739035] [WARN] Resource threshold approaching
[2025-11-07T11:40:29.739049] [DEBUG] Buffer size: 4096 bytes
[2025-11-07T11:40:29.739025] [INFO] Service initialized
[2025-11-07T11:40:29.739047] [DEBUG] Entering function process_data()
[2025-11-07T11:40:29.739029] [INFO] Request processed successfully
[2025-11-07T11:40:29.739043] [DEBUG] Thread pool size: 8
[2025-11-07T11:40:29.739038] [WARN] Cache miss
[2025-11-07T11:40:29.739024] [INFO] Transaction completed
[2025-11-07T11:40:29.739040] [ERROR] Authentication failed
[2025-11-07T11:40:29.739019] [INFO] Database query executed
[2025-11-07T11:40:29.739039] [WARN] Deprecated API usage
[2025-11-07T11:40:29.739045] [DEBUG] HTTP request headers parsed
[2025-11-07T11:40:29.739028] [INFO] Session started
[2025-11-07T11:40:29.739030] [INFO] Session started
[2025-11-07T11:40:29.739020] [INFO] Service initialized
[2025-11-07T11:40:29.739044] [DEBUG] Loop iteration: 15
[2025-11-07T11:40:29.739046] [DEBUG] Thread pool size: 8
[2025-11-07T11:40:29.739033] [WARN] Disk space low
[2025-11-07T11:40:29.739026] [INFO] Database query executed
[2025-11-07T11:40:29.739036] [WARN] Connection retry attempt
[2025-11-07T11:40:29.739041] [DEBUG] Thread pool size: 8
[2025-11-07T11:40:29.739023] [INFO] Service initialized
[2025-11-07T11:40:29.739032] [INFO] Transaction completed
[2025-11-07T11:40:29.739042] [DEBUG] Entering function process_data()
[2025-11-07T11:40:29.739021] [INFO] Request processed successfully
[2025-11-07T11:40:29.739037] [WARN] Queue size growing
[2025-11-07T11:40:29.739031] [INFO] Health check passed
[2025-11-07T11:40:29.739027] [INFO] Session started
[2025-11-07T11:40:29.739034] [WARN] Disk space low
[2025-11-07T11:40:29.739018] [INFO] User logged in
