[2025-11-07T11:40:30.185108] [INFO] Health check passed
[2025-11-07T11:40:30.185107] [INFO] Service initialized
[2025-11-07T11:40:30.185129] [WARN] Queue size growing
[2025-11-07T11:40:30.185113] [INFO] Health check passed
[2025-11-07T11:40:30.185130] [WARN] Slow query performance
[2025-11-07T11:40:30.185114] [INFO] Request processed successfully
[2025-11-07T11:40:30.185135] [ERROR] Network timeout
[2025-11-07T11:40:30.185118] [INFO] Transaction completed
[2025-11-07T11:40:30.185128] [WARN] Connection retry attempt
[2025-11-07T11:40:30.185134] [ERROR] Service unavailable
[2025-11-07T11:40:30.185142] [DEBUG] Loop iteration: 15
[2025-11-07T11:40:30.185119] [INFO] Connection established
[2025-11-07T11:40:30.185138] [DEBUG] Loop iteration: 15
[2025-11-07T11:40:30.185136] [DEBUG] Memory allocation: 2048 bytes
[2025-11-07T11:40:30.185137] [DEBUG] Buffer size: 4096 bytes
[2025-11-07T11:40:30.185110] [INFO] Service initialized
[2025-11-07T11:40:30.185117] [INFO] Service initialized
[2025-11-07T11:40:30.185123] [INFO] Database query executed
[2025-11-07T11:40:30.185109] [INFO] Health check passed
[2025-11-07T11:40:30.185131] [WARN] Queue size growing
[2025-11-07T11:40:30.185111] [INFO] Database query executed
[2025-11-07T11:40:30.185125] [WARN] Rate limit approaching
[2025-11-07T11:40:30.185139] [DEBUG] Timer set: 30 seconds
[2025-11-07T11:40:30.185144] [DEBUG] Entering function process_data()
[2025-11-07T11:40:30.185141] [DEBUG] Connection pool status checked
[2025-11-07T11:40:30.185143] [DEBUG] Connection pool status checked
[2025-11-07T11:40:30.185115] [INFO] Cache hit
[2025-11-07T11:40:30.185122] [INFO] Database query executed
[2025-11-07T11:40:30.185140] [DEBUG] HTTP request headers parsed
[2025-11-07T11:40:30.185121] [INFO] Transaction completed
[2025-11-07T11:40:30.185126] [WARN] Cache miss
[2025-11-07T11:40:30.185133] [WARN] Resource threshold approaching
[2025-11-07T11:40:30.185112] [INFO] User logged in
