[2025-11-07T11:40:29.483265] [INFO] Transaction completed
[2025-11-07T11:40:29.483258] [INFO] User logged in
[2025-11-07T11:40:29.483273] [ERROR] Service unavailable
[2025-11-07T11:40:29.483267] [INFO] Health check passed
[2025-11-07T11:40:29.483282] [DEBUG] Thread pool size: 8
[2025-11-07T11:40:29.483280] [DEBUG] Timer set: 30 seconds
[2025-11-07T11:40:29.483256] [INFO] Health check passed
[2025-11-07T11:40:29.483254] [INFO] Configuration loaded
[2025-11-07T11:40:29.483284] [DEBUG] Variable value: x=42
[2025-11-07T11:40:29.483285] [DEBUG] Entering function process_data()
[2025-11-07T11:40:29.483270] [WARN] High memory usage detected
[2025-11-07T11:40:29.483269] [WARN] Connection retry attempt
[2025-11-07T11:40:29.483281] [DEBUG] HTTP request headers parsed
[2025-11-07T11:40:29.483278] [DEBUG] Loop iteration: 15
[2025-11-07T11:40:29.483276] [DEBUG] Entering function process_data()
[2025-11-07T11:40:29.483261] [INFO] Health check passed
[2025-11-07T11:40:29.483259] [INFO] Transaction completed
[2025-11-07T11:40:29.483279] [DEBUG] Memory allocation: 2048 bytes
[2025-11-07T11:40:29.483271] [WARN] Connection retry attempt
[2025-11-07T11:40:29.483272] [WARN] Resource threshold approaching
[2025-11-07T11:40:29.483283] [DEBUG] Loop iteration: 15
[2025-11-07T11:40:29.483262] [INFO] Health check passed
[2025-11-07T11:40:29.483268] [WARN] Slow query performance
[2025-11-07T11:40:29.483255] [INFO] Configuration loaded
[2025-11-07T11:40:29.483266] [INFO] Session started
[2025-11-07T11:40:29.483263] [INFO] Service initialized
[2025-11-07T11:40:29.483274] [ERROR] Request failed
[2025-11-07T11:40:29.483252] [INFO] Transaction completed
[2025-11-07T11:40:29.483260] [INFO] Service initialized
[2025-11-07T11:40:29.483277] [DEBUG] Connection pool status checked
[2025-11-07T11:40:29.483264] [INFO] Transaction completed
[2025-11-07T11:40:29.483275] [DEBUG] HTTP request headers parsed
[2025-11-07T11:40:29.483257] [INFO] User logged in
