[2025-11-07T11:40:29.618249] [WARN] Resource threshold approaching
[2025-11-07T11:40:29.618259] [DEBUG] Variable value: x=42
[2025-11-07T11:40:29.618240] [INFO] Session started
[2025-11-07T11:40:29.618246] [WARN] Slow query performance
[2025-11-07T11:40:29.618251] [DEBUG] Buffer size: 4096 bytes
[2025-11-07T11:40:29.618243] [INFO] Health check passed
[2025-11-07T11:40:29.618231] [INFO] Request processed successfully
[2025-11-07T11:40:29.618254] [DEBUG] Entering function process_data()
[2025-11-07T11:40:29.618239] [INFO] Cache hit
[2025-11-07T11:40:29.618235] [INFO] Cache hit
[2025-11-07T11:40:29.618236] [INFO] Configuration loaded
[2025-11-07T11:40:29.618258] [DEBUG] Variable value: x=42
[2025-11-07T11:40:29.618234] [INFO] Health check passed
[2025-11-07T11:40:29.618255] [DEBUG] Loop iteration: 15
[2025-11-07T11:40:29.618247] [WARN] Timeout warning
[2025-11-07T11:40:29.618242] [INFO] Cache hit
[2025-11-07T11:40:29.618250] [ERROR] Request failed
[2025-11-07T11:40:29.618256] [DEBUG] Buffer size: 4096 bytes
[2025-11-07T11:40:29.618233] [INFO] Transaction completed
[2025-11-07T11:40:29.618241] [INFO] Transaction completed
[2025-11-07T11:40:29.618248] [WARN] Slow query performance
[2025-11-07T11:40:29.618253] [DEBUG] Entering function process_data()
[2025-11-07T11:40:29.618238] [INFO] Database query executed
[2025-11-07T11:40:29.618230] [INFO] Database query executed
[2025-11-07T11:40:29.618237] [INFO] Connection established
[2025-11-07T11:40:29.618257] [DEBUG] Entering function process_data()
[2025-11-07T11:40:29.618245] [WARN] Queue size growing
[2025-11-07T11:40:29.618252] [DEBUG] Variable value: x=42
[2025-11-07T11:40:29.618244] [INFO] User logged in
[2025-11-07T11:40:29.618232] [INFO] Configuration loaded
