[2025-11-07T11:40:30.192227] [INFO] User logged in
[2025-11-07T11:40:30.192240] [WARN] Slow query performance
[2025-11-07T11:40:30.192246] [DEBUG] HTTP request headers parsed
[2025-11-07T11:40:30.192237] [WARN] Resource threshold approaching
[2025-11-07T11:40:30.192252] [DEBUG] Loop iteration: 15
[2025-11-07T11:40:30.192234] [INFO] User logged in
[2025-11-07T11:40:30.192245] [DEBUG] Buffer size: 4096 bytes
[2025-11-07T11:40:30.192231] [INFO] User logged in
[2025-11-07T11:40:30.192242] [ERROR] Network timeout
[2025-11-07T11:40:30.192239] [WARN] Deprecated API usage
[2025-11-07T11:40:30.192241] [WARN] Resource threshold approaching
[2025-11-07T11:40:30.192229] [INFO] Cache hit
[2025-11-07T11:40:30.192249] [DEBUG] Timer set: 30 seconds
[2025-11-07T11:40:30.192236] [INFO] Service initialized
[2025-11-07T11:40:30.192250] [DEBUG] HTTP request headers parsed
[2025-11-07T11:40:30.192232] [INFO] Connection established
[2025-11-07T11:40:30.192244] [DEBUG] Cache key generated
[2025-11-07T11:40:30.192248] [DEBUG] Memory allocation: 2048 bytes
[2025-11-07T11:40:30.192251] [DEBUG] Timer set: 30 seconds
[2025-11-07T11:40:30.192233] [INFO] Cache hit
[2025-11-07T11:40:30.192226] [INFO] Configuration loaded
[2025-11-07T11:40:30.192223] [INFO] Health check passed
[2025-11-07T11:40:30.192225] [INFO] Transaction completed
[2025-11-07T11:40:30.192238] [WARN] Resource threshold approaching
[2025-11-07T11:40:30.192222] [INFO] Request processed successfully
[2025-11-07T11:40:30.192228] [INFO] Health check passed
[2025-11-07T11:40:30.192246] [DEBUG] Buffer size: 4096 bytes
[2025-11-07T11:40:30.192224] [INFO] User logged in
[2025-11-07T11:40:30.192235] [INFO] Cache hit
[2025-11-07T11:40:30.192230] [INFO] User logged in
[2025-11-07T11:40:30.192247] [DEBUG] Connection pool status checked
[2025-11-07T11:40:30.192243] [DEBUG] Entering function process_data()
