[2025-11-07T11:40:29.760580] [INFO] Database query executed
[2025-11-07T11:40:29.760582] [INFO] Service initialized
[2025-11-07T11:40:29.760581] [INFO] Service initialized
[2025-11-07T11:40:29.760588] [DEBUG] Variable value: x=42
[2025-11-07T11:40:29.760576] [INFO] Configuration loaded
[2025-11-07T11:40:29.760571] [INFO] Request processed successfully
[2025-11-07T11:40:29.760568] [INFO] Service initialized
[2025-11-07T11:40:29.760577] [INFO] User logged in
[2025-11-07T11:40:29.760579] [INFO] User logged in
[2025-11-07T11:40:29.760583] [INFO] Service initialized
[2025-11-07T11:40:29.760570] [INFO] Service initialized
[2025-11-07T11:40:29.760585] [WARN] Deprecated API usage
[2025-11-07T11:40:29.760575] [INFO] Configuration loaded
[2025-11-07T11:40:29.760572] [INFO] Database query executed
[2025-11-07T11:40:29.760573] [INFO] Configuration loaded
[2025-11-07T11:40:29.760586] [ERROR] Request failed
[2025-11-07T11:40:29.760587] [DEBUG] Buffer size: 4096 bytes
[2025-11-07T11:40:29.760574] [INFO] Request processed successfully
[2025-11-07T11:40:29.760584] [WARN] Slow query performance
[2025-11-07T11:40:29.760578] [INFO] Service initialized
