[2025-11-07T11:40:30.194259] [INFO] Connection established
[2025-11-07T11:40:30.194255] [INFO] Cache hit
[2025-11-07T11:40:30.194268] [WARN] High memory usage detected
[2025-11-07T11:40:30.194278] [DEBUG] Variable value: x=42
[2025-11-07T11:40:30.194253] [INFO] Transaction completed
[2025-11-07T11:40:30.194275] [DEBUG] Entering function process_data()
[2025-11-07T11:40:30.194262] [INFO] Cache hit
[2025-11-07T11:40:30.194249] [INFO] Session started
[2025-11-07T11:40:30.194281] [DEBUG] HTTP request headers parsed
[2025-11-07T11:40:30.194257] [INFO] Service initialized
[2025-11-07T11:40:30.194256] [INFO] Transaction completed
[2025-11-07T11:40:30.194252] [INFO] Request processed successfully
[2025-11-07T11:40:30.194265] [INFO] Service initialized
[2025-11-07T11:40:30.194264] [INFO] Cache hit
[2025-11-07T11:40:30.194270] [WARN] Slow query performance
[2025-11-07T11:40:30.194282] [DEBUG] Entering function process_data()
[2025-11-07T11:40:30.194254] [INFO] Cache hit
[2025-11-07T11:40:30.194267] [INFO] Transaction completed
[2025-11-07T11:40:30.194260] [INFO] Database query executed
[2025-11-07T11:40:30.194251] [INFO] Connection established
[2025-11-07T11:40:30.194261] [INFO] Session started
[2025-11-07T11:40:30.194271] [WARN] Connection retry attempt
[2025-11-07T11:40:30.194269] [WARN] Rate limit approaching
[2025-11-07T11:40:30.194266] [INFO] Health check passed
[2025-11-07T11:40:30.194274] [DEBUG] Entering function process_data()
[2025-11-07T11:40:30.194280] [DEBUG] Memory allocation: 2048 bytes
[2025-11-07T11:40:30.194276] [DEBUG] Connection pool status checked
[2025-11-07T11:40:30.194258] [INFO] Configuration loaded
[2025-11-07T11:40:30.194272] [ERROR] Authentication failed
[2025-11-07T11:40:30.194279] [DEBUG] Cache key generated
[2025-11-07T11:40:30.194263] [INFO] Cache hit
[2025-11-07T11:40:30.194273] [ERROR] Network timeout
[2025-11-07T11:40:30.194277] [DEBUG] HTTP request headers parsed
