[2025-11-07T11:40:30.156459] [INFO] Transaction completed
[2025-11-07T11:40:30.156485] [DEBUG] Memory allocation: 2048 bytes
[2025-11-07T11:40:30.156468] [INFO] Session started
[2025-11-07T11:40:30.156470] [INFO] Service initialized
[2025-11-07T11:40:30.156469] [INFO] Session started
[2025-11-07T11:40:30.156480] [DEBUG] Buffer size: 4096 bytes
[2025-11-07T11:40:30.156481] [DEBUG] Variable value: x=42
[2025-11-07T11:40:30.156487] [DEBUG] Cache key generated
[2025-11-07T11:40:30.156462] [INFO] Transaction completed
[2025-11-07T11:40:30.156482] [DEBUG] Cache key generated
[2025-11-07T11:40:30.156452] [INFO] Session started
[2025-11-07T11:40:30.156478] [ERROR] Service unavailable
[2025-11-07T11:40:30.156483] [DEBUG] Loop iteration: 15
[2025-11-07T11:40:30.156477] [WARN] Disk space low
[2025-11-07T11:40:30.156465] [INFO] Request processed successfully
[2025-11-07T11:40:30.156475] [WARN] High memory usage detected
[2025-11-07T11:40:30.156476] [WARN] Resource threshold approaching
[2025-11-07T11:40:30.156464] [INFO] Transaction completed
[2025-11-07T11:40:30.156461] [INFO] Configuration loaded
[2025-11-07T11:40:30.156471] [INFO] Transaction completed
[2025-11-07T11:40:30.156479] [DEBUG] Connection pool status checked
[2025-11-07T11:40:30.156486] [DEBUG] Thread pool size: 8
[2025-11-07T11:40:30.156467] [INFO] Connection established
[2025-11-07T11:40:30.156484] [DEBUG] Variable value: x=42
[2025-11-07T11:40:30.156451] [INFO] Service initialized
[2025-11-07T11:40:30.156472] [INFO] Session started
[2025-11-07T11:40:30.156471] [INFO] Health check passed
[2025-11-07T11:40:30.156466] [INFO] Cache hit
[2025-11-07T11:40:30.156463] [INFO] Health check passed
[2025-11-07T11:40:30.156449] [INFO] Request processed successfully
[2025-11-07T11:40:30.156474] [WARN] Connection retry attempt
