[2025-11-07T11:40:29.693010] [DEBUG] HTTP request headers parsed
[2025-11-07T11:40:29.693001] [WARN] Queue size growing
[2025-11-07T11:40:29.692986] [INFO] Connection established
[2025-11-07T11:40:29.693014] [DEBUG] Cache key generated
[2025-11-07T11:40:29.693013] [DEBUG] Timer set: 30 seconds
[2025-11-07T11:40:29.692993] [INFO] Service initialized
[2025-11-07T11:40:29.692988] [INFO] User logged in
[2025-11-07T11:40:29.692994] [INFO] Service initialized
[2025-11-07T11:40:29.693015] [DEBUG] Entering function process_data()
[2025-11-07T11:40:29.693019] [DEBUG] Buffer size: 4096 bytes
[2025-11-07T11:40:29.693016] [DEBUG] Memory allocation: 2048 bytes
[2025-11-07T11:40:29.693008] [DEBUG] Connection pool status checked
[2025-11-07T11:40:29.693018] [DEBUG] Connection pool status checked
[2025-11-07T11:40:29.693007] [DEBUG] HTTP request headers parsed
[2025-11-07T11:40:29.693012] [DEBUG] Timer set: 30 seconds
[2025-11-07T11:40:29.693002] [WARN] Resource threshold approaching
[2025-11-07T11:40:29.692990] [INFO] Configuration loaded
[2025-11-07T11:40:29.692991] [INFO] Database query executed
[2025-11-07T11:40:29.692997] [INFO] User logged in
[2025-11-07T11:40:29.692999] [INFO] Configuration loaded
[2025-11-07T11:40:29.693005] [DEBUG] HTTP request headers parsed
[2025-11-07T11:40:29.692998] [INFO] Request processed successfully
[2025-11-07T11:40:29.693000] [WARN] Queue size growing
[2025-11-07T11:40:29.692995] [INFO] User logged in
[2025-11-07T11:40:29.693009] [DEBUG] Cache key generated
[2025-11-07T11:40:29.693003] [WARN] Slow query performance
[2025-11-07T11:40:29.693004] [ERROR] Authentication failed
[2025-11-07T11:40:29.693011] [DEBUG] Connection pool status checked
[2025-11-07T11:40:29.693017] [DEBUG] Timer set: 30 seconds
[2025-11-07T11:40:29.692996] [INFO] Connection established
[2025-11-07T11:40:29.692989] [INFO] Session started
[2025-11-07T11:40:29.693006] [DEBUG] Thread pool size: 8
[2025-11-07T11:40:29.692992] [INFO] Service initialized
[2025-11-07T11:40:29.692987] [INFO] User logged in
