[2025-11-07T11:40:30.300633] [DEBUG] Entering function process_data()
[2025-11-07T11:40:30.300630] [DEBUG] Connection pool status checked
[2025-11-07T11:40:30.300629] [DEBUG] Memory allocation: 2048 bytes
[2025-11-07T11:40:30.300593] [INFO] Database query executed
[2025-11-07T11:40:30.300628] [DEBUG] Timer set: 30 seconds
[2025-11-07T11:40:30.300618] [ERROR] Disk read failed
[2025-11-07T11:40:30.300634] [DEBUG] Entering function process_data()
[2025-11-07T11:40:30.300625] [DEBUG] Timer set: 30 seconds
[2025-11-07T11:40:30.300609] [INFO] Configuration loaded
[2025-11-07T11:40:30.300636] [DEBUG] Timer set: 30 seconds
[2025-11-07T11:40:30.300591] [INFO] Session started
[2025-11-07T11:40:30.300600] [INFO] Transaction completed
[2025-11-07T11:40:30.300602] [INFO] Health check passed
[2025-11-07T11:40:30.300620] [DEBUG] Cache key generated
[2025-11-07T11:40:30.300614] [WARN] Resource threshold approaching
[2025-11-07T11:40:30.300611] [WARN] High memory usage detected
[2025-11-07T11:40:30.300613] [WARN] High memory usage detected
[2025-11-07T11:40:30.300604] [INFO] Connection established
[2025-11-07T11:40:30.300607] [INFO] Service initialized
[2025-11-07T11:40:30.300623] [DEBUG] HTTP request headers parsed
[2025-11-07T11:40:30.300617] [ERROR] Database connection lost
[2025-11-07T11:40:30.300615] [WARN] Resource threshold approaching
[2025-11-07T11:40:30.300627] [DEBUG] HTTP request headers parsed
[2025-11-07T11:40:30.300598] [INFO] Service initialized
[2025-11-07T11:40:30.300624] [DEBUG] Thread pool size: 8
[2025-11-07T11:40:30.300632] [DEBUG] Variable value: x=42
[2025-11-07T11:40:30.300603] [INFO] Health check passed
[2025-11-07T11:40:30.300599] [INFO] Configuration loaded
[2025-11-07T11:40:30.300621] [DEBUG] Variable value: x=42
[2025-11-07T11:40:30.300610] [INFO] Request processed successfully
[2025-11-07T11:40:30.300597] [INFO] Cache hit
[2025-11-07T11:40:30.300595] [INFO] Database query executed
[2025-11-07T11:40:30.300594] [INFO] Database query executed
[2025-11-07T11:40:30.300596] [INFO] Connection established
[2025-11-07T11:40:30.300606] [INFO] Request processed successfully
