[2025-11-07T11:40:30.077077] [DEBUG] Memory allocation: 2048 bytes
[2025-11-07T11:40:30.077060] [WARN] Deprecated API usage
[2025-11-07T11:40:30.077059] [WARN] Timeout warning
[2025-11-07T11:40:30.077049] [INFO] Health check passed
[2025-11-07T11:40:30.077074] [DEBUG] Buffer size: 4096 bytes
[2025-11-07T11:40:30.077080] [DEBUG] HTTP request headers parsed
[2025-11-07T11:40:30.077078] [DEBUG] Variable value: x=42
[2025-11-07T11:40:30.077046] [INFO] Cache hit
[2025-11-07T11:40:30.077071] [DEBUG] Connection pool status checked
[2025-11-07T11:40:30.077055] [INFO] Cache hit
[2025-11-07T11:40:30.077051] [INFO] Health check passed
[2025-11-07T11:40:30.077066] [ERROR] Disk read failed
[2025-11-07T11:40:30.077076] [DEBUG] Cache key generated
[2025-11-07T11:40:30.077063] [WARN] Rate limit approaching
[2025-11-07T11:40:30.077079] [DEBUG] Timer set: 30 seconds
[2025-11-07T11:40:30.077067] [DEBUG] Thread pool size: 8
[2025-11-07T11:40:30.077045] [INFO] Database query executed
[2025-11-07T11:40:30.077053] [INFO] User logged in
[2025-11-07T11:40:30.077072] [DEBUG] Timer set: 30 seconds
[2025-11-07T11:40:30.077075] [DEBUG] Loop iteration: 15
[2025-11-07T11:40:30.077048] [INFO] Request processed successfully
[2025-11-07T11:40:30.077062] [WARN] Queue size growing
[2025-11-07T11:40:30.077070] [DEBUG] Entering function process_data()
[2025-11-07T11:40:30.077052] [INFO] Service initialized
[2025-11-07T11:40:30.077054] [INFO] User logged in
[2025-11-07T11:40:30.077057] [INFO] Configuration loaded
[2025-11-07T11:40:30.077069] [DEBUG] Cache key generated
[2025-11-07T11:40:30.077043] [INFO] Transaction completed
[2025-11-07T11:40:30.077064] [ERROR] Request failed
[2025-11-07T11:40:30.077044] [INFO] User logged in
[2025-11-07T11:40:30.077047] [INFO] Cache hit
[2025-11-07T11:40:30.077050] [INFO] Database query executed
[2025-11-07T11:40:30.077056] [INFO] Health check passed
