[2025-11-07T11:40:29.655897] [WARN] Cache miss
[2025-11-07T11:40:29.655883] [INFO] User logged in
[2025-11-07T11:40:29.655892] [INFO] Connection established
[2025-11-07T11:40:29.655889] [INFO] User logged in
[2025-11-07T11:40:29.655907] [DEBUG] Connection pool status checked
[2025-11-07T11:40:29.655887] [INFO] Database query executed
[2025-11-07T11:40:29.655893] [INFO] Database query executed
[2025-11-07T11:40:29.655903] [DEBUG] HTTP request headers parsed
[2025-11-07T11:40:29.655894] [INFO] Health check passed
[2025-11-07T11:40:29.655895] [INFO] Configuration loaded
[2025-11-07T11:40:29.655892] [INFO] Service initialized
[2025-11-07T11:40:29.655905] [DEBUG] Connection pool status checked
[2025-11-07T11:40:29.655886] [INFO] Database query executed
[2025-11-07T11:40:29.655888] [INFO] Configuration loaded
[2025-11-07T11:40:29.655904] [DEBUG] Thread pool size: 8
[2025-11-07T11:40:29.655890] [INFO] Health check passed
[2025-11-07T11:40:29.655901] [ERROR] Authentication failed
[2025-11-07T11:40:29.655898] [WARN] Slow query performance
[2025-11-07T11:40:29.655906] [DEBUG] HTTP request headers parsed
[2025-11-07T11:40:29.655902] [DEBUG] Cache key generated
[2025-11-07T11:40:29.655884] [INFO] Request processed successfully
[2025-11-07T11:40:29.655899] [WARN] Cache miss
[2025-11-07T11:40:29.655896] [WARN] High memory usage detected
[2025-11-07T11:40:29.655891] [INFO] Configuration loaded
