[2025-11-07T11:40:30.186694] [INFO] Service initialized
[2025-11-07T11:40:30.186707] [DEBUG] Cache key generated
[2025-11-07T11:40:30.186702] [INFO] User logged in
[2025-11-07T11:40:30.186705] [ERROR] Authentication failed
[2025-11-07T11:40:30.186701] [INFO] Request processed successfully
[2025-11-07T11:40:30.186709] [DEBUG] Loop iteration: 15
[2025-11-07T11:40:30.186711] [DEBUG] Timer set: 30 seconds
[2025-11-07T11:40:30.186688] [INFO] User logged in
[2025-11-07T11:40:30.186696] [INFO] Service initialized
[2025-11-07T11:40:30.186692] [INFO] Database query executed
[2025-11-07T11:40:30.186703] [WARN] Slow query performance
[2025-11-07T11:40:30.186699] [INFO] Session started
[2025-11-07T11:40:30.186712] [DEBUG] HTTP request headers parsed
[2025-11-07T11:40:30.186695] [INFO] Session started
[2025-11-07T11:40:30.186689] [INFO] Session started
[2025-11-07T11:40:30.186708] [DEBUG] Entering function process_data()
[2025-11-07T11:40:30.186691] [INFO] Cache hit
[2025-11-07T11:40:30.186690] [INFO] Connection established
[2025-11-07T11:40:30.186705] [ERROR] Invalid input data
[2025-11-07T11:40:30.186698] [INFO] Health check passed
[2025-11-07T11:40:30.186700] [INFO] Service initialized
[2025-11-07T11:40:30.186697] [INFO] Health check passed
[2025-11-07T11:40:30.186713] [DEBUG] Cache key generated
[2025-11-07T11:40:30.186710] [DEBUG] Cache key generated
[2025-11-07T11:40:30.186702] [INFO] Service initialized
