[2025-11-07T11:40:30.050666] [INFO] Database query executed
[2025-11-07T11:40:30.050671] [INFO] User logged in
[2025-11-07T11:40:30.050668] [INFO] Health check passed
[2025-11-07T11:40:30.050686] [DEBUG] Cache key generated
[2025-11-07T11:40:30.050687] [DEBUG] Entering function process_data()
[2025-11-07T11:40:30.050680] [WARN] Cache miss
[2025-11-07T11:40:30.050675] [INFO] Transaction completed
[2025-11-07T11:40:30.050681] [ERROR] Database connection lost
[2025-11-07T11:40:30.050674] [INFO] Request processed successfully
[2025-11-07T11:40:30.050672] [INFO] Database query executed
[2025-11-07T11:40:30.050670] [INFO] Request processed successfully
[2025-11-07T11:40:30.050677] [INFO] User logged in
[2025-11-07T11:40:30.050679] [INFO] Service initialized
[2025-11-07T11:40:30.050664] [INFO] Request processed successfully
[2025-11-07T11:40:30.050682] [ERROR] Request failed
[2025-11-07T11:40:30.050673] [INFO] Cache hit
[2025-11-07T11:40:30.050667] [INFO] Request processed successfully
[2025-11-07T11:40:30.050676] [INFO] Database query executed
[2025-11-07T11:40:30.050684] [DEBUG] Cache key generated
[2025-11-07T11:40:30.050669] [INFO] Health check passed
[2025-11-07T11:40:30.050685] [DEBUG] Buffer size: 4096 bytes
[2025-11-07T11:40:30.050678] [INFO] User logged in
[2025-11-07T11:40:30.050683] [DEBUG] Loop iteration: 15
[2025-11-07T11:40:30.050688] [DEBUG] Buffer size: 4096 bytes
[2025-11-07T11:40:30.050689] [DEBUG] Connection pool status checked
