[2025-11-07T11:40:29.502070] [DEBUG] HTTP request headers parsed
[2025-11-07T11:40:29.502059] [INFO] Request processed successfully
[2025-11-07T11:40:29.502054] [INFO] Configuration loaded
[2025-11-07T11:40:29.502071] [DEBUG] Connection pool status checked
[2025-11-07T11:40:29.502069] [DEBUG] Timer set: 30 seconds
[2025-11-07T11:40:29.502076] [DEBUG] Buffer size: 4096 bytes
[2025-11-07T11:40:29.502053] [INFO] User logged in
[2025-11-07T11:40:29.502066] [WARN] Deprecated API usage
[2025-11-07T11:40:29.502052] [INFO] Request processed successfully
[2025-11-07T11:40:29.502075] [DEBUG] HTTP request headers parsed
[2025-11-07T11:40:29.502057] [INFO] User logged in
[2025-11-07T11:40:29.502055] [INFO] Configuration loaded
[2025-11-07T11:40:29.502064] [WARN] High memory usage detected
[2025-11-07T11:40:29.502048] [INFO] Request processed successfully
[2025-11-07T11:40:29.502051] [INFO] User logged in
[2025-11-07T11:40:29.502068] [ERROR] File not found
[2025-11-07T11:40:29.502056] [INFO] Health check passed
[2025-11-07T11:40:29.502067] [WARN] Slow query performance
[2025-11-07T11:40:29.502050] [INFO] Database query executed
[2025-11-07T11:40:29.502058] [INFO] User logged in
[2025-11-07T11:40:29.502062] [INFO] Transaction completed
[2025-11-07T11:40:29.502060] [INFO] Transaction completed
[2025-11-07T11:40:29.502063] [INFO] Cache hit
[2025-11-07T11:40:29.502074] [DEBUG] Buffer size: 4096 bytes
[2025-11-07T11:40:29.502078] [DEBUG] Loop iteration: 15
[2025-11-07T11:40:29.502065] [WARN] Cache miss
[2025-11-07T11:40:29.502077] [DEBUG] Loop iteration: 15
[2025-11-07T11:40:29.502061] [INFO] Cache hit
[2025-11-07T11:40:29.502073] [DEBUG] HTTP request headers parsed
[2025-11-07T11:40:29.502079] [DEBUG] Variable value: x=42
[2025-11-07T11:40:29.502060] [INFO] Database query executed
[2025-11-07T11:40:29.502072] [DEBUG] Buffer size: 4096 bytes
