[2025-11-07T11:40:29.803443] [INFO] Service initialized
[2025-11-07T11:40:29.803434] [INFO] Request processed successfully
[2025-11-07T11:40:29.803435] [INFO] Session started
[2025-11-07T11:40:29.803438] [INFO] User logged in
[2025-11-07T11:40:29.803458] [DEBUG] Timer set: 30 seconds
[2025-11-07T11:40:29.803459] [DEBUG] Buffer size: 4096 bytes
[2025-11-07T11:40:29.803439] [INFO] Database query executed
[2025-11-07T11:40:29.803456] [DEBUG] Loop iteration: 15
[2025-11-07T11:40:29.803453] [DEBUG] Connection pool status checked
[2025-11-07T11:40:29.803446] [WARN] Slow query performance
[2025-11-07T11:40:29.803442] [INFO] Configuration loaded
[2025-11-07T11:40:29.803441] [INFO] Request processed successfully
[2025-11-07T11:40:29.803447] [WARN] Rate limit approaching
[2025-11-07T11:40:29.803451] [DEBUG] Variable value: x=42
[2025-11-07T11:40:29.803449] [ERROR] Permission denied
[2025-11-07T11:40:29.803436] [INFO] Transaction completed
[2025-11-07T11:40:29.803457] [DEBUG] Cache key generated
[2025-11-07T11:40:29.803455] [DEBUG] Buffer size: 4096 bytes
[2025-11-07T11:40:29.803454] [DEBUG] Variable value: x=42
[2025-11-07T11:40:29.803450] [ERROR] Memory allocation error
[2025-11-07T11:40:29.803445] [WARN] Deprecated API usage
[2025-11-07T11:40:29.803440] [INFO] Database query executed
[2025-11-07T11:40:29.803448] [WARN] Resource threshold approaching
[2025-11-07T11:40:29.803444] [INFO] User logged in
[2025-11-07T11:40:29.803460] [DEBUG] Buffer size: 4096 bytes
[2025-11-07T11:40:29.803437] [INFO] Health check passed
