[2025-11-07T11:40:29.396155] [INFO] Cache hit
[2025-11-07T11:40:29.396150] [INFO] User logged in
[2025-11-07T11:40:29.396176] [DEBUG] Entering function process_data()
[2025-11-07T11:40:29.396149] [INFO] Transaction completed
[2025-11-07T11:40:29.396171] [DEBUG] HTTP request headers parsed
[2025-11-07T11:40:29.396156] [INFO] Transaction completed
[2025-11-07T11:40:29.396162] [WARN] Rate limit approaching
[2025-11-07T11:40:29.396154] [INFO] Session started
[2025-11-07T11:40:29.396146] [INFO] Health check passed
[2025-11-07T11:40:29.396161] [WARN] High memory usage detected
[2025-11-07T11:40:29.396172] [DEBUG] Cache key generated
[2025-11-07T11:40:29.396164] [WARN] Disk space low
[2025-11-07T11:40:29.396169] [ERROR] Disk read failed
[2025-11-07T11:40:29.396158] [INFO] Configuration loaded
[2025-11-07T11:40:29.396170] [ERROR] Disk read failed
[2025-11-07T11:40:29.396151] [INFO] Configuration loaded
[2025-11-07T11:40:29.396147] [INFO] Database query executed
[2025-11-07T11:40:29.396157] [INFO] Transaction completed
[2025-11-07T11:40:29.396168] [ERROR] Memory allocation error
[2025-11-07T11:40:29.396167] [WARN] Timeout warning
[2025-11-07T11:40:29.396166] [WARN] Resource threshold approaching
[2025-11-07T11:40:29.396173] [DEBUG] Memory allocation: 2048 bytes
[2025-11-07T11:40:29.396143] [INFO] Connection established
[2025-11-07T11:40:29.396153] [INFO] Transaction completed
[2025-11-07T11:40:29.396177] [DEBUG] Cache key generated
[2025-11-07T11:40:29.396145] [INFO] Configuration loaded
[2025-11-07T11:40:29.396148] [INFO] Database query executed
[2025-11-07T11:40:29.396144] [INFO] Connection established
[2025-11-07T11:40:29.396163] [WARN] High memory usage detected
[2025-11-07T11:40:29.396164] [WARN] Connection retry attempt
[2025-11-07T11:40:29.396149] [INFO] Connection established
[2025-11-07T11:40:29.396177] [DEBUG] Thread pool size: 8
[2025-11-07T11:40:29.396160] [WARN] Disk space low
[2025-11-07T11:40:29.396175] [DEBUG] Loop iteration: 15
[2025-11-07T11:40:29.396159] [INFO] Transaction completed
[2025-11-07T11:40:29.396174] [DEBUG] Entering function process_data()
[2025-11-07T11:40:29.396141] [INFO] Transaction completed
[2025-11-07T11:40:29.396152] [INFO] Transaction completed
