[2025-11-07T11:40:30.166999] [WARN] Disk space low
[2025-11-07T11:40:30.167004] [ERROR] File not found
[2025-11-07T11:40:30.166986] [INFO] Service initialized
[2025-11-07T11:40:30.166992] [INFO] Transaction completed
[2025-11-07T11:40:30.167003] [WARN] Rate limit approaching
[2025-11-07T11:40:30.167010] [DEBUG] Timer set: 30 seconds
[2025-11-07T11:40:30.167001] [WARN] Rate limit approaching
[2025-11-07T11:40:30.167013] [DEBUG] Connection pool status checked
[2025-11-07T11:40:30.167005] [DEBUG] HTTP request headers parsed
[2025-11-07T11:40:30.167009] [DEBUG] Buffer size: 4096 bytes
[2025-11-07T11:40:30.167014] [DEBUG] Buffer size: 4096 bytes
[2025-11-07T11:40:30.166991] [INFO] Session started
[2025-11-07T11:40:30.167006] [DEBUG] Entering function process_data()
[2025-11-07T11:40:30.166994] [INFO] Service initialized
[2025-11-07T11:40:30.167008] [DEBUG] Buffer size: 4096 bytes
[2025-11-07T11:40:30.166996] [INFO] Transaction completed
[2025-11-07T11:40:30.167011] [DEBUG] Buffer size: 4096 bytes
[2025-11-07T11:40:30.166998] [WARN] Deprecated API usage
[2025-11-07T11:40:30.166995] [INFO] Connection established
[2025-11-07T11:40:30.166988] [INFO] Connection established
[2025-11-07T11:40:30.166997] [INFO] Transaction completed
[2025-11-07T11:40:30.166990] [INFO] User logged in
[2025-11-07T11:40:30.166989] [INFO] Service initialized
[2025-11-07T11:40:30.166993] [INFO] Configuration loaded
[2025-11-07T11:40:30.167012] [DEBUG] Cache key generated
[2025-11-07T11:40:30.167002] [WARN] Timeout warning
