[2025-11-07T11:40:29.875089] [DEBUG] Buffer size: 4096 bytes
[2025-11-07T11:40:29.875083] [WARN] High memory usage detected
[2025-11-07T11:40:29.875085] [WARN] Slow query performance
[2025-11-07T11:40:29.875066] [INFO] User logged in
[2025-11-07T11:40:29.875070] [INFO] Database query executed
[2025-11-07T11:40:29.875073] [INFO] Connection established
[2025-11-07T11:40:29.875094] [DEBUG] Connection pool status checked
[2025-11-07T11:40:29.875084] [WARN] Resource threshold approaching
[2025-11-07T11:40:29.875076] [INFO] Connection established
[2025-11-07T11:40:29.875074] [INFO] Service initialized
[2025-11-07T11:40:29.875093] [DEBUG] HTTP request headers parsed
[2025-11-07T11:40:29.875088] [DEBUG] Entering function process_data()
[2025-11-07T11:40:29.875081] [INFO] Connection established
[2025-11-07T11:40:29.875071] [INFO] Database query executed
[2025-11-07T11:40:29.875079] [INFO] Configuration loaded
[2025-11-07T11:40:29.875075] [INFO] Service initialized
[2025-11-07T11:40:29.875064] [INFO] User logged in
[2025-11-07T11:40:29.875086] [ERROR] Invalid input data
[2025-11-07T11:40:29.875065] [INFO] Configuration loaded
[2025-11-07T11:40:29.875078] [INFO] Transaction completed
[2025-11-07T11:40:29.875072] [INFO] Health check passed
[2025-11-07T11:40:29.875082] [WARN] Cache miss
[2025-11-07T11:40:29.875087] [ERROR] File not found
[2025-11-07T11:40:29.875090] [DEBUG] Timer set: 30 seconds
[2025-11-07T11:40:29.875092] [DEBUG] Thread pool size: 8
[2025-11-07T11:40:29.875068] [INFO] Transaction completed
[2025-11-07T11:40:29.875069] [INFO] Request processed successfully
[2025-11-07T11:40:29.875077] [INFO] Database query executed
[2025-11-07T11:40:29.875080] [INFO] Cache hit
[2025-11-07T11:40:29.875067] [INFO] Service initialized
[2025-11-07T11:40:29.875091] [DEBUG] Memory allocation: 2048 bytes
