[2025-11-07T11:40:29.962229] [INFO] Configuration loaded
[2025-11-07T11:40:29.962237] [WARN] Connection retry attempt
[2025-11-07T11:40:29.962246] [ERROR] File not found
[2025-11-07T11:40:29.962235] [INFO] Request processed successfully
[2025-11-07T11:40:29.962232] [INFO] User logged in
[2025-11-07T11:40:29.962227] [INFO] Request processed successfully
[2025-11-07T11:40:29.962231] [INFO] Session started
[2025-11-07T11:40:29.962249] [DEBUG] Cache key generated
[2025-11-07T11:40:29.962225] [INFO] Configuration loaded
[2025-11-07T11:40:29.962243] [WARN] High memory usage detected
[2025-11-07T11:40:29.962253] [DEBUG] HTTP request headers parsed
[2025-11-07T11:40:29.962244] [WARN] Disk space low
[2025-11-07T11:40:29.962198] [INFO] Session started
[2025-11-07T11:40:29.962199] [INFO] Service initialized
[2025-11-07T11:40:29.962200] [INFO] Transaction completed
[2025-11-07T11:40:29.962238] [WARN] Deprecated API usage
[2025-11-07T11:40:29.962255] [DEBUG] Memory allocation: 2048 bytes
[2025-11-07T11:40:29.962228] [INFO] Request processed successfully
[2025-11-07T11:40:29.962240] [WARN] High memory usage detected
[2025-11-07T11:40:29.962233] [INFO] Request processed successfully
[2025-11-07T11:40:29.962254] [DEBUG] Memory allocation: 2048 bytes
[2025-11-07T11:40:29.962248] [DEBUG] Thread pool size: 8
[2025-11-07T11:40:29.962252] [DEBUG] Cache key generated
[2025-11-07T11:40:29.962226] [INFO] Request processed successfully
[2025-11-07T11:40:29.962224] [INFO] Service initialized
[2025-11-07T11:40:29.962236] [WARN] Slow query performance
[2025-11-07T11:40:29.962234] [INFO] Transaction completed
[2025-11-07T11:40:29.962242] [WARN] High memory usage detected
[2025-11-07T11:40:29.962241] [WARN] Queue size growing
[2025-11-07T11:40:29.962247] [DEBUG] Variable value: x=42
[2025-11-07T11:40:29.962251] [DEBUG] Connection pool status checked
[2025-11-07T11:40:29.962239] [WARN] High memory usage detected
[2025-11-07T11:40:29.962250] [DEBUG] Buffer size: 4096 bytes
[2025-11-07T11:40:29.962230] [INFO] Session started
[2025-11-07T11:40:29.962245] [ERROR] Permission denied
