[2025-11-07T11:40:29.561168] [DEBUG] Buffer size: 4096 bytes
[2025-11-07T11:40:29.561169] [DEBUG] Connection pool status checked
[2025-11-07T11:40:29.561148] [INFO] Transaction completed
[2025-11-07T11:40:29.561157] [INFO] Service initialized
[2025-11-07T11:40:29.561153] [INFO] Transaction completed
[2025-11-07T11:40:29.561154] [INFO] Cache hit
[2025-11-07T11:40:29.561171] [DEBUG] Cache key generated
[2025-11-07T11:40:29.561160] [INFO] Database query executed
[2025-11-07T11:40:29.561159] [INFO] Cache hit
[2025-11-07T11:40:29.561167] [ERROR] Disk read failed
[2025-11-07T11:40:29.561162] [WARN] Cache miss
[2025-11-07T11:40:29.561172] [DEBUG] Thread pool size: 8
[2025-11-07T11:40:29.561149] [INFO] Configuration loaded
[2025-11-07T11:40:29.561155] [INFO] Database query executed
[2025-11-07T11:40:29.561151] [INFO] Database query executed
[2025-11-07T11:40:29.561152] [INFO] Transaction completed
[2025-11-07T11:40:29.561158] [INFO] Request processed successfully
[2025-11-07T11:40:29.561174] [DEBUG] Timer set: 30 seconds
[2025-11-07T11:40:29.561146] [INFO] Cache hit
[2025-11-07T11:40:29.561156] [INFO] Service initialized
[2025-11-07T11:40:29.561173] [DEBUG] Memory allocation: 2048 bytes
[2025-11-07T11:40:29.561150] [INFO] Transaction completed
[2025-11-07T11:40:29.561165] [WARN] Rate limit approaching
[2025-11-07T11:40:29.561164] [WARN] Timeout warning
[2025-11-07T11:40:29.561166] [ERROR] Request failed
[2025-11-07T11:40:29.561163] [WARN] High memory usage detected
[2025-11-07T11:40:29.561161] [INFO] Database query executed
[2025-11-07T11:40:29.561170] [DEBUG] Entering function process_data()
