[2025-11-07T11:40:29.755197] [WARN] Resource threshold approaching
[2025-11-07T11:40:29.755182] [INFO] Request processed successfully
[2025-11-07T11:40:29.755210] [DEBUG] Thread pool size: 8
[2025-11-07T11:40:29.755192] [INFO] Configuration loaded
[2025-11-07T11:40:29.755203] [DEBUG] Buffer size: 4096 bytes
[2025-11-07T11:40:29.755208] [DEBUG] Entering function process_data()
[2025-11-07T11:40:29.755185] [INFO] Request processed successfully
[2025-11-07T11:40:29.755181] [INFO] Session started
[2025-11-07T11:40:29.755194] [INFO] Configuration loaded
[2025-11-07T11:40:29.755188] [INFO] Connection established
[2025-11-07T11:40:29.755189] [INFO] Health check passed
[2025-11-07T11:40:29.755195] [WARN] Slow query performance
[2025-11-07T11:40:29.755206] [DEBUG] Memory allocation: 2048 bytes
[2025-11-07T11:40:29.755191] [INFO] Service initialized
[2025-11-07T11:40:29.755186] [INFO] Configuration loaded
[2025-11-07T11:40:29.755204] [DEBUG] Timer set: 30 seconds
[2025-11-07T11:40:29.755183] [INFO] Request processed successfully
[2025-11-07T11:40:29.755199] [WARN] Queue size growing
[2025-11-07T11:40:29.755184] [INFO] Transaction completed
[2025-11-07T11:40:29.755200] [ERROR] Database connection lost
[2025-11-07T11:40:29.755209] [DEBUG] Buffer size: 4096 bytes
[2025-11-07T11:40:29.755190] [INFO] Request processed successfully
[2025-11-07T11:40:29.755179] [INFO] Health check passed
[2025-11-07T11:40:29.755207] [DEBUG] Timer set: 30 seconds
[2025-11-07T11:40:29.755201] [ERROR] Authentication failed
[2025-11-07T11:40:29.755187] [INFO] Session started
[2025-11-07T11:40:29.755205] [DEBUG] Entering function process_data()
[2025-11-07T11:40:29.755196] [WARN] Resource threshold approaching
[2025-11-07T11:40:29.755198] [WARN] Queue size growing
[2025-11-07T11:40:29.755193] [INFO] Configuration loaded
