[2025-11-07T11:40:30.058666] [INFO] Transaction completed
[2025-11-07T11:40:30.058674] [ERROR] Permission denied
[2025-11-07T11:40:30.058669] [INFO] Transaction completed
[2025-11-07T11:40:30.058684] [DEBUG] Thread pool size: 8
[2025-11-07T11:40:30.058680] [DEBUG] Connection pool status checked
[2025-11-07T11:40:30.058672] [WARN] Connection retry attempt
[2025-11-07T11:40:30.058664] [INFO] Health check passed
[2025-11-07T11:40:30.058680] [DEBUG] Entering function process_data()
[2025-11-07T11:40:30.058662] [INFO] Configuration loaded
[2025-11-07T11:40:30.058671] [WARN] Cache miss
[2025-11-07T11:40:30.058681] [DEBUG] Buffer size: 4096 bytes
[2025-11-07T11:40:30.058678] [DEBUG] HTTP request headers parsed
[2025-11-07T11:40:30.058679] [DEBUG] Thread pool size: 8
[2025-11-07T11:40:30.058660] [INFO] Cache hit
[2025-11-07T11:40:30.058683] [DEBUG] Entering function process_data()
[2025-11-07T11:40:30.058677] [DEBUG] Timer set: 30 seconds
[2025-11-07T11:40:30.058665] [INFO] Session started
[2025-11-07T11:40:30.058682] [DEBUG] HTTP request headers parsed
[2025-11-07T11:40:30.058667] [INFO] Transaction completed
[2025-11-07T11:40:30.058661] [INFO] Cache hit
[2025-11-07T11:40:30.058670] [WARN] Disk space low
[2025-11-07T11:40:30.058659] [INFO] Request processed successfully
[2025-11-07T11:40:30.058668] [INFO] Session started
[2025-11-07T11:40:30.058663] [INFO] Service initialized
[2025-11-07T11:40:30.058675] [DEBUG] Thread pool size: 8
[2025-11-07T11:40:30.058673] [WARN] Cache miss
[2025-11-07T11:40:30.058676] [DEBUG] Buffer size: 4096 bytes
