[2025-11-07T11:40:30.367066] [INFO] User logged in
[2025-11-07T11:40:30.367065] [INFO] Transaction completed
[2025-11-07T11:40:30.367060] [INFO] Health check passed
[2025-11-07T11:40:30.367054] [INFO] Configuration loaded
[2025-11-07T11:40:30.367058] [INFO] Connection established
[2025-11-07T11:40:30.367069] [INFO] Session started
[2025-11-07T11:40:30.367062] [INFO] Connection established
[2025-11-07T11:40:30.367083] [DEBUG] Thread pool size: 8
[2025-11-07T11:40:30.367063] [INFO] Service initialized
[2025-11-07T11:40:30.367068] [INFO] Health check passed
[2025-11-07T11:40:30.367086] [DEBUG] Buffer size: 4096 bytes
[2025-11-07T11:40:30.367079] [DEBUG] Cache key generated
[2025-11-07T11:40:30.367084] [DEBUG] Connection pool status checked
[2025-11-07T11:40:30.367057] [INFO] Connection established
[2025-11-07T11:40:30.367077] [ERROR] Memory allocation error
[2025-11-07T11:40:30.367087] [DEBUG] Cache key generated
[2025-11-07T11:40:30.367067] [INFO] Configuration loaded
[2025-11-07T11:40:30.367066] [INFO] User logged in
[2025-11-07T11:40:30.367061] [INFO] Cache hit
[2025-11-07T11:40:30.367082] [DEBUG] Connection pool status checked
[2025-11-07T11:40:30.367064] [INFO] Service initialized
[2025-11-07T11:40:30.367074] [WARN] Resource threshold approaching
[2025-11-07T11:40:30.367073] [WARN] Slow query performance
[2025-11-07T11:40:30.367056] [INFO] Configuration loaded
[2025-11-07T11:40:30.367071] [WARN] Slow query performance
[2025-11-07T11:40:30.367081] [DEBUG] Entering function process_data()
[2025-11-07T11:40:30.367070] [INFO] Database query executed
[2025-11-07T11:40:30.367072] [WARN] Timeout warning
[2025-11-07T11:40:30.367080] [DEBUG] Connection pool status checked
[2025-11-07T11:40:30.367088] [DEBUG] Entering function process_data()
[2025-11-07T11:40:30.367078] [DEBUG] HTTP request headers parsed
[2025-11-07T11:40:30.367085] [DEBUG] Timer set: 30 seconds
[2025-11-07T11:40:30.367055] [INFO] Database query executed
[2025-11-07T11:40:30.367075] [WARN] Rate limit approaching
