[2025-11-07T11:40:30.291155] [DEBUG] Buffer size: 4096 bytes
[2025-11-07T11:40:30.291137] [INFO] Transaction completed
[2025-11-07T11:40:30.291154] [DEBUG] Variable value: x=42
[2025-11-07T11:40:30.291150] [DEBUG] Memory allocation: 2048 bytes
[2025-11-07T11:40:30.291153] [DEBUG] Timer set: 30 seconds
[2025-11-07T11:40:30.291138] [INFO] User logged in
[2025-11-07T11:40:30.291139] [INFO] Request processed successfully
[2025-11-07T11:40:30.291132] [INFO] Database query executed
[2025-11-07T11:40:30.291148] [ERROR] Invalid input data
[2025-11-07T11:40:30.291151] [DEBUG] Timer set: 30 seconds
[2025-11-07T11:40:30.291147] [WARN] High memory usage detected
[2025-11-07T11:40:30.291152] [DEBUG] Cache key generated
[2025-11-07T11:40:30.291131] [INFO] Configuration loaded
[2025-11-07T11:40:30.291145] [INFO] Health check passed
[2025-11-07T11:40:30.291140] [INFO] Transaction completed
[2025-11-07T11:40:30.291136] [INFO] Request processed successfully
[2025-11-07T11:40:30.291130] [INFO] Configuration loaded
[2025-11-07T11:40:30.291149] [DEBUG] Connection pool status checked
[2025-11-07T11:40:30.291129] [INFO] User logged in
[2025-11-07T11:40:30.291146] [INFO] Cache hit
[2025-11-07T11:40:30.291141] [INFO] Database query executed
[2025-11-07T11:40:30.291135] [INFO] Service initialized
[2025-11-07T11:40:30.291156] [DEBUG] Timer set: 30 seconds
[2025-11-07T11:40:30.291144] [INFO] Session started
[2025-11-07T11:40:30.291142] [INFO] Cache hit
[2025-11-07T11:40:30.291143] [INFO] Connection established
[2025-11-07T11:40:30.291133] [INFO] Configuration loaded
