[2025-11-07T11:40:29.352148] [DEBUG] Thread pool size: 8
[2025-11-07T11:40:29.352152] [DEBUG] Loop iteration: 15
[2025-11-07T11:40:29.352128] [INFO] Session started
[2025-11-07T11:40:29.352150] [DEBUG] Loop iteration: 15
[2025-11-07T11:40:29.352146] [DEBUG] Memory allocation: 2048 bytes
[2025-11-07T11:40:29.352131] [INFO] Connection established
[2025-11-07T11:40:29.352140] [WARN] Connection retry attempt
[2025-11-07T11:40:29.352134] [INFO] Request processed successfully
[2025-11-07T11:40:29.352139] [INFO] Connection established
[2025-11-07T11:40:29.352145] [ERROR] File not found
[2025-11-07T11:40:29.352138] [INFO] Cache hit
[2025-11-07T11:40:29.352132] [INFO] Session started
[2025-11-07T11:40:29.352154] [DEBUG] Memory allocation: 2048 bytes
[2025-11-07T11:40:29.352133] [INFO] User logged in
[2025-11-07T11:40:29.352125] [INFO] Session started
[2025-11-07T11:40:29.352127] [INFO] Request processed successfully
[2025-11-07T11:40:29.352141] [WARN] Resource threshold approaching
[2025-11-07T11:40:29.352126] [INFO] User logged in
[2025-11-07T11:40:29.352147] [DEBUG] Memory allocation: 2048 bytes
[2025-11-07T11:40:29.352149] [DEBUG] Connection pool status checked
[2025-11-07T11:40:29.352129] [INFO] Transaction completed
[2025-11-07T11:40:29.352153] [DEBUG] Thread pool size: 8
[2025-11-07T11:40:29.352144] [WARN] Deprecated API usage
[2025-11-07T11:40:29.352135] [INFO] Cache hit
[2025-11-07T11:40:29.352143] [WARN] Deprecated API usage
[2025-11-07T11:40:29.352136] [INFO] User logged in
[2025-11-07T11:40:29.352151] [DEBUG] Memory allocation: 2048 bytes
[2025-11-07T11:40:29.352137] [INFO] Session started
[2025-11-07T11:40:29.352130] [INFO] Service initialized
