[2025-11-07T11:40:30.266899] [WARN] Resource threshold approaching
[2025-11-07T11:40:30.266908] [DEBUG] HTTP request headers parsed
[2025-11-07T11:40:30.266887] [INFO] Transaction completed
[2025-11-07T11:40:30.266888] [INFO] Service initialized
[2025-11-07T11:40:30.266905] [DEBUG] Timer set: 30 seconds
[2025-11-07T11:40:30.266896] [WARN] Timeout warning
[2025-11-07T11:40:30.266893] [INFO] Connection established
[2025-11-07T11:40:30.266903] [DEBUG] Loop iteration: 15
[2025-11-07T11:40:30.266910] [DEBUG] Connection pool status checked
[2025-11-07T11:40:30.266882] [INFO] Session started
[2025-11-07T11:40:30.266902] [DEBUG] Entering function process_data()
[2025-11-07T11:40:30.266906] [DEBUG] Timer set: 30 seconds
[2025-11-07T11:40:30.266907] [DEBUG] Cache key generated
[2025-11-07T11:40:30.266891] [INFO] Database query executed
[2025-11-07T11:40:30.266894] [INFO] Request processed successfully
[2025-11-07T11:40:30.266884] [INFO] Transaction completed
[2025-11-07T11:40:30.266901] [ERROR] Service unavailable
[2025-11-07T11:40:30.266898] [WARN] High memory usage detected
[2025-11-07T11:40:30.266889] [INFO] Session started
[2025-11-07T11:40:30.266900] [ERROR] Database connection lost
[2025-11-07T11:40:30.266892] [INFO] Service initialized
[2025-11-07T11:40:30.266892] [INFO] Connection established
[2025-11-07T11:40:30.266886] [INFO] Cache hit
[2025-11-07T11:40:30.266909] [DEBUG] Loop iteration: 15
[2025-11-07T11:40:30.266904] [DEBUG] Variable value: x=42
[2025-11-07T11:40:30.266897] [WARN] High memory usage detected
[2025-11-07T11:40:30.266885] [INFO] Configuration loaded
[2025-11-07T11:40:30.266890] [INFO] Cache hit
