[2025-11-07T11:40:30.205366] [INFO] Session started
[2025-11-07T11:40:30.205377] [ERROR] Permission denied
[2025-11-07T11:40:30.205380] [DEBUG] Thread pool size: 8
[2025-11-07T11:40:30.205362] [INFO] Configuration loaded
[2025-11-07T11:40:30.205358] [INFO] Cache hit
[2025-11-07T11:40:30.205359] [INFO] Health check passed
[2025-11-07T11:40:30.205367] [INFO] Database query executed
[2025-11-07T11:40:30.205376] [ERROR] Invalid input data
[2025-11-07T11:40:30.205364] [INFO] Service initialized
[2025-11-07T11:40:30.205379] [DEBUG] Buffer size: 4096 bytes
[2025-11-07T11:40:30.205371] [WARN] Deprecated API usage
[2025-11-07T11:40:30.205378] [DEBUG] Cache key generated
[2025-11-07T11:40:30.205353] [INFO] Health check passed
[2025-11-07T11:40:30.205370] [WARN] Disk space low
[2025-11-07T11:40:30.205363] [INFO] Cache hit
[2025-11-07T11:40:30.205373] [WARN] Slow query performance
[2025-11-07T11:40:30.205374] [ERROR] Invalid input data
[2025-11-07T11:40:30.205355] [INFO] Database query executed
[2025-11-07T11:40:30.205375] [ERROR] Permission denied
[2025-11-07T11:40:30.205384] [DEBUG] Connection pool status checked
[2025-11-07T11:40:30.205385] [DEBUG] Cache key generated
[2025-11-07T11:40:30.205372] [WARN] Slow query performance
[2025-11-07T11:40:30.205360] [INFO] Configuration loaded
[2025-11-07T11:40:30.205354] [INFO] Database query executed
[2025-11-07T11:40:30.205366] [INFO] Health check passed
[2025-11-07T11:40:30.205382] [DEBUG] Timer set: 30 seconds
[2025-11-07T11:40:30.205368] [WARN] Timeout warning
[2025-11-07T11:40:30.205356] [INFO] Session started
[2025-11-07T11:40:30.205370] [WARN] High memory usage detected
[2025-11-07T11:40:30.205381] [DEBUG] Entering function process_data()
[2025-11-07T11:40:30.205383] [DEBUG] HTTP request headers parsed
[2025-11-07T11:40:30.205365] [INFO] Request processed successfully
[2025-11-07T11:40:30.205386] [DEBUG] Entering function process_data()
[2025-11-07T11:40:30.205361] [INFO] Cache hit
[2025-11-07T11:40:30.205357] [INFO] Transaction completed
