[2025-11-07T11:40:29.772372] [INFO] User logged in
[2025-11-07T11:40:29.772384] [ERROR] Invalid input data
[2025-11-07T11:40:29.772366] [INFO] Request processed successfully
[2025-11-07T11:40:29.772377] [INFO] Transaction completed
[2025-11-07T11:40:29.772375] [INFO] Connection established
[2025-11-07T11:40:29.772386] [DEBUG] Cache key generated
[2025-11-07T11:40:29.772370] [INFO] Health check passed
[2025-11-07T11:40:29.772367] [INFO] Connection established
[2025-11-07T11:40:29.772373] [INFO] Health check passed
[2025-11-07T11:40:29.772388] [DEBUG] Connection pool status checked
[2025-11-07T11:40:29.772393] [DEBUG] Memory allocation: 2048 bytes
[2025-11-07T11:40:29.772369] [INFO] Configuration loaded
[2025-11-07T11:40:29.772392] [DEBUG] Connection pool status checked
[2025-11-07T11:40:29.772365] [INFO] Connection established
[2025-11-07T11:40:29.772374] [INFO] Transaction completed
[2025-11-07T11:40:29.772381] [WARN] Disk space low
[2025-11-07T11:40:29.772379] [INFO] Session started
[2025-11-07T11:40:29.772389] [DEBUG] Timer set: 30 seconds
[2025-11-07T11:40:29.772371] [INFO] Request processed successfully
[2025-11-07T11:40:29.772382] [WARN] High memory usage detected
[2025-11-07T11:40:29.772391] [DEBUG] Loop iteration: 15
[2025-11-07T11:40:29.772378] [INFO] User logged in
[2025-11-07T11:40:29.772385] [ERROR] Request failed
[2025-11-07T11:40:29.772368] [INFO] Session started
[2025-11-07T11:40:29.772376] [INFO] User logged in
[2025-11-07T11:40:29.772364] [INFO] Health check passed
[2025-11-07T11:40:29.772383] [WARN] Deprecated API usage
[2025-11-07T11:40:29.772380] [WARN] Resource threshold approaching
[2025-11-07T11:40:29.772387] [DEBUG] Thread pool size: 8
[2025-11-07T11:40:29.772392] [DEBUG] Entering function process_data()
