[2025-11-07T11:40:30.111829] [INFO] User logged in
[2025-11-07T11:40:30.111823] [INFO] Transaction completed
[2025-11-07T11:40:30.111822] [INFO] Connection established
[2025-11-07T11:40:30.111818] [INFO] Service initialized
[2025-11-07T11:40:30.111841] [DEBUG] Memory allocation: 2048 bytes
[2025-11-07T11:40:30.111834] [WARN] High memory usage detected
[2025-11-07T11:40:30.111819] [INFO] Connection established
[2025-11-07T11:40:30.111827] [INFO] Request processed successfully
[2025-11-07T11:40:30.111844] [DEBUG] HTTP request headers parsed
[2025-11-07T11:40:30.111826] [INFO] Cache hit
[2025-11-07T11:40:30.111816] [INFO] Health check passed
[2025-11-07T11:40:30.111828] [INFO] User logged in
[2025-11-07T11:40:30.111820] [INFO] Cache hit
[2025-11-07T11:40:30.111831] [WARN] Connection retry attempt
[2025-11-07T11:40:30.111845] [DEBUG] Buffer size: 4096 bytes
[2025-11-07T11:40:30.111840] [DEBUG] Entering function process_data()
[2025-11-07T11:40:30.111843] [DEBUG] Thread pool size: 8
[2025-11-07T11:40:30.111838] [ERROR] Invalid input data
[2025-11-07T11:40:30.111837] [ERROR] Disk read failed
[2025-11-07T11:40:30.111825] [INFO] Transaction completed
[2025-11-07T11:40:30.111839] [DEBUG] Connection pool status checked
[2025-11-07T11:40:30.111815] [INFO] Transaction completed
[2025-11-07T11:40:30.111817] [INFO] Configuration loaded
[2025-11-07T11:40:30.111842] [DEBUG] HTTP request headers parsed
[2025-11-07T11:40:30.111832] [WARN] Queue size growing
[2025-11-07T11:40:30.111821] [INFO] Transaction completed
[2025-11-07T11:40:30.111836] [WARN] High memory usage detected
[2025-11-07T11:40:30.111830] [INFO] Database query executed
[2025-11-07T11:40:30.111835] [WARN] Rate limit approaching
[2025-11-07T11:40:30.111824] [INFO] Session started
