[2025-11-07T11:40:29.616069] [WARN] Disk space low
[2025-11-07T11:40:29.616022] [INFO] Session started
[2025-11-07T11:40:29.616073] [DEBUG] HTTP request headers parsed
[2025-11-07T11:40:29.616018] [INFO] Connection established
[2025-11-07T11:40:29.616065] [WARN] Slow query performance
[2025-11-07T11:40:29.616060] [INFO] Request processed successfully
[2025-11-07T11:40:29.616058] [INFO] Connection established
[2025-11-07T11:40:29.616076] [DEBUG] Memory allocation: 2048 bytes
[2025-11-07T11:40:29.616071] [WARN] Slow query performance
[2025-11-07T11:40:29.616072] [ERROR] Network timeout
[2025-11-07T11:40:29.616064] [WARN] Queue size growing
[2025-11-07T11:40:29.616062] [WARN] Slow query performance
[2025-11-07T11:40:29.616023] [INFO] User logged in
[2025-11-07T11:40:29.616081] [DEBUG] Cache key generated
[2025-11-07T11:40:29.616067] [WARN] Deprecated API usage
[2025-11-07T11:40:29.616026] [INFO] Health check passed
[2025-11-07T11:40:29.616070] [WARN] Deprecated API usage
[2025-11-07T11:40:29.616080] [DEBUG] Connection pool status checked
[2025-11-07T11:40:29.616017] [INFO] Session started
[2025-11-07T11:40:29.616082] [DEBUG] Cache key generated
[2025-11-07T11:40:29.616083] [DEBUG] Cache key generated
[2025-11-07T11:40:29.616025] [INFO] Request processed successfully
[2025-11-07T11:40:29.616077] [DEBUG] Variable value: x=42
[2025-11-07T11:40:29.616027] [INFO] Health check passed
[2025-11-07T11:40:29.616020] [INFO] Health check passed
[2025-11-07T11:40:29.616021] [INFO] Health check passed
[2025-11-07T11:40:29.616059] [INFO] Cache hit
[2025-11-07T11:40:29.616061] [INFO] Database query executed
[2025-11-07T11:40:29.616078] [DEBUG] Memory allocation: 2048 bytes
[2025-11-07T11:40:29.616068] [WARN] Connection retry attempt
[2025-11-07T11:40:29.616084] [DEBUG] Loop iteration: 15
[2025-11-07T11:40:29.616085] [DEBUG] Thread pool size: 8
[2025-11-07T11:40:29.616019] [INFO] Session started
[2025-11-07T11:40:29.616079] [DEBUG] Connection pool status checked
[2025-11-07T11:40:29.616075] [DEBUG] Memory allocation: 2048 bytes
[2025-11-07T11:40:29.616066] [WARN] Resource threshold approaching
