[2025-11-07T11:40:30.239678] [DEBUG] Variable value: x=42
[2025-11-07T11:40:30.239676] [ERROR] Service unavailable
[2025-11-07T11:40:30.239656] [INFO] Configuration loaded
[2025-11-07T11:40:30.239666] [INFO] Connection established
[2025-11-07T11:40:30.239654] [INFO] Cache hit
[2025-11-07T11:40:30.239670] [WARN] Timeout warning
[2025-11-07T11:40:30.239659] [INFO] Request processed successfully
[2025-11-07T11:40:30.239673] [WARN] Timeout warning
[2025-11-07T11:40:30.239680] [DEBUG] Timer set: 30 seconds
[2025-11-07T11:40:30.239664] [INFO] Service initialized
[2025-11-07T11:40:30.239675] [ERROR] Invalid input data
[2025-11-07T11:40:30.239685] [DEBUG] Timer set: 30 seconds
[2025-11-07T11:40:30.239668] [WARN] Connection retry attempt
[2025-11-07T11:40:30.239660] [INFO] Configuration loaded
[2025-11-07T11:40:30.239667] [INFO] Transaction completed
[2025-11-07T11:40:30.239647] [INFO] Configuration loaded
[2025-11-07T11:40:30.239682] [DEBUG] Connection pool status checked
[2025-11-07T11:40:30.239661] [INFO] Connection established
[2025-11-07T11:40:30.239651] [INFO] Transaction completed
[2025-11-07T11:40:30.239684] [DEBUG] Loop iteration: 15
[2025-11-07T11:40:30.239645] [INFO] Service initialized
[2025-11-07T11:40:30.239672] [WARN] Cache miss
[2025-11-07T11:40:30.239683] [DEBUG] Loop iteration: 15
[2025-11-07T11:40:30.239652] [INFO] Request processed successfully
[2025-11-07T11:40:30.239657] [INFO] Session started
[2025-11-07T11:40:30.239649] [INFO] Request processed successfully
[2025-11-07T11:40:30.239655] [INFO] User logged in
[2025-11-07T11:40:30.239651] [INFO] Session started
[2025-11-07T11:40:30.239677] [DEBUG] Variable value: x=42
[2025-11-07T11:40:30.239650] [INFO] Health check passed
[2025-11-07T11:40:30.239681] [DEBUG] Connection pool status checked
[2025-11-07T11:40:30.239663] [INFO] Connection established
[2025-11-07T11:40:30.239671] [WARN] Queue size growing
[2025-11-07T11:40:30.239679] [DEBUG] Loop iteration: 15
[2025-11-07T11:40:30.239648] [INFO] Request processed successfully
