[2025-11-07T11:40:29.859980] [INFO] Health check passed
[2025-11-07T11:40:29.859975] [INFO] Request processed successfully
[2025-11-07T11:40:29.859986] [INFO] Health check passed
[2025-11-07T11:40:29.859999] [DEBUG] Entering function process_data()
[2025-11-07T11:40:29.859998] [DEBUG] Cache key generated
[2025-11-07T11:40:29.859993] [ERROR] Service unavailable
[2025-11-07T11:40:29.859972] [INFO] User logged in
[2025-11-07T11:40:29.860004] [DEBUG] Timer set: 30 seconds
[2025-11-07T11:40:29.859981] [INFO] Configuration loaded
[2025-11-07T11:40:29.859990] [WARN] Deprecated API usage
[2025-11-07T11:40:29.859979] [INFO] Session started
[2025-11-07T11:40:29.859989] [WARN] Queue size growing
[2025-11-07T11:40:29.859976] [INFO] Configuration loaded
[2025-11-07T11:40:29.859994] [ERROR] Disk read failed
[2025-11-07T11:40:29.860002] [DEBUG] Memory allocation: 2048 bytes
[2025-11-07T11:40:29.859996] [DEBUG] Timer set: 30 seconds
[2025-11-07T11:40:29.859997] [DEBUG] Entering function process_data()
[2025-11-07T11:40:29.860000] [DEBUG] Timer set: 30 seconds
[2025-11-07T11:40:29.859991] [WARN] Disk space low
[2025-11-07T11:40:29.859982] [INFO] Service initialized
[2025-11-07T11:40:29.859983] [INFO] Request processed successfully
[2025-11-07T11:40:29.860003] [DEBUG] Entering function process_data()
[2025-11-07T11:40:29.859978] [INFO] Service initialized
[2025-11-07T11:40:29.860001] [DEBUG] Connection pool status checked
[2025-11-07T11:40:29.859985] [INFO] Request processed successfully
[2025-11-07T11:40:29.859988] [WARN] Resource threshold approaching
[2025-11-07T11:40:29.859995] [ERROR] Network timeout
[2025-11-07T11:40:29.859987] [INFO] User logged in
[2025-11-07T11:40:29.859984] [INFO] User logged in
[2025-11-07T11:40:29.859974] [INFO] Database query executed
[2025-11-07T11:40:29.859977] [INFO] User logged in
