[2025-11-07T11:40:29.424144] [DEBUG] Loop iteration: 15
[2025-11-07T11:40:29.424134] [INFO] Connection established
[2025-11-07T11:40:29.424130] [INFO] User logged in
[2025-11-07T11:40:29.424139] [WARN] Timeout warning
[2025-11-07T11:40:29.424145] [DEBUG] Loop iteration: 15
[2025-11-07T11:40:29.424142] [DEBUG] Loop iteration: 15
[2025-11-07T11:40:29.424125] [INFO] Health check passed
[2025-11-07T11:40:29.424133] [INFO] Database query executed
[2025-11-07T11:40:29.424129] [INFO] Cache hit
[2025-11-07T11:40:29.424148] [DEBUG] Timer set: 30 seconds
[2025-11-07T11:40:29.424150] [DEBUG] Loop iteration: 15
[2025-11-07T11:40:29.424135] [INFO] Service initialized
[2025-11-07T11:40:29.424127] [INFO] Transaction completed
[2025-11-07T11:40:29.424124] [INFO] Database query executed
[2025-11-07T11:40:29.424140] [WARN] Resource threshold approaching
[2025-11-07T11:40:29.424121] [INFO] Session started
[2025-11-07T11:40:29.424122] [INFO] Configuration loaded
[2025-11-07T11:40:29.424132] [INFO] Health check passed
[2025-11-07T11:40:29.424143] [DEBUG] Connection pool status checked
[2025-11-07T11:40:29.424137] [WARN] Queue size growing
[2025-11-07T11:40:29.424136] [INFO] Database query executed
[2025-11-07T11:40:29.424149] [DEBUG] Timer set: 30 seconds
[2025-11-07T11:40:29.424126] [INFO] Session started
[2025-11-07T11:40:29.424131] [INFO] Cache hit
[2025-11-07T11:40:29.424141] [ERROR] Memory allocation error
[2025-11-07T11:40:29.424138] [WARN] Resource threshold approaching
[2025-11-07T11:40:29.424146] [DEBUG] Thread pool size: 8
[2025-11-07T11:40:29.424147] [DEBUG] Memory allocation: 2048 bytes
[2025-11-07T11:40:29.424128] [INFO] Configuration loaded
