[2025-11-07T11:40:29.610527] [DEBUG] Loop iteration: 15
[2025-11-07T11:40:29.610499] [INFO] Cache hit
[2025-11-07T11:40:29.610513] [WARN] Disk space low
[2025-11-07T11:40:29.610522] [DEBUG] Memory allocation: 2048 bytes
[2025-11-07T11:40:29.610529] [DEBUG] Entering function process_data()
[2025-11-07T11:40:29.610530] [DEBUG] Connection pool status checked
[2025-11-07T11:40:29.610516] [WARN] Timeout warning
[2025-11-07T11:40:29.610510] [INFO] Transaction completed
[2025-11-07T11:40:29.610504] [INFO] Service initialized
[2025-11-07T11:40:29.610521] [DEBUG] Buffer size: 4096 bytes
[2025-11-07T11:40:29.610497] [INFO] Transaction completed
[2025-11-07T11:40:29.610519] [ERROR] Database connection lost
[2025-11-07T11:40:29.610501] [INFO] Service initialized
[2025-11-07T11:40:29.610508] [INFO] Health check passed
[2025-11-07T11:40:29.610518] [WARN] Connection retry attempt
[2025-11-07T11:40:29.610511] [INFO] Cache hit
[2025-11-07T11:40:29.610526] [DEBUG] Cache key generated
[2025-11-07T11:40:29.610509] [INFO] Configuration loaded
[2025-11-07T11:40:29.610507] [INFO] Session started
[2025-11-07T11:40:29.610531] [DEBUG] Variable value: x=42
[2025-11-07T11:40:29.610514] [WARN] Resource threshold approaching
[2025-11-07T11:40:29.610500] [INFO] Request processed successfully
[2025-11-07T11:40:29.610505] [INFO] Cache hit
[2025-11-07T11:40:29.610506] [INFO] Transaction completed
[2025-11-07T11:40:29.610520] [ERROR] Network timeout
[2025-11-07T11:40:29.610503] [INFO] Database query executed
[2025-11-07T11:40:29.610502] [INFO] Health check passed
[2025-11-07T11:40:29.610524] [DEBUG] HTTP request headers parsed
[2025-11-07T11:40:29.610515] [WARN] Rate limit approaching
[2025-11-07T11:40:29.610528] [DEBUG] Thread pool size: 8
[2025-11-07T11:40:29.610525] [DEBUG] Loop iteration: 15
[2025-11-07T11:40:29.610517] [WARN] Cache miss
[2025-11-07T11:40:29.610512] [INFO] User logged in
[2025-11-07T11:40:29.610532] [DEBUG] Variable value: x=42
[2025-11-07T11:40:29.610523] [DEBUG] HTTP request headers parsed
