[2025-11-07T11:40:29.713886] [INFO] Health check passed
[2025-11-07T11:40:29.713887] [INFO] Health check passed
[2025-11-07T11:40:29.713890] [WARN] Connection retry attempt
[2025-11-07T11:40:29.713882] [INFO] Request processed successfully
[2025-11-07T11:40:29.713902] [DEBUG] HTTP request headers parsed
[2025-11-07T11:40:29.713876] [INFO] Transaction completed
[2025-11-07T11:40:29.713889] [WARN] Cache miss
[2025-11-07T11:40:29.713894] [ERROR] Disk read failed
[2025-11-07T11:40:29.713884] [INFO] Service initialized
[2025-11-07T11:40:29.713898] [DEBUG] Memory allocation: 2048 bytes
[2025-11-07T11:40:29.713897] [DEBUG] Buffer size: 4096 bytes
[2025-11-07T11:40:29.713896] [DEBUG] Variable value: x=42
[2025-11-07T11:40:29.713885] [INFO] Database query executed
[2025-11-07T11:40:29.713880] [INFO] Request processed successfully
[2025-11-07T11:40:29.713901] [DEBUG] Timer set: 30 seconds
[2025-11-07T11:40:29.713881] [INFO] Health check passed
[2025-11-07T11:40:29.713891] [WARN] Rate limit approaching
[2025-11-07T11:40:29.713875] [INFO] User logged in
[2025-11-07T11:40:29.713895] [DEBUG] Entering function process_data()
[2025-11-07T11:40:29.713878] [INFO] Connection established
[2025-11-07T11:40:29.713883] [INFO] Session started
[2025-11-07T11:40:29.713893] [ERROR] File not found
[2025-11-07T11:40:29.713879] [INFO] Health check passed
[2025-11-07T11:40:29.713888] [WARN] Queue size growing
[2025-11-07T11:40:29.713899] [DEBUG] Cache key generated
[2025-11-07T11:40:29.713904] [DEBUG] Buffer size: 4096 bytes
[2025-11-07T11:40:29.713903] [DEBUG] Cache key generated
