[2025-11-07T11:40:30.002369] [INFO] Connection established
[2025-11-07T11:40:30.002378] [INFO] Database query executed
[2025-11-07T11:40:30.002379] [INFO] Connection established
[2025-11-07T11:40:30.002374] [INFO] Connection established
[2025-11-07T11:40:30.002370] [INFO] Transaction completed
[2025-11-07T11:40:30.002385] [WARN] Timeout warning
[2025-11-07T11:40:30.002382] [INFO] Service initialized
[2025-11-07T11:40:30.002375] [INFO] Transaction completed
[2025-11-07T11:40:30.002381] [INFO] Database query executed
[2025-11-07T11:40:30.002395] [DEBUG] Timer set: 30 seconds
[2025-11-07T11:40:30.002397] [DEBUG] Variable value: x=42
[2025-11-07T11:40:30.002388] [WARN] Cache miss
[2025-11-07T11:40:30.002396] [DEBUG] Variable value: x=42
[2025-11-07T11:40:30.002381] [INFO] Cache hit
[2025-11-07T11:40:30.002387] [WARN] Queue size growing
[2025-11-07T11:40:30.002377] [INFO] User logged in
[2025-11-07T11:40:30.002376] [INFO] Cache hit
[2025-11-07T11:40:30.002392] [DEBUG] Buffer size: 4096 bytes
[2025-11-07T11:40:30.002389] [ERROR] Invalid input data
[2025-11-07T11:40:30.002394] [DEBUG] Memory allocation: 2048 bytes
[2025-11-07T11:40:30.002393] [DEBUG] Loop iteration: 15
[2025-11-07T11:40:30.002386] [WARN] Connection retry attempt
[2025-11-07T11:40:30.002373] [INFO] Transaction completed
[2025-11-07T11:40:30.002383] [INFO] User logged in
[2025-11-07T11:40:30.002398] [DEBUG] Connection pool status checked
[2025-11-07T11:40:30.002384] [WARN] Timeout warning
[2025-11-07T11:40:30.002391] [DEBUG] Memory allocation: 2048 bytes
[2025-11-07T11:40:30.002372] [INFO] Request processed successfully
[2025-11-07T11:40:30.002399] [DEBUG] Loop iteration: 15
[2025-11-07T11:40:30.002380] [INFO] Cache hit
