[2025-11-07T11:40:29.570536] [DEBUG] Timer set: 30 seconds
[2025-11-07T11:40:29.570537] [DEBUG] Buffer size: 4096 bytes
[2025-11-07T11:40:29.570520] [INFO] Health check passed
[2025-11-07T11:40:29.570535] [DEBUG] Memory allocation: 2048 bytes
[2025-11-07T11:40:29.570508] [INFO] Health check passed
[2025-11-07T11:40:29.570527] [ERROR] Network timeout
[2025-11-07T11:40:29.570517] [INFO] Session started
[2025-11-07T11:40:29.570515] [INFO] Request processed successfully
[2025-11-07T11:40:29.570509] [INFO] Health check passed
[2025-11-07T11:40:29.570523] [WARN] Queue size growing
[2025-11-07T11:40:29.570532] [DEBUG] Entering function process_data()
[2025-11-07T11:40:29.570519] [INFO] Health check passed
[2025-11-07T11:40:29.570531] [DEBUG] Buffer size: 4096 bytes
[2025-11-07T11:40:29.570505] [INFO] Service initialized
[2025-11-07T11:40:29.570513] [INFO] Service initialized
[2025-11-07T11:40:29.570524] [WARN] Timeout warning
[2025-11-07T11:40:29.570529] [DEBUG] HTTP request headers parsed
[2025-11-07T11:40:29.570522] [WARN] Connection retry attempt
[2025-11-07T11:40:29.570525] [WARN] Connection retry attempt
[2025-11-07T11:40:29.570530] [DEBUG] Cache key generated
[2025-11-07T11:40:29.570503] [INFO] Transaction completed
[2025-11-07T11:40:29.570506] [INFO] Request processed successfully
[2025-11-07T11:40:29.570507] [INFO] Connection established
[2025-11-07T11:40:29.570511] [INFO] User logged in
[2025-11-07T11:40:29.570534] [DEBUG] HTTP request headers parsed
[2025-11-07T11:40:29.570533] [DEBUG] Cache key generated
[2025-11-07T11:40:29.570510] [INFO] User logged in
[2025-11-07T11:40:29.570514] [INFO] Service initialized
[2025-11-07T11:40:29.570516] [INFO] User logged in
[2025-11-07T11:40:29.570528] [ERROR] Memory allocation error
[2025-11-07T11:40:29.570518] [INFO] Request processed successfully
[2025-11-07T11:40:29.570521] [WARN] Connection retry attempt
[2025-11-07T11:40:29.570512] [INFO] Cache hit
