[2025-11-07T11:40:29.998659] [INFO] Request processed successfully
[2025-11-07T11:40:29.998664] [INFO] Configuration loaded
[2025-11-07T11:40:29.998684] [DEBUG] Timer set: 30 seconds
[2025-11-07T11:40:29.998662] [INFO] Session started
[2025-11-07T11:40:29.998655] [INFO] Health check passed
[2025-11-07T11:40:29.998679] [ERROR] Database connection lost
[2025-11-07T11:40:29.998677] [ERROR] Network timeout
[2025-11-07T11:40:29.998680] [DEBUG] Cache key generated
[2025-11-07T11:40:29.998671] [WARN] Resource threshold approaching
[2025-11-07T11:40:29.998660] [INFO] Configuration loaded
[2025-11-07T11:40:29.998675] [WARN] Timeout warning
[2025-11-07T11:40:29.998674] [WARN] Queue size growing
[2025-11-07T11:40:29.998669] [WARN] Timeout warning
[2025-11-07T11:40:29.998667] [INFO] Configuration loaded
[2025-11-07T11:40:29.998665] [INFO] Health check passed
[2025-11-07T11:40:29.998672] [WARN] Timeout warning
[2025-11-07T11:40:29.998689] [DEBUG] Cache key generated
[2025-11-07T11:40:29.998656] [INFO] Connection established
[2025-11-07T11:40:29.998686] [DEBUG] Variable value: x=42
[2025-11-07T11:40:29.998683] [DEBUG] Timer set: 30 seconds
[2025-11-07T11:40:29.998668] [INFO] Database query executed
[2025-11-07T11:40:29.998658] [INFO] Connection established
[2025-11-07T11:40:29.998688] [DEBUG] Memory allocation: 2048 bytes
[2025-11-07T11:40:29.998657] [INFO] Service initialized
[2025-11-07T11:40:29.998681] [DEBUG] Thread pool size: 8
[2025-11-07T11:40:29.998687] [DEBUG] Connection pool status checked
[2025-11-07T11:40:29.998690] [DEBUG] Cache key generated
[2025-11-07T11:40:29.998663] [INFO] Transaction completed
[2025-11-07T11:40:29.998685] [DEBUG] Thread pool size: 8
[2025-11-07T11:40:29.998676] [WARN] Connection retry attempt
[2025-11-07T11:40:29.998661] [INFO] Cache hit
