[2025-11-07T11:40:29.607191] [ERROR] Network timeout
[2025-11-07T11:40:29.607184] [INFO] Health check passed
[2025-11-07T11:40:29.607181] [INFO] Request processed successfully
[2025-11-07T11:40:29.607182] [INFO] User logged in
[2025-11-07T11:40:29.607188] [WARN] High memory usage detected
[2025-11-07T11:40:29.607178] [INFO] User logged in
[2025-11-07T11:40:29.607192] [ERROR] Permission denied
[2025-11-07T11:40:29.607190] [WARN] High memory usage detected
[2025-11-07T11:40:29.607197] [DEBUG] Timer set: 30 seconds
[2025-11-07T11:40:29.607171] [INFO] Health check passed
[2025-11-07T11:40:29.607186] [INFO] Session started
[2025-11-07T11:40:29.607176] [INFO] Service initialized
[2025-11-07T11:40:29.607194] [DEBUG] Loop iteration: 15
[2025-11-07T11:40:29.607199] [DEBUG] Loop iteration: 15
[2025-11-07T11:40:29.607195] [DEBUG] HTTP request headers parsed
[2025-11-07T11:40:29.607177] [INFO] Transaction completed
[2025-11-07T11:40:29.607200] [DEBUG] HTTP request headers parsed
[2025-11-07T11:40:29.607179] [INFO] Health check passed
[2025-11-07T11:40:29.607198] [DEBUG] Timer set: 30 seconds
[2025-11-07T11:40:29.607193] [DEBUG] Cache key generated
[2025-11-07T11:40:29.607183] [INFO] Cache hit
[2025-11-07T11:40:29.607196] [DEBUG] Entering function process_data()
[2025-11-07T11:40:29.607173] [INFO] Transaction completed
[2025-11-07T11:40:29.607201] [DEBUG] Variable value: x=42
[2025-11-07T11:40:29.607189] [WARN] Rate limit approaching
[2025-11-07T11:40:29.607172] [INFO] Session started
[2025-11-07T11:40:29.607187] [WARN] Disk space low
[2025-11-07T11:40:29.607175] [INFO] Session started
[2025-11-07T11:40:29.607185] [INFO] Configuration loaded
[2025-11-07T11:40:29.607180] [INFO] Database query executed
