[2025-11-07T11:40:29.602813] [ERROR] Database connection lost
[2025-11-07T11:40:29.602791] [INFO] User logged in
[2025-11-07T11:40:29.602816] [DEBUG] HTTP request headers parsed
[2025-11-07T11:40:29.602794] [INFO] Connection established
[2025-11-07T11:40:29.602798] [INFO] Service initialized
[2025-11-07T11:40:29.602793] [INFO] Connection established
[2025-11-07T11:40:29.602807] [WARN] Queue size growing
[2025-11-07T11:40:29.602800] [INFO] Connection established
[2025-11-07T11:40:29.602819] [DEBUG] Entering function process_data()
[2025-11-07T11:40:29.602803] [INFO] Session started
[2025-11-07T11:40:29.602821] [DEBUG] Thread pool size: 8
[2025-11-07T11:40:29.602806] [INFO] Configuration loaded
[2025-11-07T11:40:29.602808] [WARN] Deprecated API usage
[2025-11-07T11:40:29.602811] [WARN] Rate limit approaching
[2025-11-07T11:40:29.602820] [DEBUG] Loop iteration: 15
[2025-11-07T11:40:29.602797] [INFO] Session started
[2025-11-07T11:40:29.602810] [WARN] High memory usage detected
[2025-11-07T11:40:29.602804] [INFO] Session started
[2025-11-07T11:40:29.602801] [INFO] Service initialized
[2025-11-07T11:40:29.602818] [DEBUG] Cache key generated
[2025-11-07T11:40:29.602815] [DEBUG] Variable value: x=42
[2025-11-07T11:40:29.602809] [WARN] Deprecated API usage
[2025-11-07T11:40:29.602802] [INFO] Service initialized
[2025-11-07T11:40:29.602795] [INFO] Cache hit
[2025-11-07T11:40:29.602799] [INFO] Transaction completed
[2025-11-07T11:40:29.602812] [ERROR] Request failed
[2025-11-07T11:40:29.602805] [INFO] User logged in
[2025-11-07T11:40:29.602796] [INFO] Service initialized
[2025-11-07T11:40:29.602817] [DEBUG] Buffer size: 4096 bytes
