[2025-11-07T11:40:30.358649] [INFO] Session started
[2025-11-07T11:40:30.358641] [INFO] Request processed successfully
[2025-11-07T11:40:30.358642] [INFO] Configuration loaded
[2025-11-07T11:40:30.358657] [WARN] Rate limit approaching
[2025-11-07T11:40:30.358638] [INFO] Configuration loaded
[2025-11-07T11:40:30.358647] [INFO] Database query executed
[2025-11-07T11:40:30.358671] [DEBUG] Timer set: 30 seconds
[2025-11-07T11:40:30.358663] [DEBUG] Loop iteration: 15
[2025-11-07T11:40:30.358661] [ERROR] File not found
[2025-11-07T11:40:30.358645] [INFO] Transaction completed
[2025-11-07T11:40:30.358656] [WARN] High memory usage detected
[2025-11-07T11:40:30.358672] [DEBUG] Memory allocation: 2048 bytes
[2025-11-07T11:40:30.358673] [DEBUG] Connection pool status checked
[2025-11-07T11:40:30.358668] [DEBUG] Connection pool status checked
[2025-11-07T11:40:30.358651] [INFO] Session started
[2025-11-07T11:40:30.358637] [INFO] Configuration loaded
[2025-11-07T11:40:30.358660] [ERROR] Network timeout
[2025-11-07T11:40:30.358667] [DEBUG] Memory allocation: 2048 bytes
[2025-11-07T11:40:30.358639] [INFO] User logged in
[2025-11-07T11:40:30.358654] [WARN] Connection retry attempt
[2025-11-07T11:40:30.358653] [INFO] User logged in
[2025-11-07T11:40:30.358636] [INFO] User logged in
[2025-11-07T11:40:30.358643] [INFO] Connection established
[2025-11-07T11:40:30.358652] [INFO] Transaction completed
[2025-11-07T11:40:30.358664] [DEBUG] HTTP request headers parsed
[2025-11-07T11:40:30.358669] [DEBUG] Connection pool status checked
[2025-11-07T11:40:30.358640] [INFO] User logged in
[2025-11-07T11:40:30.358665] [DEBUG] HTTP request headers parsed
[2025-11-07T11:40:30.358646] [INFO] Request processed successfully
[2025-11-07T11:40:30.358648] [INFO] User logged in
[2025-11-07T11:40:30.358658] [WARN] Rate limit approaching
[2025-11-07T11:40:30.358644] [INFO] Cache hit
