[2025-11-07T11:40:29.998883] [INFO] Health check passed
[2025-11-07T11:40:29.998884] [INFO] Session started
[2025-11-07T11:40:29.998895] [DEBUG] Connection pool status checked
[2025-11-07T11:40:29.998896] [DEBUG] Cache key generated
[2025-11-07T11:40:29.998892] [ERROR] Service unavailable
[2025-11-07T11:40:29.998898] [DEBUG] Memory allocation: 2048 bytes
[2025-11-07T11:40:29.998893] [DEBUG] Variable value: x=42
[2025-11-07T11:40:29.998878] [INFO] Health check passed
[2025-11-07T11:40:29.998891] [ERROR] Permission denied
[2025-11-07T11:40:29.998875] [INFO] Connection established
[2025-11-07T11:40:29.998877] [INFO] Health check passed
[2025-11-07T11:40:29.998886] [WARN] Deprecated API usage
[2025-11-07T11:40:29.998870] [INFO] Session started
[2025-11-07T11:40:29.998874] [INFO] User logged in
[2025-11-07T11:40:29.998897] [DEBUG] Loop iteration: 15
[2025-11-07T11:40:29.998873] [INFO] Health check passed
[2025-11-07T11:40:29.998876] [INFO] Transaction completed
[2025-11-07T11:40:29.998888] [WARN] Rate limit approaching
[2025-11-07T11:40:29.998894] [DEBUG] Timer set: 30 seconds
[2025-11-07T11:40:29.998885] [INFO] Request processed successfully
[2025-11-07T11:40:29.998890] [WARN] Cache miss
[2025-11-07T11:40:29.998879] [INFO] Health check passed
[2025-11-07T11:40:29.998887] [WARN] Cache miss
[2025-11-07T11:40:29.998882] [INFO] Service initialized
[2025-11-07T11:40:29.998881] [INFO] Transaction completed
[2025-11-07T11:40:29.998899] [DEBUG] Variable value: x=42
[2025-11-07T11:40:29.998880] [INFO] Cache hit
[2025-11-07T11:40:29.998872] [INFO] Request processed successfully
