[2025-11-07T11:40:30.273332] [INFO] Service initialized
[2025-11-07T11:40:30.273335] [INFO] Database query executed
[2025-11-07T11:40:30.273357] [WARN] Deprecated API usage
[2025-11-07T11:40:30.273345] [INFO] Cache hit
[2025-11-07T11:40:30.273348] [INFO] Service initialized
[2025-11-07T11:40:30.273368] [DEBUG] Entering function process_data()
[2025-11-07T11:40:30.273342] [INFO] Transaction completed
[2025-11-07T11:40:30.273363] [DEBUG] Connection pool status checked
[2025-11-07T11:40:30.273340] [INFO] User logged in
[2025-11-07T11:40:30.273367] [DEBUG] Variable value: x=42
[2025-11-07T11:40:30.273337] [INFO] Request processed successfully
[2025-11-07T11:40:30.273355] [WARN] Timeout warning
[2025-11-07T11:40:30.273339] [INFO] Database query executed
[2025-11-07T11:40:30.273350] [INFO] Service initialized
[2025-11-07T11:40:30.273336] [INFO] Service initialized
[2025-11-07T11:40:30.273346] [INFO] Request processed successfully
[2025-11-07T11:40:30.273358] [WARN] Resource threshold approaching
[2025-11-07T11:40:30.273343] [INFO] Configuration loaded
[2025-11-07T11:40:30.273356] [WARN] Queue size growing
[2025-11-07T11:40:30.273353] [WARN] Rate limit approaching
[2025-11-07T11:40:30.273362] [DEBUG] Memory allocation: 2048 bytes
[2025-11-07T11:40:30.273372] [DEBUG] Connection pool status checked
[2025-11-07T11:40:30.273333] [INFO] Health check passed
[2025-11-07T11:40:30.273371] [DEBUG] HTTP request headers parsed
[2025-11-07T11:40:30.273360] [WARN] Rate limit approaching
[2025-11-07T11:40:30.273352] [INFO] Transaction completed
[2025-11-07T11:40:30.273338] [INFO] User logged in
[2025-11-07T11:40:30.273366] [DEBUG] Loop iteration: 15
[2025-11-07T11:40:30.273365] [DEBUG] HTTP request headers parsed
[2025-11-07T11:40:30.273334] [INFO] Service initialized
[2025-11-07T11:40:30.273361] [ERROR] File not found
[2025-11-07T11:40:30.273347] [INFO] Request processed successfully
[2025-11-07T11:40:30.273351] [INFO] Configuration loaded
[2025-11-07T11:40:30.273344] [INFO] Health check passed
[2025-11-07T11:40:30.273341] [INFO] Service initialized
[2025-11-07T11:40:30.273370] [DEBUG] Timer set: 30 seconds
