[2025-11-07T11:40:30.176749] [DEBUG] Thread pool size: 8
[2025-11-07T11:40:30.176741] [WARN] Slow query performance
[2025-11-07T11:40:30.176734] [INFO] Session started
[2025-11-07T11:40:30.176750] [DEBUG] Buffer size: 4096 bytes
[2025-11-07T11:40:30.176752] [DEBUG] Entering function process_data()
[2025-11-07T11:40:30.176738] [INFO] Database query executed
[2025-11-07T11:40:30.176731] [INFO] User logged in
[2025-11-07T11:40:30.176745] [ERROR] Network timeout
[2025-11-07T11:40:30.176737] [INFO] User logged in
[2025-11-07T11:40:30.176747] [DEBUG] Loop iteration: 15
[2025-11-07T11:40:30.176746] [DEBUG] Memory allocation: 2048 bytes
[2025-11-07T11:40:30.176739] [INFO] Service initialized
[2025-11-07T11:40:30.176754] [DEBUG] Memory allocation: 2048 bytes
[2025-11-07T11:40:30.176735] [INFO] Session started
[2025-11-07T11:40:30.176753] [DEBUG] Cache key generated
[2025-11-07T11:40:30.176720] [INFO] Cache hit
[2025-11-07T11:40:30.176732] [INFO] Service initialized
[2025-11-07T11:40:30.176748] [DEBUG] HTTP request headers parsed
[2025-11-07T11:40:30.176728] [INFO] Transaction completed
[2025-11-07T11:40:30.176740] [WARN] Connection retry attempt
[2025-11-07T11:40:30.176743] [WARN] Timeout warning
[2025-11-07T11:40:30.176742] [WARN] Timeout warning
[2025-11-07T11:40:30.176730] [INFO] User logged in
[2025-11-07T11:40:30.176733] [INFO] Session started
[2025-11-07T11:40:30.176729] [INFO] Request processed successfully
[2025-11-07T11:40:30.176751] [DEBUG] HTTP request headers parsed
[2025-11-07T11:40:30.176736] [INFO] Configuration loaded
