[2025-11-07T11:40:29.340431] [INFO] Health check passed
[2025-11-07T11:40:29.340444] [DEBUG] Cache key generated
[2025-11-07T11:40:29.340428] [INFO] Service initialized
[2025-11-07T11:40:29.340432] [INFO] Configuration loaded
[2025-11-07T11:40:29.340434] [INFO] Database query executed
[2025-11-07T11:40:29.340446] [DEBUG] Entering function process_data()
[2025-11-07T11:40:29.340419] [INFO] Request processed successfully
[2025-11-07T11:40:29.340444] [DEBUG] Timer set: 30 seconds
[2025-11-07T11:40:29.340430] [INFO] Connection established
[2025-11-07T11:40:29.340420] [INFO] Configuration loaded
[2025-11-07T11:40:29.340433] [INFO] Cache hit
[2025-11-07T11:40:29.340437] [WARN] Resource threshold approaching
[2025-11-07T11:40:29.340424] [INFO] Service initialized
[2025-11-07T11:40:29.340449] [DEBUG] Cache key generated
[2025-11-07T11:40:29.340440] [WARN] Queue size growing
[2025-11-07T11:40:29.340417] [INFO] User logged in
[2025-11-07T11:40:29.340425] [INFO] Configuration loaded
[2025-11-07T11:40:29.340438] [WARN] Timeout warning
[2025-11-07T11:40:29.340441] [ERROR] File not found
[2025-11-07T11:40:29.340451] [DEBUG] Memory allocation: 2048 bytes
[2025-11-07T11:40:29.340423] [INFO] Cache hit
[2025-11-07T11:40:29.340450] [DEBUG] HTTP request headers parsed
[2025-11-07T11:40:29.340445] [DEBUG] HTTP request headers parsed
[2025-11-07T11:40:29.340442] [DEBUG] Buffer size: 4096 bytes
[2025-11-07T11:40:29.340448] [DEBUG] Connection pool status checked
[2025-11-07T11:40:29.340427] [INFO] Transaction completed
[2025-11-07T11:40:29.340421] [INFO] Transaction completed
[2025-11-07T11:40:29.340447] [DEBUG] Timer set: 30 seconds
[2025-11-07T11:40:29.340436] [WARN] Rate limit approaching
[2025-11-07T11:40:29.340422] [INFO] Transaction completed
