[2025-11-07T11:40:30.099521] [INFO] Health check passed
[2025-11-07T11:40:30.099540] [ERROR] Permission denied
[2025-11-07T11:40:30.099542] [DEBUG] HTTP request headers parsed
[2025-11-07T11:40:30.099531] [INFO] Session started
[2025-11-07T11:40:30.099543] [DEBUG] Timer set: 30 seconds
[2025-11-07T11:40:30.099517] [INFO] Connection established
[2025-11-07T11:40:30.099532] [INFO] Connection established
[2025-11-07T11:40:30.099528] [INFO] Cache hit
[2025-11-07T11:40:30.099547] [DEBUG] Thread pool size: 8
[2025-11-07T11:40:30.099545] [DEBUG] Loop iteration: 15
[2025-11-07T11:40:30.099541] [ERROR] Service unavailable
[2025-11-07T11:40:30.099525] [INFO] Health check passed
[2025-11-07T11:40:30.099519] [INFO] User logged in
[2025-11-07T11:40:30.099520] [INFO] Session started
[2025-11-07T11:40:30.099537] [WARN] Connection retry attempt
[2025-11-07T11:40:30.099529] [INFO] Session started
[2025-11-07T11:40:30.099527] [INFO] Health check passed
[2025-11-07T11:40:30.099538] [ERROR] Service unavailable
[2025-11-07T11:40:30.099526] [INFO] Service initialized
[2025-11-07T11:40:30.099530] [INFO] User logged in
[2025-11-07T11:40:30.099522] [INFO] Database query executed
[2025-11-07T11:40:30.099533] [INFO] Session started
[2025-11-07T11:40:30.099529] [INFO] User logged in
[2025-11-07T11:40:30.099546] [DEBUG] Loop iteration: 15
[2025-11-07T11:40:30.099518] [INFO] Request processed successfully
[2025-11-07T11:40:30.099523] [INFO] Transaction completed
[2025-11-07T11:40:30.099544] [DEBUG] Entering function process_data()
[2025-11-07T11:40:30.099535] [WARN] High memory usage detected
[2025-11-07T11:40:30.099524] [INFO] User logged in
[2025-11-07T11:40:30.099536] [WARN] Deprecated API usage
[2025-11-07T11:40:30.099534] [WARN] Disk space low
