[2025-11-07T11:40:30.112015] [INFO] Cache hit
[2025-11-07T11:40:30.112021] [INFO] Health check passed
[2025-11-07T11:40:30.112036] [DEBUG] Buffer size: 4096 bytes
[2025-11-07T11:40:30.112025] [INFO] Cache hit
[2025-11-07T11:40:30.112023] [INFO] Health check passed
[2025-11-07T11:40:30.112040] [DEBUG] Thread pool size: 8
[2025-11-07T11:40:30.112041] [DEBUG] Cache key generated
[2025-11-07T11:40:30.112016] [INFO] Service initialized
[2025-11-07T11:40:30.112027] [WARN] Connection retry attempt
[2025-11-07T11:40:30.112037] [DEBUG] Entering function process_data()
[2025-11-07T11:40:30.112026] [INFO] User logged in
[2025-11-07T11:40:30.112020] [INFO] User logged in
[2025-11-07T11:40:30.112033] [ERROR] Permission denied
[2025-11-07T11:40:30.112030] [WARN] Resource threshold approaching
[2025-11-07T11:40:30.112022] [INFO] Health check passed
[2025-11-07T11:40:30.112032] [WARN] High memory usage detected
[2025-11-07T11:40:30.112038] [DEBUG] HTTP request headers parsed
[2025-11-07T11:40:30.112039] [DEBUG] Loop iteration: 15
[2025-11-07T11:40:30.112029] [WARN] High memory usage detected
[2025-11-07T11:40:30.112031] [WARN] Rate limit approaching
[2025-11-07T11:40:30.112034] [DEBUG] Buffer size: 4096 bytes
[2025-11-07T11:40:30.112028] [WARN] Queue size growing
[2025-11-07T11:40:30.112014] [INFO] Health check passed
[2025-11-07T11:40:30.112013] [INFO] Database query executed
[2025-11-07T11:40:30.112017] [INFO] Connection established
[2025-11-07T11:40:30.112042] [DEBUG] Variable value: x=42
[2025-11-07T11:40:30.112024] [INFO] Transaction completed
[2025-11-07T11:40:30.112023] [INFO] Configuration loaded
[2025-11-07T11:40:30.112019] [INFO] Service initialized
[2025-11-07T11:40:30.112018] [INFO] Connection established
[2025-11-07T11:40:30.112035] [DEBUG] Buffer size: 4096 bytes
