[2025-11-07T11:40:29.970923] [INFO] Transaction completed
[2025-11-07T11:40:29.970932] [ERROR] Service unavailable
[2025-11-07T11:40:29.970918] [INFO] Cache hit
[2025-11-07T11:40:29.970919] [INFO] Service initialized
[2025-11-07T11:40:29.970935] [DEBUG] Loop iteration: 15
[2025-11-07T11:40:29.970928] [WARN] Queue size growing
[2025-11-07T11:40:29.970933] [ERROR] Authentication failed
[2025-11-07T11:40:29.970938] [DEBUG] Thread pool size: 8
[2025-11-07T11:40:29.970912] [INFO] Request processed successfully
[2025-11-07T11:40:29.970940] [DEBUG] Memory allocation: 2048 bytes
[2025-11-07T11:40:29.970930] [WARN] Disk space low
[2025-11-07T11:40:29.970924] [INFO] Request processed successfully
[2025-11-07T11:40:29.970931] [WARN] Cache miss
[2025-11-07T11:40:29.970914] [INFO] Session started
[2025-11-07T11:40:29.970937] [DEBUG] Buffer size: 4096 bytes
[2025-11-07T11:40:29.970942] [DEBUG] Buffer size: 4096 bytes
[2025-11-07T11:40:29.970922] [INFO] Transaction completed
[2025-11-07T11:40:29.970941] [DEBUG] Timer set: 30 seconds
[2025-11-07T11:40:29.970916] [INFO] Session started
[2025-11-07T11:40:29.970926] [INFO] User logged in
[2025-11-07T11:40:29.970936] [DEBUG] Timer set: 30 seconds
[2025-11-07T11:40:29.970917] [INFO] Connection established
[2025-11-07T11:40:29.970925] [INFO] Request processed successfully
[2025-11-07T11:40:29.970934] [DEBUG] Thread pool size: 8
[2025-11-07T11:40:29.970927] [INFO] Service initialized
[2025-11-07T11:40:29.970929] [WARN] Connection retry attempt
[2025-11-07T11:40:29.970921] [INFO] Session started
[2025-11-07T11:40:29.970939] [DEBUG] Timer set: 30 seconds
[2025-11-07T11:40:29.970920] [INFO] Request processed successfully
[2025-11-07T11:40:29.970915] [INFO] Session started
