[2025-11-07T11:40:30.118454] [WARN] Connection retry attempt
[2025-11-07T11:40:30.118440] [INFO] Cache hit
[2025-11-07T11:40:30.118448] [INFO] Cache hit
[2025-11-07T11:40:30.118452] [INFO] Session started
[2025-11-07T11:40:30.118441] [INFO] Request processed successfully
[2025-11-07T11:40:30.118439] [INFO] Health check passed
[2025-11-07T11:40:30.118467] [DEBUG] Timer set: 30 seconds
[2025-11-07T11:40:30.118460] [DEBUG] Memory allocation: 2048 bytes
[2025-11-07T11:40:30.118459] [DEBUG] Cache key generated
[2025-11-07T11:40:30.118445] [INFO] Connection established
[2025-11-07T11:40:30.118461] [DEBUG] Timer set: 30 seconds
[2025-11-07T11:40:30.118451] [INFO] Connection established
[2025-11-07T11:40:30.118444] [INFO] Request processed successfully
[2025-11-07T11:40:30.118458] [ERROR] File not found
[2025-11-07T11:40:30.118466] [DEBUG] Cache key generated
[2025-11-07T11:40:30.118465] [DEBUG] Entering function process_data()
[2025-11-07T11:40:30.118455] [WARN] Rate limit approaching
[2025-11-07T11:40:30.118456] [WARN] Rate limit approaching
[2025-11-07T11:40:30.118463] [DEBUG] HTTP request headers parsed
[2025-11-07T11:40:30.118446] [INFO] User logged in
[2025-11-07T11:40:30.118464] [DEBUG] Loop iteration: 15
[2025-11-07T11:40:30.118447] [INFO] Service initialized
[2025-11-07T11:40:30.118450] [INFO] Database query executed
[2025-11-07T11:40:30.118449] [INFO] Configuration loaded
[2025-11-07T11:40:30.118443] [INFO] Health check passed
[2025-11-07T11:40:30.118462] [DEBUG] Cache key generated
[2025-11-07T11:40:30.118442] [INFO] Connection established
[2025-11-07T11:40:30.118457] [WARN] Resource threshold approaching
[2025-11-07T11:40:30.118453] [WARN] Timeout warning
