[2025-11-07T11:40:30.365634] [ERROR] Authentication failed
[2025-11-07T11:40:30.365625] [INFO] Connection established
[2025-11-07T11:40:30.365641] [DEBUG] Loop iteration: 15
[2025-11-07T11:40:30.365615] [INFO] Cache hit
[2025-11-07T11:40:30.365636] [DEBUG] Loop iteration: 15
[2025-11-07T11:40:30.365629] [INFO] Database query executed
[2025-11-07T11:40:30.365618] [INFO] Service initialized
[2025-11-07T11:40:30.365623] [INFO] Request processed successfully
[2025-11-07T11:40:30.365635] [ERROR] Authentication failed
[2025-11-07T11:40:30.365631] [INFO] Health check passed
[2025-11-07T11:40:30.365628] [INFO] Configuration loaded
[2025-11-07T11:40:30.365617] [INFO] Service initialized
[2025-11-07T11:40:30.365632] [WARN] High memory usage detected
[2025-11-07T11:40:30.365639] [DEBUG] Memory allocation: 2048 bytes
[2025-11-07T11:40:30.365630] [INFO] Service initialized
[2025-11-07T11:40:30.365638] [DEBUG] Thread pool size: 8
[2025-11-07T11:40:30.365624] [INFO] Service initialized
[2025-11-07T11:40:30.365633] [ERROR] File not found
[2025-11-07T11:40:30.365619] [INFO] Database query executed
[2025-11-07T11:40:30.365622] [INFO] Health check passed
[2025-11-07T11:40:30.365626] [INFO] Connection established
[2025-11-07T11:40:30.365640] [DEBUG] Cache key generated
[2025-11-07T11:40:30.365621] [INFO] Transaction completed
[2025-11-07T11:40:30.365620] [INFO] Health check passed
[2025-11-07T11:40:30.365637] [DEBUG] Memory allocation: 2048 bytes
[2025-11-07T11:40:30.365627] [INFO] Cache hit
