[2025-11-07T11:40:29.875285] [DEBUG] Timer set: 30 seconds
[2025-11-07T11:40:29.875264] [INFO] Cache hit
[2025-11-07T11:40:29.875284] [DEBUG] HTTP request headers parsed
[2025-11-07T11:40:29.875267] [INFO] Transaction completed
[2025-11-07T11:40:29.875271] [INFO] Configuration loaded
[2025-11-07T11:40:29.875279] [DEBUG] Memory allocation: 2048 bytes
[2025-11-07T11:40:29.875268] [INFO] Request processed successfully
[2025-11-07T11:40:29.875269] [INFO] Database query executed
[2025-11-07T11:40:29.875280] [DEBUG] Connection pool status checked
[2025-11-07T11:40:29.875283] [DEBUG] Connection pool status checked
[2025-11-07T11:40:29.875256] [INFO] Cache hit
[2025-11-07T11:40:29.875266] [INFO] Connection established
[2025-11-07T11:40:29.875286] [DEBUG] Memory allocation: 2048 bytes
[2025-11-07T11:40:29.875273] [WARN] High memory usage detected
[2025-11-07T11:40:29.875258] [INFO] Cache hit
[2025-11-07T11:40:29.875278] [ERROR] Service unavailable
[2025-11-07T11:40:29.875260] [INFO] Transaction completed
[2025-11-07T11:40:29.875272] [WARN] Cache miss
[2025-11-07T11:40:29.875287] [DEBUG] Timer set: 30 seconds
[2025-11-07T11:40:29.875277] [WARN] Slow query performance
[2025-11-07T11:40:29.875288] [DEBUG] Entering function process_data()
[2025-11-07T11:40:29.875281] [DEBUG] HTTP request headers parsed
[2025-11-07T11:40:29.875275] [WARN] Slow query performance
[2025-11-07T11:40:29.875259] [INFO] User logged in
[2025-11-07T11:40:29.875261] [INFO] Cache hit
[2025-11-07T11:40:29.875274] [WARN] Timeout warning
[2025-11-07T11:40:29.875265] [INFO] Request processed successfully
[2025-11-07T11:40:29.875270] [INFO] Transaction completed
[2025-11-07T11:40:29.875262] [INFO] Connection established
[2025-11-07T11:40:29.875282] [DEBUG] Connection pool status checked
[2025-11-07T11:40:29.875263] [INFO] Service initialized
[2025-11-07T11:40:29.875276] [WARN] Deprecated API usage
