[2025-11-07T11:40:29.542113] [INFO] Transaction completed
[2025-11-07T11:40:29.542106] [INFO] Service initialized
[2025-11-07T11:40:29.542121] [WARN] Connection retry attempt
[2025-11-07T11:40:29.542111] [INFO] Service initialized
[2025-11-07T11:40:29.542117] [INFO] Connection established
[2025-11-07T11:40:29.542114] [INFO] Connection established
[2025-11-07T11:40:29.542116] [INFO] User logged in
[2025-11-07T11:40:29.542105] [INFO] Service initialized
[2025-11-07T11:40:29.542131] [DEBUG] Buffer size: 4096 bytes
[2025-11-07T11:40:29.542127] [DEBUG] Buffer size: 4096 bytes
[2025-11-07T11:40:29.542120] [INFO] Configuration loaded
[2025-11-07T11:40:29.542119] [INFO] Health check passed
[2025-11-07T11:40:29.542126] [DEBUG] Timer set: 30 seconds
[2025-11-07T11:40:29.542110] [INFO] Service initialized
[2025-11-07T11:40:29.542122] [ERROR] Disk read failed
[2025-11-07T11:40:29.542125] [DEBUG] HTTP request headers parsed
[2025-11-07T11:40:29.542115] [INFO] User logged in
[2025-11-07T11:40:29.542130] [DEBUG] Entering function process_data()
[2025-11-07T11:40:29.542132] [DEBUG] Memory allocation: 2048 bytes
[2025-11-07T11:40:29.542124] [DEBUG] Buffer size: 4096 bytes
[2025-11-07T11:40:29.542112] [INFO] Database query executed
[2025-11-07T11:40:29.542107] [INFO] Cache hit
[2025-11-07T11:40:29.542129] [DEBUG] Connection pool status checked
[2025-11-07T11:40:29.542109] [INFO] User logged in
[2025-11-07T11:40:29.542123] [ERROR] Request failed
[2025-11-07T11:40:29.542118] [INFO] Health check passed
[2025-11-07T11:40:29.542128] [DEBUG] Loop iteration: 15
