[2025-11-07T11:40:29.313579] [DEBUG] Memory allocation: 2048 bytes
[2025-11-07T11:40:29.313570] [WARN] High memory usage detected
[2025-11-07T11:40:29.313576] [DEBUG] Timer set: 30 seconds
[2025-11-07T11:40:29.313563] [INFO] Cache hit
[2025-11-07T11:40:29.313562] [INFO] User logged in
[2025-11-07T11:40:29.313574] [DEBUG] Memory allocation: 2048 bytes
[2025-11-07T11:40:29.313581] [DEBUG] Buffer size: 4096 bytes
[2025-11-07T11:40:29.313561] [INFO] Database query executed
[2025-11-07T11:40:29.313560] [INFO] User logged in
[2025-11-07T11:40:29.313567] [INFO] Cache hit
[2025-11-07T11:40:29.313580] [DEBUG] Entering function process_data()
[2025-11-07T11:40:29.313565] [INFO] Cache hit
[2025-11-07T11:40:29.313558] [INFO] Service initialized
[2025-11-07T11:40:29.313559] [INFO] User logged in
[2025-11-07T11:40:29.313573] [ERROR] Network timeout
[2025-11-07T11:40:29.313572] [ERROR] Disk read failed
[2025-11-07T11:40:29.313575] [DEBUG] Thread pool size: 8
[2025-11-07T11:40:29.313578] [DEBUG] Variable value: x=42
[2025-11-07T11:40:29.313571] [ERROR] Invalid input data
[2025-11-07T11:40:29.313577] [DEBUG] Entering function process_data()
[2025-11-07T11:40:29.313566] [INFO] Service initialized
[2025-11-07T11:40:29.313569] [INFO] Connection established
[2025-11-07T11:40:29.313568] [INFO] Transaction completed
[2025-11-07T11:40:29.313564] [INFO] Health check passed
