[2025-11-07T11:40:29.981664] [DEBUG] Thread pool size: 8
[2025-11-07T11:40:29.981646] [INFO] Database query executed
[2025-11-07T11:40:29.981657] [ERROR] Disk read failed
[2025-11-07T11:40:29.981635] [INFO] Connection established
[2025-11-07T11:40:29.981636] [INFO] User logged in
[2025-11-07T11:40:29.981655] [WARN] Queue size growing
[2025-11-07T11:40:29.981648] [INFO] Configuration loaded
[2025-11-07T11:40:29.981640] [INFO] Configuration loaded
[2025-11-07T11:40:29.981650] [WARN] Deprecated API usage
[2025-11-07T11:40:29.981659] [DEBUG] Memory allocation: 2048 bytes
[2025-11-07T11:40:29.981653] [WARN] Deprecated API usage
[2025-11-07T11:40:29.981643] [INFO] Session started
[2025-11-07T11:40:29.981641] [INFO] Health check passed
[2025-11-07T11:40:29.981662] [DEBUG] Cache key generated
[2025-11-07T11:40:29.981649] [INFO] Database query executed
[2025-11-07T11:40:29.981666] [DEBUG] Loop iteration: 15
[2025-11-07T11:40:29.981651] [WARN] Cache miss
[2025-11-07T11:40:29.981652] [WARN] Cache miss
[2025-11-07T11:40:29.981637] [INFO] Configuration loaded
[2025-11-07T11:40:29.981656] [ERROR] Memory allocation error
[2025-11-07T11:40:29.981645] [INFO] Service initialized
[2025-11-07T11:40:29.981641] [INFO] Cache hit
[2025-11-07T11:40:29.981647] [INFO] Configuration loaded
[2025-11-07T11:40:29.981660] [DEBUG] Variable value: x=42
[2025-11-07T11:40:29.981665] [DEBUG] Entering function process_data()
[2025-11-07T11:40:29.981658] [DEBUG] Variable value: x=42
[2025-11-07T11:40:29.981642] [INFO] Cache hit
[2025-11-07T11:40:29.981661] [DEBUG] Entering function process_data()
[2025-11-07T11:40:29.981663] [DEBUG] Timer set: 30 seconds
[2025-11-07T11:40:29.981639] [INFO] Configuration loaded
[2025-11-07T11:40:29.981644] [INFO] Database query executed
