[2025-11-07T11:40:29.407982] [INFO] Request processed successfully
[2025-11-07T11:40:29.407987] [WARN] Rate limit approaching
[2025-11-07T11:40:29.407998] [DEBUG] Thread pool size: 8
[2025-11-07T11:40:29.407996] [DEBUG] Buffer size: 4096 bytes
[2025-11-07T11:40:29.407974] [INFO] Session started
[2025-11-07T11:40:29.407988] [WARN] Resource threshold approaching
[2025-11-07T11:40:29.407970] [INFO] Configuration loaded
[2025-11-07T11:40:29.408000] [DEBUG] Thread pool size: 8
[2025-11-07T11:40:29.407981] [INFO] Cache hit
[2025-11-07T11:40:29.407977] [INFO] Cache hit
[2025-11-07T11:40:29.407989] [WARN] Queue size growing
[2025-11-07T11:40:29.407978] [INFO] Database query executed
[2025-11-07T11:40:29.407979] [INFO] Request processed successfully
[2025-11-07T11:40:29.407992] [DEBUG] Buffer size: 4096 bytes
[2025-11-07T11:40:29.407994] [DEBUG] Thread pool size: 8
[2025-11-07T11:40:29.407990] [ERROR] Invalid input data
[2025-11-07T11:40:29.407976] [INFO] Health check passed
[2025-11-07T11:40:29.407972] [INFO] Transaction completed
[2025-11-07T11:40:29.407969] [INFO] Cache hit
[2025-11-07T11:40:29.408004] [DEBUG] Loop iteration: 15
[2025-11-07T11:40:29.407986] [WARN] Deprecated API usage
[2025-11-07T11:40:29.407983] [INFO] Connection established
[2025-11-07T11:40:29.407993] [DEBUG] Connection pool status checked
[2025-11-07T11:40:29.408001] [DEBUG] Timer set: 30 seconds
[2025-11-07T11:40:29.407999] [DEBUG] Buffer size: 4096 bytes
[2025-11-07T11:40:29.407999] [DEBUG] Loop iteration: 15
[2025-11-07T11:40:29.407991] [ERROR] Database connection lost
[2025-11-07T11:40:29.407968] [INFO] Request processed successfully
[2025-11-07T11:40:29.407971] [INFO] Service initialized
[2025-11-07T11:40:29.407966] [INFO] Configuration loaded
[2025-11-07T11:40:29.407985] [INFO] Session started
[2025-11-07T11:40:29.407984] [INFO] Service initialized
[2025-11-07T11:40:29.407973] [INFO] Request processed successfully
[2025-11-07T11:40:29.407975] [INFO] Connection established
[2025-11-07T11:40:29.408003] [DEBUG] Buffer size: 4096 bytes
[2025-11-07T11:40:29.407995] [DEBUG] Thread pool size: 8
[2025-11-07T11:40:29.407980] [INFO] User logged in
