[2025-11-07T11:40:29.914247] [INFO] Service initialized
[2025-11-07T11:40:29.914266] [DEBUG] Entering function process_data()
[2025-11-07T11:40:29.914240] [INFO] Transaction completed
[2025-11-07T11:40:29.914252] [INFO] Configuration loaded
[2025-11-07T11:40:29.914272] [DEBUG] Loop iteration: 15
[2025-11-07T11:40:29.914262] [ERROR] Network timeout
[2025-11-07T11:40:29.914265] [DEBUG] Entering function process_data()
[2025-11-07T11:40:29.914243] [INFO] Configuration loaded
[2025-11-07T11:40:29.914261] [WARN] Rate limit approaching
[2025-11-07T11:40:29.914273] [DEBUG] Connection pool status checked
[2025-11-07T11:40:29.914257] [WARN] Connection retry attempt
[2025-11-07T11:40:29.914254] [INFO] Connection established
[2025-11-07T11:40:29.914260] [WARN] Cache miss
[2025-11-07T11:40:29.914267] [DEBUG] HTTP request headers parsed
[2025-11-07T11:40:29.914250] [INFO] Transaction completed
[2025-11-07T11:40:29.914253] [INFO] Configuration loaded
[2025-11-07T11:40:29.914258] [WARN] Disk space low
[2025-11-07T11:40:29.914256] [WARN] Slow query performance
[2025-11-07T11:40:29.914251] [INFO] Service initialized
[2025-11-07T11:40:29.914241] [INFO] User logged in
[2025-11-07T11:40:29.914242] [INFO] Health check passed
[2025-11-07T11:40:29.914274] [DEBUG] Variable value: x=42
[2025-11-07T11:40:29.914255] [WARN] Timeout warning
[2025-11-07T11:40:29.914269] [DEBUG] Connection pool status checked
[2025-11-07T11:40:29.914263] [ERROR] Disk read failed
[2025-11-07T11:40:29.914249] [INFO] Connection established
[2025-11-07T11:40:29.914271] [DEBUG] Buffer size: 4096 bytes
[2025-11-07T11:40:29.914259] [WARN] Disk space low
[2025-11-07T11:40:29.914246] [INFO] Health check passed
[2025-11-07T11:40:29.914270] [DEBUG] Cache key generated
[2025-11-07T11:40:29.914268] [DEBUG] Buffer size: 4096 bytes
[2025-11-07T11:40:29.914245] [INFO] User logged in
[2025-11-07T11:40:29.914248] [INFO] Request processed successfully
[2025-11-07T11:40:29.914244] [INFO] Session started
