[2025-11-07T11:40:29.860876] [WARN] Disk space low
[2025-11-07T11:40:29.860877] [WARN] Connection retry attempt
[2025-11-07T11:40:29.860884] [DEBUG] Loop iteration: 15
[2025-11-07T11:40:29.860874] [WARN] Rate limit approaching
[2025-11-07T11:40:29.860882] [DEBUG] Cache key generated
[2025-11-07T11:40:29.860860] [INFO] Session started
[2025-11-07T11:40:29.860873] [INFO] Configuration loaded
[2025-11-07T11:40:29.860888] [DEBUG] HTTP request headers parsed
[2025-11-07T11:40:29.860879] [ERROR] Service unavailable
[2025-11-07T11:40:29.860869] [INFO] Database query executed
[2025-11-07T11:40:29.860888] [DEBUG] Cache key generated
[2025-11-07T11:40:29.860868] [INFO] User logged in
[2025-11-07T11:40:29.860891] [DEBUG] Timer set: 30 seconds
[2025-11-07T11:40:29.860892] [DEBUG] Timer set: 30 seconds
[2025-11-07T11:40:29.860872] [INFO] Session started
[2025-11-07T11:40:29.860895] [DEBUG] Connection pool status checked
[2025-11-07T11:40:29.860885] [DEBUG] Timer set: 30 seconds
[2025-11-07T11:40:29.860894] [DEBUG] Connection pool status checked
[2025-11-07T11:40:29.860880] [ERROR] Request failed
[2025-11-07T11:40:29.860875] [WARN] Connection retry attempt
[2025-11-07T11:40:29.860878] [WARN] Queue size growing
[2025-11-07T11:40:29.860881] [DEBUG] Entering function process_data()
[2025-11-07T11:40:29.860886] [DEBUG] Timer set: 30 seconds
[2025-11-07T11:40:29.860862] [INFO] Session started
[2025-11-07T11:40:29.860859] [INFO] User logged in
[2025-11-07T11:40:29.860870] [INFO] Cache hit
[2025-11-07T11:40:29.860865] [INFO] Transaction completed
[2025-11-07T11:40:29.860863] [INFO] User logged in
[2025-11-07T11:40:29.860871] [INFO] Cache hit
[2025-11-07T11:40:29.860893] [DEBUG] Buffer size: 4096 bytes
[2025-11-07T11:40:29.860867] [INFO] Request processed successfully
[2025-11-07T11:40:29.860866] [INFO] Configuration loaded
[2025-11-07T11:40:29.860861] [INFO] Database query executed
[2025-11-07T11:40:29.860890] [DEBUG] Loop iteration: 15
[2025-11-07T11:40:29.860857] [INFO] Cache hit
[2025-11-07T11:40:29.860864] [INFO] Session started
[2025-11-07T11:40:29.860884] [DEBUG] Timer set: 30 seconds
