[2025-11-07T11:40:30.070525] [INFO] Connection established
[2025-11-07T11:40:30.070543] [WARN] Resource threshold approaching
[2025-11-07T11:40:30.070554] [DEBUG] HTTP request headers parsed
[2025-11-07T11:40:30.070527] [INFO] User logged in
[2025-11-07T11:40:30.070535] [INFO] Connection established
[2025-11-07T11:40:30.070551] [DEBUG] Connection pool status checked
[2025-11-07T11:40:30.070526] [INFO] Health check passed
[2025-11-07T11:40:30.070540] [WARN] Slow query performance
[2025-11-07T11:40:30.070537] [INFO] Cache hit
[2025-11-07T11:40:30.070555] [DEBUG] Timer set: 30 seconds
[2025-11-07T11:40:30.070557] [DEBUG] Connection pool status checked
[2025-11-07T11:40:30.070528] [INFO] Connection established
[2025-11-07T11:40:30.070533] [INFO] User logged in
[2025-11-07T11:40:30.070547] [ERROR] Database connection lost
[2025-11-07T11:40:30.070553] [DEBUG] Thread pool size: 8
[2025-11-07T11:40:30.070550] [DEBUG] Variable value: x=42
[2025-11-07T11:40:30.070541] [WARN] Disk space low
[2025-11-07T11:40:30.070546] [WARN] Resource threshold approaching
[2025-11-07T11:40:30.070542] [WARN] Queue size growing
[2025-11-07T11:40:30.070552] [DEBUG] Memory allocation: 2048 bytes
[2025-11-07T11:40:30.070556] [DEBUG] Loop iteration: 15
[2025-11-07T11:40:30.070531] [INFO] Connection established
[2025-11-07T11:40:30.070539] [INFO] Cache hit
[2025-11-07T11:40:30.070544] [WARN] Rate limit approaching
[2025-11-07T11:40:30.070548] [ERROR] Service unavailable
[2025-11-07T11:40:30.070530] [INFO] Session started
[2025-11-07T11:40:30.070532] [INFO] Request processed successfully
[2025-11-07T11:40:30.070534] [INFO] Session started
[2025-11-07T11:40:30.070536] [INFO] Health check passed
[2025-11-07T11:40:30.070549] [ERROR] Request failed
[2025-11-07T11:40:30.070538] [INFO] User logged in
[2025-11-07T11:40:30.070529] [INFO] Session started
[2025-11-07T11:40:30.070545] [WARN] Timeout warning
