[2025-11-07T11:40:29.833304] [DEBUG] Cache key generated
[2025-11-07T11:40:29.833305] [DEBUG] HTTP request headers parsed
[2025-11-07T11:40:29.833290] [INFO] Configuration loaded
[2025-11-07T11:40:29.833300] [DEBUG] Entering function process_data()
[2025-11-07T11:40:29.833279] [INFO] Transaction completed
[2025-11-07T11:40:29.833306] [DEBUG] Connection pool status checked
[2025-11-07T11:40:29.833307] [DEBUG] Timer set: 30 seconds
[2025-11-07T11:40:29.833281] [INFO] Database query executed
[2025-11-07T11:40:29.833309] [DEBUG] Buffer size: 4096 bytes
[2025-11-07T11:40:29.833286] [INFO] Configuration loaded
[2025-11-07T11:40:29.833308] [DEBUG] Variable value: x=42
[2025-11-07T11:40:29.833295] [WARN] Rate limit approaching
[2025-11-07T11:40:29.833294] [INFO] User logged in
[2025-11-07T11:40:29.833310] [DEBUG] Entering function process_data()
[2025-11-07T11:40:29.833282] [INFO] Transaction completed
[2025-11-07T11:40:29.833288] [INFO] Database query executed
[2025-11-07T11:40:29.833291] [INFO] Session started
[2025-11-07T11:40:29.833284] [INFO] Configuration loaded
[2025-11-07T11:40:29.833293] [INFO] Service initialized
[2025-11-07T11:40:29.833303] [DEBUG] HTTP request headers parsed
[2025-11-07T11:40:29.833297] [ERROR] Service unavailable
[2025-11-07T11:40:29.833287] [INFO] Session started
[2025-11-07T11:40:29.833311] [DEBUG] Entering function process_data()
[2025-11-07T11:40:29.833309] [DEBUG] Loop iteration: 15
[2025-11-07T11:40:29.833285] [INFO] Request processed successfully
[2025-11-07T11:40:29.833289] [INFO] Configuration loaded
[2025-11-07T11:40:29.833280] [INFO] Session started
[2025-11-07T11:40:29.833296] [WARN] High memory usage detected
[2025-11-07T11:40:29.833298] [ERROR] Memory allocation error
[2025-11-07T11:40:29.833312] [DEBUG] Buffer size: 4096 bytes
[2025-11-07T11:40:29.833301] [DEBUG] Connection pool status checked
[2025-11-07T11:40:29.833302] [DEBUG] Variable value: x=42
[2025-11-07T11:40:29.833283] [INFO] Cache hit
[2025-11-07T11:40:29.833292] [INFO] Request processed successfully
