[2025-11-07T11:40:29.729345] [INFO] User logged in
[2025-11-07T11:40:29.729346] [INFO] Database query executed
[2025-11-07T11:40:29.729352] [INFO] Transaction completed
[2025-11-07T11:40:29.729343] [INFO] Configuration loaded
[2025-11-07T11:40:29.729360] [WARN] Resource threshold approaching
[2025-11-07T11:40:29.729361] [WARN] Slow query performance
[2025-11-07T11:40:29.729348] [INFO] Health check passed
[2025-11-07T11:40:29.729354] [INFO] Session started
[2025-11-07T11:40:29.729353] [INFO] Session started
[2025-11-07T11:40:29.729366] [DEBUG] Timer set: 30 seconds
[2025-11-07T11:40:29.729369] [DEBUG] Connection pool status checked
[2025-11-07T11:40:29.729367] [DEBUG] Buffer size: 4096 bytes
[2025-11-07T11:40:29.729344] [INFO] Transaction completed
[2025-11-07T11:40:29.729350] [INFO] Connection established
[2025-11-07T11:40:29.729356] [INFO] User logged in
[2025-11-07T11:40:29.729358] [WARN] Resource threshold approaching
[2025-11-07T11:40:29.729365] [DEBUG] Memory allocation: 2048 bytes
[2025-11-07T11:40:29.729349] [INFO] Health check passed
[2025-11-07T11:40:29.729351] [INFO] Connection established
[2025-11-07T11:40:29.729364] [DEBUG] Variable value: x=42
[2025-11-07T11:40:29.729347] [INFO] Connection established
[2025-11-07T11:40:29.729368] [DEBUG] Timer set: 30 seconds
[2025-11-07T11:40:29.729355] [INFO] Transaction completed
[2025-11-07T11:40:29.729363] [ERROR] Permission denied
[2025-11-07T11:40:29.729359] [WARN] Deprecated API usage
[2025-11-07T11:40:29.729357] [INFO] Service initialized
[2025-11-07T11:40:29.729370] [DEBUG] HTTP request headers parsed
