[2025-11-07T11:40:29.976028] [INFO] Database query executed
[2025-11-07T11:40:29.976055] [DEBUG] Loop iteration: 15
[2025-11-07T11:40:29.976042] [INFO] Transaction completed
[2025-11-07T11:40:29.976041] [INFO] Configuration loaded
[2025-11-07T11:40:29.976052] [ERROR] Disk read failed
[2025-11-07T11:40:29.976044] [INFO] Cache hit
[2025-11-07T11:40:29.976056] [DEBUG] Cache key generated
[2025-11-07T11:40:29.976045] [INFO] Database query executed
[2025-11-07T11:40:29.976053] [ERROR] Authentication failed
[2025-11-07T11:40:29.976050] [WARN] Connection retry attempt
[2025-11-07T11:40:29.976039] [INFO] Transaction completed
[2025-11-07T11:40:29.976063] [DEBUG] Memory allocation: 2048 bytes
[2025-11-07T11:40:29.976046] [INFO] Request processed successfully
[2025-11-07T11:40:29.976054] [DEBUG] Connection pool status checked
[2025-11-07T11:40:29.976047] [WARN] Disk space low
[2025-11-07T11:40:29.976061] [DEBUG] Cache key generated
[2025-11-07T11:40:29.976032] [INFO] User logged in
[2025-11-07T11:40:29.976038] [INFO] Connection established
[2025-11-07T11:40:29.976064] [DEBUG] Thread pool size: 8
[2025-11-07T11:40:29.976048] [WARN] Timeout warning
[2025-11-07T11:40:29.976034] [INFO] Database query executed
[2025-11-07T11:40:29.976040] [INFO] Service initialized
[2025-11-07T11:40:29.976030] [INFO] Health check passed
[2025-11-07T11:40:29.976035] [INFO] Configuration loaded
[2025-11-07T11:40:29.976060] [DEBUG] Variable value: x=42
[2025-11-07T11:40:29.976036] [INFO] Session started
[2025-11-07T11:40:29.976033] [INFO] Configuration loaded
[2025-11-07T11:40:29.976062] [DEBUG] Buffer size: 4096 bytes
[2025-11-07T11:40:29.976031] [INFO] Request processed successfully
[2025-11-07T11:40:29.976059] [DEBUG] Memory allocation: 2048 bytes
[2025-11-07T11:40:29.976049] [WARN] Disk space low
[2025-11-07T11:40:29.976057] [DEBUG] Loop iteration: 15
[2025-11-07T11:40:29.976058] [DEBUG] Buffer size: 4096 bytes
[2025-11-07T11:40:29.976043] [INFO] Configuration loaded
[2025-11-07T11:40:29.976037] [INFO] Database query executed
