[2025-11-07T11:40:29.438952] [DEBUG] HTTP request headers parsed
[2025-11-07T11:40:29.438951] [DEBUG] Buffer size: 4096 bytes
[2025-11-07T11:40:29.438937] [INFO] Health check passed
[2025-11-07T11:40:29.438950] [ERROR] File not found
[2025-11-07T11:40:29.438956] [DEBUG] Memory allocation: 2048 bytes
[2025-11-07T11:40:29.438954] [DEBUG] Timer set: 30 seconds
[2025-11-07T11:40:29.438941] [INFO] Service initialized
[2025-11-07T11:40:29.438933] [INFO] Transaction completed
[2025-11-07T11:40:29.438958] [DEBUG] Cache key generated
[2025-11-07T11:40:29.438957] [DEBUG] Thread pool size: 8
[2025-11-07T11:40:29.438960] [DEBUG] Timer set: 30 seconds
[2025-11-07T11:40:29.438938] [INFO] Session started
[2025-11-07T11:40:29.438942] [INFO] Database query executed
[2025-11-07T11:40:29.438953] [DEBUG] Connection pool status checked
[2025-11-07T11:40:29.438945] [INFO] Cache hit
[2025-11-07T11:40:29.438959] [DEBUG] Connection pool status checked
[2025-11-07T11:40:29.438946] [WARN] High memory usage detected
[2025-11-07T11:40:29.438948] [WARN] Rate limit approaching
[2025-11-07T11:40:29.438943] [INFO] Service initialized
[2025-11-07T11:40:29.438934] [INFO] Health check passed
[2025-11-07T11:40:29.438930] [INFO] Cache hit
[2025-11-07T11:40:29.438932] [INFO] Transaction completed
[2025-11-07T11:40:29.438947] [WARN] Cache miss
[2025-11-07T11:40:29.438939] [INFO] Request processed successfully
[2025-11-07T11:40:29.438935] [INFO] Connection established
[2025-11-07T11:40:29.438944] [INFO] Configuration loaded
[2025-11-07T11:40:29.438936] [INFO] Health check passed
[2025-11-07T11:40:29.438940] [INFO] User logged in
[2025-11-07T11:40:29.438949] [WARN] Disk space low
[2025-11-07T11:40:29.438955] [DEBUG] Timer set: 30 seconds
