[2025-11-07T11:40:29.442320] [DEBUG] HTTP request headers parsed
[2025-11-07T11:40:29.442296] [INFO] Connection established
[2025-11-07T11:40:29.442298] [INFO] Health check passed
[2025-11-07T11:40:29.442293] [INFO] Health check passed
[2025-11-07T11:40:29.442321] [DEBUG] Cache key generated
[2025-11-07T11:40:29.442307] [WARN] Timeout warning
[2025-11-07T11:40:29.442305] [INFO] Transaction completed
[2025-11-07T11:40:29.442311] [WARN] Resource threshold approaching
[2025-11-07T11:40:29.442315] [DEBUG] HTTP request headers parsed
[2025-11-07T11:40:29.442318] [DEBUG] Buffer size: 4096 bytes
[2025-11-07T11:40:29.442302] [INFO] Configuration loaded
[2025-11-07T11:40:29.442308] [WARN] Deprecated API usage
[2025-11-07T11:40:29.442310] [WARN] Deprecated API usage
[2025-11-07T11:40:29.442299] [INFO] Health check passed
[2025-11-07T11:40:29.442300] [INFO] Database query executed
[2025-11-07T11:40:29.442316] [DEBUG] Cache key generated
[2025-11-07T11:40:29.442312] [ERROR] Permission denied
[2025-11-07T11:40:29.442294] [INFO] Configuration loaded
[2025-11-07T11:40:29.442314] [DEBUG] Thread pool size: 8
[2025-11-07T11:40:29.442297] [INFO] User logged in
[2025-11-07T11:40:29.442322] [DEBUG] HTTP request headers parsed
[2025-11-07T11:40:29.442306] [INFO] Configuration loaded
[2025-11-07T11:40:29.442313] [ERROR] Network timeout
[2025-11-07T11:40:29.442304] [INFO] Cache hit
[2025-11-07T11:40:29.442319] [DEBUG] Entering function process_data()
[2025-11-07T11:40:29.442295] [INFO] Service initialized
[2025-11-07T11:40:29.442301] [INFO] Configuration loaded
[2025-11-07T11:40:29.442317] [DEBUG] Cache key generated
[2025-11-07T11:40:29.442292] [INFO] Database query executed
[2025-11-07T11:40:29.442303] [INFO] Request processed successfully
