[2025-11-07T11:40:29.522043] [INFO] Service initialized
[2025-11-07T11:40:29.522039] [INFO] User logged in
[2025-11-07T11:40:29.522052] [INFO] Health check passed
[2025-11-07T11:40:29.522057] [WARN] Cache miss
[2025-11-07T11:40:29.522065] [DEBUG] Connection pool status checked
[2025-11-07T11:40:29.522050] [INFO] Database query executed
[2025-11-07T11:40:29.522067] [DEBUG] Cache key generated
[2025-11-07T11:40:29.522042] [INFO] Connection established
[2025-11-07T11:40:29.522062] [ERROR] Disk read failed
[2025-11-07T11:40:29.522069] [DEBUG] Buffer size: 4096 bytes
[2025-11-07T11:40:29.522051] [INFO] Database query executed
[2025-11-07T11:40:29.522071] [DEBUG] Thread pool size: 8
[2025-11-07T11:40:29.522046] [INFO] Database query executed
[2025-11-07T11:40:29.522070] [DEBUG] Entering function process_data()
[2025-11-07T11:40:29.522056] [WARN] Slow query performance
[2025-11-07T11:40:29.522063] [DEBUG] Buffer size: 4096 bytes
[2025-11-07T11:40:29.522049] [INFO] Service initialized
[2025-11-07T11:40:29.522053] [INFO] Health check passed
[2025-11-07T11:40:29.522059] [WARN] Cache miss
[2025-11-07T11:40:29.522058] [WARN] Cache miss
[2025-11-07T11:40:29.522060] [WARN] Slow query performance
[2025-11-07T11:40:29.522041] [INFO] Connection established
[2025-11-07T11:40:29.522044] [INFO] Request processed successfully
[2025-11-07T11:40:29.522054] [INFO] Connection established
[2025-11-07T11:40:29.522048] [INFO] Service initialized
[2025-11-07T11:40:29.522064] [DEBUG] Loop iteration: 15
[2025-11-07T11:40:29.522061] [ERROR] Invalid input data
[2025-11-07T11:40:29.522068] [DEBUG] Cache key generated
[2025-11-07T11:40:29.522066] [DEBUG] Memory allocation: 2048 bytes
[2025-11-07T11:40:29.522047] [INFO] Session started
[2025-11-07T11:40:29.522072] [DEBUG] Connection pool status checked
[2025-11-07T11:40:29.522045] [INFO] Service initialized
