[2025-11-07T11:40:29.383797] [INFO] Connection established
[2025-11-07T11:40:29.383804] [INFO] User logged in
[2025-11-07T11:40:29.383817] [DEBUG] Cache key generated
[2025-11-07T11:40:29.383803] [INFO] Configuration loaded
[2025-11-07T11:40:29.383805] [INFO] Request processed successfully
[2025-11-07T11:40:29.383818] [DEBUG] Buffer size: 4096 bytes
[2025-11-07T11:40:29.383808] [WARN] Deprecated API usage
[2025-11-07T11:40:29.383807] [WARN] Timeout warning
[2025-11-07T11:40:29.383802] [INFO] Transaction completed
[2025-11-07T11:40:29.383795] [INFO] Cache hit
[2025-11-07T11:40:29.383813] [DEBUG] Connection pool status checked
[2025-11-07T11:40:29.383815] [DEBUG] HTTP request headers parsed
[2025-11-07T11:40:29.383801] [INFO] Connection established
[2025-11-07T11:40:29.383793] [INFO] User logged in
[2025-11-07T11:40:29.383792] [INFO] Cache hit
[2025-11-07T11:40:29.383799] [INFO] Database query executed
[2025-11-07T11:40:29.383796] [INFO] Session started
[2025-11-07T11:40:29.383794] [INFO] Transaction completed
[2025-11-07T11:40:29.383800] [INFO] Health check passed
[2025-11-07T11:40:29.383812] [ERROR] Invalid input data
[2025-11-07T11:40:29.383811] [ERROR] Network timeout
[2025-11-07T11:40:29.383814] [DEBUG] Timer set: 30 seconds
[2025-11-07T11:40:29.383810] [WARN] Queue size growing
[2025-11-07T11:40:29.383816] [DEBUG] Thread pool size: 8
[2025-11-07T11:40:29.383806] [WARN] Disk space low
[2025-11-07T11:40:29.383791] [INFO] User logged in
[2025-11-07T11:40:29.383798] [INFO] Database query executed
[2025-11-07T11:40:29.383809] [WARN] Timeout warning
