[2025-11-07T11:40:30.062950] [INFO] Configuration loaded
[2025-11-07T11:40:30.062970] [DEBUG] Buffer size: 4096 bytes
[2025-11-07T11:40:30.062956] [INFO] Request processed successfully
[2025-11-07T11:40:30.062969] [DEBUG] Loop iteration: 15
[2025-11-07T11:40:30.062971] [DEBUG] Memory allocation: 2048 bytes
[2025-11-07T11:40:30.062957] [INFO] User logged in
[2025-11-07T11:40:30.062956] [INFO] Health check passed
[2025-11-07T11:40:30.062958] [INFO] Configuration loaded
[2025-11-07T11:40:30.062963] [ERROR] Database connection lost
[2025-11-07T11:40:30.062961] [WARN] Disk space low
[2025-11-07T11:40:30.062959] [WARN] Connection retry attempt
[2025-11-07T11:40:30.062972] [DEBUG] Variable value: x=42
[2025-11-07T11:40:30.062973] [DEBUG] Timer set: 30 seconds
[2025-11-07T11:40:30.062947] [INFO] Service initialized
[2025-11-07T11:40:30.062952] [INFO] Database query executed
[2025-11-07T11:40:30.062966] [DEBUG] Timer set: 30 seconds
[2025-11-07T11:40:30.062945] [INFO] User logged in
[2025-11-07T11:40:30.062967] [DEBUG] Variable value: x=42
[2025-11-07T11:40:30.062954] [INFO] Health check passed
[2025-11-07T11:40:30.062953] [INFO] User logged in
[2025-11-07T11:40:30.062968] [DEBUG] Buffer size: 4096 bytes
[2025-11-07T11:40:30.062962] [WARN] Queue size growing
[2025-11-07T11:40:30.062949] [INFO] Configuration loaded
[2025-11-07T11:40:30.062951] [INFO] Database query executed
[2025-11-07T11:40:30.062965] [ERROR] Memory allocation error
[2025-11-07T11:40:30.062964] [ERROR] Service unavailable
[2025-11-07T11:40:30.062960] [WARN] Slow query performance
[2025-11-07T11:40:30.062955] [INFO] Request processed successfully
[2025-11-07T11:40:30.062948] [INFO] User logged in
