[2025-11-07T11:40:29.899021] [DEBUG] Memory allocation: 2048 bytes
[2025-11-07T11:40:29.899018] [ERROR] Request failed
[2025-11-07T11:40:29.899024] [DEBUG] Buffer size: 4096 bytes
[2025-11-07T11:40:29.899007] [INFO] Session started
[2025-11-07T11:40:29.899002] [INFO] Session started
[2025-11-07T11:40:29.899004] [INFO] Connection established
[2025-11-07T11:40:29.899006] [INFO] Connection established
[2025-11-07T11:40:29.899003] [INFO] Session started
[2025-11-07T11:40:29.899012] [INFO] Configuration loaded
[2025-11-07T11:40:29.899010] [INFO] Database query executed
[2025-11-07T11:40:29.899017] [WARN] Cache miss
[2025-11-07T11:40:29.899019] [ERROR] Disk read failed
[2025-11-07T11:40:29.899013] [INFO] Configuration loaded
[2025-11-07T11:40:29.899022] [DEBUG] Variable value: x=42
[2025-11-07T11:40:29.899011] [INFO] Service initialized
[2025-11-07T11:40:29.899023] [DEBUG] Connection pool status checked
[2025-11-07T11:40:29.899015] [INFO] Connection established
[2025-11-07T11:40:29.899022] [DEBUG] Cache key generated
[2025-11-07T11:40:29.899013] [INFO] Health check passed
[2025-11-07T11:40:29.899008] [INFO] Session started
[2025-11-07T11:40:29.899026] [DEBUG] Timer set: 30 seconds
[2025-11-07T11:40:29.899014] [INFO] Transaction completed
[2025-11-07T11:40:29.899016] [INFO] Cache hit
[2025-11-07T11:40:29.899009] [INFO] Health check passed
[2025-11-07T11:40:29.899025] [DEBUG] Memory allocation: 2048 bytes
