[2025-11-07T11:40:30.284714] [DEBUG] Variable value: x=42
[2025-11-07T11:40:30.284696] [WARN] Disk space low
[2025-11-07T11:40:30.284693] [INFO] Transaction completed
[2025-11-07T11:40:30.284691] [INFO] Connection established
[2025-11-07T11:40:30.284685] [INFO] Health check passed
[2025-11-07T11:40:30.284692] [INFO] Database query executed
[2025-11-07T11:40:30.284694] [INFO] Session started
[2025-11-07T11:40:30.284688] [INFO] Connection established
[2025-11-07T11:40:30.284690] [INFO] Request processed successfully
[2025-11-07T11:40:30.284706] [DEBUG] Memory allocation: 2048 bytes
[2025-11-07T11:40:30.284708] [DEBUG] Cache key generated
[2025-11-07T11:40:30.284710] [DEBUG] Memory allocation: 2048 bytes
[2025-11-07T11:40:30.284700] [WARN] Resource threshold approaching
[2025-11-07T11:40:30.284712] [DEBUG] Connection pool status checked
[2025-11-07T11:40:30.284692] [INFO] Transaction completed
[2025-11-07T11:40:30.284699] [WARN] Rate limit approaching
[2025-11-07T11:40:30.284713] [DEBUG] Thread pool size: 8
[2025-11-07T11:40:30.284715] [DEBUG] Memory allocation: 2048 bytes
[2025-11-07T11:40:30.284689] [INFO] Configuration loaded
[2025-11-07T11:40:30.284697] [WARN] Cache miss
[2025-11-07T11:40:30.284687] [INFO] Service initialized
[2025-11-07T11:40:30.284718] [DEBUG] Thread pool size: 8
[2025-11-07T11:40:30.284695] [INFO] Cache hit
[2025-11-07T11:40:30.284701] [WARN] High memory usage detected
[2025-11-07T11:40:30.284709] [DEBUG] Cache key generated
[2025-11-07T11:40:30.284704] [ERROR] Database connection lost
[2025-11-07T11:40:30.284684] [INFO] Request processed successfully
[2025-11-07T11:40:30.284702] [ERROR] Invalid input data
[2025-11-07T11:40:30.284705] [DEBUG] Timer set: 30 seconds
[2025-11-07T11:40:30.284716] [DEBUG] Buffer size: 4096 bytes
