[2025-11-07T11:40:29.471874] [INFO] Cache hit
[2025-11-07T11:40:29.471904] [DEBUG] Timer set: 30 seconds
[2025-11-07T11:40:29.471876] [INFO] Database query executed
[2025-11-07T11:40:29.471879] [INFO] Configuration loaded
[2025-11-07T11:40:29.471898] [ERROR] Invalid input data
[2025-11-07T11:40:29.471886] [INFO] Session started
[2025-11-07T11:40:29.471892] [WARN] Resource threshold approaching
[2025-11-07T11:40:29.471895] [WARN] Cache miss
[2025-11-07T11:40:29.471881] [INFO] Configuration loaded
[2025-11-07T11:40:29.471882] [INFO] Configuration loaded
[2025-11-07T11:40:29.471900] [DEBUG] Timer set: 30 seconds
[2025-11-07T11:40:29.471896] [ERROR] Network timeout
[2025-11-07T11:40:29.471902] [DEBUG] Cache key generated
[2025-11-07T11:40:29.471891] [WARN] High memory usage detected
[2025-11-07T11:40:29.471903] [DEBUG] Timer set: 30 seconds
[2025-11-07T11:40:29.471885] [INFO] Health check passed
[2025-11-07T11:40:29.471877] [INFO] Connection established
[2025-11-07T11:40:29.471897] [ERROR] Permission denied
[2025-11-07T11:40:29.471907] [DEBUG] Loop iteration: 15
[2025-11-07T11:40:29.471905] [DEBUG] Connection pool status checked
[2025-11-07T11:40:29.471888] [INFO] Session started
[2025-11-07T11:40:29.471887] [INFO] Cache hit
[2025-11-07T11:40:29.471893] [WARN] Timeout warning
[2025-11-07T11:40:29.471906] [DEBUG] Buffer size: 4096 bytes
[2025-11-07T11:40:29.471878] [INFO] Database query executed
[2025-11-07T11:40:29.471884] [INFO] Service initialized
[2025-11-07T11:40:29.471894] [WARN] High memory usage detected
[2025-11-07T11:40:29.471883] [INFO] Request processed successfully
[2025-11-07T11:40:29.471889] [INFO] Transaction completed
[2025-11-07T11:40:29.471901] [DEBUG] Connection pool status checked
[2025-11-07T11:40:29.471880] [INFO] Cache hit
[2025-11-07T11:40:29.471908] [DEBUG] HTTP request headers parsed
[2025-11-07T11:40:29.471890] [WARN] Deprecated API usage
