[2025-11-07T11:40:30.097883] [WARN] Timeout warning
[2025-11-07T11:40:30.097888] [DEBUG] Variable value: x=42
[2025-11-07T11:40:30.097892] [DEBUG] Variable value: x=42
[2025-11-07T11:40:30.097865] [INFO] Request processed successfully
[2025-11-07T11:40:30.097887] [DEBUG] Cache key generated
[2025-11-07T11:40:30.097876] [INFO] Service initialized
[2025-11-07T11:40:30.097866] [INFO] Service initialized
[2025-11-07T11:40:30.097886] [ERROR] Service unavailable
[2025-11-07T11:40:30.097893] [DEBUG] Loop iteration: 15
[2025-11-07T11:40:30.097878] [INFO] Service initialized
[2025-11-07T11:40:30.097885] [ERROR] Permission denied
[2025-11-07T11:40:30.097871] [INFO] Service initialized
[2025-11-07T11:40:30.097884] [WARN] High memory usage detected
[2025-11-07T11:40:30.097894] [DEBUG] Buffer size: 4096 bytes
[2025-11-07T11:40:30.097868] [INFO] Health check passed
[2025-11-07T11:40:30.097882] [WARN] Deprecated API usage
[2025-11-07T11:40:30.097872] [INFO] Cache hit
[2025-11-07T11:40:30.097889] [DEBUG] Buffer size: 4096 bytes
[2025-11-07T11:40:30.097890] [DEBUG] Cache key generated
[2025-11-07T11:40:30.097877] [INFO] Cache hit
[2025-11-07T11:40:30.097870] [INFO] Transaction completed
[2025-11-07T11:40:30.097873] [INFO] Transaction completed
[2025-11-07T11:40:30.097869] [INFO] Health check passed
[2025-11-07T11:40:30.097880] [WARN] Connection retry attempt
[2025-11-07T11:40:30.097877] [INFO] Configuration loaded
[2025-11-07T11:40:30.097864] [INFO] Connection established
[2025-11-07T11:40:30.097895] [DEBUG] Cache key generated
[2025-11-07T11:40:30.097875] [INFO] Request processed successfully
[2025-11-07T11:40:30.097891] [DEBUG] HTTP request headers parsed
[2025-11-07T11:40:30.097874] [INFO] Cache hit
[2025-11-07T11:40:30.097880] [WARN] Disk space low
