[2025-11-07T11:40:29.314640] [ERROR] Invalid input data
[2025-11-07T11:40:29.314641] [DEBUG] Connection pool status checked
[2025-11-07T11:40:29.314648] [DEBUG] Connection pool status checked
[2025-11-07T11:40:29.314627] [INFO] Database query executed
[2025-11-07T11:40:29.314628] [INFO] Configuration loaded
[2025-11-07T11:40:29.314638] [WARN] Connection retry attempt
[2025-11-07T11:40:29.314634] [WARN] Slow query performance
[2025-11-07T11:40:29.314651] [DEBUG] Cache key generated
[2025-11-07T11:40:29.314649] [DEBUG] Timer set: 30 seconds
[2025-11-07T11:40:29.314643] [DEBUG] Cache key generated
[2025-11-07T11:40:29.314606] [INFO] User logged in
[2025-11-07T11:40:29.314624] [INFO] Service initialized
[2025-11-07T11:40:29.314630] [INFO] Service initialized
[2025-11-07T11:40:29.314631] [INFO] Request processed successfully
[2025-11-07T11:40:29.314636] [WARN] Queue size growing
[2025-11-07T11:40:29.314632] [INFO] Request processed successfully
[2025-11-07T11:40:29.314647] [DEBUG] Timer set: 30 seconds
[2025-11-07T11:40:29.314637] [WARN] Deprecated API usage
[2025-11-07T11:40:29.314652] [DEBUG] HTTP request headers parsed
[2025-11-07T11:40:29.314635] [WARN] Disk space low
[2025-11-07T11:40:29.314607] [INFO] Configuration loaded
[2025-11-07T11:40:29.314625] [INFO] Cache hit
[2025-11-07T11:40:29.314623] [INFO] Request processed successfully
[2025-11-07T11:40:29.314626] [INFO] Database query executed
[2025-11-07T11:40:29.314650] [DEBUG] Buffer size: 4096 bytes
[2025-11-07T11:40:29.314645] [DEBUG] Memory allocation: 2048 bytes
[2025-11-07T11:40:29.314639] [ERROR] Invalid input data
[2025-11-07T11:40:29.314609] [INFO] Service initialized
[2025-11-07T11:40:29.314644] [DEBUG] Loop iteration: 15
[2025-11-07T11:40:29.314646] [DEBUG] Thread pool size: 8
[2025-11-07T11:40:29.314633] [WARN] Connection retry attempt
[2025-11-07T11:40:29.314610] [INFO] Health check passed
[2025-11-07T11:40:29.314608] [INFO] Service initialized
[2025-11-07T11:40:29.314629] [INFO] Session started
[2025-11-07T11:40:29.314642] [DEBUG] Buffer size: 4096 bytes
