[2025-11-07T11:40:29.798050] [INFO] Database query executed
[2025-11-07T11:40:29.798063] [DEBUG] Memory allocation: 2048 bytes
[2025-11-07T11:40:29.798037] [INFO] Health check passed
[2025-11-07T11:40:29.798045] [INFO] Connection established
[2025-11-07T11:40:29.798048] [INFO] Cache hit
[2025-11-07T11:40:29.798053] [WARN] Resource threshold approaching
[2025-11-07T11:40:29.798062] [DEBUG] Buffer size: 4096 bytes
[2025-11-07T11:40:29.798054] [WARN] Deprecated API usage
[2025-11-07T11:40:29.798043] [INFO] Configuration loaded
[2025-11-07T11:40:29.798041] [INFO] Request processed successfully
[2025-11-07T11:40:29.798049] [INFO] Transaction completed
[2025-11-07T11:40:29.798064] [DEBUG] Cache key generated
[2025-11-07T11:40:29.798057] [DEBUG] Timer set: 30 seconds
[2025-11-07T11:40:29.798035] [INFO] Transaction completed
[2025-11-07T11:40:29.798042] [INFO] Transaction completed
[2025-11-07T11:40:29.798039] [INFO] Request processed successfully
[2025-11-07T11:40:29.798052] [WARN] Slow query performance
[2025-11-07T11:40:29.798044] [INFO] Configuration loaded
[2025-11-07T11:40:29.798060] [DEBUG] Variable value: x=42
[2025-11-07T11:40:29.798051] [WARN] Deprecated API usage
[2025-11-07T11:40:29.798059] [DEBUG] Entering function process_data()
[2025-11-07T11:40:29.798061] [DEBUG] Timer set: 30 seconds
[2025-11-07T11:40:29.798055] [ERROR] Database connection lost
[2025-11-07T11:40:29.798058] [DEBUG] Buffer size: 4096 bytes
[2025-11-07T11:40:29.798040] [INFO] Cache hit
[2025-11-07T11:40:29.798056] [DEBUG] Variable value: x=42
[2025-11-07T11:40:29.798047] [INFO] Transaction completed
[2025-11-07T11:40:29.798046] [INFO] User logged in
[2025-11-07T11:40:29.798038] [INFO] Database query executed
