[2025-11-07T11:40:30.295846] [INFO] User logged in
[2025-11-07T11:40:30.295836] [INFO] Service initialized
[2025-11-07T11:40:30.295869] [DEBUG] Buffer size: 4096 bytes
[2025-11-07T11:40:30.295871] [DEBUG] Entering function process_data()
[2025-11-07T11:40:30.295850] [INFO] Connection established
[2025-11-07T11:40:30.295839] [INFO] Configuration loaded
[2025-11-07T11:40:30.295870] [DEBUG] Cache key generated
[2025-11-07T11:40:30.295845] [INFO] Cache hit
[2025-11-07T11:40:30.295864] [DEBUG] Memory allocation: 2048 bytes
[2025-11-07T11:40:30.295848] [INFO] Database query executed
[2025-11-07T11:40:30.295849] [INFO] Service initialized
[2025-11-07T11:40:30.295841] [INFO] Health check passed
[2025-11-07T11:40:30.295844] [INFO] Health check passed
[2025-11-07T11:40:30.295861] [DEBUG] Entering function process_data()
[2025-11-07T11:40:30.295856] [WARN] High memory usage detected
[2025-11-07T11:40:30.295840] [INFO] Transaction completed
[2025-11-07T11:40:30.295860] [ERROR] Service unavailable
[2025-11-07T11:40:30.295866] [DEBUG] Entering function process_data()
[2025-11-07T11:40:30.295842] [INFO] Health check passed
[2025-11-07T11:40:30.295851] [INFO] Request processed successfully
[2025-11-07T11:40:30.295862] [DEBUG] Variable value: x=42
[2025-11-07T11:40:30.295854] [WARN] Queue size growing
[2025-11-07T11:40:30.295843] [INFO] Configuration loaded
[2025-11-07T11:40:30.295853] [INFO] Database query executed
[2025-11-07T11:40:30.295857] [WARN] Rate limit approaching
[2025-11-07T11:40:30.295838] [INFO] Health check passed
[2025-11-07T11:40:30.295865] [DEBUG] Thread pool size: 8
[2025-11-07T11:40:30.295858] [WARN] Queue size growing
[2025-11-07T11:40:30.295868] [DEBUG] Variable value: x=42
