[2025-11-07T11:40:30.070132] [WARN] Cache miss
[2025-11-07T11:40:30.070133] [WARN] Cache miss
[2025-11-07T11:40:30.070145] [DEBUG] Cache key generated
[2025-11-07T11:40:30.070128] [INFO] Configuration loaded
[2025-11-07T11:40:30.070119] [INFO] Connection established
[2025-11-07T11:40:30.070142] [DEBUG] Connection pool status checked
[2025-11-07T11:40:30.070138] [ERROR] Invalid input data
[2025-11-07T11:40:30.070139] [ERROR] File not found
[2025-11-07T11:40:30.070130] [INFO] Database query executed
[2025-11-07T11:40:30.070122] [INFO] Health check passed
[2025-11-07T11:40:30.070144] [DEBUG] Variable value: x=42
[2025-11-07T11:40:30.070141] [DEBUG] Entering function process_data()
[2025-11-07T11:40:30.070143] [DEBUG] Cache key generated
[2025-11-07T11:40:30.070123] [INFO] Service initialized
[2025-11-07T11:40:30.070126] [INFO] Session started
[2025-11-07T11:40:30.070135] [WARN] High memory usage detected
[2025-11-07T11:40:30.070121] [INFO] Configuration loaded
[2025-11-07T11:40:30.070129] [INFO] Transaction completed
[2025-11-07T11:40:30.070137] [ERROR] Memory allocation error
[2025-11-07T11:40:30.070127] [INFO] Cache hit
[2025-11-07T11:40:30.070128] [INFO] Cache hit
[2025-11-07T11:40:30.070140] [DEBUG] Variable value: x=42
[2025-11-07T11:40:30.070125] [INFO] Database query executed
[2025-11-07T11:40:30.070124] [INFO] Cache hit
[2025-11-07T11:40:30.070131] [INFO] Service initialized
[2025-11-07T11:40:30.070135] [WARN] Connection retry attempt
[2025-11-07T11:40:30.070118] [INFO] Health check passed
[2025-11-07T11:40:30.070120] [INFO] Request processed successfully
[2025-11-07T11:40:30.070116] [INFO] Database query executed
