[2025-11-07T11:40:30.092758] [INFO] Cache hit
[2025-11-07T11:40:30.092766] [ERROR] Disk read failed
[2025-11-07T11:40:30.092751] [INFO] Health check passed
[2025-11-07T11:40:30.092755] [INFO] Request processed successfully
[2025-11-07T11:40:30.092777] [DEBUG] Variable value: x=42
[2025-11-07T11:40:30.092750] [INFO] Session started
[2025-11-07T11:40:30.092746] [INFO] Service initialized
[2025-11-07T11:40:30.092762] [WARN] Slow query performance
[2025-11-07T11:40:30.092763] [WARN] Resource threshold approaching
[2025-11-07T11:40:30.092764] [WARN] Disk space low
[2025-11-07T11:40:30.092754] [INFO] Database query executed
[2025-11-07T11:40:30.092753] [INFO] Configuration loaded
[2025-11-07T11:40:30.092771] [DEBUG] Entering function process_data()
[2025-11-07T11:40:30.092756] [INFO] Connection established
[2025-11-07T11:40:30.092769] [DEBUG] Connection pool status checked
[2025-11-07T11:40:30.092776] [DEBUG] Thread pool size: 8
[2025-11-07T11:40:30.092778] [DEBUG] Buffer size: 4096 bytes
[2025-11-07T11:40:30.092779] [DEBUG] Cache key generated
[2025-11-07T11:40:30.092774] [DEBUG] Cache key generated
[2025-11-07T11:40:30.092765] [ERROR] Permission denied
[2025-11-07T11:40:30.092768] [DEBUG] Entering function process_data()
[2025-11-07T11:40:30.092752] [INFO] Cache hit
[2025-11-07T11:40:30.092773] [DEBUG] Cache key generated
[2025-11-07T11:40:30.092755] [INFO] Connection established
[2025-11-07T11:40:30.092761] [WARN] Resource threshold approaching
[2025-11-07T11:40:30.092775] [DEBUG] Variable value: x=42
[2025-11-07T11:40:30.092772] [DEBUG] Connection pool status checked
[2025-11-07T11:40:30.092770] [DEBUG] Timer set: 30 seconds
[2025-11-07T11:40:30.092767] [DEBUG] Variable value: x=42
[2025-11-07T11:40:30.092760] [INFO] Session started
[2025-11-07T11:40:30.092759] [INFO] Request processed successfully
[2025-11-07T11:40:30.092757] [INFO] Session started
[2025-11-07T11:40:30.092747] [INFO] Cache hit
[2025-11-07T11:40:30.092749] [INFO] Session started
