[2025-11-07T11:40:29.478544] [DEBUG] Buffer size: 4096 bytes
[2025-11-07T11:40:29.478530] [WARN] Timeout warning
[2025-11-07T11:40:29.478543] [DEBUG] Buffer size: 4096 bytes
[2025-11-07T11:40:29.478520] [INFO] User logged in
[2025-11-07T11:40:29.478521] [INFO] Service initialized
[2025-11-07T11:40:29.478538] [ERROR] Authentication failed
[2025-11-07T11:40:29.478522] [INFO] Session started
[2025-11-07T11:40:29.478539] [DEBUG] Connection pool status checked
[2025-11-07T11:40:29.478523] [INFO] User logged in
[2025-11-07T11:40:29.478537] [ERROR] Network timeout
[2025-11-07T11:40:29.478525] [INFO] User logged in
[2025-11-07T11:40:29.478540] [DEBUG] Thread pool size: 8
[2025-11-07T11:40:29.478516] [INFO] User logged in
[2025-11-07T11:40:29.478529] [INFO] Database query executed
[2025-11-07T11:40:29.478542] [DEBUG] Cache key generated
[2025-11-07T11:40:29.478534] [WARN] Timeout warning
[2025-11-07T11:40:29.478533] [WARN] Timeout warning
[2025-11-07T11:40:29.478541] [DEBUG] Variable value: x=42
[2025-11-07T11:40:29.478545] [DEBUG] Variable value: x=42
[2025-11-07T11:40:29.478524] [INFO] Request processed successfully
[2025-11-07T11:40:29.478517] [INFO] User logged in
[2025-11-07T11:40:29.478533] [WARN] Resource threshold approaching
[2025-11-07T11:40:29.478547] [DEBUG] Cache key generated
[2025-11-07T11:40:29.478515] [INFO] Connection established
[2025-11-07T11:40:29.478536] [WARN] High memory usage detected
[2025-11-07T11:40:29.478528] [INFO] Connection established
[2025-11-07T11:40:29.478535] [WARN] Timeout warning
[2025-11-07T11:40:29.478532] [WARN] Cache miss
[2025-11-07T11:40:29.478527] [INFO] Configuration loaded
[2025-11-07T11:40:29.478546] [DEBUG] Variable value: x=42
[2025-11-07T11:40:29.478526] [INFO] Connection established
[2025-11-07T11:40:29.478518] [INFO] Transaction completed
[2025-11-07T11:40:29.478519] [INFO] Request processed successfully
[2025-11-07T11:40:29.478528] [INFO] User logged in
