[2025-11-07T11:40:29.761305] [INFO] Connection established
[2025-11-07T11:40:29.761310] [INFO] Session started
[2025-11-07T11:40:29.761312] [INFO] Request processed successfully
[2025-11-07T11:40:29.761311] [INFO] Request processed successfully
[2025-11-07T11:40:29.761323] [DEBUG] Variable value: x=42
[2025-11-07T11:40:29.761313] [INFO] Connection established
[2025-11-07T11:40:29.761304] [INFO] User logged in
[2025-11-07T11:40:29.761318] [WARN] Deprecated API usage
[2025-11-07T11:40:29.761300] [INFO] Session started
[2025-11-07T11:40:29.761301] [INFO] Service initialized
[2025-11-07T11:40:29.761320] [DEBUG] Entering function process_data()
[2025-11-07T11:40:29.761307] [INFO] Request processed successfully
[2025-11-07T11:40:29.761302] [INFO] Health check passed
[2025-11-07T11:40:29.761315] [WARN] Deprecated API usage
[2025-11-07T11:40:29.761306] [INFO] Session started
[2025-11-07T11:40:29.761308] [INFO] Database query executed
[2025-11-07T11:40:29.761319] [ERROR] Authentication failed
[2025-11-07T11:40:29.761303] [INFO] Transaction completed
[2025-11-07T11:40:29.761321] [DEBUG] Connection pool status checked
[2025-11-07T11:40:29.761316] [WARN] Queue size growing
[2025-11-07T11:40:29.761314] [WARN] Resource threshold approaching
[2025-11-07T11:40:29.761309] [INFO] Health check passed
[2025-11-07T11:40:29.761317] [WARN] Connection retry attempt
[2025-11-07T11:40:29.761322] [DEBUG] Cache key generated
