[2025-11-07T11:40:29.884452] [INFO] Transaction completed
[2025-11-07T11:40:29.884468] [DEBUG] Entering function process_data()
[2025-11-07T11:40:29.884463] [DEBUG] Memory allocation: 2048 bytes
[2025-11-07T11:40:29.884471] [DEBUG] Variable value: x=42
[2025-11-07T11:40:29.884429] [INFO] Transaction completed
[2025-11-07T11:40:29.884464] [DEBUG] Thread pool size: 8
[2025-11-07T11:40:29.884456] [WARN] Disk space low
[2025-11-07T11:40:29.884455] [WARN] Deprecated API usage
[2025-11-07T11:40:29.884454] [WARN] Deprecated API usage
[2025-11-07T11:40:29.884431] [INFO] Request processed successfully
[2025-11-07T11:40:29.884461] [DEBUG] Loop iteration: 15
[2025-11-07T11:40:29.884457] [WARN] Slow query performance
[2025-11-07T11:40:29.884452] [INFO] User logged in
[2025-11-07T11:40:29.884447] [INFO] Request processed successfully
[2025-11-07T11:40:29.884451] [INFO] Transaction completed
[2025-11-07T11:40:29.884446] [INFO] Configuration loaded
[2025-11-07T11:40:29.884448] [INFO] Service initialized
[2025-11-07T11:40:29.884472] [DEBUG] Memory allocation: 2048 bytes
[2025-11-07T11:40:29.884469] [DEBUG] Loop iteration: 15
[2025-11-07T11:40:29.884450] [INFO] User logged in
[2025-11-07T11:40:29.884465] [DEBUG] Thread pool size: 8
[2025-11-07T11:40:29.884428] [INFO] Service initialized
[2025-11-07T11:40:29.884449] [INFO] Transaction completed
[2025-11-07T11:40:29.884470] [DEBUG] Timer set: 30 seconds
[2025-11-07T11:40:29.884460] [DEBUG] Loop iteration: 15
[2025-11-07T11:40:29.884466] [DEBUG] Cache key generated
[2025-11-07T11:40:29.884445] [INFO] User logged in
[2025-11-07T11:40:29.884467] [DEBUG] Connection pool status checked
[2025-11-07T11:40:29.884458] [WARN] High memory usage detected
[2025-11-07T11:40:29.884430] [INFO] Cache hit
[2025-11-07T11:40:29.884462] [DEBUG] Buffer size: 4096 bytes
[2025-11-07T11:40:29.884459] [ERROR] Memory allocation error
[2025-11-07T11:40:29.884444] [INFO] Request processed successfully
[2025-11-07T11:40:29.884426] [INFO] Service initialized
