[2025-11-07T11:40:30.095078] [DEBUG] Thread pool size: 8
[2025-11-07T11:40:30.095057] [INFO] Transaction completed
[2025-11-07T11:40:30.095069] [INFO] Connection established
[2025-11-07T11:40:30.095065] [INFO] User logged in
[2025-11-07T11:40:30.095067] [INFO] Health check passed
[2025-11-07T11:40:30.095081] [DEBUG] Loop iteration: 15
[2025-11-07T11:40:30.095085] [DEBUG] HTTP request headers parsed
[2025-11-07T11:40:30.095072] [WARN] Slow query performance
[2025-11-07T11:40:30.095068] [INFO] Service initialized
[2025-11-07T11:40:30.095056] [INFO] User logged in
[2025-11-07T11:40:30.095066] [INFO] Session started
[2025-11-07T11:40:30.095070] [INFO] Database query executed
[2025-11-07T11:40:30.095083] [DEBUG] Variable value: x=42
[2025-11-07T11:40:30.095073] [WARN] Connection retry attempt
[2025-11-07T11:40:30.095061] [INFO] User logged in
[2025-11-07T11:40:30.095071] [WARN] Resource threshold approaching
[2025-11-07T11:40:30.095059] [INFO] Cache hit
[2025-11-07T11:40:30.095080] [DEBUG] Cache key generated
[2025-11-07T11:40:30.095082] [DEBUG] Loop iteration: 15
[2025-11-07T11:40:30.095074] [WARN] Disk space low
[2025-11-07T11:40:30.095060] [INFO] Cache hit
[2025-11-07T11:40:30.095058] [INFO] Service initialized
[2025-11-07T11:40:30.095064] [INFO] Connection established
[2025-11-07T11:40:30.095079] [DEBUG] Loop iteration: 15
[2025-11-07T11:40:30.095063] [INFO] Health check passed
[2025-11-07T11:40:30.095084] [DEBUG] Entering function process_data()
[2025-11-07T11:40:30.095077] [ERROR] Authentication failed
[2025-11-07T11:40:30.095062] [INFO] Health check passed
[2025-11-07T11:40:30.095076] [WARN] Cache miss
[2025-11-07T11:40:30.095075] [WARN] High memory usage detected
