[2025-11-07T11:40:29.544805] [INFO] Database query executed
[2025-11-07T11:40:29.544802] [INFO] Transaction completed
[2025-11-07T11:40:29.544792] [INFO] Cache hit
[2025-11-07T11:40:29.544795] [INFO] Request processed successfully
[2025-11-07T11:40:29.544793] [INFO] Request processed successfully
[2025-11-07T11:40:29.544820] [DEBUG] Loop iteration: 15
[2025-11-07T11:40:29.544813] [WARN] Resource threshold approaching
[2025-11-07T11:40:29.544809] [WARN] Slow query performance
[2025-11-07T11:40:29.544799] [INFO] User logged in
[2025-11-07T11:40:29.544810] [WARN] Slow query performance
[2025-11-07T11:40:29.544814] [ERROR] Memory allocation error
[2025-11-07T11:40:29.544796] [INFO] Configuration loaded
[2025-11-07T11:40:29.544819] [DEBUG] HTTP request headers parsed
[2025-11-07T11:40:29.544821] [DEBUG] Connection pool status checked
[2025-11-07T11:40:29.544815] [ERROR] Network timeout
[2025-11-07T11:40:29.544798] [INFO] Configuration loaded
[2025-11-07T11:40:29.544806] [INFO] Transaction completed
[2025-11-07T11:40:29.544808] [WARN] Slow query performance
[2025-11-07T11:40:29.544817] [DEBUG] HTTP request headers parsed
[2025-11-07T11:40:29.544812] [WARN] Connection retry attempt
[2025-11-07T11:40:29.544803] [INFO] Session started
[2025-11-07T11:40:29.544807] [INFO] Cache hit
[2025-11-07T11:40:29.544816] [DEBUG] Buffer size: 4096 bytes
[2025-11-07T11:40:29.544818] [DEBUG] HTTP request headers parsed
[2025-11-07T11:40:29.544794] [INFO] Cache hit
[2025-11-07T11:40:29.544801] [INFO] Transaction completed
[2025-11-07T11:40:29.544804] [INFO] Database query executed
[2025-11-07T11:40:29.544797] [INFO] Configuration loaded
[2025-11-07T11:40:29.544811] [WARN] Disk space low
[2025-11-07T11:40:29.544800] [INFO] Connection established
