[2025-11-07T11:40:29.382683] [INFO] Transaction completed
[2025-11-07T11:40:29.382696] [INFO] Connection established
[2025-11-07T11:40:29.382687] [INFO] Cache hit
[2025-11-07T11:40:29.382705] [DEBUG] Variable value: x=42
[2025-11-07T11:40:29.382688] [INFO] Service initialized
[2025-11-07T11:40:29.382708] [DEBUG] Cache key generated
[2025-11-07T11:40:29.382685] [INFO] Health check passed
[2025-11-07T11:40:29.382712] [DEBUG] Loop iteration: 15
[2025-11-07T11:40:29.382714] [DEBUG] Variable value: x=42
[2025-11-07T11:40:29.382703] [ERROR] Network timeout
[2025-11-07T11:40:29.382701] [WARN] High memory usage detected
[2025-11-07T11:40:29.382698] [WARN] Cache miss
[2025-11-07T11:40:29.382700] [WARN] Deprecated API usage
[2025-11-07T11:40:29.382692] [INFO] Session started
[2025-11-07T11:40:29.382686] [INFO] Health check passed
[2025-11-07T11:40:29.382704] [ERROR] Permission denied
[2025-11-07T11:40:29.382690] [INFO] Service initialized
[2025-11-07T11:40:29.382697] [INFO] Transaction completed
[2025-11-07T11:40:29.382706] [DEBUG] Cache key generated
[2025-11-07T11:40:29.382694] [INFO] Session started
[2025-11-07T11:40:29.382689] [INFO] Transaction completed
[2025-11-07T11:40:29.382702] [WARN] Timeout warning
[2025-11-07T11:40:29.382713] [DEBUG] Variable value: x=42
[2025-11-07T11:40:29.382699] [WARN] Cache miss
[2025-11-07T11:40:29.382695] [INFO] Session started
[2025-11-07T11:40:29.382707] [DEBUG] Entering function process_data()
[2025-11-07T11:40:29.382691] [INFO] Health check passed
[2025-11-07T11:40:29.382693] [INFO] User logged in
[2025-11-07T11:40:29.382711] [DEBUG] Timer set: 30 seconds
[2025-11-07T11:40:29.382710] [DEBUG] Cache key generated
