[2025-11-07T11:40:29.823556] [ERROR] Disk read failed
[2025-11-07T11:40:29.823532] [INFO] User logged in
[2025-11-07T11:40:29.823546] [INFO] Service initialized
[2025-11-07T11:40:29.823559] [DEBUG] Loop iteration: 15
[2025-11-07T11:40:29.823562] [DEBUG] Memory allocation: 2048 bytes
[2025-11-07T11:40:29.823533] [INFO] Service initialized
[2025-11-07T11:40:29.823529] [INFO] Transaction completed
[2025-11-07T11:40:29.823549] [INFO] Database query executed
[2025-11-07T11:40:29.823530] [INFO] Configuration loaded
[2025-11-07T11:40:29.823531] [INFO] Connection established
[2025-11-07T11:40:29.823550] [WARN] Slow query performance
[2025-11-07T11:40:29.823552] [WARN] Deprecated API usage
[2025-11-07T11:40:29.823543] [INFO] Session started
[2025-11-07T11:40:29.823554] [WARN] Queue size growing
[2025-11-07T11:40:29.823561] [DEBUG] HTTP request headers parsed
[2025-11-07T11:40:29.823565] [DEBUG] Loop iteration: 15
[2025-11-07T11:40:29.823560] [DEBUG] Buffer size: 4096 bytes
[2025-11-07T11:40:29.823563] [DEBUG] Connection pool status checked
[2025-11-07T11:40:29.823555] [ERROR] Disk read failed
[2025-11-07T11:40:29.823553] [WARN] Resource threshold approaching
[2025-11-07T11:40:29.823558] [DEBUG] Timer set: 30 seconds
[2025-11-07T11:40:29.823545] [INFO] Request processed successfully
[2025-11-07T11:40:29.823551] [WARN] Cache miss
[2025-11-07T11:40:29.823528] [INFO] Session started
[2025-11-07T11:40:29.823557] [DEBUG] HTTP request headers parsed
[2025-11-07T11:40:29.823548] [INFO] Connection established
[2025-11-07T11:40:29.823564] [DEBUG] HTTP request headers parsed
[2025-11-07T11:40:29.823547] [INFO] Configuration loaded
[2025-11-07T11:40:29.823544] [INFO] Configuration loaded
