[2025-11-07T11:40:29.792917] [INFO] Request processed successfully
[2025-11-07T11:40:29.792933] [DEBUG] Variable value: x=42
[2025-11-07T11:40:29.792938] [DEBUG] Thread pool size: 8
[2025-11-07T11:40:29.792929] [WARN] Timeout warning
[2025-11-07T11:40:29.792935] [DEBUG] Loop iteration: 15
[2025-11-07T11:40:29.792924] [INFO] Cache hit
[2025-11-07T11:40:29.792913] [INFO] Health check passed
[2025-11-07T11:40:29.792912] [INFO] Session started
[2025-11-07T11:40:29.792936] [DEBUG] Memory allocation: 2048 bytes
[2025-11-07T11:40:29.792920] [INFO] Request processed successfully
[2025-11-07T11:40:29.792940] [DEBUG] Connection pool status checked
[2025-11-07T11:40:29.792939] [DEBUG] Memory allocation: 2048 bytes
[2025-11-07T11:40:29.792911] [INFO] Configuration loaded
[2025-11-07T11:40:29.792941] [DEBUG] Thread pool size: 8
[2025-11-07T11:40:29.792937] [DEBUG] Memory allocation: 2048 bytes
[2025-11-07T11:40:29.792918] [INFO] Health check passed
[2025-11-07T11:40:29.792934] [DEBUG] Timer set: 30 seconds
[2025-11-07T11:40:29.792923] [INFO] Service initialized
[2025-11-07T11:40:29.792922] [INFO] Connection established
[2025-11-07T11:40:29.792921] [INFO] Service initialized
[2025-11-07T11:40:29.792930] [WARN] Resource threshold approaching
[2025-11-07T11:40:29.792916] [INFO] Connection established
[2025-11-07T11:40:29.792928] [WARN] Disk space low
[2025-11-07T11:40:29.792931] [ERROR] Network timeout
[2025-11-07T11:40:29.792915] [INFO] User logged in
[2025-11-07T11:40:29.792925] [INFO] Service initialized
[2025-11-07T11:40:29.792909] [INFO] Request processed successfully
[2025-11-07T11:40:29.792927] [WARN] Connection retry attempt
[2025-11-07T11:40:29.792910] [INFO] Database query executed
[2025-11-07T11:40:29.792919] [INFO] Transaction completed
[2025-11-07T11:40:29.792932] [ERROR] Disk read failed
[2025-11-07T11:40:29.792926] [INFO] Transaction completed
