[2025-11-07T11:40:29.357564] [DEBUG] Connection pool status checked
[2025-11-07T11:40:29.357561] [ERROR] Database connection lost
[2025-11-07T11:40:29.357542] [INFO] Cache hit
[2025-11-07T11:40:29.357539] [INFO] Configuration loaded
[2025-11-07T11:40:29.357568] [DEBUG] Entering function process_data()
[2025-11-07T11:40:29.357565] [DEBUG] HTTP request headers parsed
[2025-11-07T11:40:29.357557] [WARN] Rate limit approaching
[2025-11-07T11:40:29.357572] [DEBUG] Entering function process_data()
[2025-11-07T11:40:29.357564] [DEBUG] Loop iteration: 15
[2025-11-07T11:40:29.357552] [INFO] Health check passed
[2025-11-07T11:40:29.357543] [INFO] User logged in
[2025-11-07T11:40:29.357554] [INFO] Request processed successfully
[2025-11-07T11:40:29.357560] [WARN] Slow query performance
[2025-11-07T11:40:29.357558] [WARN] Timeout warning
[2025-11-07T11:40:29.357551] [INFO] Connection established
[2025-11-07T11:40:29.357559] [WARN] Queue size growing
[2025-11-07T11:40:29.357567] [DEBUG] Memory allocation: 2048 bytes
[2025-11-07T11:40:29.357541] [INFO] Health check passed
[2025-11-07T11:40:29.357555] [INFO] Database query executed
[2025-11-07T11:40:29.357570] [DEBUG] Timer set: 30 seconds
[2025-11-07T11:40:29.357550] [INFO] Cache hit
[2025-11-07T11:40:29.357549] [INFO] Service initialized
[2025-11-07T11:40:29.357567] [DEBUG] Loop iteration: 15
[2025-11-07T11:40:29.357570] [DEBUG] Cache key generated
[2025-11-07T11:40:29.357556] [INFO] Connection established
[2025-11-07T11:40:29.357548] [INFO] Database query executed
[2025-11-07T11:40:29.357546] [INFO] Request processed successfully
[2025-11-07T11:40:29.357553] [INFO] Cache hit
[2025-11-07T11:40:29.357547] [INFO] Configuration loaded
[2025-11-07T11:40:29.357544] [INFO] Configuration loaded
[2025-11-07T11:40:29.357562] [ERROR] File not found
[2025-11-07T11:40:29.357545] [INFO] Transaction completed
