[2025-11-07T11:40:29.684723] [DEBUG] Cache key generated
[2025-11-07T11:40:29.684727] [DEBUG] Connection pool status checked
[2025-11-07T11:40:29.684702] [INFO] Cache hit
[2025-11-07T11:40:29.684713] [WARN] Queue size growing
[2025-11-07T11:40:29.684703] [INFO] Transaction completed
[2025-11-07T11:40:29.684701] [INFO] User logged in
[2025-11-07T11:40:29.684715] [WARN] Connection retry attempt
[2025-11-07T11:40:29.684717] [WARN] Resource threshold approaching
[2025-11-07T11:40:29.684700] [INFO] Database query executed
[2025-11-07T11:40:29.684704] [INFO] User logged in
[2025-11-07T11:40:29.684728] [DEBUG] Entering function process_data()
[2025-11-07T11:40:29.684697] [INFO] Cache hit
[2025-11-07T11:40:29.684696] [INFO] Cache hit
[2025-11-07T11:40:29.684720] [DEBUG] Timer set: 30 seconds
[2025-11-07T11:40:29.684716] [WARN] Timeout warning
[2025-11-07T11:40:29.684719] [ERROR] Memory allocation error
[2025-11-07T11:40:29.684726] [DEBUG] Entering function process_data()
[2025-11-07T11:40:29.684706] [INFO] Connection established
[2025-11-07T11:40:29.684709] [WARN] Timeout warning
[2025-11-07T11:40:29.684721] [DEBUG] Cache key generated
[2025-11-07T11:40:29.684724] [DEBUG] Timer set: 30 seconds
[2025-11-07T11:40:29.684711] [WARN] Slow query performance
[2025-11-07T11:40:29.684693] [INFO] Transaction completed
[2025-11-07T11:40:29.684722] [DEBUG] Cache key generated
[2025-11-07T11:40:29.684708] [INFO] Database query executed
[2025-11-07T11:40:29.684730] [DEBUG] Thread pool size: 8
[2025-11-07T11:40:29.684714] [WARN] Queue size growing
[2025-11-07T11:40:29.684705] [INFO] User logged in
[2025-11-07T11:40:29.684699] [INFO] Session started
[2025-11-07T11:40:29.684698] [INFO] Configuration loaded
[2025-11-07T11:40:29.684695] [INFO] Request processed successfully
[2025-11-07T11:40:29.684729] [DEBUG] Memory allocation: 2048 bytes
[2025-11-07T11:40:29.684732] [DEBUG] Connection pool status checked
[2025-11-07T11:40:29.684718] [WARN] Disk space low
[2025-11-07T11:40:29.684725] [DEBUG] Buffer size: 4096 bytes
[2025-11-07T11:40:29.684710] [WARN] Queue size growing
[2025-11-07T11:40:29.684712] [WARN] Disk space low
[2025-11-07T11:40:29.684731] [DEBUG] Memory allocation: 2048 bytes
[2025-11-07T11:40:29.684707] [INFO] Transaction completed
