[2025-11-07T11:40:30.024778] [DEBUG] Variable value: x=42
[2025-11-07T11:40:30.024777] [DEBUG] Connection pool status checked
[2025-11-07T11:40:30.024772] [DEBUG] Timer set: 30 seconds
[2025-11-07T11:40:30.024768] [WARN] Queue size growing
[2025-11-07T11:40:30.024759] [INFO] User logged in
[2025-11-07T11:40:30.024766] [INFO] Database query executed
[2025-11-07T11:40:30.024763] [INFO] Connection established
[2025-11-07T11:40:30.024751] [INFO] Health check passed
[2025-11-07T11:40:30.024775] [DEBUG] Memory allocation: 2048 bytes
[2025-11-07T11:40:30.024762] [INFO] Configuration loaded
[2025-11-07T11:40:30.024754] [INFO] Transaction completed
[2025-11-07T11:40:30.024755] [INFO] Connection established
[2025-11-07T11:40:30.024761] [INFO] Session started
[2025-11-07T11:40:30.024753] [INFO] Service initialized
[2025-11-07T11:40:30.024773] [DEBUG] Timer set: 30 seconds
[2025-11-07T11:40:30.024758] [INFO] Configuration loaded
[2025-11-07T11:40:30.024770] [WARN] High memory usage detected
[2025-11-07T11:40:30.024764] [INFO] Cache hit
[2025-11-07T11:40:30.024757] [INFO] Session started
[2025-11-07T11:40:30.024779] [DEBUG] Loop iteration: 15
[2025-11-07T11:40:30.024771] [ERROR] File not found
[2025-11-07T11:40:30.024780] [DEBUG] HTTP request headers parsed
[2025-11-07T11:40:30.024767] [WARN] Connection retry attempt
[2025-11-07T11:40:30.024769] [WARN] Connection retry attempt
[2025-11-07T11:40:30.024760] [INFO] Cache hit
[2025-11-07T11:40:30.024776] [DEBUG] Cache key generated
[2025-11-07T11:40:30.024765] [INFO] Cache hit
[2025-11-07T11:40:30.024756] [INFO] Transaction completed
