[2025-11-07T11:40:29.332663] [INFO] Configuration loaded
[2025-11-07T11:40:29.332678] [DEBUG] Buffer size: 4096 bytes
[2025-11-07T11:40:29.332655] [INFO] Configuration loaded
[2025-11-07T11:40:29.332680] [DEBUG] HTTP request headers parsed
[2025-11-07T11:40:29.332669] [WARN] High memory usage detected
[2025-11-07T11:40:29.332675] [DEBUG] Memory allocation: 2048 bytes
[2025-11-07T11:40:29.332667] [WARN] Resource threshold approaching
[2025-11-07T11:40:29.332671] [ERROR] File not found
[2025-11-07T11:40:29.332676] [DEBUG] Loop iteration: 15
[2025-11-07T11:40:29.332668] [WARN] Rate limit approaching
[2025-11-07T11:40:29.332670] [WARN] Deprecated API usage
[2025-11-07T11:40:29.332656] [INFO] Transaction completed
[2025-11-07T11:40:29.332660] [INFO] Request processed successfully
[2025-11-07T11:40:29.332649] [INFO] Transaction completed
[2025-11-07T11:40:29.332661] [INFO] Session started
[2025-11-07T11:40:29.332666] [WARN] Rate limit approaching
[2025-11-07T11:40:29.332678] [DEBUG] Cache key generated
[2025-11-07T11:40:29.332650] [INFO] Health check passed
[2025-11-07T11:40:29.332658] [INFO] Transaction completed
[2025-11-07T11:40:29.332652] [INFO] Session started
[2025-11-07T11:40:29.332651] [INFO] Transaction completed
[2025-11-07T11:40:29.332659] [INFO] User logged in
[2025-11-07T11:40:29.332662] [INFO] Health check passed
[2025-11-07T11:40:29.332674] [DEBUG] Variable value: x=42
[2025-11-07T11:40:29.332653] [INFO] User logged in
[2025-11-07T11:40:29.332664] [INFO] Cache hit
[2025-11-07T11:40:29.332679] [DEBUG] Entering function process_data()
[2025-11-07T11:40:29.332672] [DEBUG] Connection pool status checked
[2025-11-07T11:40:29.332673] [DEBUG] Timer set: 30 seconds
[2025-11-07T11:40:29.332655] [INFO] Service initialized
[2025-11-07T11:40:29.332677] [DEBUG] Loop iteration: 15
[2025-11-07T11:40:29.332665] [INFO] Request processed successfully
[2025-11-07T11:40:29.332657] [INFO] Connection established
