[2025-11-07T11:40:29.402374] [WARN] Rate limit approaching
[2025-11-07T11:40:29.402365] [INFO] Session started
[2025-11-07T11:40:29.402368] [INFO] Transaction completed
[2025-11-07T11:40:29.402356] [INFO] Health check passed
[2025-11-07T11:40:29.402376] [ERROR] Authentication failed
[2025-11-07T11:40:29.402361] [INFO] Service initialized
[2025-11-07T11:40:29.402380] [DEBUG] Timer set: 30 seconds
[2025-11-07T11:40:29.402358] [INFO] User logged in
[2025-11-07T11:40:29.402370] [WARN] Timeout warning
[2025-11-07T11:40:29.402373] [WARN] Connection retry attempt
[2025-11-07T11:40:29.402372] [WARN] Cache miss
[2025-11-07T11:40:29.402382] [DEBUG] Connection pool status checked
[2025-11-07T11:40:29.402382] [DEBUG] Timer set: 30 seconds
[2025-11-07T11:40:29.402379] [DEBUG] HTTP request headers parsed
[2025-11-07T11:40:29.402381] [DEBUG] HTTP request headers parsed
[2025-11-07T11:40:29.402355] [INFO] Cache hit
[2025-11-07T11:40:29.402369] [INFO] Configuration loaded
[2025-11-07T11:40:29.402371] [WARN] Queue size growing
[2025-11-07T11:40:29.402362] [INFO] Session started
[2025-11-07T11:40:29.402360] [INFO] Request processed successfully
[2025-11-07T11:40:29.402383] [DEBUG] Memory allocation: 2048 bytes
[2025-11-07T11:40:29.402359] [INFO] Database query executed
[2025-11-07T11:40:29.402357] [INFO] Service initialized
[2025-11-07T11:40:29.402364] [INFO] Connection established
[2025-11-07T11:40:29.402375] [ERROR] Service unavailable
[2025-11-07T11:40:29.402367] [INFO] Health check passed
[2025-11-07T11:40:29.402366] [INFO] Configuration loaded
[2025-11-07T11:40:29.402363] [INFO] Connection established
[2025-11-07T11:40:29.402378] [DEBUG] Memory allocation: 2048 bytes
