[2025-11-07T11:40:29.715432] [INFO] Request processed successfully
[2025-11-07T11:40:29.715443] [DEBUG] Variable value: x=42
[2025-11-07T11:40:29.715438] [WARN] High memory usage detected
[2025-11-07T11:40:29.715423] [INFO] Connection established
[2025-11-07T11:40:29.715425] [INFO] Configuration loaded
[2025-11-07T11:40:29.715433] [INFO] Configuration loaded
[2025-11-07T11:40:29.715445] [DEBUG] Thread pool size: 8
[2025-11-07T11:40:29.715435] [WARN] Connection retry attempt
[2025-11-07T11:40:29.715436] [WARN] High memory usage detected
[2025-11-07T11:40:29.715442] [DEBUG] Buffer size: 4096 bytes
[2025-11-07T11:40:29.715420] [INFO] Transaction completed
[2025-11-07T11:40:29.715424] [INFO] Cache hit
[2025-11-07T11:40:29.715431] [INFO] Transaction completed
[2025-11-07T11:40:29.715427] [INFO] Database query executed
[2025-11-07T11:40:29.715434] [INFO] Health check passed
[2025-11-07T11:40:29.715437] [WARN] Rate limit approaching
[2025-11-07T11:40:29.715446] [DEBUG] HTTP request headers parsed
[2025-11-07T11:40:29.715448] [DEBUG] HTTP request headers parsed
[2025-11-07T11:40:29.715440] [ERROR] Authentication failed
[2025-11-07T11:40:29.715450] [DEBUG] Thread pool size: 8
[2025-11-07T11:40:29.715422] [INFO] Service initialized
[2025-11-07T11:40:29.715428] [INFO] Health check passed
[2025-11-07T11:40:29.715430] [INFO] Session started
[2025-11-07T11:40:29.715439] [ERROR] Authentication failed
[2025-11-07T11:40:29.715421] [INFO] Session started
[2025-11-07T11:40:29.715426] [INFO] Transaction completed
[2025-11-07T11:40:29.715444] [DEBUG] Loop iteration: 15
[2025-11-07T11:40:29.715451] [DEBUG] HTTP request headers parsed
[2025-11-07T11:40:29.715449] [DEBUG] Variable value: x=42
[2025-11-07T11:40:29.715429] [INFO] User logged in
[2025-11-07T11:40:29.715447] [DEBUG] Buffer size: 4096 bytes
[2025-11-07T11:40:29.715441] [DEBUG] Cache key generated
[2025-11-07T11:40:29.715452] [DEBUG] Loop iteration: 15
