[2025-11-07T11:40:30.175099] [DEBUG] Buffer size: 4096 bytes
[2025-11-07T11:40:30.175100] [DEBUG] Variable value: x=42
[2025-11-07T11:40:30.175074] [INFO] Service initialized
[2025-11-07T11:40:30.175091] [WARN] Deprecated API usage
[2025-11-07T11:40:30.175088] [INFO] Configuration loaded
[2025-11-07T11:40:30.175077] [INFO] Cache hit
[2025-11-07T11:40:30.175078] [INFO] Transaction completed
[2025-11-07T11:40:30.175098] [DEBUG] Connection pool status checked
[2025-11-07T11:40:30.175096] [DEBUG] HTTP request headers parsed
[2025-11-07T11:40:30.175080] [INFO] Connection established
[2025-11-07T11:40:30.175104] [DEBUG] Thread pool size: 8
[2025-11-07T11:40:30.175092] [ERROR] Request failed
[2025-11-07T11:40:30.175103] [DEBUG] Connection pool status checked
[2025-11-07T11:40:30.175097] [DEBUG] Memory allocation: 2048 bytes
[2025-11-07T11:40:30.175080] [INFO] User logged in
[2025-11-07T11:40:30.175083] [INFO] Session started
[2025-11-07T11:40:30.175085] [INFO] Configuration loaded
[2025-11-07T11:40:30.175090] [WARN] Disk space low
[2025-11-07T11:40:30.175081] [INFO] User logged in
[2025-11-07T11:40:30.175102] [DEBUG] Cache key generated
[2025-11-07T11:40:30.175105] [DEBUG] Memory allocation: 2048 bytes
[2025-11-07T11:40:30.175078] [INFO] Session started
[2025-11-07T11:40:30.175089] [WARN] Disk space low
[2025-11-07T11:40:30.175093] [ERROR] Request failed
[2025-11-07T11:40:30.175075] [INFO] Database query executed
[2025-11-07T11:40:30.175095] [DEBUG] HTTP request headers parsed
[2025-11-07T11:40:30.175084] [INFO] Session started
[2025-11-07T11:40:30.175101] [DEBUG] HTTP request headers parsed
[2025-11-07T11:40:30.175087] [INFO] Cache hit
[2025-11-07T11:40:30.175086] [INFO] Database query executed
[2025-11-07T11:40:30.175082] [INFO] Cache hit
[2025-11-07T11:40:30.175095] [DEBUG] Cache key generated
