[2025-11-07T11:40:29.576835] [INFO] Session started
[2025-11-07T11:40:29.576831] [INFO] Transaction completed
[2025-11-07T11:40:29.576834] [INFO] User logged in
[2025-11-07T11:40:29.576844] [DEBUG] Loop iteration: 15
[2025-11-07T11:40:29.576847] [DEBUG] Cache key generated
[2025-11-07T11:40:29.576825] [INFO] Database query executed
[2025-11-07T11:40:29.576828] [INFO] Cache hit
[2025-11-07T11:40:29.576846] [DEBUG] Memory allocation: 2048 bytes
[2025-11-07T11:40:29.576826] [INFO] Database query executed
[2025-11-07T11:40:29.576833] [INFO] Session started
[2025-11-07T11:40:29.576828] [INFO] Request processed successfully
[2025-11-07T11:40:29.576823] [INFO] Transaction completed
[2025-11-07T11:40:29.576837] [WARN] Rate limit approaching
[2025-11-07T11:40:29.576840] [ERROR] Disk read failed
[2025-11-07T11:40:29.576824] [INFO] Cache hit
[2025-11-07T11:40:29.576845] [DEBUG] Buffer size: 4096 bytes
[2025-11-07T11:40:29.576838] [WARN] Disk space low
[2025-11-07T11:40:29.576839] [ERROR] Service unavailable
[2025-11-07T11:40:29.576832] [INFO] Connection established
[2025-11-07T11:40:29.576843] [DEBUG] Entering function process_data()
[2025-11-07T11:40:29.576822] [INFO] Health check passed
[2025-11-07T11:40:29.576841] [DEBUG] Buffer size: 4096 bytes
[2025-11-07T11:40:29.576836] [INFO] Session started
[2025-11-07T11:40:29.576829] [INFO] Session started
[2025-11-07T11:40:29.576830] [INFO] Session started
