[2025-11-07T11:40:29.893497] [DEBUG] Thread pool size: 8
[2025-11-07T11:40:29.893481] [INFO] Cache hit
[2025-11-07T11:40:29.893498] [DEBUG] Variable value: x=42
[2025-11-07T11:40:29.893487] [WARN] Queue size growing
[2025-11-07T11:40:29.893473] [INFO] Request processed successfully
[2025-11-07T11:40:29.893471] [INFO] Cache hit
[2025-11-07T11:40:29.893495] [DEBUG] Thread pool size: 8
[2025-11-07T11:40:29.893485] [WARN] Disk space low
[2025-11-07T11:40:29.893499] [DEBUG] Cache key generated
[2025-11-07T11:40:29.893489] [WARN] Slow query performance
[2025-11-07T11:40:29.893480] [INFO] Configuration loaded
[2025-11-07T11:40:29.893490] [WARN] Timeout warning
[2025-11-07T11:40:29.893502] [DEBUG] Timer set: 30 seconds
[2025-11-07T11:40:29.893479] [INFO] Database query executed
[2025-11-07T11:40:29.893475] [INFO] Request processed successfully
[2025-11-07T11:40:29.893483] [INFO] Database query executed
[2025-11-07T11:40:29.893477] [INFO] Cache hit
[2025-11-07T11:40:29.893491] [WARN] Disk space low
[2025-11-07T11:40:29.893484] [INFO] Configuration loaded
[2025-11-07T11:40:29.893502] [DEBUG] Thread pool size: 8
[2025-11-07T11:40:29.893478] [INFO] Configuration loaded
[2025-11-07T11:40:29.893500] [DEBUG] HTTP request headers parsed
[2025-11-07T11:40:29.893496] [DEBUG] Connection pool status checked
[2025-11-07T11:40:29.893472] [INFO] Service initialized
[2025-11-07T11:40:29.893501] [DEBUG] Loop iteration: 15
[2025-11-07T11:40:29.893476] [INFO] Cache hit
[2025-11-07T11:40:29.893486] [WARN] Queue size growing
[2025-11-07T11:40:29.893492] [ERROR] Request failed
[2025-11-07T11:40:29.893474] [INFO] Configuration loaded
[2025-11-07T11:40:29.893488] [WARN] Queue size growing
[2025-11-07T11:40:29.893482] [INFO] Connection established
[2025-11-07T11:40:29.893493] [ERROR] Network timeout
