[2025-11-07T11:40:30.371332] [INFO] Configuration loaded
[2025-11-07T11:40:30.371352] [DEBUG] Variable value: x=42
[2025-11-07T11:40:30.371345] [ERROR] Service unavailable
[2025-11-07T11:40:30.371340] [WARN] Deprecated API usage
[2025-11-07T11:40:30.371323] [INFO] User logged in
[2025-11-07T11:40:30.371356] [DEBUG] Entering function process_data()
[2025-11-07T11:40:30.371337] [INFO] Session started
[2025-11-07T11:40:30.371325] [INFO] Configuration loaded
[2025-11-07T11:40:30.371349] [DEBUG] Entering function process_data()
[2025-11-07T11:40:30.371357] [DEBUG] Timer set: 30 seconds
[2025-11-07T11:40:30.371355] [DEBUG] Thread pool size: 8
[2025-11-07T11:40:30.371328] [INFO] Request processed successfully
[2025-11-07T11:40:30.371338] [WARN] Disk space low
[2025-11-07T11:40:30.371331] [INFO] Session started
[2025-11-07T11:40:30.371326] [INFO] Request processed successfully
[2025-11-07T11:40:30.371329] [INFO] Connection established
[2025-11-07T11:40:30.371346] [DEBUG] Thread pool size: 8
[2025-11-07T11:40:30.371354] [DEBUG] Entering function process_data()
[2025-11-07T11:40:30.371341] [WARN] Slow query performance
[2025-11-07T11:40:30.371330] [INFO] Service initialized
[2025-11-07T11:40:30.371342] [WARN] Slow query performance
[2025-11-07T11:40:30.371337] [INFO] Service initialized
[2025-11-07T11:40:30.371351] [DEBUG] Loop iteration: 15
[2025-11-07T11:40:30.371335] [INFO] Transaction completed
[2025-11-07T11:40:30.371350] [DEBUG] Loop iteration: 15
[2025-11-07T11:40:30.371333] [INFO] Service initialized
[2025-11-07T11:40:30.371341] [WARN] Cache miss
[2025-11-07T11:40:30.371334] [INFO] Request processed successfully
[2025-11-07T11:40:30.371327] [INFO] Database query executed
[2025-11-07T11:40:30.371353] [DEBUG] HTTP request headers parsed
[2025-11-07T11:40:30.371336] [INFO] Health check passed
[2025-11-07T11:40:30.371344] [ERROR] Memory allocation error
[2025-11-07T11:40:30.371348] [DEBUG] Loop iteration: 15
[2025-11-07T11:40:30.371347] [DEBUG] Buffer size: 4096 bytes
