[2025-11-07T11:40:30.224592] [ERROR] File not found
[2025-11-07T11:40:30.224578] [INFO] Session started
[2025-11-07T11:40:30.224572] [INFO] Request processed successfully
[2025-11-07T11:40:30.224584] [INFO] Service initialized
[2025-11-07T11:40:30.224601] [DEBUG] Thread pool size: 8
[2025-11-07T11:40:30.224585] [INFO] Configuration loaded
[2025-11-07T11:40:30.224593] [ERROR] Database connection lost
[2025-11-07T11:40:30.224581] [INFO] Request processed successfully
[2025-11-07T11:40:30.224588] [INFO] Health check passed
[2025-11-07T11:40:30.224583] [INFO] Session started
[2025-11-07T11:40:30.224595] [DEBUG] Buffer size: 4096 bytes
[2025-11-07T11:40:30.224579] [INFO] User logged in
[2025-11-07T11:40:30.224597] [DEBUG] Cache key generated
[2025-11-07T11:40:30.224596] [DEBUG] Loop iteration: 15
[2025-11-07T11:40:30.224599] [DEBUG] HTTP request headers parsed
[2025-11-07T11:40:30.224576] [INFO] Database query executed
[2025-11-07T11:40:30.224604] [DEBUG] Variable value: x=42
[2025-11-07T11:40:30.224591] [WARN] Deprecated API usage
[2025-11-07T11:40:30.224582] [INFO] Transaction completed
[2025-11-07T11:40:30.224590] [INFO] Session started
[2025-11-07T11:40:30.224574] [INFO] Configuration loaded
[2025-11-07T11:40:30.224585] [INFO] Configuration loaded
[2025-11-07T11:40:30.224598] [DEBUG] Buffer size: 4096 bytes
[2025-11-07T11:40:30.224586] [INFO] Connection established
[2025-11-07T11:40:30.224589] [INFO] Database query executed
[2025-11-07T11:40:30.224600] [DEBUG] Buffer size: 4096 bytes
[2025-11-07T11:40:30.224596] [DEBUG] Variable value: x=42
[2025-11-07T11:40:30.224577] [INFO] User logged in
[2025-11-07T11:40:30.224603] [DEBUG] Entering function process_data()
[2025-11-07T11:40:30.224587] [INFO] User logged in
