[2025-11-07T11:40:30.362320] [DEBUG] Buffer size: 4096 bytes
[2025-11-07T11:40:30.362312] [INFO] Health check passed
[2025-11-07T11:40:30.362299] [INFO] User logged in
[2025-11-07T11:40:30.362326] [DEBUG] Connection pool status checked
[2025-11-07T11:40:30.362315] [WARN] Timeout warning
[2025-11-07T11:40:30.362325] [DEBUG] Cache key generated
[2025-11-07T11:40:30.362308] [INFO] User logged in
[2025-11-07T11:40:30.362307] [INFO] Service initialized
[2025-11-07T11:40:30.362305] [INFO] Service initialized
[2025-11-07T11:40:30.362309] [INFO] Service initialized
[2025-11-07T11:40:30.362300] [INFO] Transaction completed
[2025-11-07T11:40:30.362322] [DEBUG] Entering function process_data()
[2025-11-07T11:40:30.362319] [DEBUG] Buffer size: 4096 bytes
[2025-11-07T11:40:30.362311] [INFO] Configuration loaded
[2025-11-07T11:40:30.362301] [INFO] Health check passed
[2025-11-07T11:40:30.362302] [INFO] Request processed successfully
[2025-11-07T11:40:30.362297] [INFO] Health check passed
[2025-11-07T11:40:30.362318] [DEBUG] Variable value: x=42
[2025-11-07T11:40:30.362323] [DEBUG] Connection pool status checked
[2025-11-07T11:40:30.362316] [WARN] High memory usage detected
[2025-11-07T11:40:30.362317] [ERROR] Network timeout
[2025-11-07T11:40:30.362306] [INFO] Cache hit
[2025-11-07T11:40:30.362310] [INFO] Session started
[2025-11-07T11:40:30.362313] [INFO] Transaction completed
[2025-11-07T11:40:30.362304] [INFO] Connection established
[2025-11-07T11:40:30.362324] [DEBUG] Loop iteration: 15
[2025-11-07T11:40:30.362303] [INFO] Service initialized
[2025-11-07T11:40:30.362314] [WARN] Queue size growing
[2025-11-07T11:40:30.362321] [DEBUG] Timer set: 30 seconds
