[2025-11-07T11:40:30.316000] [DEBUG] Cache key generated
[2025-11-07T11:40:30.315973] [INFO] Database query executed
[2025-11-07T11:40:30.315990] [WARN] Cache miss
[2025-11-07T11:40:30.315986] [INFO] Transaction completed
[2025-11-07T11:40:30.315976] [INFO] Service initialized
[2025-11-07T11:40:30.315979] [INFO] Transaction completed
[2025-11-07T11:40:30.315978] [INFO] Connection established
[2025-11-07T11:40:30.315977] [INFO] Configuration loaded
[2025-11-07T11:40:30.315993] [ERROR] File not found
[2025-11-07T11:40:30.315983] [INFO] Cache hit
[2025-11-07T11:40:30.315999] [DEBUG] Entering function process_data()
[2025-11-07T11:40:30.315995] [ERROR] Request failed
[2025-11-07T11:40:30.315971] [INFO] Configuration loaded
[2025-11-07T11:40:30.315974] [INFO] Cache hit
[2025-11-07T11:40:30.315980] [INFO] Service initialized
[2025-11-07T11:40:30.315984] [INFO] Transaction completed
[2025-11-07T11:40:30.316005] [DEBUG] Connection pool status checked
[2025-11-07T11:40:30.316001] [DEBUG] Timer set: 30 seconds
[2025-11-07T11:40:30.315994] [ERROR] Service unavailable
[2025-11-07T11:40:30.316002] [DEBUG] HTTP request headers parsed
[2025-11-07T11:40:30.315991] [WARN] Connection retry attempt
[2025-11-07T11:40:30.315982] [INFO] Cache hit
[2025-11-07T11:40:30.316006] [DEBUG] Memory allocation: 2048 bytes
[2025-11-07T11:40:30.315985] [INFO] User logged in
[2025-11-07T11:40:30.315996] [DEBUG] Buffer size: 4096 bytes
[2025-11-07T11:40:30.315998] [DEBUG] Memory allocation: 2048 bytes
[2025-11-07T11:40:30.315989] [WARN] Connection retry attempt
[2025-11-07T11:40:30.316003] [DEBUG] Entering function process_data()
[2025-11-07T11:40:30.315987] [INFO] Cache hit
[2025-11-07T11:40:30.315975] [INFO] User logged in
[2025-11-07T11:40:30.315997] [DEBUG] Thread pool size: 8
[2025-11-07T11:40:30.315981] [INFO] Database query executed
[2025-11-07T11:40:30.315972] [INFO] Service initialized
[2025-11-07T11:40:30.315990] [WARN] Slow query performance
[2025-11-07T11:40:30.316004] [DEBUG] Cache key generated
