[2025-11-07T11:40:30.087897] [INFO] Session started
[2025-11-07T11:40:30.087890] [INFO] User logged in
[2025-11-07T11:40:30.087908] [DEBUG] HTTP request headers parsed
[2025-11-07T11:40:30.087901] [INFO] Transaction completed
[2025-11-07T11:40:30.087903] [ERROR] Database connection lost
[2025-11-07T11:40:30.087888] [INFO] Session started
[2025-11-07T11:40:30.087909] [DEBUG] Thread pool size: 8
[2025-11-07T11:40:30.087906] [DEBUG] Entering function process_data()
[2025-11-07T11:40:30.087885] [INFO] User logged in
[2025-11-07T11:40:30.087892] [INFO] Request processed successfully
[2025-11-07T11:40:30.087891] [INFO] Request processed successfully
[2025-11-07T11:40:30.087894] [INFO] Transaction completed
[2025-11-07T11:40:30.087913] [DEBUG] HTTP request headers parsed
[2025-11-07T11:40:30.087907] [DEBUG] Variable value: x=42
[2025-11-07T11:40:30.087905] [DEBUG] Connection pool status checked
[2025-11-07T11:40:30.087912] [DEBUG] Cache key generated
[2025-11-07T11:40:30.087889] [INFO] Cache hit
[2025-11-07T11:40:30.087893] [INFO] Connection established
[2025-11-07T11:40:30.087914] [DEBUG] Buffer size: 4096 bytes
[2025-11-07T11:40:30.087904] [ERROR] Service unavailable
[2025-11-07T11:40:30.087910] [DEBUG] Connection pool status checked
[2025-11-07T11:40:30.087895] [INFO] Database query executed
[2025-11-07T11:40:30.087900] [INFO] Session started
[2025-11-07T11:40:30.087902] [WARN] Cache miss
[2025-11-07T11:40:30.087898] [INFO] Session started
[2025-11-07T11:40:30.087887] [INFO] Database query executed
[2025-11-07T11:40:30.087911] [DEBUG] Cache key generated
[2025-11-07T11:40:30.087896] [INFO] User logged in
[2025-11-07T11:40:30.087899] [INFO] Service initialized
