[2025-11-07T11:40:30.068171] [DEBUG] Entering function process_data()
[2025-11-07T11:40:30.068159] [INFO] Connection established
[2025-11-07T11:40:30.068157] [INFO] User logged in
[2025-11-07T11:40:30.068156] [INFO] User logged in
[2025-11-07T11:40:30.068164] [WARN] Rate limit approaching
[2025-11-07T11:40:30.068165] [WARN] Resource threshold approaching
[2025-11-07T11:40:30.068163] [WARN] Cache miss
[2025-11-07T11:40:30.068155] [INFO] Configuration loaded
[2025-11-07T11:40:30.068169] [DEBUG] Entering function process_data()
[2025-11-07T11:40:30.068173] [DEBUG] Cache key generated
[2025-11-07T11:40:30.068154] [INFO] Session started
[2025-11-07T11:40:30.068172] [DEBUG] HTTP request headers parsed
[2025-11-07T11:40:30.068162] [WARN] Disk space low
[2025-11-07T11:40:30.068170] [DEBUG] Thread pool size: 8
[2025-11-07T11:40:30.068168] [ERROR] Request failed
[2025-11-07T11:40:30.068167] [ERROR] Database connection lost
[2025-11-07T11:40:30.068174] [DEBUG] Thread pool size: 8
[2025-11-07T11:40:30.068151] [INFO] Session started
[2025-11-07T11:40:30.068175] [DEBUG] Memory allocation: 2048 bytes
[2025-11-07T11:40:30.068152] [INFO] Connection established
[2025-11-07T11:40:30.068153] [INFO] Configuration loaded
[2025-11-07T11:40:30.068158] [INFO] Transaction completed
[2025-11-07T11:40:30.068166] [WARN] Rate limit approaching
[2025-11-07T11:40:30.068161] [INFO] Connection established
[2025-11-07T11:40:30.068176] [DEBUG] Timer set: 30 seconds
[2025-11-07T11:40:30.068150] [INFO] Configuration loaded
[2025-11-07T11:40:30.068160] [INFO] Request processed successfully
[2025-11-07T11:40:30.068176] [DEBUG] HTTP request headers parsed
