[2025-11-07T11:40:29.716119] [INFO] Health check passed
[2025-11-07T11:40:29.716137] [DEBUG] Timer set: 30 seconds
[2025-11-07T11:40:29.716140] [DEBUG] Thread pool size: 8
[2025-11-07T11:40:29.716135] [DEBUG] Timer set: 30 seconds
[2025-11-07T11:40:29.716127] [WARN] Cache miss
[2025-11-07T11:40:29.716128] [WARN] Deprecated API usage
[2025-11-07T11:40:29.716126] [INFO] Transaction completed
[2025-11-07T11:40:29.716115] [INFO] Cache hit
[2025-11-07T11:40:29.716129] [WARN] Disk space low
[2025-11-07T11:40:29.716143] [DEBUG] Thread pool size: 8
[2025-11-07T11:40:29.716116] [INFO] User logged in
[2025-11-07T11:40:29.716120] [INFO] Connection established
[2025-11-07T11:40:29.716113] [INFO] Transaction completed
[2025-11-07T11:40:29.716123] [INFO] Cache hit
[2025-11-07T11:40:29.716125] [INFO] Transaction completed
[2025-11-07T11:40:29.716131] [WARN] Disk space low
[2025-11-07T11:40:29.716132] [ERROR] Disk read failed
[2025-11-07T11:40:29.716136] [DEBUG] Entering function process_data()
[2025-11-07T11:40:29.716111] [INFO] Configuration loaded
[2025-11-07T11:40:29.716121] [INFO] Service initialized
[2025-11-07T11:40:29.716141] [DEBUG] Cache key generated
[2025-11-07T11:40:29.716118] [INFO] User logged in
[2025-11-07T11:40:29.716130] [WARN] Cache miss
[2025-11-07T11:40:29.716139] [DEBUG] Buffer size: 4096 bytes
[2025-11-07T11:40:29.716122] [INFO] Configuration loaded
[2025-11-07T11:40:29.716140] [DEBUG] HTTP request headers parsed
[2025-11-07T11:40:29.716133] [ERROR] Database connection lost
[2025-11-07T11:40:29.716114] [INFO] User logged in
[2025-11-07T11:40:29.716134] [DEBUG] Entering function process_data()
[2025-11-07T11:40:29.716117] [INFO] Transaction completed
[2025-11-07T11:40:29.716124] [INFO] Database query executed
[2025-11-07T11:40:29.716142] [DEBUG] Timer set: 30 seconds
