[2025-11-07T11:40:30.279224] [INFO] User logged in
[2025-11-07T11:40:30.279239] [WARN] Resource threshold approaching
[2025-11-07T11:40:30.279248] [DEBUG] Cache key generated
[2025-11-07T11:40:30.279230] [INFO] Transaction completed
[2025-11-07T11:40:30.279232] [INFO] Session started
[2025-11-07T11:40:30.279237] [WARN] Resource threshold approaching
[2025-11-07T11:40:30.279240] [WARN] Slow query performance
[2025-11-07T11:40:30.279226] [INFO] Connection established
[2025-11-07T11:40:30.279229] [INFO] Database query executed
[2025-11-07T11:40:30.279243] [ERROR] Authentication failed
[2025-11-07T11:40:30.279242] [ERROR] Invalid input data
[2025-11-07T11:40:30.279247] [DEBUG] Loop iteration: 15
[2025-11-07T11:40:30.279236] [INFO] Database query executed
[2025-11-07T11:40:30.279246] [DEBUG] Variable value: x=42
[2025-11-07T11:40:30.279231] [INFO] Session started
[2025-11-07T11:40:30.279245] [ERROR] Memory allocation error
[2025-11-07T11:40:30.279233] [INFO] Request processed successfully
[2025-11-07T11:40:30.279235] [INFO] Configuration loaded
[2025-11-07T11:40:30.279225] [INFO] Health check passed
[2025-11-07T11:40:30.279238] [WARN] Cache miss
[2025-11-07T11:40:30.279249] [DEBUG] Entering function process_data()
[2025-11-07T11:40:30.279223] [INFO] User logged in
[2025-11-07T11:40:30.279228] [INFO] Health check passed
[2025-11-07T11:40:30.279244] [ERROR] File not found
[2025-11-07T11:40:30.279234] [INFO] Database query executed
[2025-11-07T11:40:30.279227] [INFO] Request processed successfully
[2025-11-07T11:40:30.279222] [INFO] Request processed successfully
[2025-11-07T11:40:30.279241] [WARN] Disk space low
