[2025-11-07T11:40:29.360378] [ERROR] File not found
[2025-11-07T11:40:29.360369] [INFO] Configuration loaded
[2025-11-07T11:40:29.360366] [INFO] Transaction completed
[2025-11-07T11:40:29.360373] [WARN] Connection retry attempt
[2025-11-07T11:40:29.360387] [DEBUG] Loop iteration: 15
[2025-11-07T11:40:29.360385] [DEBUG] Loop iteration: 15
[2025-11-07T11:40:29.360368] [INFO] Service initialized
[2025-11-07T11:40:29.360371] [INFO] Request processed successfully
[2025-11-07T11:40:29.360372] [INFO] Service initialized
[2025-11-07T11:40:29.360375] [WARN] Queue size growing
[2025-11-07T11:40:29.360363] [INFO] Database query executed
[2025-11-07T11:40:29.360383] [DEBUG] Memory allocation: 2048 bytes
[2025-11-07T11:40:29.360376] [WARN] High memory usage detected
[2025-11-07T11:40:29.360386] [DEBUG] Cache key generated
[2025-11-07T11:40:29.360365] [INFO] Connection established
[2025-11-07T11:40:29.360379] [DEBUG] Loop iteration: 15
[2025-11-07T11:40:29.360384] [DEBUG] Entering function process_data()
[2025-11-07T11:40:29.360374] [WARN] Rate limit approaching
[2025-11-07T11:40:29.360367] [INFO] Health check passed
[2025-11-07T11:40:29.360382] [DEBUG] Timer set: 30 seconds
[2025-11-07T11:40:29.360370] [INFO] Transaction completed
[2025-11-07T11:40:29.360361] [INFO] Cache hit
[2025-11-07T11:40:29.360359] [INFO] Health check passed
[2025-11-07T11:40:29.360360] [INFO] Cache hit
[2025-11-07T11:40:29.360362] [INFO] Session started
[2025-11-07T11:40:29.360377] [ERROR] Permission denied
[2025-11-07T11:40:29.360388] [DEBUG] Loop iteration: 15
[2025-11-07T11:40:29.360364] [INFO] Health check passed
[2025-11-07T11:40:29.360358] [INFO] Request processed successfully
[2025-11-07T11:40:29.360380] [DEBUG] Connection pool status checked
