[2025-11-07T11:40:29.860668] [INFO] Connection established
[2025-11-07T11:40:29.860680] [ERROR] Network timeout
[2025-11-07T11:40:29.860670] [INFO] Cache hit
[2025-11-07T11:40:29.860664] [INFO] Session started
[2025-11-07T11:40:29.860673] [INFO] Configuration loaded
[2025-11-07T11:40:29.860674] [INFO] Health check passed
[2025-11-07T11:40:29.860677] [WARN] Timeout warning
[2025-11-07T11:40:29.860683] [DEBUG] Entering function process_data()
[2025-11-07T11:40:29.860669] [INFO] Health check passed
[2025-11-07T11:40:29.860675] [INFO] Transaction completed
[2025-11-07T11:40:29.860686] [DEBUG] Memory allocation: 2048 bytes
[2025-11-07T11:40:29.860685] [DEBUG] Thread pool size: 8
[2025-11-07T11:40:29.860684] [DEBUG] Loop iteration: 15
[2025-11-07T11:40:29.860679] [WARN] Resource threshold approaching
[2025-11-07T11:40:29.860690] [DEBUG] HTTP request headers parsed
[2025-11-07T11:40:29.860676] [WARN] Timeout warning
[2025-11-07T11:40:29.860665] [INFO] Service initialized
[2025-11-07T11:40:29.860659] [INFO] Request processed successfully
[2025-11-07T11:40:29.860672] [INFO] Transaction completed
[2025-11-07T11:40:29.860671] [INFO] Transaction completed
[2025-11-07T11:40:29.860666] [INFO] User logged in
[2025-11-07T11:40:29.860662] [INFO] Transaction completed
[2025-11-07T11:40:29.860687] [DEBUG] Variable value: x=42
[2025-11-07T11:40:29.860670] [INFO] User logged in
[2025-11-07T11:40:29.860663] [INFO] Session started
[2025-11-07T11:40:29.860667] [INFO] Transaction completed
[2025-11-07T11:40:29.860688] [DEBUG] Timer set: 30 seconds
[2025-11-07T11:40:29.860661] [INFO] User logged in
[2025-11-07T11:40:29.860689] [DEBUG] HTTP request headers parsed
[2025-11-07T11:40:29.860678] [WARN] Rate limit approaching
[2025-11-07T11:40:29.860681] [ERROR] Authentication failed
[2025-11-07T11:40:29.860682] [DEBUG] Connection pool status checked
