[2025-11-07T11:40:29.757383] [WARN] Rate limit approaching
[2025-11-07T11:40:29.757375] [INFO] Cache hit
[2025-11-07T11:40:29.757370] [INFO] Database query executed
[2025-11-07T11:40:29.757378] [INFO] Health check passed
[2025-11-07T11:40:29.757367] [INFO] Cache hit
[2025-11-07T11:40:29.757368] [INFO] Cache hit
[2025-11-07T11:40:29.757388] [DEBUG] Thread pool size: 8
[2025-11-07T11:40:29.757390] [DEBUG] Entering function process_data()
[2025-11-07T11:40:29.757377] [INFO] Service initialized
[2025-11-07T11:40:29.757379] [INFO] Transaction completed
[2025-11-07T11:40:29.757381] [INFO] User logged in
[2025-11-07T11:40:29.757371] [INFO] User logged in
[2025-11-07T11:40:29.757372] [INFO] Request processed successfully
[2025-11-07T11:40:29.757369] [INFO] Connection established
[2025-11-07T11:40:29.757374] [INFO] Database query executed
[2025-11-07T11:40:29.757386] [ERROR] Request failed
[2025-11-07T11:40:29.757380] [INFO] Connection established
[2025-11-07T11:40:29.757376] [INFO] Configuration loaded
[2025-11-07T11:40:29.757385] [ERROR] Request failed
[2025-11-07T11:40:29.757382] [WARN] Connection retry attempt
[2025-11-07T11:40:29.757395] [DEBUG] Loop iteration: 15
[2025-11-07T11:40:29.757387] [DEBUG] Memory allocation: 2048 bytes
[2025-11-07T11:40:29.757392] [DEBUG] Connection pool status checked
[2025-11-07T11:40:29.757373] [INFO] User logged in
[2025-11-07T11:40:29.757394] [DEBUG] Buffer size: 4096 bytes
[2025-11-07T11:40:29.757389] [DEBUG] Connection pool status checked
[2025-11-07T11:40:29.757364] [INFO] Request processed successfully
[2025-11-07T11:40:29.757393] [DEBUG] Thread pool size: 8
[2025-11-07T11:40:29.757391] [DEBUG] Entering function process_data()
