[2025-11-07T11:40:30.272594] [DEBUG] Variable value: x=42
[2025-11-07T11:40:30.272599] [DEBUG] Entering function process_data()
[2025-11-07T11:40:30.272577] [INFO] Configuration loaded
[2025-11-07T11:40:30.272574] [INFO] Connection established
[2025-11-07T11:40:30.272595] [DEBUG] Buffer size: 4096 bytes
[2025-11-07T11:40:30.272583] [INFO] Transaction completed
[2025-11-07T11:40:30.272592] [WARN] High memory usage detected
[2025-11-07T11:40:30.272598] [DEBUG] Buffer size: 4096 bytes
[2025-11-07T11:40:30.272587] [INFO] Request processed successfully
[2025-11-07T11:40:30.272585] [INFO] Connection established
[2025-11-07T11:40:30.272591] [WARN] Slow query performance
[2025-11-07T11:40:30.272600] [DEBUG] Entering function process_data()
[2025-11-07T11:40:30.272580] [INFO] Configuration loaded
[2025-11-07T11:40:30.272593] [ERROR] Service unavailable
[2025-11-07T11:40:30.272589] [INFO] Transaction completed
[2025-11-07T11:40:30.272579] [INFO] Transaction completed
[2025-11-07T11:40:30.272588] [INFO] Configuration loaded
[2025-11-07T11:40:30.272590] [WARN] Slow query performance
[2025-11-07T11:40:30.272586] [INFO] Request processed successfully
[2025-11-07T11:40:30.272581] [INFO] Health check passed
[2025-11-07T11:40:30.272578] [INFO] Database query executed
[2025-11-07T11:40:30.272582] [INFO] Service initialized
[2025-11-07T11:40:30.272584] [INFO] User logged in
[2025-11-07T11:40:30.272597] [DEBUG] Connection pool status checked
[2025-11-07T11:40:30.272598] [DEBUG] Timer set: 30 seconds
[2025-11-07T11:40:30.272596] [DEBUG] Entering function process_data()
[2025-11-07T11:40:30.272576] [INFO] Request processed successfully
[2025-11-07T11:40:30.272601] [DEBUG] HTTP request headers parsed
