[2025-11-07T11:40:29.934540] [DEBUG] HTTP request headers parsed
[2025-11-07T11:40:29.934519] [INFO] Service initialized
[2025-11-07T11:40:29.934531] [WARN] Disk space low
[2025-11-07T11:40:29.934527] [INFO] Connection established
[2025-11-07T11:40:29.934524] [INFO] User logged in
[2025-11-07T11:40:29.934538] [DEBUG] HTTP request headers parsed
[2025-11-07T11:40:29.934525] [INFO] Configuration loaded
[2025-11-07T11:40:29.934522] [INFO] Database query executed
[2025-11-07T11:40:29.934525] [INFO] Health check passed
[2025-11-07T11:40:29.934544] [DEBUG] Variable value: x=42
[2025-11-07T11:40:29.934539] [DEBUG] Loop iteration: 15
[2025-11-07T11:40:29.934521] [INFO] User logged in
[2025-11-07T11:40:29.934530] [WARN] Disk space low
[2025-11-07T11:40:29.934520] [INFO] Health check passed
[2025-11-07T11:40:29.934537] [DEBUG] Memory allocation: 2048 bytes
[2025-11-07T11:40:29.934518] [INFO] Connection established
[2025-11-07T11:40:29.934533] [WARN] Resource threshold approaching
[2025-11-07T11:40:29.934526] [INFO] Connection established
[2025-11-07T11:40:29.934529] [INFO] Request processed successfully
[2025-11-07T11:40:29.934532] [WARN] Rate limit approaching
[2025-11-07T11:40:29.934541] [DEBUG] Entering function process_data()
[2025-11-07T11:40:29.934535] [ERROR] Service unavailable
[2025-11-07T11:40:29.934542] [DEBUG] Timer set: 30 seconds
[2025-11-07T11:40:29.934534] [ERROR] Authentication failed
[2025-11-07T11:40:29.934528] [INFO] Health check passed
[2025-11-07T11:40:29.934543] [DEBUG] Variable value: x=42
[2025-11-07T11:40:29.934545] [DEBUG] Connection pool status checked
