[2025-11-07T11:40:29.405545] [DEBUG] Timer set: 30 seconds
[2025-11-07T11:40:29.405525] [INFO] Service initialized
[2025-11-07T11:40:29.405534] [INFO] Session started
[2025-11-07T11:40:29.405519] [INFO] Service initialized
[2025-11-07T11:40:29.405530] [INFO] Database query executed
[2025-11-07T11:40:29.405543] [DEBUG] Loop iteration: 15
[2025-11-07T11:40:29.405540] [ERROR] Database connection lost
[2025-11-07T11:40:29.405524] [INFO] Cache hit
[2025-11-07T11:40:29.405527] [INFO] Configuration loaded
[2025-11-07T11:40:29.405536] [WARN] Queue size growing
[2025-11-07T11:40:29.405531] [INFO] Cache hit
[2025-11-07T11:40:29.405542] [DEBUG] Cache key generated
[2025-11-07T11:40:29.405533] [INFO] Service initialized
[2025-11-07T11:40:29.405518] [INFO] Connection established
[2025-11-07T11:40:29.405539] [WARN] Queue size growing
[2025-11-07T11:40:29.405535] [INFO] User logged in
[2025-11-07T11:40:29.405546] [DEBUG] Thread pool size: 8
[2025-11-07T11:40:29.405528] [INFO] Session started
[2025-11-07T11:40:29.405522] [INFO] Database query executed
[2025-11-07T11:40:29.405529] [INFO] Health check passed
[2025-11-07T11:40:29.405548] [DEBUG] Connection pool status checked
[2025-11-07T11:40:29.405547] [DEBUG] Connection pool status checked
[2025-11-07T11:40:29.405544] [DEBUG] Loop iteration: 15
[2025-11-07T11:40:29.405537] [WARN] Deprecated API usage
[2025-11-07T11:40:29.405538] [WARN] High memory usage detected
[2025-11-07T11:40:29.405541] [DEBUG] Loop iteration: 15
[2025-11-07T11:40:29.405550] [DEBUG] Thread pool size: 8
[2025-11-07T11:40:29.405521] [INFO] Service initialized
[2025-11-07T11:40:29.405526] [INFO] Cache hit
[2025-11-07T11:40:29.405549] [DEBUG] Buffer size: 4096 bytes
[2025-11-07T11:40:29.405523] [INFO] Configuration loaded
[2025-11-07T11:40:29.405525] [INFO] Transaction completed
