[2025-11-07T11:40:30.023735] [INFO] Session started
[2025-11-07T11:40:30.023755] [DEBUG] Timer set: 30 seconds
[2025-11-07T11:40:30.023746] [INFO] Transaction completed
[2025-11-07T11:40:30.023758] [DEBUG] HTTP request headers parsed
[2025-11-07T11:40:30.023752] [ERROR] Database connection lost
[2025-11-07T11:40:30.023744] [INFO] Health check passed
[2025-11-07T11:40:30.023741] [INFO] Configuration loaded
[2025-11-07T11:40:30.023736] [INFO] User logged in
[2025-11-07T11:40:30.023753] [DEBUG] Memory allocation: 2048 bytes
[2025-11-07T11:40:30.023748] [WARN] Slow query performance
[2025-11-07T11:40:30.023739] [INFO] Session started
[2025-11-07T11:40:30.023743] [INFO] Service initialized
[2025-11-07T11:40:30.023754] [DEBUG] Variable value: x=42
[2025-11-07T11:40:30.023734] [INFO] Configuration loaded
[2025-11-07T11:40:30.023749] [WARN] Rate limit approaching
[2025-11-07T11:40:30.023737] [INFO] Database query executed
[2025-11-07T11:40:30.023760] [DEBUG] HTTP request headers parsed
[2025-11-07T11:40:30.023745] [INFO] Database query executed
[2025-11-07T11:40:30.023761] [DEBUG] Cache key generated
[2025-11-07T11:40:30.023751] [WARN] Resource threshold approaching
[2025-11-07T11:40:30.023757] [DEBUG] Buffer size: 4096 bytes
[2025-11-07T11:40:30.023756] [DEBUG] HTTP request headers parsed
[2025-11-07T11:40:30.023742] [INFO] Session started
[2025-11-07T11:40:30.023740] [INFO] Session started
[2025-11-07T11:40:30.023750] [WARN] Deprecated API usage
[2025-11-07T11:40:30.023738] [INFO] User logged in
[2025-11-07T11:40:30.023759] [DEBUG] Connection pool status checked
