[2025-11-07T11:40:30.097095] [WARN] Rate limit approaching
[2025-11-07T11:40:30.097076] [INFO] User logged in
[2025-11-07T11:40:30.097079] [INFO] Transaction completed
[2025-11-07T11:40:30.097081] [INFO] Transaction completed
[2025-11-07T11:40:30.097093] [WARN] Disk space low
[2025-11-07T11:40:30.097078] [INFO] Request processed successfully
[2025-11-07T11:40:30.097100] [DEBUG] Timer set: 30 seconds
[2025-11-07T11:40:30.097085] [INFO] Connection established
[2025-11-07T11:40:30.097108] [DEBUG] Cache key generated
[2025-11-07T11:40:30.097105] [DEBUG] Timer set: 30 seconds
[2025-11-07T11:40:30.097098] [ERROR] Network timeout
[2025-11-07T11:40:30.097101] [DEBUG] Connection pool status checked
[2025-11-07T11:40:30.097103] [DEBUG] Entering function process_data()
[2025-11-07T11:40:30.097080] [INFO] User logged in
[2025-11-07T11:40:30.097088] [INFO] Health check passed
[2025-11-07T11:40:30.097099] [ERROR] Authentication failed
[2025-11-07T11:40:30.097082] [INFO] Transaction completed
[2025-11-07T11:40:30.097096] [WARN] Disk space low
[2025-11-07T11:40:30.097084] [INFO] Service initialized
[2025-11-07T11:40:30.097102] [DEBUG] Loop iteration: 15
[2025-11-07T11:40:30.097106] [DEBUG] HTTP request headers parsed
[2025-11-07T11:40:30.097094] [WARN] Queue size growing
[2025-11-07T11:40:30.097087] [INFO] Session started
[2025-11-07T11:40:30.097083] [INFO] Transaction completed
[2025-11-07T11:40:30.097104] [DEBUG] Thread pool size: 8
[2025-11-07T11:40:30.097089] [INFO] Health check passed
[2025-11-07T11:40:30.097091] [INFO] Service initialized
[2025-11-07T11:40:30.097092] [INFO] Configuration loaded
[2025-11-07T11:40:30.097097] [ERROR] Authentication failed
[2025-11-07T11:40:30.097107] [DEBUG] Variable value: x=42
[2025-11-07T11:40:30.097086] [INFO] Transaction completed
[2025-11-07T11:40:30.097090] [INFO] Database query executed
