[2025-11-07T11:40:30.072800] [DEBUG] Connection pool status checked
[2025-11-07T11:40:30.072804] [DEBUG] Connection pool status checked
[2025-11-07T11:40:30.072792] [WARN] Resource threshold approaching
[2025-11-07T11:40:30.072796] [DEBUG] Timer set: 30 seconds
[2025-11-07T11:40:30.072797] [DEBUG] Connection pool status checked
[2025-11-07T11:40:30.072796] [DEBUG] Entering function process_data()
[2025-11-07T11:40:30.072774] [INFO] Database query executed
[2025-11-07T11:40:30.072784] [INFO] Health check passed
[2025-11-07T11:40:30.072775] [INFO] Cache hit
[2025-11-07T11:40:30.072790] [WARN] Queue size growing
[2025-11-07T11:40:30.072793] [ERROR] Network timeout
[2025-11-07T11:40:30.072776] [INFO] Connection established
[2025-11-07T11:40:30.072798] [DEBUG] Connection pool status checked
[2025-11-07T11:40:30.072805] [DEBUG] HTTP request headers parsed
[2025-11-07T11:40:30.072780] [INFO] Cache hit
[2025-11-07T11:40:30.072799] [DEBUG] Thread pool size: 8
[2025-11-07T11:40:30.072788] [INFO] Cache hit
[2025-11-07T11:40:30.072786] [INFO] Connection established
[2025-11-07T11:40:30.072787] [INFO] Transaction completed
[2025-11-07T11:40:30.072801] [DEBUG] Memory allocation: 2048 bytes
[2025-11-07T11:40:30.072794] [ERROR] Network timeout
[2025-11-07T11:40:30.072777] [INFO] Transaction completed
[2025-11-07T11:40:30.072781] [INFO] Connection established
[2025-11-07T11:40:30.072803] [DEBUG] Thread pool size: 8
[2025-11-07T11:40:30.072783] [INFO] Service initialized
[2025-11-07T11:40:30.072802] [DEBUG] Buffer size: 4096 bytes
[2025-11-07T11:40:30.072779] [INFO] Transaction completed
[2025-11-07T11:40:30.072785] [INFO] Health check passed
[2025-11-07T11:40:30.072778] [INFO] Connection established
[2025-11-07T11:40:30.072788] [INFO] Session started
[2025-11-07T11:40:30.072782] [INFO] Configuration loaded
[2025-11-07T11:40:30.072792] [WARN] Slow query performance
[2025-11-07T11:40:30.072791] [WARN] Rate limit approaching
