[2025-11-07T11:40:29.985693] [DEBUG] Connection pool status checked
[2025-11-07T11:40:29.985671] [INFO] Service initialized
[2025-11-07T11:40:29.985673] [INFO] Service initialized
[2025-11-07T11:40:29.985678] [INFO] Connection established
[2025-11-07T11:40:29.985677] [INFO] User logged in
[2025-11-07T11:40:29.985688] [DEBUG] Timer set: 30 seconds
[2025-11-07T11:40:29.985687] [DEBUG] Timer set: 30 seconds
[2025-11-07T11:40:29.985668] [INFO] Request processed successfully
[2025-11-07T11:40:29.985690] [DEBUG] Timer set: 30 seconds
[2025-11-07T11:40:29.985670] [INFO] Session started
[2025-11-07T11:40:29.985696] [DEBUG] Entering function process_data()
[2025-11-07T11:40:29.985686] [ERROR] Invalid input data
[2025-11-07T11:40:29.985674] [INFO] Session started
[2025-11-07T11:40:29.985676] [INFO] Cache hit
[2025-11-07T11:40:29.985679] [INFO] Health check passed
[2025-11-07T11:40:29.985685] [WARN] High memory usage detected
[2025-11-07T11:40:29.985672] [INFO] Request processed successfully
[2025-11-07T11:40:29.985689] [DEBUG] Entering function process_data()
[2025-11-07T11:40:29.985683] [INFO] Service initialized
[2025-11-07T11:40:29.985684] [INFO] Cache hit
[2025-11-07T11:40:29.985682] [INFO] Service initialized
[2025-11-07T11:40:29.985681] [INFO] Request processed successfully
[2025-11-07T11:40:29.985691] [DEBUG] Connection pool status checked
[2025-11-07T11:40:29.985692] [DEBUG] Cache key generated
[2025-11-07T11:40:29.985675] [INFO] Configuration loaded
[2025-11-07T11:40:29.985680] [INFO] Session started
[2025-11-07T11:40:29.985695] [DEBUG] Entering function process_data()
