[2025-11-07T11:40:30.290068] [INFO] Database query executed
[2025-11-07T11:40:30.290085] [WARN] Connection retry attempt
[2025-11-07T11:40:30.290064] [INFO] Configuration loaded
[2025-11-07T11:40:30.290090] [DEBUG] Variable value: x=42
[2025-11-07T11:40:30.290089] [DEBUG] Connection pool status checked
[2025-11-07T11:40:30.290083] [WARN] Connection retry attempt
[2025-11-07T11:40:30.290094] [DEBUG] Timer set: 30 seconds
[2025-11-07T11:40:30.290082] [WARN] Slow query performance
[2025-11-07T11:40:30.290067] [INFO] Session started
[2025-11-07T11:40:30.290073] [INFO] Health check passed
[2025-11-07T11:40:30.290080] [INFO] Health check passed
[2025-11-07T11:40:30.290094] [DEBUG] Variable value: x=42
[2025-11-07T11:40:30.290081] [INFO] Health check passed
[2025-11-07T11:40:30.290086] [ERROR] File not found
[2025-11-07T11:40:30.290095] [DEBUG] Thread pool size: 8
[2025-11-07T11:40:30.290072] [INFO] Session started
[2025-11-07T11:40:30.290066] [INFO] Request processed successfully
[2025-11-07T11:40:30.290079] [INFO] Session started
[2025-11-07T11:40:30.290093] [DEBUG] Entering function process_data()
[2025-11-07T11:40:30.290069] [INFO] Request processed successfully
[2025-11-07T11:40:30.290084] [WARN] Resource threshold approaching
[2025-11-07T11:40:30.290088] [DEBUG] Timer set: 30 seconds
[2025-11-07T11:40:30.290087] [ERROR] Network timeout
[2025-11-07T11:40:30.290074] [INFO] Transaction completed
[2025-11-07T11:40:30.290077] [INFO] Request processed successfully
[2025-11-07T11:40:30.290071] [INFO] Transaction completed
[2025-11-07T11:40:30.290076] [INFO] Request processed successfully
[2025-11-07T11:40:30.290071] [INFO] Service initialized
[2025-11-07T11:40:30.290078] [INFO] Cache hit
[2025-11-07T11:40:30.290070] [INFO] Service initialized
[2025-11-07T11:40:30.290091] [DEBUG] Thread pool size: 8
[2025-11-07T11:40:30.290092] [DEBUG] Variable value: x=42
[2025-11-07T11:40:30.290075] [INFO] Request processed successfully
