[2025-11-07T11:40:30.212536] [INFO] User logged in
[2025-11-07T11:40:30.212540] [INFO] User logged in
[2025-11-07T11:40:30.212548] [ERROR] Service unavailable
[2025-11-07T11:40:30.212555] [DEBUG] Cache key generated
[2025-11-07T11:40:30.212543] [INFO] Health check passed
[2025-11-07T11:40:30.212546] [WARN] Disk space low
[2025-11-07T11:40:30.212549] [DEBUG] Timer set: 30 seconds
[2025-11-07T11:40:30.212557] [DEBUG] Variable value: x=42
[2025-11-07T11:40:30.212541] [INFO] User logged in
[2025-11-07T11:40:30.212551] [DEBUG] Buffer size: 4096 bytes
[2025-11-07T11:40:30.212529] [INFO] Session started
[2025-11-07T11:40:30.212531] [INFO] Cache hit
[2025-11-07T11:40:30.212542] [INFO] User logged in
[2025-11-07T11:40:30.212538] [INFO] Session started
[2025-11-07T11:40:30.212556] [DEBUG] Memory allocation: 2048 bytes
[2025-11-07T11:40:30.212545] [INFO] Configuration loaded
[2025-11-07T11:40:30.212544] [INFO] User logged in
[2025-11-07T11:40:30.212534] [INFO] Health check passed
[2025-11-07T11:40:30.212537] [INFO] Session started
[2025-11-07T11:40:30.212553] [DEBUG] Cache key generated
[2025-11-07T11:40:30.212550] [DEBUG] Connection pool status checked
[2025-11-07T11:40:30.212533] [INFO] Database query executed
[2025-11-07T11:40:30.212539] [INFO] Session started
[2025-11-07T11:40:30.212532] [INFO] Request processed successfully
[2025-11-07T11:40:30.212547] [ERROR] Authentication failed
[2025-11-07T11:40:30.212535] [INFO] Health check passed
[2025-11-07T11:40:30.212552] [DEBUG] Connection pool status checked
[2025-11-07T11:40:30.212557] [DEBUG] HTTP request headers parsed
