[2025-11-07T11:40:30.215249] [INFO] Service initialized
[2025-11-07T11:40:30.215250] [WARN] Deprecated API usage
[2025-11-07T11:40:30.215237] [INFO] User logged in
[2025-11-07T11:40:30.215264] [DEBUG] Loop iteration: 15
[2025-11-07T11:40:30.215244] [INFO] Session started
[2025-11-07T11:40:30.215255] [WARN] Rate limit approaching
[2025-11-07T11:40:30.215252] [WARN] Deprecated API usage
[2025-11-07T11:40:30.215260] [DEBUG] Loop iteration: 15
[2025-11-07T11:40:30.215243] [INFO] User logged in
[2025-11-07T11:40:30.215266] [DEBUG] Loop iteration: 15
[2025-11-07T11:40:30.215247] [INFO] Request processed successfully
[2025-11-07T11:40:30.215238] [INFO] Connection established
[2025-11-07T11:40:30.215259] [ERROR] Authentication failed
[2025-11-07T11:40:30.215269] [DEBUG] Entering function process_data()
[2025-11-07T11:40:30.215262] [DEBUG] Loop iteration: 15
[2025-11-07T11:40:30.215238] [INFO] Health check passed
[2025-11-07T11:40:30.215232] [INFO] Health check passed
[2025-11-07T11:40:30.215256] [WARN] Cache miss
[2025-11-07T11:40:30.215246] [INFO] Health check passed
[2025-11-07T11:40:30.215242] [INFO] Database query executed
[2025-11-07T11:40:30.215257] [ERROR] File not found
[2025-11-07T11:40:30.215263] [DEBUG] Variable value: x=42
[2025-11-07T11:40:30.215240] [INFO] Session started
[2025-11-07T11:40:30.215236] [INFO] Database query executed
[2025-11-07T11:40:30.215234] [INFO] Database query executed
[2025-11-07T11:40:30.215267] [DEBUG] Memory allocation: 2048 bytes
[2025-11-07T11:40:30.215264] [DEBUG] Loop iteration: 15
[2025-11-07T11:40:30.215253] [WARN] Timeout warning
[2025-11-07T11:40:30.215241] [INFO] Service initialized
[2025-11-07T11:40:30.215233] [INFO] Database query executed
[2025-11-07T11:40:30.215265] [DEBUG] Timer set: 30 seconds
