[2025-11-07T11:40:30.268687] [WARN] Timeout warning
[2025-11-07T11:40:30.268694] [DEBUG] HTTP request headers parsed
[2025-11-07T11:40:30.268655] [INFO] User logged in
[2025-11-07T11:40:30.268682] [INFO] User logged in
[2025-11-07T11:40:30.268698] [DEBUG] Connection pool status checked
[2025-11-07T11:40:30.268679] [INFO] Service initialized
[2025-11-07T11:40:30.268692] [DEBUG] Loop iteration: 15
[2025-11-07T11:40:30.268678] [INFO] User logged in
[2025-11-07T11:40:30.268684] [WARN] Disk space low
[2025-11-07T11:40:30.268659] [INFO] Session started
[2025-11-07T11:40:30.268688] [ERROR] Invalid input data
[2025-11-07T11:40:30.268696] [DEBUG] Memory allocation: 2048 bytes
[2025-11-07T11:40:30.268689] [ERROR] Request failed
[2025-11-07T11:40:30.268697] [DEBUG] Variable value: x=42
[2025-11-07T11:40:30.268658] [INFO] User logged in
[2025-11-07T11:40:30.268686] [WARN] High memory usage detected
[2025-11-07T11:40:30.268683] [INFO] Transaction completed
[2025-11-07T11:40:30.268657] [INFO] Session started
[2025-11-07T11:40:30.268693] [DEBUG] Entering function process_data()
[2025-11-07T11:40:30.268653] [INFO] Health check passed
[2025-11-07T11:40:30.268690] [DEBUG] Buffer size: 4096 bytes
[2025-11-07T11:40:30.268660] [INFO] Connection established
[2025-11-07T11:40:30.268699] [DEBUG] Variable value: x=42
[2025-11-07T11:40:30.268656] [INFO] Database query executed
[2025-11-07T11:40:30.268681] [INFO] Health check passed
[2025-11-07T11:40:30.268673] [INFO] Connection established
[2025-11-07T11:40:30.268677] [INFO] Cache hit
[2025-11-07T11:40:30.268654] [INFO] User logged in
[2025-11-07T11:40:30.268695] [DEBUG] Loop iteration: 15
