[2025-11-07T11:40:30.316698] [INFO] Health check passed
[2025-11-07T11:40:30.316720] [DEBUG] Loop iteration: 15
[2025-11-07T11:40:30.316706] [INFO] Transaction completed
[2025-11-07T11:40:30.316709] [INFO] Transaction completed
[2025-11-07T11:40:30.316703] [INFO] Database query executed
[2025-11-07T11:40:30.316715] [DEBUG] Entering function process_data()
[2025-11-07T11:40:30.316717] [DEBUG] Connection pool status checked
[2025-11-07T11:40:30.316701] [INFO] Database query executed
[2025-11-07T11:40:30.316696] [INFO] Request processed successfully
[2025-11-07T11:40:30.316704] [INFO] Cache hit
[2025-11-07T11:40:30.316714] [ERROR] Service unavailable
[2025-11-07T11:40:30.316716] [DEBUG] Entering function process_data()
[2025-11-07T11:40:30.316697] [INFO] Database query executed
[2025-11-07T11:40:30.316712] [WARN] High memory usage detected
[2025-11-07T11:40:30.316695] [INFO] Service initialized
[2025-11-07T11:40:30.316719] [DEBUG] Entering function process_data()
[2025-11-07T11:40:30.316699] [INFO] Configuration loaded
[2025-11-07T11:40:30.316707] [INFO] Request processed successfully
[2025-11-07T11:40:30.316710] [WARN] Cache miss
[2025-11-07T11:40:30.316702] [INFO] Session started
[2025-11-07T11:40:30.316708] [INFO] Configuration loaded
[2025-11-07T11:40:30.316711] [WARN] High memory usage detected
[2025-11-07T11:40:30.316718] [DEBUG] Thread pool size: 8
[2025-11-07T11:40:30.316700] [INFO] Database query executed
[2025-11-07T11:40:30.316705] [INFO] Health check passed
