[2025-11-07T11:40:29.504608] [DEBUG] Memory allocation: 2048 bytes
[2025-11-07T11:40:29.504592] [INFO] Request processed successfully
[2025-11-07T11:40:29.504608] [DEBUG] Timer set: 30 seconds
[2025-11-07T11:40:29.504583] [INFO] Health check passed
[2025-11-07T11:40:29.504589] [INFO] Health check passed
[2025-11-07T11:40:29.504604] [DEBUG] Thread pool size: 8
[2025-11-07T11:40:29.504584] [INFO] Session started
[2025-11-07T11:40:29.504595] [WARN] Cache miss
[2025-11-07T11:40:29.504588] [INFO] Health check passed
[2025-11-07T11:40:29.504605] [DEBUG] Connection pool status checked
[2025-11-07T11:40:29.504607] [DEBUG] Buffer size: 4096 bytes
[2025-11-07T11:40:29.504586] [INFO] Service initialized
[2025-11-07T11:40:29.504590] [INFO] Service initialized
[2025-11-07T11:40:29.504596] [WARN] Resource threshold approaching
[2025-11-07T11:40:29.504600] [ERROR] Network timeout
[2025-11-07T11:40:29.504581] [INFO] Transaction completed
[2025-11-07T11:40:29.504587] [INFO] Request processed successfully
[2025-11-07T11:40:29.504580] [INFO] Service initialized
[2025-11-07T11:40:29.504597] [WARN] Resource threshold approaching
[2025-11-07T11:40:29.504594] [INFO] Transaction completed
[2025-11-07T11:40:29.504582] [INFO] Cache hit
[2025-11-07T11:40:29.504606] [DEBUG] HTTP request headers parsed
[2025-11-07T11:40:29.504598] [WARN] Rate limit approaching
[2025-11-07T11:40:29.504593] [INFO] Cache hit
[2025-11-07T11:40:29.504585] [INFO] Cache hit
[2025-11-07T11:40:29.504591] [INFO] Session started
[2025-11-07T11:40:29.504601] [DEBUG] Thread pool size: 8
[2025-11-07T11:40:29.504602] [DEBUG] Entering function process_data()
[2025-11-07T11:40:29.504603] [DEBUG] Variable value: x=42
