[2025-11-07T11:40:29.940357] [DEBUG] HTTP request headers parsed
[2025-11-07T11:40:29.940331] [INFO] Transaction completed
[2025-11-07T11:40:29.940327] [INFO] Connection established
[2025-11-07T11:40:29.940343] [WARN] Queue size growing
[2025-11-07T11:40:29.940337] [INFO] Session started
[2025-11-07T11:40:29.940360] [DEBUG] Loop iteration: 15
[2025-11-07T11:40:29.940332] [INFO] Transaction completed
[2025-11-07T11:40:29.940354] [DEBUG] Connection pool status checked
[2025-11-07T11:40:29.940351] [DEBUG] Entering function process_data()
[2025-11-07T11:40:29.940353] [DEBUG] Loop iteration: 15
[2025-11-07T11:40:29.940348] [ERROR] Authentication failed
[2025-11-07T11:40:29.940350] [DEBUG] Memory allocation: 2048 bytes
[2025-11-07T11:40:29.940333] [INFO] Health check passed
[2025-11-07T11:40:29.940329] [INFO] Session started
[2025-11-07T11:40:29.940356] [DEBUG] Connection pool status checked
[2025-11-07T11:40:29.940338] [INFO] Service initialized
[2025-11-07T11:40:29.940358] [DEBUG] Connection pool status checked
[2025-11-07T11:40:29.940330] [INFO] Request processed successfully
[2025-11-07T11:40:29.940361] [DEBUG] Connection pool status checked
[2025-11-07T11:40:29.940334] [INFO] Service initialized
[2025-11-07T11:40:29.940352] [DEBUG] Buffer size: 4096 bytes
[2025-11-07T11:40:29.940359] [DEBUG] Loop iteration: 15
[2025-11-07T11:40:29.940345] [WARN] Slow query performance
[2025-11-07T11:40:29.940347] [WARN] Resource threshold approaching
[2025-11-07T11:40:29.940355] [DEBUG] Loop iteration: 15
[2025-11-07T11:40:29.940340] [WARN] Slow query performance
[2025-11-07T11:40:29.940346] [WARN] High memory usage detected
[2025-11-07T11:40:29.940328] [INFO] Service initialized
[2025-11-07T11:40:29.940339] [INFO] Request processed successfully
[2025-11-07T11:40:29.940344] [WARN] Slow query performance
[2025-11-07T11:40:29.940342] [WARN] Cache miss
[2025-11-07T11:40:29.940349] [ERROR] Request failed
[2025-11-07T11:40:29.940335] [INFO] Health check passed
[2025-11-07T11:40:29.940336] [INFO] Request processed successfully
