[2025-11-07T11:40:30.255595] [INFO] Connection established
[2025-11-07T11:40:30.255599] [INFO] Service initialized
[2025-11-07T11:40:30.255600] [INFO] Configuration loaded
[2025-11-07T11:40:30.255602] [INFO] User logged in
[2025-11-07T11:40:30.255607] [ERROR] File not found
[2025-11-07T11:40:30.255593] [INFO] Request processed successfully
[2025-11-07T11:40:30.255595] [INFO] Connection established
[2025-11-07T11:40:30.255612] [DEBUG] Timer set: 30 seconds
[2025-11-07T11:40:30.255615] [DEBUG] Entering function process_data()
[2025-11-07T11:40:30.255602] [INFO] Configuration loaded
[2025-11-07T11:40:30.255608] [ERROR] Service unavailable
[2025-11-07T11:40:30.255614] [DEBUG] Thread pool size: 8
[2025-11-07T11:40:30.255597] [INFO] Cache hit
[2025-11-07T11:40:30.255613] [DEBUG] Thread pool size: 8
[2025-11-07T11:40:30.255605] [WARN] Rate limit approaching
[2025-11-07T11:40:30.255606] [WARN] Rate limit approaching
[2025-11-07T11:40:30.255592] [INFO] Session started
[2025-11-07T11:40:30.255611] [DEBUG] Memory allocation: 2048 bytes
[2025-11-07T11:40:30.255596] [INFO] Database query executed
[2025-11-07T11:40:30.255610] [DEBUG] Entering function process_data()
[2025-11-07T11:40:30.255598] [INFO] Cache hit
[2025-11-07T11:40:30.255603] [INFO] Transaction completed
[2025-11-07T11:40:30.255604] [INFO] Health check passed
