[2025-11-07T11:40:29.721860] [INFO] Session started
[2025-11-07T11:40:29.721875] [WARN] Timeout warning
[2025-11-07T11:40:29.721888] [DEBUG] Connection pool status checked
[2025-11-07T11:40:29.721870] [INFO] User logged in
[2025-11-07T11:40:29.721885] [DEBUG] Thread pool size: 8
[2025-11-07T11:40:29.721867] [INFO] Connection established
[2025-11-07T11:40:29.721871] [INFO] Request processed successfully
[2025-11-07T11:40:29.721865] [INFO] Transaction completed
[2025-11-07T11:40:29.721866] [INFO] Cache hit
[2025-11-07T11:40:29.721857] [INFO] Service initialized
[2025-11-07T11:40:29.721869] [INFO] User logged in
[2025-11-07T11:40:29.721888] [DEBUG] Variable value: x=42
[2025-11-07T11:40:29.721859] [INFO] Request processed successfully
[2025-11-07T11:40:29.721886] [DEBUG] Cache key generated
[2025-11-07T11:40:29.721873] [INFO] User logged in
[2025-11-07T11:40:29.721861] [INFO] Transaction completed
[2025-11-07T11:40:29.721863] [INFO] Session started
[2025-11-07T11:40:29.721868] [INFO] User logged in
[2025-11-07T11:40:29.721862] [INFO] Cache hit
[2025-11-07T11:40:29.721864] [INFO] Service initialized
[2025-11-07T11:40:29.721883] [DEBUG] Memory allocation: 2048 bytes
[2025-11-07T11:40:29.721876] [WARN] High memory usage detected
[2025-11-07T11:40:29.721879] [WARN] Slow query performance
[2025-11-07T11:40:29.721887] [DEBUG] Memory allocation: 2048 bytes
[2025-11-07T11:40:29.721880] [ERROR] Permission denied
[2025-11-07T11:40:29.721872] [INFO] Configuration loaded
[2025-11-07T11:40:29.721881] [DEBUG] HTTP request headers parsed
[2025-11-07T11:40:29.721889] [DEBUG] Memory allocation: 2048 bytes
[2025-11-07T11:40:29.721878] [WARN] Resource threshold approaching
[2025-11-07T11:40:29.721874] [INFO] User logged in
[2025-11-07T11:40:29.721872] [INFO] Session started
[2025-11-07T11:40:29.721884] [DEBUG] Connection pool status checked
[2025-11-07T11:40:29.721882] [DEBUG] Timer set: 30 seconds
