[2025-11-07T11:40:29.858108] [DEBUG] Loop iteration: 15
[2025-11-07T11:40:29.858096] [WARN] Cache miss
[2025-11-07T11:40:29.858089] [INFO] Session started
[2025-11-07T11:40:29.858079] [INFO] Request processed successfully
[2025-11-07T11:40:29.858097] [WARN] Deprecated API usage
[2025-11-07T11:40:29.858100] [DEBUG] Memory allocation: 2048 bytes
[2025-11-07T11:40:29.858092] [INFO] Service initialized
[2025-11-07T11:40:29.858093] [INFO] User logged in
[2025-11-07T11:40:29.858085] [INFO] Configuration loaded
[2025-11-07T11:40:29.858088] [INFO] User logged in
[2025-11-07T11:40:29.858101] [DEBUG] Thread pool size: 8
[2025-11-07T11:40:29.858103] [DEBUG] Memory allocation: 2048 bytes
[2025-11-07T11:40:29.858099] [ERROR] Permission denied
[2025-11-07T11:40:29.858091] [INFO] Connection established
[2025-11-07T11:40:29.858104] [DEBUG] Buffer size: 4096 bytes
[2025-11-07T11:40:29.858105] [DEBUG] Variable value: x=42
[2025-11-07T11:40:29.858081] [INFO] Configuration loaded
[2025-11-07T11:40:29.858082] [INFO] Health check passed
[2025-11-07T11:40:29.858086] [INFO] Database query executed
[2025-11-07T11:40:29.858084] [INFO] Transaction completed
[2025-11-07T11:40:29.858094] [INFO] Connection established
[2025-11-07T11:40:29.858102] [DEBUG] Thread pool size: 8
[2025-11-07T11:40:29.858090] [INFO] Cache hit
[2025-11-07T11:40:29.858095] [WARN] Connection retry attempt
[2025-11-07T11:40:29.858087] [INFO] Request processed successfully
[2025-11-07T11:40:29.858106] [DEBUG] Timer set: 30 seconds
[2025-11-07T11:40:29.858098] [WARN] Queue size growing
[2025-11-07T11:40:29.858083] [INFO] Transaction completed
[2025-11-07T11:40:29.858107] [DEBUG] Buffer size: 4096 bytes
