[2025-11-07T11:40:29.332459] [INFO] Transaction completed
[2025-11-07T11:40:29.332473] [DEBUG] Loop iteration: 15
[2025-11-07T11:40:29.332466] [ERROR] Disk read failed
[2025-11-07T11:40:29.332464] [WARN] Connection retry attempt
[2025-11-07T11:40:29.332461] [INFO] Transaction completed
[2025-11-07T11:40:29.332470] [DEBUG] Connection pool status checked
[2025-11-07T11:40:29.332476] [DEBUG] Cache key generated
[2025-11-07T11:40:29.332452] [INFO] User logged in
[2025-11-07T11:40:29.332462] [INFO] Session started
[2025-11-07T11:40:29.332448] [INFO] Configuration loaded
[2025-11-07T11:40:29.332477] [DEBUG] Variable value: x=42
[2025-11-07T11:40:29.332451] [INFO] Database query executed
[2025-11-07T11:40:29.332463] [WARN] Resource threshold approaching
[2025-11-07T11:40:29.332472] [DEBUG] Entering function process_data()
[2025-11-07T11:40:29.332445] [INFO] Session started
[2025-11-07T11:40:29.332467] [DEBUG] Connection pool status checked
[2025-11-07T11:40:29.332457] [INFO] Connection established
[2025-11-07T11:40:29.332468] [DEBUG] Loop iteration: 15
[2025-11-07T11:40:29.332454] [INFO] Connection established
[2025-11-07T11:40:29.332475] [DEBUG] HTTP request headers parsed
[2025-11-07T11:40:29.332478] [DEBUG] Cache key generated
[2025-11-07T11:40:29.332469] [DEBUG] Memory allocation: 2048 bytes
[2025-11-07T11:40:29.332449] [INFO] Request processed successfully
[2025-11-07T11:40:29.332446] [INFO] Cache hit
[2025-11-07T11:40:29.332458] [INFO] Database query executed
[2025-11-07T11:40:29.332471] [DEBUG] HTTP request headers parsed
[2025-11-07T11:40:29.332465] [ERROR] Service unavailable
[2025-11-07T11:40:29.332456] [INFO] Database query executed
[2025-11-07T11:40:29.332453] [INFO] Connection established
[2025-11-07T11:40:29.332460] [INFO] Health check passed
[2025-11-07T11:40:29.332447] [INFO] User logged in
[2025-11-07T11:40:29.332450] [INFO] Transaction completed
[2025-11-07T11:40:29.332455] [INFO] Request processed successfully
[2025-11-07T11:40:29.332474] [DEBUG] Timer set: 30 seconds
