[2025-11-07T11:40:29.641256] [DEBUG] HTTP request headers parsed
[2025-11-07T11:40:29.641257] [DEBUG] Cache key generated
[2025-11-07T11:40:29.641233] [INFO] Transaction completed
[2025-11-07T11:40:29.641251] [DEBUG] Memory allocation: 2048 bytes
[2025-11-07T11:40:29.641242] [INFO] Database query executed
[2025-11-07T11:40:29.641238] [INFO] User logged in
[2025-11-07T11:40:29.641260] [DEBUG] Entering function process_data()
[2025-11-07T11:40:29.641254] [DEBUG] Cache key generated
[2025-11-07T11:40:29.641244] [INFO] Transaction completed
[2025-11-07T11:40:29.641250] [ERROR] Disk read failed
[2025-11-07T11:40:29.641246] [WARN] Queue size growing
[2025-11-07T11:40:29.641255] [DEBUG] Thread pool size: 8
[2025-11-07T11:40:29.641237] [INFO] Session started
[2025-11-07T11:40:29.641261] [DEBUG] Connection pool status checked
[2025-11-07T11:40:29.641262] [DEBUG] Buffer size: 4096 bytes
[2025-11-07T11:40:29.641235] [INFO] Health check passed
[2025-11-07T11:40:29.641243] [INFO] Database query executed
[2025-11-07T11:40:29.641249] [ERROR] Database connection lost
[2025-11-07T11:40:29.641240] [INFO] Service initialized
[2025-11-07T11:40:29.641241] [INFO] Service initialized
[2025-11-07T11:40:29.641245] [WARN] High memory usage detected
[2025-11-07T11:40:29.641258] [DEBUG] Memory allocation: 2048 bytes
[2025-11-07T11:40:29.641259] [DEBUG] Loop iteration: 15
[2025-11-07T11:40:29.641247] [WARN] High memory usage detected
[2025-11-07T11:40:29.641239] [INFO] Configuration loaded
[2025-11-07T11:40:29.641253] [DEBUG] Memory allocation: 2048 bytes
[2025-11-07T11:40:29.641248] [WARN] Cache miss
[2025-11-07T11:40:29.641252] [DEBUG] Connection pool status checked
[2025-11-07T11:40:29.641236] [INFO] Connection established
