[2025-11-07T11:40:29.414719] [DEBUG] Connection pool status checked
[2025-11-07T11:40:29.414709] [WARN] Connection retry attempt
[2025-11-07T11:40:29.414710] [WARN] Slow query performance
[2025-11-07T11:40:29.414698] [INFO] Configuration loaded
[2025-11-07T11:40:29.414715] [ERROR] Permission denied
[2025-11-07T11:40:29.414702] [INFO] Transaction completed
[2025-11-07T11:40:29.414700] [INFO] Connection established
[2025-11-07T11:40:29.414723] [DEBUG] Loop iteration: 15
[2025-11-07T11:40:29.414723] [DEBUG] Memory allocation: 2048 bytes
[2025-11-07T11:40:29.414720] [DEBUG] Variable value: x=42
[2025-11-07T11:40:29.414704] [INFO] Service initialized
[2025-11-07T11:40:29.414714] [ERROR] File not found
[2025-11-07T11:40:29.414711] [WARN] Cache miss
[2025-11-07T11:40:29.414695] [INFO] Database query executed
[2025-11-07T11:40:29.414693] [INFO] Session started
[2025-11-07T11:40:29.414703] [INFO] Connection established
[2025-11-07T11:40:29.414717] [DEBUG] Connection pool status checked
[2025-11-07T11:40:29.414720] [DEBUG] Loop iteration: 15
[2025-11-07T11:40:29.414708] [WARN] Resource threshold approaching
[2025-11-07T11:40:29.414699] [INFO] Request processed successfully
[2025-11-07T11:40:29.414701] [INFO] Configuration loaded
[2025-11-07T11:40:29.414697] [INFO] Request processed successfully
[2025-11-07T11:40:29.414705] [INFO] Request processed successfully
[2025-11-07T11:40:29.414697] [INFO] Connection established
[2025-11-07T11:40:29.414694] [INFO] Connection established
[2025-11-07T11:40:29.414713] [WARN] Rate limit approaching
[2025-11-07T11:40:29.414707] [INFO] Transaction completed
[2025-11-07T11:40:29.414706] [INFO] Session started
[2025-11-07T11:40:29.414722] [DEBUG] Loop iteration: 15
[2025-11-07T11:40:29.414712] [WARN] Disk space low
[2025-11-07T11:40:29.414718] [DEBUG] Memory allocation: 2048 bytes
[2025-11-07T11:40:29.414716] [DEBUG] Memory allocation: 2048 bytes
