[2025-11-07T11:40:29.866510] [DEBUG] HTTP request headers parsed
[2025-11-07T11:40:29.866500] [INFO] User logged in
[2025-11-07T11:40:29.866497] [INFO] Configuration loaded
[2025-11-07T11:40:29.866515] [DEBUG] Thread pool size: 8
[2025-11-07T11:40:29.866506] [WARN] Resource threshold approaching
[2025-11-07T11:40:29.866505] [WARN] High memory usage detected
[2025-11-07T11:40:29.866489] [INFO] Service initialized
[2025-11-07T11:40:29.866508] [ERROR] Request failed
[2025-11-07T11:40:29.866494] [INFO] Cache hit
[2025-11-07T11:40:29.866518] [DEBUG] Loop iteration: 15
[2025-11-07T11:40:29.866502] [INFO] Session started
[2025-11-07T11:40:29.866496] [INFO] Transaction completed
[2025-11-07T11:40:29.866503] [WARN] Connection retry attempt
[2025-11-07T11:40:29.866514] [DEBUG] Loop iteration: 15
[2025-11-07T11:40:29.866517] [DEBUG] HTTP request headers parsed
[2025-11-07T11:40:29.866513] [DEBUG] Cache key generated
[2025-11-07T11:40:29.866492] [INFO] User logged in
[2025-11-07T11:40:29.866512] [DEBUG] Variable value: x=42
[2025-11-07T11:40:29.866519] [DEBUG] Connection pool status checked
[2025-11-07T11:40:29.866498] [INFO] Database query executed
[2025-11-07T11:40:29.866488] [INFO] Configuration loaded
[2025-11-07T11:40:29.866504] [WARN] Rate limit approaching
[2025-11-07T11:40:29.866490] [INFO] Configuration loaded
[2025-11-07T11:40:29.866507] [WARN] Queue size growing
[2025-11-07T11:40:29.866491] [INFO] User logged in
[2025-11-07T11:40:29.866501] [INFO] Session started
[2025-11-07T11:40:29.866495] [INFO] User logged in
[2025-11-07T11:40:29.866511] [DEBUG] Cache key generated
[2025-11-07T11:40:29.866516] [DEBUG] HTTP request headers parsed
[2025-11-07T11:40:29.866509] [ERROR] Memory allocation error
[2025-11-07T11:40:29.866499] [INFO] Health check passed
[2025-11-07T11:40:29.866487] [INFO] Database query executed
