[2025-11-07T11:40:29.744706] [INFO] Configuration loaded
[2025-11-07T11:40:29.744719] [WARN] Resource threshold approaching
[2025-11-07T11:40:29.744724] [ERROR] Authentication failed
[2025-11-07T11:40:29.744712] [INFO] Cache hit
[2025-11-07T11:40:29.744729] [DEBUG] Connection pool status checked
[2025-11-07T11:40:29.744717] [WARN] Rate limit approaching
[2025-11-07T11:40:29.744716] [WARN] Timeout warning
[2025-11-07T11:40:29.744704] [INFO] Cache hit
[2025-11-07T11:40:29.744700] [INFO] Database query executed
[2025-11-07T11:40:29.744731] [DEBUG] Loop iteration: 15
[2025-11-07T11:40:29.744703] [INFO] Health check passed
[2025-11-07T11:40:29.744702] [INFO] Database query executed
[2025-11-07T11:40:29.744713] [INFO] User logged in
[2025-11-07T11:40:29.744722] [WARN] Resource threshold approaching
[2025-11-07T11:40:29.744707] [INFO] Database query executed
[2025-11-07T11:40:29.744699] [INFO] Database query executed
[2025-11-07T11:40:29.744730] [DEBUG] Variable value: x=42
[2025-11-07T11:40:29.744708] [INFO] User logged in
[2025-11-07T11:40:29.744727] [DEBUG] Loop iteration: 15
[2025-11-07T11:40:29.744728] [DEBUG] Memory allocation: 2048 bytes
[2025-11-07T11:40:29.744705] [INFO] Request processed successfully
[2025-11-07T11:40:29.744720] [WARN] Timeout warning
[2025-11-07T11:40:29.744715] [WARN] Resource threshold approaching
[2025-11-07T11:40:29.744723] [ERROR] Memory allocation error
[2025-11-07T11:40:29.744701] [INFO] Database query executed
[2025-11-07T11:40:29.744710] [INFO] Service initialized
[2025-11-07T11:40:29.744709] [INFO] Transaction completed
[2025-11-07T11:40:29.744718] [WARN] Connection retry attempt
[2025-11-07T11:40:29.744698] [INFO] Request processed successfully
[2025-11-07T11:40:29.744711] [INFO] Health check passed
[2025-11-07T11:40:29.744726] [DEBUG] HTTP request headers parsed
[2025-11-07T11:40:29.744725] [DEBUG] Connection pool status checked
[2025-11-07T11:40:29.744714] [INFO] Session started
[2025-11-07T11:40:29.744721] [WARN] Deprecated API usage
[2025-11-07T11:40:29.744733] [DEBUG] Thread pool size: 8
[2025-11-07T11:40:29.744732] [DEBUG] Cache key generated
