[2025-11-07T11:40:30.178068] [DEBUG] Entering function process_data()
[2025-11-07T11:40:30.178042] [INFO] Request processed successfully
[2025-11-07T11:40:30.178032] [INFO] Database query executed
[2025-11-07T11:40:30.178053] [INFO] User logged in
[2025-11-07T11:40:30.178067] [DEBUG] Memory allocation: 2048 bytes
[2025-11-07T11:40:30.178069] [DEBUG] Cache key generated
[2025-11-07T11:40:30.178056] [WARN] Cache miss
[2025-11-07T11:40:30.178062] [ERROR] File not found
[2025-11-07T11:40:30.178057] [WARN] Timeout warning
[2025-11-07T11:40:30.178049] [INFO] Health check passed
[2025-11-07T11:40:30.178043] [INFO] Session started
[2025-11-07T11:40:30.178045] [INFO] Cache hit
[2025-11-07T11:40:30.178044] [INFO] Database query executed
[2025-11-07T11:40:30.178034] [INFO] Request processed successfully
[2025-11-07T11:40:30.178051] [INFO] Connection established
[2025-11-07T11:40:30.178070] [DEBUG] Variable value: x=42
[2025-11-07T11:40:30.178030] [INFO] User logged in
[2025-11-07T11:40:30.178031] [INFO] Configuration loaded
[2025-11-07T11:40:30.178059] [WARN] Timeout warning
[2025-11-07T11:40:30.178050] [INFO] Service initialized
[2025-11-07T11:40:30.178048] [INFO] Database query executed
[2025-11-07T11:40:30.178059] [WARN] Deprecated API usage
[2025-11-07T11:40:30.178066] [DEBUG] Memory allocation: 2048 bytes
[2025-11-07T11:40:30.178060] [WARN] Resource threshold approaching
[2025-11-07T11:40:30.178065] [DEBUG] Buffer size: 4096 bytes
[2025-11-07T11:40:30.178046] [INFO] Transaction completed
[2025-11-07T11:40:30.178052] [INFO] Health check passed
[2025-11-07T11:40:30.178047] [INFO] Session started
[2025-11-07T11:40:30.178064] [DEBUG] Memory allocation: 2048 bytes
[2025-11-07T11:40:30.178061] [ERROR] Disk read failed
[2025-11-07T11:40:30.178055] [INFO] Service initialized
[2025-11-07T11:40:30.178033] [INFO] Request processed successfully
[2025-11-07T11:40:30.178058] [WARN] Disk space low
