[2025-11-07T11:40:29.477339] [DEBUG] Variable value: x=42
[2025-11-07T11:40:29.477334] [WARN] Cache miss
[2025-11-07T11:40:29.477341] [DEBUG] Buffer size: 4096 bytes
[2025-11-07T11:40:29.477328] [INFO] Request processed successfully
[2025-11-07T11:40:29.477323] [INFO] User logged in
[2025-11-07T11:40:29.477330] [INFO] Database query executed
[2025-11-07T11:40:29.477332] [INFO] Service initialized
[2025-11-07T11:40:29.477338] [DEBUG] Variable value: x=42
[2025-11-07T11:40:29.477327] [INFO] Configuration loaded
[2025-11-07T11:40:29.477340] [DEBUG] Timer set: 30 seconds
[2025-11-07T11:40:29.477326] [INFO] Cache hit
[2025-11-07T11:40:29.477342] [DEBUG] Buffer size: 4096 bytes
[2025-11-07T11:40:29.477335] [ERROR] Permission denied
[2025-11-07T11:40:29.477322] [INFO] Transaction completed
[2025-11-07T11:40:29.477337] [DEBUG] Variable value: x=42
[2025-11-07T11:40:29.477324] [INFO] Cache hit
[2025-11-07T11:40:29.477325] [INFO] Service initialized
[2025-11-07T11:40:29.477320] [INFO] Database query executed
[2025-11-07T11:40:29.477318] [INFO] Request processed successfully
[2025-11-07T11:40:29.477345] [DEBUG] Memory allocation: 2048 bytes
[2025-11-07T11:40:29.477321] [INFO] Session started
[2025-11-07T11:40:29.477326] [INFO] Connection established
[2025-11-07T11:40:29.477348] [DEBUG] Entering function process_data()
[2025-11-07T11:40:29.477347] [DEBUG] Thread pool size: 8
[2025-11-07T11:40:29.477331] [INFO] User logged in
[2025-11-07T11:40:29.477344] [DEBUG] Variable value: x=42
[2025-11-07T11:40:29.477329] [INFO] Session started
[2025-11-07T11:40:29.477346] [DEBUG] Memory allocation: 2048 bytes
[2025-11-07T11:40:29.477333] [WARN] Disk space low
[2025-11-07T11:40:29.477343] [DEBUG] Variable value: x=42
[2025-11-07T11:40:29.477336] [ERROR] Service unavailable
