[2025-11-07T11:40:29.844084] [DEBUG] Memory allocation: 2048 bytes
[2025-11-07T11:40:29.844069] [INFO] Session started
[2025-11-07T11:40:29.844071] [INFO] Connection established
[2025-11-07T11:40:29.844074] [INFO] Request processed successfully
[2025-11-07T11:40:29.844073] [INFO] Transaction completed
[2025-11-07T11:40:29.844088] [DEBUG] Timer set: 30 seconds
[2025-11-07T11:40:29.844072] [INFO] Configuration loaded
[2025-11-07T11:40:29.844079] [WARN] Timeout warning
[2025-11-07T11:40:29.844076] [INFO] Request processed successfully
[2025-11-07T11:40:29.844067] [INFO] Request processed successfully
[2025-11-07T11:40:29.844081] [WARN] Resource threshold approaching
[2025-11-07T11:40:29.844080] [WARN] Resource threshold approaching
[2025-11-07T11:40:29.844086] [DEBUG] Cache key generated
[2025-11-07T11:40:29.844078] [WARN] Slow query performance
[2025-11-07T11:40:29.844066] [INFO] Cache hit
[2025-11-07T11:40:29.844068] [INFO] Session started
[2025-11-07T11:40:29.844089] [DEBUG] Thread pool size: 8
[2025-11-07T11:40:29.844064] [INFO] Session started
[2025-11-07T11:40:29.844084] [DEBUG] Variable value: x=42
[2025-11-07T11:40:29.844065] [INFO] Cache hit
[2025-11-07T11:40:29.844077] [INFO] Transaction completed
[2025-11-07T11:40:29.844090] [DEBUG] Variable value: x=42
[2025-11-07T11:40:29.844082] [ERROR] Invalid input data
[2025-11-07T11:40:29.844075] [INFO] Service initialized
[2025-11-07T11:40:29.844087] [DEBUG] Buffer size: 4096 bytes
[2025-11-07T11:40:29.844085] [DEBUG] Connection pool status checked
[2025-11-07T11:40:29.844070] [INFO] Request processed successfully
[2025-11-07T11:40:29.844076] [INFO] Request processed successfully
