[2025-11-07T11:40:29.451448] [INFO] Database query executed
[2025-11-07T11:40:29.451459] [DEBUG] Buffer size: 4096 bytes
[2025-11-07T11:40:29.451451] [ERROR] Database connection lost
[2025-11-07T11:40:29.451434] [INFO] Session started
[2025-11-07T11:40:29.451456] [DEBUG] Loop iteration: 15
[2025-11-07T11:40:29.451450] [WARN] Slow query performance
[2025-11-07T11:40:29.451458] [DEBUG] Memory allocation: 2048 bytes
[2025-11-07T11:40:29.451445] [INFO] Connection established
[2025-11-07T11:40:29.451436] [INFO] Session started
[2025-11-07T11:40:29.451438] [INFO] Service initialized
[2025-11-07T11:40:29.451457] [DEBUG] Cache key generated
[2025-11-07T11:40:29.451461] [DEBUG] Variable value: x=42
[2025-11-07T11:40:29.451441] [INFO] Transaction completed
[2025-11-07T11:40:29.451449] [WARN] Queue size growing
[2025-11-07T11:40:29.451462] [DEBUG] Buffer size: 4096 bytes
[2025-11-07T11:40:29.451452] [ERROR] Authentication failed
[2025-11-07T11:40:29.451462] [DEBUG] Cache key generated
[2025-11-07T11:40:29.451437] [INFO] Request processed successfully
[2025-11-07T11:40:29.451440] [INFO] Configuration loaded
[2025-11-07T11:40:29.451453] [DEBUG] Connection pool status checked
[2025-11-07T11:40:29.451442] [INFO] Database query executed
[2025-11-07T11:40:29.451433] [INFO] Request processed successfully
[2025-11-07T11:40:29.451463] [DEBUG] Timer set: 30 seconds
[2025-11-07T11:40:29.451439] [INFO] Service initialized
[2025-11-07T11:40:29.451443] [INFO] Cache hit
[2025-11-07T11:40:29.451447] [INFO] Service initialized
[2025-11-07T11:40:29.451464] [DEBUG] Cache key generated
[2025-11-07T11:40:29.451446] [INFO] Configuration loaded
[2025-11-07T11:40:29.451435] [INFO] Service initialized
[2025-11-07T11:40:29.451444] [INFO] Cache hit
[2025-11-07T11:40:29.451460] [DEBUG] Cache key generated
[2025-11-07T11:40:29.451455] [DEBUG] Connection pool status checked
