[2025-11-07T11:40:29.323102] [WARN] Deprecated API usage
[2025-11-07T11:40:29.323110] [DEBUG] Connection pool status checked
[2025-11-07T11:40:29.323093] [INFO] Health check passed
[2025-11-07T11:40:29.323097] [INFO] Transaction completed
[2025-11-07T11:40:29.323090] [INFO] Cache hit
[2025-11-07T11:40:29.323104] [ERROR] Permission denied
[2025-11-07T11:40:29.323091] [INFO] Service initialized
[2025-11-07T11:40:29.323109] [DEBUG] Loop iteration: 15
[2025-11-07T11:40:29.323087] [INFO] Cache hit
[2025-11-07T11:40:29.323092] [INFO] Database query executed
[2025-11-07T11:40:29.323096] [INFO] Connection established
[2025-11-07T11:40:29.323100] [WARN] Timeout warning
[2025-11-07T11:40:29.323094] [INFO] Cache hit
[2025-11-07T11:40:29.323084] [INFO] User logged in
[2025-11-07T11:40:29.323107] [DEBUG] Variable value: x=42
[2025-11-07T11:40:29.323095] [INFO] Connection established
[2025-11-07T11:40:29.323085] [INFO] Session started
[2025-11-07T11:40:29.323108] [DEBUG] Loop iteration: 15
[2025-11-07T11:40:29.323103] [ERROR] Service unavailable
[2025-11-07T11:40:29.323098] [INFO] Cache hit
[2025-11-07T11:40:29.323089] [INFO] Service initialized
[2025-11-07T11:40:29.323111] [DEBUG] Cache key generated
[2025-11-07T11:40:29.323101] [WARN] Deprecated API usage
[2025-11-07T11:40:29.323099] [WARN] High memory usage detected
[2025-11-07T11:40:29.323086] [INFO] Configuration loaded
[2025-11-07T11:40:29.323109] [DEBUG] Loop iteration: 15
[2025-11-07T11:40:29.323106] [DEBUG] Memory allocation: 2048 bytes
[2025-11-07T11:40:29.323088] [INFO] User logged in
[2025-11-07T11:40:29.323105] [ERROR] Disk read failed
