[2025-11-07T11:40:30.327320] [INFO] Service initialized
[2025-11-07T11:40:30.327335] [ERROR] Memory allocation error
[2025-11-07T11:40:30.327325] [INFO] Configuration loaded
[2025-11-07T11:40:30.327329] [WARN] Slow query performance
[2025-11-07T11:40:30.327322] [INFO] Health check passed
[2025-11-07T11:40:30.327338] [DEBUG] Thread pool size: 8
[2025-11-07T11:40:30.327339] [DEBUG] Thread pool size: 8
[2025-11-07T11:40:30.327327] [INFO] Database query executed
[2025-11-07T11:40:30.327337] [DEBUG] Buffer size: 4096 bytes
[2025-11-07T11:40:30.327319] [INFO] Service initialized
[2025-11-07T11:40:30.327317] [INFO] User logged in
[2025-11-07T11:40:30.327331] [WARN] Rate limit approaching
[2025-11-07T11:40:30.327316] [INFO] Connection established
[2025-11-07T11:40:30.327336] [DEBUG] Entering function process_data()
[2025-11-07T11:40:30.327324] [INFO] Cache hit
[2025-11-07T11:40:30.327326] [INFO] Cache hit
[2025-11-07T11:40:30.327313] [INFO] Configuration loaded
[2025-11-07T11:40:30.327321] [INFO] Cache hit
[2025-11-07T11:40:30.327332] [WARN] High memory usage detected
[2025-11-07T11:40:30.327330] [WARN] Slow query performance
[2025-11-07T11:40:30.327333] [ERROR] Service unavailable
[2025-11-07T11:40:30.327307] [INFO] Health check passed
[2025-11-07T11:40:30.327323] [INFO] Configuration loaded
[2025-11-07T11:40:30.327315] [INFO] Configuration loaded
[2025-11-07T11:40:30.327318] [INFO] Health check passed
