[2025-11-07T11:40:30.287439] [INFO] Cache hit
[2025-11-07T11:40:30.287441] [INFO] Transaction completed
[2025-11-07T11:40:30.287462] [DEBUG] Variable value: x=42
[2025-11-07T11:40:30.287451] [INFO] Connection established
[2025-11-07T11:40:30.287456] [WARN] Slow query performance
[2025-11-07T11:40:30.287452] [INFO] Health check passed
[2025-11-07T11:40:30.287443] [INFO] Connection established
[2025-11-07T11:40:30.287442] [INFO] Connection established
[2025-11-07T11:40:30.287461] [DEBUG] Cache key generated
[2025-11-07T11:40:30.287449] [INFO] Database query executed
[2025-11-07T11:40:30.287464] [DEBUG] HTTP request headers parsed
[2025-11-07T11:40:30.287459] [DEBUG] Timer set: 30 seconds
[2025-11-07T11:40:30.287447] [INFO] Service initialized
[2025-11-07T11:40:30.287444] [INFO] Connection established
[2025-11-07T11:40:30.287457] [ERROR] File not found
[2025-11-07T11:40:30.287448] [INFO] Service initialized
[2025-11-07T11:40:30.287463] [DEBUG] Connection pool status checked
[2025-11-07T11:40:30.287446] [INFO] Cache hit
[2025-11-07T11:40:30.287460] [DEBUG] Variable value: x=42
[2025-11-07T11:40:30.287450] [INFO] Service initialized
[2025-11-07T11:40:30.287454] [WARN] High memory usage detected
[2025-11-07T11:40:30.287440] [INFO] Configuration loaded
[2025-11-07T11:40:30.287455] [WARN] Queue size growing
[2025-11-07T11:40:30.287449] [INFO] Request processed successfully
[2025-11-07T11:40:30.287458] [ERROR] Permission denied
[2025-11-07T11:40:30.287455] [WARN] Slow query performance
