[2025-11-07T11:40:29.796936] [DEBUG] Cache key generated
[2025-11-07T11:40:29.796934] [ERROR] Invalid input data
[2025-11-07T11:40:29.796925] [INFO] Connection established
[2025-11-07T11:40:29.796922] [INFO] Health check passed
[2025-11-07T11:40:29.796927] [INFO] User logged in
[2025-11-07T11:40:29.796941] [DEBUG] Timer set: 30 seconds
[2025-11-07T11:40:29.796921] [INFO] Request processed successfully
[2025-11-07T11:40:29.796931] [WARN] Connection retry attempt
[2025-11-07T11:40:29.796939] [DEBUG] Timer set: 30 seconds
[2025-11-07T11:40:29.796928] [INFO] Session started
[2025-11-07T11:40:29.796932] [WARN] Timeout warning
[2025-11-07T11:40:29.796915] [INFO] Configuration loaded
[2025-11-07T11:40:29.796926] [INFO] Session started
[2025-11-07T11:40:29.796935] [DEBUG] Buffer size: 4096 bytes
[2025-11-07T11:40:29.796924] [INFO] Health check passed
[2025-11-07T11:40:29.796937] [DEBUG] Buffer size: 4096 bytes
[2025-11-07T11:40:29.796929] [INFO] Service initialized
[2025-11-07T11:40:29.796919] [INFO] Connection established
[2025-11-07T11:40:29.796917] [INFO] Session started
[2025-11-07T11:40:29.796920] [INFO] Session started
[2025-11-07T11:40:29.796923] [INFO] Transaction completed
[2025-11-07T11:40:29.796911] [INFO] Service initialized
[2025-11-07T11:40:29.796918] [INFO] Health check passed
[2025-11-07T11:40:29.796933] [WARN] High memory usage detected
[2025-11-07T11:40:29.796942] [DEBUG] Connection pool status checked
[2025-11-07T11:40:29.796940] [DEBUG] Timer set: 30 seconds
