[2025-11-07T11:40:29.760301] [DEBUG] Thread pool size: 8
[2025-11-07T11:40:29.760305] [DEBUG] Memory allocation: 2048 bytes
[2025-11-07T11:40:29.760292] [INFO] Service initialized
[2025-11-07T11:40:29.760302] [DEBUG] Timer set: 30 seconds
[2025-11-07T11:40:29.760287] [INFO] Session started
[2025-11-07T11:40:29.760300] [DEBUG] Variable value: x=42
[2025-11-07T11:40:29.760299] [ERROR] File not found
[2025-11-07T11:40:29.760297] [WARN] Disk space low
[2025-11-07T11:40:29.760277] [INFO] Health check passed
[2025-11-07T11:40:29.760285] [INFO] Health check passed
[2025-11-07T11:40:29.760286] [INFO] Database query executed
[2025-11-07T11:40:29.760294] [WARN] Connection retry attempt
[2025-11-07T11:40:29.760298] [ERROR] Authentication failed
[2025-11-07T11:40:29.760308] [DEBUG] Memory allocation: 2048 bytes
[2025-11-07T11:40:29.760304] [DEBUG] HTTP request headers parsed
[2025-11-07T11:40:29.760293] [INFO] Database query executed
[2025-11-07T11:40:29.760288] [INFO] Transaction completed
[2025-11-07T11:40:29.760307] [DEBUG] Connection pool status checked
[2025-11-07T11:40:29.760279] [INFO] Request processed successfully
[2025-11-07T11:40:29.760289] [INFO] Cache hit
[2025-11-07T11:40:29.760292] [INFO] Health check passed
[2025-11-07T11:40:29.760282] [INFO] Connection established
[2025-11-07T11:40:29.760281] [INFO] Request processed successfully
[2025-11-07T11:40:29.760306] [DEBUG] Thread pool size: 8
[2025-11-07T11:40:29.760274] [INFO] Configuration loaded
[2025-11-07T11:40:29.760290] [INFO] Transaction completed
[2025-11-07T11:40:29.760283] [INFO] Request processed successfully
[2025-11-07T11:40:29.760280] [INFO] Connection established
[2025-11-07T11:40:29.760276] [INFO] Request processed successfully
[2025-11-07T11:40:29.760278] [INFO] Request processed successfully
[2025-11-07T11:40:29.760284] [INFO] Cache hit
[2025-11-07T11:40:29.760291] [INFO] Database query executed
[2025-11-07T11:40:29.760295] [WARN] Disk space low
[2025-11-07T11:40:29.760303] [DEBUG] Loop iteration: 15
