[2025-11-07T11:40:29.526116] [DEBUG] Memory allocation: 2048 bytes
[2025-11-07T11:40:29.526109] [INFO] Session started
[2025-11-07T11:40:29.526111] [WARN] Timeout warning
[2025-11-07T11:40:29.526114] [WARN] High memory usage detected
[2025-11-07T11:40:29.526115] [ERROR] Memory allocation error
[2025-11-07T11:40:29.526120] [DEBUG] Cache key generated
[2025-11-07T11:40:29.526117] [DEBUG] Memory allocation: 2048 bytes
[2025-11-07T11:40:29.526107] [INFO] Transaction completed
[2025-11-07T11:40:29.526103] [INFO] Health check passed
[2025-11-07T11:40:29.526108] [INFO] Request processed successfully
[2025-11-07T11:40:29.526118] [DEBUG] Memory allocation: 2048 bytes
[2025-11-07T11:40:29.526098] [INFO] Connection established
[2025-11-07T11:40:29.526110] [INFO] Cache hit
[2025-11-07T11:40:29.526119] [DEBUG] Variable value: x=42
[2025-11-07T11:40:29.526122] [DEBUG] Buffer size: 4096 bytes
[2025-11-07T11:40:29.526102] [INFO] Service initialized
[2025-11-07T11:40:29.526105] [INFO] User logged in
[2025-11-07T11:40:29.526104] [INFO] User logged in
[2025-11-07T11:40:29.526121] [DEBUG] Connection pool status checked
[2025-11-07T11:40:29.526101] [INFO] Cache hit
[2025-11-07T11:40:29.526113] [WARN] High memory usage detected
[2025-11-07T11:40:29.526100] [INFO] Health check passed
[2025-11-07T11:40:29.526112] [WARN] High memory usage detected
[2025-11-07T11:40:29.526106] [INFO] Connection established
[2025-11-07T11:40:29.526099] [INFO] Service initialized
