[2025-11-07T11:40:29.901148] [DEBUG] Buffer size: 4096 bytes
[2025-11-07T11:40:29.901106] [INFO] Session started
[2025-11-07T11:40:29.901151] [DEBUG] Variable value: x=42
[2025-11-07T11:40:29.901109] [INFO] Health check passed
[2025-11-07T11:40:29.901108] [INFO] Service initialized
[2025-11-07T11:40:29.901153] [DEBUG] HTTP request headers parsed
[2025-11-07T11:40:29.901152] [DEBUG] Buffer size: 4096 bytes
[2025-11-07T11:40:29.901144] [ERROR] Invalid input data
[2025-11-07T11:40:29.901133] [INFO] User logged in
[2025-11-07T11:40:29.901154] [DEBUG] Entering function process_data()
[2025-11-07T11:40:29.901132] [INFO] Session started
[2025-11-07T11:40:29.901147] [DEBUG] Memory allocation: 2048 bytes
[2025-11-07T11:40:29.901131] [INFO] Cache hit
[2025-11-07T11:40:29.901110] [INFO] Transaction completed
[2025-11-07T11:40:29.901107] [INFO] Database query executed
[2025-11-07T11:40:29.901139] [WARN] Disk space low
[2025-11-07T11:40:29.901155] [DEBUG] Connection pool status checked
[2025-11-07T11:40:29.901137] [INFO] Cache hit
[2025-11-07T11:40:29.901104] [INFO] Session started
[2025-11-07T11:40:29.901105] [INFO] Cache hit
[2025-11-07T11:40:29.901141] [WARN] Timeout warning
[2025-11-07T11:40:29.901150] [DEBUG] Cache key generated
[2025-11-07T11:40:29.901140] [WARN] Cache miss
[2025-11-07T11:40:29.901149] [DEBUG] Memory allocation: 2048 bytes
[2025-11-07T11:40:29.901143] [WARN] High memory usage detected
[2025-11-07T11:40:29.901138] [WARN] Deprecated API usage
[2025-11-07T11:40:29.901142] [WARN] Cache miss
[2025-11-07T11:40:29.901136] [INFO] Configuration loaded
[2025-11-07T11:40:29.901145] [ERROR] Network timeout
[2025-11-07T11:40:29.901135] [INFO] Connection established
[2025-11-07T11:40:29.901129] [INFO] Session started
[2025-11-07T11:40:29.901134] [INFO] Connection established
[2025-11-07T11:40:29.901146] [DEBUG] Memory allocation: 2048 bytes
