[2025-11-07T11:40:29.366097] [INFO] Connection established
[2025-11-07T11:40:29.366100] [INFO] Connection established
[2025-11-07T11:40:29.366099] [INFO] Transaction completed
[2025-11-07T11:40:29.366107] [INFO] Session started
[2025-11-07T11:40:29.366111] [ERROR] Permission denied
[2025-11-07T11:40:29.366093] [INFO] Session started
[2025-11-07T11:40:29.366102] [INFO] Health check passed
[2025-11-07T11:40:29.366106] [INFO] Database query executed
[2025-11-07T11:40:29.366122] [DEBUG] Cache key generated
[2025-11-07T11:40:29.366119] [DEBUG] Memory allocation: 2048 bytes
[2025-11-07T11:40:29.366116] [DEBUG] Cache key generated
[2025-11-07T11:40:29.366118] [DEBUG] Connection pool status checked
[2025-11-07T11:40:29.366121] [DEBUG] Entering function process_data()
[2025-11-07T11:40:29.366114] [DEBUG] Cache key generated
[2025-11-07T11:40:29.366120] [DEBUG] Memory allocation: 2048 bytes
[2025-11-07T11:40:29.366098] [INFO] Cache hit
[2025-11-07T11:40:29.366096] [INFO] Request processed successfully
[2025-11-07T11:40:29.366105] [INFO] Cache hit
[2025-11-07T11:40:29.366115] [DEBUG] Timer set: 30 seconds
[2025-11-07T11:40:29.366112] [DEBUG] Cache key generated
[2025-11-07T11:40:29.366094] [INFO] Health check passed
[2025-11-07T11:40:29.366108] [INFO] User logged in
[2025-11-07T11:40:29.366103] [INFO] Health check passed
[2025-11-07T11:40:29.366101] [INFO] Transaction completed
[2025-11-07T11:40:29.366113] [DEBUG] Cache key generated
[2025-11-07T11:40:29.366109] [WARN] Cache miss
[2025-11-07T11:40:29.366123] [DEBUG] Loop iteration: 15
[2025-11-07T11:40:29.366110] [ERROR] Service unavailable
[2025-11-07T11:40:29.366104] [INFO] Connection established
