[2025-11-07T11:40:29.873358] [INFO] Transaction completed
[2025-11-07T11:40:29.873372] [INFO] Configuration loaded
[2025-11-07T11:40:29.873381] [DEBUG] Cache key generated
[2025-11-07T11:40:29.873376] [WARN] High memory usage detected
[2025-11-07T11:40:29.873386] [DEBUG] Entering function process_data()
[2025-11-07T11:40:29.873367] [INFO] Session started
[2025-11-07T11:40:29.873360] [INFO] Cache hit
[2025-11-07T11:40:29.873375] [WARN] Cache miss
[2025-11-07T11:40:29.873384] [DEBUG] Thread pool size: 8
[2025-11-07T11:40:29.873377] [WARN] Queue size growing
[2025-11-07T11:40:29.873368] [INFO] Health check passed
[2025-11-07T11:40:29.873387] [DEBUG] Thread pool size: 8
[2025-11-07T11:40:29.873369] [INFO] User logged in
[2025-11-07T11:40:29.873373] [INFO] User logged in
[2025-11-07T11:40:29.873382] [DEBUG] Entering function process_data()
[2025-11-07T11:40:29.873383] [DEBUG] Memory allocation: 2048 bytes
[2025-11-07T11:40:29.873385] [DEBUG] Connection pool status checked
[2025-11-07T11:40:29.873371] [INFO] Health check passed
[2025-11-07T11:40:29.873379] [DEBUG] HTTP request headers parsed
[2025-11-07T11:40:29.873362] [INFO] Cache hit
[2025-11-07T11:40:29.873365] [INFO] Health check passed
[2025-11-07T11:40:29.873374] [WARN] High memory usage detected
[2025-11-07T11:40:29.873361] [INFO] Transaction completed
[2025-11-07T11:40:29.873370] [INFO] Connection established
[2025-11-07T11:40:29.873380] [DEBUG] Entering function process_data()
[2025-11-07T11:40:29.873364] [INFO] Health check passed
[2025-11-07T11:40:29.873363] [INFO] Transaction completed
[2025-11-07T11:40:29.873366] [INFO] Configuration loaded
[2025-11-07T11:40:29.873378] [ERROR] Database connection lost
