[2025-11-07T11:40:30.244753] [INFO] Health check passed
[2025-11-07T11:40:30.244781] [DEBUG] Variable value: x=42
[2025-11-07T11:40:30.244770] [WARN] Timeout warning
[2025-11-07T11:40:30.244766] [INFO] Session started
[2025-11-07T11:40:30.244774] [WARN] High memory usage detected
[2025-11-07T11:40:30.244760] [INFO] Connection established
[2025-11-07T11:40:30.244756] [INFO] Cache hit
[2025-11-07T11:40:30.244759] [INFO] Session started
[2025-11-07T11:40:30.244779] [DEBUG] Buffer size: 4096 bytes
[2025-11-07T11:40:30.244752] [INFO] Transaction completed
[2025-11-07T11:40:30.244769] [WARN] Resource threshold approaching
[2025-11-07T11:40:30.244780] [DEBUG] Variable value: x=42
[2025-11-07T11:40:30.244772] [WARN] Queue size growing
[2025-11-07T11:40:30.244758] [INFO] Request processed successfully
[2025-11-07T11:40:30.244783] [DEBUG] Timer set: 30 seconds
[2025-11-07T11:40:30.244787] [DEBUG] Entering function process_data()
[2025-11-07T11:40:30.244775] [WARN] High memory usage detected
[2025-11-07T11:40:30.244764] [INFO] Session started
[2025-11-07T11:40:30.244754] [INFO] Request processed successfully
[2025-11-07T11:40:30.244788] [DEBUG] Thread pool size: 8
[2025-11-07T11:40:30.244771] [WARN] Cache miss
[2025-11-07T11:40:30.244761] [INFO] User logged in
[2025-11-07T11:40:30.244784] [DEBUG] Memory allocation: 2048 bytes
[2025-11-07T11:40:30.244750] [INFO] Configuration loaded
[2025-11-07T11:40:30.244755] [INFO] Request processed successfully
[2025-11-07T11:40:30.244768] [INFO] User logged in
[2025-11-07T11:40:30.244778] [ERROR] Invalid input data
[2025-11-07T11:40:30.244757] [INFO] Configuration loaded
[2025-11-07T11:40:30.244785] [DEBUG] Entering function process_data()
[2025-11-07T11:40:30.244765] [INFO] Database query executed
[2025-11-07T11:40:30.244789] [DEBUG] Loop iteration: 15
[2025-11-07T11:40:30.244763] [INFO] Cache hit
[2025-11-07T11:40:30.244776] [ERROR] Network timeout
