[2025-11-07T11:40:30.287980] [INFO] Session started
[2025-11-07T11:40:30.288003] [DEBUG] Timer set: 30 seconds
[2025-11-07T11:40:30.287998] [DEBUG] Entering function process_data()
[2025-11-07T11:40:30.287985] [INFO] Session started
[2025-11-07T11:40:30.287983] [INFO] Transaction completed
[2025-11-07T11:40:30.287996] [ERROR] Request failed
[2025-11-07T11:40:30.287986] [INFO] Cache hit
[2025-11-07T11:40:30.287977] [INFO] Request processed successfully
[2025-11-07T11:40:30.287990] [INFO] Database query executed
[2025-11-07T11:40:30.287993] [WARN] Rate limit approaching
[2025-11-07T11:40:30.287999] [DEBUG] Connection pool status checked
[2025-11-07T11:40:30.287981] [INFO] Cache hit
[2025-11-07T11:40:30.287997] [DEBUG] Thread pool size: 8
[2025-11-07T11:40:30.288000] [DEBUG] Entering function process_data()
[2025-11-07T11:40:30.287973] [INFO] Request processed successfully
[2025-11-07T11:40:30.287975] [INFO] Cache hit
[2025-11-07T11:40:30.288002] [DEBUG] Buffer size: 4096 bytes
[2025-11-07T11:40:30.287991] [INFO] User logged in
[2025-11-07T11:40:30.287979] [INFO] Transaction completed
[2025-11-07T11:40:30.287988] [INFO] Health check passed
[2025-11-07T11:40:30.288001] [DEBUG] Entering function process_data()
[2025-11-07T11:40:30.287974] [INFO] Database query executed
[2025-11-07T11:40:30.287998] [DEBUG] Timer set: 30 seconds
[2025-11-07T11:40:30.287989] [INFO] Health check passed
[2025-11-07T11:40:30.287976] [INFO] Session started
[2025-11-07T11:40:30.287982] [INFO] Health check passed
[2025-11-07T11:40:30.287984] [INFO] Session started
[2025-11-07T11:40:30.287987] [INFO] Transaction completed
[2025-11-07T11:40:30.287994] [WARN] Queue size growing
[2025-11-07T11:40:30.287992] [INFO] Transaction completed
[2025-11-07T11:40:30.287978] [INFO] Connection established
