[2025-11-07T11:40:29.846231] [INFO] Configuration loaded
[2025-11-07T11:40:29.846242] [WARN] Deprecated API usage
[2025-11-07T11:40:29.846230] [INFO] Transaction completed
[2025-11-07T11:40:29.846222] [INFO] Session started
[2025-11-07T11:40:29.846232] [INFO] Database query executed
[2025-11-07T11:40:29.846253] [DEBUG] Buffer size: 4096 bytes
[2025-11-07T11:40:29.846251] [DEBUG] Loop iteration: 15
[2025-11-07T11:40:29.846255] [DEBUG] Loop iteration: 15
[2025-11-07T11:40:29.846248] [DEBUG] Memory allocation: 2048 bytes
[2025-11-07T11:40:29.846234] [INFO] User logged in
[2025-11-07T11:40:29.846226] [INFO] Configuration loaded
[2025-11-07T11:40:29.846235] [INFO] Connection established
[2025-11-07T11:40:29.846241] [WARN] Resource threshold approaching
[2025-11-07T11:40:29.846244] [WARN] Connection retry attempt
[2025-11-07T11:40:29.846249] [DEBUG] Buffer size: 4096 bytes
[2025-11-07T11:40:29.846247] [ERROR] Network timeout
[2025-11-07T11:40:29.846246] [ERROR] Memory allocation error
[2025-11-07T11:40:29.846252] [DEBUG] Cache key generated
[2025-11-07T11:40:29.846229] [INFO] User logged in
[2025-11-07T11:40:29.846245] [WARN] Connection retry attempt
[2025-11-07T11:40:29.846228] [INFO] Cache hit
[2025-11-07T11:40:29.846239] [WARN] Slow query performance
[2025-11-07T11:40:29.846238] [WARN] Slow query performance
[2025-11-07T11:40:29.846227] [INFO] Session started
[2025-11-07T11:40:29.846243] [WARN] Rate limit approaching
[2025-11-07T11:40:29.846254] [DEBUG] Entering function process_data()
[2025-11-07T11:40:29.846225] [INFO] User logged in
[2025-11-07T11:40:29.846236] [INFO] Health check passed
[2025-11-07T11:40:29.846221] [INFO] User logged in
[2025-11-07T11:40:29.846224] [INFO] Session started
[2025-11-07T11:40:29.846251] [DEBUG] HTTP request headers parsed
[2025-11-07T11:40:29.846233] [INFO] Session started
[2025-11-07T11:40:29.846237] [INFO] Transaction completed
[2025-11-07T11:40:29.846240] [WARN] Slow query performance
[2025-11-07T11:40:29.846250] [DEBUG] Cache key generated
[2025-11-07T11:40:29.846223] [INFO] Database query executed
