[2025-11-07T11:40:29.485417] [WARN] Deprecated API usage
[2025-11-07T11:40:29.485418] [WARN] Cache miss
[2025-11-07T11:40:29.485419] [ERROR] Network timeout
[2025-11-07T11:40:29.485404] [INFO] Connection established
[2025-11-07T11:40:29.485412] [INFO] Connection established
[2025-11-07T11:40:29.485409] [INFO] Service initialized
[2025-11-07T11:40:29.485407] [INFO] Configuration loaded
[2025-11-07T11:40:29.485422] [DEBUG] Timer set: 30 seconds
[2025-11-07T11:40:29.485401] [INFO] Session started
[2025-11-07T11:40:29.485425] [DEBUG] Buffer size: 4096 bytes
[2025-11-07T11:40:29.485415] [INFO] Transaction completed
[2025-11-07T11:40:29.485420] [ERROR] Invalid input data
[2025-11-07T11:40:29.485423] [DEBUG] Timer set: 30 seconds
[2025-11-07T11:40:29.485413] [INFO] Service initialized
[2025-11-07T11:40:29.485406] [INFO] Connection established
[2025-11-07T11:40:29.485410] [INFO] Health check passed
[2025-11-07T11:40:29.485411] [INFO] Health check passed
[2025-11-07T11:40:29.485402] [INFO] User logged in
[2025-11-07T11:40:29.485414] [INFO] Database query executed
[2025-11-07T11:40:29.485416] [INFO] Database query executed
[2025-11-07T11:40:29.485408] [INFO] Configuration loaded
[2025-11-07T11:40:29.485405] [INFO] Configuration loaded
[2025-11-07T11:40:29.485424] [DEBUG] Cache key generated
[2025-11-07T11:40:29.485403] [INFO] Database query executed
[2025-11-07T11:40:29.485400] [INFO] Request processed successfully
