[2025-11-07T11:40:29.572680] [ERROR] Authentication failed
[2025-11-07T11:40:29.572668] [INFO] Database query executed
[2025-11-07T11:40:29.572677] [WARN] Timeout warning
[2025-11-07T11:40:29.572687] [DEBUG] Loop iteration: 15
[2025-11-07T11:40:29.572690] [DEBUG] Loop iteration: 15
[2025-11-07T11:40:29.572670] [INFO] Service initialized
[2025-11-07T11:40:29.572676] [WARN] High memory usage detected
[2025-11-07T11:40:29.572667] [INFO] Transaction completed
[2025-11-07T11:40:29.572673] [INFO] Configuration loaded
[2025-11-07T11:40:29.572675] [INFO] Health check passed
[2025-11-07T11:40:29.572679] [WARN] Deprecated API usage
[2025-11-07T11:40:29.572674] [INFO] User logged in
[2025-11-07T11:40:29.572685] [DEBUG] HTTP request headers parsed
[2025-11-07T11:40:29.572666] [INFO] User logged in
[2025-11-07T11:40:29.572672] [INFO] Configuration loaded
[2025-11-07T11:40:29.572689] [DEBUG] HTTP request headers parsed
[2025-11-07T11:40:29.572681] [DEBUG] Loop iteration: 15
[2025-11-07T11:40:29.572684] [DEBUG] HTTP request headers parsed
[2025-11-07T11:40:29.572662] [INFO] Transaction completed
[2025-11-07T11:40:29.572664] [INFO] Cache hit
[2025-11-07T11:40:29.572686] [DEBUG] HTTP request headers parsed
[2025-11-07T11:40:29.572665] [INFO] Transaction completed
[2025-11-07T11:40:29.572671] [INFO] User logged in
[2025-11-07T11:40:29.572663] [INFO] Transaction completed
[2025-11-07T11:40:29.572683] [DEBUG] HTTP request headers parsed
[2025-11-07T11:40:29.572660] [INFO] Request processed successfully
[2025-11-07T11:40:29.572678] [WARN] Disk space low
[2025-11-07T11:40:29.572682] [DEBUG] Memory allocation: 2048 bytes
[2025-11-07T11:40:29.572669] [INFO] Connection established
