[2025-11-07T11:40:30.091540] [INFO] Session started
[2025-11-07T11:40:30.091541] [WARN] Cache miss
[2025-11-07T11:40:30.091549] [ERROR] Memory allocation error
[2025-11-07T11:40:30.091558] [DEBUG] Thread pool size: 8
[2025-11-07T11:40:30.091531] [INFO] User logged in
[2025-11-07T11:40:30.091555] [DEBUG] Thread pool size: 8
[2025-11-07T11:40:30.091534] [INFO] Request processed successfully
[2025-11-07T11:40:30.091527] [INFO] Session started
[2025-11-07T11:40:30.091548] [ERROR] Memory allocation error
[2025-11-07T11:40:30.091556] [DEBUG] Buffer size: 4096 bytes
[2025-11-07T11:40:30.091554] [DEBUG] Variable value: x=42
[2025-11-07T11:40:30.091539] [INFO] Connection established
[2025-11-07T11:40:30.091525] [INFO] Configuration loaded
[2025-11-07T11:40:30.091530] [INFO] Health check passed
[2025-11-07T11:40:30.091553] [DEBUG] Entering function process_data()
[2025-11-07T11:40:30.091557] [DEBUG] Thread pool size: 8
[2025-11-07T11:40:30.091537] [INFO] Health check passed
[2025-11-07T11:40:30.091550] [DEBUG] Memory allocation: 2048 bytes
[2025-11-07T11:40:30.091538] [INFO] Connection established
[2025-11-07T11:40:30.091552] [DEBUG] Timer set: 30 seconds
[2025-11-07T11:40:30.091545] [WARN] Deprecated API usage
[2025-11-07T11:40:30.091546] [WARN] Resource threshold approaching
[2025-11-07T11:40:30.091543] [WARN] Queue size growing
[2025-11-07T11:40:30.091551] [DEBUG] Cache key generated
[2025-11-07T11:40:30.091542] [WARN] Queue size growing
[2025-11-07T11:40:30.091535] [INFO] Database query executed
[2025-11-07T11:40:30.091533] [INFO] Transaction completed
[2025-11-07T11:40:30.091532] [INFO] Health check passed
[2025-11-07T11:40:30.091547] [WARN] Disk space low
[2025-11-07T11:40:30.091529] [INFO] Service initialized
[2025-11-07T11:40:30.091528] [INFO] User logged in
[2025-11-07T11:40:30.091536] [INFO] Session started
