[2025-11-07T11:40:29.396257] [INFO] Transaction completed
[2025-11-07T11:40:29.396247] [INFO] Request processed successfully
[2025-11-07T11:40:29.396265] [ERROR] Database connection lost
[2025-11-07T11:40:29.396263] [WARN] Deprecated API usage
[2025-11-07T11:40:29.396271] [DEBUG] Timer set: 30 seconds
[2025-11-07T11:40:29.396252] [INFO] Configuration loaded
[2025-11-07T11:40:29.396266] [ERROR] File not found
[2025-11-07T11:40:29.396263] [WARN] Cache miss
[2025-11-07T11:40:29.396275] [DEBUG] Timer set: 30 seconds
[2025-11-07T11:40:29.396269] [ERROR] Request failed
[2025-11-07T11:40:29.396270] [DEBUG] Buffer size: 4096 bytes
[2025-11-07T11:40:29.396272] [DEBUG] Loop iteration: 15
[2025-11-07T11:40:29.396258] [INFO] Transaction completed
[2025-11-07T11:40:29.396273] [DEBUG] Entering function process_data()
[2025-11-07T11:40:29.396251] [INFO] Request processed successfully
[2025-11-07T11:40:29.396270] [DEBUG] Buffer size: 4096 bytes
[2025-11-07T11:40:29.396249] [INFO] Health check passed
[2025-11-07T11:40:29.396274] [DEBUG] Thread pool size: 8
[2025-11-07T11:40:29.396268] [ERROR] Permission denied
[2025-11-07T11:40:29.396260] [INFO] Configuration loaded
[2025-11-07T11:40:29.396259] [INFO] Transaction completed
[2025-11-07T11:40:29.396277] [DEBUG] Loop iteration: 15
[2025-11-07T11:40:29.396250] [INFO] Database query executed
[2025-11-07T11:40:29.396256] [INFO] Transaction completed
[2025-11-07T11:40:29.396261] [INFO] Health check passed
[2025-11-07T11:40:29.396267] [ERROR] Memory allocation error
[2025-11-07T11:40:29.396253] [INFO] Connection established
[2025-11-07T11:40:29.396254] [INFO] Health check passed
[2025-11-07T11:40:29.396276] [DEBUG] Cache key generated
[2025-11-07T11:40:29.396261] [INFO] Connection established
[2025-11-07T11:40:29.396255] [INFO] Service initialized
