[2025-11-07T11:40:29.432437] [INFO] Request processed successfully
[2025-11-07T11:40:29.432457] [DEBUG] Memory allocation: 2048 bytes
[2025-11-07T11:40:29.432458] [DEBUG] Timer set: 30 seconds
[2025-11-07T11:40:29.432451] [WARN] Cache miss
[2025-11-07T11:40:29.432446] [WARN] Queue size growing
[2025-11-07T11:40:29.432427] [INFO] Health check passed
[2025-11-07T11:40:29.432449] [WARN] Cache miss
[2025-11-07T11:40:29.432459] [DEBUG] Connection pool status checked
[2025-11-07T11:40:29.432452] [WARN] Connection retry attempt
[2025-11-07T11:40:29.432463] [DEBUG] Thread pool size: 8
[2025-11-07T11:40:29.432428] [INFO] Session started
[2025-11-07T11:40:29.432456] [DEBUG] Variable value: x=42
[2025-11-07T11:40:29.432445] [INFO] Database query executed
[2025-11-07T11:40:29.432441] [INFO] User logged in
[2025-11-07T11:40:29.432444] [INFO] Service initialized
[2025-11-07T11:40:29.432453] [WARN] Queue size growing
[2025-11-07T11:40:29.432447] [WARN] Deprecated API usage
[2025-11-07T11:40:29.432434] [INFO] Configuration loaded
[2025-11-07T11:40:29.432429] [INFO] Request processed successfully
[2025-11-07T11:40:29.432440] [INFO] Session started
[2025-11-07T11:40:29.432438] [INFO] User logged in
[2025-11-07T11:40:29.432431] [INFO] Request processed successfully
[2025-11-07T11:40:29.432436] [INFO] Service initialized
[2025-11-07T11:40:29.432435] [INFO] Request processed successfully
[2025-11-07T11:40:29.432460] [DEBUG] HTTP request headers parsed
[2025-11-07T11:40:29.432462] [DEBUG] Cache key generated
[2025-11-07T11:40:29.432454] [WARN] Deprecated API usage
[2025-11-07T11:40:29.432433] [INFO] Connection established
[2025-11-07T11:40:29.432439] [INFO] Database query executed
[2025-11-07T11:40:29.432455] [ERROR] Service unavailable
[2025-11-07T11:40:29.432448] [WARN] Queue size growing
[2025-11-07T11:40:29.432430] [INFO] User logged in
[2025-11-07T11:40:29.432442] [INFO] Health check passed
[2025-11-07T11:40:29.432461] [DEBUG] Buffer size: 4096 bytes
[2025-11-07T11:40:29.432464] [DEBUG] Entering function process_data()
[2025-11-07T11:40:29.432432] [INFO] User logged in
[2025-11-07T11:40:29.432450] [WARN] Resource threshold approaching
