[2025-11-07T11:40:30.104594] [DEBUG] Loop iteration: 15
[2025-11-07T11:40:30.104575] [INFO] Cache hit
[2025-11-07T11:40:30.104580] [INFO] Transaction completed
[2025-11-07T11:40:30.104583] [INFO] Connection established
[2025-11-07T11:40:30.104585] [WARN] Timeout warning
[2025-11-07T11:40:30.104591] [DEBUG] Connection pool status checked
[2025-11-07T11:40:30.104573] [INFO] Session started
[2025-11-07T11:40:30.104593] [DEBUG] Connection pool status checked
[2025-11-07T11:40:30.104598] [DEBUG] Entering function process_data()
[2025-11-07T11:40:30.104598] [DEBUG] Loop iteration: 15
[2025-11-07T11:40:30.104572] [INFO] Connection established
[2025-11-07T11:40:30.104590] [ERROR] Memory allocation error
[2025-11-07T11:40:30.104587] [WARN] Disk space low
[2025-11-07T11:40:30.104596] [DEBUG] Connection pool status checked
[2025-11-07T11:40:30.104576] [INFO] Database query executed
[2025-11-07T11:40:30.104586] [WARN] Cache miss
[2025-11-07T11:40:30.104584] [INFO] Cache hit
[2025-11-07T11:40:30.104569] [INFO] Service initialized
[2025-11-07T11:40:30.104589] [WARN] Deprecated API usage
[2025-11-07T11:40:30.104574] [INFO] Session started
[2025-11-07T11:40:30.104579] [INFO] Health check passed
[2025-11-07T11:40:30.104588] [WARN] High memory usage detected
[2025-11-07T11:40:30.104571] [INFO] Request processed successfully
[2025-11-07T11:40:30.104582] [INFO] Request processed successfully
[2025-11-07T11:40:30.104597] [DEBUG] Thread pool size: 8
[2025-11-07T11:40:30.104577] [INFO] User logged in
[2025-11-07T11:40:30.104578] [INFO] Transaction completed
[2025-11-07T11:40:30.104595] [DEBUG] Connection pool status checked
[2025-11-07T11:40:30.104581] [INFO] Transaction completed
[2025-11-07T11:40:30.104592] [DEBUG] HTTP request headers parsed
[2025-11-07T11:40:30.104570] [INFO] Connection established
