[2025-11-07T11:40:29.609487] [INFO] Service initialized
[2025-11-07T11:40:29.609501] [ERROR] Invalid input data
[2025-11-07T11:40:29.609498] [WARN] Timeout warning
[2025-11-07T11:40:29.609484] [INFO] Request processed successfully
[2025-11-07T11:40:29.609493] [INFO] Configuration loaded
[2025-11-07T11:40:29.609506] [DEBUG] Entering function process_data()
[2025-11-07T11:40:29.609499] [WARN] Rate limit approaching
[2025-11-07T11:40:29.609511] [DEBUG] HTTP request headers parsed
[2025-11-07T11:40:29.609482] [INFO] Configuration loaded
[2025-11-07T11:40:29.609495] [INFO] Transaction completed
[2025-11-07T11:40:29.609478] [INFO] Service initialized
[2025-11-07T11:40:29.609497] [WARN] High memory usage detected
[2025-11-07T11:40:29.609483] [INFO] Health check passed
[2025-11-07T11:40:29.609505] [DEBUG] Thread pool size: 8
[2025-11-07T11:40:29.609488] [INFO] Database query executed
[2025-11-07T11:40:29.609503] [DEBUG] Loop iteration: 15
[2025-11-07T11:40:29.609507] [DEBUG] Connection pool status checked
[2025-11-07T11:40:29.609494] [INFO] User logged in
[2025-11-07T11:40:29.609492] [INFO] Connection established
[2025-11-07T11:40:29.609501] [ERROR] Memory allocation error
[2025-11-07T11:40:29.609490] [INFO] Session started
[2025-11-07T11:40:29.609504] [DEBUG] Cache key generated
[2025-11-07T11:40:29.609477] [INFO] Session started
[2025-11-07T11:40:29.609508] [DEBUG] Timer set: 30 seconds
[2025-11-07T11:40:29.609510] [DEBUG] Entering function process_data()
[2025-11-07T11:40:29.609509] [DEBUG] Entering function process_data()
[2025-11-07T11:40:29.609489] [INFO] Health check passed
[2025-11-07T11:40:29.609496] [INFO] Configuration loaded
[2025-11-07T11:40:29.609486] [INFO] Request processed successfully
[2025-11-07T11:40:29.609499] [WARN] Deprecated API usage
[2025-11-07T11:40:29.609481] [INFO] Cache hit
[2025-11-07T11:40:29.609479] [INFO] Configuration loaded
[2025-11-07T11:40:29.609485] [INFO] Connection established
[2025-11-07T11:40:29.609491] [INFO] Configuration loaded
