[2025-11-07T11:40:30.366254] [INFO] Database query executed
[2025-11-07T11:40:30.366253] [INFO] Health check passed
[2025-11-07T11:40:30.366262] [ERROR] File not found
[2025-11-07T11:40:30.366248] [INFO] Cache hit
[2025-11-07T11:40:30.366241] [INFO] Cache hit
[2025-11-07T11:40:30.366256] [INFO] User logged in
[2025-11-07T11:40:30.366245] [INFO] Service initialized
[2025-11-07T11:40:30.366246] [INFO] Transaction completed
[2025-11-07T11:40:30.366243] [INFO] Request processed successfully
[2025-11-07T11:40:30.366259] [WARN] Queue size growing
[2025-11-07T11:40:30.366250] [INFO] Cache hit
[2025-11-07T11:40:30.366252] [INFO] Connection established
[2025-11-07T11:40:30.366268] [DEBUG] Memory allocation: 2048 bytes
[2025-11-07T11:40:30.366257] [WARN] Rate limit approaching
[2025-11-07T11:40:30.366247] [INFO] Session started
[2025-11-07T11:40:30.366270] [DEBUG] Memory allocation: 2048 bytes
[2025-11-07T11:40:30.366244] [INFO] Service initialized
[2025-11-07T11:40:30.366263] [DEBUG] Timer set: 30 seconds
[2025-11-07T11:40:30.366264] [DEBUG] HTTP request headers parsed
[2025-11-07T11:40:30.366266] [DEBUG] Variable value: x=42
[2025-11-07T11:40:30.366265] [DEBUG] HTTP request headers parsed
[2025-11-07T11:40:30.366258] [WARN] Slow query performance
[2025-11-07T11:40:30.366255] [INFO] Request processed successfully
[2025-11-07T11:40:30.366267] [DEBUG] Buffer size: 4096 bytes
[2025-11-07T11:40:30.366261] [ERROR] Authentication failed
[2025-11-07T11:40:30.366242] [INFO] Connection established
[2025-11-07T11:40:30.366251] [INFO] Health check passed
[2025-11-07T11:40:30.366271] [DEBUG] Cache key generated
[2025-11-07T11:40:30.366249] [INFO] User logged in
[2025-11-07T11:40:30.366260] [WARN] Slow query performance
[2025-11-07T11:40:30.366269] [DEBUG] Cache key generated
