[2025-11-07T11:40:30.027919] [DEBUG] Timer set: 30 seconds
[2025-11-07T11:40:30.027905] [WARN] Slow query performance
[2025-11-07T11:40:30.027897] [INFO] Database query executed
[2025-11-07T11:40:30.027906] [WARN] Deprecated API usage
[2025-11-07T11:40:30.027918] [DEBUG] Variable value: x=42
[2025-11-07T11:40:30.027907] [WARN] Resource threshold approaching
[2025-11-07T11:40:30.027903] [INFO] User logged in
[2025-11-07T11:40:30.027891] [INFO] Database query executed
[2025-11-07T11:40:30.027894] [INFO] Service initialized
[2025-11-07T11:40:30.027898] [INFO] Cache hit
[2025-11-07T11:40:30.027920] [DEBUG] Buffer size: 4096 bytes
[2025-11-07T11:40:30.027909] [ERROR] File not found
[2025-11-07T11:40:30.027917] [DEBUG] HTTP request headers parsed
[2025-11-07T11:40:30.027916] [DEBUG] Loop iteration: 15
[2025-11-07T11:40:30.027889] [INFO] Request processed successfully
[2025-11-07T11:40:30.027914] [DEBUG] Variable value: x=42
[2025-11-07T11:40:30.027893] [INFO] Database query executed
[2025-11-07T11:40:30.027892] [INFO] Health check passed
[2025-11-07T11:40:30.027887] [INFO] Session started
[2025-11-07T11:40:30.027899] [INFO] User logged in
[2025-11-07T11:40:30.027885] [INFO] Database query executed
[2025-11-07T11:40:30.027900] [INFO] User logged in
[2025-11-07T11:40:30.027913] [DEBUG] Loop iteration: 15
[2025-11-07T11:40:30.027888] [INFO] Service initialized
[2025-11-07T11:40:30.027908] [WARN] Resource threshold approaching
[2025-11-07T11:40:30.027896] [INFO] Connection established
[2025-11-07T11:40:30.027910] [ERROR] Network timeout
[2025-11-07T11:40:30.027902] [INFO] Configuration loaded
[2025-11-07T11:40:30.027915] [DEBUG] Cache key generated
[2025-11-07T11:40:30.027904] [INFO] Database query executed
[2025-11-07T11:40:30.027901] [INFO] Transaction completed
[2025-11-07T11:40:30.027895] [INFO] Transaction completed
[2025-11-07T11:40:30.027890] [INFO] Service initialized
[2025-11-07T11:40:30.027912] [DEBUG] Buffer size: 4096 bytes
