[2025-11-07T11:40:29.649002] [INFO] Transaction completed
[2025-11-07T11:40:29.649011] [ERROR] Network timeout
[2025-11-07T11:40:29.649005] [INFO] Configuration loaded
[2025-11-07T11:40:29.648997] [INFO] Request processed successfully
[2025-11-07T11:40:29.649010] [WARN] Deprecated API usage
[2025-11-07T11:40:29.648993] [INFO] Session started
[2025-11-07T11:40:29.648999] [INFO] Connection established
[2025-11-07T11:40:29.649016] [DEBUG] Memory allocation: 2048 bytes
[2025-11-07T11:40:29.649021] [DEBUG] Cache key generated
[2025-11-07T11:40:29.649006] [INFO] Connection established
[2025-11-07T11:40:29.649001] [INFO] Service initialized
[2025-11-07T11:40:29.648998] [INFO] Transaction completed
[2025-11-07T11:40:29.649024] [DEBUG] Memory allocation: 2048 bytes
[2025-11-07T11:40:29.649000] [INFO] Connection established
[2025-11-07T11:40:29.649022] [DEBUG] Loop iteration: 15
[2025-11-07T11:40:29.649007] [INFO] Database query executed
[2025-11-07T11:40:29.648991] [INFO] Connection established
[2025-11-07T11:40:29.649018] [DEBUG] Thread pool size: 8
[2025-11-07T11:40:29.649020] [DEBUG] Memory allocation: 2048 bytes
[2025-11-07T11:40:29.648996] [INFO] Transaction completed
[2025-11-07T11:40:29.649004] [INFO] Cache hit
[2025-11-07T11:40:29.649015] [ERROR] Disk read failed
[2025-11-07T11:40:29.649009] [WARN] Resource threshold approaching
[2025-11-07T11:40:29.648994] [INFO] Transaction completed
[2025-11-07T11:40:29.649017] [DEBUG] Entering function process_data()
[2025-11-07T11:40:29.649014] [ERROR] Memory allocation error
[2025-11-07T11:40:29.649012] [ERROR] Request failed
[2025-11-07T11:40:29.648995] [INFO] Database query executed
[2025-11-07T11:40:29.649019] [DEBUG] Variable value: x=42
[2025-11-07T11:40:29.649023] [DEBUG] Variable value: x=42
[2025-11-07T11:40:29.649003] [INFO] Configuration loaded
[2025-11-07T11:40:29.649008] [WARN] Slow query performance
