[2025-11-07T11:40:30.327940] [WARN] Resource threshold approaching
[2025-11-07T11:40:30.327937] [INFO] Cache hit
[2025-11-07T11:40:30.327932] [INFO] Request processed successfully
[2025-11-07T11:40:30.327925] [INFO] Database query executed
[2025-11-07T11:40:30.327933] [INFO] Session started
[2025-11-07T11:40:30.327923] [INFO] Connection established
[2025-11-07T11:40:30.327948] [DEBUG] Entering function process_data()
[2025-11-07T11:40:30.327943] [ERROR] Service unavailable
[2025-11-07T11:40:30.327936] [INFO] Session started
[2025-11-07T11:40:30.327939] [WARN] High memory usage detected
[2025-11-07T11:40:30.327934] [INFO] Connection established
[2025-11-07T11:40:30.327930] [INFO] Configuration loaded
[2025-11-07T11:40:30.327947] [DEBUG] HTTP request headers parsed
[2025-11-07T11:40:30.327921] [INFO] Service initialized
[2025-11-07T11:40:30.327945] [DEBUG] Thread pool size: 8
[2025-11-07T11:40:30.327938] [WARN] High memory usage detected
[2025-11-07T11:40:30.327935] [INFO] Configuration loaded
[2025-11-07T11:40:30.327929] [INFO] Transaction completed
[2025-11-07T11:40:30.327941] [WARN] Disk space low
[2025-11-07T11:40:30.327946] [DEBUG] Variable value: x=42
[2025-11-07T11:40:30.327949] [DEBUG] Thread pool size: 8
[2025-11-07T11:40:30.327931] [INFO] Database query executed
[2025-11-07T11:40:30.327927] [INFO] User logged in
[2025-11-07T11:40:30.327928] [INFO] Connection established
[2025-11-07T11:40:30.327926] [INFO] Service initialized
[2025-11-07T11:40:30.327950] [DEBUG] Thread pool size: 8
[2025-11-07T11:40:30.327942] [ERROR] Authentication failed
[2025-11-07T11:40:30.327924] [INFO] Request processed successfully
