[2025-11-07T11:40:30.331087] [WARN] Cache miss
[2025-11-07T11:40:30.331069] [INFO] User logged in
[2025-11-07T11:40:30.331085] [WARN] Rate limit approaching
[2025-11-07T11:40:30.331077] [INFO] Request processed successfully
[2025-11-07T11:40:30.331093] [DEBUG] Thread pool size: 8
[2025-11-07T11:40:30.331068] [INFO] Database query executed
[2025-11-07T11:40:30.331073] [INFO] User logged in
[2025-11-07T11:40:30.331090] [DEBUG] Variable value: x=42
[2025-11-07T11:40:30.331067] [INFO] Configuration loaded
[2025-11-07T11:40:30.331083] [WARN] Resource threshold approaching
[2025-11-07T11:40:30.331080] [INFO] Service initialized
[2025-11-07T11:40:30.331078] [INFO] Request processed successfully
[2025-11-07T11:40:30.331070] [INFO] Configuration loaded
[2025-11-07T11:40:30.331071] [INFO] Health check passed
[2025-11-07T11:40:30.331092] [DEBUG] Cache key generated
[2025-11-07T11:40:30.331089] [ERROR] Memory allocation error
[2025-11-07T11:40:30.331088] [ERROR] Permission denied
[2025-11-07T11:40:30.331081] [INFO] Database query executed
[2025-11-07T11:40:30.331074] [INFO] Service initialized
[2025-11-07T11:40:30.331084] [WARN] Deprecated API usage
[2025-11-07T11:40:30.331066] [INFO] Cache hit
[2025-11-07T11:40:30.331094] [DEBUG] Thread pool size: 8
[2025-11-07T11:40:30.331091] [DEBUG] Cache key generated
[2025-11-07T11:40:30.331077] [INFO] User logged in
[2025-11-07T11:40:30.331079] [INFO] Database query executed
[2025-11-07T11:40:30.331072] [INFO] Configuration loaded
[2025-11-07T11:40:30.331082] [INFO] Request processed successfully
[2025-11-07T11:40:30.331095] [DEBUG] Loop iteration: 15
[2025-11-07T11:40:30.331075] [INFO] User logged in
