[2025-11-07T11:40:29.897959] [WARN] Cache miss
[2025-11-07T11:40:29.897945] [INFO] User logged in
[2025-11-07T11:40:29.897963] [ERROR] Disk read failed
[2025-11-07T11:40:29.897954] [INFO] Configuration loaded
[2025-11-07T11:40:29.897964] [ERROR] File not found
[2025-11-07T11:40:29.897957] [INFO] Database query executed
[2025-11-07T11:40:29.897968] [DEBUG] Connection pool status checked
[2025-11-07T11:40:29.897944] [INFO] Request processed successfully
[2025-11-07T11:40:29.897951] [INFO] Database query executed
[2025-11-07T11:40:29.897947] [INFO] Transaction completed
[2025-11-07T11:40:29.897955] [INFO] Database query executed
[2025-11-07T11:40:29.897948] [INFO] Transaction completed
[2025-11-07T11:40:29.897952] [INFO] Database query executed
[2025-11-07T11:40:29.897950] [INFO] Session started
[2025-11-07T11:40:29.897949] [INFO] User logged in
[2025-11-07T11:40:29.897960] [WARN] High memory usage detected
[2025-11-07T11:40:29.897966] [DEBUG] Memory allocation: 2048 bytes
[2025-11-07T11:40:29.897971] [DEBUG] Timer set: 30 seconds
[2025-11-07T11:40:29.897962] [WARN] Queue size growing
[2025-11-07T11:40:29.897958] [INFO] Health check passed
[2025-11-07T11:40:29.897965] [DEBUG] Loop iteration: 15
[2025-11-07T11:40:29.897946] [INFO] Transaction completed
[2025-11-07T11:40:29.897961] [WARN] Queue size growing
[2025-11-07T11:40:29.897969] [DEBUG] Variable value: x=42
[2025-11-07T11:40:29.897942] [INFO] User logged in
[2025-11-07T11:40:29.897967] [DEBUG] Variable value: x=42
[2025-11-07T11:40:29.897970] [DEBUG] Loop iteration: 15
[2025-11-07T11:40:29.897956] [INFO] Service initialized
[2025-11-07T11:40:29.897953] [INFO] Session started
