[2025-11-07T11:40:30.009381] [DEBUG] Timer set: 30 seconds
[2025-11-07T11:40:30.009360] [INFO] Session started
[2025-11-07T11:40:30.009367] [INFO] Health check passed
[2025-11-07T11:40:30.009369] [INFO] Service initialized
[2025-11-07T11:40:30.009374] [WARN] Timeout warning
[2025-11-07T11:40:30.009371] [INFO] Configuration loaded
[2025-11-07T11:40:30.009376] [WARN] Queue size growing
[2025-11-07T11:40:30.009389] [DEBUG] Connection pool status checked
[2025-11-07T11:40:30.009380] [ERROR] Authentication failed
[2025-11-07T11:40:30.009372] [INFO] Transaction completed
[2025-11-07T11:40:30.009365] [INFO] Request processed successfully
[2025-11-07T11:40:30.009364] [INFO] Database query executed
[2025-11-07T11:40:30.009362] [INFO] Configuration loaded
[2025-11-07T11:40:30.009373] [WARN] Slow query performance
[2025-11-07T11:40:30.009366] [INFO] Connection established
[2025-11-07T11:40:30.009385] [DEBUG] Timer set: 30 seconds
[2025-11-07T11:40:30.009387] [DEBUG] Memory allocation: 2048 bytes
[2025-11-07T11:40:30.009383] [DEBUG] Connection pool status checked
[2025-11-07T11:40:30.009358] [INFO] Request processed successfully
[2025-11-07T11:40:30.009370] [INFO] Transaction completed
[2025-11-07T11:40:30.009377] [WARN] Timeout warning
[2025-11-07T11:40:30.009368] [INFO] Request processed successfully
[2025-11-07T11:40:30.009386] [DEBUG] Timer set: 30 seconds
[2025-11-07T11:40:30.009363] [INFO] Cache hit
[2025-11-07T11:40:30.009378] [WARN] High memory usage detected
[2025-11-07T11:40:30.009361] [INFO] Connection established
[2025-11-07T11:40:30.009388] [DEBUG] Thread pool size: 8
[2025-11-07T11:40:30.009382] [DEBUG] Variable value: x=42
[2025-11-07T11:40:30.009359] [INFO] Configuration loaded
[2025-11-07T11:40:30.009375] [WARN] Slow query performance
[2025-11-07T11:40:30.009384] [DEBUG] Variable value: x=42
