[2025-11-07T11:40:29.831582] [DEBUG] Variable value: x=42
[2025-11-07T11:40:29.831564] [INFO] Connection established
[2025-11-07T11:40:29.831554] [INFO] Health check passed
[2025-11-07T11:40:29.831571] [WARN] Slow query performance
[2025-11-07T11:40:29.831577] [DEBUG] Timer set: 30 seconds
[2025-11-07T11:40:29.831562] [INFO] Session started
[2025-11-07T11:40:29.831579] [DEBUG] Cache key generated
[2025-11-07T11:40:29.831558] [INFO] Service initialized
[2025-11-07T11:40:29.831576] [DEBUG] Timer set: 30 seconds
[2025-11-07T11:40:29.831573] [ERROR] File not found
[2025-11-07T11:40:29.831560] [INFO] Configuration loaded
[2025-11-07T11:40:29.831559] [INFO] Connection established
[2025-11-07T11:40:29.831563] [INFO] Cache hit
[2025-11-07T11:40:29.831556] [INFO] Transaction completed
[2025-11-07T11:40:29.831555] [INFO] User logged in
[2025-11-07T11:40:29.831574] [ERROR] Memory allocation error
[2025-11-07T11:40:29.831561] [INFO] Request processed successfully
[2025-11-07T11:40:29.831581] [DEBUG] HTTP request headers parsed
[2025-11-07T11:40:29.831575] [DEBUG] Buffer size: 4096 bytes
[2025-11-07T11:40:29.831567] [WARN] Disk space low
[2025-11-07T11:40:29.831583] [DEBUG] Buffer size: 4096 bytes
[2025-11-07T11:40:29.831570] [WARN] High memory usage detected
[2025-11-07T11:40:29.831568] [WARN] Timeout warning
[2025-11-07T11:40:29.831572] [WARN] Timeout warning
[2025-11-07T11:40:29.831569] [WARN] Cache miss
[2025-11-07T11:40:29.831578] [DEBUG] HTTP request headers parsed
[2025-11-07T11:40:29.831580] [DEBUG] Entering function process_data()
[2025-11-07T11:40:29.831566] [INFO] Health check passed
[2025-11-07T11:40:29.831565] [INFO] Request processed successfully
