[2025-11-07T11:40:29.795433] [INFO] Configuration loaded
[2025-11-07T11:40:29.795441] [INFO] Cache hit
[2025-11-07T11:40:29.795430] [INFO] Connection established
[2025-11-07T11:40:29.795439] [INFO] User logged in
[2025-11-07T11:40:29.795436] [INFO] Database query executed
[2025-11-07T11:40:29.795444] [WARN] Queue size growing
[2025-11-07T11:40:29.795429] [INFO] Request processed successfully
[2025-11-07T11:40:29.795434] [INFO] Cache hit
[2025-11-07T11:40:29.795435] [INFO] Connection established
[2025-11-07T11:40:29.795446] [WARN] Cache miss
[2025-11-07T11:40:29.795438] [INFO] Cache hit
[2025-11-07T11:40:29.795440] [INFO] Transaction completed
[2025-11-07T11:40:29.795437] [INFO] Configuration loaded
[2025-11-07T11:40:29.795448] [DEBUG] Cache key generated
[2025-11-07T11:40:29.795452] [DEBUG] Cache key generated
[2025-11-07T11:40:29.795424] [INFO] Transaction completed
[2025-11-07T11:40:29.795445] [WARN] Rate limit approaching
[2025-11-07T11:40:29.795449] [DEBUG] Connection pool status checked
[2025-11-07T11:40:29.795428] [INFO] Request processed successfully
[2025-11-07T11:40:29.795453] [DEBUG] Entering function process_data()
[2025-11-07T11:40:29.795443] [WARN] Resource threshold approaching
[2025-11-07T11:40:29.795451] [DEBUG] Cache key generated
[2025-11-07T11:40:29.795450] [DEBUG] Timer set: 30 seconds
[2025-11-07T11:40:29.795427] [INFO] Database query executed
[2025-11-07T11:40:29.795426] [INFO] Session started
[2025-11-07T11:40:29.795454] [DEBUG] Timer set: 30 seconds
[2025-11-07T11:40:29.795431] [INFO] User logged in
[2025-11-07T11:40:29.795447] [ERROR] Request failed
[2025-11-07T11:40:29.795432] [INFO] Cache hit
