[2025-11-07T11:40:29.755007] [DEBUG] Loop iteration: 15
[2025-11-07T11:40:29.755004] [DEBUG] Timer set: 30 seconds
[2025-11-07T11:40:29.755010] [DEBUG] Loop iteration: 15
[2025-11-07T11:40:29.754990] [INFO] User logged in
[2025-11-07T11:40:29.754989] [INFO] User logged in
[2025-11-07T11:40:29.755001] [DEBUG] Thread pool size: 8
[2025-11-07T11:40:29.754979] [INFO] Health check passed
[2025-11-07T11:40:29.754983] [INFO] User logged in
[2025-11-07T11:40:29.754996] [INFO] Database query executed
[2025-11-07T11:40:29.754994] [INFO] Cache hit
[2025-11-07T11:40:29.754992] [INFO] Configuration loaded
[2025-11-07T11:40:29.755008] [DEBUG] Connection pool status checked
[2025-11-07T11:40:29.755000] [ERROR] Authentication failed
[2025-11-07T11:40:29.754987] [INFO] User logged in
[2025-11-07T11:40:29.754991] [INFO] Database query executed
[2025-11-07T11:40:29.754993] [INFO] Connection established
[2025-11-07T11:40:29.755003] [DEBUG] Thread pool size: 8
[2025-11-07T11:40:29.754999] [ERROR] Disk read failed
[2025-11-07T11:40:29.754997] [INFO] Request processed successfully
[2025-11-07T11:40:29.754988] [INFO] Connection established
[2025-11-07T11:40:29.755005] [DEBUG] HTTP request headers parsed
[2025-11-07T11:40:29.755002] [DEBUG] Cache key generated
[2025-11-07T11:40:29.754981] [INFO] User logged in
[2025-11-07T11:40:29.754982] [INFO] Transaction completed
[2025-11-07T11:40:29.755009] [DEBUG] Thread pool size: 8
[2025-11-07T11:40:29.754998] [WARN] Cache miss
