[2025-11-07T11:40:29.513628] [INFO] Transaction completed
[2025-11-07T11:40:29.513646] [DEBUG] Connection pool status checked
[2025-11-07T11:40:29.513639] [WARN] Queue size growing
[2025-11-07T11:40:29.513625] [INFO] Request processed successfully
[2025-11-07T11:40:29.513637] [WARN] Connection retry attempt
[2025-11-07T11:40:29.513624] [INFO] Session started
[2025-11-07T11:40:29.513638] [WARN] Connection retry attempt
[2025-11-07T11:40:29.513649] [DEBUG] Timer set: 30 seconds
[2025-11-07T11:40:29.513627] [INFO] Connection established
[2025-11-07T11:40:29.513636] [WARN] Timeout warning
[2025-11-07T11:40:29.513645] [DEBUG] Loop iteration: 15
[2025-11-07T11:40:29.513650] [DEBUG] Connection pool status checked
[2025-11-07T11:40:29.513631] [INFO] Service initialized
[2025-11-07T11:40:29.513626] [INFO] Configuration loaded
[2025-11-07T11:40:29.513635] [WARN] Timeout warning
[2025-11-07T11:40:29.513642] [DEBUG] Thread pool size: 8
[2025-11-07T11:40:29.513623] [INFO] Cache hit
[2025-11-07T11:40:29.513644] [DEBUG] Memory allocation: 2048 bytes
[2025-11-07T11:40:29.513647] [DEBUG] Connection pool status checked
[2025-11-07T11:40:29.513634] [INFO] Database query executed
[2025-11-07T11:40:29.513621] [INFO] Configuration loaded
[2025-11-07T11:40:29.513633] [INFO] Service initialized
[2025-11-07T11:40:29.513641] [ERROR] Request failed
[2025-11-07T11:40:29.513629] [INFO] Request processed successfully
[2025-11-07T11:40:29.513643] [DEBUG] Loop iteration: 15
[2025-11-07T11:40:29.513630] [INFO] Connection established
[2025-11-07T11:40:29.513632] [INFO] Service initialized
[2025-11-07T11:40:29.513648] [DEBUG] Connection pool status checked
[2025-11-07T11:40:29.513640] [ERROR] Network timeout
