[2025-11-07T11:40:29.455578] [INFO] Request processed successfully
[2025-11-07T11:40:29.455594] [DEBUG] Thread pool size: 8
[2025-11-07T11:40:29.455593] [DEBUG] Variable value: x=42
[2025-11-07T11:40:29.455566] [INFO] User logged in
[2025-11-07T11:40:29.455557] [INFO] Request processed successfully
[2025-11-07T11:40:29.455559] [INFO] Connection established
[2025-11-07T11:40:29.455581] [WARN] Queue size growing
[2025-11-07T11:40:29.455579] [INFO] Cache hit
[2025-11-07T11:40:29.455563] [INFO] Transaction completed
[2025-11-07T11:40:29.455582] [WARN] Cache miss
[2025-11-07T11:40:29.455555] [INFO] Transaction completed
[2025-11-07T11:40:29.455587] [DEBUG] Loop iteration: 15
[2025-11-07T11:40:29.455564] [INFO] Database query executed
[2025-11-07T11:40:29.455580] [INFO] Session started
[2025-11-07T11:40:29.455562] [INFO] Database query executed
[2025-11-07T11:40:29.455586] [ERROR] Permission denied
[2025-11-07T11:40:29.455584] [WARN] Connection retry attempt
[2025-11-07T11:40:29.455558] [INFO] Cache hit
[2025-11-07T11:40:29.455589] [DEBUG] Variable value: x=42
[2025-11-07T11:40:29.455590] [DEBUG] Variable value: x=42
[2025-11-07T11:40:29.455561] [INFO] Configuration loaded
[2025-11-07T11:40:29.455592] [DEBUG] Entering function process_data()
[2025-11-07T11:40:29.455596] [DEBUG] Connection pool status checked
[2025-11-07T11:40:29.455588] [DEBUG] Memory allocation: 2048 bytes
[2025-11-07T11:40:29.455595] [DEBUG] Connection pool status checked
[2025-11-07T11:40:29.455583] [WARN] Rate limit approaching
[2025-11-07T11:40:29.455560] [INFO] Transaction completed
[2025-11-07T11:40:29.455565] [INFO] Cache hit
[2025-11-07T11:40:29.455568] [INFO] Service initialized
[2025-11-07T11:40:29.455585] [ERROR] Request failed
[2025-11-07T11:40:29.455576] [INFO] Transaction completed
[2025-11-07T11:40:29.455566] [INFO] Transaction completed
[2025-11-07T11:40:29.455575] [INFO] User logged in
