[2025-11-07T11:40:30.062312] [DEBUG] Connection pool status checked
[2025-11-07T11:40:30.062289] [INFO] Connection established
[2025-11-07T11:40:30.062302] [WARN] Queue size growing
[2025-11-07T11:40:30.062299] [WARN] Rate limit approaching
[2025-11-07T11:40:30.062296] [WARN] Queue size growing
[2025-11-07T11:40:30.062303] [ERROR] File not found
[2025-11-07T11:40:30.062309] [DEBUG] Loop iteration: 15
[2025-11-07T11:40:30.062290] [INFO] Database query executed
[2025-11-07T11:40:30.062314] [DEBUG] Entering function process_data()
[2025-11-07T11:40:30.062308] [DEBUG] Cache key generated
[2025-11-07T11:40:30.062294] [INFO] Health check passed
[2025-11-07T11:40:30.062291] [INFO] Database query executed
[2025-11-07T11:40:30.062310] [DEBUG] Connection pool status checked
[2025-11-07T11:40:30.062285] [INFO] Session started
[2025-11-07T11:40:30.062305] [DEBUG] Variable value: x=42
[2025-11-07T11:40:30.062284] [INFO] Health check passed
[2025-11-07T11:40:30.062288] [INFO] Cache hit
[2025-11-07T11:40:30.062283] [INFO] Transaction completed
[2025-11-07T11:40:30.062286] [INFO] User logged in
[2025-11-07T11:40:30.062313] [DEBUG] Memory allocation: 2048 bytes
[2025-11-07T11:40:30.062307] [DEBUG] Thread pool size: 8
[2025-11-07T11:40:30.062295] [WARN] Disk space low
[2025-11-07T11:40:30.062300] [WARN] Resource threshold approaching
[2025-11-07T11:40:30.062292] [INFO] Connection established
[2025-11-07T11:40:30.062281] [INFO] Database query executed
[2025-11-07T11:40:30.062278] [INFO] Transaction completed
[2025-11-07T11:40:30.062293] [INFO] Configuration loaded
[2025-11-07T11:40:30.062287] [INFO] Cache hit
[2025-11-07T11:40:30.062311] [DEBUG] Timer set: 30 seconds
[2025-11-07T11:40:30.062306] [DEBUG] Memory allocation: 2048 bytes
[2025-11-07T11:40:30.062297] [WARN] Queue size growing
[2025-11-07T11:40:30.062301] [WARN] Deprecated API usage
[2025-11-07T11:40:30.062298] [WARN] Timeout warning
[2025-11-07T11:40:30.062280] [INFO] Session started
[2025-11-07T11:40:30.062279] [INFO] Request processed successfully
[2025-11-07T11:40:30.062304] [DEBUG] Cache key generated
[2025-11-07T11:40:30.062282] [INFO] Request processed successfully
