[2025-11-07T11:40:29.808813] [INFO] Database query executed
[2025-11-07T11:40:29.808820] [INFO] Session started
[2025-11-07T11:40:29.808836] [DEBUG] Memory allocation: 2048 bytes
[2025-11-07T11:40:29.808814] [INFO] Session started
[2025-11-07T11:40:29.808819] [INFO] Request processed successfully
[2025-11-07T11:40:29.808825] [WARN] Disk space low
[2025-11-07T11:40:29.808840] [DEBUG] Cache key generated
[2025-11-07T11:40:29.808826] [WARN] Timeout warning
[2025-11-07T11:40:29.808817] [INFO] Database query executed
[2025-11-07T11:40:29.808837] [DEBUG] Memory allocation: 2048 bytes
[2025-11-07T11:40:29.808828] [WARN] Timeout warning
[2025-11-07T11:40:29.808811] [INFO] Transaction completed
[2025-11-07T11:40:29.808834] [DEBUG] Connection pool status checked
[2025-11-07T11:40:29.808823] [INFO] Health check passed
[2025-11-07T11:40:29.808809] [INFO] Connection established
[2025-11-07T11:40:29.808824] [INFO] Request processed successfully
[2025-11-07T11:40:29.808833] [DEBUG] Memory allocation: 2048 bytes
[2025-11-07T11:40:29.808838] [DEBUG] Memory allocation: 2048 bytes
[2025-11-07T11:40:29.808818] [INFO] User logged in
[2025-11-07T11:40:29.808831] [ERROR] Database connection lost
[2025-11-07T11:40:29.808830] [WARN] Resource threshold approaching
[2025-11-07T11:40:29.808812] [INFO] Request processed successfully
[2025-11-07T11:40:29.808816] [INFO] Health check passed
[2025-11-07T11:40:29.808832] [ERROR] Request failed
[2025-11-07T11:40:29.808815] [INFO] User logged in
[2025-11-07T11:40:29.808835] [DEBUG] Entering function process_data()
[2025-11-07T11:40:29.808829] [WARN] Resource threshold approaching
[2025-11-07T11:40:29.808821] [INFO] User logged in
[2025-11-07T11:40:29.808841] [DEBUG] Connection pool status checked
[2025-11-07T11:40:29.808822] [INFO] Session started
[2025-11-07T11:40:29.808839] [DEBUG] Buffer size: 4096 bytes
