[2025-11-07T11:40:29.492145] [INFO] Configuration loaded
[2025-11-07T11:40:29.492142] [INFO] Connection established
[2025-11-07T11:40:29.492148] [WARN] Cache miss
[2025-11-07T11:40:29.492147] [WARN] High memory usage detected
[2025-11-07T11:40:29.492155] [DEBUG] Thread pool size: 8
[2025-11-07T11:40:29.492152] [WARN] Queue size growing
[2025-11-07T11:40:29.492143] [INFO] Service initialized
[2025-11-07T11:40:29.492140] [INFO] User logged in
[2025-11-07T11:40:29.492153] [ERROR] Database connection lost
[2025-11-07T11:40:29.492160] [DEBUG] Loop iteration: 15
[2025-11-07T11:40:29.492156] [DEBUG] Cache key generated
[2025-11-07T11:40:29.492144] [INFO] Transaction completed
[2025-11-07T11:40:29.492134] [INFO] Session started
[2025-11-07T11:40:29.492139] [INFO] Request processed successfully
[2025-11-07T11:40:29.492154] [DEBUG] Entering function process_data()
[2025-11-07T11:40:29.492146] [WARN] Slow query performance
[2025-11-07T11:40:29.492159] [DEBUG] Buffer size: 4096 bytes
[2025-11-07T11:40:29.492161] [DEBUG] Variable value: x=42
[2025-11-07T11:40:29.492150] [WARN] Deprecated API usage
[2025-11-07T11:40:29.492141] [INFO] Request processed successfully
[2025-11-07T11:40:29.492137] [INFO] Transaction completed
[2025-11-07T11:40:29.492151] [WARN] Rate limit approaching
[2025-11-07T11:40:29.492162] [DEBUG] Memory allocation: 2048 bytes
[2025-11-07T11:40:29.492160] [DEBUG] Thread pool size: 8
[2025-11-07T11:40:29.492135] [INFO] Cache hit
[2025-11-07T11:40:29.492138] [INFO] User logged in
[2025-11-07T11:40:29.492132] [INFO] Connection established
[2025-11-07T11:40:29.492133] [INFO] Cache hit
[2025-11-07T11:40:29.492157] [DEBUG] Cache key generated
[2025-11-07T11:40:29.492143] [INFO] User logged in
[2025-11-07T11:40:29.492150] [WARN] Resource threshold approaching
