[2025-11-07T11:40:29.836348] [DEBUG] Cache key generated
[2025-11-07T11:40:29.836347] [DEBUG] HTTP request headers parsed
[2025-11-07T11:40:29.836323] [INFO] User logged in
[2025-11-07T11:40:29.836319] [INFO] Cache hit
[2025-11-07T11:40:29.836334] [INFO] Cache hit
[2025-11-07T11:40:29.836338] [INFO] Cache hit
[2025-11-07T11:40:29.836333] [INFO] User logged in
[2025-11-07T11:40:29.836316] [INFO] User logged in
[2025-11-07T11:40:29.836340] [WARN] Resource threshold approaching
[2025-11-07T11:40:29.836353] [DEBUG] Memory allocation: 2048 bytes
[2025-11-07T11:40:29.836327] [INFO] Database query executed
[2025-11-07T11:40:29.836330] [INFO] Cache hit
[2025-11-07T11:40:29.836326] [INFO] Database query executed
[2025-11-07T11:40:29.836351] [DEBUG] Buffer size: 4096 bytes
[2025-11-07T11:40:29.836343] [ERROR] Memory allocation error
[2025-11-07T11:40:29.836318] [INFO] Request processed successfully
[2025-11-07T11:40:29.836335] [INFO] Configuration loaded
[2025-11-07T11:40:29.836320] [INFO] Configuration loaded
[2025-11-07T11:40:29.836331] [INFO] Service initialized
[2025-11-07T11:40:29.836322] [INFO] Health check passed
[2025-11-07T11:40:29.836350] [DEBUG] Thread pool size: 8
[2025-11-07T11:40:29.836352] [DEBUG] Entering function process_data()
[2025-11-07T11:40:29.836349] [DEBUG] Entering function process_data()
[2025-11-07T11:40:29.836317] [INFO] Configuration loaded
[2025-11-07T11:40:29.836325] [INFO] Cache hit
[2025-11-07T11:40:29.836336] [INFO] Database query executed
[2025-11-07T11:40:29.836339] [WARN] Connection retry attempt
[2025-11-07T11:40:29.836345] [DEBUG] Memory allocation: 2048 bytes
[2025-11-07T11:40:29.836329] [INFO] Configuration loaded
[2025-11-07T11:40:29.836321] [INFO] Cache hit
[2025-11-07T11:40:29.836342] [ERROR] Disk read failed
[2025-11-07T11:40:29.836346] [DEBUG] Buffer size: 4096 bytes
