[2025-11-07T11:40:29.655182] [INFO] Transaction completed
[2025-11-07T11:40:29.655201] [DEBUG] Variable value: x=42
[2025-11-07T11:40:29.655188] [WARN] High memory usage detected
[2025-11-07T11:40:29.655189] [WARN] Queue size growing
[2025-11-07T11:40:29.655198] [DEBUG] Loop iteration: 15
[2025-11-07T11:40:29.655185] [INFO] Service initialized
[2025-11-07T11:40:29.655172] [INFO] Request processed successfully
[2025-11-07T11:40:29.655177] [INFO] Service initialized
[2025-11-07T11:40:29.655176] [INFO] Database query executed
[2025-11-07T11:40:29.655183] [INFO] Configuration loaded
[2025-11-07T11:40:29.655179] [INFO] Connection established
[2025-11-07T11:40:29.655200] [DEBUG] Timer set: 30 seconds
[2025-11-07T11:40:29.655202] [DEBUG] Timer set: 30 seconds
[2025-11-07T11:40:29.655186] [WARN] Slow query performance
[2025-11-07T11:40:29.655181] [INFO] Service initialized
[2025-11-07T11:40:29.655205] [DEBUG] Entering function process_data()
[2025-11-07T11:40:29.655196] [DEBUG] Timer set: 30 seconds
[2025-11-07T11:40:29.655184] [INFO] User logged in
[2025-11-07T11:40:29.655197] [DEBUG] Buffer size: 4096 bytes
[2025-11-07T11:40:29.655181] [INFO] Session started
[2025-11-07T11:40:29.655192] [ERROR] Request failed
[2025-11-07T11:40:29.655171] [INFO] Configuration loaded
[2025-11-07T11:40:29.655203] [DEBUG] Entering function process_data()
[2025-11-07T11:40:29.655178] [INFO] Configuration loaded
[2025-11-07T11:40:29.655193] [ERROR] Authentication failed
[2025-11-07T11:40:29.655187] [WARN] Timeout warning
[2025-11-07T11:40:29.655204] [DEBUG] Memory allocation: 2048 bytes
[2025-11-07T11:40:29.655173] [INFO] User logged in
[2025-11-07T11:40:29.655179] [INFO] Cache hit
[2025-11-07T11:40:29.655190] [WARN] Slow query performance
[2025-11-07T11:40:29.655195] [DEBUG] HTTP request headers parsed
[2025-11-07T11:40:29.655199] [DEBUG] Entering function process_data()
[2025-11-07T11:40:29.655191] [WARN] Rate limit approaching
[2025-11-07T11:40:29.655175] [INFO] Session started
