[2025-11-07T11:40:29.802721] [INFO] Transaction completed
[2025-11-07T11:40:29.802712] [INFO] Configuration loaded
[2025-11-07T11:40:29.802739] [DEBUG] Loop iteration: 15
[2025-11-07T11:40:29.802737] [DEBUG] Cache key generated
[2025-11-07T11:40:29.802733] [ERROR] Database connection lost
[2025-11-07T11:40:29.802708] [INFO] Cache hit
[2025-11-07T11:40:29.802713] [INFO] Request processed successfully
[2025-11-07T11:40:29.802724] [INFO] Connection established
[2025-11-07T11:40:29.802722] [INFO] Transaction completed
[2025-11-07T11:40:29.802715] [INFO] Connection established
[2025-11-07T11:40:29.802736] [DEBUG] Timer set: 30 seconds
[2025-11-07T11:40:29.802738] [DEBUG] Thread pool size: 8
[2025-11-07T11:40:29.802710] [INFO] Request processed successfully
[2025-11-07T11:40:29.802740] [DEBUG] Entering function process_data()
[2025-11-07T11:40:29.802720] [INFO] Session started
[2025-11-07T11:40:29.802718] [INFO] Health check passed
[2025-11-07T11:40:29.802727] [INFO] Request processed successfully
[2025-11-07T11:40:29.802734] [DEBUG] Cache key generated
[2025-11-07T11:40:29.802726] [INFO] Service initialized
[2025-11-07T11:40:29.802730] [WARN] Disk space low
[2025-11-07T11:40:29.802741] [DEBUG] Memory allocation: 2048 bytes
[2025-11-07T11:40:29.802725] [INFO] Service initialized
[2025-11-07T11:40:29.802719] [INFO] User logged in
[2025-11-07T11:40:29.802735] [DEBUG] Connection pool status checked
[2025-11-07T11:40:29.802728] [WARN] High memory usage detected
[2025-11-07T11:40:29.802714] [INFO] Configuration loaded
[2025-11-07T11:40:29.802731] [WARN] Slow query performance
[2025-11-07T11:40:29.802742] [DEBUG] Timer set: 30 seconds
[2025-11-07T11:40:29.802717] [INFO] Cache hit
[2025-11-07T11:40:29.802723] [INFO] Configuration loaded
[2025-11-07T11:40:29.802716] [INFO] Request processed successfully
[2025-11-07T11:40:29.802729] [WARN] Connection retry attempt
[2025-11-07T11:40:29.802732] [ERROR] Disk read failed
[2025-11-07T11:40:29.802711] [INFO] Health check passed
