[2025-11-07T11:40:29.749177] [WARN] High memory usage detected
[2025-11-07T11:40:29.749183] [DEBUG] Variable value: x=42
[2025-11-07T11:40:29.749168] [INFO] Service initialized
[2025-11-07T11:40:29.749160] [INFO] Session started
[2025-11-07T11:40:29.749179] [WARN] High memory usage detected
[2025-11-07T11:40:29.749186] [DEBUG] Cache key generated
[2025-11-07T11:40:29.749162] [INFO] Database query executed
[2025-11-07T11:40:29.749172] [INFO] Session started
[2025-11-07T11:40:29.749180] [ERROR] Invalid input data
[2025-11-07T11:40:29.749187] [DEBUG] Entering function process_data()
[2025-11-07T11:40:29.749185] [DEBUG] HTTP request headers parsed
[2025-11-07T11:40:29.749171] [INFO] Service initialized
[2025-11-07T11:40:29.749155] [INFO] Configuration loaded
[2025-11-07T11:40:29.749176] [WARN] High memory usage detected
[2025-11-07T11:40:29.749166] [INFO] Database query executed
[2025-11-07T11:40:29.749157] [INFO] Request processed successfully
[2025-11-07T11:40:29.749182] [DEBUG] Entering function process_data()
[2025-11-07T11:40:29.749169] [INFO] Transaction completed
[2025-11-07T11:40:29.749184] [DEBUG] Timer set: 30 seconds
[2025-11-07T11:40:29.749190] [DEBUG] Timer set: 30 seconds
[2025-11-07T11:40:29.749181] [ERROR] Disk read failed
[2025-11-07T11:40:29.749174] [INFO] Session started
[2025-11-07T11:40:29.749163] [INFO] Connection established
[2025-11-07T11:40:29.749188] [DEBUG] Loop iteration: 15
[2025-11-07T11:40:29.749167] [INFO] Request processed successfully
[2025-11-07T11:40:29.749158] [INFO] User logged in
[2025-11-07T11:40:29.749189] [DEBUG] Thread pool size: 8
[2025-11-07T11:40:29.749175] [INFO] Configuration loaded
[2025-11-07T11:40:29.749159] [INFO] Configuration loaded
[2025-11-07T11:40:29.749170] [INFO] Request processed successfully
[2025-11-07T11:40:29.749165] [INFO] Transaction completed
[2025-11-07T11:40:29.749161] [INFO] Database query executed
[2025-11-07T11:40:29.749164] [INFO] Configuration loaded
[2025-11-07T11:40:29.749178] [WARN] Slow query performance
[2025-11-07T11:40:29.749173] [INFO] Health check passed
