[2025-11-07T11:40:29.888835] [WARN] Slow query performance
[2025-11-07T11:40:29.888845] [DEBUG] Thread pool size: 8
[2025-11-07T11:40:29.888813] [INFO] Session started
[2025-11-07T11:40:29.888814] [INFO] Connection established
[2025-11-07T11:40:29.888818] [INFO] Database query executed
[2025-11-07T11:40:29.888834] [WARN] Slow query performance
[2025-11-07T11:40:29.888817] [INFO] Cache hit
[2025-11-07T11:40:29.888832] [WARN] Rate limit approaching
[2025-11-07T11:40:29.888815] [INFO] Transaction completed
[2025-11-07T11:40:29.888816] [INFO] Cache hit
[2025-11-07T11:40:29.888833] [WARN] Resource threshold approaching
[2025-11-07T11:40:29.888830] [WARN] Cache miss
[2025-11-07T11:40:29.888829] [WARN] Connection retry attempt
[2025-11-07T11:40:29.888844] [DEBUG] Timer set: 30 seconds
[2025-11-07T11:40:29.888825] [INFO] Configuration loaded
[2025-11-07T11:40:29.888842] [DEBUG] Entering function process_data()
[2025-11-07T11:40:29.888819] [INFO] User logged in
[2025-11-07T11:40:29.888828] [INFO] Session started
[2025-11-07T11:40:29.888837] [ERROR] Database connection lost
[2025-11-07T11:40:29.888821] [INFO] Cache hit
[2025-11-07T11:40:29.888836] [ERROR] Request failed
[2025-11-07T11:40:29.888839] [DEBUG] Connection pool status checked
[2025-11-07T11:40:29.888841] [DEBUG] Timer set: 30 seconds
[2025-11-07T11:40:29.888831] [WARN] Disk space low
[2025-11-07T11:40:29.888823] [INFO] Configuration loaded
[2025-11-07T11:40:29.888840] [DEBUG] Connection pool status checked
[2025-11-07T11:40:29.888843] [DEBUG] Buffer size: 4096 bytes
[2025-11-07T11:40:29.888810] [INFO] Transaction completed
[2025-11-07T11:40:29.888812] [INFO] Session started
[2025-11-07T11:40:29.888822] [INFO] Service initialized
[2025-11-07T11:40:29.888824] [INFO] User logged in
[2025-11-07T11:40:29.888827] [INFO] Service initialized
[2025-11-07T11:40:29.888826] [INFO] Request processed successfully
[2025-11-07T11:40:29.888820] [INFO] Transaction completed
