[2025-11-07T11:40:30.282150] [INFO] Health check passed
[2025-11-07T11:40:30.282167] [DEBUG] Timer set: 30 seconds
[2025-11-07T11:40:30.282171] [DEBUG] Entering function process_data()
[2025-11-07T11:40:30.282152] [INFO] Database query executed
[2025-11-07T11:40:30.282153] [INFO] Health check passed
[2025-11-07T11:40:30.282148] [INFO] Request processed successfully
[2025-11-07T11:40:30.282170] [DEBUG] Connection pool status checked
[2025-11-07T11:40:30.282167] [DEBUG] Loop iteration: 15
[2025-11-07T11:40:30.282144] [INFO] Transaction completed
[2025-11-07T11:40:30.282161] [WARN] Connection retry attempt
[2025-11-07T11:40:30.282142] [INFO] Service initialized
[2025-11-07T11:40:30.282151] [INFO] Health check passed
[2025-11-07T11:40:30.282149] [INFO] Request processed successfully
[2025-11-07T11:40:30.282175] [DEBUG] Timer set: 30 seconds
[2025-11-07T11:40:30.282165] [ERROR] File not found
[2025-11-07T11:40:30.282157] [INFO] Transaction completed
[2025-11-07T11:40:30.282172] [DEBUG] Memory allocation: 2048 bytes
[2025-11-07T11:40:30.282147] [INFO] User logged in
[2025-11-07T11:40:30.282155] [INFO] Request processed successfully
[2025-11-07T11:40:30.282160] [WARN] Connection retry attempt
[2025-11-07T11:40:30.282143] [INFO] User logged in
[2025-11-07T11:40:30.282164] [ERROR] Request failed
[2025-11-07T11:40:30.282177] [DEBUG] Entering function process_data()
[2025-11-07T11:40:30.282156] [INFO] Connection established
[2025-11-07T11:40:30.282154] [INFO] Session started
[2025-11-07T11:40:30.282158] [INFO] Request processed successfully
[2025-11-07T11:40:30.282163] [WARN] Connection retry attempt
[2025-11-07T11:40:30.282174] [DEBUG] HTTP request headers parsed
[2025-11-07T11:40:30.282146] [INFO] Service initialized
[2025-11-07T11:40:30.282158] [INFO] Transaction completed
[2025-11-07T11:40:30.282173] [DEBUG] Timer set: 30 seconds
[2025-11-07T11:40:30.282162] [WARN] Disk space low
[2025-11-07T11:40:30.282169] [DEBUG] Cache key generated
[2025-11-07T11:40:30.282159] [WARN] Disk space low
[2025-11-07T11:40:30.282145] [INFO] Service initialized
[2025-11-07T11:40:30.282176] [DEBUG] Thread pool size: 8
[2025-11-07T11:40:30.282168] [DEBUG] Entering function process_data()
