[2025-11-07T11:40:30.103075] [INFO] Service initialized
[2025-11-07T11:40:30.103093] [DEBUG] Variable value: x=42
[2025-11-07T11:40:30.103078] [INFO] Connection established
[2025-11-07T11:40:30.103088] [WARN] Timeout warning
[2025-11-07T11:40:30.103085] [WARN] Disk space low
[2025-11-07T11:40:30.103074] [INFO] Service initialized
[2025-11-07T11:40:30.103101] [DEBUG] Entering function process_data()
[2025-11-07T11:40:30.103099] [DEBUG] Entering function process_data()
[2025-11-07T11:40:30.103097] [DEBUG] Thread pool size: 8
[2025-11-07T11:40:30.103087] [WARN] Connection retry attempt
[2025-11-07T11:40:30.103083] [WARN] Rate limit approaching
[2025-11-07T11:40:30.103091] [ERROR] Network timeout
[2025-11-07T11:40:30.103094] [DEBUG] Connection pool status checked
[2025-11-07T11:40:30.103084] [WARN] Queue size growing
[2025-11-07T11:40:30.103100] [DEBUG] Loop iteration: 15
[2025-11-07T11:40:30.103079] [INFO] Request processed successfully
[2025-11-07T11:40:30.103072] [INFO] User logged in
[2025-11-07T11:40:30.103080] [INFO] Health check passed
[2025-11-07T11:40:30.103073] [INFO] Cache hit
[2025-11-07T11:40:30.103086] [WARN] Deprecated API usage
[2025-11-07T11:40:30.103081] [INFO] Configuration loaded
[2025-11-07T11:40:30.103070] [INFO] Transaction completed
[2025-11-07T11:40:30.103089] [ERROR] Memory allocation error
[2025-11-07T11:40:30.103077] [INFO] Transaction completed
[2025-11-07T11:40:30.103076] [INFO] Connection established
[2025-11-07T11:40:30.103096] [DEBUG] Thread pool size: 8
[2025-11-07T11:40:30.103092] [DEBUG] Thread pool size: 8
[2025-11-07T11:40:30.103095] [DEBUG] Variable value: x=42
[2025-11-07T11:40:30.103098] [DEBUG] HTTP request headers parsed
[2025-11-07T11:40:30.103082] [INFO] User logged in
