[2025-11-07T11:40:29.666927] [INFO] User logged in
[2025-11-07T11:40:29.666936] [INFO] Service initialized
[2025-11-07T11:40:29.666928] [INFO] Health check passed
[2025-11-07T11:40:29.666943] [ERROR] Authentication failed
[2025-11-07T11:40:29.666924] [INFO] Cache hit
[2025-11-07T11:40:29.666931] [INFO] Transaction completed
[2025-11-07T11:40:29.666937] [WARN] Queue size growing
[2025-11-07T11:40:29.666938] [WARN] Queue size growing
[2025-11-07T11:40:29.666932] [INFO] User logged in
[2025-11-07T11:40:29.666935] [INFO] Health check passed
[2025-11-07T11:40:29.666945] [ERROR] Service unavailable
[2025-11-07T11:40:29.666929] [INFO] Configuration loaded
[2025-11-07T11:40:29.666923] [INFO] Health check passed
[2025-11-07T11:40:29.666934] [INFO] Service initialized
[2025-11-07T11:40:29.666948] [DEBUG] Variable value: x=42
[2025-11-07T11:40:29.666941] [WARN] Slow query performance
[2025-11-07T11:40:29.666946] [DEBUG] Timer set: 30 seconds
[2025-11-07T11:40:29.666944] [ERROR] Database connection lost
[2025-11-07T11:40:29.666940] [WARN] Slow query performance
[2025-11-07T11:40:29.666947] [DEBUG] Cache key generated
[2025-11-07T11:40:29.666930] [INFO] Transaction completed
[2025-11-07T11:40:29.666939] [WARN] Resource threshold approaching
[2025-11-07T11:40:29.666926] [INFO] Cache hit
[2025-11-07T11:40:29.666933] [INFO] Session started
[2025-11-07T11:40:29.666942] [WARN] Cache miss
