[2025-11-07T11:40:30.185342] [INFO] Session started
[2025-11-07T11:40:30.185357] [DEBUG] Entering function process_data()
[2025-11-07T11:40:30.185339] [INFO] User logged in
[2025-11-07T11:40:30.185353] [DEBUG] Loop iteration: 15
[2025-11-07T11:40:30.185338] [INFO] Cache hit
[2025-11-07T11:40:30.185322] [INFO] Connection established
[2025-11-07T11:40:30.185336] [INFO] Configuration loaded
[2025-11-07T11:40:30.185321] [INFO] Database query executed
[2025-11-07T11:40:30.185340] [INFO] Database query executed
[2025-11-07T11:40:30.185319] [INFO] User logged in
[2025-11-07T11:40:30.185360] [DEBUG] Memory allocation: 2048 bytes
[2025-11-07T11:40:30.185337] [INFO] Transaction completed
[2025-11-07T11:40:30.185345] [INFO] User logged in
[2025-11-07T11:40:30.185335] [INFO] Connection established
[2025-11-07T11:40:30.185355] [DEBUG] Entering function process_data()
[2025-11-07T11:40:30.185341] [INFO] Transaction completed
[2025-11-07T11:40:30.185347] [WARN] High memory usage detected
[2025-11-07T11:40:30.185346] [WARN] High memory usage detected
[2025-11-07T11:40:30.185358] [DEBUG] Entering function process_data()
[2025-11-07T11:40:30.185359] [DEBUG] Cache key generated
[2025-11-07T11:40:30.185320] [INFO] Health check passed
[2025-11-07T11:40:30.185356] [DEBUG] Connection pool status checked
[2025-11-07T11:40:30.185354] [DEBUG] Variable value: x=42
[2025-11-07T11:40:30.185350] [ERROR] Database connection lost
[2025-11-07T11:40:30.185348] [WARN] Cache miss
[2025-11-07T11:40:30.185344] [INFO] Service initialized
[2025-11-07T11:40:30.185343] [INFO] Health check passed
[2025-11-07T11:40:30.185349] [WARN] Resource threshold approaching
[2025-11-07T11:40:30.185352] [DEBUG] Buffer size: 4096 bytes
