[2025-11-07T11:40:29.558104] [INFO] Health check passed
[2025-11-07T11:40:29.558130] [DEBUG] Cache key generated
[2025-11-07T11:40:29.558124] [DEBUG] Cache key generated
[2025-11-07T11:40:29.558109] [INFO] Cache hit
[2025-11-07T11:40:29.558103] [INFO] Cache hit
[2025-11-07T11:40:29.558107] [INFO] User logged in
[2025-11-07T11:40:29.558126] [DEBUG] Thread pool size: 8
[2025-11-07T11:40:29.558116] [INFO] Session started
[2025-11-07T11:40:29.558127] [DEBUG] Thread pool size: 8
[2025-11-07T11:40:29.558122] [DEBUG] HTTP request headers parsed
[2025-11-07T11:40:29.558113] [INFO] Transaction completed
[2025-11-07T11:40:29.558108] [INFO] Service initialized
[2025-11-07T11:40:29.558118] [WARN] High memory usage detected
[2025-11-07T11:40:29.558123] [DEBUG] Loop iteration: 15
[2025-11-07T11:40:29.558114] [INFO] Service initialized
[2025-11-07T11:40:29.558129] [DEBUG] Entering function process_data()
[2025-11-07T11:40:29.558121] [DEBUG] Loop iteration: 15
[2025-11-07T11:40:29.558112] [INFO] Service initialized
[2025-11-07T11:40:29.558128] [DEBUG] HTTP request headers parsed
[2025-11-07T11:40:29.558117] [INFO] Service initialized
[2025-11-07T11:40:29.558106] [INFO] Session started
[2025-11-07T11:40:29.558131] [DEBUG] Loop iteration: 15
[2025-11-07T11:40:29.558110] [INFO] Session started
[2025-11-07T11:40:29.558120] [ERROR] Memory allocation error
[2025-11-07T11:40:29.558125] [DEBUG] HTTP request headers parsed
[2025-11-07T11:40:29.558111] [INFO] Request processed successfully
[2025-11-07T11:40:29.558115] [INFO] Connection established
[2025-11-07T11:40:29.558105] [INFO] User logged in
