[2025-11-07T11:40:29.675946] [DEBUG] Buffer size: 4096 bytes
[2025-11-07T11:40:29.675922] [INFO] Transaction completed
[2025-11-07T11:40:29.675925] [INFO] Transaction completed
[2025-11-07T11:40:29.675942] [DEBUG] Variable value: x=42
[2025-11-07T11:40:29.675940] [ERROR] Database connection lost
[2025-11-07T11:40:29.675931] [INFO] Service initialized
[2025-11-07T11:40:29.675939] [ERROR] Database connection lost
[2025-11-07T11:40:29.675926] [INFO] Session started
[2025-11-07T11:40:29.675936] [WARN] High memory usage detected
[2025-11-07T11:40:29.675920] [INFO] User logged in
[2025-11-07T11:40:29.675933] [INFO] Connection established
[2025-11-07T11:40:29.675928] [INFO] Transaction completed
[2025-11-07T11:40:29.675943] [DEBUG] Timer set: 30 seconds
[2025-11-07T11:40:29.675924] [INFO] Configuration loaded
[2025-11-07T11:40:29.675932] [INFO] Health check passed
[2025-11-07T11:40:29.675944] [DEBUG] Loop iteration: 15
[2025-11-07T11:40:29.675945] [DEBUG] Thread pool size: 8
[2025-11-07T11:40:29.675938] [ERROR] Permission denied
[2025-11-07T11:40:29.675923] [INFO] Health check passed
[2025-11-07T11:40:29.675934] [WARN] Slow query performance
[2025-11-07T11:40:29.675937] [WARN] Resource threshold approaching
[2025-11-07T11:40:29.675941] [DEBUG] Variable value: x=42
[2025-11-07T11:40:29.675930] [INFO] Connection established
[2025-11-07T11:40:29.675927] [INFO] Health check passed
[2025-11-07T11:40:29.675929] [INFO] Session started
[2025-11-07T11:40:29.675935] [WARN] Timeout warning
