[2025-11-07T11:40:29.504117] [DEBUG] Buffer size: 4096 bytes
[2025-11-07T11:40:29.504104] [WARN] Resource threshold approaching
[2025-11-07T11:40:29.504100] [INFO] Configuration loaded
[2025-11-07T11:40:29.504110] [DEBUG] Cache key generated
[2025-11-07T11:40:29.504116] [DEBUG] Connection pool status checked
[2025-11-07T11:40:29.504100] [INFO] Service initialized
[2025-11-07T11:40:29.504114] [DEBUG] Buffer size: 4096 bytes
[2025-11-07T11:40:29.504113] [DEBUG] Connection pool status checked
[2025-11-07T11:40:29.504098] [INFO] Service initialized
[2025-11-07T11:40:29.504090] [INFO] Database query executed
[2025-11-07T11:40:29.504101] [INFO] Cache hit
[2025-11-07T11:40:29.504105] [WARN] Disk space low
[2025-11-07T11:40:29.504109] [ERROR] Database connection lost
[2025-11-07T11:40:29.504106] [WARN] Timeout warning
[2025-11-07T11:40:29.504103] [WARN] Resource threshold approaching
[2025-11-07T11:40:29.504115] [DEBUG] Connection pool status checked
[2025-11-07T11:40:29.504112] [DEBUG] Entering function process_data()
[2025-11-07T11:40:29.504107] [ERROR] Permission denied
[2025-11-07T11:40:29.504099] [INFO] User logged in
[2025-11-07T11:40:29.504091] [INFO] Request processed successfully
[2025-11-07T11:40:29.504119] [DEBUG] Cache key generated
[2025-11-07T11:40:29.504095] [INFO] Service initialized
[2025-11-07T11:40:29.504108] [ERROR] Request failed
[2025-11-07T11:40:29.504120] [DEBUG] HTTP request headers parsed
[2025-11-07T11:40:29.504096] [INFO] Connection established
[2025-11-07T11:40:29.504112] [DEBUG] HTTP request headers parsed
[2025-11-07T11:40:29.504118] [DEBUG] HTTP request headers parsed
[2025-11-07T11:40:29.504102] [INFO] Request processed successfully
[2025-11-07T11:40:29.504093] [INFO] Health check passed
[2025-11-07T11:40:29.504092] [INFO] Request processed successfully
[2025-11-07T11:40:29.504097] [INFO] Database query executed
[2025-11-07T11:40:29.504094] [INFO] Cache hit
[2025-11-07T11:40:29.504089] [INFO] Health check passed
