[2025-11-07T11:40:29.789816] [DEBUG] Connection pool status checked
[2025-11-07T11:40:29.789794] [INFO] Service initialized
[2025-11-07T11:40:29.789804] [WARN] Resource threshold approaching
[2025-11-07T11:40:29.789792] [INFO] Database query executed
[2025-11-07T11:40:29.789813] [DEBUG] Loop iteration: 15
[2025-11-07T11:40:29.789808] [WARN] Deprecated API usage
[2025-11-07T11:40:29.789799] [INFO] Connection established
[2025-11-07T11:40:29.789811] [DEBUG] Memory allocation: 2048 bytes
[2025-11-07T11:40:29.789805] [WARN] Timeout warning
[2025-11-07T11:40:29.789798] [INFO] Health check passed
[2025-11-07T11:40:29.789793] [INFO] Configuration loaded
[2025-11-07T11:40:29.789810] [ERROR] Service unavailable
[2025-11-07T11:40:29.789803] [INFO] Request processed successfully
[2025-11-07T11:40:29.789806] [WARN] Rate limit approaching
[2025-11-07T11:40:29.789797] [INFO] Database query executed
[2025-11-07T11:40:29.789809] [ERROR] Request failed
[2025-11-07T11:40:29.789789] [INFO] Transaction completed
[2025-11-07T11:40:29.789817] [DEBUG] Timer set: 30 seconds
[2025-11-07T11:40:29.789812] [DEBUG] Cache key generated
[2025-11-07T11:40:29.789815] [DEBUG] Connection pool status checked
[2025-11-07T11:40:29.789818] [DEBUG] Loop iteration: 15
[2025-11-07T11:40:29.789801] [INFO] Database query executed
[2025-11-07T11:40:29.789807] [WARN] Deprecated API usage
[2025-11-07T11:40:29.789791] [INFO] Connection established
[2025-11-07T11:40:29.789796] [INFO] Connection established
[2025-11-07T11:40:29.789800] [INFO] Connection established
[2025-11-07T11:40:29.789802] [INFO] Health check passed
[2025-11-07T11:40:29.789796] [INFO] Session started
[2025-11-07T11:40:29.789814] [DEBUG] Cache key generated
[2025-11-07T11:40:29.789790] [INFO] Database query executed
