[2025-11-07T11:40:30.030878] [DEBUG] Cache key generated
[2025-11-07T11:40:30.030868] [WARN] Queue size growing
[2025-11-07T11:40:30.030869] [WARN] Queue size growing
[2025-11-07T11:40:30.030877] [DEBUG] Connection pool status checked
[2025-11-07T11:40:30.030859] [INFO] Session started
[2025-11-07T11:40:30.030857] [INFO] Session started
[2025-11-07T11:40:30.030876] [DEBUG] Loop iteration: 15
[2025-11-07T11:40:30.030870] [ERROR] Authentication failed
[2025-11-07T11:40:30.030851] [INFO] Transaction completed
[2025-11-07T11:40:30.030881] [DEBUG] Timer set: 30 seconds
[2025-11-07T11:40:30.030865] [WARN] Timeout warning
[2025-11-07T11:40:30.030867] [WARN] Disk space low
[2025-11-07T11:40:30.030849] [INFO] User logged in
[2025-11-07T11:40:30.030858] [INFO] Database query executed
[2025-11-07T11:40:30.030872] [DEBUG] Thread pool size: 8
[2025-11-07T11:40:30.030879] [DEBUG] Connection pool status checked
[2025-11-07T11:40:30.030873] [DEBUG] Cache key generated
[2025-11-07T11:40:30.030856] [INFO] Database query executed
[2025-11-07T11:40:30.030880] [DEBUG] Loop iteration: 15
[2025-11-07T11:40:30.030850] [INFO] Transaction completed
[2025-11-07T11:40:30.030864] [WARN] Disk space low
[2025-11-07T11:40:30.030852] [INFO] Connection established
[2025-11-07T11:40:30.030854] [INFO] Cache hit
[2025-11-07T11:40:30.030855] [INFO] Configuration loaded
[2025-11-07T11:40:30.030871] [ERROR] Invalid input data
[2025-11-07T11:40:30.030853] [INFO] Session started
[2025-11-07T11:40:30.030861] [INFO] Session started
[2025-11-07T11:40:30.030874] [DEBUG] Thread pool size: 8
[2025-11-07T11:40:30.030863] [INFO] Service initialized
[2025-11-07T11:40:30.030860] [INFO] Request processed successfully
[2025-11-07T11:40:30.030862] [INFO] Cache hit
[2025-11-07T11:40:30.030866] [WARN] Cache miss
