[2025-11-07T11:40:29.947441] [DEBUG] Cache key generated
[2025-11-07T11:40:29.947429] [INFO] Connection established
[2025-11-07T11:40:29.947440] [ERROR] Memory allocation error
[2025-11-07T11:40:29.947425] [INFO] Connection established
[2025-11-07T11:40:29.947445] [DEBUG] Timer set: 30 seconds
[2025-11-07T11:40:29.947433] [INFO] Service initialized
[2025-11-07T11:40:29.947421] [INFO] Session started
[2025-11-07T11:40:29.947418] [INFO] Request processed successfully
[2025-11-07T11:40:29.947434] [INFO] Request processed successfully
[2025-11-07T11:40:29.947446] [DEBUG] Buffer size: 4096 bytes
[2025-11-07T11:40:29.947442] [DEBUG] Variable value: x=42
[2025-11-07T11:40:29.947437] [WARN] Timeout warning
[2025-11-07T11:40:29.947448] [DEBUG] Thread pool size: 8
[2025-11-07T11:40:29.947426] [INFO] Configuration loaded
[2025-11-07T11:40:29.947427] [INFO] Connection established
[2025-11-07T11:40:29.947428] [INFO] Connection established
[2025-11-07T11:40:29.947447] [DEBUG] Cache key generated
[2025-11-07T11:40:29.947422] [INFO] Session started
[2025-11-07T11:40:29.947424] [INFO] Session started
[2025-11-07T11:40:29.947431] [INFO] Health check passed
[2025-11-07T11:40:29.947435] [INFO] Database query executed
[2025-11-07T11:40:29.947430] [INFO] Database query executed
[2025-11-07T11:40:29.947432] [INFO] Service initialized
[2025-11-07T11:40:29.947439] [WARN] Rate limit approaching
[2025-11-07T11:40:29.947436] [WARN] Deprecated API usage
[2025-11-07T11:40:29.947420] [INFO] User logged in
[2025-11-07T11:40:29.947423] [INFO] Database query executed
[2025-11-07T11:40:29.947438] [WARN] Queue size growing
[2025-11-07T11:40:29.947443] [DEBUG] Cache key generated
