[2025-11-07T11:40:30.352446] [INFO] Configuration loaded
[2025-11-07T11:40:30.352436] [INFO] Configuration loaded
[2025-11-07T11:40:30.352463] [DEBUG] Buffer size: 4096 bytes
[2025-11-07T11:40:30.352448] [WARN] Connection retry attempt
[2025-11-07T11:40:30.352438] [INFO] Database query executed
[2025-11-07T11:40:30.352455] [DEBUG] HTTP request headers parsed
[2025-11-07T11:40:30.352459] [DEBUG] Thread pool size: 8
[2025-11-07T11:40:30.352450] [WARN] Queue size growing
[2025-11-07T11:40:30.352439] [INFO] Configuration loaded
[2025-11-07T11:40:30.352449] [WARN] Cache miss
[2025-11-07T11:40:30.352460] [DEBUG] Timer set: 30 seconds
[2025-11-07T11:40:30.352433] [INFO] Service initialized
[2025-11-07T11:40:30.352432] [INFO] Cache hit
[2025-11-07T11:40:30.352444] [INFO] Database query executed
[2025-11-07T11:40:30.352456] [DEBUG] HTTP request headers parsed
[2025-11-07T11:40:30.352451] [WARN] High memory usage detected
[2025-11-07T11:40:30.352443] [INFO] Transaction completed
[2025-11-07T11:40:30.352458] [DEBUG] Loop iteration: 15
[2025-11-07T11:40:30.352462] [DEBUG] Loop iteration: 15
[2025-11-07T11:40:30.352434] [INFO] Cache hit
[2025-11-07T11:40:30.352440] [INFO] Transaction completed
[2025-11-07T11:40:30.352447] [INFO] Session started
[2025-11-07T11:40:30.352445] [INFO] Transaction completed
[2025-11-07T11:40:30.352441] [INFO] Cache hit
[2025-11-07T11:40:30.352431] [INFO] Session started
[2025-11-07T11:40:30.352461] [DEBUG] Thread pool size: 8
[2025-11-07T11:40:30.352452] [WARN] Deprecated API usage
[2025-11-07T11:40:30.352453] [ERROR] File not found
[2025-11-07T11:40:30.352435] [INFO] Service initialized
[2025-11-07T11:40:30.352442] [INFO] Session started
[2025-11-07T11:40:30.352437] [INFO] Connection established
[2025-11-07T11:40:30.352457] [DEBUG] HTTP request headers parsed
