[2025-11-07T11:40:29.550651] [INFO] Transaction completed
[2025-11-07T11:40:29.550655] [INFO] Connection established
[2025-11-07T11:40:29.550673] [DEBUG] Buffer size: 4096 bytes
[2025-11-07T11:40:29.550665] [DEBUG] Cache key generated
[2025-11-07T11:40:29.550653] [INFO] Health check passed
[2025-11-07T11:40:29.550660] [WARN] Rate limit approaching
[2025-11-07T11:40:29.550647] [INFO] Database query executed
[2025-11-07T11:40:29.550642] [INFO] Service initialized
[2025-11-07T11:40:29.550644] [INFO] Transaction completed
[2025-11-07T11:40:29.550643] [INFO] Configuration loaded
[2025-11-07T11:40:29.550648] [INFO] Request processed successfully
[2025-11-07T11:40:29.550650] [INFO] Database query executed
[2025-11-07T11:40:29.550670] [DEBUG] Cache key generated
[2025-11-07T11:40:29.550666] [DEBUG] HTTP request headers parsed
[2025-11-07T11:40:29.550669] [DEBUG] Buffer size: 4096 bytes
[2025-11-07T11:40:29.550663] [ERROR] Memory allocation error
[2025-11-07T11:40:29.550661] [WARN] Cache miss
[2025-11-07T11:40:29.550657] [INFO] Transaction completed
[2025-11-07T11:40:29.550659] [WARN] Resource threshold approaching
[2025-11-07T11:40:29.550654] [INFO] Session started
[2025-11-07T11:40:29.550649] [INFO] Session started
[2025-11-07T11:40:29.550640] [INFO] Cache hit
[2025-11-07T11:40:29.550652] [INFO] Service initialized
[2025-11-07T11:40:29.550646] [INFO] Database query executed
[2025-11-07T11:40:29.550667] [DEBUG] Variable value: x=42
[2025-11-07T11:40:29.550662] [ERROR] Invalid input data
[2025-11-07T11:40:29.550671] [DEBUG] Connection pool status checked
[2025-11-07T11:40:29.550672] [DEBUG] Buffer size: 4096 bytes
[2025-11-07T11:40:29.550656] [INFO] User logged in
[2025-11-07T11:40:29.550641] [INFO] Database query executed
[2025-11-07T11:40:29.550668] [DEBUG] Memory allocation: 2048 bytes
[2025-11-07T11:40:29.550658] [WARN] Queue size growing
[2025-11-07T11:40:29.550664] [DEBUG] Memory allocation: 2048 bytes
