[2025-11-07T11:40:29.624988] [INFO] Transaction completed
[2025-11-07T11:40:29.624994] [INFO] Cache hit
[2025-11-07T11:40:29.625017] [DEBUG] Buffer size: 4096 bytes
[2025-11-07T11:40:29.625015] [DEBUG] Variable value: x=42
[2025-11-07T11:40:29.625018] [DEBUG] Variable value: x=42
[2025-11-07T11:40:29.624997] [INFO] Cache hit
[2025-11-07T11:40:29.625012] [DEBUG] Variable value: x=42
[2025-11-07T11:40:29.625007] [WARN] Resource threshold approaching
[2025-11-07T11:40:29.625011] [DEBUG] Timer set: 30 seconds
[2025-11-07T11:40:29.625000] [INFO] Health check passed
[2025-11-07T11:40:29.624990] [INFO] Database query executed
[2025-11-07T11:40:29.624998] [INFO] Session started
[2025-11-07T11:40:29.625001] [INFO] Request processed successfully
[2025-11-07T11:40:29.625003] [INFO] Connection established
[2025-11-07T11:40:29.624993] [INFO] Database query executed
[2025-11-07T11:40:29.625013] [DEBUG] Variable value: x=42
[2025-11-07T11:40:29.624996] [INFO] Database query executed
[2025-11-07T11:40:29.625005] [WARN] Timeout warning
[2025-11-07T11:40:29.624991] [INFO] Configuration loaded
[2025-11-07T11:40:29.625002] [INFO] Service initialized
[2025-11-07T11:40:29.625008] [ERROR] Disk read failed
[2025-11-07T11:40:29.625010] [DEBUG] Thread pool size: 8
[2025-11-07T11:40:29.624995] [INFO] Cache hit
[2025-11-07T11:40:29.625009] [ERROR] File not found
[2025-11-07T11:40:29.625006] [WARN] Resource threshold approaching
[2025-11-07T11:40:29.625004] [WARN] Queue size growing
[2025-11-07T11:40:29.624999] [INFO] Cache hit
[2025-11-07T11:40:29.625016] [DEBUG] Buffer size: 4096 bytes
[2025-11-07T11:40:29.625014] [DEBUG] Cache key generated
[2025-11-07T11:40:29.624992] [INFO] Session started
