[2025-11-07T11:40:29.383696] [INFO] Request processed successfully
[2025-11-07T11:40:29.383695] [INFO] Connection established
[2025-11-07T11:40:29.383711] [ERROR] Invalid input data
[2025-11-07T11:40:29.383688] [INFO] Connection established
[2025-11-07T11:40:29.383693] [INFO] Transaction completed
[2025-11-07T11:40:29.383715] [DEBUG] Thread pool size: 8
[2025-11-07T11:40:29.383700] [INFO] Health check passed
[2025-11-07T11:40:29.383687] [INFO] Transaction completed
[2025-11-07T11:40:29.383689] [INFO] Health check passed
[2025-11-07T11:40:29.383691] [INFO] Configuration loaded
[2025-11-07T11:40:29.383690] [INFO] Transaction completed
[2025-11-07T11:40:29.383705] [WARN] Resource threshold approaching
[2025-11-07T11:40:29.383692] [INFO] Configuration loaded
[2025-11-07T11:40:29.383703] [INFO] Configuration loaded
[2025-11-07T11:40:29.383697] [INFO] Database query executed
[2025-11-07T11:40:29.383713] [DEBUG] Cache key generated
[2025-11-07T11:40:29.383707] [WARN] Resource threshold approaching
[2025-11-07T11:40:29.383710] [ERROR] File not found
[2025-11-07T11:40:29.383704] [INFO] Connection established
[2025-11-07T11:40:29.383702] [INFO] Request processed successfully
[2025-11-07T11:40:29.383714] [DEBUG] Memory allocation: 2048 bytes
[2025-11-07T11:40:29.383708] [ERROR] Database connection lost
[2025-11-07T11:40:29.383699] [INFO] Session started
