[2025-11-07T11:40:29.297121] [DEBUG] Connection pool status checked
[2025-11-07T11:40:29.297098] [INFO] Configuration loaded
[2025-11-07T11:40:29.297103] [INFO] Service initialized
[2025-11-07T11:40:29.297116] [WARN] Slow query performance
[2025-11-07T11:40:29.297117] [WARN] Resource threshold approaching
[2025-11-07T11:40:29.297123] [DEBUG] Buffer size: 4096 bytes
[2025-11-07T11:40:29.297122] [DEBUG] Cache key generated
[2025-11-07T11:40:29.297095] [INFO] Session started
[2025-11-07T11:40:29.297101] [INFO] Session started
[2025-11-07T11:40:29.297109] [INFO] Cache hit
[2025-11-07T11:40:29.297107] [INFO] Session started
[2025-11-07T11:40:29.297099] [INFO] Connection established
[2025-11-07T11:40:29.297096] [INFO] Service initialized
[2025-11-07T11:40:29.297120] [ERROR] Authentication failed
[2025-11-07T11:40:29.297105] [INFO] Cache hit
[2025-11-07T11:40:29.297125] [DEBUG] Timer set: 30 seconds
[2025-11-07T11:40:29.297118] [WARN] Cache miss
[2025-11-07T11:40:29.297108] [INFO] User logged in
[2025-11-07T11:40:29.297098] [INFO] Request processed successfully
[2025-11-07T11:40:29.297115] [WARN] High memory usage detected
[2025-11-07T11:40:29.297110] [INFO] Session started
[2025-11-07T11:40:29.297104] [INFO] Database query executed
[2025-11-07T11:40:29.297113] [WARN] Queue size growing
[2025-11-07T11:40:29.297119] [ERROR] Permission denied
[2025-11-07T11:40:29.297111] [INFO] User logged in
[2025-11-07T11:40:29.297114] [WARN] Disk space low
[2025-11-07T11:40:29.297126] [DEBUG] Timer set: 30 seconds
[2025-11-07T11:40:29.297124] [DEBUG] Memory allocation: 2048 bytes
[2025-11-07T11:40:29.297112] [INFO] Service initialized
[2025-11-07T11:40:29.297106] [INFO] Service initialized
[2025-11-07T11:40:29.297102] [INFO] Database query executed
