[2025-11-07T11:40:29.516057] [INFO] Transaction completed
[2025-11-07T11:40:29.516052] [INFO] Connection established
[2025-11-07T11:40:29.516054] [INFO] Service initialized
[2025-11-07T11:40:29.516074] [DEBUG] Buffer size: 4096 bytes
[2025-11-07T11:40:29.516068] [DEBUG] HTTP request headers parsed
[2025-11-07T11:40:29.516047] [INFO] Session started
[2025-11-07T11:40:29.516072] [DEBUG] Connection pool status checked
[2025-11-07T11:40:29.516049] [INFO] Request processed successfully
[2025-11-07T11:40:29.516070] [DEBUG] Variable value: x=42
[2025-11-07T11:40:29.516061] [INFO] Configuration loaded
[2025-11-07T11:40:29.516067] [ERROR] Authentication failed
[2025-11-07T11:40:29.516051] [INFO] Request processed successfully
[2025-11-07T11:40:29.516060] [INFO] Service initialized
[2025-11-07T11:40:29.516066] [WARN] Resource threshold approaching
[2025-11-07T11:40:29.516056] [INFO] Configuration loaded
[2025-11-07T11:40:29.516058] [INFO] Configuration loaded
[2025-11-07T11:40:29.516062] [WARN] Resource threshold approaching
[2025-11-07T11:40:29.516065] [WARN] Slow query performance
[2025-11-07T11:40:29.516057] [INFO] Cache hit
[2025-11-07T11:40:29.516075] [DEBUG] Loop iteration: 15
[2025-11-07T11:40:29.516071] [DEBUG] Cache key generated
[2025-11-07T11:40:29.516053] [INFO] User logged in
[2025-11-07T11:40:29.516069] [DEBUG] HTTP request headers parsed
[2025-11-07T11:40:29.516059] [INFO] Configuration loaded
[2025-11-07T11:40:29.516055] [INFO] Database query executed
[2025-11-07T11:40:29.516064] [WARN] Cache miss
[2025-11-07T11:40:29.516049] [INFO] Connection established
[2025-11-07T11:40:29.516073] [DEBUG] HTTP request headers parsed
[2025-11-07T11:40:29.516063] [WARN] Rate limit approaching
