[2025-11-07T11:40:30.058496] [DEBUG] Buffer size: 4096 bytes
[2025-11-07T11:40:30.058490] [ERROR] File not found
[2025-11-07T11:40:30.058493] [DEBUG] HTTP request headers parsed
[2025-11-07T11:40:30.058467] [INFO] Cache hit
[2025-11-07T11:40:30.058471] [INFO] Database query executed
[2025-11-07T11:40:30.058478] [INFO] Cache hit
[2025-11-07T11:40:30.058487] [WARN] Connection retry attempt
[2025-11-07T11:40:30.058483] [INFO] User logged in
[2025-11-07T11:40:30.058498] [DEBUG] Memory allocation: 2048 bytes
[2025-11-07T11:40:30.058489] [ERROR] File not found
[2025-11-07T11:40:30.058475] [INFO] Health check passed
[2025-11-07T11:40:30.058497] [DEBUG] Timer set: 30 seconds
[2025-11-07T11:40:30.058469] [INFO] Cache hit
[2025-11-07T11:40:30.058474] [INFO] Database query executed
[2025-11-07T11:40:30.058474] [INFO] Session started
[2025-11-07T11:40:30.058472] [INFO] Request processed successfully
[2025-11-07T11:40:30.058486] [WARN] Disk space low
[2025-11-07T11:40:30.058482] [INFO] Request processed successfully
[2025-11-07T11:40:30.058492] [DEBUG] HTTP request headers parsed
[2025-11-07T11:40:30.058480] [INFO] Session started
[2025-11-07T11:40:30.058495] [DEBUG] Memory allocation: 2048 bytes
[2025-11-07T11:40:30.058485] [WARN] Timeout warning
[2025-11-07T11:40:30.058479] [INFO] Service initialized
[2025-11-07T11:40:30.058476] [INFO] Database query executed
[2025-11-07T11:40:30.058473] [INFO] Connection established
[2025-11-07T11:40:30.058484] [WARN] Deprecated API usage
[2025-11-07T11:40:30.058465] [INFO] Connection established
[2025-11-07T11:40:30.058481] [INFO] User logged in
[2025-11-07T11:40:30.058488] [WARN] Slow query performance
[2025-11-07T11:40:30.058491] [DEBUG] Thread pool size: 8
[2025-11-07T11:40:30.058477] [INFO] User logged in
[2025-11-07T11:40:30.058468] [INFO] Session started
[2025-11-07T11:40:30.058470] [INFO] Connection established
[2025-11-07T11:40:30.058499] [DEBUG] Cache key generated
[2025-11-07T11:40:30.058494] [DEBUG] Memory allocation: 2048 bytes
