[2025-11-07T11:40:29.445564] [ERROR] File not found
[2025-11-07T11:40:29.445562] [WARN] Queue size growing
[2025-11-07T11:40:29.445561] [WARN] Disk space low
[2025-11-07T11:40:29.445560] [WARN] Timeout warning
[2025-11-07T11:40:29.445548] [INFO] User logged in
[2025-11-07T11:40:29.445569] [DEBUG] Variable value: x=42
[2025-11-07T11:40:29.445554] [INFO] Cache hit
[2025-11-07T11:40:29.445550] [INFO] Cache hit
[2025-11-07T11:40:29.445571] [DEBUG] Buffer size: 4096 bytes
[2025-11-07T11:40:29.445553] [INFO] Cache hit
[2025-11-07T11:40:29.445552] [INFO] Request processed successfully
[2025-11-07T11:40:29.445558] [INFO] User logged in
[2025-11-07T11:40:29.445555] [INFO] Connection established
[2025-11-07T11:40:29.445568] [DEBUG] Timer set: 30 seconds
[2025-11-07T11:40:29.445549] [INFO] Session started
[2025-11-07T11:40:29.445570] [DEBUG] Memory allocation: 2048 bytes
[2025-11-07T11:40:29.445559] [WARN] Cache miss
[2025-11-07T11:40:29.445565] [DEBUG] Connection pool status checked
[2025-11-07T11:40:29.445557] [INFO] User logged in
[2025-11-07T11:40:29.445551] [INFO] User logged in
[2025-11-07T11:40:29.445567] [DEBUG] Memory allocation: 2048 bytes
[2025-11-07T11:40:29.445563] [WARN] Rate limit approaching
[2025-11-07T11:40:29.445566] [DEBUG] Loop iteration: 15
[2025-11-07T11:40:29.445556] [INFO] Transaction completed
