[2025-11-07T11:40:29.867468] [INFO] Service initialized
[2025-11-07T11:40:29.867488] [DEBUG] Loop iteration: 15
[2025-11-07T11:40:29.867466] [INFO] Health check passed
[2025-11-07T11:40:29.867483] [ERROR] Memory allocation error
[2025-11-07T11:40:29.867479] [WARN] Disk space low
[2025-11-07T11:40:29.867464] [INFO] Configuration loaded
[2025-11-07T11:40:29.867471] [INFO] Session started
[2025-11-07T11:40:29.867477] [INFO] Transaction completed
[2025-11-07T11:40:29.867467] [INFO] Health check passed
[2025-11-07T11:40:29.867490] [DEBUG] Timer set: 30 seconds
[2025-11-07T11:40:29.867470] [INFO] Request processed successfully
[2025-11-07T11:40:29.867480] [WARN] Deprecated API usage
[2025-11-07T11:40:29.867492] [DEBUG] Memory allocation: 2048 bytes
[2025-11-07T11:40:29.867487] [DEBUG] Cache key generated
[2025-11-07T11:40:29.867489] [DEBUG] Entering function process_data()
[2025-11-07T11:40:29.867481] [WARN] Timeout warning
[2025-11-07T11:40:29.867493] [DEBUG] Thread pool size: 8
[2025-11-07T11:40:29.867486] [DEBUG] Cache key generated
[2025-11-07T11:40:29.867473] [INFO] Database query executed
[2025-11-07T11:40:29.867491] [DEBUG] HTTP request headers parsed
[2025-11-07T11:40:29.867474] [INFO] Cache hit
[2025-11-07T11:40:29.867476] [INFO] Health check passed
[2025-11-07T11:40:29.867478] [WARN] High memory usage detected
[2025-11-07T11:40:29.867472] [INFO] Session started
[2025-11-07T11:40:29.867482] [ERROR] Service unavailable
[2025-11-07T11:40:29.867465] [INFO] User logged in
[2025-11-07T11:40:29.867475] [INFO] Transaction completed
[2025-11-07T11:40:29.867485] [DEBUG] Connection pool status checked
