[2025-11-07T11:40:29.618050] [WARN] Cache miss
[2025-11-07T11:40:29.618036] [INFO] Health check passed
[2025-11-07T11:40:29.618039] [INFO] Session started
[2025-11-07T11:40:29.618063] [DEBUG] Connection pool status checked
[2025-11-07T11:40:29.618054] [ERROR] Invalid input data
[2025-11-07T11:40:29.618038] [INFO] Connection established
[2025-11-07T11:40:29.618042] [INFO] Service initialized
[2025-11-07T11:40:29.618064] [DEBUG] Loop iteration: 15
[2025-11-07T11:40:29.618041] [INFO] Request processed successfully
[2025-11-07T11:40:29.618037] [INFO] Cache hit
[2025-11-07T11:40:29.618049] [WARN] Connection retry attempt
[2025-11-07T11:40:29.618043] [INFO] Transaction completed
[2025-11-07T11:40:29.618057] [DEBUG] Connection pool status checked
[2025-11-07T11:40:29.618031] [INFO] Session started
[2025-11-07T11:40:29.618056] [DEBUG] Loop iteration: 15
[2025-11-07T11:40:29.618035] [INFO] Cache hit
[2025-11-07T11:40:29.618029] [INFO] Health check passed
[2025-11-07T11:40:29.618062] [DEBUG] Connection pool status checked
[2025-11-07T11:40:29.618060] [DEBUG] Thread pool size: 8
[2025-11-07T11:40:29.618047] [WARN] Disk space low
[2025-11-07T11:40:29.618032] [INFO] Service initialized
[2025-11-07T11:40:29.618040] [INFO] Transaction completed
[2025-11-07T11:40:29.618034] [INFO] Session started
[2025-11-07T11:40:29.618048] [WARN] Disk space low
[2025-11-07T11:40:29.618033] [INFO] Health check passed
[2025-11-07T11:40:29.618059] [DEBUG] Buffer size: 4096 bytes
[2025-11-07T11:40:29.618045] [INFO] Transaction completed
[2025-11-07T11:40:29.618046] [INFO] Session started
[2025-11-07T11:40:29.618052] [ERROR] Request failed
[2025-11-07T11:40:29.618061] [DEBUG] Variable value: x=42
[2025-11-07T11:40:29.618058] [DEBUG] Connection pool status checked
[2025-11-07T11:40:29.618038] [INFO] Transaction completed
[2025-11-07T11:40:29.618051] [WARN] Deprecated API usage
[2025-11-07T11:40:29.618055] [ERROR] File not found
[2025-11-07T11:40:29.618044] [INFO] Request processed successfully
