[2025-11-07T11:40:29.470160] [WARN] Disk space low
[2025-11-07T11:40:29.470167] [DEBUG] Buffer size: 4096 bytes
[2025-11-07T11:40:29.470144] [INFO] Transaction completed
[2025-11-07T11:40:29.470153] [INFO] Service initialized
[2025-11-07T11:40:29.470170] [DEBUG] Variable value: x=42
[2025-11-07T11:40:29.470148] [INFO] Transaction completed
[2025-11-07T11:40:29.470158] [INFO] Database query executed
[2025-11-07T11:40:29.470154] [INFO] User logged in
[2025-11-07T11:40:29.470171] [DEBUG] Variable value: x=42
[2025-11-07T11:40:29.470169] [DEBUG] HTTP request headers parsed
[2025-11-07T11:40:29.470163] [ERROR] File not found
[2025-11-07T11:40:29.470159] [INFO] Configuration loaded
[2025-11-07T11:40:29.470170] [DEBUG] Thread pool size: 8
[2025-11-07T11:40:29.470152] [INFO] Health check passed
[2025-11-07T11:40:29.470147] [INFO] User logged in
[2025-11-07T11:40:29.470168] [DEBUG] HTTP request headers parsed
[2025-11-07T11:40:29.470156] [INFO] Configuration loaded
[2025-11-07T11:40:29.470150] [INFO] Transaction completed
[2025-11-07T11:40:29.470146] [INFO] Health check passed
[2025-11-07T11:40:29.470161] [WARN] Rate limit approaching
[2025-11-07T11:40:29.470155] [INFO] User logged in
[2025-11-07T11:40:29.470172] [DEBUG] Timer set: 30 seconds
[2025-11-07T11:40:29.470149] [INFO] Service initialized
[2025-11-07T11:40:29.470166] [DEBUG] Buffer size: 4096 bytes
[2025-11-07T11:40:29.470164] [DEBUG] Thread pool size: 8
[2025-11-07T11:40:29.470162] [WARN] Slow query performance
[2025-11-07T11:40:29.470157] [INFO] Request processed successfully
[2025-11-07T11:40:29.470151] [INFO] Service initialized
[2025-11-07T11:40:29.470145] [INFO] Database query executed
