[2025-11-07T11:40:29.765779] [DEBUG] HTTP request headers parsed
[2025-11-07T11:40:29.765762] [INFO] Configuration loaded
[2025-11-07T11:40:29.765771] [INFO] Cache hit
[2025-11-07T11:40:29.765768] [INFO] Cache hit
[2025-11-07T11:40:29.765782] [DEBUG] Variable value: x=42
[2025-11-07T11:40:29.765778] [DEBUG] Timer set: 30 seconds
[2025-11-07T11:40:29.765776] [ERROR] File not found
[2025-11-07T11:40:29.765780] [DEBUG] Memory allocation: 2048 bytes
[2025-11-07T11:40:29.765761] [INFO] Request processed successfully
[2025-11-07T11:40:29.765766] [INFO] Service initialized
[2025-11-07T11:40:29.765757] [INFO] Connection established
[2025-11-07T11:40:29.765765] [INFO] Configuration loaded
[2025-11-07T11:40:29.765783] [DEBUG] Thread pool size: 8
[2025-11-07T11:40:29.765763] [INFO] Configuration loaded
[2025-11-07T11:40:29.765759] [INFO] Service initialized
[2025-11-07T11:40:29.765777] [ERROR] Service unavailable
[2025-11-07T11:40:29.765773] [WARN] High memory usage detected
[2025-11-07T11:40:29.765774] [WARN] Timeout warning
[2025-11-07T11:40:29.765756] [INFO] Database query executed
[2025-11-07T11:40:29.765769] [INFO] Configuration loaded
[2025-11-07T11:40:29.765764] [INFO] Cache hit
[2025-11-07T11:40:29.765758] [INFO] User logged in
[2025-11-07T11:40:29.765770] [INFO] Configuration loaded
[2025-11-07T11:40:29.765786] [DEBUG] HTTP request headers parsed
[2025-11-07T11:40:29.765772] [WARN] Queue size growing
[2025-11-07T11:40:29.765760] [INFO] Connection established
[2025-11-07T11:40:29.765785] [DEBUG] Timer set: 30 seconds
[2025-11-07T11:40:29.765767] [INFO] Service initialized
[2025-11-07T11:40:29.765775] [WARN] Connection retry attempt
[2025-11-07T11:40:29.765784] [DEBUG] Cache key generated
[2025-11-07T11:40:29.765781] [DEBUG] Connection pool status checked
