[2025-11-07T11:40:29.874976] [INFO] Service initialized
[2025-11-07T11:40:29.874978] [INFO] Database query executed
[2025-11-07T11:40:29.874990] [WARN] Deprecated API usage
[2025-11-07T11:40:29.874974] [INFO] Cache hit
[2025-11-07T11:40:29.874998] [DEBUG] Loop iteration: 15
[2025-11-07T11:40:29.874982] [INFO] Request processed successfully
[2025-11-07T11:40:29.874988] [WARN] High memory usage detected
[2025-11-07T11:40:29.874977] [INFO] Connection established
[2025-11-07T11:40:29.874987] [INFO] Connection established
[2025-11-07T11:40:29.874989] [WARN] High memory usage detected
[2025-11-07T11:40:29.874973] [INFO] Request processed successfully
[2025-11-07T11:40:29.874991] [WARN] Connection retry attempt
[2025-11-07T11:40:29.874986] [INFO] User logged in
[2025-11-07T11:40:29.874999] [DEBUG] Entering function process_data()
[2025-11-07T11:40:29.874979] [INFO] Service initialized
[2025-11-07T11:40:29.874983] [INFO] Service initialized
[2025-11-07T11:40:29.874992] [ERROR] Database connection lost
[2025-11-07T11:40:29.874972] [INFO] Configuration loaded
[2025-11-07T11:40:29.874996] [DEBUG] Variable value: x=42
[2025-11-07T11:40:29.875001] [DEBUG] Connection pool status checked
[2025-11-07T11:40:29.875000] [DEBUG] Buffer size: 4096 bytes
[2025-11-07T11:40:29.874984] [INFO] Health check passed
[2025-11-07T11:40:29.874995] [DEBUG] Buffer size: 4096 bytes
[2025-11-07T11:40:29.874975] [INFO] Transaction completed
[2025-11-07T11:40:29.874980] [INFO] Request processed successfully
[2025-11-07T11:40:29.874985] [INFO] Connection established
[2025-11-07T11:40:29.874994] [DEBUG] Buffer size: 4096 bytes
[2025-11-07T11:40:29.874997] [DEBUG] HTTP request headers parsed
[2025-11-07T11:40:29.874993] [DEBUG] Thread pool size: 8
