[2025-11-07T11:40:29.434802] [DEBUG] Buffer size: 4096 bytes
[2025-11-07T11:40:29.434786] [INFO] Health check passed
[2025-11-07T11:40:29.434792] [INFO] Connection established
[2025-11-07T11:40:29.434797] [WARN] Disk space low
[2025-11-07T11:40:29.434806] [DEBUG] Thread pool size: 8
[2025-11-07T11:40:29.434784] [INFO] Health check passed
[2025-11-07T11:40:29.434782] [INFO] Transaction completed
[2025-11-07T11:40:29.434791] [INFO] Cache hit
[2025-11-07T11:40:29.434787] [INFO] Connection established
[2025-11-07T11:40:29.434791] [INFO] Health check passed
[2025-11-07T11:40:29.434781] [INFO] Cache hit
[2025-11-07T11:40:29.434789] [INFO] Connection established
[2025-11-07T11:40:29.434807] [DEBUG] Buffer size: 4096 bytes
[2025-11-07T11:40:29.434795] [WARN] Disk space low
[2025-11-07T11:40:29.434796] [WARN] Connection retry attempt
[2025-11-07T11:40:29.434800] [ERROR] Service unavailable
[2025-11-07T11:40:29.434785] [INFO] Database query executed
[2025-11-07T11:40:29.434779] [INFO] Request processed successfully
[2025-11-07T11:40:29.434808] [DEBUG] Connection pool status checked
[2025-11-07T11:40:29.434783] [INFO] User logged in
[2025-11-07T11:40:29.434799] [ERROR] Network timeout
[2025-11-07T11:40:29.434794] [WARN] Disk space low
[2025-11-07T11:40:29.434778] [INFO] Cache hit
[2025-11-07T11:40:29.434803] [DEBUG] Buffer size: 4096 bytes
[2025-11-07T11:40:29.434780] [INFO] Configuration loaded
[2025-11-07T11:40:29.434798] [WARN] Queue size growing
[2025-11-07T11:40:29.434809] [DEBUG] Timer set: 30 seconds
[2025-11-07T11:40:29.434804] [DEBUG] Connection pool status checked
[2025-11-07T11:40:29.434801] [DEBUG] Loop iteration: 15
[2025-11-07T11:40:29.434790] [INFO] Service initialized
