[2025-11-07T11:40:29.716212] [INFO] Database query executed
[2025-11-07T11:40:29.716226] [DEBUG] Variable value: x=42
[2025-11-07T11:40:29.716206] [INFO] Session started
[2025-11-07T11:40:29.716229] [DEBUG] Loop iteration: 15
[2025-11-07T11:40:29.716233] [DEBUG] Buffer size: 4096 bytes
[2025-11-07T11:40:29.716231] [DEBUG] Cache key generated
[2025-11-07T11:40:29.716234] [DEBUG] Thread pool size: 8
[2025-11-07T11:40:29.716230] [DEBUG] Variable value: x=42
[2025-11-07T11:40:29.716216] [INFO] Connection established
[2025-11-07T11:40:29.716220] [WARN] Rate limit approaching
[2025-11-07T11:40:29.716215] [INFO] Transaction completed
[2025-11-07T11:40:29.716235] [DEBUG] Variable value: x=42
[2025-11-07T11:40:29.716223] [ERROR] Disk read failed
[2025-11-07T11:40:29.716227] [DEBUG] Variable value: x=42
[2025-11-07T11:40:29.716221] [WARN] Timeout warning
[2025-11-07T11:40:29.716228] [DEBUG] Entering function process_data()
[2025-11-07T11:40:29.716208] [INFO] Health check passed
[2025-11-07T11:40:29.716213] [INFO] Connection established
[2025-11-07T11:40:29.716237] [DEBUG] HTTP request headers parsed
[2025-11-07T11:40:29.716209] [INFO] Connection established
[2025-11-07T11:40:29.716211] [INFO] Session started
[2025-11-07T11:40:29.716225] [DEBUG] Entering function process_data()
[2025-11-07T11:40:29.716218] [WARN] Timeout warning
[2025-11-07T11:40:29.716224] [DEBUG] Variable value: x=42
[2025-11-07T11:40:29.716219] [WARN] Slow query performance
[2025-11-07T11:40:29.716217] [INFO] Request processed successfully
[2025-11-07T11:40:29.716236] [DEBUG] Thread pool size: 8
[2025-11-07T11:40:29.716214] [INFO] User logged in
[2025-11-07T11:40:29.716232] [DEBUG] Timer set: 30 seconds
[2025-11-07T11:40:29.716210] [INFO] Configuration loaded
