[2025-11-07T11:40:29.620081] [DEBUG] Thread pool size: 8
[2025-11-07T11:40:29.620061] [INFO] Transaction completed
[2025-11-07T11:40:29.620074] [WARN] Disk space low
[2025-11-07T11:40:29.620057] [INFO] Configuration loaded
[2025-11-07T11:40:29.620075] [WARN] Queue size growing
[2025-11-07T11:40:29.620086] [DEBUG] Entering function process_data()
[2025-11-07T11:40:29.620055] [INFO] Connection established
[2025-11-07T11:40:29.620070] [INFO] Connection established
[2025-11-07T11:40:29.620085] [DEBUG] Timer set: 30 seconds
[2025-11-07T11:40:29.620056] [INFO] Configuration loaded
[2025-11-07T11:40:29.620076] [WARN] Disk space low
[2025-11-07T11:40:29.620060] [INFO] Transaction completed
[2025-11-07T11:40:29.620064] [INFO] Database query executed
[2025-11-07T11:40:29.620050] [INFO] Cache hit
[2025-11-07T11:40:29.620077] [ERROR] File not found
[2025-11-07T11:40:29.620068] [INFO] Connection established
[2025-11-07T11:40:29.620054] [INFO] Configuration loaded
[2025-11-07T11:40:29.620088] [DEBUG] Variable value: x=42
[2025-11-07T11:40:29.620049] [INFO] Service initialized
[2025-11-07T11:40:29.620058] [INFO] User logged in
[2025-11-07T11:40:29.620071] [INFO] Configuration loaded
[2025-11-07T11:40:29.620073] [WARN] Deprecated API usage
[2025-11-07T11:40:29.620078] [ERROR] Authentication failed
[2025-11-07T11:40:29.620062] [INFO] Health check passed
[2025-11-07T11:40:29.620087] [DEBUG] Buffer size: 4096 bytes
[2025-11-07T11:40:29.620066] [INFO] Transaction completed
[2025-11-07T11:40:29.620080] [DEBUG] HTTP request headers parsed
[2025-11-07T11:40:29.620059] [INFO] Transaction completed
[2025-11-07T11:40:29.620069] [INFO] Service initialized
[2025-11-07T11:40:29.620084] [DEBUG] Cache key generated
[2025-11-07T11:40:29.620082] [DEBUG] Loop iteration: 15
[2025-11-07T11:40:29.620079] [DEBUG] Memory allocation: 2048 bytes
[2025-11-07T11:40:29.620051] [INFO] User logged in
[2025-11-07T11:40:29.620052] [INFO] Database query executed
[2025-11-07T11:40:29.620067] [INFO] Cache hit
[2025-11-07T11:40:29.620072] [WARN] Deprecated API usage
[2025-11-07T11:40:29.620089] [DEBUG] Memory allocation: 2048 bytes
[2025-11-07T11:40:29.620065] [INFO] Request processed successfully
[2025-11-07T11:40:29.620063] [INFO] User logged in
