[2025-11-07T11:40:29.529707] [INFO] Cache hit
[2025-11-07T11:40:29.529709] [WARN] Connection retry attempt
[2025-11-07T11:40:29.529713] [WARN] Disk space low
[2025-11-07T11:40:29.529693] [INFO] Service initialized
[2025-11-07T11:40:29.529720] [DEBUG] Cache key generated
[2025-11-07T11:40:29.529715] [DEBUG] Timer set: 30 seconds
[2025-11-07T11:40:29.529719] [DEBUG] Buffer size: 4096 bytes
[2025-11-07T11:40:29.529700] [INFO] User logged in
[2025-11-07T11:40:29.529696] [INFO] Request processed successfully
[2025-11-07T11:40:29.529721] [DEBUG] Thread pool size: 8
[2025-11-07T11:40:29.529703] [INFO] Request processed successfully
[2025-11-07T11:40:29.529712] [WARN] Cache miss
[2025-11-07T11:40:29.529697] [INFO] Configuration loaded
[2025-11-07T11:40:29.529702] [INFO] Service initialized
[2025-11-07T11:40:29.529716] [DEBUG] Timer set: 30 seconds
[2025-11-07T11:40:29.529701] [INFO] Request processed successfully
[2025-11-07T11:40:29.529714] [ERROR] Network timeout
[2025-11-07T11:40:29.529723] [DEBUG] HTTP request headers parsed
[2025-11-07T11:40:29.529710] [WARN] Resource threshold approaching
[2025-11-07T11:40:29.529711] [WARN] High memory usage detected
[2025-11-07T11:40:29.529703] [INFO] Configuration loaded
[2025-11-07T11:40:29.529695] [INFO] Health check passed
[2025-11-07T11:40:29.529706] [INFO] Connection established
[2025-11-07T11:40:29.529704] [INFO] User logged in
[2025-11-07T11:40:29.529718] [DEBUG] HTTP request headers parsed
[2025-11-07T11:40:29.529717] [DEBUG] HTTP request headers parsed
[2025-11-07T11:40:29.529722] [DEBUG] Memory allocation: 2048 bytes
[2025-11-07T11:40:29.529705] [INFO] Configuration loaded
[2025-11-07T11:40:29.529708] [INFO] Request processed successfully
[2025-11-07T11:40:29.529699] [INFO] User logged in
[2025-11-07T11:40:29.529698] [INFO] Connection established
