[2025-11-07T11:40:29.385288] [INFO] Connection established
[2025-11-07T11:40:29.385306] [DEBUG] Cache key generated
[2025-11-07T11:40:29.385305] [DEBUG] Cache key generated
[2025-11-07T11:40:29.385287] [INFO] Cache hit
[2025-11-07T11:40:29.385301] [DEBUG] Cache key generated
[2025-11-07T11:40:29.385284] [INFO] Connection established
[2025-11-07T11:40:29.385298] [ERROR] Invalid input data
[2025-11-07T11:40:29.385290] [INFO] Connection established
[2025-11-07T11:40:29.385285] [INFO] Session started
[2025-11-07T11:40:29.385280] [INFO] Service initialized
[2025-11-07T11:40:29.385291] [INFO] Service initialized
[2025-11-07T11:40:29.385292] [INFO] Configuration loaded
[2025-11-07T11:40:29.385304] [DEBUG] Variable value: x=42
[2025-11-07T11:40:29.385293] [WARN] Slow query performance
[2025-11-07T11:40:29.385297] [WARN] Slow query performance
[2025-11-07T11:40:29.385300] [DEBUG] Thread pool size: 8
[2025-11-07T11:40:29.385295] [WARN] Timeout warning
[2025-11-07T11:40:29.385302] [DEBUG] Memory allocation: 2048 bytes
[2025-11-07T11:40:29.385289] [INFO] Database query executed
[2025-11-07T11:40:29.385282] [INFO] Database query executed
[2025-11-07T11:40:29.385281] [INFO] Service initialized
[2025-11-07T11:40:29.385279] [INFO] Configuration loaded
[2025-11-07T11:40:29.385294] [WARN] Resource threshold approaching
[2025-11-07T11:40:29.385288] [INFO] Health check passed
[2025-11-07T11:40:29.385303] [DEBUG] HTTP request headers parsed
[2025-11-07T11:40:29.385296] [WARN] Slow query performance
[2025-11-07T11:40:29.385286] [INFO] Transaction completed
[2025-11-07T11:40:29.385299] [ERROR] Permission denied
[2025-11-07T11:40:29.385307] [DEBUG] Buffer size: 4096 bytes
