[2025-11-07T11:40:29.573300] [INFO] Health check passed
[2025-11-07T11:40:29.573294] [INFO] Transaction completed
[2025-11-07T11:40:29.573316] [DEBUG] Entering function process_data()
[2025-11-07T11:40:29.573312] [ERROR] Disk read failed
[2025-11-07T11:40:29.573309] [WARN] Connection retry attempt
[2025-11-07T11:40:29.573319] [DEBUG] Variable value: x=42
[2025-11-07T11:40:29.573306] [INFO] Configuration loaded
[2025-11-07T11:40:29.573315] [DEBUG] Connection pool status checked
[2025-11-07T11:40:29.573311] [ERROR] Memory allocation error
[2025-11-07T11:40:29.573314] [DEBUG] Loop iteration: 15
[2025-11-07T11:40:29.573320] [DEBUG] Loop iteration: 15
[2025-11-07T11:40:29.573303] [INFO] Cache hit
[2025-11-07T11:40:29.573308] [WARN] Slow query performance
[2025-11-07T11:40:29.573305] [INFO] Database query executed
[2025-11-07T11:40:29.573302] [INFO] Connection established
[2025-11-07T11:40:29.573303] [INFO] Transaction completed
[2025-11-07T11:40:29.573317] [DEBUG] Variable value: x=42
[2025-11-07T11:40:29.573313] [DEBUG] Timer set: 30 seconds
[2025-11-07T11:40:29.573298] [INFO] Configuration loaded
[2025-11-07T11:40:29.573304] [INFO] Request processed successfully
[2025-11-07T11:40:29.573318] [DEBUG] Variable value: x=42
[2025-11-07T11:40:29.573297] [INFO] Session started
[2025-11-07T11:40:29.573307] [INFO] Service initialized
[2025-11-07T11:40:29.573299] [INFO] Connection established
[2025-11-07T11:40:29.573296] [INFO] Connection established
