[2025-11-07T11:40:29.545218] [INFO] Connection established
[2025-11-07T11:40:29.545234] [WARN] Slow query performance
[2025-11-07T11:40:29.545238] [ERROR] Network timeout
[2025-11-07T11:40:29.545231] [WARN] Cache miss
[2025-11-07T11:40:29.545236] [ERROR] Request failed
[2025-11-07T11:40:29.545232] [WARN] Cache miss
[2025-11-07T11:40:29.545235] [ERROR] Service unavailable
[2025-11-07T11:40:29.545240] [DEBUG] Cache key generated
[2025-11-07T11:40:29.545221] [INFO] Session started
[2025-11-07T11:40:29.545243] [DEBUG] Timer set: 30 seconds
[2025-11-07T11:40:29.545223] [INFO] Health check passed
[2025-11-07T11:40:29.545215] [INFO] Connection established
[2025-11-07T11:40:29.545233] [WARN] Cache miss
[2025-11-07T11:40:29.545216] [INFO] Service initialized
[2025-11-07T11:40:29.545217] [INFO] Request processed successfully
[2025-11-07T11:40:29.545230] [WARN] Rate limit approaching
[2025-11-07T11:40:29.545242] [DEBUG] Timer set: 30 seconds
[2025-11-07T11:40:29.545224] [INFO] Connection established
[2025-11-07T11:40:29.545225] [INFO] Health check passed
[2025-11-07T11:40:29.545226] [INFO] Database query executed
[2025-11-07T11:40:29.545219] [INFO] Configuration loaded
[2025-11-07T11:40:29.545227] [INFO] Request processed successfully
[2025-11-07T11:40:29.545247] [DEBUG] Connection pool status checked
[2025-11-07T11:40:29.545244] [DEBUG] HTTP request headers parsed
[2025-11-07T11:40:29.545241] [DEBUG] Thread pool size: 8
[2025-11-07T11:40:29.545228] [INFO] Cache hit
[2025-11-07T11:40:29.545246] [DEBUG] Cache key generated
[2025-11-07T11:40:29.545239] [DEBUG] Memory allocation: 2048 bytes
[2025-11-07T11:40:29.545245] [DEBUG] Buffer size: 4096 bytes
[2025-11-07T11:40:29.545222] [INFO] Request processed successfully
[2025-11-07T11:40:29.545246] [DEBUG] Cache key generated
[2025-11-07T11:40:29.545229] [INFO] User logged in
[2025-11-07T11:40:29.545220] [INFO] Configuration loaded
