[2025-11-07T11:40:29.639067] [DEBUG] HTTP request headers parsed
[2025-11-07T11:40:29.639066] [DEBUG] Entering function process_data()
[2025-11-07T11:40:29.639046] [INFO] Cache hit
[2025-11-07T11:40:29.639058] [ERROR] File not found
[2025-11-07T11:40:29.639052] [INFO] Configuration loaded
[2025-11-07T11:40:29.639051] [INFO] Health check passed
[2025-11-07T11:40:29.639068] [DEBUG] Timer set: 30 seconds
[2025-11-07T11:40:29.639050] [INFO] Connection established
[2025-11-07T11:40:29.639054] [INFO] Request processed successfully
[2025-11-07T11:40:29.639042] [INFO] Cache hit
[2025-11-07T11:40:29.639056] [WARN] Resource threshold approaching
[2025-11-07T11:40:29.639057] [WARN] Deprecated API usage
[2025-11-07T11:40:29.639064] [DEBUG] Timer set: 30 seconds
[2025-11-07T11:40:29.639049] [INFO] Request processed successfully
[2025-11-07T11:40:29.639045] [INFO] Request processed successfully
[2025-11-07T11:40:29.639060] [DEBUG] Cache key generated
[2025-11-07T11:40:29.639048] [INFO] Health check passed
[2025-11-07T11:40:29.639063] [DEBUG] HTTP request headers parsed
[2025-11-07T11:40:29.639065] [DEBUG] Memory allocation: 2048 bytes
[2025-11-07T11:40:29.639040] [INFO] Request processed successfully
[2025-11-07T11:40:29.639043] [INFO] Cache hit
[2025-11-07T11:40:29.639047] [INFO] Cache hit
[2025-11-07T11:40:29.639059] [ERROR] Permission denied
[2025-11-07T11:40:29.639055] [INFO] Service initialized
[2025-11-07T11:40:29.639044] [INFO] Transaction completed
[2025-11-07T11:40:29.639053] [INFO] Cache hit
[2025-11-07T11:40:29.639062] [DEBUG] Variable value: x=42
[2025-11-07T11:40:29.639069] [DEBUG] Buffer size: 4096 bytes
