[2025-11-07T11:40:30.150359] [WARN] Rate limit approaching
[2025-11-07T11:40:30.150363] [ERROR] Service unavailable
[2025-11-07T11:40:30.150344] [INFO] Health check passed
[2025-11-07T11:40:30.150368] [DEBUG] Thread pool size: 8
[2025-11-07T11:40:30.150355] [WARN] Timeout warning
[2025-11-07T11:40:30.150367] [DEBUG] Variable value: x=42
[2025-11-07T11:40:30.150356] [WARN] Cache miss
[2025-11-07T11:40:30.150365] [DEBUG] Entering function process_data()
[2025-11-07T11:40:30.150370] [DEBUG] Cache key generated
[2025-11-07T11:40:30.150357] [WARN] Resource threshold approaching
[2025-11-07T11:40:30.150345] [INFO] User logged in
[2025-11-07T11:40:30.150371] [DEBUG] HTTP request headers parsed
[2025-11-07T11:40:30.150351] [INFO] Service initialized
[2025-11-07T11:40:30.150341] [INFO] Session started
[2025-11-07T11:40:30.150364] [DEBUG] Timer set: 30 seconds
[2025-11-07T11:40:30.150353] [INFO] Configuration loaded
[2025-11-07T11:40:30.150362] [ERROR] Memory allocation error
[2025-11-07T11:40:30.150348] [INFO] User logged in
[2025-11-07T11:40:30.150347] [INFO] Service initialized
[2025-11-07T11:40:30.150369] [DEBUG] Timer set: 30 seconds
[2025-11-07T11:40:30.150360] [WARN] Timeout warning
[2025-11-07T11:40:30.150342] [INFO] Service initialized
[2025-11-07T11:40:30.150354] [INFO] Connection established
[2025-11-07T11:40:30.150349] [INFO] Transaction completed
[2025-11-07T11:40:30.150346] [INFO] Service initialized
[2025-11-07T11:40:30.150343] [INFO] Database query executed
[2025-11-07T11:40:30.150366] [DEBUG] Cache key generated
[2025-11-07T11:40:30.150352] [INFO] Transaction completed
[2025-11-07T11:40:30.150358] [WARN] Timeout warning
[2025-11-07T11:40:30.150339] [INFO] User logged in
[2025-11-07T11:40:30.150350] [INFO] User logged in
