[2025-11-07T11:40:29.773171] [INFO] Configuration loaded
[2025-11-07T11:40:29.773193] [ERROR] Network timeout
[2025-11-07T11:40:29.773180] [INFO] Health check passed
[2025-11-07T11:40:29.773182] [INFO] Cache hit
[2025-11-07T11:40:29.773195] [DEBUG] Loop iteration: 15
[2025-11-07T11:40:29.773169] [INFO] Database query executed
[2025-11-07T11:40:29.773189] [WARN] Deprecated API usage
[2025-11-07T11:40:29.773186] [WARN] Slow query performance
[2025-11-07T11:40:29.773188] [WARN] Queue size growing
[2025-11-07T11:40:29.773192] [WARN] Slow query performance
[2025-11-07T11:40:29.773198] [DEBUG] Entering function process_data()
[2025-11-07T11:40:29.773167] [INFO] Configuration loaded
[2025-11-07T11:40:29.773175] [INFO] User logged in
[2025-11-07T11:40:29.773176] [INFO] Cache hit
[2025-11-07T11:40:29.773187] [WARN] Rate limit approaching
[2025-11-07T11:40:29.773179] [INFO] Database query executed
[2025-11-07T11:40:29.773199] [DEBUG] Connection pool status checked
[2025-11-07T11:40:29.773196] [DEBUG] Loop iteration: 15
[2025-11-07T11:40:29.773170] [INFO] Session started
[2025-11-07T11:40:29.773197] [DEBUG] Cache key generated
[2025-11-07T11:40:29.773174] [INFO] Cache hit
[2025-11-07T11:40:29.773177] [INFO] Service initialized
[2025-11-07T11:40:29.773173] [INFO] Transaction completed
[2025-11-07T11:40:29.773194] [DEBUG] HTTP request headers parsed
[2025-11-07T11:40:29.773191] [WARN] High memory usage detected
[2025-11-07T11:40:29.773181] [INFO] Service initialized
[2025-11-07T11:40:29.773166] [INFO] User logged in
[2025-11-07T11:40:29.773183] [INFO] User logged in
[2025-11-07T11:40:29.773179] [INFO] Health check passed
[2025-11-07T11:40:29.773190] [WARN] High memory usage detected
[2025-11-07T11:40:29.773172] [INFO] Request processed successfully
[2025-11-07T11:40:29.773185] [INFO] Configuration loaded
[2025-11-07T11:40:29.773178] [INFO] Service initialized
