[2025-11-07T11:40:29.305596] [WARN] Deprecated API usage
[2025-11-07T11:40:29.305589] [INFO] Transaction completed
[2025-11-07T11:40:29.305577] [INFO] Transaction completed
[2025-11-07T11:40:29.305604] [DEBUG] HTTP request headers parsed
[2025-11-07T11:40:29.305586] [INFO] Cache hit
[2025-11-07T11:40:29.305580] [INFO] Session started
[2025-11-07T11:40:29.305579] [INFO] Request processed successfully
[2025-11-07T11:40:29.305595] [WARN] Disk space low
[2025-11-07T11:40:29.305598] [WARN] Timeout warning
[2025-11-07T11:40:29.305606] [DEBUG] Entering function process_data()
[2025-11-07T11:40:29.305608] [DEBUG] HTTP request headers parsed
[2025-11-07T11:40:29.305585] [INFO] Service initialized
[2025-11-07T11:40:29.305581] [INFO] Session started
[2025-11-07T11:40:29.305599] [ERROR] Network timeout
[2025-11-07T11:40:29.305584] [INFO] Configuration loaded
[2025-11-07T11:40:29.305583] [INFO] Request processed successfully
[2025-11-07T11:40:29.305588] [INFO] Cache hit
[2025-11-07T11:40:29.305601] [DEBUG] Connection pool status checked
[2025-11-07T11:40:29.305594] [WARN] Rate limit approaching
[2025-11-07T11:40:29.305590] [INFO] Transaction completed
[2025-11-07T11:40:29.305591] [INFO] Service initialized
[2025-11-07T11:40:29.305605] [DEBUG] Memory allocation: 2048 bytes
[2025-11-07T11:40:29.305582] [INFO] Health check passed
[2025-11-07T11:40:29.305588] [INFO] Cache hit
[2025-11-07T11:40:29.305592] [INFO] Connection established
[2025-11-07T11:40:29.305600] [ERROR] Memory allocation error
[2025-11-07T11:40:29.305597] [WARN] Resource threshold approaching
[2025-11-07T11:40:29.305603] [DEBUG] Variable value: x=42
[2025-11-07T11:40:29.305602] [DEBUG] Connection pool status checked
[2025-11-07T11:40:29.305607] [DEBUG] Timer set: 30 seconds
[2025-11-07T11:40:29.305593] [INFO] User logged in
[2025-11-07T11:40:29.305587] [INFO] Health check passed
