[2025-11-07T11:40:30.267803] [INFO] Session started
[2025-11-07T11:40:30.267818] [ERROR] File not found
[2025-11-07T11:40:30.267823] [DEBUG] Entering function process_data()
[2025-11-07T11:40:30.267810] [INFO] Session started
[2025-11-07T11:40:30.267814] [WARN] Connection retry attempt
[2025-11-07T11:40:30.267824] [DEBUG] Variable value: x=42
[2025-11-07T11:40:30.267802] [INFO] Health check passed
[2025-11-07T11:40:30.267821] [DEBUG] Timer set: 30 seconds
[2025-11-07T11:40:30.267807] [INFO] Service initialized
[2025-11-07T11:40:30.267811] [WARN] High memory usage detected
[2025-11-07T11:40:30.267822] [DEBUG] Thread pool size: 8
[2025-11-07T11:40:30.267819] [DEBUG] Timer set: 30 seconds
[2025-11-07T11:40:30.267812] [WARN] Deprecated API usage
[2025-11-07T11:40:30.267826] [DEBUG] Cache key generated
[2025-11-07T11:40:30.267805] [INFO] Cache hit
[2025-11-07T11:40:30.267804] [INFO] Health check passed
[2025-11-07T11:40:30.267799] [INFO] Request processed successfully
[2025-11-07T11:40:30.267797] [INFO] Request processed successfully
[2025-11-07T11:40:30.267809] [INFO] Transaction completed
[2025-11-07T11:40:30.267806] [INFO] Connection established
[2025-11-07T11:40:30.267817] [ERROR] Permission denied
[2025-11-07T11:40:30.267827] [DEBUG] Buffer size: 4096 bytes
[2025-11-07T11:40:30.267815] [WARN] Timeout warning
[2025-11-07T11:40:30.267816] [WARN] Slow query performance
[2025-11-07T11:40:30.267800] [INFO] Connection established
[2025-11-07T11:40:30.267808] [INFO] Session started
[2025-11-07T11:40:30.267813] [WARN] Queue size growing
[2025-11-07T11:40:30.267820] [DEBUG] Entering function process_data()
[2025-11-07T11:40:30.267801] [INFO] Configuration loaded
[2025-11-07T11:40:30.267825] [DEBUG] Memory allocation: 2048 bytes
