[2025-11-07T11:40:29.541588] [INFO] Connection established
[2025-11-07T11:40:29.541602] [DEBUG] Loop iteration: 15
[2025-11-07T11:40:29.541594] [WARN] Deprecated API usage
[2025-11-07T11:40:29.541589] [INFO] Service initialized
[2025-11-07T11:40:29.541574] [INFO] Health check passed
[2025-11-07T11:40:29.541586] [INFO] Transaction completed
[2025-11-07T11:40:29.541599] [DEBUG] Buffer size: 4096 bytes
[2025-11-07T11:40:29.541578] [INFO] User logged in
[2025-11-07T11:40:29.541585] [INFO] Database query executed
[2025-11-07T11:40:29.541582] [INFO] Request processed successfully
[2025-11-07T11:40:29.541583] [INFO] Configuration loaded
[2025-11-07T11:40:29.541580] [INFO] Session started
[2025-11-07T11:40:29.541604] [DEBUG] Cache key generated
[2025-11-07T11:40:29.541577] [INFO] Session started
[2025-11-07T11:40:29.541603] [DEBUG] Connection pool status checked
[2025-11-07T11:40:29.541598] [DEBUG] Thread pool size: 8
[2025-11-07T11:40:29.541591] [INFO] Session started
[2025-11-07T11:40:29.541597] [ERROR] Database connection lost
[2025-11-07T11:40:29.541579] [INFO] Session started
[2025-11-07T11:40:29.541600] [DEBUG] Cache key generated
[2025-11-07T11:40:29.541593] [WARN] Deprecated API usage
[2025-11-07T11:40:29.541587] [INFO] Database query executed
[2025-11-07T11:40:29.541576] [INFO] Connection established
[2025-11-07T11:40:29.541596] [WARN] Disk space low
[2025-11-07T11:40:29.541581] [INFO] Service initialized
[2025-11-07T11:40:29.541590] [INFO] User logged in
[2025-11-07T11:40:29.541584] [INFO] Connection established
[2025-11-07T11:40:29.541601] [DEBUG] Buffer size: 4096 bytes
[2025-11-07T11:40:29.541595] [WARN] High memory usage detected
