[2025-11-07T11:40:29.927046] [INFO] Database query executed
[2025-11-07T11:40:29.927050] [INFO] User logged in
[2025-11-07T11:40:29.927048] [INFO] Transaction completed
[2025-11-07T11:40:29.927063] [INFO] User logged in
[2025-11-07T11:40:29.927076] [DEBUG] Variable value: x=42
[2025-11-07T11:40:29.927044] [INFO] Cache hit
[2025-11-07T11:40:29.927071] [ERROR] Request failed
[2025-11-07T11:40:29.927068] [WARN] Cache miss
[2025-11-07T11:40:29.927045] [INFO] Configuration loaded
[2025-11-07T11:40:29.927070] [WARN] Resource threshold approaching
[2025-11-07T11:40:29.927078] [DEBUG] Connection pool status checked
[2025-11-07T11:40:29.927051] [INFO] Health check passed
[2025-11-07T11:40:29.927059] [INFO] Session started
[2025-11-07T11:40:29.927062] [INFO] Health check passed
[2025-11-07T11:40:29.927079] [DEBUG] Loop iteration: 15
[2025-11-07T11:40:29.927065] [INFO] Configuration loaded
[2025-11-07T11:40:29.927066] [INFO] Connection established
[2025-11-07T11:40:29.927081] [DEBUG] Timer set: 30 seconds
[2025-11-07T11:40:29.927061] [INFO] Database query executed
[2025-11-07T11:40:29.927069] [WARN] Connection retry attempt
[2025-11-07T11:40:29.927080] [DEBUG] Buffer size: 4096 bytes
[2025-11-07T11:40:29.927072] [ERROR] Authentication failed
[2025-11-07T11:40:29.927073] [DEBUG] Entering function process_data()
[2025-11-07T11:40:29.927064] [INFO] Database query executed
[2025-11-07T11:40:29.927074] [DEBUG] Cache key generated
[2025-11-07T11:40:29.927060] [INFO] Configuration loaded
[2025-11-07T11:40:29.927075] [DEBUG] Thread pool size: 8
[2025-11-07T11:40:29.927077] [DEBUG] Variable value: x=42
[2025-11-07T11:40:29.927067] [WARN] Rate limit approaching
