[2025-11-07T11:40:29.724928] [DEBUG] Loop iteration: 15
[2025-11-07T11:40:29.724915] [INFO] Database query executed
[2025-11-07T11:40:29.724910] [INFO] Cache hit
[2025-11-07T11:40:29.724908] [INFO] Connection established
[2025-11-07T11:40:29.724918] [INFO] Configuration loaded
[2025-11-07T11:40:29.724912] [INFO] Configuration loaded
[2025-11-07T11:40:29.724907] [INFO] Connection established
[2025-11-07T11:40:29.724925] [DEBUG] Cache key generated
[2025-11-07T11:40:29.724913] [INFO] Transaction completed
[2025-11-07T11:40:29.724932] [DEBUG] Entering function process_data()
[2025-11-07T11:40:29.724919] [WARN] Slow query performance
[2025-11-07T11:40:29.724911] [INFO] Configuration loaded
[2025-11-07T11:40:29.724915] [INFO] User logged in
[2025-11-07T11:40:29.724921] [ERROR] Invalid input data
[2025-11-07T11:40:29.724914] [INFO] Database query executed
[2025-11-07T11:40:29.724926] [DEBUG] Loop iteration: 15
[2025-11-07T11:40:29.724904] [INFO] Database query executed
[2025-11-07T11:40:29.724930] [DEBUG] Timer set: 30 seconds
[2025-11-07T11:40:29.724917] [INFO] Transaction completed
[2025-11-07T11:40:29.724933] [DEBUG] Loop iteration: 15
[2025-11-07T11:40:29.724920] [WARN] Slow query performance
[2025-11-07T11:40:29.724927] [DEBUG] Loop iteration: 15
[2025-11-07T11:40:29.724929] [DEBUG] Buffer size: 4096 bytes
[2025-11-07T11:40:29.724902] [INFO] User logged in
[2025-11-07T11:40:29.724924] [DEBUG] Timer set: 30 seconds
[2025-11-07T11:40:29.724916] [INFO] Session started
[2025-11-07T11:40:29.724906] [INFO] Transaction completed
[2025-11-07T11:40:29.724923] [ERROR] Network timeout
[2025-11-07T11:40:29.724909] [INFO] Configuration loaded
[2025-11-07T11:40:29.724931] [DEBUG] Thread pool size: 8
[2025-11-07T11:40:29.724905] [INFO] Session started
