[2025-11-07T11:40:29.509529] [DEBUG] Timer set: 30 seconds
[2025-11-07T11:40:29.509507] [INFO] Health check passed
[2025-11-07T11:40:29.509518] [WARN] Disk space low
[2025-11-07T11:40:29.509515] [INFO] User logged in
[2025-11-07T11:40:29.509531] [DEBUG] Timer set: 30 seconds
[2025-11-07T11:40:29.509526] [DEBUG] HTTP request headers parsed
[2025-11-07T11:40:29.509519] [WARN] Cache miss
[2025-11-07T11:40:29.509521] [ERROR] Disk read failed
[2025-11-07T11:40:29.509518] [WARN] Cache miss
[2025-11-07T11:40:29.509517] [WARN] Resource threshold approaching
[2025-11-07T11:40:29.509506] [INFO] Session started
[2025-11-07T11:40:29.509525] [DEBUG] Buffer size: 4096 bytes
[2025-11-07T11:40:29.509528] [DEBUG] HTTP request headers parsed
[2025-11-07T11:40:29.509505] [INFO] Configuration loaded
[2025-11-07T11:40:29.509522] [ERROR] Network timeout
[2025-11-07T11:40:29.509527] [DEBUG] Timer set: 30 seconds
[2025-11-07T11:40:29.509513] [INFO] Session started
[2025-11-07T11:40:29.509524] [DEBUG] Variable value: x=42
[2025-11-07T11:40:29.509520] [WARN] Timeout warning
[2025-11-07T11:40:29.509511] [INFO] Connection established
[2025-11-07T11:40:29.509514] [INFO] Service initialized
[2025-11-07T11:40:29.509503] [INFO] Request processed successfully
[2025-11-07T11:40:29.509508] [INFO] Database query executed
[2025-11-07T11:40:29.509516] [INFO] Session started
[2025-11-07T11:40:29.509512] [INFO] Health check passed
[2025-11-07T11:40:29.509531] [DEBUG] Connection pool status checked
[2025-11-07T11:40:29.509510] [INFO] Cache hit
[2025-11-07T11:40:29.509530] [DEBUG] Buffer size: 4096 bytes
[2025-11-07T11:40:29.509509] [INFO] Service initialized
