[2025-11-07T11:40:30.247754] [DEBUG] Connection pool status checked
[2025-11-07T11:40:30.247743] [WARN] Rate limit approaching
[2025-11-07T11:40:30.247736] [INFO] Session started
[2025-11-07T11:40:30.247731] [INFO] Cache hit
[2025-11-07T11:40:30.247742] [WARN] Resource threshold approaching
[2025-11-07T11:40:30.247753] [DEBUG] Variable value: x=42
[2025-11-07T11:40:30.247752] [DEBUG] Entering function process_data()
[2025-11-07T11:40:30.247740] [WARN] Deprecated API usage
[2025-11-07T11:40:30.247745] [ERROR] Network timeout
[2025-11-07T11:40:30.247738] [INFO] Configuration loaded
[2025-11-07T11:40:30.247741] [WARN] High memory usage detected
[2025-11-07T11:40:30.247725] [INFO] Health check passed
[2025-11-07T11:40:30.247735] [INFO] Configuration loaded
[2025-11-07T11:40:30.247726] [INFO] Transaction completed
[2025-11-07T11:40:30.247748] [DEBUG] Memory allocation: 2048 bytes
[2025-11-07T11:40:30.247734] [INFO] Configuration loaded
[2025-11-07T11:40:30.247749] [DEBUG] Entering function process_data()
[2025-11-07T11:40:30.247746] [DEBUG] Entering function process_data()
[2025-11-07T11:40:30.247747] [DEBUG] Memory allocation: 2048 bytes
[2025-11-07T11:40:30.247733] [INFO] Database query executed
[2025-11-07T11:40:30.247728] [INFO] Configuration loaded
[2025-11-07T11:40:30.247730] [INFO] Transaction completed
[2025-11-07T11:40:30.247732] [INFO] Request processed successfully
[2025-11-07T11:40:30.247729] [INFO] Cache hit
[2025-11-07T11:40:30.247739] [INFO] Session started
[2025-11-07T11:40:30.247727] [INFO] Transaction completed
[2025-11-07T11:40:30.247737] [INFO] Cache hit
[2025-11-07T11:40:30.247744] [ERROR] Request failed
[2025-11-07T11:40:30.247751] [DEBUG] Thread pool size: 8
[2025-11-07T11:40:30.247750] [DEBUG] Loop iteration: 15
