[2025-11-07T11:40:29.781167] [INFO] Request processed successfully
[2025-11-07T11:40:29.781189] [DEBUG] Entering function process_data()
[2025-11-07T11:40:29.781174] [INFO] Health check passed
[2025-11-07T11:40:29.781185] [WARN] Connection retry attempt
[2025-11-07T11:40:29.781184] [WARN] Disk space low
[2025-11-07T11:40:29.781187] [WARN] High memory usage detected
[2025-11-07T11:40:29.781175] [INFO] Session started
[2025-11-07T11:40:29.781188] [ERROR] Disk read failed
[2025-11-07T11:40:29.781183] [WARN] Slow query performance
[2025-11-07T11:40:29.781178] [INFO] Transaction completed
[2025-11-07T11:40:29.781172] [INFO] Database query executed
[2025-11-07T11:40:29.781170] [INFO] Cache hit
[2025-11-07T11:40:29.781177] [INFO] User logged in
[2025-11-07T11:40:29.781181] [INFO] Health check passed
[2025-11-07T11:40:29.781179] [INFO] Transaction completed
[2025-11-07T11:40:29.781192] [DEBUG] Memory allocation: 2048 bytes
[2025-11-07T11:40:29.781164] [INFO] Transaction completed
[2025-11-07T11:40:29.781191] [DEBUG] Cache key generated
[2025-11-07T11:40:29.781190] [DEBUG] Buffer size: 4096 bytes
[2025-11-07T11:40:29.781180] [INFO] Connection established
[2025-11-07T11:40:29.781175] [INFO] Connection established
[2025-11-07T11:40:29.781171] [INFO] Request processed successfully
[2025-11-07T11:40:29.781166] [INFO] Database query executed
[2025-11-07T11:40:29.781193] [DEBUG] Entering function process_data()
[2025-11-07T11:40:29.781169] [INFO] Session started
[2025-11-07T11:40:29.781186] [WARN] High memory usage detected
[2025-11-07T11:40:29.781176] [INFO] Configuration loaded
[2025-11-07T11:40:29.781173] [INFO] Connection established
[2025-11-07T11:40:29.781168] [INFO] Service initialized
