[2025-11-07T11:40:30.018321] [DEBUG] Loop iteration: 15
[2025-11-07T11:40:30.018328] [DEBUG] Cache key generated
[2025-11-07T11:40:30.018316] [WARN] Resource threshold approaching
[2025-11-07T11:40:30.018322] [DEBUG] HTTP request headers parsed
[2025-11-07T11:40:30.018308] [INFO] Request processed successfully
[2025-11-07T11:40:30.018314] [INFO] Database query executed
[2025-11-07T11:40:30.018319] [ERROR] Memory allocation error
[2025-11-07T11:40:30.018315] [WARN] High memory usage detected
[2025-11-07T11:40:30.018304] [INFO] Database query executed
[2025-11-07T11:40:30.018307] [INFO] Session started
[2025-11-07T11:40:30.018326] [DEBUG] Loop iteration: 15
[2025-11-07T11:40:30.018306] [INFO] Session started
[2025-11-07T11:40:30.018317] [WARN] Connection retry attempt
[2025-11-07T11:40:30.018323] [DEBUG] Loop iteration: 15
[2025-11-07T11:40:30.018313] [INFO] Service initialized
[2025-11-07T11:40:30.018325] [DEBUG] Loop iteration: 15
[2025-11-07T11:40:30.018300] [INFO] Cache hit
[2025-11-07T11:40:30.018303] [INFO] Configuration loaded
[2025-11-07T11:40:30.018301] [INFO] Connection established
[2025-11-07T11:40:30.018309] [INFO] Cache hit
[2025-11-07T11:40:30.018327] [DEBUG] Buffer size: 4096 bytes
[2025-11-07T11:40:30.018305] [INFO] Connection established
[2025-11-07T11:40:30.018302] [INFO] Request processed successfully
[2025-11-07T11:40:30.018312] [INFO] Request processed successfully
[2025-11-07T11:40:30.018310] [INFO] Service initialized
[2025-11-07T11:40:30.018311] [INFO] Connection established
[2025-11-07T11:40:30.018318] [WARN] Connection retry attempt
[2025-11-07T11:40:30.018320] [DEBUG] Variable value: x=42
[2025-11-07T11:40:30.018324] [DEBUG] Thread pool size: 8
