[2025-11-07T11:40:29.457463] [INFO] Cache hit
[2025-11-07T11:40:29.457480] [ERROR] Authentication failed
[2025-11-07T11:40:29.457466] [INFO] Transaction completed
[2025-11-07T11:40:29.457486] [DEBUG] Memory allocation: 2048 bytes
[2025-11-07T11:40:29.457461] [INFO] Cache hit
[2025-11-07T11:40:29.457484] [DEBUG] Entering function process_data()
[2025-11-07T11:40:29.457469] [INFO] Request processed successfully
[2025-11-07T11:40:29.457476] [WARN] Disk space low
[2025-11-07T11:40:29.457478] [WARN] Queue size growing
[2025-11-07T11:40:29.457470] [INFO] Health check passed
[2025-11-07T11:40:29.457465] [INFO] Session started
[2025-11-07T11:40:29.457490] [DEBUG] Buffer size: 4096 bytes
[2025-11-07T11:40:29.457460] [INFO] User logged in
[2025-11-07T11:40:29.457474] [WARN] Connection retry attempt
[2025-11-07T11:40:29.457468] [INFO] User logged in
[2025-11-07T11:40:29.457458] [INFO] Transaction completed
[2025-11-07T11:40:29.457488] [DEBUG] HTTP request headers parsed
[2025-11-07T11:40:29.457482] [DEBUG] Memory allocation: 2048 bytes
[2025-11-07T11:40:29.457487] [DEBUG] Memory allocation: 2048 bytes
[2025-11-07T11:40:29.457479] [WARN] Connection retry attempt
[2025-11-07T11:40:29.457489] [DEBUG] Entering function process_data()
[2025-11-07T11:40:29.457475] [WARN] Deprecated API usage
[2025-11-07T11:40:29.457477] [WARN] Connection retry attempt
[2025-11-07T11:40:29.457485] [DEBUG] Timer set: 30 seconds
[2025-11-07T11:40:29.457462] [INFO] Configuration loaded
[2025-11-07T11:40:29.457464] [INFO] Health check passed
[2025-11-07T11:40:29.457471] [INFO] Cache hit
[2025-11-07T11:40:29.457481] [ERROR] Request failed
[2025-11-07T11:40:29.457466] [INFO] User logged in
[2025-11-07T11:40:29.457472] [INFO] Health check passed
[2025-11-07T11:40:29.457467] [INFO] Database query executed
[2025-11-07T11:40:29.457483] [DEBUG] Variable value: x=42
[2025-11-07T11:40:29.457473] [INFO] Request processed successfully
