[2025-11-07T11:40:30.277208] [ERROR] File not found
[2025-11-07T11:40:30.277213] [DEBUG] Memory allocation: 2048 bytes
[2025-11-07T11:40:30.277197] [INFO] User logged in
[2025-11-07T11:40:30.277214] [DEBUG] Thread pool size: 8
[2025-11-07T11:40:30.277206] [INFO] User logged in
[2025-11-07T11:40:30.277211] [DEBUG] HTTP request headers parsed
[2025-11-07T11:40:30.277205] [INFO] Request processed successfully
[2025-11-07T11:40:30.277202] [INFO] Request processed successfully
[2025-11-07T11:40:30.277196] [INFO] User logged in
[2025-11-07T11:40:30.277195] [INFO] Transaction completed
[2025-11-07T11:40:30.277215] [DEBUG] Loop iteration: 15
[2025-11-07T11:40:30.277199] [INFO] Service initialized
[2025-11-07T11:40:30.277198] [INFO] User logged in
[2025-11-07T11:40:30.277204] [INFO] Session started
[2025-11-07T11:40:30.277201] [INFO] Session started
[2025-11-07T11:40:30.277209] [ERROR] Permission denied
[2025-11-07T11:40:30.277203] [INFO] Connection established
[2025-11-07T11:40:30.277210] [DEBUG] Memory allocation: 2048 bytes
[2025-11-07T11:40:30.277212] [DEBUG] Variable value: x=42
[2025-11-07T11:40:30.277201] [INFO] Configuration loaded
[2025-11-07T11:40:30.277207] [WARN] Deprecated API usage
