[2025-11-07T11:40:29.670476] [INFO] Session started
[2025-11-07T11:40:29.670480] [INFO] Connection established
[2025-11-07T11:40:29.670479] [INFO] Database query executed
[2025-11-07T11:40:29.670500] [DEBUG] Cache key generated
[2025-11-07T11:40:29.670502] [DEBUG] Timer set: 30 seconds
[2025-11-07T11:40:29.670488] [WARN] Deprecated API usage
[2025-11-07T11:40:29.670486] [INFO] Connection established
[2025-11-07T11:40:29.670494] [DEBUG] Buffer size: 4096 bytes
[2025-11-07T11:40:29.670493] [DEBUG] Buffer size: 4096 bytes
[2025-11-07T11:40:29.670473] [INFO] Database query executed
[2025-11-07T11:40:29.670490] [ERROR] Memory allocation error
[2025-11-07T11:40:29.670492] [DEBUG] Connection pool status checked
[2025-11-07T11:40:29.670478] [INFO] Cache hit
[2025-11-07T11:40:29.670482] [INFO] Request processed successfully
[2025-11-07T11:40:29.670498] [DEBUG] Thread pool size: 8
[2025-11-07T11:40:29.670483] [INFO] Health check passed
[2025-11-07T11:40:29.670474] [INFO] Connection established
[2025-11-07T11:40:29.670472] [INFO] Health check passed
[2025-11-07T11:40:29.670497] [DEBUG] Variable value: x=42
[2025-11-07T11:40:29.670496] [DEBUG] Loop iteration: 15
[2025-11-07T11:40:29.670501] [DEBUG] Memory allocation: 2048 bytes
[2025-11-07T11:40:29.670495] [DEBUG] Entering function process_data()
[2025-11-07T11:40:29.670475] [INFO] Configuration loaded
[2025-11-07T11:40:29.670499] [DEBUG] Loop iteration: 15
[2025-11-07T11:40:29.670485] [INFO] Request processed successfully
[2025-11-07T11:40:29.670487] [WARN] Connection retry attempt
[2025-11-07T11:40:29.670481] [INFO] Health check passed
[2025-11-07T11:40:29.670491] [ERROR] Permission denied
[2025-11-07T11:40:29.670484] [INFO] User logged in
[2025-11-07T11:40:29.670477] [INFO] Database query executed
