[2025-11-07T11:40:30.363621] [DEBUG] Thread pool size: 8
[2025-11-07T11:40:30.363611] [INFO] Cache hit
[2025-11-07T11:40:30.363615] [ERROR] File not found
[2025-11-07T11:40:30.363617] [ERROR] Service unavailable
[2025-11-07T11:40:30.363604] [INFO] Database query executed
[2025-11-07T11:40:30.363606] [INFO] Request processed successfully
[2025-11-07T11:40:30.363600] [INFO] Cache hit
[2025-11-07T11:40:30.363602] [INFO] Health check passed
[2025-11-07T11:40:30.363603] [INFO] Service initialized
[2025-11-07T11:40:30.363612] [INFO] Service initialized
[2025-11-07T11:40:30.363608] [INFO] Service initialized
[2025-11-07T11:40:30.363609] [INFO] Transaction completed
[2025-11-07T11:40:30.363626] [DEBUG] Variable value: x=42
[2025-11-07T11:40:30.363627] [DEBUG] Cache key generated
[2025-11-07T11:40:30.363614] [WARN] Resource threshold approaching
[2025-11-07T11:40:30.363618] [DEBUG] Entering function process_data()
[2025-11-07T11:40:30.363610] [INFO] Transaction completed
[2025-11-07T11:40:30.363619] [DEBUG] Loop iteration: 15
[2025-11-07T11:40:30.363624] [DEBUG] HTTP request headers parsed
[2025-11-07T11:40:30.363607] [INFO] Session started
[2025-11-07T11:40:30.363623] [DEBUG] Cache key generated
[2025-11-07T11:40:30.363622] [DEBUG] Timer set: 30 seconds
[2025-11-07T11:40:30.363605] [INFO] Session started
[2025-11-07T11:40:30.363628] [DEBUG] Connection pool status checked
