[2025-11-07T11:40:29.301369] [INFO] Request processed successfully
[2025-11-07T11:40:29.301391] [INFO] Session started
[2025-11-07T11:40:29.301396] [INFO] Health check passed
[2025-11-07T11:40:29.301408] [DEBUG] Loop iteration: 15
[2025-11-07T11:40:29.301372] [INFO] Connection established
[2025-11-07T11:40:29.301395] [INFO] Connection established
[2025-11-07T11:40:29.301393] [INFO] Health check passed
[2025-11-07T11:40:29.301398] [INFO] Connection established
[2025-11-07T11:40:29.301367] [INFO] Configuration loaded
[2025-11-07T11:40:29.301388] [INFO] Session started
[2025-11-07T11:40:29.301400] [INFO] Cache hit
[2025-11-07T11:40:29.301401] [INFO] Session started
[2025-11-07T11:40:29.301405] [DEBUG] Buffer size: 4096 bytes
[2025-11-07T11:40:29.301386] [INFO] User logged in
[2025-11-07T11:40:29.301390] [INFO] Database query executed
[2025-11-07T11:40:29.301402] [WARN] Queue size growing
[2025-11-07T11:40:29.301410] [DEBUG] Thread pool size: 8
[2025-11-07T11:40:29.301389] [INFO] Session started
[2025-11-07T11:40:29.301392] [INFO] Configuration loaded
[2025-11-07T11:40:29.301370] [INFO] Cache hit
[2025-11-07T11:40:29.301409] [DEBUG] Variable value: x=42
[2025-11-07T11:40:29.301404] [ERROR] Request failed
[2025-11-07T11:40:29.301371] [INFO] Session started
[2025-11-07T11:40:29.301399] [INFO] Configuration loaded
[2025-11-07T11:40:29.301406] [DEBUG] Timer set: 30 seconds
[2025-11-07T11:40:29.301397] [INFO] Health check passed
[2025-11-07T11:40:29.301411] [DEBUG] Cache key generated
[2025-11-07T11:40:29.301403] [ERROR] Memory allocation error
[2025-11-07T11:40:29.301407] [DEBUG] Buffer size: 4096 bytes
[2025-11-07T11:40:29.301394] [INFO] Service initialized
[2025-11-07T11:40:29.301387] [INFO] Health check passed
[2025-11-07T11:40:29.301385] [INFO] Database query executed
