[2025-11-07T11:40:29.828507] [DEBUG] Entering function process_data()
[2025-11-07T11:40:29.828506] [DEBUG] Timer set: 30 seconds
[2025-11-07T11:40:29.828488] [INFO] Request processed successfully
[2025-11-07T11:40:29.828481] [INFO] Database query executed
[2025-11-07T11:40:29.828501] [DEBUG] Entering function process_data()
[2025-11-07T11:40:29.828497] [WARN] Rate limit approaching
[2025-11-07T11:40:29.828490] [INFO] Session started
[2025-11-07T11:40:29.828500] [ERROR] Permission denied
[2025-11-07T11:40:29.828483] [INFO] Session started
[2025-11-07T11:40:29.828492] [INFO] Database query executed
[2025-11-07T11:40:29.828482] [INFO] Request processed successfully
[2025-11-07T11:40:29.828493] [INFO] Health check passed
[2025-11-07T11:40:29.828487] [INFO] Cache hit
[2025-11-07T11:40:29.828479] [INFO] Service initialized
[2025-11-07T11:40:29.828480] [INFO] Health check passed
[2025-11-07T11:40:29.828505] [DEBUG] Timer set: 30 seconds
[2025-11-07T11:40:29.828502] [DEBUG] Memory allocation: 2048 bytes
[2025-11-07T11:40:29.828499] [ERROR] Disk read failed
[2025-11-07T11:40:29.828504] [DEBUG] Connection pool status checked
[2025-11-07T11:40:29.828496] [WARN] Rate limit approaching
[2025-11-07T11:40:29.828505] [DEBUG] Buffer size: 4096 bytes
[2025-11-07T11:40:29.828489] [INFO] User logged in
[2025-11-07T11:40:29.828498] [WARN] Disk space low
[2025-11-07T11:40:29.828485] [INFO] Cache hit
[2025-11-07T11:40:29.828484] [INFO] Configuration loaded
[2025-11-07T11:40:29.828494] [INFO] Session started
[2025-11-07T11:40:29.828495] [WARN] Connection retry attempt
[2025-11-07T11:40:29.828486] [INFO] Transaction completed
[2025-11-07T11:40:29.828503] [DEBUG] Timer set: 30 seconds
[2025-11-07T11:40:29.828508] [DEBUG] Loop iteration: 15
[2025-11-07T11:40:29.828509] [DEBUG] Memory allocation: 2048 bytes
