[2025-11-07T11:40:29.530925] [DEBUG] HTTP request headers parsed
[2025-11-07T11:40:29.530931] [DEBUG] Variable value: x=42
[2025-11-07T11:40:29.530906] [INFO] Health check passed
[2025-11-07T11:40:29.530923] [DEBUG] HTTP request headers parsed
[2025-11-07T11:40:29.530913] [INFO] Service initialized
[2025-11-07T11:40:29.530930] [DEBUG] HTTP request headers parsed
[2025-11-07T11:40:29.530902] [INFO] Service initialized
[2025-11-07T11:40:29.530922] [ERROR] Memory allocation error
[2025-11-07T11:40:29.530929] [DEBUG] Thread pool size: 8
[2025-11-07T11:40:29.530905] [INFO] User logged in
[2025-11-07T11:40:29.530927] [DEBUG] Cache key generated
[2025-11-07T11:40:29.530924] [DEBUG] HTTP request headers parsed
[2025-11-07T11:40:29.530918] [WARN] Cache miss
[2025-11-07T11:40:29.530909] [INFO] Health check passed
[2025-11-07T11:40:29.530916] [INFO] Health check passed
[2025-11-07T11:40:29.530915] [INFO] Session started
[2025-11-07T11:40:29.530908] [INFO] Database query executed
[2025-11-07T11:40:29.530919] [WARN] Deprecated API usage
[2025-11-07T11:40:29.530928] [DEBUG] Cache key generated
[2025-11-07T11:40:29.530921] [ERROR] File not found
[2025-11-07T11:40:29.530903] [INFO] Configuration loaded
[2025-11-07T11:40:29.530912] [INFO] Request processed successfully
[2025-11-07T11:40:29.530904] [INFO] User logged in
[2025-11-07T11:40:29.530926] [DEBUG] Timer set: 30 seconds
[2025-11-07T11:40:29.530910] [INFO] Health check passed
[2025-11-07T11:40:29.530914] [INFO] Transaction completed
[2025-11-07T11:40:29.530920] [WARN] Queue size growing
[2025-11-07T11:40:29.530911] [INFO] Health check passed
[2025-11-07T11:40:29.530917] [WARN] Resource threshold approaching
[2025-11-07T11:40:29.530907] [INFO] Configuration loaded
