[2025-11-07T11:40:30.049847] [DEBUG] Buffer size: 4096 bytes
[2025-11-07T11:40:30.049834] [WARN] Rate limit approaching
[2025-11-07T11:40:30.049835] [WARN] Slow query performance
[2025-11-07T11:40:30.049821] [INFO] User logged in
[2025-11-07T11:40:30.049830] [INFO] Database query executed
[2025-11-07T11:40:30.049846] [DEBUG] HTTP request headers parsed
[2025-11-07T11:40:30.049818] [INFO] Transaction completed
[2025-11-07T11:40:30.049829] [INFO] Session started
[2025-11-07T11:40:30.049831] [INFO] Cache hit
[2025-11-07T11:40:30.049819] [INFO] Session started
[2025-11-07T11:40:30.049832] [INFO] Request processed successfully
[2025-11-07T11:40:30.049843] [DEBUG] Entering function process_data()
[2025-11-07T11:40:30.049825] [INFO] Cache hit
[2025-11-07T11:40:30.049837] [WARN] Disk space low
[2025-11-07T11:40:30.049839] [WARN] Resource threshold approaching
[2025-11-07T11:40:30.049836] [WARN] Resource threshold approaching
[2025-11-07T11:40:30.049842] [ERROR] Network timeout
[2025-11-07T11:40:30.049838] [WARN] Cache miss
[2025-11-07T11:40:30.049845] [DEBUG] HTTP request headers parsed
[2025-11-07T11:40:30.049823] [INFO] Service initialized
[2025-11-07T11:40:30.049822] [INFO] Connection established
[2025-11-07T11:40:30.049841] [ERROR] Network timeout
[2025-11-07T11:40:30.049848] [DEBUG] Variable value: x=42
[2025-11-07T11:40:30.049840] [WARN] Queue size growing
[2025-11-07T11:40:30.049833] [INFO] Cache hit
[2025-11-07T11:40:30.049827] [INFO] Configuration loaded
[2025-11-07T11:40:30.049817] [INFO] Transaction completed
[2025-11-07T11:40:30.049824] [INFO] Transaction completed
[2025-11-07T11:40:30.049828] [INFO] Service initialized
[2025-11-07T11:40:30.049826] [INFO] Transaction completed
[2025-11-07T11:40:30.049844] [DEBUG] Connection pool status checked
