[2025-11-07T11:40:30.122544] [DEBUG] Loop iteration: 15
[2025-11-07T11:40:30.122529] [INFO] Service initialized
[2025-11-07T11:40:30.122518] [INFO] Configuration loaded
[2025-11-07T11:40:30.122516] [INFO] Connection established
[2025-11-07T11:40:30.122545] [DEBUG] Memory allocation: 2048 bytes
[2025-11-07T11:40:30.122521] [INFO] User logged in
[2025-11-07T11:40:30.122542] [DEBUG] Thread pool size: 8
[2025-11-07T11:40:30.122528] [INFO] Connection established
[2025-11-07T11:40:30.122546] [DEBUG] Buffer size: 4096 bytes
[2025-11-07T11:40:30.122535] [ERROR] File not found
[2025-11-07T11:40:30.122515] [INFO] Request processed successfully
[2025-11-07T11:40:30.122537] [DEBUG] Entering function process_data()
[2025-11-07T11:40:30.122527] [INFO] User logged in
[2025-11-07T11:40:30.122522] [INFO] Request processed successfully
[2025-11-07T11:40:30.122531] [WARN] Queue size growing
[2025-11-07T11:40:30.122541] [DEBUG] Loop iteration: 15
[2025-11-07T11:40:30.122519] [INFO] Connection established
[2025-11-07T11:40:30.122524] [INFO] Cache hit
[2025-11-07T11:40:30.122538] [DEBUG] Loop iteration: 15
[2025-11-07T11:40:30.122534] [ERROR] Authentication failed
[2025-11-07T11:40:30.122540] [DEBUG] Loop iteration: 15
[2025-11-07T11:40:30.122525] [INFO] Cache hit
[2025-11-07T11:40:30.122526] [INFO] User logged in
[2025-11-07T11:40:30.122536] [DEBUG] Timer set: 30 seconds
[2025-11-07T11:40:30.122530] [INFO] Session started
[2025-11-07T11:40:30.122543] [DEBUG] Cache key generated
[2025-11-07T11:40:30.122523] [INFO] Session started
[2025-11-07T11:40:30.122532] [WARN] Deprecated API usage
[2025-11-07T11:40:30.122533] [WARN] Slow query performance
[2025-11-07T11:40:30.122517] [INFO] Configuration loaded
