[2025-11-07T11:40:29.729643] [ERROR] File not found
[2025-11-07T11:40:29.729639] [WARN] Deprecated API usage
[2025-11-07T11:40:29.729635] [INFO] Request processed successfully
[2025-11-07T11:40:29.729630] [INFO] Transaction completed
[2025-11-07T11:40:29.729636] [INFO] Health check passed
[2025-11-07T11:40:29.729641] [WARN] Queue size growing
[2025-11-07T11:40:29.729652] [DEBUG] Buffer size: 4096 bytes
[2025-11-07T11:40:29.729646] [DEBUG] Entering function process_data()
[2025-11-07T11:40:29.729647] [DEBUG] Variable value: x=42
[2025-11-07T11:40:29.729624] [INFO] Cache hit
[2025-11-07T11:40:29.729637] [WARN] Resource threshold approaching
[2025-11-07T11:40:29.729631] [INFO] Session started
[2025-11-07T11:40:29.729626] [INFO] Health check passed
[2025-11-07T11:40:29.729640] [WARN] Queue size growing
[2025-11-07T11:40:29.729627] [INFO] Connection established
[2025-11-07T11:40:29.729633] [INFO] Service initialized
[2025-11-07T11:40:29.729651] [DEBUG] Cache key generated
[2025-11-07T11:40:29.729653] [DEBUG] Thread pool size: 8
[2025-11-07T11:40:29.729638] [WARN] Queue size growing
[2025-11-07T11:40:29.729648] [DEBUG] HTTP request headers parsed
[2025-11-07T11:40:29.729644] [ERROR] Database connection lost
[2025-11-07T11:40:29.729645] [DEBUG] Timer set: 30 seconds
[2025-11-07T11:40:29.729649] [DEBUG] Buffer size: 4096 bytes
[2025-11-07T11:40:29.729629] [INFO] Transaction completed
[2025-11-07T11:40:29.729634] [INFO] Session started
[2025-11-07T11:40:29.729628] [INFO] Database query executed
[2025-11-07T11:40:29.729632] [INFO] Configuration loaded
[2025-11-07T11:40:29.729650] [DEBUG] Thread pool size: 8
