[2025-11-07T11:40:29.330061] [INFO] Health check passed
[2025-11-07T11:40:29.330057] [INFO] Request processed successfully
[2025-11-07T11:40:29.330063] [INFO] Connection established
[2025-11-07T11:40:29.330075] [DEBUG] HTTP request headers parsed
[2025-11-07T11:40:29.330073] [DEBUG] Variable value: x=42
[2025-11-07T11:40:29.330070] [DEBUG] Cache key generated
[2025-11-07T11:40:29.330072] [DEBUG] Thread pool size: 8
[2025-11-07T11:40:29.330054] [INFO] User logged in
[2025-11-07T11:40:29.330056] [INFO] Transaction completed
[2025-11-07T11:40:29.330064] [WARN] Disk space low
[2025-11-07T11:40:29.330058] [INFO] Request processed successfully
[2025-11-07T11:40:29.330062] [INFO] Health check passed
[2025-11-07T11:40:29.330076] [DEBUG] Cache key generated
[2025-11-07T11:40:29.330077] [DEBUG] Cache key generated
[2025-11-07T11:40:29.330078] [DEBUG] Loop iteration: 15
[2025-11-07T11:40:29.330074] [DEBUG] Cache key generated
[2025-11-07T11:40:29.330069] [ERROR] File not found
[2025-11-07T11:40:29.330066] [WARN] Cache miss
[2025-11-07T11:40:29.330052] [INFO] Health check passed
[2025-11-07T11:40:29.330068] [ERROR] Request failed
[2025-11-07T11:40:29.330067] [WARN] Resource threshold approaching
[2025-11-07T11:40:29.330060] [INFO] Configuration loaded
[2025-11-07T11:40:29.330053] [INFO] Connection established
[2025-11-07T11:40:29.330065] [WARN] Slow query performance
[2025-11-07T11:40:29.330059] [INFO] Request processed successfully
[2025-11-07T11:40:29.330050] [INFO] Session started
[2025-11-07T11:40:29.330055] [INFO] Request processed successfully
[2025-11-07T11:40:29.330071] [DEBUG] Loop iteration: 15
[2025-11-07T11:40:29.330064] [WARN] Cache miss
