[2025-11-07T11:40:29.357667] [DEBUG] HTTP request headers parsed
[2025-11-07T11:40:29.357647] [INFO] User logged in
[2025-11-07T11:40:29.357659] [WARN] Resource threshold approaching
[2025-11-07T11:40:29.357664] [DEBUG] HTTP request headers parsed
[2025-11-07T11:40:29.357646] [INFO] Request processed successfully
[2025-11-07T11:40:29.357657] [INFO] Configuration loaded
[2025-11-07T11:40:29.357655] [INFO] Database query executed
[2025-11-07T11:40:29.357644] [INFO] Configuration loaded
[2025-11-07T11:40:29.357656] [INFO] Request processed successfully
[2025-11-07T11:40:29.357661] [WARN] Resource threshold approaching
[2025-11-07T11:40:29.357665] [DEBUG] Timer set: 30 seconds
[2025-11-07T11:40:29.357650] [INFO] Request processed successfully
[2025-11-07T11:40:29.357645] [INFO] Session started
[2025-11-07T11:40:29.357670] [DEBUG] Buffer size: 4096 bytes
[2025-11-07T11:40:29.357652] [INFO] Transaction completed
[2025-11-07T11:40:29.357660] [WARN] Disk space low
[2025-11-07T11:40:29.357662] [ERROR] File not found
[2025-11-07T11:40:29.357663] [ERROR] Permission denied
[2025-11-07T11:40:29.357654] [INFO] Configuration loaded
[2025-11-07T11:40:29.357649] [INFO] Database query executed
[2025-11-07T11:40:29.357658] [WARN] Rate limit approaching
[2025-11-07T11:40:29.357671] [DEBUG] Loop iteration: 15
[2025-11-07T11:40:29.357666] [DEBUG] Variable value: x=42
[2025-11-07T11:40:29.357643] [INFO] Transaction completed
[2025-11-07T11:40:29.357672] [DEBUG] Memory allocation: 2048 bytes
[2025-11-07T11:40:29.357648] [INFO] Configuration loaded
[2025-11-07T11:40:29.357669] [DEBUG] Cache key generated
[2025-11-07T11:40:29.357668] [DEBUG] HTTP request headers parsed
[2025-11-07T11:40:29.357653] [INFO] Cache hit
[2025-11-07T11:40:29.357651] [INFO] Cache hit
