[2025-11-07T11:40:29.670808] [INFO] Service initialized
[2025-11-07T11:40:29.670815] [WARN] Rate limit approaching
[2025-11-07T11:40:29.670829] [DEBUG] Cache key generated
[2025-11-07T11:40:29.670812] [INFO] Configuration loaded
[2025-11-07T11:40:29.670799] [INFO] Transaction completed
[2025-11-07T11:40:29.670824] [ERROR] Database connection lost
[2025-11-07T11:40:29.670803] [INFO] Configuration loaded
[2025-11-07T11:40:29.670811] [INFO] Service initialized
[2025-11-07T11:40:29.670830] [DEBUG] Timer set: 30 seconds
[2025-11-07T11:40:29.670816] [WARN] Slow query performance
[2025-11-07T11:40:29.670806] [INFO] Configuration loaded
[2025-11-07T11:40:29.670825] [DEBUG] Thread pool size: 8
[2025-11-07T11:40:29.670820] [WARN] High memory usage detected
[2025-11-07T11:40:29.670826] [DEBUG] Connection pool status checked
[2025-11-07T11:40:29.670805] [INFO] Database query executed
[2025-11-07T11:40:29.670814] [INFO] Service initialized
[2025-11-07T11:40:29.670832] [DEBUG] Entering function process_data()
[2025-11-07T11:40:29.670823] [ERROR] File not found
[2025-11-07T11:40:29.670804] [INFO] Service initialized
[2025-11-07T11:40:29.670833] [DEBUG] Entering function process_data()
[2025-11-07T11:40:29.670819] [WARN] Connection retry attempt
[2025-11-07T11:40:29.670810] [INFO] Configuration loaded
[2025-11-07T11:40:29.670817] [WARN] Timeout warning
[2025-11-07T11:40:29.670828] [DEBUG] HTTP request headers parsed
[2025-11-07T11:40:29.670818] [WARN] Timeout warning
[2025-11-07T11:40:29.670831] [DEBUG] Connection pool status checked
[2025-11-07T11:40:29.670827] [DEBUG] Variable value: x=42
[2025-11-07T11:40:29.670813] [INFO] Configuration loaded
[2025-11-07T11:40:29.670822] [ERROR] Authentication failed
[2025-11-07T11:40:29.670809] [INFO] Configuration loaded
[2025-11-07T11:40:29.670807] [INFO] Database query executed
[2025-11-07T11:40:29.670802] [INFO] Database query executed
[2025-11-07T11:40:29.670801] [INFO] User logged in
