[2025-11-07T11:40:29.328131] [WARN] Queue size growing
[2025-11-07T11:40:29.328129] [WARN] High memory usage detected
[2025-11-07T11:40:29.328135] [DEBUG] Memory allocation: 2048 bytes
[2025-11-07T11:40:29.328140] [DEBUG] Thread pool size: 8
[2025-11-07T11:40:29.328126] [INFO] Cache hit
[2025-11-07T11:40:29.328112] [INFO] Configuration loaded
[2025-11-07T11:40:29.328114] [INFO] User logged in
[2025-11-07T11:40:29.328141] [DEBUG] Loop iteration: 15
[2025-11-07T11:40:29.328125] [INFO] Health check passed
[2025-11-07T11:40:29.328116] [INFO] Connection established
[2025-11-07T11:40:29.328115] [INFO] Transaction completed
[2025-11-07T11:40:29.328117] [INFO] Connection established
[2025-11-07T11:40:29.328139] [DEBUG] Memory allocation: 2048 bytes
[2025-11-07T11:40:29.328133] [ERROR] Database connection lost
[2025-11-07T11:40:29.328142] [DEBUG] Buffer size: 4096 bytes
[2025-11-07T11:40:29.328130] [WARN] Connection retry attempt
[2025-11-07T11:40:29.328118] [INFO] Database query executed
[2025-11-07T11:40:29.328124] [INFO] Cache hit
[2025-11-07T11:40:29.328122] [INFO] Service initialized
[2025-11-07T11:40:29.328121] [INFO] Connection established
[2025-11-07T11:40:29.328127] [INFO] Connection established
[2025-11-07T11:40:29.328136] [DEBUG] Entering function process_data()
[2025-11-07T11:40:29.328128] [WARN] Connection retry attempt
[2025-11-07T11:40:29.328123] [INFO] Cache hit
[2025-11-07T11:40:29.328134] [ERROR] Disk read failed
[2025-11-07T11:40:29.328138] [DEBUG] HTTP request headers parsed
[2025-11-07T11:40:29.328120] [INFO] Health check passed
[2025-11-07T11:40:29.328143] [DEBUG] Timer set: 30 seconds
[2025-11-07T11:40:29.328132] [WARN] Rate limit approaching
[2025-11-07T11:40:29.328137] [DEBUG] Loop iteration: 15
[2025-11-07T11:40:29.328119] [INFO] Health check passed
