[2025-11-07T11:40:30.366981] [DEBUG] Connection pool status checked
[2025-11-07T11:40:30.366956] [INFO] Cache hit
[2025-11-07T11:40:30.366951] [INFO] Session started
[2025-11-07T11:40:30.366963] [INFO] Service initialized
[2025-11-07T11:40:30.366950] [INFO] Transaction completed
[2025-11-07T11:40:30.366979] [DEBUG] Loop iteration: 15
[2025-11-07T11:40:30.366971] [WARN] Resource threshold approaching
[2025-11-07T11:40:30.366975] [ERROR] Permission denied
[2025-11-07T11:40:30.366973] [WARN] Disk space low
[2025-11-07T11:40:30.366976] [DEBUG] Thread pool size: 8
[2025-11-07T11:40:30.366978] [DEBUG] Loop iteration: 15
[2025-11-07T11:40:30.366944] [INFO] Service initialized
[2025-11-07T11:40:30.366949] [INFO] Session started
[2025-11-07T11:40:30.366965] [INFO] Transaction completed
[2025-11-07T11:40:30.366967] [INFO] Session started
[2025-11-07T11:40:30.366946] [INFO] Request processed successfully
[2025-11-07T11:40:30.366972] [WARN] Queue size growing
[2025-11-07T11:40:30.366958] [INFO] Session started
[2025-11-07T11:40:30.366962] [INFO] Database query executed
[2025-11-07T11:40:30.366964] [INFO] Database query executed
[2025-11-07T11:40:30.366968] [WARN] Resource threshold approaching
[2025-11-07T11:40:30.366960] [INFO] Session started
[2025-11-07T11:40:30.366977] [DEBUG] Connection pool status checked
[2025-11-07T11:40:30.366955] [INFO] Transaction completed
[2025-11-07T11:40:30.366959] [INFO] Cache hit
[2025-11-07T11:40:30.366981] [DEBUG] Thread pool size: 8
[2025-11-07T11:40:30.366948] [INFO] Database query executed
[2025-11-07T11:40:30.366974] [ERROR] Authentication failed
[2025-11-07T11:40:30.366954] [INFO] Session started
[2025-11-07T11:40:30.366947] [INFO] Health check passed
[2025-11-07T11:40:30.366969] [WARN] Timeout warning
[2025-11-07T11:40:30.366952] [INFO] Request processed successfully
