[2025-11-07T11:40:30.364298] [ERROR] Invalid input data
[2025-11-07T11:40:30.364284] [INFO] Database query executed
[2025-11-07T11:40:30.364280] [INFO] User logged in
[2025-11-07T11:40:30.364278] [INFO] Configuration loaded
[2025-11-07T11:40:30.364304] [DEBUG] Variable value: x=42
[2025-11-07T11:40:30.364294] [WARN] Queue size growing
[2025-11-07T11:40:30.364297] [WARN] Rate limit approaching
[2025-11-07T11:40:30.364279] [INFO] Database query executed
[2025-11-07T11:40:30.364283] [INFO] Service initialized
[2025-11-07T11:40:30.364308] [DEBUG] Timer set: 30 seconds
[2025-11-07T11:40:30.364300] [DEBUG] Timer set: 30 seconds
[2025-11-07T11:40:30.364281] [INFO] Health check passed
[2025-11-07T11:40:30.364285] [INFO] Health check passed
[2025-11-07T11:40:30.364303] [DEBUG] Connection pool status checked
[2025-11-07T11:40:30.364296] [WARN] Connection retry attempt
[2025-11-07T11:40:30.364289] [INFO] Configuration loaded
[2025-11-07T11:40:30.364302] [DEBUG] Connection pool status checked
[2025-11-07T11:40:30.364287] [INFO] Request processed successfully
[2025-11-07T11:40:30.364306] [DEBUG] Entering function process_data()
[2025-11-07T11:40:30.364305] [DEBUG] Timer set: 30 seconds
[2025-11-07T11:40:30.364301] [DEBUG] HTTP request headers parsed
[2025-11-07T11:40:30.364291] [INFO] Cache hit
[2025-11-07T11:40:30.364293] [INFO] User logged in
[2025-11-07T11:40:30.364288] [INFO] Transaction completed
[2025-11-07T11:40:30.364291] [INFO] Database query executed
[2025-11-07T11:40:30.364307] [DEBUG] Variable value: x=42
[2025-11-07T11:40:30.364299] [ERROR] Disk read failed
[2025-11-07T11:40:30.364290] [INFO] Connection established
[2025-11-07T11:40:30.364286] [INFO] Service initialized
[2025-11-07T11:40:30.364295] [WARN] Disk space low
[2025-11-07T11:40:30.364282] [INFO] Connection established
