[2025-11-07T11:40:30.175928] [INFO] Configuration loaded
[2025-11-07T11:40:30.175914] [INFO] Database query executed
[2025-11-07T11:40:30.175932] [WARN] Queue size growing
[2025-11-07T11:40:30.175945] [DEBUG] Connection pool status checked
[2025-11-07T11:40:30.175919] [INFO] Session started
[2025-11-07T11:40:30.175912] [INFO] Connection established
[2025-11-07T11:40:30.175927] [INFO] Database query executed
[2025-11-07T11:40:30.175937] [DEBUG] Buffer size: 4096 bytes
[2025-11-07T11:40:30.175921] [INFO] Connection established
[2025-11-07T11:40:30.175922] [INFO] Request processed successfully
[2025-11-07T11:40:30.175926] [INFO] Session started
[2025-11-07T11:40:30.175916] [INFO] Request processed successfully
[2025-11-07T11:40:30.175935] [ERROR] Disk read failed
[2025-11-07T11:40:30.175924] [INFO] Session started
[2025-11-07T11:40:30.175940] [DEBUG] Loop iteration: 15
[2025-11-07T11:40:30.175943] [DEBUG] HTTP request headers parsed
[2025-11-07T11:40:30.175947] [DEBUG] Memory allocation: 2048 bytes
[2025-11-07T11:40:30.175925] [INFO] Configuration loaded
[2025-11-07T11:40:30.175942] [DEBUG] Entering function process_data()
[2025-11-07T11:40:30.175917] [INFO] Database query executed
[2025-11-07T11:40:30.175944] [DEBUG] Cache key generated
[2025-11-07T11:40:30.175918] [INFO] Health check passed
[2025-11-07T11:40:30.175931] [WARN] Cache miss
[2025-11-07T11:40:30.175936] [DEBUG] Variable value: x=42
[2025-11-07T11:40:30.175930] [WARN] Slow query performance
[2025-11-07T11:40:30.175938] [DEBUG] HTTP request headers parsed
[2025-11-07T11:40:30.175933] [WARN] Disk space low
[2025-11-07T11:40:30.175946] [DEBUG] Timer set: 30 seconds
[2025-11-07T11:40:30.175920] [INFO] Request processed successfully
[2025-11-07T11:40:30.175929] [WARN] Connection retry attempt
[2025-11-07T11:40:30.175939] [DEBUG] Variable value: x=42
[2025-11-07T11:40:30.175923] [INFO] User logged in
[2025-11-07T11:40:30.175915] [INFO] Configuration loaded
[2025-11-07T11:40:30.175934] [WARN] Queue size growing
[2025-11-07T11:40:30.175941] [DEBUG] HTTP request headers parsed
