[2025-11-07T11:40:29.806540] [INFO] Database query executed
[2025-11-07T11:40:29.806537] [INFO] Configuration loaded
[2025-11-07T11:40:29.806538] [INFO] Configuration loaded
[2025-11-07T11:40:29.806535] [INFO] Connection established
[2025-11-07T11:40:29.806548] [WARN] Resource threshold approaching
[2025-11-07T11:40:29.806536] [INFO] Database query executed
[2025-11-07T11:40:29.806557] [DEBUG] Connection pool status checked
[2025-11-07T11:40:29.806554] [DEBUG] Thread pool size: 8
[2025-11-07T11:40:29.806555] [DEBUG] Memory allocation: 2048 bytes
[2025-11-07T11:40:29.806534] [INFO] Database query executed
[2025-11-07T11:40:29.806545] [WARN] High memory usage detected
[2025-11-07T11:40:29.806530] [INFO] Database query executed
[2025-11-07T11:40:29.806532] [INFO] Configuration loaded
[2025-11-07T11:40:29.806541] [INFO] Cache hit
[2025-11-07T11:40:29.806544] [WARN] Cache miss
[2025-11-07T11:40:29.806539] [INFO] User logged in
[2025-11-07T11:40:29.806529] [INFO] Session started
[2025-11-07T11:40:29.806553] [DEBUG] Variable value: x=42
[2025-11-07T11:40:29.806551] [ERROR] Service unavailable
[2025-11-07T11:40:29.806539] [INFO] Configuration loaded
[2025-11-07T11:40:29.806552] [DEBUG] Variable value: x=42
[2025-11-07T11:40:29.806556] [DEBUG] Variable value: x=42
[2025-11-07T11:40:29.806546] [WARN] Connection retry attempt
[2025-11-07T11:40:29.806549] [WARN] Deprecated API usage
[2025-11-07T11:40:29.806542] [INFO] Request processed successfully
[2025-11-07T11:40:29.806543] [INFO] Health check passed
[2025-11-07T11:40:29.806533] [INFO] Database query executed
[2025-11-07T11:40:29.806550] [ERROR] Memory allocation error
