[2025-11-07T11:40:29.853926] [INFO] Health check passed
[2025-11-07T11:40:29.853927] [INFO] Database query executed
[2025-11-07T11:40:29.853928] [INFO] Health check passed
[2025-11-07T11:40:29.853937] [INFO] Health check passed
[2025-11-07T11:40:29.853955] [DEBUG] Buffer size: 4096 bytes
[2025-11-07T11:40:29.853934] [INFO] Health check passed
[2025-11-07T11:40:29.853931] [INFO] Configuration loaded
[2025-11-07T11:40:29.853925] [INFO] Transaction completed
[2025-11-07T11:40:29.853939] [INFO] Request processed successfully
[2025-11-07T11:40:29.853945] [WARN] Disk space low
[2025-11-07T11:40:29.853948] [DEBUG] Buffer size: 4096 bytes
[2025-11-07T11:40:29.853947] [ERROR] Authentication failed
[2025-11-07T11:40:29.853951] [DEBUG] Memory allocation: 2048 bytes
[2025-11-07T11:40:29.853959] [DEBUG] Entering function process_data()
[2025-11-07T11:40:29.853958] [DEBUG] Timer set: 30 seconds
[2025-11-07T11:40:29.853956] [DEBUG] Thread pool size: 8
[2025-11-07T11:40:29.853933] [INFO] Database query executed
[2025-11-07T11:40:29.853935] [INFO] Cache hit
[2025-11-07T11:40:29.853952] [DEBUG] Cache key generated
[2025-11-07T11:40:29.853940] [INFO] Request processed successfully
[2025-11-07T11:40:29.853941] [WARN] Rate limit approaching
[2025-11-07T11:40:29.853943] [WARN] Timeout warning
[2025-11-07T11:40:29.853929] [INFO] Cache hit
[2025-11-07T11:40:29.853932] [INFO] User logged in
[2025-11-07T11:40:29.853936] [INFO] Session started
[2025-11-07T11:40:29.853935] [INFO] User logged in
[2025-11-07T11:40:29.853954] [DEBUG] Loop iteration: 15
[2025-11-07T11:40:29.853950] [DEBUG] Cache key generated
[2025-11-07T11:40:29.853944] [WARN] Connection retry attempt
