[2025-11-07T11:40:30.200589] [INFO] Service initialized
[2025-11-07T11:40:30.200593] [INFO] Request processed successfully
[2025-11-07T11:40:30.200613] [DEBUG] Cache key generated
[2025-11-07T11:40:30.200607] [ERROR] Request failed
[2025-11-07T11:40:30.200603] [INFO] User logged in
[2025-11-07T11:40:30.200610] [DEBUG] Connection pool status checked
[2025-11-07T11:40:30.200612] [DEBUG] Memory allocation: 2048 bytes
[2025-11-07T11:40:30.200594] [INFO] Transaction completed
[2025-11-07T11:40:30.200608] [DEBUG] Variable value: x=42
[2025-11-07T11:40:30.200597] [INFO] Configuration loaded
[2025-11-07T11:40:30.200591] [INFO] Session started
[2025-11-07T11:40:30.200606] [ERROR] Database connection lost
[2025-11-07T11:40:30.200598] [INFO] Cache hit
[2025-11-07T11:40:30.200602] [INFO] Configuration loaded
[2025-11-07T11:40:30.200605] [WARN] Timeout warning
[2025-11-07T11:40:30.200599] [INFO] Health check passed
[2025-11-07T11:40:30.200614] [DEBUG] Timer set: 30 seconds
[2025-11-07T11:40:30.200609] [DEBUG] Memory allocation: 2048 bytes
[2025-11-07T11:40:30.200592] [INFO] Database query executed
[2025-11-07T11:40:30.200600] [INFO] Connection established
[2025-11-07T11:40:30.200611] [DEBUG] Entering function process_data()
[2025-11-07T11:40:30.200596] [INFO] Cache hit
[2025-11-07T11:40:30.200601] [INFO] User logged in
[2025-11-07T11:40:30.200590] [INFO] Service initialized
[2025-11-07T11:40:30.200595] [INFO] Session started
