[2025-11-07T11:40:29.632155] [INFO] User logged in
[2025-11-07T11:40:29.632160] [INFO] Cache hit
[2025-11-07T11:40:29.632168] [INFO] Database query executed
[2025-11-07T11:40:29.632162] [INFO] Connection established
[2025-11-07T11:40:29.632167] [INFO] Configuration loaded
[2025-11-07T11:40:29.632169] [INFO] Transaction completed
[2025-11-07T11:40:29.632180] [DEBUG] Connection pool status checked
[2025-11-07T11:40:29.632158] [INFO] Cache hit
[2025-11-07T11:40:29.632178] [DEBUG] Timer set: 30 seconds
[2025-11-07T11:40:29.632174] [WARN] High memory usage detected
[2025-11-07T11:40:29.632164] [INFO] Transaction completed
[2025-11-07T11:40:29.632176] [ERROR] Authentication failed
[2025-11-07T11:40:29.632175] [ERROR] Disk read failed
[2025-11-07T11:40:29.632161] [INFO] Request processed successfully
[2025-11-07T11:40:29.632173] [WARN] Queue size growing
[2025-11-07T11:40:29.632172] [WARN] High memory usage detected
[2025-11-07T11:40:29.632157] [INFO] Health check passed
[2025-11-07T11:40:29.632177] [DEBUG] Variable value: x=42
[2025-11-07T11:40:29.632170] [WARN] Deprecated API usage
[2025-11-07T11:40:29.632166] [INFO] Cache hit
[2025-11-07T11:40:29.632171] [WARN] Deprecated API usage
[2025-11-07T11:40:29.632163] [INFO] Database query executed
[2025-11-07T11:40:29.632179] [DEBUG] Thread pool size: 8
[2025-11-07T11:40:29.632159] [INFO] Configuration loaded
[2025-11-07T11:40:29.632165] [INFO] Health check passed
