[2025-11-07T11:40:29.375005] [INFO] Cache hit
[2025-11-07T11:40:29.375019] [DEBUG] Connection pool status checked
[2025-11-07T11:40:29.375020] [DEBUG] Variable value: x=42
[2025-11-07T11:40:29.375015] [ERROR] Invalid input data
[2025-11-07T11:40:29.375021] [DEBUG] Memory allocation: 2048 bytes
[2025-11-07T11:40:29.374998] [INFO] Cache hit
[2025-11-07T11:40:29.375014] [WARN] Connection retry attempt
[2025-11-07T11:40:29.375009] [INFO] Transaction completed
[2025-11-07T11:40:29.375023] [DEBUG] Cache key generated
[2025-11-07T11:40:29.375008] [INFO] Cache hit
[2025-11-07T11:40:29.375002] [INFO] User logged in
[2025-11-07T11:40:29.375007] [INFO] User logged in
[2025-11-07T11:40:29.375017] [DEBUG] Timer set: 30 seconds
[2025-11-07T11:40:29.375025] [DEBUG] Thread pool size: 8
[2025-11-07T11:40:29.375001] [INFO] Connection established
[2025-11-07T11:40:29.375004] [INFO] Request processed successfully
[2025-11-07T11:40:29.375022] [DEBUG] Variable value: x=42
[2025-11-07T11:40:29.375018] [DEBUG] Loop iteration: 15
[2025-11-07T11:40:29.375016] [DEBUG] Memory allocation: 2048 bytes
[2025-11-07T11:40:29.375011] [WARN] Timeout warning
[2025-11-07T11:40:29.375012] [WARN] Deprecated API usage
[2025-11-07T11:40:29.375024] [DEBUG] Loop iteration: 15
[2025-11-07T11:40:29.375013] [WARN] Timeout warning
[2025-11-07T11:40:29.375006] [INFO] Database query executed
[2025-11-07T11:40:29.374997] [INFO] Request processed successfully
[2025-11-07T11:40:29.375003] [INFO] Service initialized
[2025-11-07T11:40:29.374999] [INFO] Database query executed
[2025-11-07T11:40:29.375010] [INFO] Cache hit
