[2025-11-07T11:40:30.082686] [ERROR] Network timeout
[2025-11-07T11:40:30.082676] [INFO] Service initialized
[2025-11-07T11:40:30.082680] [INFO] Connection established
[2025-11-07T11:40:30.082672] [INFO] Database query executed
[2025-11-07T11:40:30.082678] [INFO] Database query executed
[2025-11-07T11:40:30.082693] [DEBUG] Thread pool size: 8
[2025-11-07T11:40:30.082681] [INFO] Transaction completed
[2025-11-07T11:40:30.082685] [ERROR] Authentication failed
[2025-11-07T11:40:30.082689] [DEBUG] Buffer size: 4096 bytes
[2025-11-07T11:40:30.082679] [INFO] Transaction completed
[2025-11-07T11:40:30.082669] [INFO] Session started
[2025-11-07T11:40:30.082674] [INFO] Transaction completed
[2025-11-07T11:40:30.082690] [DEBUG] Cache key generated
[2025-11-07T11:40:30.082671] [INFO] Service initialized
[2025-11-07T11:40:30.082670] [INFO] Transaction completed
[2025-11-07T11:40:30.082694] [DEBUG] Memory allocation: 2048 bytes
[2025-11-07T11:40:30.082687] [DEBUG] Loop iteration: 15
[2025-11-07T11:40:30.082679] [INFO] Service initialized
[2025-11-07T11:40:30.082667] [INFO] Transaction completed
[2025-11-07T11:40:30.082682] [INFO] Health check passed
[2025-11-07T11:40:30.082673] [INFO] Session started
[2025-11-07T11:40:30.082691] [DEBUG] Variable value: x=42
[2025-11-07T11:40:30.082675] [INFO] Request processed successfully
[2025-11-07T11:40:30.082684] [WARN] Rate limit approaching
[2025-11-07T11:40:30.082677] [INFO] Service initialized
[2025-11-07T11:40:30.082692] [DEBUG] Memory allocation: 2048 bytes
[2025-11-07T11:40:30.082695] [DEBUG] Cache key generated
[2025-11-07T11:40:30.082683] [WARN] Slow query performance
[2025-11-07T11:40:30.082688] [DEBUG] Buffer size: 4096 bytes
