[2025-11-07T11:40:29.857887] [INFO] Database query executed
[2025-11-07T11:40:29.857894] [INFO] Connection established
[2025-11-07T11:40:29.857910] [DEBUG] Variable value: x=42
[2025-11-07T11:40:29.857895] [INFO] User logged in
[2025-11-07T11:40:29.857885] [INFO] Transaction completed
[2025-11-07T11:40:29.857893] [INFO] Configuration loaded
[2025-11-07T11:40:29.857884] [INFO] Session started
[2025-11-07T11:40:29.857906] [DEBUG] Memory allocation: 2048 bytes
[2025-11-07T11:40:29.857908] [DEBUG] Connection pool status checked
[2025-11-07T11:40:29.857881] [INFO] Configuration loaded
[2025-11-07T11:40:29.857897] [WARN] Connection retry attempt
[2025-11-07T11:40:29.857890] [INFO] Connection established
[2025-11-07T11:40:29.857892] [INFO] Cache hit
[2025-11-07T11:40:29.857900] [WARN] Resource threshold approaching
[2025-11-07T11:40:29.857896] [INFO] Session started
[2025-11-07T11:40:29.857899] [WARN] Timeout warning
[2025-11-07T11:40:29.857902] [ERROR] Service unavailable
[2025-11-07T11:40:29.857905] [DEBUG] Variable value: x=42
[2025-11-07T11:40:29.857886] [INFO] Service initialized
[2025-11-07T11:40:29.857883] [INFO] Request processed successfully
[2025-11-07T11:40:29.857898] [WARN] Deprecated API usage
[2025-11-07T11:40:29.857904] [DEBUG] Memory allocation: 2048 bytes
[2025-11-07T11:40:29.857911] [DEBUG] Thread pool size: 8
[2025-11-07T11:40:29.857888] [INFO] Transaction completed
[2025-11-07T11:40:29.857903] [DEBUG] Buffer size: 4096 bytes
[2025-11-07T11:40:29.857882] [INFO] Database query executed
[2025-11-07T11:40:29.857907] [DEBUG] HTTP request headers parsed
[2025-11-07T11:40:29.857901] [ERROR] Database connection lost
[2025-11-07T11:40:29.857889] [INFO] Database query executed
[2025-11-07T11:40:29.857891] [INFO] Connection established
[2025-11-07T11:40:29.857909] [DEBUG] Timer set: 30 seconds
