[2025-11-07T11:40:30.015935] [INFO] User logged in
[2025-11-07T11:40:30.015928] [INFO] Request processed successfully
[2025-11-07T11:40:30.015944] [WARN] Timeout warning
[2025-11-07T11:40:30.015930] [INFO] Connection established
[2025-11-07T11:40:30.015941] [INFO] User logged in
[2025-11-07T11:40:30.015936] [INFO] Database query executed
[2025-11-07T11:40:30.015955] [DEBUG] Variable value: x=42
[2025-11-07T11:40:30.015957] [DEBUG] HTTP request headers parsed
[2025-11-07T11:40:30.015954] [DEBUG] Buffer size: 4096 bytes
[2025-11-07T11:40:30.015949] [DEBUG] Buffer size: 4096 bytes
[2025-11-07T11:40:30.015938] [INFO] Configuration loaded
[2025-11-07T11:40:30.015942] [WARN] Connection retry attempt
[2025-11-07T11:40:30.015945] [WARN] Disk space low
[2025-11-07T11:40:30.015937] [INFO] Session started
[2025-11-07T11:40:30.015947] [WARN] Timeout warning
[2025-11-07T11:40:30.015940] [INFO] Transaction completed
[2025-11-07T11:40:30.015952] [DEBUG] Thread pool size: 8
[2025-11-07T11:40:30.015939] [INFO] User logged in
[2025-11-07T11:40:30.015951] [DEBUG] Buffer size: 4096 bytes
[2025-11-07T11:40:30.015950] [DEBUG] Entering function process_data()
[2025-11-07T11:40:30.015934] [INFO] Transaction completed
[2025-11-07T11:40:30.015932] [INFO] Connection established
[2025-11-07T11:40:30.015938] [INFO] User logged in
[2025-11-07T11:40:30.015926] [INFO] Health check passed
[2025-11-07T11:40:30.015946] [WARN] Cache miss
[2025-11-07T11:40:30.015956] [DEBUG] Loop iteration: 15
[2025-11-07T11:40:30.015943] [WARN] Queue size growing
[2025-11-07T11:40:30.015929] [INFO] Request processed successfully
[2025-11-07T11:40:30.015927] [INFO] Service initialized
[2025-11-07T11:40:30.015933] [INFO] Cache hit
[2025-11-07T11:40:30.015953] [DEBUG] Connection pool status checked
[2025-11-07T11:40:30.015948] [ERROR] Disk read failed
[2025-11-07T11:40:30.015931] [INFO] Request processed successfully
