[2025-11-07T11:40:30.275292] [DEBUG] Variable value: x=42
[2025-11-07T11:40:30.275280] [WARN] Disk space low
[2025-11-07T11:40:30.275273] [INFO] Session started
[2025-11-07T11:40:30.275270] [INFO] Connection established
[2025-11-07T11:40:30.275291] [DEBUG] Cache key generated
[2025-11-07T11:40:30.275268] [INFO] Cache hit
[2025-11-07T11:40:30.275284] [WARN] Cache miss
[2025-11-07T11:40:30.275287] [ERROR] Permission denied
[2025-11-07T11:40:30.275289] [ERROR] Memory allocation error
[2025-11-07T11:40:30.275266] [INFO] Session started
[2025-11-07T11:40:30.275271] [INFO] Configuration loaded
[2025-11-07T11:40:30.275298] [DEBUG] Entering function process_data()
[2025-11-07T11:40:30.275293] [DEBUG] Cache key generated
[2025-11-07T11:40:30.275267] [INFO] Cache hit
[2025-11-07T11:40:30.275265] [INFO] Database query executed
[2025-11-07T11:40:30.275279] [WARN] Connection retry attempt
[2025-11-07T11:40:30.275290] [DEBUG] Memory allocation: 2048 bytes
[2025-11-07T11:40:30.275283] [WARN] Timeout warning
[2025-11-07T11:40:30.275272] [INFO] Configuration loaded
[2025-11-07T11:40:30.275281] [WARN] Disk space low
[2025-11-07T11:40:30.275269] [INFO] Connection established
[2025-11-07T11:40:30.275275] [INFO] Configuration loaded
[2025-11-07T11:40:30.275285] [WARN] Connection retry attempt
[2025-11-07T11:40:30.275282] [WARN] Queue size growing
[2025-11-07T11:40:30.275296] [DEBUG] HTTP request headers parsed
[2025-11-07T11:40:30.275286] [WARN] High memory usage detected
[2025-11-07T11:40:30.275297] [DEBUG] Variable value: x=42
[2025-11-07T11:40:30.275276] [INFO] Connection established
[2025-11-07T11:40:30.275277] [INFO] Transaction completed
[2025-11-07T11:40:30.275288] [ERROR] Service unavailable
[2025-11-07T11:40:30.275274] [INFO] Transaction completed
[2025-11-07T11:40:30.275295] [DEBUG] Buffer size: 4096 bytes
[2025-11-07T11:40:30.275294] [DEBUG] Timer set: 30 seconds
[2025-11-07T11:40:30.275278] [INFO] Cache hit
