[2025-11-07T11:40:30.179091] [INFO] Health check passed
[2025-11-07T11:40:30.179083] [INFO] Request processed successfully
[2025-11-07T11:40:30.179098] [DEBUG] Connection pool status checked
[2025-11-07T11:40:30.179086] [INFO] Service initialized
[2025-11-07T11:40:30.179092] [INFO] User logged in
[2025-11-07T11:40:30.179084] [INFO] Health check passed
[2025-11-07T11:40:30.179101] [DEBUG] Timer set: 30 seconds
[2025-11-07T11:40:30.179085] [INFO] Request processed successfully
[2025-11-07T11:40:30.179082] [INFO] Configuration loaded
[2025-11-07T11:40:30.179102] [DEBUG] HTTP request headers parsed
[2025-11-07T11:40:30.179103] [DEBUG] Buffer size: 4096 bytes
[2025-11-07T11:40:30.179104] [DEBUG] Cache key generated
[2025-11-07T11:40:30.179080] [INFO] Configuration loaded
[2025-11-07T11:40:30.179093] [INFO] Configuration loaded
[2025-11-07T11:40:30.179088] [INFO] User logged in
[2025-11-07T11:40:30.179078] [INFO] Service initialized
[2025-11-07T11:40:30.179095] [WARN] Cache miss
[2025-11-07T11:40:30.179087] [INFO] Session started
[2025-11-07T11:40:30.179089] [INFO] Transaction completed
[2025-11-07T11:40:30.179097] [DEBUG] Buffer size: 4096 bytes
[2025-11-07T11:40:30.179100] [DEBUG] Thread pool size: 8
[2025-11-07T11:40:30.179099] [DEBUG] HTTP request headers parsed
[2025-11-07T11:40:30.179094] [WARN] Cache miss
[2025-11-07T11:40:30.179090] [INFO] Session started
[2025-11-07T11:40:30.179081] [INFO] Connection established
[2025-11-07T11:40:30.179096] [ERROR] Authentication failed
