[2025-11-07T11:40:29.651892] [INFO] Transaction completed
[2025-11-07T11:40:29.651903] [INFO] Cache hit
[2025-11-07T11:40:29.651908] [WARN] Queue size growing
[2025-11-07T11:40:29.651900] [INFO] Database query executed
[2025-11-07T11:40:29.651913] [DEBUG] Cache key generated
[2025-11-07T11:40:29.651891] [INFO] Connection established
[2025-11-07T11:40:29.651893] [INFO] Database query executed
[2025-11-07T11:40:29.651914] [DEBUG] Loop iteration: 15
[2025-11-07T11:40:29.651904] [INFO] Request processed successfully
[2025-11-07T11:40:29.651907] [WARN] Deprecated API usage
[2025-11-07T11:40:29.651897] [INFO] Cache hit
[2025-11-07T11:40:29.651918] [DEBUG] Timer set: 30 seconds
[2025-11-07T11:40:29.651912] [DEBUG] Timer set: 30 seconds
[2025-11-07T11:40:29.651909] [ERROR] File not found
[2025-11-07T11:40:29.651890] [INFO] Configuration loaded
[2025-11-07T11:40:29.651895] [INFO] Health check passed
[2025-11-07T11:40:29.651899] [INFO] Request processed successfully
[2025-11-07T11:40:29.651905] [WARN] Rate limit approaching
[2025-11-07T11:40:29.651919] [DEBUG] Memory allocation: 2048 bytes
[2025-11-07T11:40:29.651917] [DEBUG] Buffer size: 4096 bytes
[2025-11-07T11:40:29.651901] [INFO] Transaction completed
[2025-11-07T11:40:29.651906] [WARN] Disk space low
[2025-11-07T11:40:29.651894] [INFO] Cache hit
[2025-11-07T11:40:29.651911] [DEBUG] Entering function process_data()
[2025-11-07T11:40:29.651902] [INFO] Transaction completed
[2025-11-07T11:40:29.651915] [DEBUG] Cache key generated
[2025-11-07T11:40:29.651896] [INFO] Cache hit
[2025-11-07T11:40:29.651910] [ERROR] Disk read failed
[2025-11-07T11:40:29.651916] [DEBUG] HTTP request headers parsed
[2025-11-07T11:40:29.651898] [INFO] Request processed successfully
