[2025-11-07T11:40:29.863786] [INFO] Database query executed
[2025-11-07T11:40:29.863808] [DEBUG] HTTP request headers parsed
[2025-11-07T11:40:29.863806] [DEBUG] Buffer size: 4096 bytes
[2025-11-07T11:40:29.863793] [INFO] Database query executed
[2025-11-07T11:40:29.863802] [WARN] Timeout warning
[2025-11-07T11:40:29.863791] [INFO] Configuration loaded
[2025-11-07T11:40:29.863809] [DEBUG] Variable value: x=42
[2025-11-07T11:40:29.863785] [INFO] Session started
[2025-11-07T11:40:29.863794] [INFO] Session started
[2025-11-07T11:40:29.863800] [WARN] Resource threshold approaching
[2025-11-07T11:40:29.863788] [INFO] Cache hit
[2025-11-07T11:40:29.863801] [WARN] Disk space low
[2025-11-07T11:40:29.863797] [INFO] Request processed successfully
[2025-11-07T11:40:29.863807] [DEBUG] Timer set: 30 seconds
[2025-11-07T11:40:29.863812] [DEBUG] Timer set: 30 seconds
[2025-11-07T11:40:29.863800] [WARN] Cache miss
[2025-11-07T11:40:29.863796] [INFO] Connection established
[2025-11-07T11:40:29.863811] [DEBUG] Loop iteration: 15
[2025-11-07T11:40:29.863792] [INFO] Health check passed
[2025-11-07T11:40:29.863789] [INFO] Transaction completed
[2025-11-07T11:40:29.863803] [ERROR] Authentication failed
[2025-11-07T11:40:29.863805] [DEBUG] Timer set: 30 seconds
[2025-11-07T11:40:29.863810] [DEBUG] Memory allocation: 2048 bytes
[2025-11-07T11:40:29.863793] [INFO] Database query executed
[2025-11-07T11:40:29.863790] [INFO] Session started
[2025-11-07T11:40:29.863798] [INFO] Cache hit
[2025-11-07T11:40:29.863787] [INFO] Service initialized
[2025-11-07T11:40:29.863795] [INFO] User logged in
[2025-11-07T11:40:29.863804] [DEBUG] Buffer size: 4096 bytes
