[2025-11-07T11:40:29.802504] [INFO] Service initialized
[2025-11-07T11:40:29.802522] [DEBUG] Loop iteration: 15
[2025-11-07T11:40:29.802510] [WARN] Disk space low
[2025-11-07T11:40:29.802509] [WARN] Rate limit approaching
[2025-11-07T11:40:29.802495] [INFO] User logged in
[2025-11-07T11:40:29.802499] [INFO] Cache hit
[2025-11-07T11:40:29.802505] [INFO] Request processed successfully
[2025-11-07T11:40:29.802513] [ERROR] Permission denied
[2025-11-07T11:40:29.802500] [INFO] Cache hit
[2025-11-07T11:40:29.802520] [DEBUG] Buffer size: 4096 bytes
[2025-11-07T11:40:29.802503] [INFO] Database query executed
[2025-11-07T11:40:29.802498] [INFO] Session started
[2025-11-07T11:40:29.802521] [DEBUG] Entering function process_data()
[2025-11-07T11:40:29.802516] [DEBUG] Entering function process_data()
[2025-11-07T11:40:29.802514] [ERROR] File not found
[2025-11-07T11:40:29.802519] [DEBUG] Buffer size: 4096 bytes
[2025-11-07T11:40:29.802492] [INFO] User logged in
[2025-11-07T11:40:29.802509] [WARN] Timeout warning
[2025-11-07T11:40:29.802497] [INFO] Session started
[2025-11-07T11:40:29.802493] [INFO] Configuration loaded
[2025-11-07T11:40:29.802515] [DEBUG] Thread pool size: 8
[2025-11-07T11:40:29.802501] [INFO] Request processed successfully
[2025-11-07T11:40:29.802511] [WARN] Rate limit approaching
[2025-11-07T11:40:29.802502] [INFO] Connection established
[2025-11-07T11:40:29.802494] [INFO] Health check passed
[2025-11-07T11:40:29.802507] [WARN] Timeout warning
[2025-11-07T11:40:29.802496] [INFO] Database query executed
[2025-11-07T11:40:29.802518] [DEBUG] Timer set: 30 seconds
[2025-11-07T11:40:29.802522] [DEBUG] Cache key generated
[2025-11-07T11:40:29.802517] [DEBUG] Buffer size: 4096 bytes
[2025-11-07T11:40:29.802506] [WARN] Slow query performance
