[2025-11-07T11:40:29.308417] [INFO] Health check passed
[2025-11-07T11:40:29.308419] [INFO] Configuration loaded
[2025-11-07T11:40:29.308424] [WARN] Slow query performance
[2025-11-07T11:40:29.308431] [DEBUG] Connection pool status checked
[2025-11-07T11:40:29.308437] [DEBUG] Entering function process_data()
[2025-11-07T11:40:29.308413] [INFO] Database query executed
[2025-11-07T11:40:29.308419] [INFO] Connection established
[2025-11-07T11:40:29.308418] [INFO] Configuration loaded
[2025-11-07T11:40:29.308425] [WARN] Deprecated API usage
[2025-11-07T11:40:29.308432] [DEBUG] Buffer size: 4096 bytes
[2025-11-07T11:40:29.308433] [DEBUG] Memory allocation: 2048 bytes
[2025-11-07T11:40:29.308412] [INFO] Request processed successfully
[2025-11-07T11:40:29.308430] [DEBUG] Buffer size: 4096 bytes
[2025-11-07T11:40:29.308421] [INFO] Session started
[2025-11-07T11:40:29.308423] [WARN] Timeout warning
[2025-11-07T11:40:29.308427] [ERROR] Disk read failed
[2025-11-07T11:40:29.308420] [INFO] Database query executed
[2025-11-07T11:40:29.308422] [INFO] Cache hit
[2025-11-07T11:40:29.308436] [DEBUG] Connection pool status checked
[2025-11-07T11:40:29.308414] [INFO] Transaction completed
[2025-11-07T11:40:29.308428] [DEBUG] Buffer size: 4096 bytes
[2025-11-07T11:40:29.308415] [INFO] Request processed successfully
[2025-11-07T11:40:29.308416] [INFO] Configuration loaded
[2025-11-07T11:40:29.308434] [DEBUG] Connection pool status checked
[2025-11-07T11:40:29.308429] [DEBUG] Cache key generated
[2025-11-07T11:40:29.308410] [INFO] Request processed successfully
[2025-11-07T11:40:29.308426] [WARN] Disk space low
[2025-11-07T11:40:29.308435] [DEBUG] Connection pool status checked
[2025-11-07T11:40:29.308408] [INFO] User logged in
[2025-11-07T11:40:29.308411] [INFO] Health check passed
