[2025-11-07T11:40:29.944655] [INFO] Cache hit
[2025-11-07T11:40:29.944654] [INFO] Configuration loaded
[2025-11-07T11:40:29.944677] [DEBUG] Cache key generated
[2025-11-07T11:40:29.944668] [DEBUG] Entering function process_data()
[2025-11-07T11:40:29.944639] [INFO] Service initialized
[2025-11-07T11:40:29.944671] [DEBUG] Loop iteration: 15
[2025-11-07T11:40:29.944673] [DEBUG] Loop iteration: 15
[2025-11-07T11:40:29.944674] [DEBUG] Timer set: 30 seconds
[2025-11-07T11:40:29.944675] [DEBUG] Loop iteration: 15
[2025-11-07T11:40:29.944657] [INFO] Session started
[2025-11-07T11:40:29.944662] [WARN] Connection retry attempt
[2025-11-07T11:40:29.944651] [INFO] Configuration loaded
[2025-11-07T11:40:29.944666] [DEBUG] Cache key generated
[2025-11-07T11:40:29.944679] [DEBUG] Cache key generated
[2025-11-07T11:40:29.944653] [INFO] Request processed successfully
[2025-11-07T11:40:29.944638] [INFO] Transaction completed
[2025-11-07T11:40:29.944676] [DEBUG] Thread pool size: 8
[2025-11-07T11:40:29.944659] [WARN] High memory usage detected
[2025-11-07T11:40:29.944669] [DEBUG] Variable value: x=42
[2025-11-07T11:40:29.944642] [INFO] Session started
[2025-11-07T11:40:29.944665] [DEBUG] Variable value: x=42
[2025-11-07T11:40:29.944660] [WARN] Resource threshold approaching
[2025-11-07T11:40:29.944641] [INFO] Configuration loaded
[2025-11-07T11:40:29.944635] [INFO] Cache hit
[2025-11-07T11:40:29.944664] [ERROR] File not found
[2025-11-07T11:40:29.944670] [DEBUG] Memory allocation: 2048 bytes
[2025-11-07T11:40:29.944652] [INFO] Database query executed
[2025-11-07T11:40:29.944667] [DEBUG] Timer set: 30 seconds
[2025-11-07T11:40:29.944663] [ERROR] Permission denied
[2025-11-07T11:40:29.944640] [INFO] Connection established
[2025-11-07T11:40:29.944658] [INFO] Transaction completed
[2025-11-07T11:40:29.944656] [INFO] Service initialized
[2025-11-07T11:40:29.944661] [WARN] Timeout warning
[2025-11-07T11:40:29.944678] [DEBUG] Memory allocation: 2048 bytes
[2025-11-07T11:40:29.944672] [DEBUG] Timer set: 30 seconds
[2025-11-07T11:40:29.944637] [INFO] Transaction completed
