[2025-11-07T11:40:30.092453] [INFO] Health check passed
[2025-11-07T11:40:30.092462] [INFO] Service initialized
[2025-11-07T11:40:30.092473] [DEBUG] Buffer size: 4096 bytes
[2025-11-07T11:40:30.092473] [DEBUG] Thread pool size: 8
[2025-11-07T11:40:30.092469] [DEBUG] Memory allocation: 2048 bytes
[2025-11-07T11:40:30.092463] [WARN] Timeout warning
[2025-11-07T11:40:30.092466] [WARN] Timeout warning
[2025-11-07T11:40:30.092452] [INFO] Health check passed
[2025-11-07T11:40:30.092475] [DEBUG] HTTP request headers parsed
[2025-11-07T11:40:30.092456] [INFO] Service initialized
[2025-11-07T11:40:30.092447] [INFO] Transaction completed
[2025-11-07T11:40:30.092459] [INFO] Configuration loaded
[2025-11-07T11:40:30.092457] [INFO] Configuration loaded
[2025-11-07T11:40:30.092455] [INFO] Cache hit
[2025-11-07T11:40:30.092448] [INFO] Request processed successfully
[2025-11-07T11:40:30.092472] [DEBUG] Loop iteration: 15
[2025-11-07T11:40:30.092459] [INFO] Health check passed
[2025-11-07T11:40:30.092449] [INFO] Connection established
[2025-11-07T11:40:30.092470] [DEBUG] Connection pool status checked
[2025-11-07T11:40:30.092461] [INFO] Request processed successfully
[2025-11-07T11:40:30.092467] [ERROR] File not found
[2025-11-07T11:40:30.092471] [DEBUG] Timer set: 30 seconds
[2025-11-07T11:40:30.092450] [INFO] Cache hit
[2025-11-07T11:40:30.092474] [DEBUG] Connection pool status checked
[2025-11-07T11:40:30.092464] [WARN] Timeout warning
[2025-11-07T11:40:30.092458] [INFO] Database query executed
[2025-11-07T11:40:30.092460] [INFO] Health check passed
[2025-11-07T11:40:30.092454] [INFO] Transaction completed
[2025-11-07T11:40:30.092465] [WARN] Queue size growing
