[2025-11-07T11:40:30.272384] [ERROR] Disk read failed
[2025-11-07T11:40:30.272379] [WARN] Resource threshold approaching
[2025-11-07T11:40:30.272377] [INFO] Connection established
[2025-11-07T11:40:30.272366] [INFO] Request processed successfully
[2025-11-07T11:40:30.272395] [DEBUG] Cache key generated
[2025-11-07T11:40:30.272375] [INFO] Connection established
[2025-11-07T11:40:30.272382] [ERROR] Memory allocation error
[2025-11-07T11:40:30.272390] [DEBUG] Loop iteration: 15
[2025-11-07T11:40:30.272368] [INFO] User logged in
[2025-11-07T11:40:30.272369] [INFO] User logged in
[2025-11-07T11:40:30.272385] [DEBUG] Loop iteration: 15
[2025-11-07T11:40:30.272381] [WARN] Connection retry attempt
[2025-11-07T11:40:30.272378] [WARN] Queue size growing
[2025-11-07T11:40:30.272387] [DEBUG] Memory allocation: 2048 bytes
[2025-11-07T11:40:30.272394] [DEBUG] Memory allocation: 2048 bytes
[2025-11-07T11:40:30.272392] [DEBUG] Connection pool status checked
[2025-11-07T11:40:30.272373] [INFO] Configuration loaded
[2025-11-07T11:40:30.272363] [INFO] User logged in
[2025-11-07T11:40:30.272367] [INFO] User logged in
[2025-11-07T11:40:30.272365] [INFO] Transaction completed
[2025-11-07T11:40:30.272361] [INFO] User logged in
[2025-11-07T11:40:30.272372] [INFO] Session started
[2025-11-07T11:40:30.272364] [INFO] Transaction completed
[2025-11-07T11:40:30.272389] [DEBUG] Variable value: x=42
[2025-11-07T11:40:30.272388] [DEBUG] Memory allocation: 2048 bytes
[2025-11-07T11:40:30.272359] [INFO] Configuration loaded
[2025-11-07T11:40:30.272393] [DEBUG] Buffer size: 4096 bytes
[2025-11-07T11:40:30.272362] [INFO] Health check passed
[2025-11-07T11:40:30.272370] [INFO] Cache hit
[2025-11-07T11:40:30.272397] [DEBUG] Connection pool status checked
[2025-11-07T11:40:30.272374] [INFO] Transaction completed
[2025-11-07T11:40:30.272398] [DEBUG] Timer set: 30 seconds
