[2025-11-07T11:40:30.298596] [DEBUG] Thread pool size: 8
[2025-11-07T11:40:30.298594] [DEBUG] Thread pool size: 8
[2025-11-07T11:40:30.298580] [INFO] Configuration loaded
[2025-11-07T11:40:30.298591] [ERROR] Database connection lost
[2025-11-07T11:40:30.298584] [INFO] Service initialized
[2025-11-07T11:40:30.298601] [DEBUG] Cache key generated
[2025-11-07T11:40:30.298586] [WARN] High memory usage detected
[2025-11-07T11:40:30.298567] [INFO] Connection established
[2025-11-07T11:40:30.298590] [WARN] Queue size growing
[2025-11-07T11:40:30.298573] [INFO] Database query executed
[2025-11-07T11:40:30.298572] [INFO] Service initialized
[2025-11-07T11:40:30.298585] [INFO] Health check passed
[2025-11-07T11:40:30.298600] [DEBUG] Entering function process_data()
[2025-11-07T11:40:30.298581] [INFO] User logged in
[2025-11-07T11:40:30.298577] [INFO] Health check passed
[2025-11-07T11:40:30.298583] [INFO] Session started
[2025-11-07T11:40:30.298587] [WARN] Deprecated API usage
[2025-11-07T11:40:30.298570] [INFO] Request processed successfully
[2025-11-07T11:40:30.298597] [DEBUG] Memory allocation: 2048 bytes
[2025-11-07T11:40:30.298569] [INFO] Database query executed
[2025-11-07T11:40:30.298602] [DEBUG] Buffer size: 4096 bytes
[2025-11-07T11:40:30.298575] [INFO] Service initialized
[2025-11-07T11:40:30.298571] [INFO] Database query executed
[2025-11-07T11:40:30.298582] [INFO] Request processed successfully
[2025-11-07T11:40:30.298579] [INFO] Session started
[2025-11-07T11:40:30.298588] [WARN] Deprecated API usage
[2025-11-07T11:40:30.298593] [ERROR] Permission denied
[2025-11-07T11:40:30.298595] [DEBUG] Loop iteration: 15
[2025-11-07T11:40:30.298599] [DEBUG] Buffer size: 4096 bytes
[2025-11-07T11:40:30.298592] [ERROR] File not found
[2025-11-07T11:40:30.298598] [DEBUG] Connection pool status checked
[2025-11-07T11:40:30.298589] [WARN] Rate limit approaching
[2025-11-07T11:40:30.298578] [INFO] Service initialized
[2025-11-07T11:40:30.298576] [INFO] Health check passed
[2025-11-07T11:40:30.298574] [INFO] Connection established
