[2025-11-07T11:40:29.385468] [INFO] Health check passed
[2025-11-07T11:40:29.385485] [WARN] Slow query performance
[2025-11-07T11:40:29.385484] [WARN] Connection retry attempt
[2025-11-07T11:40:29.385488] [ERROR] Disk read failed
[2025-11-07T11:40:29.385478] [INFO] Database query executed
[2025-11-07T11:40:29.385491] [DEBUG] Cache key generated
[2025-11-07T11:40:29.385471] [INFO] Configuration loaded
[2025-11-07T11:40:29.385482] [WARN] Disk space low
[2025-11-07T11:40:29.385474] [INFO] Session started
[2025-11-07T11:40:29.385475] [INFO] Connection established
[2025-11-07T11:40:29.385493] [DEBUG] Timer set: 30 seconds
[2025-11-07T11:40:29.385477] [INFO] Cache hit
[2025-11-07T11:40:29.385464] [INFO] Transaction completed
[2025-11-07T11:40:29.385487] [WARN] Deprecated API usage
[2025-11-07T11:40:29.385492] [DEBUG] HTTP request headers parsed
[2025-11-07T11:40:29.385489] [DEBUG] Loop iteration: 15
[2025-11-07T11:40:29.385476] [INFO] Service initialized
[2025-11-07T11:40:29.385486] [WARN] Queue size growing
[2025-11-07T11:40:29.385469] [INFO] User logged in
[2025-11-07T11:40:29.385473] [INFO] Session started
[2025-11-07T11:40:29.385480] [INFO] Health check passed
[2025-11-07T11:40:29.385495] [DEBUG] Entering function process_data()
[2025-11-07T11:40:29.385472] [INFO] User logged in
[2025-11-07T11:40:29.385490] [DEBUG] Connection pool status checked
[2025-11-07T11:40:29.385466] [INFO] User logged in
[2025-11-07T11:40:29.385494] [DEBUG] Buffer size: 4096 bytes
[2025-11-07T11:40:29.385496] [DEBUG] Variable value: x=42
[2025-11-07T11:40:29.385470] [INFO] Cache hit
[2025-11-07T11:40:29.385479] [INFO] Transaction completed
[2025-11-07T11:40:29.385497] [DEBUG] Variable value: x=42
[2025-11-07T11:40:29.385465] [INFO] Request processed successfully
[2025-11-07T11:40:29.385481] [INFO] Request processed successfully
[2025-11-07T11:40:29.385468] [INFO] Connection established
[2025-11-07T11:40:29.385483] [WARN] Queue size growing
