[2025-11-07T11:40:29.380056] [INFO] Service initialized
[2025-11-07T11:40:29.380074] [WARN] Timeout warning
[2025-11-07T11:40:29.380047] [INFO] Request processed successfully
[2025-11-07T11:40:29.380075] [ERROR] Service unavailable
[2025-11-07T11:40:29.380053] [INFO] Service initialized
[2025-11-07T11:40:29.380052] [INFO] Health check passed
[2025-11-07T11:40:29.380078] [DEBUG] HTTP request headers parsed
[2025-11-07T11:40:29.380057] [INFO] Session started
[2025-11-07T11:40:29.380081] [DEBUG] HTTP request headers parsed
[2025-11-07T11:40:29.380082] [DEBUG] HTTP request headers parsed
[2025-11-07T11:40:29.380079] [DEBUG] Variable value: x=42
[2025-11-07T11:40:29.380072] [INFO] Cache hit
[2025-11-07T11:40:29.380080] [DEBUG] Timer set: 30 seconds
[2025-11-07T11:40:29.380071] [INFO] Transaction completed
[2025-11-07T11:40:29.380058] [INFO] Session started
[2025-11-07T11:40:29.380073] [INFO] Transaction completed
[2025-11-07T11:40:29.380049] [INFO] Transaction completed
[2025-11-07T11:40:29.380048] [INFO] Connection established
[2025-11-07T11:40:29.380050] [INFO] Connection established
[2025-11-07T11:40:29.380060] [INFO] Transaction completed
[2025-11-07T11:40:29.380077] [ERROR] Network timeout
[2025-11-07T11:40:29.380053] [INFO] Cache hit
[2025-11-07T11:40:29.380055] [INFO] Service initialized
[2025-11-07T11:40:29.380058] [INFO] Service initialized
