[2025-11-07T11:40:29.553489] [INFO] Configuration loaded
[2025-11-07T11:40:29.553482] [INFO] Connection established
[2025-11-07T11:40:29.553506] [DEBUG] Loop iteration: 15
[2025-11-07T11:40:29.553503] [DEBUG] Timer set: 30 seconds
[2025-11-07T11:40:29.553498] [ERROR] Database connection lost
[2025-11-07T11:40:29.553500] [ERROR] Network timeout
[2025-11-07T11:40:29.553493] [INFO] Health check passed
[2025-11-07T11:40:29.553499] [ERROR] Memory allocation error
[2025-11-07T11:40:29.553490] [INFO] Health check passed
[2025-11-07T11:40:29.553508] [DEBUG] Loop iteration: 15
[2025-11-07T11:40:29.553478] [INFO] Connection established
[2025-11-07T11:40:29.553486] [INFO] User logged in
[2025-11-07T11:40:29.553505] [DEBUG] Connection pool status checked
[2025-11-07T11:40:29.553479] [INFO] Database query executed
[2025-11-07T11:40:29.553485] [INFO] Configuration loaded
[2025-11-07T11:40:29.553480] [INFO] Transaction completed
[2025-11-07T11:40:29.553491] [INFO] Service initialized
[2025-11-07T11:40:29.553502] [DEBUG] Thread pool size: 8
[2025-11-07T11:40:29.553483] [INFO] Cache hit
[2025-11-07T11:40:29.553501] [ERROR] Authentication failed
[2025-11-07T11:40:29.553510] [DEBUG] Timer set: 30 seconds
[2025-11-07T11:40:29.553487] [INFO] Session started
[2025-11-07T11:40:29.553504] [DEBUG] Connection pool status checked
[2025-11-07T11:40:29.553495] [WARN] Queue size growing
[2025-11-07T11:40:29.553494] [WARN] Disk space low
[2025-11-07T11:40:29.553488] [INFO] Connection established
[2025-11-07T11:40:29.553509] [DEBUG] Memory allocation: 2048 bytes
[2025-11-07T11:40:29.553496] [WARN] Deprecated API usage
[2025-11-07T11:40:29.553507] [DEBUG] Memory allocation: 2048 bytes
[2025-11-07T11:40:29.553497] [ERROR] Network timeout
[2025-11-07T11:40:29.553484] [INFO] Database query executed
[2025-11-07T11:40:29.553492] [INFO] Transaction completed
