[2025-11-07T11:40:29.946602] [INFO] Service initialized
[2025-11-07T11:40:29.946591] [INFO] Service initialized
[2025-11-07T11:40:29.946604] [WARN] Timeout warning
[2025-11-07T11:40:29.946607] [ERROR] Disk read failed
[2025-11-07T11:40:29.946601] [INFO] User logged in
[2025-11-07T11:40:29.946611] [DEBUG] Timer set: 30 seconds
[2025-11-07T11:40:29.946599] [INFO] Request processed successfully
[2025-11-07T11:40:29.946592] [INFO] User logged in
[2025-11-07T11:40:29.946596] [INFO] Session started
[2025-11-07T11:40:29.946609] [DEBUG] Buffer size: 4096 bytes
[2025-11-07T11:40:29.946595] [INFO] Health check passed
[2025-11-07T11:40:29.946610] [DEBUG] Memory allocation: 2048 bytes
[2025-11-07T11:40:29.946613] [DEBUG] Entering function process_data()
[2025-11-07T11:40:29.946593] [INFO] User logged in
[2025-11-07T11:40:29.946615] [DEBUG] Loop iteration: 15
[2025-11-07T11:40:29.946597] [INFO] Database query executed
[2025-11-07T11:40:29.946608] [DEBUG] Loop iteration: 15
[2025-11-07T11:40:29.946589] [INFO] User logged in
[2025-11-07T11:40:29.946599] [INFO] Cache hit
[2025-11-07T11:40:29.946598] [INFO] Session started
[2025-11-07T11:40:29.946616] [DEBUG] Entering function process_data()
[2025-11-07T11:40:29.946603] [INFO] User logged in
[2025-11-07T11:40:29.946605] [WARN] Timeout warning
[2025-11-07T11:40:29.946614] [DEBUG] Connection pool status checked
[2025-11-07T11:40:29.946588] [INFO] Session started
[2025-11-07T11:40:29.946590] [INFO] Session started
[2025-11-07T11:40:29.946606] [ERROR] Database connection lost
[2025-11-07T11:40:29.946612] [DEBUG] Timer set: 30 seconds
