[2025-11-07T11:40:29.997647] [INFO] Request processed successfully
[2025-11-07T11:40:29.997664] [DEBUG] Timer set: 30 seconds
[2025-11-07T11:40:29.997638] [INFO] Session started
[2025-11-07T11:40:29.997660] [ERROR] Service unavailable
[2025-11-07T11:40:29.997662] [DEBUG] Entering function process_data()
[2025-11-07T11:40:29.997639] [INFO] Session started
[2025-11-07T11:40:29.997642] [INFO] Service initialized
[2025-11-07T11:40:29.997668] [DEBUG] Thread pool size: 8
[2025-11-07T11:40:29.997663] [DEBUG] Thread pool size: 8
[2025-11-07T11:40:29.997648] [INFO] Request processed successfully
[2025-11-07T11:40:29.997644] [INFO] Configuration loaded
[2025-11-07T11:40:29.997667] [DEBUG] Connection pool status checked
[2025-11-07T11:40:29.997646] [INFO] Transaction completed
[2025-11-07T11:40:29.997652] [INFO] Service initialized
[2025-11-07T11:40:29.997659] [WARN] Rate limit approaching
[2025-11-07T11:40:29.997657] [WARN] High memory usage detected
[2025-11-07T11:40:29.997669] [DEBUG] Timer set: 30 seconds
[2025-11-07T11:40:29.997670] [DEBUG] Cache key generated
[2025-11-07T11:40:29.997671] [DEBUG] Variable value: x=42
[2025-11-07T11:40:29.997656] [WARN] Rate limit approaching
[2025-11-07T11:40:29.997650] [INFO] Connection established
[2025-11-07T11:40:29.997654] [WARN] Timeout warning
[2025-11-07T11:40:29.997653] [INFO] Health check passed
[2025-11-07T11:40:29.997643] [INFO] Request processed successfully
[2025-11-07T11:40:29.997641] [INFO] Session started
[2025-11-07T11:40:29.997640] [INFO] Connection established
[2025-11-07T11:40:29.997649] [INFO] Configuration loaded
[2025-11-07T11:40:29.997645] [INFO] Transaction completed
[2025-11-07T11:40:29.997666] [DEBUG] Cache key generated
