[2025-11-07T11:40:29.659010] [INFO] Connection established
[2025-11-07T11:40:29.659032] [DEBUG] Timer set: 30 seconds
[2025-11-07T11:40:29.659019] [INFO] User logged in
[2025-11-07T11:40:29.659028] [ERROR] Invalid input data
[2025-11-07T11:40:29.659014] [INFO] Cache hit
[2025-11-07T11:40:29.659040] [DEBUG] Thread pool size: 8
[2025-11-07T11:40:29.659039] [DEBUG] Connection pool status checked
[2025-11-07T11:40:29.659030] [ERROR] File not found
[2025-11-07T11:40:29.659022] [INFO] Cache hit
[2025-11-07T11:40:29.659037] [DEBUG] Buffer size: 4096 bytes
[2025-11-07T11:40:29.659018] [INFO] Request processed successfully
[2025-11-07T11:40:29.659026] [WARN] Resource threshold approaching
[2025-11-07T11:40:29.659024] [WARN] Connection retry attempt
[2025-11-07T11:40:29.659034] [DEBUG] HTTP request headers parsed
[2025-11-07T11:40:29.659038] [DEBUG] Loop iteration: 15
[2025-11-07T11:40:29.659027] [ERROR] Database connection lost
[2025-11-07T11:40:29.659020] [INFO] Health check passed
[2025-11-07T11:40:29.659017] [INFO] Health check passed
[2025-11-07T11:40:29.659016] [INFO] Transaction completed
[2025-11-07T11:40:29.659036] [DEBUG] Entering function process_data()
[2025-11-07T11:40:29.659023] [WARN] Connection retry attempt
[2025-11-07T11:40:29.659009] [INFO] Service initialized
[2025-11-07T11:40:29.659035] [DEBUG] HTTP request headers parsed
[2025-11-07T11:40:29.659012] [INFO] Session started
[2025-11-07T11:40:29.659040] [DEBUG] Timer set: 30 seconds
[2025-11-07T11:40:29.659007] [INFO] Session started
[2025-11-07T11:40:29.659025] [WARN] Connection retry attempt
[2025-11-07T11:40:29.659011] [INFO] Health check passed
[2025-11-07T11:40:29.659021] [INFO] Session started
[2025-11-07T11:40:29.659015] [INFO] Health check passed
[2025-11-07T11:40:29.659031] [DEBUG] Thread pool size: 8
[2025-11-07T11:40:29.659033] [DEBUG] HTTP request headers parsed
[2025-11-07T11:40:29.659041] [DEBUG] Loop iteration: 15
[2025-11-07T11:40:29.659013] [INFO] Transaction completed
