[2025-11-07T11:40:29.594417] [WARN] Queue size growing
[2025-11-07T11:40:29.594421] [DEBUG] Variable value: x=42
[2025-11-07T11:40:29.594404] [INFO] Health check passed
[2025-11-07T11:40:29.594413] [INFO] Cache hit
[2025-11-07T11:40:29.594407] [INFO] Configuration loaded
[2025-11-07T11:40:29.594399] [INFO] User logged in
[2025-11-07T11:40:29.594416] [WARN] Resource threshold approaching
[2025-11-07T11:40:29.594406] [INFO] Database query executed
[2025-11-07T11:40:29.594418] [WARN] Slow query performance
[2025-11-07T11:40:29.594415] [WARN] Connection retry attempt
[2025-11-07T11:40:29.594401] [INFO] Health check passed
[2025-11-07T11:40:29.594428] [DEBUG] Timer set: 30 seconds
[2025-11-07T11:40:29.594408] [INFO] Session started
[2025-11-07T11:40:29.594397] [INFO] Cache hit
[2025-11-07T11:40:29.594410] [INFO] Health check passed
[2025-11-07T11:40:29.594420] [DEBUG] Entering function process_data()
[2025-11-07T11:40:29.594409] [INFO] Connection established
[2025-11-07T11:40:29.594412] [INFO] Service initialized
[2025-11-07T11:40:29.594427] [DEBUG] Memory allocation: 2048 bytes
[2025-11-07T11:40:29.594424] [DEBUG] Loop iteration: 15
[2025-11-07T11:40:29.594425] [DEBUG] Connection pool status checked
[2025-11-07T11:40:29.594402] [INFO] Configuration loaded
[2025-11-07T11:40:29.594422] [DEBUG] Cache key generated
[2025-11-07T11:40:29.594400] [INFO] Connection established
[2025-11-07T11:40:29.594403] [INFO] Cache hit
[2025-11-07T11:40:29.594419] [ERROR] Service unavailable
[2025-11-07T11:40:29.594405] [INFO] Request processed successfully
[2025-11-07T11:40:29.594414] [WARN] Resource threshold approaching
[2025-11-07T11:40:29.594426] [DEBUG] Cache key generated
[2025-11-07T11:40:29.594423] [DEBUG] Variable value: x=42
[2025-11-07T11:40:29.594411] [INFO] Connection established
