[2025-11-07T11:40:30.128105] [DEBUG] Connection pool status checked
[2025-11-07T11:40:30.128089] [INFO] Health check passed
[2025-11-07T11:40:30.128090] [INFO] Transaction completed
[2025-11-07T11:40:30.128100] [ERROR] Invalid input data
[2025-11-07T11:40:30.128099] [WARN] High memory usage detected
[2025-11-07T11:40:30.128104] [DEBUG] Thread pool size: 8
[2025-11-07T11:40:30.128107] [DEBUG] Cache key generated
[2025-11-07T11:40:30.128092] [INFO] Session started
[2025-11-07T11:40:30.128110] [DEBUG] Buffer size: 4096 bytes
[2025-11-07T11:40:30.128109] [DEBUG] Buffer size: 4096 bytes
[2025-11-07T11:40:30.128087] [INFO] Configuration loaded
[2025-11-07T11:40:30.128095] [INFO] Connection established
[2025-11-07T11:40:30.128102] [DEBUG] Buffer size: 4096 bytes
[2025-11-07T11:40:30.128106] [DEBUG] HTTP request headers parsed
[2025-11-07T11:40:30.128094] [INFO] Connection established
[2025-11-07T11:40:30.128096] [INFO] Request processed successfully
[2025-11-07T11:40:30.128088] [INFO] Service initialized
[2025-11-07T11:40:30.128097] [INFO] Database query executed
[2025-11-07T11:40:30.128098] [INFO] Transaction completed
[2025-11-07T11:40:30.128108] [DEBUG] Variable value: x=42
[2025-11-07T11:40:30.128091] [INFO] Transaction completed
[2025-11-07T11:40:30.128101] [ERROR] Permission denied
[2025-11-07T11:40:30.128103] [DEBUG] Thread pool size: 8
