[2025-11-07T11:40:30.139077] [DEBUG] Variable value: x=42
[2025-11-07T11:40:30.139054] [INFO] Session started
[2025-11-07T11:40:30.139067] [WARN] Timeout warning
[2025-11-07T11:40:30.139057] [INFO] Connection established
[2025-11-07T11:40:30.139046] [INFO] Health check passed
[2025-11-07T11:40:30.139072] [DEBUG] HTTP request headers parsed
[2025-11-07T11:40:30.139069] [ERROR] Request failed
[2025-11-07T11:40:30.139050] [INFO] User logged in
[2025-11-07T11:40:30.139066] [WARN] Connection retry attempt
[2025-11-07T11:40:30.139074] [DEBUG] Thread pool size: 8
[2025-11-07T11:40:30.139049] [INFO] Session started
[2025-11-07T11:40:30.139061] [INFO] Session started
[2025-11-07T11:40:30.139078] [DEBUG] Entering function process_data()
[2025-11-07T11:40:30.139048] [INFO] Session started
[2025-11-07T11:40:30.139058] [INFO] Service initialized
[2025-11-07T11:40:30.139073] [DEBUG] Connection pool status checked
[2025-11-07T11:40:30.139064] [WARN] Connection retry attempt
[2025-11-07T11:40:30.139060] [INFO] Request processed successfully
[2025-11-07T11:40:30.139055] [INFO] Health check passed
[2025-11-07T11:40:30.139075] [DEBUG] Connection pool status checked
[2025-11-07T11:40:30.139070] [ERROR] File not found
[2025-11-07T11:40:30.139052] [INFO] Configuration loaded
[2025-11-07T11:40:30.139076] [DEBUG] Timer set: 30 seconds
[2025-11-07T11:40:30.139062] [INFO] Connection established
[2025-11-07T11:40:30.139065] [WARN] Resource threshold approaching
[2025-11-07T11:40:30.139051] [INFO] Configuration loaded
[2025-11-07T11:40:30.139063] [WARN] High memory usage detected
[2025-11-07T11:40:30.139079] [DEBUG] Memory allocation: 2048 bytes
[2025-11-07T11:40:30.139056] [INFO] Service initialized
[2025-11-07T11:40:30.139059] [INFO] Connection established
[2025-11-07T11:40:30.139071] [DEBUG] Memory allocation: 2048 bytes
[2025-11-07T11:40:30.139053] [INFO] Database query executed
