[2025-11-07T11:40:30.140173] [WARN] Connection retry attempt
[2025-11-07T11:40:30.140179] [ERROR] Database connection lost
[2025-11-07T11:40:30.140187] [DEBUG] Buffer size: 4096 bytes
[2025-11-07T11:40:30.140183] [DEBUG] Thread pool size: 8
[2025-11-07T11:40:30.140175] [WARN] Deprecated API usage
[2025-11-07T11:40:30.140152] [INFO] Session started
[2025-11-07T11:40:30.140181] [DEBUG] Thread pool size: 8
[2025-11-07T11:40:30.140148] [INFO] Transaction completed
[2025-11-07T11:40:30.140151] [INFO] Database query executed
[2025-11-07T11:40:30.140156] [INFO] Health check passed
[2025-11-07T11:40:30.140154] [INFO] Service initialized
[2025-11-07T11:40:30.140155] [INFO] User logged in
[2025-11-07T11:40:30.140168] [INFO] Health check passed
[2025-11-07T11:40:30.140157] [INFO] Connection established
[2025-11-07T11:40:30.140184] [DEBUG] Cache key generated
[2025-11-07T11:40:30.140153] [INFO] Session started
[2025-11-07T11:40:30.140171] [INFO] Request processed successfully
[2025-11-07T11:40:30.140150] [INFO] Database query executed
[2025-11-07T11:40:30.140176] [WARN] Connection retry attempt
[2025-11-07T11:40:30.140174] [WARN] Connection retry attempt
[2025-11-07T11:40:30.140189] [DEBUG] Variable value: x=42
[2025-11-07T11:40:30.140185] [DEBUG] HTTP request headers parsed
[2025-11-07T11:40:30.140180] [DEBUG] Cache key generated
[2025-11-07T11:40:30.140177] [WARN] High memory usage detected
[2025-11-07T11:40:30.140182] [DEBUG] HTTP request headers parsed
[2025-11-07T11:40:30.140158] [INFO] Configuration loaded
[2025-11-07T11:40:30.140188] [DEBUG] Cache key generated
[2025-11-07T11:40:30.140159] [INFO] Session started
