[2025-11-07T11:40:29.794240] [WARN] Rate limit approaching
[2025-11-07T11:40:29.794246] [DEBUG] Cache key generated
[2025-11-07T11:40:29.794228] [INFO] Configuration loaded
[2025-11-07T11:40:29.794242] [WARN] Resource threshold approaching
[2025-11-07T11:40:29.794234] [INFO] Request processed successfully
[2025-11-07T11:40:29.794231] [INFO] Transaction completed
[2025-11-07T11:40:29.794251] [DEBUG] Connection pool status checked
[2025-11-07T11:40:29.794244] [WARN] Cache miss
[2025-11-07T11:40:29.794230] [INFO] Database query executed
[2025-11-07T11:40:29.794223] [INFO] Connection established
[2025-11-07T11:40:29.794250] [DEBUG] Variable value: x=42
[2025-11-07T11:40:29.794249] [DEBUG] Entering function process_data()
[2025-11-07T11:40:29.794235] [INFO] User logged in
[2025-11-07T11:40:29.794225] [INFO] Request processed successfully
[2025-11-07T11:40:29.794236] [INFO] Session started
[2025-11-07T11:40:29.794256] [DEBUG] HTTP request headers parsed
[2025-11-07T11:40:29.794227] [INFO] Transaction completed
[2025-11-07T11:40:29.794232] [INFO] Service initialized
[2025-11-07T11:40:29.794252] [DEBUG] Timer set: 30 seconds
[2025-11-07T11:40:29.794233] [INFO] Request processed successfully
[2025-11-07T11:40:29.794239] [WARN] High memory usage detected
[2025-11-07T11:40:29.794254] [DEBUG] Loop iteration: 15
[2025-11-07T11:40:29.794253] [DEBUG] Connection pool status checked
[2025-11-07T11:40:29.794238] [WARN] Connection retry attempt
[2025-11-07T11:40:29.794248] [DEBUG] Variable value: x=42
[2025-11-07T11:40:29.794243] [WARN] Queue size growing
[2025-11-07T11:40:29.794247] [DEBUG] Timer set: 30 seconds
[2025-11-07T11:40:29.794255] [DEBUG] HTTP request headers parsed
[2025-11-07T11:40:29.794229] [INFO] Configuration loaded
[2025-11-07T11:40:29.794221] [INFO] Service initialized
[2025-11-07T11:40:29.794245] [ERROR] Invalid input data
[2025-11-07T11:40:29.794226] [INFO] Connection established
[2025-11-07T11:40:29.794222] [INFO] Database query executed
[2025-11-07T11:40:29.794241] [WARN] Deprecated API usage
[2025-11-07T11:40:29.794237] [WARN] Disk space low
