[2025-11-07T11:40:30.178368] [INFO] Cache hit
[2025-11-07T11:40:30.178389] [DEBUG] Buffer size: 4096 bytes
[2025-11-07T11:40:30.178382] [WARN] Resource threshold approaching
[2025-11-07T11:40:30.178388] [DEBUG] Memory allocation: 2048 bytes
[2025-11-07T11:40:30.178383] [WARN] Cache miss
[2025-11-07T11:40:30.178373] [INFO] User logged in
[2025-11-07T11:40:30.178386] [DEBUG] Variable value: x=42
[2025-11-07T11:40:30.178378] [INFO] Session started
[2025-11-07T11:40:30.178387] [DEBUG] Loop iteration: 15
[2025-11-07T11:40:30.178366] [INFO] Configuration loaded
[2025-11-07T11:40:30.178372] [INFO] Request processed successfully
[2025-11-07T11:40:30.178367] [INFO] Cache hit
[2025-11-07T11:40:30.178369] [INFO] User logged in
[2025-11-07T11:40:30.178375] [INFO] Health check passed
[2025-11-07T11:40:30.178384] [ERROR] Disk read failed
[2025-11-07T11:40:30.178390] [DEBUG] Loop iteration: 15
[2025-11-07T11:40:30.178371] [INFO] Transaction completed
[2025-11-07T11:40:30.178374] [INFO] Transaction completed
[2025-11-07T11:40:30.178380] [WARN] Resource threshold approaching
[2025-11-07T11:40:30.178381] [WARN] Connection retry attempt
[2025-11-07T11:40:30.178370] [INFO] User logged in
[2025-11-07T11:40:30.178379] [INFO] Health check passed
[2025-11-07T11:40:30.178385] [DEBUG] Timer set: 30 seconds
[2025-11-07T11:40:30.178376] [INFO] Database query executed
[2025-11-07T11:40:30.178357] [INFO] Service initialized
[2025-11-07T11:40:30.178377] [INFO] Transaction completed
