[2025-11-07T11:40:29.411813] [INFO] Session started
[2025-11-07T11:40:29.411819] [INFO] Connection established
[2025-11-07T11:40:29.411842] [DEBUG] Cache key generated
[2025-11-07T11:40:29.411817] [INFO] Connection established
[2025-11-07T11:40:29.411841] [DEBUG] Buffer size: 4096 bytes
[2025-11-07T11:40:29.411814] [INFO] Request processed successfully
[2025-11-07T11:40:29.411828] [INFO] Transaction completed
[2025-11-07T11:40:29.411812] [INFO] Request processed successfully
[2025-11-07T11:40:29.411843] [DEBUG] Memory allocation: 2048 bytes
[2025-11-07T11:40:29.411815] [INFO] Database query executed
[2025-11-07T11:40:29.411836] [WARN] Timeout warning
[2025-11-07T11:40:29.411827] [INFO] Database query executed
[2025-11-07T11:40:29.411825] [INFO] Connection established
[2025-11-07T11:40:29.411822] [INFO] Service initialized
[2025-11-07T11:40:29.411848] [DEBUG] Buffer size: 4096 bytes
[2025-11-07T11:40:29.411845] [DEBUG] Thread pool size: 8
[2025-11-07T11:40:29.411835] [WARN] Slow query performance
[2025-11-07T11:40:29.411811] [INFO] Transaction completed
[2025-11-07T11:40:29.411832] [WARN] Deprecated API usage
[2025-11-07T11:40:29.411826] [INFO] Connection established
[2025-11-07T11:40:29.411816] [INFO] Request processed successfully
[2025-11-07T11:40:29.411823] [INFO] Database query executed
[2025-11-07T11:40:29.411837] [WARN] Timeout warning
[2025-11-07T11:40:29.411847] [DEBUG] Entering function process_data()
[2025-11-07T11:40:29.411818] [INFO] Connection established
[2025-11-07T11:40:29.411844] [DEBUG] Variable value: x=42
[2025-11-07T11:40:29.411820] [INFO] Health check passed
[2025-11-07T11:40:29.411834] [WARN] Deprecated API usage
[2025-11-07T11:40:29.411831] [WARN] Queue size growing
[2025-11-07T11:40:29.411840] [DEBUG] Timer set: 30 seconds
[2025-11-07T11:40:29.411846] [DEBUG] Cache key generated
[2025-11-07T11:40:29.411839] [ERROR] Request failed
[2025-11-07T11:40:29.411830] [WARN] Rate limit approaching
