[2025-11-07T11:40:29.601980] [INFO] Cache hit
[2025-11-07T11:40:29.601981] [INFO] Connection established
[2025-11-07T11:40:29.601966] [INFO] Service initialized
[2025-11-07T11:40:29.601979] [INFO] Transaction completed
[2025-11-07T11:40:29.601991] [DEBUG] Entering function process_data()
[2025-11-07T11:40:29.601994] [DEBUG] Connection pool status checked
[2025-11-07T11:40:29.601977] [INFO] Service initialized
[2025-11-07T11:40:29.601995] [DEBUG] HTTP request headers parsed
[2025-11-07T11:40:29.601986] [WARN] Timeout warning
[2025-11-07T11:40:29.601996] [DEBUG] Loop iteration: 15
[2025-11-07T11:40:29.601985] [WARN] Timeout warning
[2025-11-07T11:40:29.601974] [INFO] Health check passed
[2025-11-07T11:40:29.601969] [INFO] User logged in
[2025-11-07T11:40:29.601976] [INFO] Request processed successfully
[2025-11-07T11:40:29.601983] [INFO] Connection established
[2025-11-07T11:40:29.602000] [DEBUG] Loop iteration: 15
[2025-11-07T11:40:29.601990] [ERROR] Service unavailable
[2025-11-07T11:40:29.601978] [INFO] Database query executed
[2025-11-07T11:40:29.601988] [WARN] Disk space low
[2025-11-07T11:40:29.601999] [DEBUG] Variable value: x=42
[2025-11-07T11:40:29.601984] [INFO] Request processed successfully
[2025-11-07T11:40:29.601971] [INFO] Service initialized
[2025-11-07T11:40:29.601987] [WARN] Resource threshold approaching
[2025-11-07T11:40:29.601998] [DEBUG] HTTP request headers parsed
[2025-11-07T11:40:29.601970] [INFO] Health check passed
[2025-11-07T11:40:29.601982] [INFO] Connection established
[2025-11-07T11:40:29.601992] [DEBUG] Cache key generated
[2025-11-07T11:40:29.601972] [INFO] Connection established
[2025-11-07T11:40:29.601968] [INFO] Connection established
[2025-11-07T11:40:29.601989] [ERROR] Request failed
[2025-11-07T11:40:29.601975] [INFO] Cache hit
[2025-11-07T11:40:29.601997] [DEBUG] Loop iteration: 15
[2025-11-07T11:40:29.601973] [INFO] Configuration loaded
[2025-11-07T11:40:29.601993] [DEBUG] Variable value: x=42
