[2025-11-07T11:40:30.345377] [WARN] Queue size growing
[2025-11-07T11:40:30.345366] [INFO] Session started
[2025-11-07T11:40:30.345382] [DEBUG] Variable value: x=42
[2025-11-07T11:40:30.345388] [DEBUG] Variable value: x=42
[2025-11-07T11:40:30.345373] [INFO] Health check passed
[2025-11-07T11:40:30.345367] [INFO] Session started
[2025-11-07T11:40:30.345368] [INFO] Session started
[2025-11-07T11:40:30.345390] [DEBUG] Thread pool size: 8
[2025-11-07T11:40:30.345374] [INFO] Cache hit
[2025-11-07T11:40:30.345363] [INFO] Health check passed
[2025-11-07T11:40:30.345369] [INFO] Health check passed
[2025-11-07T11:40:30.345380] [WARN] High memory usage detected
[2025-11-07T11:40:30.345387] [DEBUG] Memory allocation: 2048 bytes
[2025-11-07T11:40:30.345372] [INFO] Cache hit
[2025-11-07T11:40:30.345383] [DEBUG] Entering function process_data()
[2025-11-07T11:40:30.345362] [INFO] Health check passed
[2025-11-07T11:40:30.345381] [ERROR] Request failed
[2025-11-07T11:40:30.345361] [INFO] User logged in
[2025-11-07T11:40:30.345384] [DEBUG] Variable value: x=42
[2025-11-07T11:40:30.345375] [INFO] Configuration loaded
[2025-11-07T11:40:30.345365] [INFO] User logged in
[2025-11-07T11:40:30.345379] [WARN] Deprecated API usage
[2025-11-07T11:40:30.345378] [WARN] Deprecated API usage
[2025-11-07T11:40:30.345371] [INFO] Health check passed
[2025-11-07T11:40:30.345385] [DEBUG] Thread pool size: 8
[2025-11-07T11:40:30.345386] [DEBUG] Memory allocation: 2048 bytes
[2025-11-07T11:40:30.345389] [DEBUG] HTTP request headers parsed
[2025-11-07T11:40:30.345370] [INFO] Transaction completed
[2025-11-07T11:40:30.345376] [INFO] Connection established
