[2025-11-07T11:40:29.825311] [INFO] Database query executed
[2025-11-07T11:40:29.825320] [INFO] Service initialized
[2025-11-07T11:40:29.825325] [ERROR] Invalid input data
[2025-11-07T11:40:29.825324] [ERROR] File not found
[2025-11-07T11:40:29.825313] [INFO] Session started
[2025-11-07T11:40:29.825323] [WARN] Resource threshold approaching
[2025-11-07T11:40:29.825309] [INFO] Cache hit
[2025-11-07T11:40:29.825332] [DEBUG] Connection pool status checked
[2025-11-07T11:40:29.825321] [INFO] User logged in
[2025-11-07T11:40:29.825326] [DEBUG] Connection pool status checked
[2025-11-07T11:40:29.825312] [INFO] Health check passed
[2025-11-07T11:40:29.825333] [DEBUG] Memory allocation: 2048 bytes
[2025-11-07T11:40:29.825330] [DEBUG] Memory allocation: 2048 bytes
[2025-11-07T11:40:29.825316] [INFO] Transaction completed
[2025-11-07T11:40:29.825315] [INFO] Database query executed
[2025-11-07T11:40:29.825327] [DEBUG] Buffer size: 4096 bytes
[2025-11-07T11:40:29.825318] [INFO] User logged in
[2025-11-07T11:40:29.825334] [DEBUG] Cache key generated
[2025-11-07T11:40:29.825310] [INFO] Database query executed
[2025-11-07T11:40:29.825322] [WARN] High memory usage detected
[2025-11-07T11:40:29.825328] [DEBUG] HTTP request headers parsed
[2025-11-07T11:40:29.825317] [INFO] Connection established
[2025-11-07T11:40:29.825308] [INFO] User logged in
[2025-11-07T11:40:29.825331] [DEBUG] Connection pool status checked
[2025-11-07T11:40:29.825307] [INFO] Service initialized
[2025-11-07T11:40:29.825329] [DEBUG] Loop iteration: 15
[2025-11-07T11:40:29.825314] [INFO] Session started
[2025-11-07T11:40:29.825319] [INFO] Connection established
