[2025-11-07T11:40:30.356293] [INFO] Cache hit
[2025-11-07T11:40:30.356308] [DEBUG] Memory allocation: 2048 bytes
[2025-11-07T11:40:30.356292] [INFO] Request processed successfully
[2025-11-07T11:40:30.356301] [WARN] Disk space low
[2025-11-07T11:40:30.356311] [DEBUG] Connection pool status checked
[2025-11-07T11:40:30.356314] [DEBUG] Buffer size: 4096 bytes
[2025-11-07T11:40:30.356295] [INFO] Configuration loaded
[2025-11-07T11:40:30.356302] [WARN] Disk space low
[2025-11-07T11:40:30.356305] [ERROR] Database connection lost
[2025-11-07T11:40:30.356288] [INFO] Request processed successfully
[2025-11-07T11:40:30.356299] [WARN] Connection retry attempt
[2025-11-07T11:40:30.356310] [DEBUG] Thread pool size: 8
[2025-11-07T11:40:30.356316] [DEBUG] Entering function process_data()
[2025-11-07T11:40:30.356298] [WARN] Queue size growing
[2025-11-07T11:40:30.356313] [DEBUG] Loop iteration: 15
[2025-11-07T11:40:30.356306] [DEBUG] Thread pool size: 8
[2025-11-07T11:40:30.356289] [INFO] Service initialized
[2025-11-07T11:40:30.356294] [INFO] Database query executed
[2025-11-07T11:40:30.356303] [ERROR] Request failed
[2025-11-07T11:40:30.356284] [INFO] Connection established
[2025-11-07T11:40:30.356286] [INFO] Request processed successfully
[2025-11-07T11:40:30.356288] [INFO] Service initialized
[2025-11-07T11:40:30.356297] [INFO] Connection established
[2025-11-07T11:40:30.356315] [DEBUG] Connection pool status checked
[2025-11-07T11:40:30.356290] [INFO] Health check passed
[2025-11-07T11:40:30.356309] [DEBUG] Connection pool status checked
[2025-11-07T11:40:30.356287] [INFO] Service initialized
