[2025-11-07T11:40:29.997259] [DEBUG] Timer set: 30 seconds
[2025-11-07T11:40:29.997255] [DEBUG] HTTP request headers parsed
[2025-11-07T11:40:29.997237] [INFO] Transaction completed
[2025-11-07T11:40:29.997247] [WARN] High memory usage detected
[2025-11-07T11:40:29.997236] [INFO] Service initialized
[2025-11-07T11:40:29.997257] [DEBUG] Loop iteration: 15
[2025-11-07T11:40:29.997241] [INFO] Health check passed
[2025-11-07T11:40:29.997249] [WARN] High memory usage detected
[2025-11-07T11:40:29.997246] [WARN] Disk space low
[2025-11-07T11:40:29.997248] [WARN] Timeout warning
[2025-11-07T11:40:29.997260] [DEBUG] Entering function process_data()
[2025-11-07T11:40:29.997234] [INFO] User logged in
[2025-11-07T11:40:29.997244] [INFO] Request processed successfully
[2025-11-07T11:40:29.997256] [DEBUG] Thread pool size: 8
[2025-11-07T11:40:29.997258] [DEBUG] Timer set: 30 seconds
[2025-11-07T11:40:29.997238] [INFO] Connection established
[2025-11-07T11:40:29.997232] [INFO] Database query executed
[2025-11-07T11:40:29.997231] [INFO] Connection established
[2025-11-07T11:40:29.997230] [INFO] Cache hit
[2025-11-07T11:40:29.997253] [DEBUG] Loop iteration: 15
[2025-11-07T11:40:29.997242] [INFO] Service initialized
[2025-11-07T11:40:29.997240] [INFO] Cache hit
[2025-11-07T11:40:29.997233] [INFO] Transaction completed
[2025-11-07T11:40:29.997243] [INFO] User logged in
[2025-11-07T11:40:29.997235] [INFO] Service initialized
[2025-11-07T11:40:29.997245] [WARN] Connection retry attempt
[2025-11-07T11:40:29.997251] [ERROR] Service unavailable
[2025-11-07T11:40:29.997239] [INFO] Transaction completed
[2025-11-07T11:40:29.997252] [DEBUG] Entering function process_data()
[2025-11-07T11:40:29.997254] [DEBUG] Cache key generated
