[2025-11-07T11:40:30.203354] [INFO] Connection established
[2025-11-07T11:40:30.203367] [WARN] Resource threshold approaching
[2025-11-07T11:40:30.203365] [INFO] User logged in
[2025-11-07T11:40:30.203369] [WARN] Cache miss
[2025-11-07T11:40:30.203374] [DEBUG] Loop iteration: 15
[2025-11-07T11:40:30.203378] [DEBUG] Buffer size: 4096 bytes
[2025-11-07T11:40:30.203383] [DEBUG] Entering function process_data()
[2025-11-07T11:40:30.203380] [DEBUG] HTTP request headers parsed
[2025-11-07T11:40:30.203361] [INFO] Database query executed
[2025-11-07T11:40:30.203357] [INFO] Configuration loaded
[2025-11-07T11:40:30.203359] [INFO] Session started
[2025-11-07T11:40:30.203381] [DEBUG] Thread pool size: 8
[2025-11-07T11:40:30.203363] [INFO] Database query executed
[2025-11-07T11:40:30.203362] [INFO] Transaction completed
[2025-11-07T11:40:30.203360] [INFO] Service initialized
[2025-11-07T11:40:30.203371] [ERROR] Request failed
[2025-11-07T11:40:30.203372] [ERROR] Authentication failed
[2025-11-07T11:40:30.203366] [INFO] Cache hit
[2025-11-07T11:40:30.203377] [DEBUG] Variable value: x=42
[2025-11-07T11:40:30.203364] [INFO] Cache hit
[2025-11-07T11:40:30.203376] [DEBUG] Memory allocation: 2048 bytes
[2025-11-07T11:40:30.203356] [INFO] Health check passed
[2025-11-07T11:40:30.203382] [DEBUG] Cache key generated
[2025-11-07T11:40:30.203373] [ERROR] File not found
[2025-11-07T11:40:30.203355] [INFO] Request processed successfully
[2025-11-07T11:40:30.203368] [WARN] Cache miss
[2025-11-07T11:40:30.203370] [WARN] Timeout warning
[2025-11-07T11:40:30.203358] [INFO] Configuration loaded
[2025-11-07T11:40:30.203379] [DEBUG] Timer set: 30 seconds
