[2025-11-07T11:40:29.597817] [DEBUG] Buffer size: 4096 bytes
[2025-11-07T11:40:29.597804] [INFO] Configuration loaded
[2025-11-07T11:40:29.597811] [ERROR] File not found
[2025-11-07T11:40:29.597810] [ERROR] Request failed
[2025-11-07T11:40:29.597792] [INFO] Session started
[2025-11-07T11:40:29.597794] [INFO] Health check passed
[2025-11-07T11:40:29.597799] [INFO] Transaction completed
[2025-11-07T11:40:29.597803] [INFO] Connection established
[2025-11-07T11:40:29.597800] [INFO] Connection established
[2025-11-07T11:40:29.597790] [INFO] Configuration loaded
[2025-11-07T11:40:29.597816] [DEBUG] Memory allocation: 2048 bytes
[2025-11-07T11:40:29.597819] [DEBUG] Loop iteration: 15
[2025-11-07T11:40:29.597793] [INFO] Session started
[2025-11-07T11:40:29.597818] [DEBUG] Loop iteration: 15
[2025-11-07T11:40:29.597806] [WARN] High memory usage detected
[2025-11-07T11:40:29.597805] [WARN] Rate limit approaching
[2025-11-07T11:40:29.597798] [INFO] Cache hit
[2025-11-07T11:40:29.597791] [INFO] Cache hit
[2025-11-07T11:40:29.597814] [DEBUG] Buffer size: 4096 bytes
[2025-11-07T11:40:29.597797] [INFO] Transaction completed
[2025-11-07T11:40:29.597815] [DEBUG] Memory allocation: 2048 bytes
[2025-11-07T11:40:29.597807] [WARN] Queue size growing
[2025-11-07T11:40:29.597812] [ERROR] File not found
[2025-11-07T11:40:29.597796] [INFO] Session started
[2025-11-07T11:40:29.597809] [ERROR] Permission denied
[2025-11-07T11:40:29.597820] [DEBUG] Loop iteration: 15
[2025-11-07T11:40:29.597808] [WARN] Resource threshold approaching
[2025-11-07T11:40:29.597821] [DEBUG] Entering function process_data()
[2025-11-07T11:40:29.597795] [INFO] Database query executed
[2025-11-07T11:40:29.597801] [INFO] Configuration loaded
[2025-11-07T11:40:29.597802] [INFO] Database query executed
