[2025-11-07T11:40:29.849088] [DEBUG] Entering function process_data()
[2025-11-07T11:40:29.849087] [DEBUG] Buffer size: 4096 bytes
[2025-11-07T11:40:29.849089] [DEBUG] Buffer size: 4096 bytes
[2025-11-07T11:40:29.849078] [INFO] Transaction completed
[2025-11-07T11:40:29.849066] [INFO] Transaction completed
[2025-11-07T11:40:29.849064] [INFO] Service initialized
[2025-11-07T11:40:29.849081] [WARN] Slow query performance
[2025-11-07T11:40:29.849065] [INFO] Connection established
[2025-11-07T11:40:29.849084] [ERROR] Network timeout
[2025-11-07T11:40:29.849092] [DEBUG] HTTP request headers parsed
[2025-11-07T11:40:29.849093] [DEBUG] Thread pool size: 8
[2025-11-07T11:40:29.849068] [INFO] Database query executed
[2025-11-07T11:40:29.849072] [INFO] Health check passed
[2025-11-07T11:40:29.849071] [INFO] Transaction completed
[2025-11-07T11:40:29.849075] [INFO] Request processed successfully
[2025-11-07T11:40:29.849091] [DEBUG] Thread pool size: 8
[2025-11-07T11:40:29.849074] [INFO] Cache hit
[2025-11-07T11:40:29.849067] [INFO] Request processed successfully
[2025-11-07T11:40:29.849086] [DEBUG] Buffer size: 4096 bytes
[2025-11-07T11:40:29.849085] [ERROR] Invalid input data
[2025-11-07T11:40:29.849076] [INFO] Request processed successfully
[2025-11-07T11:40:29.849073] [INFO] Cache hit
[2025-11-07T11:40:29.849069] [INFO] Request processed successfully
[2025-11-07T11:40:29.849079] [INFO] Configuration loaded
[2025-11-07T11:40:29.849090] [DEBUG] Connection pool status checked
[2025-11-07T11:40:29.849070] [INFO] Session started
[2025-11-07T11:40:29.849082] [WARN] Deprecated API usage
[2025-11-07T11:40:29.849080] [WARN] Resource threshold approaching
[2025-11-07T11:40:29.849077] [INFO] Health check passed
[2025-11-07T11:40:29.849083] [WARN] Cache miss
