[2025-11-07T11:40:30.363799] [INFO] Health check passed
[2025-11-07T11:40:30.363813] [ERROR] Disk read failed
[2025-11-07T11:40:30.363817] [DEBUG] Variable value: x=42
[2025-11-07T11:40:30.363798] [INFO] Health check passed
[2025-11-07T11:40:30.363820] [DEBUG] Memory allocation: 2048 bytes
[2025-11-07T11:40:30.363800] [INFO] User logged in
[2025-11-07T11:40:30.363804] [INFO] Configuration loaded
[2025-11-07T11:40:30.363824] [DEBUG] Loop iteration: 15
[2025-11-07T11:40:30.363796] [INFO] Health check passed
[2025-11-07T11:40:30.363818] [DEBUG] Cache key generated
[2025-11-07T11:40:30.363805] [INFO] Service initialized
[2025-11-07T11:40:30.363826] [DEBUG] Connection pool status checked
[2025-11-07T11:40:30.363807] [INFO] Database query executed
[2025-11-07T11:40:30.363809] [WARN] Connection retry attempt
[2025-11-07T11:40:30.363822] [DEBUG] Memory allocation: 2048 bytes
[2025-11-07T11:40:30.363810] [WARN] Resource threshold approaching
[2025-11-07T11:40:30.363819] [DEBUG] Entering function process_data()
[2025-11-07T11:40:30.363806] [INFO] Health check passed
[2025-11-07T11:40:30.363814] [ERROR] Database connection lost
[2025-11-07T11:40:30.363821] [DEBUG] Buffer size: 4096 bytes
[2025-11-07T11:40:30.363823] [DEBUG] Variable value: x=42
[2025-11-07T11:40:30.363811] [WARN] Rate limit approaching
[2025-11-07T11:40:30.363816] [DEBUG] Timer set: 30 seconds
[2025-11-07T11:40:30.363802] [INFO] Database query executed
[2025-11-07T11:40:30.363825] [DEBUG] Memory allocation: 2048 bytes
[2025-11-07T11:40:30.363812] [WARN] Resource threshold approaching
[2025-11-07T11:40:30.363815] [DEBUG] Connection pool status checked
[2025-11-07T11:40:30.363801] [INFO] Session started
[2025-11-07T11:40:30.363808] [WARN] Disk space low
[2025-11-07T11:40:30.363803] [INFO] Service initialized
[2025-11-07T11:40:30.363797] [INFO] User logged in
