[2025-11-07T11:40:29.899966] [INFO] User logged in
[2025-11-07T11:40:29.899992] [DEBUG] Loop iteration: 15
[2025-11-07T11:40:29.899976] [INFO] Request processed successfully
[2025-11-07T11:40:29.899995] [DEBUG] Variable value: x=42
[2025-11-07T11:40:29.899969] [INFO] Session started
[2025-11-07T11:40:29.899978] [INFO] User logged in
[2025-11-07T11:40:29.899981] [INFO] Service initialized
[2025-11-07T11:40:29.899973] [INFO] Request processed successfully
[2025-11-07T11:40:29.899982] [INFO] Cache hit
[2025-11-07T11:40:29.899980] [INFO] Service initialized
[2025-11-07T11:40:29.899993] [DEBUG] Timer set: 30 seconds
[2025-11-07T11:40:29.899975] [INFO] Transaction completed
[2025-11-07T11:40:29.899977] [INFO] Request processed successfully
[2025-11-07T11:40:29.899984] [INFO] Session started
[2025-11-07T11:40:29.899988] [WARN] Deprecated API usage
[2025-11-07T11:40:29.899979] [INFO] Configuration loaded
[2025-11-07T11:40:29.899972] [INFO] Database query executed
[2025-11-07T11:40:29.899983] [INFO] Cache hit
[2025-11-07T11:40:29.899996] [DEBUG] Connection pool status checked
[2025-11-07T11:40:29.899968] [INFO] Request processed successfully
[2025-11-07T11:40:29.899991] [ERROR] Network timeout
[2025-11-07T11:40:29.899971] [INFO] Service initialized
[2025-11-07T11:40:29.899970] [INFO] Database query executed
[2025-11-07T11:40:29.899997] [DEBUG] Cache key generated
[2025-11-07T11:40:29.899989] [WARN] Slow query performance
[2025-11-07T11:40:29.899985] [INFO] Configuration loaded
[2025-11-07T11:40:29.899988] [WARN] Disk space low
[2025-11-07T11:40:29.899994] [DEBUG] Buffer size: 4096 bytes
[2025-11-07T11:40:29.899987] [WARN] Resource threshold approaching
