[2025-11-07T11:40:29.540595] [WARN] Timeout warning
[2025-11-07T11:40:29.540586] [INFO] Connection established
[2025-11-07T11:40:29.540605] [DEBUG] Buffer size: 4096 bytes
[2025-11-07T11:40:29.540606] [DEBUG] Loop iteration: 15
[2025-11-07T11:40:29.540589] [INFO] Configuration loaded
[2025-11-07T11:40:29.540593] [INFO] Database query executed
[2025-11-07T11:40:29.540584] [INFO] User logged in
[2025-11-07T11:40:29.540603] [DEBUG] Thread pool size: 8
[2025-11-07T11:40:29.540604] [DEBUG] Memory allocation: 2048 bytes
[2025-11-07T11:40:29.540597] [WARN] Disk space low
[2025-11-07T11:40:29.540580] [INFO] Health check passed
[2025-11-07T11:40:29.540588] [INFO] Request processed successfully
[2025-11-07T11:40:29.540592] [INFO] Database query executed
[2025-11-07T11:40:29.540587] [INFO] User logged in
[2025-11-07T11:40:29.540601] [ERROR] Request failed
[2025-11-07T11:40:29.540598] [WARN] Rate limit approaching
[2025-11-07T11:40:29.540582] [INFO] User logged in
[2025-11-07T11:40:29.540581] [INFO] Cache hit
[2025-11-07T11:40:29.540583] [INFO] Session started
[2025-11-07T11:40:29.540599] [WARN] Connection retry attempt
[2025-11-07T11:40:29.540585] [INFO] Configuration loaded
[2025-11-07T11:40:29.540590] [INFO] Session started
[2025-11-07T11:40:29.540596] [WARN] High memory usage detected
[2025-11-07T11:40:29.540602] [DEBUG] Cache key generated
[2025-11-07T11:40:29.540607] [DEBUG] HTTP request headers parsed
[2025-11-07T11:40:29.540594] [INFO] Database query executed
[2025-11-07T11:40:29.540591] [INFO] Database query executed
