[2025-11-07T11:40:29.446481] [DEBUG] Thread pool size: 8
[2025-11-07T11:40:29.446474] [ERROR] Request failed
[2025-11-07T11:40:29.446482] [DEBUG] Cache key generated
[2025-11-07T11:40:29.446470] [WARN] Timeout warning
[2025-11-07T11:40:29.446480] [DEBUG] Timer set: 30 seconds
[2025-11-07T11:40:29.446475] [DEBUG] Timer set: 30 seconds
[2025-11-07T11:40:29.446467] [INFO] Configuration loaded
[2025-11-07T11:40:29.446479] [DEBUG] Thread pool size: 8
[2025-11-07T11:40:29.446462] [INFO] Request processed successfully
[2025-11-07T11:40:29.446466] [INFO] Transaction completed
[2025-11-07T11:40:29.446477] [DEBUG] HTTP request headers parsed
[2025-11-07T11:40:29.446462] [INFO] Request processed successfully
[2025-11-07T11:40:29.446453] [INFO] User logged in
[2025-11-07T11:40:29.446486] [DEBUG] HTTP request headers parsed
[2025-11-07T11:40:29.446464] [INFO] Session started
[2025-11-07T11:40:29.446476] [DEBUG] Timer set: 30 seconds
[2025-11-07T11:40:29.446483] [DEBUG] Cache key generated
[2025-11-07T11:40:29.446471] [WARN] Deprecated API usage
[2025-11-07T11:40:29.446450] [INFO] User logged in
[2025-11-07T11:40:29.446456] [INFO] Service initialized
[2025-11-07T11:40:29.446455] [INFO] Service initialized
[2025-11-07T11:40:29.446468] [WARN] Queue size growing
[2025-11-07T11:40:29.446463] [INFO] Cache hit
[2025-11-07T11:40:29.446472] [WARN] Queue size growing
[2025-11-07T11:40:29.446473] [ERROR] Network timeout
[2025-11-07T11:40:29.446478] [DEBUG] Thread pool size: 8
[2025-11-07T11:40:29.446460] [INFO] User logged in
[2025-11-07T11:40:29.446451] [INFO] Session started
[2025-11-07T11:40:29.446457] [INFO] Health check passed
[2025-11-07T11:40:29.446458] [INFO] Database query executed
[2025-11-07T11:40:29.446460] [INFO] Service initialized
[2025-11-07T11:40:29.446485] [DEBUG] Variable value: x=42
[2025-11-07T11:40:29.446465] [INFO] Service initialized
[2025-11-07T11:40:29.446484] [DEBUG] Memory allocation: 2048 bytes
[2025-11-07T11:40:29.446469] [WARN] Deprecated API usage
[2025-11-07T11:40:29.446454] [INFO] User logged in
[2025-11-07T11:40:29.446459] [INFO] Cache hit
