[2025-11-07T11:40:29.698884] [INFO] Request processed successfully
[2025-11-07T11:40:29.698885] [INFO] Database query executed
[2025-11-07T11:40:29.698889] [INFO] Health check passed
[2025-11-07T11:40:29.698882] [INFO] Health check passed
[2025-11-07T11:40:29.698886] [INFO] Database query executed
[2025-11-07T11:40:29.698879] [INFO] Request processed successfully
[2025-11-07T11:40:29.698897] [DEBUG] Thread pool size: 8
[2025-11-07T11:40:29.698888] [INFO] Configuration loaded
[2025-11-07T11:40:29.698894] [WARN] Connection retry attempt
[2025-11-07T11:40:29.698883] [INFO] Health check passed
[2025-11-07T11:40:29.698874] [INFO] User logged in
[2025-11-07T11:40:29.698875] [INFO] Connection established
[2025-11-07T11:40:29.698877] [INFO] Database query executed
[2025-11-07T11:40:29.698904] [DEBUG] HTTP request headers parsed
[2025-11-07T11:40:29.698876] [INFO] Configuration loaded
[2025-11-07T11:40:29.698893] [WARN] Queue size growing
[2025-11-07T11:40:29.698887] [INFO] Database query executed
[2025-11-07T11:40:29.698880] [INFO] Session started
[2025-11-07T11:40:29.698878] [INFO] Configuration loaded
[2025-11-07T11:40:29.698903] [DEBUG] Connection pool status checked
[2025-11-07T11:40:29.698891] [WARN] Resource threshold approaching
[2025-11-07T11:40:29.698896] [DEBUG] Cache key generated
[2025-11-07T11:40:29.698901] [DEBUG] Variable value: x=42
[2025-11-07T11:40:29.698898] [DEBUG] HTTP request headers parsed
[2025-11-07T11:40:29.698899] [DEBUG] Connection pool status checked
[2025-11-07T11:40:29.698892] [WARN] Rate limit approaching
[2025-11-07T11:40:29.698900] [DEBUG] Thread pool size: 8
[2025-11-07T11:40:29.698881] [INFO] Cache hit
[2025-11-07T11:40:29.698895] [ERROR] Network timeout
[2025-11-07T11:40:29.698902] [DEBUG] Entering function process_data()
