[2025-11-07T11:40:30.311451] [INFO] Health check passed
[2025-11-07T11:40:30.311458] [ERROR] File not found
[2025-11-07T11:40:30.311442] [INFO] User logged in
[2025-11-07T11:40:30.311460] [DEBUG] Variable value: x=42
[2025-11-07T11:40:30.311448] [INFO] Service initialized
[2025-11-07T11:40:30.311444] [INFO] Session started
[2025-11-07T11:40:30.311443] [INFO] Session started
[2025-11-07T11:40:30.311441] [INFO] Transaction completed
[2025-11-07T11:40:30.311465] [DEBUG] Timer set: 30 seconds
[2025-11-07T11:40:30.311446] [INFO] Connection established
[2025-11-07T11:40:30.311449] [INFO] Session started
[2025-11-07T11:40:30.311440] [INFO] User logged in
[2025-11-07T11:40:30.311452] [WARN] Disk space low
[2025-11-07T11:40:30.311457] [WARN] High memory usage detected
[2025-11-07T11:40:30.311459] [ERROR] Service unavailable
[2025-11-07T11:40:30.311462] [DEBUG] Buffer size: 4096 bytes
[2025-11-07T11:40:30.311456] [WARN] Queue size growing
[2025-11-07T11:40:30.311450] [INFO] User logged in
[2025-11-07T11:40:30.311454] [WARN] Timeout warning
[2025-11-07T11:40:30.311453] [WARN] Queue size growing
[2025-11-07T11:40:30.311455] [WARN] Disk space low
[2025-11-07T11:40:30.311464] [DEBUG] Thread pool size: 8
[2025-11-07T11:40:30.311447] [INFO] Health check passed
[2025-11-07T11:40:30.311446] [INFO] Transaction completed
[2025-11-07T11:40:30.311463] [DEBUG] Timer set: 30 seconds
[2025-11-07T11:40:30.311461] [DEBUG] Thread pool size: 8
