[2025-11-07T11:40:29.376240] [INFO] Session started
[2025-11-07T11:40:29.376249] [DEBUG] Timer set: 30 seconds
[2025-11-07T11:40:29.376243] [WARN] Rate limit approaching
[2025-11-07T11:40:29.376229] [INFO] Cache hit
[2025-11-07T11:40:29.376247] [ERROR] Disk read failed
[2025-11-07T11:40:29.376254] [DEBUG] Buffer size: 4096 bytes
[2025-11-07T11:40:29.376241] [WARN] Rate limit approaching
[2025-11-07T11:40:29.376250] [DEBUG] Variable value: x=42
[2025-11-07T11:40:29.376255] [DEBUG] Buffer size: 4096 bytes
[2025-11-07T11:40:29.376228] [INFO] Configuration loaded
[2025-11-07T11:40:29.376223] [INFO] Health check passed
[2025-11-07T11:40:29.376242] [WARN] Timeout warning
[2025-11-07T11:40:29.376251] [DEBUG] Connection pool status checked
[2025-11-07T11:40:29.376246] [ERROR] Invalid input data
[2025-11-07T11:40:29.376233] [INFO] Service initialized
[2025-11-07T11:40:29.376235] [INFO] Transaction completed
[2025-11-07T11:40:29.376230] [INFO] Connection established
[2025-11-07T11:40:29.376222] [INFO] Health check passed
[2025-11-07T11:40:29.376220] [INFO] Health check passed
[2025-11-07T11:40:29.376221] [INFO] Cache hit
[2025-11-07T11:40:29.376255] [DEBUG] HTTP request headers parsed
[2025-11-07T11:40:29.376219] [INFO] Transaction completed
[2025-11-07T11:40:29.376236] [INFO] User logged in
[2025-11-07T11:40:29.376248] [DEBUG] HTTP request headers parsed
[2025-11-07T11:40:29.376237] [INFO] Connection established
[2025-11-07T11:40:29.376234] [INFO] Service initialized
[2025-11-07T11:40:29.376239] [INFO] Connection established
[2025-11-07T11:40:29.376238] [INFO] Transaction completed
[2025-11-07T11:40:29.376232] [INFO] Session started
[2025-11-07T11:40:29.376256] [DEBUG] Cache key generated
[2025-11-07T11:40:29.376245] [WARN] Deprecated API usage
[2025-11-07T11:40:29.376253] [DEBUG] Memory allocation: 2048 bytes
[2025-11-07T11:40:29.376225] [INFO] Session started
[2025-11-07T11:40:29.376226] [INFO] User logged in
[2025-11-07T11:40:29.376244] [WARN] High memory usage detected
[2025-11-07T11:40:29.376231] [INFO] Request processed successfully
[2025-11-07T11:40:29.376227] [INFO] Database query executed
[2025-11-07T11:40:29.376225] [INFO] Cache hit
