[2025-11-07T11:40:29.697923] [WARN] Rate limit approaching
[2025-11-07T11:40:29.697925] [WARN] Slow query performance
[2025-11-07T11:40:29.697914] [INFO] Cache hit
[2025-11-07T11:40:29.697935] [DEBUG] Timer set: 30 seconds
[2025-11-07T11:40:29.697913] [INFO] User logged in
[2025-11-07T11:40:29.697933] [DEBUG] Memory allocation: 2048 bytes
[2025-11-07T11:40:29.697934] [DEBUG] Memory allocation: 2048 bytes
[2025-11-07T11:40:29.697926] [WARN] Disk space low
[2025-11-07T11:40:29.697912] [INFO] Configuration loaded
[2025-11-07T11:40:29.697919] [INFO] Configuration loaded
[2025-11-07T11:40:29.697910] [INFO] Session started
[2025-11-07T11:40:29.697931] [DEBUG] Memory allocation: 2048 bytes
[2025-11-07T11:40:29.697921] [INFO] Connection established
[2025-11-07T11:40:29.697928] [ERROR] Memory allocation error
[2025-11-07T11:40:29.697917] [INFO] User logged in
[2025-11-07T11:40:29.697920] [INFO] Health check passed
[2025-11-07T11:40:29.697936] [DEBUG] Loop iteration: 15
[2025-11-07T11:40:29.697911] [INFO] Connection established
[2025-11-07T11:40:29.697937] [DEBUG] Memory allocation: 2048 bytes
[2025-11-07T11:40:29.697929] [ERROR] Database connection lost
[2025-11-07T11:40:29.697924] [WARN] Resource threshold approaching
[2025-11-07T11:40:29.697927] [WARN] Slow query performance
[2025-11-07T11:40:29.697932] [DEBUG] Variable value: x=42
[2025-11-07T11:40:29.697907] [INFO] Request processed successfully
[2025-11-07T11:40:29.697916] [INFO] Connection established
[2025-11-07T11:40:29.697918] [INFO] Health check passed
[2025-11-07T11:40:29.697930] [DEBUG] Timer set: 30 seconds
[2025-11-07T11:40:29.697922] [INFO] Service initialized
[2025-11-07T11:40:29.697915] [INFO] Service initialized
[2025-11-07T11:40:29.697909] [INFO] Database query executed
