[2025-11-07T11:40:29.580311] [INFO] Request processed successfully
[2025-11-07T11:40:29.580315] [ERROR] File not found
[2025-11-07T11:40:29.580306] [INFO] Connection established
[2025-11-07T11:40:29.580305] [INFO] Database query executed
[2025-11-07T11:40:29.580320] [DEBUG] Memory allocation: 2048 bytes
[2025-11-07T11:40:29.580309] [INFO] Connection established
[2025-11-07T11:40:29.580314] [WARN] High memory usage detected
[2025-11-07T11:40:29.580302] [INFO] Transaction completed
[2025-11-07T11:40:29.580318] [DEBUG] Connection pool status checked
[2025-11-07T11:40:29.580298] [INFO] Service initialized
[2025-11-07T11:40:29.580303] [INFO] Database query executed
[2025-11-07T11:40:29.580307] [INFO] Session started
[2025-11-07T11:40:29.580319] [DEBUG] HTTP request headers parsed
[2025-11-07T11:40:29.580316] [DEBUG] Entering function process_data()
[2025-11-07T11:40:29.580300] [INFO] Service initialized
[2025-11-07T11:40:29.580308] [INFO] Service initialized
[2025-11-07T11:40:29.580313] [WARN] Connection retry attempt
[2025-11-07T11:40:29.580321] [DEBUG] Memory allocation: 2048 bytes
[2025-11-07T11:40:29.580317] [DEBUG] Variable value: x=42
[2025-11-07T11:40:29.580304] [INFO] Connection established
[2025-11-07T11:40:29.580301] [INFO] Database query executed
[2025-11-07T11:40:29.580312] [WARN] Rate limit approaching
[2025-11-07T11:40:29.580310] [INFO] Health check passed
