[2025-11-07T11:40:29.685022] [INFO] Configuration loaded
[2025-11-07T11:40:29.685032] [INFO] Cache hit
[2025-11-07T11:40:29.685044] [DEBUG] Buffer size: 4096 bytes
[2025-11-07T11:40:29.685036] [INFO] Database query executed
[2025-11-07T11:40:29.685051] [DEBUG] Cache key generated
[2025-11-07T11:40:29.685034] [INFO] Session started
[2025-11-07T11:40:29.685046] [DEBUG] HTTP request headers parsed
[2025-11-07T11:40:29.685023] [INFO] Health check passed
[2025-11-07T11:40:29.685032] [INFO] Health check passed
[2025-11-07T11:40:29.685028] [INFO] Database query executed
[2025-11-07T11:40:29.685050] [DEBUG] Cache key generated
[2025-11-07T11:40:29.685039] [WARN] High memory usage detected
[2025-11-07T11:40:29.685024] [INFO] Configuration loaded
[2025-11-07T11:40:29.685038] [WARN] Rate limit approaching
[2025-11-07T11:40:29.685047] [DEBUG] Timer set: 30 seconds
[2025-11-07T11:40:29.685033] [INFO] Health check passed
[2025-11-07T11:40:29.685019] [INFO] Service initialized
[2025-11-07T11:40:29.685049] [DEBUG] Timer set: 30 seconds
[2025-11-07T11:40:29.685020] [INFO] User logged in
[2025-11-07T11:40:29.685031] [INFO] Cache hit
[2025-11-07T11:40:29.685043] [ERROR] Request failed
[2025-11-07T11:40:29.685040] [WARN] High memory usage detected
[2025-11-07T11:40:29.685025] [INFO] User logged in
[2025-11-07T11:40:29.685018] [INFO] Request processed successfully
[2025-11-07T11:40:29.685037] [WARN] Resource threshold approaching
[2025-11-07T11:40:29.685045] [DEBUG] Cache key generated
[2025-11-07T11:40:29.685052] [DEBUG] Variable value: x=42
[2025-11-07T11:40:29.685041] [WARN] Queue size growing
[2025-11-07T11:40:29.685035] [INFO] Health check passed
[2025-11-07T11:40:29.685048] [DEBUG] Timer set: 30 seconds
[2025-11-07T11:40:29.685029] [INFO] Session started
[2025-11-07T11:40:29.685030] [INFO] Session started
[2025-11-07T11:40:29.685042] [WARN] Deprecated API usage
[2025-11-07T11:40:29.685026] [INFO] Database query executed
[2025-11-07T11:40:29.685027] [INFO] Session started
