[2025-11-07T11:40:30.207383] [INFO] User logged in
[2025-11-07T11:40:30.207387] [INFO] Transaction completed
[2025-11-07T11:40:30.207378] [INFO] Transaction completed
[2025-11-07T11:40:30.207400] [WARN] Resource threshold approaching
[2025-11-07T11:40:30.207389] [INFO] Connection established
[2025-11-07T11:40:30.207402] [DEBUG] Loop iteration: 15
[2025-11-07T11:40:30.207386] [INFO] Transaction completed
[2025-11-07T11:40:30.207401] [ERROR] Invalid input data
[2025-11-07T11:40:30.207410] [DEBUG] Variable value: x=42
[2025-11-07T11:40:30.207396] [WARN] Resource threshold approaching
[2025-11-07T11:40:30.207376] [INFO] Request processed successfully
[2025-11-07T11:40:30.207395] [INFO] Connection established
[2025-11-07T11:40:30.207383] [INFO] User logged in
[2025-11-07T11:40:30.207405] [DEBUG] Cache key generated
[2025-11-07T11:40:30.207393] [INFO] Configuration loaded
[2025-11-07T11:40:30.207406] [DEBUG] Buffer size: 4096 bytes
[2025-11-07T11:40:30.207382] [INFO] Transaction completed
[2025-11-07T11:40:30.207409] [DEBUG] Entering function process_data()
[2025-11-07T11:40:30.207394] [INFO] Session started
[2025-11-07T11:40:30.207377] [INFO] Configuration loaded
[2025-11-07T11:40:30.207399] [WARN] Disk space low
[2025-11-07T11:40:30.207407] [DEBUG] Memory allocation: 2048 bytes
[2025-11-07T11:40:30.207408] [DEBUG] Cache key generated
[2025-11-07T11:40:30.207392] [INFO] Service initialized
[2025-11-07T11:40:30.207404] [DEBUG] Connection pool status checked
[2025-11-07T11:40:30.207385] [INFO] Request processed successfully
[2025-11-07T11:40:30.207380] [INFO] Database query executed
[2025-11-07T11:40:30.207398] [WARN] Slow query performance
[2025-11-07T11:40:30.207397] [WARN] Slow query performance
[2025-11-07T11:40:30.207403] [DEBUG] Buffer size: 4096 bytes
[2025-11-07T11:40:30.207380] [INFO] Database query executed
[2025-11-07T11:40:30.207390] [INFO] Session started
[2025-11-07T11:40:30.207388] [INFO] Configuration loaded
[2025-11-07T11:40:30.207391] [INFO] Health check passed
[2025-11-07T11:40:30.207384] [INFO] Request processed successfully
