[2025-11-07T11:40:30.307026] [INFO] Configuration loaded
[2025-11-07T11:40:30.307047] [WARN] Queue size growing
[2025-11-07T11:40:30.307055] [DEBUG] Buffer size: 4096 bytes
[2025-11-07T11:40:30.307063] [DEBUG] Loop iteration: 15
[2025-11-07T11:40:30.307029] [INFO] Transaction completed
[2025-11-07T11:40:30.307042] [INFO] User logged in
[2025-11-07T11:40:30.307057] [DEBUG] Cache key generated
[2025-11-07T11:40:30.307048] [WARN] Disk space low
[2025-11-07T11:40:30.307060] [DEBUG] Buffer size: 4096 bytes
[2025-11-07T11:40:30.307023] [INFO] Request processed successfully
[2025-11-07T11:40:30.307045] [WARN] Timeout warning
[2025-11-07T11:40:30.307058] [DEBUG] Buffer size: 4096 bytes
[2025-11-07T11:40:30.307031] [INFO] Database query executed
[2025-11-07T11:40:30.307039] [INFO] Configuration loaded
[2025-11-07T11:40:30.307036] [INFO] User logged in
[2025-11-07T11:40:30.307027] [INFO] Service initialized
[2025-11-07T11:40:30.307022] [INFO] Database query executed
[2025-11-07T11:40:30.307034] [INFO] Request processed successfully
[2025-11-07T11:40:30.307043] [WARN] Slow query performance
[2025-11-07T11:40:30.307061] [DEBUG] Memory allocation: 2048 bytes
[2025-11-07T11:40:30.307041] [INFO] Transaction completed
[2025-11-07T11:40:30.307032] [INFO] Database query executed
[2025-11-07T11:40:30.307046] [WARN] Queue size growing
[2025-11-07T11:40:30.307037] [INFO] User logged in
[2025-11-07T11:40:30.307051] [ERROR] Service unavailable
[2025-11-07T11:40:30.307033] [INFO] Service initialized
[2025-11-07T11:40:30.307026] [INFO] Transaction completed
[2025-11-07T11:40:30.307050] [ERROR] File not found
[2025-11-07T11:40:30.307028] [INFO] Connection established
[2025-11-07T11:40:30.307025] [INFO] Health check passed
[2025-11-07T11:40:30.307053] [DEBUG] Entering function process_data()
[2025-11-07T11:40:30.307062] [DEBUG] Variable value: x=42
[2025-11-07T11:40:30.307035] [INFO] Service initialized
[2025-11-07T11:40:30.307054] [DEBUG] Memory allocation: 2048 bytes
[2025-11-07T11:40:30.307038] [INFO] Session started
