[2025-11-07T11:40:30.188364] [DEBUG] Entering function process_data()
[2025-11-07T11:40:30.188347] [INFO] Database query executed
[2025-11-07T11:40:30.188351] [WARN] Resource threshold approaching
[2025-11-07T11:40:30.188360] [DEBUG] Timer set: 30 seconds
[2025-11-07T11:40:30.188350] [WARN] Connection retry attempt
[2025-11-07T11:40:30.188352] [WARN] Connection retry attempt
[2025-11-07T11:40:30.188363] [DEBUG] Cache key generated
[2025-11-07T11:40:30.188348] [INFO] Connection established
[2025-11-07T11:40:30.188362] [DEBUG] Timer set: 30 seconds
[2025-11-07T11:40:30.188362] [DEBUG] Connection pool status checked
[2025-11-07T11:40:30.188358] [DEBUG] Loop iteration: 15
[2025-11-07T11:40:30.188339] [INFO] Service initialized
[2025-11-07T11:40:30.188345] [INFO] User logged in
[2025-11-07T11:40:30.188360] [DEBUG] Memory allocation: 2048 bytes
[2025-11-07T11:40:30.188349] [WARN] Deprecated API usage
[2025-11-07T11:40:30.188353] [WARN] High memory usage detected
[2025-11-07T11:40:30.188341] [INFO] Session started
[2025-11-07T11:40:30.188345] [INFO] Cache hit
[2025-11-07T11:40:30.188337] [INFO] User logged in
[2025-11-07T11:40:30.188336] [INFO] Request processed successfully
[2025-11-07T11:40:30.188334] [INFO] Connection established
[2025-11-07T11:40:30.188343] [INFO] Database query executed
[2025-11-07T11:40:30.188355] [ERROR] Disk read failed
[2025-11-07T11:40:30.188344] [INFO] Health check passed
[2025-11-07T11:40:30.188346] [INFO] Session started
[2025-11-07T11:40:30.188354] [WARN] Cache miss
[2025-11-07T11:40:30.188365] [DEBUG] Buffer size: 4096 bytes
[2025-11-07T11:40:30.188340] [INFO] Transaction completed
[2025-11-07T11:40:30.188338] [INFO] Transaction completed
[2025-11-07T11:40:30.188342] [INFO] Cache hit
[2025-11-07T11:40:30.188356] [ERROR] Invalid input data
[2025-11-07T11:40:30.188357] [DEBUG] Cache key generated
