[2025-11-07T11:40:29.860171] [INFO] Transaction completed
[2025-11-07T11:40:29.860179] [INFO] Database query executed
[2025-11-07T11:40:29.860187] [ERROR] Disk read failed
[2025-11-07T11:40:29.860184] [WARN] Rate limit approaching
[2025-11-07T11:40:29.860191] [DEBUG] Connection pool status checked
[2025-11-07T11:40:29.860183] [WARN] Cache miss
[2025-11-07T11:40:29.860181] [WARN] Cache miss
[2025-11-07T11:40:29.860176] [INFO] Request processed successfully
[2025-11-07T11:40:29.860168] [INFO] Configuration loaded
[2025-11-07T11:40:29.860166] [INFO] Health check passed
[2025-11-07T11:40:29.860194] [DEBUG] Buffer size: 4096 bytes
[2025-11-07T11:40:29.860193] [DEBUG] Entering function process_data()
[2025-11-07T11:40:29.860173] [INFO] Configuration loaded
[2025-11-07T11:40:29.860169] [INFO] Cache hit
[2025-11-07T11:40:29.860189] [ERROR] Authentication failed
[2025-11-07T11:40:29.860178] [INFO] User logged in
[2025-11-07T11:40:29.860172] [INFO] Session started
[2025-11-07T11:40:29.860196] [DEBUG] Memory allocation: 2048 bytes
[2025-11-07T11:40:29.860190] [DEBUG] Memory allocation: 2048 bytes
[2025-11-07T11:40:29.860197] [DEBUG] HTTP request headers parsed
[2025-11-07T11:40:29.860178] [INFO] Health check passed
[2025-11-07T11:40:29.860175] [INFO] Configuration loaded
[2025-11-07T11:40:29.860167] [INFO] Service initialized
[2025-11-07T11:40:29.860198] [DEBUG] Cache key generated
[2025-11-07T11:40:29.860195] [DEBUG] Cache key generated
[2025-11-07T11:40:29.860174] [INFO] Health check passed
[2025-11-07T11:40:29.860186] [WARN] Rate limit approaching
[2025-11-07T11:40:29.860192] [DEBUG] Buffer size: 4096 bytes
[2025-11-07T11:40:29.860182] [WARN] Deprecated API usage
[2025-11-07T11:40:29.860177] [INFO] Health check passed
