[2025-11-07T11:40:29.906039] [INFO] Database query executed
[2025-11-07T11:40:29.906032] [INFO] Cache hit
[2025-11-07T11:40:29.906038] [INFO] Cache hit
[2025-11-07T11:40:29.906051] [DEBUG] Cache key generated
[2025-11-07T11:40:29.906045] [WARN] Resource threshold approaching
[2025-11-07T11:40:29.906052] [DEBUG] Variable value: x=42
[2025-11-07T11:40:29.906048] [ERROR] File not found
[2025-11-07T11:40:29.906040] [INFO] Configuration loaded
[2025-11-07T11:40:29.906034] [INFO] User logged in
[2025-11-07T11:40:29.906033] [INFO] Health check passed
[2025-11-07T11:40:29.906042] [INFO] User logged in
[2025-11-07T11:40:29.906030] [INFO] User logged in
[2025-11-07T11:40:29.906054] [DEBUG] Variable value: x=42
[2025-11-07T11:40:29.906056] [DEBUG] Memory allocation: 2048 bytes
[2025-11-07T11:40:29.906036] [INFO] Session started
[2025-11-07T11:40:29.906050] [DEBUG] HTTP request headers parsed
[2025-11-07T11:40:29.906043] [WARN] Timeout warning
[2025-11-07T11:40:29.906055] [DEBUG] Connection pool status checked
[2025-11-07T11:40:29.906053] [DEBUG] Thread pool size: 8
[2025-11-07T11:40:29.906049] [DEBUG] Entering function process_data()
[2025-11-07T11:40:29.906037] [INFO] Service initialized
[2025-11-07T11:40:29.906047] [ERROR] Network timeout
[2025-11-07T11:40:29.906044] [WARN] Slow query performance
[2025-11-07T11:40:29.906035] [INFO] Transaction completed
[2025-11-07T11:40:29.906046] [WARN] Disk space low
[2025-11-07T11:40:29.906041] [INFO] User logged in
