[2025-11-07T11:40:29.771983] [INFO] Connection established
[2025-11-07T11:40:29.771991] [WARN] Deprecated API usage
[2025-11-07T11:40:29.771993] [ERROR] Network timeout
[2025-11-07T11:40:29.771987] [INFO] User logged in
[2025-11-07T11:40:29.771979] [INFO] Cache hit
[2025-11-07T11:40:29.771986] [INFO] User logged in
[2025-11-07T11:40:29.771998] [DEBUG] Thread pool size: 8
[2025-11-07T11:40:29.771989] [INFO] Session started
[2025-11-07T11:40:29.771977] [INFO] Health check passed
[2025-11-07T11:40:29.771981] [INFO] Health check passed
[2025-11-07T11:40:29.771994] [ERROR] Authentication failed
[2025-11-07T11:40:29.772003] [DEBUG] Connection pool status checked
[2025-11-07T11:40:29.771999] [DEBUG] Thread pool size: 8
[2025-11-07T11:40:29.772001] [DEBUG] Buffer size: 4096 bytes
[2025-11-07T11:40:29.771980] [INFO] Session started
[2025-11-07T11:40:29.771978] [INFO] Database query executed
[2025-11-07T11:40:29.772002] [DEBUG] Timer set: 30 seconds
[2025-11-07T11:40:29.771990] [INFO] Health check passed
[2025-11-07T11:40:29.771985] [INFO] Configuration loaded
[2025-11-07T11:40:29.771988] [INFO] Cache hit
[2025-11-07T11:40:29.771975] [INFO] Database query executed
[2025-11-07T11:40:29.772001] [DEBUG] Timer set: 30 seconds
[2025-11-07T11:40:29.771992] [WARN] Connection retry attempt
[2025-11-07T11:40:29.771995] [DEBUG] HTTP request headers parsed
[2025-11-07T11:40:29.771997] [DEBUG] Variable value: x=42
[2025-11-07T11:40:29.771976] [INFO] Service initialized
[2025-11-07T11:40:29.771982] [INFO] Transaction completed
[2025-11-07T11:40:29.771996] [DEBUG] Cache key generated
[2025-11-07T11:40:29.771984] [INFO] Connection established
