[2025-11-07T11:40:29.381736] [INFO] Cache hit
[2025-11-07T11:40:29.381760] [DEBUG] Thread pool size: 8
[2025-11-07T11:40:29.381751] [WARN] Cache miss
[2025-11-07T11:40:29.381734] [INFO] Database query executed
[2025-11-07T11:40:29.381757] [DEBUG] HTTP request headers parsed
[2025-11-07T11:40:29.381763] [DEBUG] Buffer size: 4096 bytes
[2025-11-07T11:40:29.381742] [INFO] Request processed successfully
[2025-11-07T11:40:29.381756] [DEBUG] Timer set: 30 seconds
[2025-11-07T11:40:29.381735] [INFO] Session started
[2025-11-07T11:40:29.381758] [DEBUG] Connection pool status checked
[2025-11-07T11:40:29.381759] [DEBUG] Connection pool status checked
[2025-11-07T11:40:29.381750] [WARN] Rate limit approaching
[2025-11-07T11:40:29.381762] [DEBUG] Buffer size: 4096 bytes
[2025-11-07T11:40:29.381749] [INFO] Database query executed
[2025-11-07T11:40:29.381744] [INFO] Service initialized
[2025-11-07T11:40:29.381754] [ERROR] Disk read failed
[2025-11-07T11:40:29.381745] [INFO] Request processed successfully
[2025-11-07T11:40:29.381748] [INFO] Service initialized
[2025-11-07T11:40:29.381747] [INFO] Health check passed
[2025-11-07T11:40:29.381740] [INFO] Connection established
[2025-11-07T11:40:29.381755] [DEBUG] Buffer size: 4096 bytes
[2025-11-07T11:40:29.381752] [WARN] Queue size growing
[2025-11-07T11:40:29.381753] [ERROR] Permission denied
[2025-11-07T11:40:29.381761] [DEBUG] Timer set: 30 seconds
[2025-11-07T11:40:29.381737] [INFO] Request processed successfully
[2025-11-07T11:40:29.381741] [INFO] Request processed successfully
[2025-11-07T11:40:29.381739] [INFO] User logged in
[2025-11-07T11:40:29.381738] [INFO] Database query executed
[2025-11-07T11:40:29.381743] [INFO] Request processed successfully
[2025-11-07T11:40:29.381746] [INFO] User logged in
