[2025-11-07T11:40:29.751619] [INFO] Configuration loaded
[2025-11-07T11:40:29.751631] [WARN] Timeout warning
[2025-11-07T11:40:29.751613] [INFO] Configuration loaded
[2025-11-07T11:40:29.751623] [INFO] Transaction completed
[2025-11-07T11:40:29.751618] [INFO] Session started
[2025-11-07T11:40:29.751620] [INFO] User logged in
[2025-11-07T11:40:29.751640] [DEBUG] Memory allocation: 2048 bytes
[2025-11-07T11:40:29.751627] [INFO] Cache hit
[2025-11-07T11:40:29.751635] [ERROR] File not found
[2025-11-07T11:40:29.751632] [WARN] Rate limit approaching
[2025-11-07T11:40:29.751626] [INFO] Request processed successfully
[2025-11-07T11:40:29.751629] [INFO] Transaction completed
[2025-11-07T11:40:29.751641] [DEBUG] Entering function process_data()
[2025-11-07T11:40:29.751639] [DEBUG] Variable value: x=42
[2025-11-07T11:40:29.751624] [INFO] Session started
[2025-11-07T11:40:29.751637] [DEBUG] Timer set: 30 seconds
[2025-11-07T11:40:29.751617] [INFO] Transaction completed
[2025-11-07T11:40:29.751628] [INFO] Database query executed
[2025-11-07T11:40:29.751621] [INFO] Connection established
[2025-11-07T11:40:29.751638] [DEBUG] Timer set: 30 seconds
[2025-11-07T11:40:29.751622] [INFO] Connection established
[2025-11-07T11:40:29.751634] [WARN] Queue size growing
[2025-11-07T11:40:29.751633] [WARN] Slow query performance
[2025-11-07T11:40:29.751625] [INFO] User logged in
[2025-11-07T11:40:29.751636] [DEBUG] Entering function process_data()
[2025-11-07T11:40:29.751642] [DEBUG] Variable value: x=42
[2025-11-07T11:40:29.751616] [INFO] Session started
[2025-11-07T11:40:29.751615] [INFO] Health check passed
[2025-11-07T11:40:29.751630] [WARN] Connection retry attempt
