[2025-11-07T11:40:29.974355] [INFO] Configuration loaded
[2025-11-07T11:40:29.974343] [INFO] Service initialized
[2025-11-07T11:40:29.974362] [WARN] Queue size growing
[2025-11-07T11:40:29.974371] [DEBUG] Variable value: x=42
[2025-11-07T11:40:29.974361] [WARN] Connection retry attempt
[2025-11-07T11:40:29.974359] [WARN] Queue size growing
[2025-11-07T11:40:29.974351] [INFO] Cache hit
[2025-11-07T11:40:29.974364] [ERROR] Service unavailable
[2025-11-07T11:40:29.974347] [INFO] Cache hit
[2025-11-07T11:40:29.974360] [WARN] High memory usage detected
[2025-11-07T11:40:29.974357] [INFO] Service initialized
[2025-11-07T11:40:29.974356] [INFO] Session started
[2025-11-07T11:40:29.974345] [INFO] Configuration loaded
[2025-11-07T11:40:29.974366] [DEBUG] Entering function process_data()
[2025-11-07T11:40:29.974369] [DEBUG] Connection pool status checked
[2025-11-07T11:40:29.974344] [INFO] User logged in
[2025-11-07T11:40:29.974353] [INFO] Health check passed
[2025-11-07T11:40:29.974342] [INFO] Connection established
[2025-11-07T11:40:29.974372] [DEBUG] Memory allocation: 2048 bytes
[2025-11-07T11:40:29.974349] [INFO] Health check passed
[2025-11-07T11:40:29.974341] [INFO] Service initialized
[2025-11-07T11:40:29.974358] [INFO] User logged in
[2025-11-07T11:40:29.974346] [INFO] Session started
[2025-11-07T11:40:29.974365] [DEBUG] Thread pool size: 8
[2025-11-07T11:40:29.974373] [DEBUG] Connection pool status checked
[2025-11-07T11:40:29.974370] [DEBUG] Cache key generated
[2025-11-07T11:40:29.974368] [DEBUG] Cache key generated
[2025-11-07T11:40:29.974350] [INFO] Health check passed
[2025-11-07T11:40:29.974367] [DEBUG] Memory allocation: 2048 bytes
[2025-11-07T11:40:29.974354] [INFO] Connection established
[2025-11-07T11:40:29.974352] [INFO] User logged in
[2025-11-07T11:40:29.974363] [ERROR] Network timeout
[2025-11-07T11:40:29.974348] [INFO] Request processed successfully
