[2025-11-07T11:40:29.397119] [DEBUG] Cache key generated
[2025-11-07T11:40:29.397120] [DEBUG] Timer set: 30 seconds
[2025-11-07T11:40:29.397090] [INFO] Database query executed
[2025-11-07T11:40:29.397113] [ERROR] File not found
[2025-11-07T11:40:29.397089] [INFO] User logged in
[2025-11-07T11:40:29.397116] [DEBUG] Thread pool size: 8
[2025-11-07T11:40:29.397103] [INFO] Health check passed
[2025-11-07T11:40:29.397092] [INFO] Connection established
[2025-11-07T11:40:29.397095] [INFO] Service initialized
[2025-11-07T11:40:29.397109] [WARN] Rate limit approaching
[2025-11-07T11:40:29.397105] [WARN] Timeout warning
[2025-11-07T11:40:29.397096] [INFO] Request processed successfully
[2025-11-07T11:40:29.397109] [WARN] Timeout warning
[2025-11-07T11:40:29.397106] [WARN] Slow query performance
[2025-11-07T11:40:29.397098] [INFO] Session started
[2025-11-07T11:40:29.397097] [INFO] Cache hit
[2025-11-07T11:40:29.397111] [WARN] Rate limit approaching
[2025-11-07T11:40:29.397091] [INFO] Service initialized
[2025-11-07T11:40:29.397123] [DEBUG] Variable value: x=42
[2025-11-07T11:40:29.397122] [DEBUG] Entering function process_data()
[2025-11-07T11:40:29.397118] [DEBUG] HTTP request headers parsed
[2025-11-07T11:40:29.397121] [DEBUG] Cache key generated
[2025-11-07T11:40:29.397108] [WARN] High memory usage detected
[2025-11-07T11:40:29.397094] [INFO] Request processed successfully
[2025-11-07T11:40:29.397100] [INFO] User logged in
[2025-11-07T11:40:29.397099] [INFO] Transaction completed
[2025-11-07T11:40:29.397093] [INFO] Request processed successfully
[2025-11-07T11:40:29.397102] [INFO] Configuration loaded
[2025-11-07T11:40:29.397117] [DEBUG] Cache key generated
[2025-11-07T11:40:29.397114] [DEBUG] Variable value: x=42
[2025-11-07T11:40:29.397107] [WARN] Connection retry attempt
[2025-11-07T11:40:29.397112] [ERROR] Request failed
[2025-11-07T11:40:29.397110] [WARN] Connection retry attempt
[2025-11-07T11:40:29.397101] [INFO] Health check passed
