[2025-11-07T11:40:30.057043] [DEBUG] Variable value: x=42
[2025-11-07T11:40:30.057039] [DEBUG] Connection pool status checked
[2025-11-07T11:40:30.057044] [DEBUG] Connection pool status checked
[2025-11-07T11:40:30.057027] [INFO] Service initialized
[2025-11-07T11:40:30.057030] [INFO] Session started
[2025-11-07T11:40:30.057029] [INFO] Session started
[2025-11-07T11:40:30.057036] [DEBUG] Thread pool size: 8
[2025-11-07T11:40:30.057042] [DEBUG] Timer set: 30 seconds
[2025-11-07T11:40:30.057025] [INFO] Service initialized
[2025-11-07T11:40:30.057031] [INFO] Service initialized
[2025-11-07T11:40:30.057038] [DEBUG] Buffer size: 4096 bytes
[2025-11-07T11:40:30.057035] [ERROR] Database connection lost
[2025-11-07T11:40:30.057028] [INFO] Request processed successfully
[2025-11-07T11:40:30.057017] [INFO] User logged in
[2025-11-07T11:40:30.057024] [INFO] Database query executed
[2025-11-07T11:40:30.057034] [ERROR] Network timeout
[2025-11-07T11:40:30.057020] [INFO] Health check passed
[2025-11-07T11:40:30.057032] [INFO] User logged in
[2025-11-07T11:40:30.057041] [DEBUG] Entering function process_data()
[2025-11-07T11:40:30.057023] [INFO] User logged in
[2025-11-07T11:40:30.057022] [INFO] Service initialized
[2025-11-07T11:40:30.057033] [WARN] Resource threshold approaching
[2025-11-07T11:40:30.057040] [DEBUG] Entering function process_data()
[2025-11-07T11:40:30.057021] [INFO] User logged in
[2025-11-07T11:40:30.057037] [DEBUG] Variable value: x=42
[2025-11-07T11:40:30.057026] [INFO] Service initialized
[2025-11-07T11:40:30.057019] [INFO] Database query executed
