[2025-11-07T11:40:29.670066] [DEBUG] Timer set: 30 seconds
[2025-11-07T11:40:29.670060] [WARN] Slow query performance
[2025-11-07T11:40:29.670052] [INFO] Transaction completed
[2025-11-07T11:40:29.670063] [WARN] Cache miss
[2025-11-07T11:40:29.670056] [INFO] Service initialized
[2025-11-07T11:40:29.670046] [INFO] Request processed successfully
[2025-11-07T11:40:29.670058] [WARN] Rate limit approaching
[2025-11-07T11:40:29.670065] [ERROR] Database connection lost
[2025-11-07T11:40:29.670073] [DEBUG] Connection pool status checked
[2025-11-07T11:40:29.670045] [INFO] Health check passed
[2025-11-07T11:40:29.670061] [WARN] Rate limit approaching
[2025-11-07T11:40:29.670071] [DEBUG] Thread pool size: 8
[2025-11-07T11:40:29.670048] [INFO] Connection established
[2025-11-07T11:40:29.670064] [WARN] Connection retry attempt
[2025-11-07T11:40:29.670067] [DEBUG] Thread pool size: 8
[2025-11-07T11:40:29.670049] [INFO] User logged in
[2025-11-07T11:40:29.670070] [DEBUG] HTTP request headers parsed
[2025-11-07T11:40:29.670057] [INFO] Connection established
[2025-11-07T11:40:29.670062] [WARN] Rate limit approaching
[2025-11-07T11:40:29.670072] [DEBUG] Loop iteration: 15
[2025-11-07T11:40:29.670055] [INFO] Session started
[2025-11-07T11:40:29.670059] [WARN] Rate limit approaching
[2025-11-07T11:40:29.670050] [INFO] Connection established
[2025-11-07T11:40:29.670047] [INFO] Database query executed
[2025-11-07T11:40:29.670054] [INFO] Request processed successfully
[2025-11-07T11:40:29.670069] [DEBUG] HTTP request headers parsed
[2025-11-07T11:40:29.670053] [INFO] Service initialized
[2025-11-07T11:40:29.670068] [DEBUG] Cache key generated
[2025-11-07T11:40:29.670051] [INFO] User logged in
