[2025-11-07T11:40:29.575727] [WARN] Cache miss
[2025-11-07T11:40:29.575728] [WARN] High memory usage detected
[2025-11-07T11:40:29.575734] [DEBUG] Timer set: 30 seconds
[2025-11-07T11:40:29.575723] [INFO] Cache hit
[2025-11-07T11:40:29.575714] [INFO] Configuration loaded
[2025-11-07T11:40:29.575715] [INFO] Connection established
[2025-11-07T11:40:29.575724] [INFO] Request processed successfully
[2025-11-07T11:40:29.575719] [INFO] Connection established
[2025-11-07T11:40:29.575732] [DEBUG] Entering function process_data()
[2025-11-07T11:40:29.575739] [DEBUG] Thread pool size: 8
[2025-11-07T11:40:29.575725] [INFO] Database query executed
[2025-11-07T11:40:29.575738] [DEBUG] Thread pool size: 8
[2025-11-07T11:40:29.575737] [DEBUG] HTTP request headers parsed
[2025-11-07T11:40:29.575717] [INFO] Request processed successfully
[2025-11-07T11:40:29.575733] [DEBUG] HTTP request headers parsed
[2025-11-07T11:40:29.575722] [INFO] Transaction completed
[2025-11-07T11:40:29.575716] [INFO] Request processed successfully
[2025-11-07T11:40:29.575713] [INFO] Transaction completed
[2025-11-07T11:40:29.575711] [INFO] Transaction completed
[2025-11-07T11:40:29.575720] [INFO] Request processed successfully
[2025-11-07T11:40:29.575729] [WARN] Timeout warning
[2025-11-07T11:40:29.575721] [INFO] Database query executed
[2025-11-07T11:40:29.575730] [ERROR] Invalid input data
[2025-11-07T11:40:29.575736] [DEBUG] Memory allocation: 2048 bytes
[2025-11-07T11:40:29.575712] [INFO] Request processed successfully
[2025-11-07T11:40:29.575731] [DEBUG] Buffer size: 4096 bytes
[2025-11-07T11:40:29.575718] [INFO] Request processed successfully
[2025-11-07T11:40:29.575726] [WARN] Cache miss
[2025-11-07T11:40:29.575735] [DEBUG] HTTP request headers parsed
