[2025-11-07T11:40:29.621138] [INFO] Service initialized
[2025-11-07T11:40:29.621144] [INFO] Service initialized
[2025-11-07T11:40:29.621127] [INFO] Configuration loaded
[2025-11-07T11:40:29.621125] [INFO] Request processed successfully
[2025-11-07T11:40:29.621152] [ERROR] Request failed
[2025-11-07T11:40:29.621123] [INFO] Database query executed
[2025-11-07T11:40:29.621155] [DEBUG] Memory allocation: 2048 bytes
[2025-11-07T11:40:29.621159] [DEBUG] Buffer size: 4096 bytes
[2025-11-07T11:40:29.621162] [DEBUG] HTTP request headers parsed
[2025-11-07T11:40:29.621147] [WARN] Cache miss
[2025-11-07T11:40:29.621160] [DEBUG] Loop iteration: 15
[2025-11-07T11:40:29.621140] [INFO] Service initialized
[2025-11-07T11:40:29.621142] [INFO] Service initialized
[2025-11-07T11:40:29.621128] [INFO] User logged in
[2025-11-07T11:40:29.621148] [WARN] Slow query performance
[2025-11-07T11:40:29.621158] [DEBUG] Timer set: 30 seconds
[2025-11-07T11:40:29.621161] [DEBUG] Timer set: 30 seconds
[2025-11-07T11:40:29.621143] [INFO] Connection established
[2025-11-07T11:40:29.621145] [WARN] Connection retry attempt
[2025-11-07T11:40:29.621139] [INFO] User logged in
[2025-11-07T11:40:29.621141] [INFO] Session started
[2025-11-07T11:40:29.621151] [WARN] Rate limit approaching
[2025-11-07T11:40:29.621121] [INFO] User logged in
[2025-11-07T11:40:29.621146] [WARN] Disk space low
[2025-11-07T11:40:29.621128] [INFO] Request processed successfully
[2025-11-07T11:40:29.621156] [DEBUG] Connection pool status checked
[2025-11-07T11:40:29.621154] [ERROR] Invalid input data
[2025-11-07T11:40:29.621126] [INFO] Transaction completed
[2025-11-07T11:40:29.621157] [DEBUG] Timer set: 30 seconds
[2025-11-07T11:40:29.621122] [INFO] Database query executed
[2025-11-07T11:40:29.621149] [WARN] Rate limit approaching
[2025-11-07T11:40:29.621153] [ERROR] Invalid input data
[2025-11-07T11:40:29.621150] [WARN] Cache miss
