[2025-11-07T11:40:29.607780] [INFO] Session started
[2025-11-07T11:40:29.607770] [INFO] Session started
[2025-11-07T11:40:29.607784] [INFO] User logged in
[2025-11-07T11:40:29.607779] [INFO] Cache hit
[2025-11-07T11:40:29.607778] [INFO] Configuration loaded
[2025-11-07T11:40:29.607796] [DEBUG] Cache key generated
[2025-11-07T11:40:29.607793] [WARN] Deprecated API usage
[2025-11-07T11:40:29.607789] [WARN] Slow query performance
[2025-11-07T11:40:29.607785] [INFO] Transaction completed
[2025-11-07T11:40:29.607766] [INFO] Session started
[2025-11-07T11:40:29.607801] [DEBUG] Timer set: 30 seconds
[2025-11-07T11:40:29.607786] [INFO] Session started
[2025-11-07T11:40:29.607774] [INFO] Connection established
[2025-11-07T11:40:29.607781] [INFO] Cache hit
[2025-11-07T11:40:29.607769] [INFO] Configuration loaded
[2025-11-07T11:40:29.607803] [DEBUG] Thread pool size: 8
[2025-11-07T11:40:29.607802] [DEBUG] Variable value: x=42
[2025-11-07T11:40:29.607790] [WARN] Deprecated API usage
[2025-11-07T11:40:29.607768] [INFO] Database query executed
[2025-11-07T11:40:29.607787] [INFO] Cache hit
[2025-11-07T11:40:29.607776] [INFO] User logged in
[2025-11-07T11:40:29.607799] [DEBUG] Timer set: 30 seconds
[2025-11-07T11:40:29.607771] [INFO] Session started
[2025-11-07T11:40:29.607798] [DEBUG] Cache key generated
[2025-11-07T11:40:29.607777] [INFO] User logged in
[2025-11-07T11:40:29.607800] [DEBUG] Timer set: 30 seconds
[2025-11-07T11:40:29.607791] [WARN] Resource threshold approaching
[2025-11-07T11:40:29.607782] [INFO] User logged in
[2025-11-07T11:40:29.607792] [WARN] Cache miss
[2025-11-07T11:40:29.607790] [WARN] Disk space low
[2025-11-07T11:40:29.607783] [INFO] Health check passed
[2025-11-07T11:40:29.607788] [INFO] Health check passed
[2025-11-07T11:40:29.607775] [INFO] Service initialized
[2025-11-07T11:40:29.607797] [DEBUG] Loop iteration: 15
[2025-11-07T11:40:29.607794] [ERROR] Invalid input data
[2025-11-07T11:40:29.607802] [DEBUG] Timer set: 30 seconds
[2025-11-07T11:40:29.607773] [INFO] Transaction completed
[2025-11-07T11:40:29.607772] [INFO] Cache hit
