[2025-11-07T11:40:30.153940] [WARN] Disk space low
[2025-11-07T11:40:30.153936] [INFO] Cache hit
[2025-11-07T11:40:30.153953] [DEBUG] Buffer size: 4096 bytes
[2025-11-07T11:40:30.153931] [INFO] Database query executed
[2025-11-07T11:40:30.153951] [DEBUG] HTTP request headers parsed
[2025-11-07T11:40:30.153930] [INFO] Request processed successfully
[2025-11-07T11:40:30.153952] [DEBUG] Entering function process_data()
[2025-11-07T11:40:30.153947] [DEBUG] Thread pool size: 8
[2025-11-07T11:40:30.153943] [WARN] Deprecated API usage
[2025-11-07T11:40:30.153948] [DEBUG] Thread pool size: 8
[2025-11-07T11:40:30.153932] [INFO] Session started
[2025-11-07T11:40:30.153950] [DEBUG] HTTP request headers parsed
[2025-11-07T11:40:30.153928] [INFO] Database query executed
[2025-11-07T11:40:30.153939] [INFO] Connection established
[2025-11-07T11:40:30.153942] [WARN] High memory usage detected
[2025-11-07T11:40:30.153949] [DEBUG] Memory allocation: 2048 bytes
[2025-11-07T11:40:30.153941] [WARN] Queue size growing
[2025-11-07T11:40:30.153945] [ERROR] Disk read failed
[2025-11-07T11:40:30.153927] [INFO] Transaction completed
[2025-11-07T11:40:30.153934] [INFO] Request processed successfully
[2025-11-07T11:40:30.153944] [WARN] Connection retry attempt
[2025-11-07T11:40:30.153933] [INFO] Connection established
[2025-11-07T11:40:30.153926] [INFO] Configuration loaded
[2025-11-07T11:40:30.153929] [INFO] Session started
[2025-11-07T11:40:30.153954] [DEBUG] HTTP request headers parsed
[2025-11-07T11:40:30.153937] [INFO] Cache hit
[2025-11-07T11:40:30.153938] [INFO] Service initialized
[2025-11-07T11:40:30.153946] [DEBUG] Variable value: x=42
[2025-11-07T11:40:30.153935] [INFO] User logged in
