[2025-11-07T11:40:30.125175] [INFO] Database query executed
[2025-11-07T11:40:30.125194] [DEBUG] Connection pool status checked
[2025-11-07T11:40:30.125177] [INFO] Service initialized
[2025-11-07T11:40:30.125192] [DEBUG] Memory allocation: 2048 bytes
[2025-11-07T11:40:30.125169] [INFO] Cache hit
[2025-11-07T11:40:30.125196] [DEBUG] Variable value: x=42
[2025-11-07T11:40:30.125181] [INFO] Connection established
[2025-11-07T11:40:30.125188] [DEBUG] Thread pool size: 8
[2025-11-07T11:40:30.125185] [WARN] Connection retry attempt
[2025-11-07T11:40:30.125191] [DEBUG] Memory allocation: 2048 bytes
[2025-11-07T11:40:30.125196] [DEBUG] Loop iteration: 15
[2025-11-07T11:40:30.125184] [WARN] Rate limit approaching
[2025-11-07T11:40:30.125178] [INFO] Request processed successfully
[2025-11-07T11:40:30.125172] [INFO] User logged in
[2025-11-07T11:40:30.125183] [WARN] Resource threshold approaching
[2025-11-07T11:40:30.125187] [ERROR] Memory allocation error
[2025-11-07T11:40:30.125176] [INFO] Health check passed
[2025-11-07T11:40:30.125193] [DEBUG] Buffer size: 4096 bytes
[2025-11-07T11:40:30.125189] [DEBUG] Thread pool size: 8
[2025-11-07T11:40:30.125174] [INFO] Database query executed
[2025-11-07T11:40:30.125173] [INFO] User logged in
[2025-11-07T11:40:30.125180] [INFO] Session started
[2025-11-07T11:40:30.125179] [INFO] Connection established
[2025-11-07T11:40:30.125171] [INFO] Request processed successfully
[2025-11-07T11:40:30.125190] [DEBUG] HTTP request headers parsed
[2025-11-07T11:40:30.125182] [WARN] Disk space low
[2025-11-07T11:40:30.125186] [WARN] Timeout warning
