[2025-11-07T11:40:29.755736] [INFO] Request processed successfully
[2025-11-07T11:40:29.755731] [INFO] Connection established
[2025-11-07T11:40:29.755726] [INFO] Health check passed
[2025-11-07T11:40:29.755729] [INFO] Cache hit
[2025-11-07T11:40:29.755738] [WARN] Disk space low
[2025-11-07T11:40:29.755744] [DEBUG] Loop iteration: 15
[2025-11-07T11:40:29.755742] [DEBUG] Thread pool size: 8
[2025-11-07T11:40:29.755732] [INFO] User logged in
[2025-11-07T11:40:29.755722] [INFO] Request processed successfully
[2025-11-07T11:40:29.755721] [INFO] Health check passed
[2025-11-07T11:40:29.755728] [INFO] User logged in
[2025-11-07T11:40:29.755723] [INFO] Database query executed
[2025-11-07T11:40:29.755734] [INFO] Connection established
[2025-11-07T11:40:29.755745] [DEBUG] Buffer size: 4096 bytes
[2025-11-07T11:40:29.755735] [INFO] Cache hit
[2025-11-07T11:40:29.755724] [INFO] Service initialized
[2025-11-07T11:40:29.755727] [INFO] Transaction completed
[2025-11-07T11:40:29.755733] [INFO] Transaction completed
[2025-11-07T11:40:29.755743] [DEBUG] Timer set: 30 seconds
[2025-11-07T11:40:29.755739] [ERROR] Memory allocation error
[2025-11-07T11:40:29.755725] [INFO] Transaction completed
[2025-11-07T11:40:29.755740] [ERROR] Memory allocation error
[2025-11-07T11:40:29.755737] [WARN] Resource threshold approaching
[2025-11-07T11:40:29.755720] [INFO] Health check passed
