[2025-11-07T11:40:29.704910] [WARN] Connection retry attempt
[2025-11-07T11:40:29.704918] [DEBUG] Cache key generated
[2025-11-07T11:40:29.704922] [DEBUG] Loop iteration: 15
[2025-11-07T11:40:29.704902] [INFO] Connection established
[2025-11-07T11:40:29.704908] [INFO] User logged in
[2025-11-07T11:40:29.704904] [INFO] Configuration loaded
[2025-11-07T11:40:29.704902] [INFO] Connection established
[2025-11-07T11:40:29.704913] [WARN] Deprecated API usage
[2025-11-07T11:40:29.704914] [WARN] Cache miss
[2025-11-07T11:40:29.704900] [INFO] Database query executed
[2025-11-07T11:40:29.704916] [DEBUG] Connection pool status checked
[2025-11-07T11:40:29.704897] [INFO] Database query executed
[2025-11-07T11:40:29.704907] [INFO] Session started
[2025-11-07T11:40:29.704911] [WARN] High memory usage detected
[2025-11-07T11:40:29.704905] [INFO] Request processed successfully
[2025-11-07T11:40:29.704912] [WARN] High memory usage detected
[2025-11-07T11:40:29.704909] [INFO] Configuration loaded
[2025-11-07T11:40:29.704917] [DEBUG] HTTP request headers parsed
[2025-11-07T11:40:29.704915] [ERROR] Service unavailable
[2025-11-07T11:40:29.704919] [DEBUG] Memory allocation: 2048 bytes
[2025-11-07T11:40:29.704921] [DEBUG] Buffer size: 4096 bytes
[2025-11-07T11:40:29.704923] [DEBUG] Entering function process_data()
[2025-11-07T11:40:29.704898] [INFO] Configuration loaded
[2025-11-07T11:40:29.704899] [INFO] Service initialized
[2025-11-07T11:40:29.704920] [DEBUG] Timer set: 30 seconds
[2025-11-07T11:40:29.704906] [INFO] Session started
[2025-11-07T11:40:29.704896] [INFO] Session started
