[2025-11-07T11:40:30.297708] [DEBUG] Buffer size: 4096 bytes
[2025-11-07T11:40:30.297713] [DEBUG] Thread pool size: 8
[2025-11-07T11:40:30.297711] [DEBUG] Entering function process_data()
[2025-11-07T11:40:30.297712] [DEBUG] Cache key generated
[2025-11-07T11:40:30.297694] [INFO] Health check passed
[2025-11-07T11:40:30.297695] [INFO] Transaction completed
[2025-11-07T11:40:30.297692] [INFO] Health check passed
[2025-11-07T11:40:30.297687] [INFO] Connection established
[2025-11-07T11:40:30.297698] [WARN] High memory usage detected
[2025-11-07T11:40:30.297681] [INFO] Health check passed
[2025-11-07T11:40:30.297710] [DEBUG] Thread pool size: 8
[2025-11-07T11:40:30.297707] [DEBUG] Connection pool status checked
[2025-11-07T11:40:30.297682] [INFO] Service initialized
[2025-11-07T11:40:30.297708] [DEBUG] Buffer size: 4096 bytes
[2025-11-07T11:40:30.297695] [INFO] Configuration loaded
[2025-11-07T11:40:30.297709] [DEBUG] Memory allocation: 2048 bytes
[2025-11-07T11:40:30.297684] [INFO] Session started
[2025-11-07T11:40:30.297700] [WARN] Connection retry attempt
[2025-11-07T11:40:30.297686] [INFO] Request processed successfully
[2025-11-07T11:40:30.297689] [INFO] Transaction completed
[2025-11-07T11:40:30.297703] [ERROR] Disk read failed
[2025-11-07T11:40:30.297699] [WARN] Cache miss
[2025-11-07T11:40:30.297693] [INFO] Connection established
[2025-11-07T11:40:30.297697] [INFO] Health check passed
[2025-11-07T11:40:30.297690] [INFO] Configuration loaded
[2025-11-07T11:40:30.297688] [INFO] Cache hit
[2025-11-07T11:40:30.297705] [ERROR] Memory allocation error
[2025-11-07T11:40:30.297714] [DEBUG] Connection pool status checked
[2025-11-07T11:40:30.297702] [WARN] Disk space low
[2025-11-07T11:40:30.297704] [ERROR] Permission denied
[2025-11-07T11:40:30.297685] [INFO] Health check passed
[2025-11-07T11:40:30.297696] [INFO] Service initialized
[2025-11-07T11:40:30.297691] [INFO] Connection established
[2025-11-07T11:40:30.297701] [WARN] Cache miss
