[2025-11-07T11:40:30.204454] [INFO] Cache hit
[2025-11-07T11:40:30.204471] [DEBUG] Thread pool size: 8
[2025-11-07T11:40:30.204465] [ERROR] Disk read failed
[2025-11-07T11:40:30.204462] [WARN] Timeout warning
[2025-11-07T11:40:30.204474] [DEBUG] Cache key generated
[2025-11-07T11:40:30.204461] [WARN] Disk space low
[2025-11-07T11:40:30.204450] [INFO] Transaction completed
[2025-11-07T11:40:30.204464] [ERROR] File not found
[2025-11-07T11:40:30.204472] [DEBUG] Timer set: 30 seconds
[2025-11-07T11:40:30.204453] [INFO] Service initialized
[2025-11-07T11:40:30.204469] [DEBUG] Buffer size: 4096 bytes
[2025-11-07T11:40:30.204473] [DEBUG] Timer set: 30 seconds
[2025-11-07T11:40:30.204452] [INFO] Transaction completed
[2025-11-07T11:40:30.204460] [WARN] Timeout warning
[2025-11-07T11:40:30.204455] [INFO] Configuration loaded
[2025-11-07T11:40:30.204457] [INFO] Configuration loaded
[2025-11-07T11:40:30.204444] [INFO] Connection established
[2025-11-07T11:40:30.204470] [DEBUG] Loop iteration: 15
[2025-11-07T11:40:30.204448] [INFO] Request processed successfully
[2025-11-07T11:40:30.204468] [DEBUG] Memory allocation: 2048 bytes
[2025-11-07T11:40:30.204475] [DEBUG] Thread pool size: 8
[2025-11-07T11:40:30.204449] [INFO] Database query executed
[2025-11-07T11:40:30.204445] [INFO] Database query executed
[2025-11-07T11:40:30.204459] [INFO] Request processed successfully
[2025-11-07T11:40:30.204451] [INFO] Service initialized
[2025-11-07T11:40:30.204467] [DEBUG] Variable value: x=42
[2025-11-07T11:40:30.204458] [INFO] User logged in
[2025-11-07T11:40:30.204446] [INFO] User logged in
[2025-11-07T11:40:30.204463] [WARN] Queue size growing
[2025-11-07T11:40:30.204466] [ERROR] Authentication failed
[2025-11-07T11:40:30.204456] [INFO] Database query executed
