[2025-11-07T11:40:30.106848] [DEBUG] Cache key generated
[2025-11-07T11:40:30.106841] [WARN] High memory usage detected
[2025-11-07T11:40:30.106831] [INFO] Request processed successfully
[2025-11-07T11:40:30.106838] [INFO] Service initialized
[2025-11-07T11:40:30.106828] [INFO] User logged in
[2025-11-07T11:40:30.106850] [DEBUG] Loop iteration: 15
[2025-11-07T11:40:30.106851] [DEBUG] Loop iteration: 15
[2025-11-07T11:40:30.106833] [INFO] Transaction completed
[2025-11-07T11:40:30.106839] [INFO] Configuration loaded
[2025-11-07T11:40:30.106829] [INFO] Service initialized
[2025-11-07T11:40:30.106835] [INFO] Request processed successfully
[2025-11-07T11:40:30.106844] [DEBUG] Connection pool status checked
[2025-11-07T11:40:30.106826] [INFO] Configuration loaded
[2025-11-07T11:40:30.106849] [DEBUG] Variable value: x=42
[2025-11-07T11:40:30.106832] [INFO] Session started
[2025-11-07T11:40:30.106834] [INFO] Transaction completed
[2025-11-07T11:40:30.106847] [DEBUG] Connection pool status checked
[2025-11-07T11:40:30.106843] [DEBUG] Thread pool size: 8
[2025-11-07T11:40:30.106837] [INFO] Cache hit
[2025-11-07T11:40:30.106830] [INFO] Configuration loaded
[2025-11-07T11:40:30.106825] [INFO] Request processed successfully
[2025-11-07T11:40:30.106836] [INFO] Connection established
[2025-11-07T11:40:30.106842] [ERROR] Disk read failed
[2025-11-07T11:40:30.106845] [DEBUG] HTTP request headers parsed
[2025-11-07T11:40:30.106846] [DEBUG] Cache key generated
[2025-11-07T11:40:30.106840] [INFO] Session started
