[2025-11-07T11:40:30.207869] [INFO] Database query executed
[2025-11-07T11:40:30.207864] [INFO] Transaction completed
[2025-11-07T11:40:30.207885] [DEBUG] Connection pool status checked
[2025-11-07T11:40:30.207882] [DEBUG] HTTP request headers parsed
[2025-11-07T11:40:30.207866] [INFO] Request processed successfully
[2025-11-07T11:40:30.207860] [INFO] Configuration loaded
[2025-11-07T11:40:30.207883] [DEBUG] Cache key generated
[2025-11-07T11:40:30.207891] [DEBUG] Buffer size: 4096 bytes
[2025-11-07T11:40:30.207867] [INFO] Configuration loaded
[2025-11-07T11:40:30.207889] [DEBUG] Entering function process_data()
[2025-11-07T11:40:30.207863] [INFO] Health check passed
[2025-11-07T11:40:30.207874] [WARN] Resource threshold approaching
[2025-11-07T11:40:30.207875] [WARN] Rate limit approaching
[2025-11-07T11:40:30.207881] [ERROR] Permission denied
[2025-11-07T11:40:30.207887] [DEBUG] Entering function process_data()
[2025-11-07T11:40:30.207884] [DEBUG] Memory allocation: 2048 bytes
[2025-11-07T11:40:30.207868] [INFO] Transaction completed
[2025-11-07T11:40:30.207870] [INFO] Cache hit
[2025-11-07T11:40:30.207877] [WARN] High memory usage detected
[2025-11-07T11:40:30.207880] [ERROR] Database connection lost
[2025-11-07T11:40:30.207858] [INFO] Connection established
[2025-11-07T11:40:30.207879] [ERROR] Invalid input data
[2025-11-07T11:40:30.207876] [WARN] Deprecated API usage
[2025-11-07T11:40:30.207871] [INFO] Connection established
[2025-11-07T11:40:30.207878] [WARN] Timeout warning
[2025-11-07T11:40:30.207872] [INFO] Database query executed
[2025-11-07T11:40:30.207890] [DEBUG] Cache key generated
[2025-11-07T11:40:30.207886] [DEBUG] Variable value: x=42
[2025-11-07T11:40:30.207862] [INFO] User logged in
[2025-11-07T11:40:30.207873] [INFO] Request processed successfully
[2025-11-07T11:40:30.207861] [INFO] Transaction completed
[2025-11-07T11:40:30.207888] [DEBUG] Connection pool status checked
[2025-11-07T11:40:30.207865] [INFO] Service initialized
