[2025-11-07T11:40:30.328197] [DEBUG] Memory allocation: 2048 bytes
[2025-11-07T11:40:30.328178] [INFO] Request processed successfully
[2025-11-07T11:40:30.328193] [DEBUG] Loop iteration: 15
[2025-11-07T11:40:30.328189] [WARN] Deprecated API usage
[2025-11-07T11:40:30.328195] [DEBUG] Thread pool size: 8
[2025-11-07T11:40:30.328167] [INFO] User logged in
[2025-11-07T11:40:30.328187] [WARN] Queue size growing
[2025-11-07T11:40:30.328179] [INFO] User logged in
[2025-11-07T11:40:30.328176] [INFO] User logged in
[2025-11-07T11:40:30.328191] [ERROR] Permission denied
[2025-11-07T11:40:30.328181] [INFO] Cache hit
[2025-11-07T11:40:30.328190] [ERROR] Permission denied
[2025-11-07T11:40:30.328182] [INFO] Transaction completed
[2025-11-07T11:40:30.328162] [INFO] Configuration loaded
[2025-11-07T11:40:30.328166] [INFO] Session started
[2025-11-07T11:40:30.328192] [DEBUG] Variable value: x=42
[2025-11-07T11:40:30.328183] [INFO] User logged in
[2025-11-07T11:40:30.328186] [WARN] Deprecated API usage
[2025-11-07T11:40:30.328194] [DEBUG] Memory allocation: 2048 bytes
[2025-11-07T11:40:30.328199] [DEBUG] HTTP request headers parsed
[2025-11-07T11:40:30.328185] [INFO] Configuration loaded
[2025-11-07T11:40:30.328198] [DEBUG] Thread pool size: 8
[2025-11-07T11:40:30.328177] [INFO] Connection established
[2025-11-07T11:40:30.328184] [INFO] Configuration loaded
[2025-11-07T11:40:30.328188] [WARN] High memory usage detected
[2025-11-07T11:40:30.328200] [DEBUG] Timer set: 30 seconds
[2025-11-07T11:40:30.328196] [DEBUG] Entering function process_data()
[2025-11-07T11:40:30.328163] [INFO] Health check passed
[2025-11-07T11:40:30.328165] [INFO] Cache hit
[2025-11-07T11:40:30.328180] [INFO] Configuration loaded
