[2025-11-07T11:40:29.532542] [ERROR] Invalid input data
[2025-11-07T11:40:29.532524] [INFO] User logged in
[2025-11-07T11:40:29.532545] [DEBUG] Thread pool size: 8
[2025-11-07T11:40:29.532536] [INFO] Configuration loaded
[2025-11-07T11:40:29.532550] [DEBUG] Connection pool status checked
[2025-11-07T11:40:29.532549] [DEBUG] Memory allocation: 2048 bytes
[2025-11-07T11:40:29.532526] [INFO] Database query executed
[2025-11-07T11:40:29.532528] [INFO] Request processed successfully
[2025-11-07T11:40:29.532543] [DEBUG] Memory allocation: 2048 bytes
[2025-11-07T11:40:29.532539] [WARN] High memory usage detected
[2025-11-07T11:40:29.532544] [DEBUG] Variable value: x=42
[2025-11-07T11:40:29.532548] [DEBUG] Memory allocation: 2048 bytes
[2025-11-07T11:40:29.532527] [INFO] Request processed successfully
[2025-11-07T11:40:29.532533] [INFO] Health check passed
[2025-11-07T11:40:29.532530] [INFO] Health check passed
[2025-11-07T11:40:29.532546] [DEBUG] Entering function process_data()
[2025-11-07T11:40:29.532529] [INFO] Health check passed
[2025-11-07T11:40:29.532535] [INFO] User logged in
[2025-11-07T11:40:29.532541] [WARN] Queue size growing
[2025-11-07T11:40:29.532532] [INFO] Cache hit
[2025-11-07T11:40:29.532531] [INFO] Cache hit
[2025-11-07T11:40:29.532538] [WARN] Cache miss
[2025-11-07T11:40:29.532534] [INFO] Database query executed
[2025-11-07T11:40:29.532540] [WARN] Disk space low
[2025-11-07T11:40:29.532533] [INFO] Connection established
[2025-11-07T11:40:29.532537] [WARN] Disk space low
[2025-11-07T11:40:29.532547] [DEBUG] Loop iteration: 15
