[2025-11-07T11:40:30.275685] [INFO] Cache hit
[2025-11-07T11:40:30.275696] [WARN] Cache miss
[2025-11-07T11:40:30.275682] [INFO] Database query executed
[2025-11-07T11:40:30.275689] [INFO] Transaction completed
[2025-11-07T11:40:30.275702] [DEBUG] Memory allocation: 2048 bytes
[2025-11-07T11:40:30.275693] [WARN] Deprecated API usage
[2025-11-07T11:40:30.275699] [DEBUG] Connection pool status checked
[2025-11-07T11:40:30.275680] [INFO] Health check passed
[2025-11-07T11:40:30.275705] [DEBUG] Connection pool status checked
[2025-11-07T11:40:30.275701] [DEBUG] Connection pool status checked
[2025-11-07T11:40:30.275694] [WARN] Deprecated API usage
[2025-11-07T11:40:30.275684] [INFO] Transaction completed
[2025-11-07T11:40:30.275679] [INFO] Health check passed
[2025-11-07T11:40:30.275703] [DEBUG] Buffer size: 4096 bytes
[2025-11-07T11:40:30.275700] [DEBUG] Loop iteration: 15
[2025-11-07T11:40:30.275687] [INFO] Connection established
[2025-11-07T11:40:30.275706] [DEBUG] Timer set: 30 seconds
[2025-11-07T11:40:30.275692] [INFO] Connection established
[2025-11-07T11:40:30.275690] [INFO] Cache hit
[2025-11-07T11:40:30.275688] [INFO] Cache hit
[2025-11-07T11:40:30.275704] [DEBUG] Memory allocation: 2048 bytes
[2025-11-07T11:40:30.275677] [INFO] User logged in
[2025-11-07T11:40:30.275686] [INFO] Request processed successfully
[2025-11-07T11:40:30.275684] [INFO] Health check passed
[2025-11-07T11:40:30.275691] [INFO] Database query executed
[2025-11-07T11:40:30.275683] [INFO] Connection established
[2025-11-07T11:40:30.275695] [WARN] Slow query performance
[2025-11-07T11:40:30.275697] [ERROR] Database connection lost
[2025-11-07T11:40:30.275698] [ERROR] Authentication failed
[2025-11-07T11:40:30.275678] [INFO] Connection established
