[2025-11-07T11:40:29.434370] [DEBUG] Entering function process_data()
[2025-11-07T11:40:29.434359] [INFO] Database query executed
[2025-11-07T11:40:29.434346] [INFO] Transaction completed
[2025-11-07T11:40:29.434363] [WARN] Connection retry attempt
[2025-11-07T11:40:29.434362] [WARN] Deprecated API usage
[2025-11-07T11:40:29.434344] [INFO] Cache hit
[2025-11-07T11:40:29.434368] [DEBUG] Timer set: 30 seconds
[2025-11-07T11:40:29.434345] [INFO] User logged in
[2025-11-07T11:40:29.434352] [INFO] Request processed successfully
[2025-11-07T11:40:29.434343] [INFO] User logged in
[2025-11-07T11:40:29.434358] [INFO] Connection established
[2025-11-07T11:40:29.434356] [INFO] Request processed successfully
[2025-11-07T11:40:29.434353] [INFO] User logged in
[2025-11-07T11:40:29.434361] [WARN] Resource threshold approaching
[2025-11-07T11:40:29.434373] [DEBUG] HTTP request headers parsed
[2025-11-07T11:40:29.434347] [INFO] Transaction completed
[2025-11-07T11:40:29.434351] [INFO] Database query executed
[2025-11-07T11:40:29.434366] [ERROR] File not found
[2025-11-07T11:40:29.434371] [DEBUG] HTTP request headers parsed
[2025-11-07T11:40:29.434350] [INFO] Session started
[2025-11-07T11:40:29.434341] [INFO] Request processed successfully
[2025-11-07T11:40:29.434364] [WARN] Queue size growing
[2025-11-07T11:40:29.434376] [DEBUG] Thread pool size: 8
[2025-11-07T11:40:29.434367] [ERROR] Disk read failed
[2025-11-07T11:40:29.434374] [DEBUG] Buffer size: 4096 bytes
[2025-11-07T11:40:29.434375] [DEBUG] Memory allocation: 2048 bytes
[2025-11-07T11:40:29.434348] [INFO] Health check passed
[2025-11-07T11:40:29.434365] [WARN] Cache miss
[2025-11-07T11:40:29.434372] [DEBUG] Entering function process_data()
[2025-11-07T11:40:29.434349] [INFO] Service initialized
[2025-11-07T11:40:29.434355] [INFO] Database query executed
[2025-11-07T11:40:29.434377] [DEBUG] Variable value: x=42
[2025-11-07T11:40:29.434369] [DEBUG] Loop iteration: 15
[2025-11-07T11:40:29.434360] [INFO] Request processed successfully
[2025-11-07T11:40:29.434354] [INFO] Service initialized
[2025-11-07T11:40:29.434357] [INFO] Health check passed
