[2025-11-07T11:40:30.343273] [ERROR] File not found
[2025-11-07T11:40:30.343275] [DEBUG] Loop iteration: 15
[2025-11-07T11:40:30.343269] [WARN] Resource threshold approaching
[2025-11-07T11:40:30.343260] [INFO] Configuration loaded
[2025-11-07T11:40:30.343249] [INFO] Connection established
[2025-11-07T11:40:30.343266] [INFO] Request processed successfully
[2025-11-07T11:40:30.343246] [INFO] Database query executed
[2025-11-07T11:40:30.343268] [WARN] Queue size growing
[2025-11-07T11:40:30.343265] [INFO] Configuration loaded
[2025-11-07T11:40:30.343244] [INFO] Health check passed
[2025-11-07T11:40:30.343277] [DEBUG] Thread pool size: 8
[2025-11-07T11:40:30.343279] [DEBUG] Cache key generated
[2025-11-07T11:40:30.343261] [INFO] User logged in
[2025-11-07T11:40:30.343276] [DEBUG] Cache key generated
[2025-11-07T11:40:30.343243] [INFO] Connection established
[2025-11-07T11:40:30.343240] [INFO] Session started
[2025-11-07T11:40:30.343267] [WARN] Rate limit approaching
[2025-11-07T11:40:30.343245] [INFO] Configuration loaded
[2025-11-07T11:40:30.343271] [ERROR] File not found
[2025-11-07T11:40:30.343280] [DEBUG] Thread pool size: 8
[2025-11-07T11:40:30.343278] [DEBUG] Buffer size: 4096 bytes
[2025-11-07T11:40:30.343247] [INFO] Service initialized
[2025-11-07T11:40:30.343242] [INFO] Service initialized
[2025-11-07T11:40:30.343274] [ERROR] File not found
[2025-11-07T11:40:30.343264] [INFO] Connection established
[2025-11-07T11:40:30.343283] [DEBUG] HTTP request headers parsed
[2025-11-07T11:40:30.343281] [DEBUG] Thread pool size: 8
[2025-11-07T11:40:30.343282] [DEBUG] Cache key generated
[2025-11-07T11:40:30.343263] [INFO] Session started
[2025-11-07T11:40:30.343248] [INFO] Health check passed
[2025-11-07T11:40:30.343270] [WARN] Connection retry attempt
