[2025-11-07T11:40:30.178165] [INFO] Request processed successfully
[2025-11-07T11:40:30.178184] [DEBUG] Loop iteration: 15
[2025-11-07T11:40:30.178160] [INFO] Health check passed
[2025-11-07T11:40:30.178176] [WARN] Resource threshold approaching
[2025-11-07T11:40:30.178173] [WARN] Queue size growing
[2025-11-07T11:40:30.178159] [INFO] Session started
[2025-11-07T11:40:30.178164] [INFO] Cache hit
[2025-11-07T11:40:30.178168] [WARN] Disk space low
[2025-11-07T11:40:30.178143] [INFO] Database query executed
[2025-11-07T11:40:30.178158] [INFO] User logged in
[2025-11-07T11:40:30.178180] [ERROR] Authentication failed
[2025-11-07T11:40:30.178169] [WARN] Rate limit approaching
[2025-11-07T11:40:30.178162] [INFO] User logged in
[2025-11-07T11:40:30.178161] [INFO] Configuration loaded
[2025-11-07T11:40:30.178170] [WARN] Timeout warning
[2025-11-07T11:40:30.178177] [WARN] Queue size growing
[2025-11-07T11:40:30.178181] [ERROR] File not found
[2025-11-07T11:40:30.178172] [WARN] Resource threshold approaching
[2025-11-07T11:40:30.178189] [DEBUG] Memory allocation: 2048 bytes
[2025-11-07T11:40:30.178174] [WARN] Timeout warning
[2025-11-07T11:40:30.178175] [WARN] Slow query performance
[2025-11-07T11:40:30.178163] [INFO] Request processed successfully
[2025-11-07T11:40:30.178185] [DEBUG] Connection pool status checked
[2025-11-07T11:40:30.178178] [WARN] Timeout warning
[2025-11-07T11:40:30.178171] [WARN] Deprecated API usage
[2025-11-07T11:40:30.178142] [INFO] Database query executed
[2025-11-07T11:40:30.178186] [DEBUG] Connection pool status checked
[2025-11-07T11:40:30.178156] [INFO] Health check passed
[2025-11-07T11:40:30.178141] [INFO] Transaction completed
[2025-11-07T11:40:30.178167] [INFO] Health check passed
[2025-11-07T11:40:30.178188] [DEBUG] Thread pool size: 8
[2025-11-07T11:40:30.178166] [INFO] Request processed successfully
[2025-11-07T11:40:30.178183] [DEBUG] Variable value: x=42
[2025-11-07T11:40:30.178188] [DEBUG] Variable value: x=42
[2025-11-07T11:40:30.178157] [INFO] Cache hit
[2025-11-07T11:40:30.178182] [DEBUG] Entering function process_data()
[2025-11-07T11:40:30.178179] [ERROR] Database connection lost
[2025-11-07T11:40:30.178187] [DEBUG] Memory allocation: 2048 bytes
