[2025-11-07T11:40:30.097585] [INFO] Service initialized
[2025-11-07T11:40:30.097595] [INFO] Request processed successfully
[2025-11-07T11:40:30.097584] [INFO] Transaction completed
[2025-11-07T11:40:30.097587] [INFO] Session started
[2025-11-07T11:40:30.097589] [INFO] Transaction completed
[2025-11-07T11:40:30.097603] [DEBUG] HTTP request headers parsed
[2025-11-07T11:40:30.097607] [DEBUG] HTTP request headers parsed
[2025-11-07T11:40:30.097596] [WARN] Timeout warning
[2025-11-07T11:40:30.097594] [INFO] Cache hit
[2025-11-07T11:40:30.097598] [WARN] High memory usage detected
[2025-11-07T11:40:30.097586] [INFO] User logged in
[2025-11-07T11:40:30.097599] [WARN] Cache miss
[2025-11-07T11:40:30.097582] [INFO] Health check passed
[2025-11-07T11:40:30.097602] [ERROR] File not found
[2025-11-07T11:40:30.097597] [WARN] Slow query performance
[2025-11-07T11:40:30.097604] [DEBUG] Variable value: x=42
[2025-11-07T11:40:30.097605] [DEBUG] Connection pool status checked
[2025-11-07T11:40:30.097600] [WARN] Disk space low
[2025-11-07T11:40:30.097580] [INFO] Connection established
[2025-11-07T11:40:30.097592] [INFO] User logged in
[2025-11-07T11:40:30.097588] [INFO] Session started
[2025-11-07T11:40:30.097593] [INFO] Connection established
[2025-11-07T11:40:30.097590] [INFO] Database query executed
[2025-11-07T11:40:30.097591] [INFO] Database query executed
[2025-11-07T11:40:30.097583] [INFO] Request processed successfully
[2025-11-07T11:40:30.097606] [DEBUG] Thread pool size: 8
