[2025-11-07T11:40:29.812080] [INFO] Session started
[2025-11-07T11:40:29.812088] [INFO] Connection established
[2025-11-07T11:40:29.812092] [WARN] Resource threshold approaching
[2025-11-07T11:40:29.812083] [INFO] Service initialized
[2025-11-07T11:40:29.812074] [INFO] Configuration loaded
[2025-11-07T11:40:29.812105] [DEBUG] Loop iteration: 15
[2025-11-07T11:40:29.812106] [DEBUG] Timer set: 30 seconds
[2025-11-07T11:40:29.812089] [INFO] Transaction completed
[2025-11-07T11:40:29.812097] [DEBUG] Timer set: 30 seconds
[2025-11-07T11:40:29.812094] [WARN] Slow query performance
[2025-11-07T11:40:29.812090] [INFO] Health check passed
[2025-11-07T11:40:29.812102] [DEBUG] Variable value: x=42
[2025-11-07T11:40:29.812084] [INFO] Database query executed
[2025-11-07T11:40:29.812079] [INFO] Health check passed
[2025-11-07T11:40:29.812101] [DEBUG] Buffer size: 4096 bytes
[2025-11-07T11:40:29.812098] [DEBUG] Connection pool status checked
[2025-11-07T11:40:29.812082] [INFO] Transaction completed
[2025-11-07T11:40:29.812085] [INFO] Health check passed
[2025-11-07T11:40:29.812104] [DEBUG] Entering function process_data()
[2025-11-07T11:40:29.812087] [INFO] Request processed successfully
[2025-11-07T11:40:29.812103] [DEBUG] Buffer size: 4096 bytes
[2025-11-07T11:40:29.812077] [INFO] Session started
[2025-11-07T11:40:29.812086] [INFO] Database query executed
[2025-11-07T11:40:29.812078] [INFO] Cache hit
[2025-11-07T11:40:29.812096] [ERROR] Invalid input data
[2025-11-07T11:40:29.812081] [INFO] Session started
[2025-11-07T11:40:29.812099] [DEBUG] Entering function process_data()
[2025-11-07T11:40:29.812095] [WARN] Queue size growing
[2025-11-07T11:40:29.812093] [WARN] Deprecated API usage
[2025-11-07T11:40:29.812076] [INFO] Session started
