[2025-11-07T11:40:29.582572] [INFO] Cache hit
[2025-11-07T11:40:29.582581] [WARN] Rate limit approaching
[2025-11-07T11:40:29.582592] [DEBUG] HTTP request headers parsed
[2025-11-07T11:40:29.582570] [INFO] Health check passed
[2025-11-07T11:40:29.582590] [DEBUG] Timer set: 30 seconds
[2025-11-07T11:40:29.582565] [INFO] Connection established
[2025-11-07T11:40:29.582582] [WARN] Cache miss
[2025-11-07T11:40:29.582569] [INFO] Health check passed
[2025-11-07T11:40:29.582566] [INFO] Transaction completed
[2025-11-07T11:40:29.582595] [DEBUG] Connection pool status checked
[2025-11-07T11:40:29.582594] [DEBUG] Entering function process_data()
[2025-11-07T11:40:29.582593] [DEBUG] Buffer size: 4096 bytes
[2025-11-07T11:40:29.582587] [DEBUG] Connection pool status checked
[2025-11-07T11:40:29.582575] [INFO] Transaction completed
[2025-11-07T11:40:29.582588] [DEBUG] Cache key generated
[2025-11-07T11:40:29.582571] [INFO] Database query executed
[2025-11-07T11:40:29.582578] [INFO] Database query executed
[2025-11-07T11:40:29.582591] [DEBUG] Connection pool status checked
[2025-11-07T11:40:29.582577] [INFO] Transaction completed
[2025-11-07T11:40:29.582589] [DEBUG] Variable value: x=42
[2025-11-07T11:40:29.582579] [INFO] Request processed successfully
[2025-11-07T11:40:29.582580] [WARN] Cache miss
[2025-11-07T11:40:29.582576] [INFO] Session started
[2025-11-07T11:40:29.582583] [WARN] Disk space low
[2025-11-07T11:40:29.582585] [ERROR] Disk read failed
[2025-11-07T11:40:29.582573] [INFO] Configuration loaded
[2025-11-07T11:40:29.582568] [INFO] User logged in
[2025-11-07T11:40:29.582584] [WARN] High memory usage detected
[2025-11-07T11:40:29.582574] [INFO] Request processed successfully
[2025-11-07T11:40:29.582567] [INFO] Connection established
