[2025-11-07T11:40:30.309499] [INFO] Connection established
[2025-11-07T11:40:30.309508] [INFO] Transaction completed
[2025-11-07T11:40:30.309501] [INFO] Request processed successfully
[2025-11-07T11:40:30.309520] [DEBUG] Connection pool status checked
[2025-11-07T11:40:30.309505] [INFO] Request processed successfully
[2025-11-07T11:40:30.309509] [INFO] Connection established
[2025-11-07T11:40:30.309521] [DEBUG] Variable value: x=42
[2025-11-07T11:40:30.309510] [INFO] Connection established
[2025-11-07T11:40:30.309517] [WARN] Resource threshold approaching
[2025-11-07T11:40:30.309516] [WARN] High memory usage detected
[2025-11-07T11:40:30.309523] [DEBUG] Entering function process_data()
[2025-11-07T11:40:30.309502] [INFO] User logged in
[2025-11-07T11:40:30.309512] [INFO] Cache hit
[2025-11-07T11:40:30.309503] [INFO] Cache hit
[2025-11-07T11:40:30.309524] [DEBUG] HTTP request headers parsed
[2025-11-07T11:40:30.309504] [INFO] Database query executed
[2025-11-07T11:40:30.309525] [DEBUG] Memory allocation: 2048 bytes
[2025-11-07T11:40:30.309500] [INFO] Service initialized
[2025-11-07T11:40:30.309514] [WARN] Slow query performance
[2025-11-07T11:40:30.309522] [DEBUG] HTTP request headers parsed
[2025-11-07T11:40:30.309527] [DEBUG] Memory allocation: 2048 bytes
[2025-11-07T11:40:30.309507] [INFO] Request processed successfully
[2025-11-07T11:40:30.309506] [INFO] Connection established
[2025-11-07T11:40:30.309513] [INFO] Configuration loaded
[2025-11-07T11:40:30.309515] [WARN] Rate limit approaching
[2025-11-07T11:40:30.309518] [ERROR] Disk read failed
[2025-11-07T11:40:30.309519] [DEBUG] Buffer size: 4096 bytes
[2025-11-07T11:40:30.309526] [DEBUG] Entering function process_data()
[2025-11-07T11:40:30.309511] [INFO] Database query executed
