[2025-11-07T11:40:30.317122] [INFO] User logged in
[2025-11-07T11:40:30.317103] [INFO] Request processed successfully
[2025-11-07T11:40:30.317126] [INFO] Service initialized
[2025-11-07T11:40:30.317104] [INFO] Transaction completed
[2025-11-07T11:40:30.317108] [INFO] Connection established
[2025-11-07T11:40:30.317153] [ERROR] Request failed
[2025-11-07T11:40:30.317157] [DEBUG] Thread pool size: 8
[2025-11-07T11:40:30.317129] [INFO] Connection established
[2025-11-07T11:40:30.317128] [INFO] Session started
[2025-11-07T11:40:30.317131] [INFO] Request processed successfully
[2025-11-07T11:40:30.317127] [INFO] Cache hit
[2025-11-07T11:40:30.317158] [DEBUG] Loop iteration: 15
[2025-11-07T11:40:30.317147] [WARN] Resource threshold approaching
[2025-11-07T11:40:30.317148] [WARN] Slow query performance
[2025-11-07T11:40:30.317160] [DEBUG] Buffer size: 4096 bytes
[2025-11-07T11:40:30.317123] [INFO] Request processed successfully
[2025-11-07T11:40:30.317162] [DEBUG] Cache key generated
[2025-11-07T11:40:30.317155] [ERROR] Memory allocation error
[2025-11-07T11:40:30.317161] [DEBUG] Buffer size: 4096 bytes
[2025-11-07T11:40:30.317106] [INFO] Database query executed
[2025-11-07T11:40:30.317154] [ERROR] Permission denied
[2025-11-07T11:40:30.317156] [DEBUG] Cache key generated
[2025-11-07T11:40:30.317151] [ERROR] Network timeout
[2025-11-07T11:40:30.317163] [DEBUG] Entering function process_data()
[2025-11-07T11:40:30.317134] [WARN] Deprecated API usage
[2025-11-07T11:40:30.317149] [WARN] Deprecated API usage
[2025-11-07T11:40:30.317150] [WARN] Deprecated API usage
[2025-11-07T11:40:30.317105] [INFO] Database query executed
[2025-11-07T11:40:30.317109] [INFO] Request processed successfully
[2025-11-07T11:40:30.317133] [INFO] Request processed successfully
[2025-11-07T11:40:30.317132] [INFO] Database query executed
[2025-11-07T11:40:30.317130] [INFO] Cache hit
[2025-11-07T11:40:30.317107] [INFO] Session started
[2025-11-07T11:40:30.317145] [WARN] Connection retry attempt
[2025-11-07T11:40:30.317125] [INFO] Configuration loaded
[2025-11-07T11:40:30.317159] [DEBUG] Buffer size: 4096 bytes
