[2025-11-07T11:40:30.145602] [DEBUG] Memory allocation: 2048 bytes
[2025-11-07T11:40:30.145600] [DEBUG] Cache key generated
[2025-11-07T11:40:30.145605] [DEBUG] Cache key generated
[2025-11-07T11:40:30.145601] [DEBUG] Loop iteration: 15
[2025-11-07T11:40:30.145599] [DEBUG] Variable value: x=42
[2025-11-07T11:40:30.145587] [INFO] Request processed successfully
[2025-11-07T11:40:30.145581] [INFO] Connection established
[2025-11-07T11:40:30.145590] [INFO] Service initialized
[2025-11-07T11:40:30.145595] [WARN] Rate limit approaching
[2025-11-07T11:40:30.145586] [INFO] Service initialized
[2025-11-07T11:40:30.145585] [INFO] Transaction completed
[2025-11-07T11:40:30.145579] [INFO] Connection established
[2025-11-07T11:40:30.145583] [INFO] User logged in
[2025-11-07T11:40:30.145597] [ERROR] File not found
[2025-11-07T11:40:30.145594] [WARN] Deprecated API usage
[2025-11-07T11:40:30.145582] [INFO] Request processed successfully
[2025-11-07T11:40:30.145580] [INFO] Request processed successfully
[2025-11-07T11:40:30.145591] [WARN] Timeout warning
[2025-11-07T11:40:30.145592] [WARN] Disk space low
[2025-11-07T11:40:30.145589] [INFO] Session started
[2025-11-07T11:40:30.145606] [DEBUG] Loop iteration: 15
[2025-11-07T11:40:30.145596] [ERROR] Request failed
[2025-11-07T11:40:30.145578] [INFO] Cache hit
[2025-11-07T11:40:30.145598] [ERROR] Disk read failed
[2025-11-07T11:40:30.145577] [INFO] Request processed successfully
[2025-11-07T11:40:30.145575] [INFO] User logged in
[2025-11-07T11:40:30.145603] [DEBUG] HTTP request headers parsed
[2025-11-07T11:40:30.145604] [DEBUG] Memory allocation: 2048 bytes
[2025-11-07T11:40:30.145588] [INFO] User logged in
[2025-11-07T11:40:30.145584] [INFO] Service initialized
