[2025-11-07T11:40:29.521251] [ERROR] Authentication failed
[2025-11-07T11:40:29.521260] [DEBUG] HTTP request headers parsed
[2025-11-07T11:40:29.521258] [DEBUG] Buffer size: 4096 bytes
[2025-11-07T11:40:29.521259] [DEBUG] Thread pool size: 8
[2025-11-07T11:40:29.521257] [DEBUG] Variable value: x=42
[2025-11-07T11:40:29.521229] [INFO] Service initialized
[2025-11-07T11:40:29.521256] [DEBUG] Buffer size: 4096 bytes
[2025-11-07T11:40:29.521234] [INFO] User logged in
[2025-11-07T11:40:29.521248] [WARN] Disk space low
[2025-11-07T11:40:29.521237] [INFO] Database query executed
[2025-11-07T11:40:29.521247] [WARN] Deprecated API usage
[2025-11-07T11:40:29.521238] [INFO] Service initialized
[2025-11-07T11:40:29.521239] [INFO] Health check passed
[2025-11-07T11:40:29.521246] [WARN] Deprecated API usage
[2025-11-07T11:40:29.521235] [INFO] Session started
[2025-11-07T11:40:29.521254] [DEBUG] Cache key generated
[2025-11-07T11:40:29.521232] [INFO] Connection established
[2025-11-07T11:40:29.521243] [INFO] User logged in
[2025-11-07T11:40:29.521250] [WARN] Deprecated API usage
[2025-11-07T11:40:29.521236] [INFO] Session started
[2025-11-07T11:40:29.521241] [INFO] Cache hit
[2025-11-07T11:40:29.521244] [INFO] Transaction completed
[2025-11-07T11:40:29.521242] [INFO] Configuration loaded
[2025-11-07T11:40:29.521240] [INFO] Session started
[2025-11-07T11:40:29.521249] [WARN] High memory usage detected
[2025-11-07T11:40:29.521261] [DEBUG] Thread pool size: 8
[2025-11-07T11:40:29.521245] [INFO] Cache hit
[2025-11-07T11:40:29.521252] [ERROR] Network timeout
[2025-11-07T11:40:29.521255] [DEBUG] HTTP request headers parsed
[2025-11-07T11:40:29.521230] [INFO] Health check passed
[2025-11-07T11:40:29.521233] [INFO] Session started
