[2025-11-07T11:40:29.983646] [INFO] Database query executed
[2025-11-07T11:40:29.983672] [DEBUG] Entering function process_data()
[2025-11-07T11:40:29.983664] [ERROR] Memory allocation error
[2025-11-07T11:40:29.983658] [INFO] Request processed successfully
[2025-11-07T11:40:29.983657] [INFO] Database query executed
[2025-11-07T11:40:29.983647] [INFO] Request processed successfully
[2025-11-07T11:40:29.983676] [DEBUG] Entering function process_data()
[2025-11-07T11:40:29.983660] [WARN] Cache miss
[2025-11-07T11:40:29.983648] [INFO] Request processed successfully
[2025-11-07T11:40:29.983656] [INFO] Session started
[2025-11-07T11:40:29.983663] [ERROR] Database connection lost
[2025-11-07T11:40:29.983673] [DEBUG] Memory allocation: 2048 bytes
[2025-11-07T11:40:29.983666] [DEBUG] Entering function process_data()
[2025-11-07T11:40:29.983655] [INFO] Session started
[2025-11-07T11:40:29.983651] [INFO] Configuration loaded
[2025-11-07T11:40:29.983643] [INFO] Service initialized
[2025-11-07T11:40:29.983650] [INFO] Configuration loaded
[2025-11-07T11:40:29.983652] [INFO] Connection established
[2025-11-07T11:40:29.983670] [DEBUG] HTTP request headers parsed
[2025-11-07T11:40:29.983661] [WARN] Rate limit approaching
[2025-11-07T11:40:29.983649] [INFO] Configuration loaded
[2025-11-07T11:40:29.983667] [DEBUG] Entering function process_data()
[2025-11-07T11:40:29.983659] [WARN] Deprecated API usage
[2025-11-07T11:40:29.983653] [INFO] Session started
[2025-11-07T11:40:29.983671] [DEBUG] Cache key generated
[2025-11-07T11:40:29.983645] [INFO] Health check passed
[2025-11-07T11:40:29.983669] [DEBUG] HTTP request headers parsed
[2025-11-07T11:40:29.983675] [DEBUG] Thread pool size: 8
[2025-11-07T11:40:29.983654] [INFO] Configuration loaded
[2025-11-07T11:40:29.983662] [WARN] Rate limit approaching
[2025-11-07T11:40:29.983674] [DEBUG] Buffer size: 4096 bytes
[2025-11-07T11:40:29.983677] [DEBUG] Thread pool size: 8
[2025-11-07T11:40:29.983668] [DEBUG] Buffer size: 4096 bytes
