[2025-11-07T11:40:30.240676] [INFO] Health check passed
[2025-11-07T11:40:30.240691] [WARN] Deprecated API usage
[2025-11-07T11:40:30.240677] [INFO] Transaction completed
[2025-11-07T11:40:30.240687] [INFO] Connection established
[2025-11-07T11:40:30.240703] [DEBUG] Thread pool size: 8
[2025-11-07T11:40:30.240675] [INFO] Service initialized
[2025-11-07T11:40:30.240699] [DEBUG] Cache key generated
[2025-11-07T11:40:30.240686] [INFO] User logged in
[2025-11-07T11:40:30.240684] [INFO] Session started
[2025-11-07T11:40:30.240693] [ERROR] Invalid input data
[2025-11-07T11:40:30.240700] [DEBUG] Thread pool size: 8
[2025-11-07T11:40:30.240702] [DEBUG] Buffer size: 4096 bytes
[2025-11-07T11:40:30.240681] [INFO] User logged in
[2025-11-07T11:40:30.240696] [DEBUG] Variable value: x=42
[2025-11-07T11:40:30.240701] [DEBUG] Entering function process_data()
[2025-11-07T11:40:30.240682] [INFO] Request processed successfully
[2025-11-07T11:40:30.240683] [INFO] Health check passed
[2025-11-07T11:40:30.240695] [DEBUG] Memory allocation: 2048 bytes
[2025-11-07T11:40:30.240697] [DEBUG] HTTP request headers parsed
[2025-11-07T11:40:30.240689] [INFO] Request processed successfully
[2025-11-07T11:40:30.240679] [INFO] Health check passed
[2025-11-07T11:40:30.240685] [INFO] Transaction completed
[2025-11-07T11:40:30.240680] [INFO] Connection established
[2025-11-07T11:40:30.240694] [ERROR] Disk read failed
[2025-11-07T11:40:30.240704] [DEBUG] Timer set: 30 seconds
[2025-11-07T11:40:30.240698] [DEBUG] Buffer size: 4096 bytes
[2025-11-07T11:40:30.240688] [INFO] Configuration loaded
[2025-11-07T11:40:30.240678] [INFO] Session started
[2025-11-07T11:40:30.240692] [WARN] Deprecated API usage
