[2025-11-07T11:40:30.304891] [INFO] Service initialized
[2025-11-07T11:40:30.304892] [INFO] Transaction completed
[2025-11-07T11:40:30.304896] [WARN] Disk space low
[2025-11-07T11:40:30.304878] [INFO] Session started
[2025-11-07T11:40:30.304899] [ERROR] Memory allocation error
[2025-11-07T11:40:30.304884] [INFO] Service initialized
[2025-11-07T11:40:30.304882] [INFO] Configuration loaded
[2025-11-07T11:40:30.304881] [INFO] Cache hit
[2025-11-07T11:40:30.304893] [INFO] Cache hit
[2025-11-07T11:40:30.304903] [DEBUG] Cache key generated
[2025-11-07T11:40:30.304895] [WARN] Timeout warning
[2025-11-07T11:40:30.304886] [INFO] Configuration loaded
[2025-11-07T11:40:30.304894] [INFO] Health check passed
[2025-11-07T11:40:30.304897] [WARN] Rate limit approaching
[2025-11-07T11:40:30.304898] [WARN] Timeout warning
[2025-11-07T11:40:30.304890] [INFO] Connection established
[2025-11-07T11:40:30.304883] [INFO] Cache hit
[2025-11-07T11:40:30.304889] [INFO] Configuration loaded
[2025-11-07T11:40:30.304886] [INFO] Health check passed
[2025-11-07T11:40:30.304905] [DEBUG] Memory allocation: 2048 bytes
[2025-11-07T11:40:30.304902] [DEBUG] Thread pool size: 8
[2025-11-07T11:40:30.304887] [INFO] Health check passed
[2025-11-07T11:40:30.304904] [DEBUG] Loop iteration: 15
[2025-11-07T11:40:30.304885] [INFO] Cache hit
[2025-11-07T11:40:30.304900] [DEBUG] Timer set: 30 seconds
[2025-11-07T11:40:30.304880] [INFO] Configuration loaded
[2025-11-07T11:40:30.304888] [INFO] Connection established
[2025-11-07T11:40:30.304901] [DEBUG] Loop iteration: 15
