[2025-11-07T11:40:30.115832] [DEBUG] Entering function process_data()
[2025-11-07T11:40:30.115828] [ERROR] Permission denied
[2025-11-07T11:40:30.115810] [INFO] Session started
[2025-11-07T11:40:30.115809] [INFO] Service initialized
[2025-11-07T11:40:30.115822] [INFO] Health check passed
[2025-11-07T11:40:30.115833] [DEBUG] Thread pool size: 8
[2025-11-07T11:40:30.115811] [INFO] Transaction completed
[2025-11-07T11:40:30.115816] [INFO] Configuration loaded
[2025-11-07T11:40:30.115829] [ERROR] Network timeout
[2025-11-07T11:40:30.115820] [INFO] Connection established
[2025-11-07T11:40:30.115813] [INFO] Service initialized
[2025-11-07T11:40:30.115827] [WARN] Timeout warning
[2025-11-07T11:40:30.115821] [INFO] Health check passed
[2025-11-07T11:40:30.115823] [INFO] Configuration loaded
[2025-11-07T11:40:30.115835] [DEBUG] Memory allocation: 2048 bytes
[2025-11-07T11:40:30.115808] [INFO] Transaction completed
[2025-11-07T11:40:30.115815] [INFO] Session started
[2025-11-07T11:40:30.115819] [INFO] Configuration loaded
[2025-11-07T11:40:30.115837] [DEBUG] Memory allocation: 2048 bytes
[2025-11-07T11:40:30.115814] [INFO] Transaction completed
[2025-11-07T11:40:30.115812] [INFO] Database query executed
[2025-11-07T11:40:30.115817] [INFO] Service initialized
[2025-11-07T11:40:30.115834] [DEBUG] Entering function process_data()
[2025-11-07T11:40:30.115824] [INFO] Transaction completed
[2025-11-07T11:40:30.115826] [WARN] High memory usage detected
[2025-11-07T11:40:30.115825] [WARN] Deprecated API usage
[2025-11-07T11:40:30.115831] [DEBUG] Entering function process_data()
[2025-11-07T11:40:30.115830] [DEBUG] Connection pool status checked
[2025-11-07T11:40:30.115837] [DEBUG] Buffer size: 4096 bytes
[2025-11-07T11:40:30.115838] [DEBUG] Timer set: 30 seconds
