[2025-11-07T11:40:30.301222] [DEBUG] Entering function process_data()
[2025-11-07T11:40:30.301198] [INFO] User logged in
[2025-11-07T11:40:30.301220] [DEBUG] Memory allocation: 2048 bytes
[2025-11-07T11:40:30.301209] [WARN] Timeout warning
[2025-11-07T11:40:30.301195] [INFO] Transaction completed
[2025-11-07T11:40:30.301206] [INFO] Health check passed
[2025-11-07T11:40:30.301200] [INFO] Configuration loaded
[2025-11-07T11:40:30.301219] [DEBUG] Buffer size: 4096 bytes
[2025-11-07T11:40:30.301224] [DEBUG] Buffer size: 4096 bytes
[2025-11-07T11:40:30.301212] [WARN] Resource threshold approaching
[2025-11-07T11:40:30.301203] [INFO] User logged in
[2025-11-07T11:40:30.301205] [INFO] User logged in
[2025-11-07T11:40:30.301214] [WARN] Slow query performance
[2025-11-07T11:40:30.301225] [DEBUG] Entering function process_data()
[2025-11-07T11:40:30.301215] [WARN] Slow query performance
[2025-11-07T11:40:30.301201] [INFO] Cache hit
[2025-11-07T11:40:30.301217] [ERROR] Service unavailable
[2025-11-07T11:40:30.301218] [DEBUG] Cache key generated
[2025-11-07T11:40:30.301208] [WARN] Slow query performance
[2025-11-07T11:40:30.301196] [INFO] Cache hit
[2025-11-07T11:40:30.301216] [WARN] Connection retry attempt
[2025-11-07T11:40:30.301223] [DEBUG] Timer set: 30 seconds
[2025-11-07T11:40:30.301213] [WARN] Cache miss
[2025-11-07T11:40:30.301204] [INFO] Transaction completed
[2025-11-07T11:40:30.301221] [DEBUG] Variable value: x=42
[2025-11-07T11:40:30.301202] [INFO] Session started
[2025-11-07T11:40:30.301197] [INFO] Connection established
[2025-11-07T11:40:30.301211] [WARN] Rate limit approaching
[2025-11-07T11:40:30.301199] [INFO] Health check passed
[2025-11-07T11:40:30.301193] [INFO] Connection established
[2025-11-07T11:40:30.301207] [INFO] Connection established
[2025-11-07T11:40:30.301194] [INFO] Service initialized
