[2025-11-07T11:40:29.951266] [WARN] Connection retry attempt
[2025-11-07T11:40:29.951257] [INFO] User logged in
[2025-11-07T11:40:29.951260] [INFO] Connection established
[2025-11-07T11:40:29.951272] [DEBUG] Thread pool size: 8
[2025-11-07T11:40:29.951239] [INFO] User logged in
[2025-11-07T11:40:29.951256] [INFO] Session started
[2025-11-07T11:40:29.951259] [INFO] Request processed successfully
[2025-11-07T11:40:29.951246] [INFO] Database query executed
[2025-11-07T11:40:29.951271] [DEBUG] Memory allocation: 2048 bytes
[2025-11-07T11:40:29.951255] [INFO] Connection established
[2025-11-07T11:40:29.951243] [INFO] Database query executed
[2025-11-07T11:40:29.951242] [INFO] Health check passed
[2025-11-07T11:40:29.951245] [INFO] Configuration loaded
[2025-11-07T11:40:29.951258] [INFO] User logged in
[2025-11-07T11:40:29.951244] [INFO] Session started
[2025-11-07T11:40:29.951273] [DEBUG] Loop iteration: 15
[2025-11-07T11:40:29.951241] [INFO] Connection established
[2025-11-07T11:40:29.951267] [ERROR] Service unavailable
[2025-11-07T11:40:29.951265] [WARN] Cache miss
[2025-11-07T11:40:29.951264] [WARN] Queue size growing
[2025-11-07T11:40:29.951270] [DEBUG] Entering function process_data()
[2025-11-07T11:40:29.951262] [WARN] Disk space low
[2025-11-07T11:40:29.951247] [INFO] Health check passed
[2025-11-07T11:40:29.951263] [WARN] Connection retry attempt
[2025-11-07T11:40:29.951254] [INFO] Database query executed
[2025-11-07T11:40:29.951268] [DEBUG] Entering function process_data()
[2025-11-07T11:40:29.951269] [DEBUG] Cache key generated
