[2025-11-07T11:40:29.534032] [INFO] Database query executed
[2025-11-07T11:40:29.534040] [INFO] Health check passed
[2025-11-07T11:40:29.534028] [INFO] Service initialized
[2025-11-07T11:40:29.534045] [WARN] Slow query performance
[2025-11-07T11:40:29.534036] [INFO] User logged in
[2025-11-07T11:40:29.534041] [INFO] Session started
[2025-11-07T11:40:29.534047] [WARN] Disk space low
[2025-11-07T11:40:29.534039] [INFO] Service initialized
[2025-11-07T11:40:29.534030] [INFO] Configuration loaded
[2025-11-07T11:40:29.534050] [DEBUG] Entering function process_data()
[2025-11-07T11:40:29.534055] [DEBUG] Variable value: x=42
[2025-11-07T11:40:29.534029] [INFO] Health check passed
[2025-11-07T11:40:29.534046] [WARN] Connection retry attempt
[2025-11-07T11:40:29.534031] [INFO] Session started
[2025-11-07T11:40:29.534026] [INFO] Configuration loaded
[2025-11-07T11:40:29.534035] [INFO] Service initialized
[2025-11-07T11:40:29.534056] [DEBUG] Timer set: 30 seconds
[2025-11-07T11:40:29.534049] [ERROR] Permission denied
[2025-11-07T11:40:29.534033] [INFO] Service initialized
[2025-11-07T11:40:29.534037] [INFO] Health check passed
[2025-11-07T11:40:29.534051] [DEBUG] HTTP request headers parsed
[2025-11-07T11:40:29.534025] [INFO] Database query executed
[2025-11-07T11:40:29.534034] [INFO] Request processed successfully
[2025-11-07T11:40:29.534054] [DEBUG] Cache key generated
[2025-11-07T11:40:29.534027] [INFO] Database query executed
[2025-11-07T11:40:29.534058] [DEBUG] Entering function process_data()
[2025-11-07T11:40:29.534044] [WARN] Deprecated API usage
[2025-11-07T11:40:29.534057] [DEBUG] Thread pool size: 8
[2025-11-07T11:40:29.534038] [INFO] Health check passed
[2025-11-07T11:40:29.534052] [DEBUG] Connection pool status checked
[2025-11-07T11:40:29.534053] [DEBUG] HTTP request headers parsed
[2025-11-07T11:40:29.534042] [WARN] Rate limit approaching
[2025-11-07T11:40:29.534048] [ERROR] File not found
