[2025-11-07T11:40:29.531735] [DEBUG] Buffer size: 4096 bytes
[2025-11-07T11:40:29.531729] [WARN] High memory usage detected
[2025-11-07T11:40:29.531732] [ERROR] Memory allocation error
[2025-11-07T11:40:29.531722] [INFO] Transaction completed
[2025-11-07T11:40:29.531718] [INFO] Connection established
[2025-11-07T11:40:29.531731] [ERROR] File not found
[2025-11-07T11:40:29.531736] [DEBUG] Timer set: 30 seconds
[2025-11-07T11:40:29.531738] [DEBUG] Buffer size: 4096 bytes
[2025-11-07T11:40:29.531712] [INFO] Configuration loaded
[2025-11-07T11:40:29.531733] [DEBUG] Thread pool size: 8
[2025-11-07T11:40:29.531730] [WARN] Connection retry attempt
[2025-11-07T11:40:29.531720] [INFO] Transaction completed
[2025-11-07T11:40:29.531728] [WARN] Rate limit approaching
[2025-11-07T11:40:29.531719] [INFO] Database query executed
[2025-11-07T11:40:29.531737] [DEBUG] Buffer size: 4096 bytes
[2025-11-07T11:40:29.531714] [INFO] Request processed successfully
[2025-11-07T11:40:29.531715] [INFO] Cache hit
[2025-11-07T11:40:29.531711] [INFO] Configuration loaded
[2025-11-07T11:40:29.531713] [INFO] Connection established
[2025-11-07T11:40:29.531721] [INFO] Session started
[2025-11-07T11:40:29.531727] [INFO] Service initialized
[2025-11-07T11:40:29.531730] [WARN] Resource threshold approaching
[2025-11-07T11:40:29.531724] [INFO] Cache hit
[2025-11-07T11:40:29.531734] [DEBUG] Buffer size: 4096 bytes
[2025-11-07T11:40:29.531723] [INFO] User logged in
[2025-11-07T11:40:29.531717] [INFO] Cache hit
[2025-11-07T11:40:29.531725] [INFO] Database query executed
[2025-11-07T11:40:29.531716] [INFO] Connection established
[2025-11-07T11:40:29.531726] [INFO] Connection established
