[2025-11-07T11:40:29.667334] [INFO] Configuration loaded
[2025-11-07T11:40:29.667339] [WARN] High memory usage detected
[2025-11-07T11:40:29.667347] [DEBUG] Loop iteration: 15
[2025-11-07T11:40:29.667330] [INFO] Transaction completed
[2025-11-07T11:40:29.667350] [DEBUG] Buffer size: 4096 bytes
[2025-11-07T11:40:29.667325] [INFO] Connection established
[2025-11-07T11:40:29.667322] [INFO] User logged in
[2025-11-07T11:40:29.667331] [INFO] Database query executed
[2025-11-07T11:40:29.667349] [DEBUG] HTTP request headers parsed
[2025-11-07T11:40:29.667327] [INFO] Connection established
[2025-11-07T11:40:29.667348] [DEBUG] Cache key generated
[2025-11-07T11:40:29.667335] [INFO] User logged in
[2025-11-07T11:40:29.667329] [INFO] Connection established
[2025-11-07T11:40:29.667328] [INFO] Transaction completed
[2025-11-07T11:40:29.667336] [WARN] Queue size growing
[2025-11-07T11:40:29.667338] [WARN] Deprecated API usage
[2025-11-07T11:40:29.667337] [WARN] Connection retry attempt
[2025-11-07T11:40:29.667333] [INFO] Session started
[2025-11-07T11:40:29.667332] [INFO] Transaction completed
[2025-11-07T11:40:29.667341] [ERROR] Invalid input data
[2025-11-07T11:40:29.667340] [WARN] Deprecated API usage
[2025-11-07T11:40:29.667324] [INFO] Session started
[2025-11-07T11:40:29.667351] [DEBUG] Memory allocation: 2048 bytes
[2025-11-07T11:40:29.667323] [INFO] Request processed successfully
[2025-11-07T11:40:29.667342] [ERROR] Authentication failed
[2025-11-07T11:40:29.667320] [INFO] Request processed successfully
[2025-11-07T11:40:29.667344] [DEBUG] Thread pool size: 8
[2025-11-07T11:40:29.667343] [DEBUG] Timer set: 30 seconds
[2025-11-07T11:40:29.667326] [INFO] Connection established
[2025-11-07T11:40:29.667346] [DEBUG] Entering function process_data()
[2025-11-07T11:40:29.667345] [DEBUG] Entering function process_data()
