[2025-11-07T11:40:29.709497] [ERROR] Database connection lost
[2025-11-07T11:40:29.709499] [DEBUG] Cache key generated
[2025-11-07T11:40:29.709484] [INFO] Database query executed
[2025-11-07T11:40:29.709505] [DEBUG] Memory allocation: 2048 bytes
[2025-11-07T11:40:29.709503] [DEBUG] Entering function process_data()
[2025-11-07T11:40:29.709478] [INFO] Session started
[2025-11-07T11:40:29.709507] [DEBUG] Timer set: 30 seconds
[2025-11-07T11:40:29.709476] [INFO] Database query executed
[2025-11-07T11:40:29.709480] [INFO] Database query executed
[2025-11-07T11:40:29.709492] [WARN] Disk space low
[2025-11-07T11:40:29.709489] [INFO] Cache hit
[2025-11-07T11:40:29.709473] [INFO] Session started
[2025-11-07T11:40:29.709495] [WARN] Disk space low
[2025-11-07T11:40:29.709474] [INFO] Connection established
[2025-11-07T11:40:29.709485] [INFO] Health check passed
[2025-11-07T11:40:29.709488] [INFO] Cache hit
[2025-11-07T11:40:29.709491] [WARN] High memory usage detected
[2025-11-07T11:40:29.709477] [INFO] Transaction completed
[2025-11-07T11:40:29.709498] [ERROR] Disk read failed
[2025-11-07T11:40:29.709482] [INFO] Session started
[2025-11-07T11:40:29.709496] [WARN] Timeout warning
[2025-11-07T11:40:29.709504] [DEBUG] Thread pool size: 8
[2025-11-07T11:40:29.709486] [INFO] User logged in
[2025-11-07T11:40:29.709500] [DEBUG] Thread pool size: 8
[2025-11-07T11:40:29.709479] [INFO] Service initialized
[2025-11-07T11:40:29.709481] [INFO] Request processed successfully
[2025-11-07T11:40:29.709494] [WARN] Slow query performance
[2025-11-07T11:40:29.709483] [INFO] Configuration loaded
[2025-11-07T11:40:29.709487] [INFO] User logged in
[2025-11-07T11:40:29.709501] [DEBUG] Buffer size: 4096 bytes
[2025-11-07T11:40:29.709502] [DEBUG] Memory allocation: 2048 bytes
[2025-11-07T11:40:29.709506] [DEBUG] Timer set: 30 seconds
[2025-11-07T11:40:29.709493] [WARN] Resource threshold approaching
[2025-11-07T11:40:29.709490] [WARN] Queue size growing
