[2025-11-07T11:40:29.943159] [ERROR] Permission denied
[2025-11-07T11:40:29.943150] [INFO] Request processed successfully
[2025-11-07T11:40:29.943140] [INFO] User logged in
[2025-11-07T11:40:29.943151] [INFO] Database query executed
[2025-11-07T11:40:29.943165] [DEBUG] Buffer size: 4096 bytes
[2025-11-07T11:40:29.943158] [WARN] Deprecated API usage
[2025-11-07T11:40:29.943154] [INFO] Health check passed
[2025-11-07T11:40:29.943157] [WARN] Connection retry attempt
[2025-11-07T11:40:29.943149] [INFO] User logged in
[2025-11-07T11:40:29.943143] [INFO] Connection established
[2025-11-07T11:40:29.943167] [DEBUG] Connection pool status checked
[2025-11-07T11:40:29.943156] [INFO] User logged in
[2025-11-07T11:40:29.943141] [INFO] Health check passed
[2025-11-07T11:40:29.943142] [INFO] Health check passed
[2025-11-07T11:40:29.943155] [INFO] Configuration loaded
[2025-11-07T11:40:29.943148] [INFO] Connection established
[2025-11-07T11:40:29.943139] [INFO] Transaction completed
[2025-11-07T11:40:29.943160] [ERROR] File not found
[2025-11-07T11:40:29.943166] [DEBUG] Cache key generated
[2025-11-07T11:40:29.943147] [INFO] Configuration loaded
[2025-11-07T11:40:29.943147] [INFO] Configuration loaded
[2025-11-07T11:40:29.943146] [INFO] Connection established
[2025-11-07T11:40:29.943164] [DEBUG] Connection pool status checked
[2025-11-07T11:40:29.943161] [ERROR] Network timeout
[2025-11-07T11:40:29.943162] [DEBUG] Memory allocation: 2048 bytes
[2025-11-07T11:40:29.943166] [DEBUG] Variable value: x=42
[2025-11-07T11:40:29.943145] [INFO] Session started
[2025-11-07T11:40:29.943153] [INFO] Database query executed
[2025-11-07T11:40:29.943152] [INFO] Health check passed
