[2025-11-07T11:40:29.454504] [INFO] Transaction completed
[2025-11-07T11:40:29.454510] [WARN] Queue size growing
[2025-11-07T11:40:29.454495] [INFO] Cache hit
[2025-11-07T11:40:29.454503] [INFO] Session started
[2025-11-07T11:40:29.454507] [WARN] Connection retry attempt
[2025-11-07T11:40:29.454522] [DEBUG] Thread pool size: 8
[2025-11-07T11:40:29.454493] [INFO] Database query executed
[2025-11-07T11:40:29.454498] [INFO] Health check passed
[2025-11-07T11:40:29.454512] [ERROR] Memory allocation error
[2025-11-07T11:40:29.454518] [DEBUG] Memory allocation: 2048 bytes
[2025-11-07T11:40:29.454509] [WARN] Disk space low
[2025-11-07T11:40:29.454515] [DEBUG] Buffer size: 4096 bytes
[2025-11-07T11:40:29.454509] [WARN] Disk space low
[2025-11-07T11:40:29.454508] [WARN] Timeout warning
[2025-11-07T11:40:29.454517] [DEBUG] Loop iteration: 15
[2025-11-07T11:40:29.454496] [INFO] Transaction completed
[2025-11-07T11:40:29.454520] [DEBUG] Buffer size: 4096 bytes
[2025-11-07T11:40:29.454514] [ERROR] Permission denied
[2025-11-07T11:40:29.454512] [ERROR] Memory allocation error
[2025-11-07T11:40:29.454492] [INFO] Transaction completed
[2025-11-07T11:40:29.454519] [DEBUG] Entering function process_data()
[2025-11-07T11:40:29.454499] [INFO] Database query executed
[2025-11-07T11:40:29.454505] [INFO] Database query executed
[2025-11-07T11:40:29.454506] [INFO] Session started
[2025-11-07T11:40:29.454494] [INFO] Request processed successfully
[2025-11-07T11:40:29.454516] [DEBUG] Memory allocation: 2048 bytes
[2025-11-07T11:40:29.454500] [INFO] User logged in
[2025-11-07T11:40:29.454501] [INFO] Health check passed
[2025-11-07T11:40:29.454520] [DEBUG] Memory allocation: 2048 bytes
[2025-11-07T11:40:29.454521] [DEBUG] Memory allocation: 2048 bytes
[2025-11-07T11:40:29.454491] [INFO] Health check passed
[2025-11-07T11:40:29.454497] [INFO] Session started
[2025-11-07T11:40:29.454502] [INFO] User logged in
