[2025-11-07T11:40:30.239939] [INFO] User logged in
[2025-11-07T11:40:30.239958] [WARN] Timeout warning
[2025-11-07T11:40:30.239959] [WARN] Slow query performance
[2025-11-07T11:40:30.239962] [DEBUG] HTTP request headers parsed
[2025-11-07T11:40:30.239967] [DEBUG] Cache key generated
[2025-11-07T11:40:30.239960] [ERROR] Authentication failed
[2025-11-07T11:40:30.239956] [WARN] Timeout warning
[2025-11-07T11:40:30.239949] [INFO] User logged in
[2025-11-07T11:40:30.239938] [INFO] Service initialized
[2025-11-07T11:40:30.239941] [INFO] Transaction completed
[2025-11-07T11:40:30.239964] [DEBUG] HTTP request headers parsed
[2025-11-07T11:40:30.239963] [DEBUG] Variable value: x=42
[2025-11-07T11:40:30.239948] [INFO] Transaction completed
[2025-11-07T11:40:30.239944] [INFO] Health check passed
[2025-11-07T11:40:30.239951] [INFO] Service initialized
[2025-11-07T11:40:30.239954] [INFO] Service initialized
[2025-11-07T11:40:30.239942] [INFO] Database query executed
[2025-11-07T11:40:30.239952] [INFO] User logged in
[2025-11-07T11:40:30.239946] [INFO] Request processed successfully
[2025-11-07T11:40:30.239945] [INFO] Request processed successfully
[2025-11-07T11:40:30.239957] [WARN] Slow query performance
[2025-11-07T11:40:30.239955] [INFO] Configuration loaded
[2025-11-07T11:40:30.239953] [INFO] Connection established
[2025-11-07T11:40:30.239943] [INFO] Configuration loaded
[2025-11-07T11:40:30.239947] [INFO] Database query executed
[2025-11-07T11:40:30.239965] [DEBUG] Connection pool status checked
[2025-11-07T11:40:30.239950] [INFO] Transaction completed
[2025-11-07T11:40:30.239966] [DEBUG] Thread pool size: 8
