[2025-11-07T11:40:29.943544] [INFO] Cache hit
[2025-11-07T11:40:29.943540] [INFO] Cache hit
[2025-11-07T11:40:29.943541] [INFO] Transaction completed
[2025-11-07T11:40:29.943548] [WARN] Timeout warning
[2025-11-07T11:40:29.943537] [INFO] Database query executed
[2025-11-07T11:40:29.943535] [INFO] Health check passed
[2025-11-07T11:40:29.943542] [INFO] Connection established
[2025-11-07T11:40:29.943545] [INFO] Cache hit
[2025-11-07T11:40:29.943542] [INFO] Health check passed
[2025-11-07T11:40:29.943543] [INFO] Configuration loaded
[2025-11-07T11:40:29.943552] [DEBUG] Cache key generated
[2025-11-07T11:40:29.943533] [INFO] Health check passed
[2025-11-07T11:40:29.943550] [ERROR] Authentication failed
[2025-11-07T11:40:29.943532] [INFO] Configuration loaded
[2025-11-07T11:40:29.943549] [ERROR] Database connection lost
[2025-11-07T11:40:29.943553] [DEBUG] Memory allocation: 2048 bytes
[2025-11-07T11:40:29.943538] [INFO] Health check passed
[2025-11-07T11:40:29.943539] [INFO] Connection established
[2025-11-07T11:40:29.943551] [DEBUG] Entering function process_data()
[2025-11-07T11:40:29.943534] [INFO] Cache hit
[2025-11-07T11:40:29.943546] [INFO] Transaction completed
