[2025-11-07T11:40:29.471491] [INFO] Service initialized
[2025-11-07T11:40:29.471509] [ERROR] Invalid input data
[2025-11-07T11:40:29.471495] [INFO] Service initialized
[2025-11-07T11:40:29.471511] [DEBUG] Connection pool status checked
[2025-11-07T11:40:29.471507] [WARN] Disk space low
[2025-11-07T11:40:29.471513] [DEBUG] Loop iteration: 15
[2025-11-07T11:40:29.471498] [INFO] Configuration loaded
[2025-11-07T11:40:29.471497] [INFO] Connection established
[2025-11-07T11:40:29.471490] [INFO] Transaction completed
[2025-11-07T11:40:29.471500] [INFO] Service initialized
[2025-11-07T11:40:29.471502] [INFO] Request processed successfully
[2025-11-07T11:40:29.471496] [INFO] User logged in
[2025-11-07T11:40:29.471505] [WARN] Disk space low
[2025-11-07T11:40:29.471515] [DEBUG] Thread pool size: 8
[2025-11-07T11:40:29.471494] [INFO] Configuration loaded
[2025-11-07T11:40:29.471493] [INFO] Service initialized
[2025-11-07T11:40:29.471492] [INFO] Cache hit
[2025-11-07T11:40:29.471514] [DEBUG] Buffer size: 4096 bytes
[2025-11-07T11:40:29.471504] [INFO] Connection established
[2025-11-07T11:40:29.471517] [DEBUG] Entering function process_data()
[2025-11-07T11:40:29.471518] [DEBUG] Timer set: 30 seconds
[2025-11-07T11:40:29.471508] [WARN] High memory usage detected
[2025-11-07T11:40:29.471503] [INFO] User logged in
[2025-11-07T11:40:29.471499] [INFO] Cache hit
[2025-11-07T11:40:29.471506] [WARN] Timeout warning
[2025-11-07T11:40:29.471512] [DEBUG] Entering function process_data()
[2025-11-07T11:40:29.471516] [DEBUG] Timer set: 30 seconds
[2025-11-07T11:40:29.471518] [DEBUG] Entering function process_data()
[2025-11-07T11:40:29.471501] [INFO] Connection established
