[2025-11-07T11:40:29.740992] [WARN] Queue size growing
[2025-11-07T11:40:29.740984] [INFO] Service initialized
[2025-11-07T11:40:29.740985] [INFO] Configuration loaded
[2025-11-07T11:40:29.740987] [INFO] Cache hit
[2025-11-07T11:40:29.740972] [INFO] Configuration loaded
[2025-11-07T11:40:29.740986] [INFO] Connection established
[2025-11-07T11:40:29.740996] [WARN] Cache miss
[2025-11-07T11:40:29.741002] [DEBUG] Variable value: x=42
[2025-11-07T11:40:29.740981] [INFO] User logged in
[2025-11-07T11:40:29.740990] [INFO] Transaction completed
[2025-11-07T11:40:29.740989] [INFO] Database query executed
[2025-11-07T11:40:29.740993] [WARN] Connection retry attempt
[2025-11-07T11:40:29.740991] [INFO] Health check passed
[2025-11-07T11:40:29.740995] [WARN] Deprecated API usage
[2025-11-07T11:40:29.741000] [ERROR] Request failed
[2025-11-07T11:40:29.740988] [INFO] Connection established
[2025-11-07T11:40:29.741001] [DEBUG] Thread pool size: 8
[2025-11-07T11:40:29.740997] [WARN] Connection retry attempt
[2025-11-07T11:40:29.741003] [DEBUG] Memory allocation: 2048 bytes
[2025-11-07T11:40:29.740999] [ERROR] Database connection lost
[2025-11-07T11:40:29.740994] [WARN] Queue size growing
[2025-11-07T11:40:29.740982] [INFO] Service initialized
[2025-11-07T11:40:29.740998] [WARN] Cache miss
[2025-11-07T11:40:29.741005] [DEBUG] Thread pool size: 8
[2025-11-07T11:40:29.741006] [DEBUG] Thread pool size: 8
[2025-11-07T11:40:29.740983] [INFO] User logged in
[2025-11-07T11:40:29.741004] [DEBUG] Connection pool status checked
