[2025-11-07T11:40:30.171086] [WARN] Deprecated API usage
[2025-11-07T11:40:30.171082] [INFO] Request processed successfully
[2025-11-07T11:40:30.171094] [DEBUG] Buffer size: 4096 bytes
[2025-11-07T11:40:30.171081] [INFO] Health check passed
[2025-11-07T11:40:30.171071] [INFO] Health check passed
[2025-11-07T11:40:30.171092] [DEBUG] Loop iteration: 15
[2025-11-07T11:40:30.171072] [INFO] User logged in
[2025-11-07T11:40:30.171099] [DEBUG] Cache key generated
[2025-11-07T11:40:30.171089] [ERROR] Authentication failed
[2025-11-07T11:40:30.171074] [INFO] Service initialized
[2025-11-07T11:40:30.171077] [INFO] Request processed successfully
[2025-11-07T11:40:30.171079] [INFO] Service initialized
[2025-11-07T11:40:30.171080] [INFO] User logged in
[2025-11-07T11:40:30.171073] [INFO] Request processed successfully
[2025-11-07T11:40:30.171084] [WARN] Cache miss
[2025-11-07T11:40:30.171076] [INFO] Connection established
[2025-11-07T11:40:30.171075] [INFO] Database query executed
[2025-11-07T11:40:30.171081] [INFO] User logged in
[2025-11-07T11:40:30.171087] [WARN] Resource threshold approaching
[2025-11-07T11:40:30.171093] [DEBUG] Entering function process_data()
[2025-11-07T11:40:30.171069] [INFO] Session started
[2025-11-07T11:40:30.171100] [DEBUG] Thread pool size: 8
[2025-11-07T11:40:30.171083] [INFO] Transaction completed
[2025-11-07T11:40:30.171095] [DEBUG] Thread pool size: 8
[2025-11-07T11:40:30.171096] [DEBUG] Loop iteration: 15
[2025-11-07T11:40:30.171090] [ERROR] Database connection lost
[2025-11-07T11:40:30.171098] [DEBUG] Cache key generated
[2025-11-07T11:40:30.171091] [DEBUG] Variable value: x=42
[2025-11-07T11:40:30.171088] [WARN] Resource threshold approaching
[2025-11-07T11:40:30.171078] [INFO] Service initialized
[2025-11-07T11:40:30.171097] [DEBUG] Thread pool size: 8
