[2025-11-07T11:40:29.452192] [WARN] Disk space low
[2025-11-07T11:40:29.452195] [DEBUG] Memory allocation: 2048 bytes
[2025-11-07T11:40:29.452199] [DEBUG] HTTP request headers parsed
[2025-11-07T11:40:29.452196] [DEBUG] Loop iteration: 15
[2025-11-07T11:40:29.452191] [WARN] Rate limit approaching
[2025-11-07T11:40:29.452197] [DEBUG] Thread pool size: 8
[2025-11-07T11:40:29.452172] [INFO] Request processed successfully
[2025-11-07T11:40:29.452202] [DEBUG] Connection pool status checked
[2025-11-07T11:40:29.452194] [DEBUG] Entering function process_data()
[2025-11-07T11:40:29.452186] [WARN] Timeout warning
[2025-11-07T11:40:29.452179] [INFO] Request processed successfully
[2025-11-07T11:40:29.452182] [INFO] Session started
[2025-11-07T11:40:29.452185] [WARN] Deprecated API usage
[2025-11-07T11:40:29.452187] [WARN] Queue size growing
[2025-11-07T11:40:29.452177] [INFO] User logged in
[2025-11-07T11:40:29.452184] [INFO] User logged in
[2025-11-07T11:40:29.452178] [INFO] Request processed successfully
[2025-11-07T11:40:29.452173] [INFO] Transaction completed
[2025-11-07T11:40:29.452200] [DEBUG] Entering function process_data()
[2025-11-07T11:40:29.452188] [WARN] Resource threshold approaching
[2025-11-07T11:40:29.452198] [DEBUG] Buffer size: 4096 bytes
[2025-11-07T11:40:29.452176] [INFO] Session started
[2025-11-07T11:40:29.452174] [INFO] Service initialized
[2025-11-07T11:40:29.452180] [INFO] Connection established
[2025-11-07T11:40:29.452193] [ERROR] File not found
[2025-11-07T11:40:29.452181] [INFO] Connection established
[2025-11-07T11:40:29.452183] [INFO] Database query executed
[2025-11-07T11:40:29.452175] [INFO] Cache hit
[2025-11-07T11:40:29.452171] [INFO] Service initialized
[2025-11-07T11:40:29.452170] [INFO] Configuration loaded
[2025-11-07T11:40:29.452190] [WARN] Queue size growing
[2025-11-07T11:40:29.452201] [DEBUG] Entering function process_data()
[2025-11-07T11:40:29.452189] [WARN] Connection retry attempt
