[2025-11-07T11:40:29.727006] [WARN] Disk space low
[2025-11-07T11:40:29.727007] [ERROR] Request failed
[2025-11-07T11:40:29.727014] [DEBUG] Timer set: 30 seconds
[2025-11-07T11:40:29.727008] [ERROR] Permission denied
[2025-11-07T11:40:29.727000] [INFO] Request processed successfully
[2025-11-07T11:40:29.727009] [DEBUG] Cache key generated
[2025-11-07T11:40:29.727013] [DEBUG] Loop iteration: 15
[2025-11-07T11:40:29.726998] [INFO] Connection established
[2025-11-07T11:40:29.726987] [INFO] Health check passed
[2025-11-07T11:40:29.727004] [WARN] Disk space low
[2025-11-07T11:40:29.727015] [DEBUG] Thread pool size: 8
[2025-11-07T11:40:29.726994] [INFO] User logged in
[2025-11-07T11:40:29.727002] [INFO] Connection established
[2025-11-07T11:40:29.726992] [INFO] Health check passed
[2025-11-07T11:40:29.727011] [DEBUG] Memory allocation: 2048 bytes
[2025-11-07T11:40:29.727005] [WARN] Timeout warning
[2025-11-07T11:40:29.726989] [INFO] Configuration loaded
[2025-11-07T11:40:29.726991] [INFO] Cache hit
[2025-11-07T11:40:29.726995] [INFO] Database query executed
[2025-11-07T11:40:29.726997] [INFO] Health check passed
[2025-11-07T11:40:29.726996] [INFO] Health check passed
[2025-11-07T11:40:29.727017] [DEBUG] HTTP request headers parsed
[2025-11-07T11:40:29.727003] [INFO] Health check passed
[2025-11-07T11:40:29.727001] [INFO] Service initialized
[2025-11-07T11:40:29.726999] [INFO] Request processed successfully
[2025-11-07T11:40:29.726990] [INFO] Database query executed
[2025-11-07T11:40:29.726993] [INFO] Cache hit
[2025-11-07T11:40:29.727010] [DEBUG] Connection pool status checked
[2025-11-07T11:40:29.727016] [DEBUG] HTTP request headers parsed
[2025-11-07T11:40:29.727012] [DEBUG] Cache key generated
