[2025-11-07T11:40:29.867943] [WARN] Cache miss
[2025-11-07T11:40:29.867959] [DEBUG] Connection pool status checked
[2025-11-07T11:40:29.867938] [INFO] Request processed successfully
[2025-11-07T11:40:29.867948] [DEBUG] Entering function process_data()
[2025-11-07T11:40:29.867940] [INFO] Request processed successfully
[2025-11-07T11:40:29.867951] [DEBUG] Cache key generated
[2025-11-07T11:40:29.867944] [WARN] Rate limit approaching
[2025-11-07T11:40:29.867931] [INFO] Health check passed
[2025-11-07T11:40:29.867953] [DEBUG] Connection pool status checked
[2025-11-07T11:40:29.867927] [INFO] Transaction completed
[2025-11-07T11:40:29.867933] [INFO] Service initialized
[2025-11-07T11:40:29.867957] [DEBUG] Connection pool status checked
[2025-11-07T11:40:29.867955] [DEBUG] HTTP request headers parsed
[2025-11-07T11:40:29.867945] [WARN] Timeout warning
[2025-11-07T11:40:29.867949] [DEBUG] Entering function process_data()
[2025-11-07T11:40:29.867930] [INFO] Connection established
[2025-11-07T11:40:29.867947] [ERROR] Disk read failed
[2025-11-07T11:40:29.867954] [DEBUG] Thread pool size: 8
[2025-11-07T11:40:29.867941] [INFO] Connection established
[2025-11-07T11:40:29.867932] [INFO] Connection established
[2025-11-07T11:40:29.867956] [DEBUG] Memory allocation: 2048 bytes
[2025-11-07T11:40:29.867934] [INFO] Transaction completed
[2025-11-07T11:40:29.867958] [DEBUG] Variable value: x=42
[2025-11-07T11:40:29.867935] [INFO] Cache hit
[2025-11-07T11:40:29.867937] [INFO] Session started
[2025-11-07T11:40:29.867929] [INFO] User logged in
[2025-11-07T11:40:29.867946] [WARN] Timeout warning
[2025-11-07T11:40:29.867950] [DEBUG] Buffer size: 4096 bytes
[2025-11-07T11:40:29.867936] [INFO] User logged in
[2025-11-07T11:40:29.867939] [INFO] User logged in
[2025-11-07T11:40:29.867942] [INFO] Configuration loaded
[2025-11-07T11:40:29.867952] [DEBUG] Variable value: x=42
