[2025-11-07T11:40:30.046151] [DEBUG] Memory allocation: 2048 bytes
[2025-11-07T11:40:30.046150] [DEBUG] Thread pool size: 8
[2025-11-07T11:40:30.046128] [INFO] Configuration loaded
[2025-11-07T11:40:30.046143] [ERROR] Permission denied
[2025-11-07T11:40:30.046138] [INFO] Request processed successfully
[2025-11-07T11:40:30.046131] [INFO] Transaction completed
[2025-11-07T11:40:30.046133] [INFO] Connection established
[2025-11-07T11:40:30.046136] [INFO] Request processed successfully
[2025-11-07T11:40:30.046140] [WARN] Queue size growing
[2025-11-07T11:40:30.046147] [DEBUG] Connection pool status checked
[2025-11-07T11:40:30.046151] [DEBUG] Entering function process_data()
[2025-11-07T11:40:30.046149] [DEBUG] Buffer size: 4096 bytes
[2025-11-07T11:40:30.046135] [INFO] Connection established
[2025-11-07T11:40:30.046126] [INFO] Connection established
[2025-11-07T11:40:30.046142] [WARN] Queue size growing
[2025-11-07T11:40:30.046148] [DEBUG] Cache key generated
[2025-11-07T11:40:30.046124] [INFO] Service initialized
[2025-11-07T11:40:30.046137] [INFO] Database query executed
[2025-11-07T11:40:30.046134] [INFO] Transaction completed
[2025-11-07T11:40:30.046145] [DEBUG] Entering function process_data()
[2025-11-07T11:40:30.046139] [WARN] High memory usage detected
[2025-11-07T11:40:30.046130] [INFO] Transaction completed
[2025-11-07T11:40:30.046141] [WARN] Deprecated API usage
[2025-11-07T11:40:30.046141] [WARN] Rate limit approaching
[2025-11-07T11:40:30.046152] [DEBUG] Entering function process_data()
[2025-11-07T11:40:30.046129] [INFO] Connection established
[2025-11-07T11:40:30.046132] [INFO] Session started
[2025-11-07T11:40:30.046146] [DEBUG] Timer set: 30 seconds
